

================================================================
== Vitis HLS Report for 'compute_R_and_t_x3_Pipeline_split_pws_VITIS_LOOP_52_3'
================================================================
* Date:           Tue Apr  4 19:45:52 2023

* Version:        2022.1 (Build 3526262 on Mon Apr 18 15:47:01 MDT 2022)
* Project:        hls_EstimateMotion
* Solution:       solution1 (Vivado IP Flow Target)
* Product family: virtexuplus
* Target device:  xcu50-fsvh2104-2L-e


================================================================
== Performance Estimates
================================================================
+ Timing: 
    * Summary: 
    +--------+----------+----------+------------+
    |  Clock |  Target  | Estimated| Uncertainty|
    +--------+----------+----------+------------+
    |ap_clk  |  60.00 ns|  1.927 ns|    16.20 ns|
    +--------+----------+----------+------------+

+ Latency: 
    * Summary: 
    +---------+---------+----------+----------+-----+-----+---------+
    |  Latency (cycles) |  Latency (absolute) |  Interval | Pipeline|
    |   min   |   max   |    min   |    max   | min | max |   Type  |
    +---------+---------+----------+----------+-----+-----+---------+
    |       17|       17|  1.020 us|  1.020 us|   17|   17|       no|
    +---------+---------+----------+----------+-----+-----+---------+

    + Detail: 
        * Instance: 
        N/A

        * Loop: 
        +-----------------------------+---------+---------+----------+-----------+-----------+------+----------+
        |                             |  Latency (cycles) | Iteration|  Initiation Interval  | Trip |          |
        |          Loop Name          |   min   |   max   |  Latency |  achieved |   target  | Count| Pipelined|
        +-----------------------------+---------+---------+----------+-----------+-----------+------+----------+
        |- split_pws_VITIS_LOOP_52_3  |       15|       15|         2|          1|          1|    15|       yes|
        +-----------------------------+---------+---------+----------+-----------+-----------+------+----------+



================================================================
== Utilization Estimates
================================================================
* Summary: 
+---------------------+---------+------+---------+--------+-----+
|         Name        | BRAM_18K|  DSP |    FF   |   LUT  | URAM|
+---------------------+---------+------+---------+--------+-----+
|DSP                  |        -|     -|        -|       -|    -|
|Expression           |        -|     -|        0|      69|    -|
|FIFO                 |        -|     -|        -|       -|    -|
|Instance             |        -|     -|        -|       -|    -|
|Memory               |        -|     -|        -|       -|    -|
|Multiplexer          |        -|     -|        -|      72|    -|
|Register             |        -|     -|     1457|       -|    -|
+---------------------+---------+------+---------+--------+-----+
|Total                |        0|     0|     1457|     141|    0|
+---------------------+---------+------+---------+--------+-----+
|Available SLR        |     1344|  2976|   871680|  435840|  320|
+---------------------+---------+------+---------+--------+-----+
|Utilization SLR (%)  |        0|     0|       ~0|      ~0|    0|
+---------------------+---------+------+---------+--------+-----+
|Available            |     2688|  5952|  1743360|  871680|  640|
+---------------------+---------+------+---------+--------+-----+
|Utilization (%)      |        0|     0|       ~0|      ~0|    0|
+---------------------+---------+------+---------+--------+-----+

+ Detail: 
    * Instance: 
    N/A

    * DSP: 
    N/A

    * Memory: 
    N/A

    * FIFO: 
    N/A

    * Expression: 
    +-------------------------+----------+----+---+----+------------+------------+
    |      Variable Name      | Operation| DSP| FF| LUT| Bitwidth P0| Bitwidth P1|
    +-------------------------+----------+----+---+----+------------+------------+
    |add_ln51_1_fu_682_p2     |         +|   0|  0|  12|           4|           1|
    |add_ln51_fu_694_p2       |         +|   0|  0|  10|           3|           1|
    |add_ln52_fu_759_p2       |         +|   0|  0|   9|           2|           1|
    |add_ln54_fu_748_p2       |         +|   0|  0|   7|           4|           4|
    |sub_ln54_fu_738_p2       |         -|   0|  0|   7|           4|           4|
    |icmp_ln51_fu_676_p2      |      icmp|   0|  0|   9|           4|           2|
    |icmp_ln52_fu_700_p2      |      icmp|   0|  0|   8|           2|           2|
    |select_ln51_1_fu_714_p3  |    select|   0|  0|   3|           1|           3|
    |select_ln51_fu_706_p3    |    select|   0|  0|   2|           1|           1|
    |ap_enable_pp0            |       xor|   0|  0|   2|           1|           2|
    +-------------------------+----------+----+---+----+------------+------------+
    |Total                    |          |   0|  0|  69|          26|          21|
    +-------------------------+----------+----+---+----+------------+------------+

    * Multiplexer: 
    +-----------------------------------------+----+-----------+-----+-----------+
    |                   Name                  | LUT| Input Size| Bits| Total Bits|
    +-----------------------------------------+----+-----------+-----+-----------+
    |ap_done_int                              |   9|          2|    1|          2|
    |ap_enable_reg_pp0_iter1                  |   9|          2|    1|          2|
    |ap_sig_allocacmp_i_load                  |   9|          2|    3|          6|
    |ap_sig_allocacmp_indvar_flatten262_load  |   9|          2|    4|          8|
    |ap_sig_allocacmp_j_load                  |   9|          2|    2|          4|
    |i_fu_142                                 |   9|          2|    3|          6|
    |indvar_flatten262_fu_146                 |   9|          2|    4|          8|
    |j_fu_138                                 |   9|          2|    2|          4|
    +-----------------------------------------+----+-----------+-----+-----------+
    |Total                                    |  72|         16|   20|         40|
    +-----------------------------------------+----+-----------+-----+-----------+

    * Register: 
    +--------------------------+----+----+-----+-----------+
    |           Name           | FF | LUT| Bits| Const Bits|
    +--------------------------+----+----+-----+-----------+
    |ap_CS_fsm                 |   1|   0|    1|          0|
    |ap_done_reg               |   1|   0|    1|          0|
    |ap_enable_reg_pp0_iter1   |   1|   0|    1|          0|
    |empty_333_fu_154          |  32|   0|   32|          0|
    |empty_334_fu_158          |  32|   0|   32|          0|
    |empty_335_fu_162          |  32|   0|   32|          0|
    |empty_336_fu_166          |  32|   0|   32|          0|
    |empty_337_fu_170          |  32|   0|   32|          0|
    |empty_338_fu_174          |  32|   0|   32|          0|
    |empty_339_fu_178          |  32|   0|   32|          0|
    |empty_340_fu_182          |  32|   0|   32|          0|
    |empty_341_fu_186          |  32|   0|   32|          0|
    |empty_342_fu_190          |  32|   0|   32|          0|
    |empty_343_fu_194          |  32|   0|   32|          0|
    |empty_344_fu_198          |  32|   0|   32|          0|
    |empty_345_fu_202          |  32|   0|   32|          0|
    |empty_346_fu_206          |  32|   0|   32|          0|
    |empty_347_fu_210          |  32|   0|   32|          0|
    |empty_348_fu_214          |  32|   0|   32|          0|
    |empty_349_fu_218          |  32|   0|   32|          0|
    |empty_350_fu_222          |  32|   0|   32|          0|
    |empty_351_fu_226          |  32|   0|   32|          0|
    |empty_352_fu_230          |  32|   0|   32|          0|
    |empty_353_fu_234          |  32|   0|   32|          0|
    |empty_354_fu_238          |  32|   0|   32|          0|
    |empty_355_fu_242          |  32|   0|   32|          0|
    |empty_356_fu_246          |  32|   0|   32|          0|
    |empty_357_fu_250          |  32|   0|   32|          0|
    |empty_358_fu_254          |  32|   0|   32|          0|
    |empty_359_fu_258          |  32|   0|   32|          0|
    |empty_360_fu_262          |  32|   0|   32|          0|
    |empty_361_fu_266          |  32|   0|   32|          0|
    |empty_362_fu_270          |  32|   0|   32|          0|
    |empty_363_fu_274          |  32|   0|   32|          0|
    |empty_364_fu_278          |  32|   0|   32|          0|
    |empty_365_fu_282          |  32|   0|   32|          0|
    |empty_366_fu_286          |  32|   0|   32|          0|
    |empty_367_fu_290          |  32|   0|   32|          0|
    |empty_368_fu_294          |  32|   0|   32|          0|
    |empty_369_fu_298          |  32|   0|   32|          0|
    |empty_370_fu_302          |  32|   0|   32|          0|
    |empty_371_fu_306          |  32|   0|   32|          0|
    |empty_372_fu_310          |  32|   0|   32|          0|
    |empty_373_fu_314          |  32|   0|   32|          0|
    |empty_374_fu_318          |  32|   0|   32|          0|
    |empty_375_fu_322          |  32|   0|   32|          0|
    |empty_376_fu_326          |  32|   0|   32|          0|
    |empty_fu_150              |  32|   0|   32|          0|
    |i_fu_142                  |   3|   0|    3|          0|
    |indvar_flatten262_fu_146  |   4|   0|    4|          0|
    |j_fu_138                  |   2|   0|    2|          0|
    |select_ln51_1_reg_1483    |   3|   0|    3|          0|
    |select_ln51_reg_1479      |   2|   0|    2|          0|
    +--------------------------+----+----+-----+-----------+
    |Total                     |1457|   0| 1457|          0|
    +--------------------------+----+----+-----+-----------+



================================================================
== Interface
================================================================
* Summary: 
+----------------+-----+-----+------------+-------------------------------------------------------+--------------+
|    RTL Ports   | Dir | Bits|  Protocol  |                     Source Object                     |    C Type    |
+----------------+-----+-----+------------+-------------------------------------------------------+--------------+
|ap_clk          |   in|    1|  ap_ctrl_hs|  compute_R_and_t_x3_Pipeline_split_pws_VITIS_LOOP_52_3|  return value|
|ap_rst          |   in|    1|  ap_ctrl_hs|  compute_R_and_t_x3_Pipeline_split_pws_VITIS_LOOP_52_3|  return value|
|ap_start        |   in|    1|  ap_ctrl_hs|  compute_R_and_t_x3_Pipeline_split_pws_VITIS_LOOP_52_3|  return value|
|ap_done         |  out|    1|  ap_ctrl_hs|  compute_R_and_t_x3_Pipeline_split_pws_VITIS_LOOP_52_3|  return value|
|ap_idle         |  out|    1|  ap_ctrl_hs|  compute_R_and_t_x3_Pipeline_split_pws_VITIS_LOOP_52_3|  return value|
|ap_ready        |  out|    1|  ap_ctrl_hs|  compute_R_and_t_x3_Pipeline_split_pws_VITIS_LOOP_52_3|  return value|
|pws_address0    |  out|    4|   ap_memory|                                                    pws|         array|
|pws_ce0         |  out|    1|   ap_memory|                                                    pws|         array|
|pws_q0          |   in|   32|   ap_memory|                                                    pws|         array|
|p_out           |  out|   32|      ap_vld|                                                  p_out|       pointer|
|p_out_ap_vld    |  out|    1|      ap_vld|                                                  p_out|       pointer|
|p_out1          |  out|   32|      ap_vld|                                                 p_out1|       pointer|
|p_out1_ap_vld   |  out|    1|      ap_vld|                                                 p_out1|       pointer|
|p_out2          |  out|   32|      ap_vld|                                                 p_out2|       pointer|
|p_out2_ap_vld   |  out|    1|      ap_vld|                                                 p_out2|       pointer|
|p_out3          |  out|   32|      ap_vld|                                                 p_out3|       pointer|
|p_out3_ap_vld   |  out|    1|      ap_vld|                                                 p_out3|       pointer|
|p_out4          |  out|   32|      ap_vld|                                                 p_out4|       pointer|
|p_out4_ap_vld   |  out|    1|      ap_vld|                                                 p_out4|       pointer|
|p_out5          |  out|   32|      ap_vld|                                                 p_out5|       pointer|
|p_out5_ap_vld   |  out|    1|      ap_vld|                                                 p_out5|       pointer|
|p_out6          |  out|   32|      ap_vld|                                                 p_out6|       pointer|
|p_out6_ap_vld   |  out|    1|      ap_vld|                                                 p_out6|       pointer|
|p_out7          |  out|   32|      ap_vld|                                                 p_out7|       pointer|
|p_out7_ap_vld   |  out|    1|      ap_vld|                                                 p_out7|       pointer|
|p_out8          |  out|   32|      ap_vld|                                                 p_out8|       pointer|
|p_out8_ap_vld   |  out|    1|      ap_vld|                                                 p_out8|       pointer|
|p_out9          |  out|   32|      ap_vld|                                                 p_out9|       pointer|
|p_out9_ap_vld   |  out|    1|      ap_vld|                                                 p_out9|       pointer|
|p_out10         |  out|   32|      ap_vld|                                                p_out10|       pointer|
|p_out10_ap_vld  |  out|    1|      ap_vld|                                                p_out10|       pointer|
|p_out11         |  out|   32|      ap_vld|                                                p_out11|       pointer|
|p_out11_ap_vld  |  out|    1|      ap_vld|                                                p_out11|       pointer|
|p_out12         |  out|   32|      ap_vld|                                                p_out12|       pointer|
|p_out12_ap_vld  |  out|    1|      ap_vld|                                                p_out12|       pointer|
|p_out13         |  out|   32|      ap_vld|                                                p_out13|       pointer|
|p_out13_ap_vld  |  out|    1|      ap_vld|                                                p_out13|       pointer|
|p_out14         |  out|   32|      ap_vld|                                                p_out14|       pointer|
|p_out14_ap_vld  |  out|    1|      ap_vld|                                                p_out14|       pointer|
|p_out15         |  out|   32|      ap_vld|                                                p_out15|       pointer|
|p_out15_ap_vld  |  out|    1|      ap_vld|                                                p_out15|       pointer|
|p_out16         |  out|   32|      ap_vld|                                                p_out16|       pointer|
|p_out16_ap_vld  |  out|    1|      ap_vld|                                                p_out16|       pointer|
|p_out17         |  out|   32|      ap_vld|                                                p_out17|       pointer|
|p_out17_ap_vld  |  out|    1|      ap_vld|                                                p_out17|       pointer|
|p_out18         |  out|   32|      ap_vld|                                                p_out18|       pointer|
|p_out18_ap_vld  |  out|    1|      ap_vld|                                                p_out18|       pointer|
|p_out19         |  out|   32|      ap_vld|                                                p_out19|       pointer|
|p_out19_ap_vld  |  out|    1|      ap_vld|                                                p_out19|       pointer|
|p_out20         |  out|   32|      ap_vld|                                                p_out20|       pointer|
|p_out20_ap_vld  |  out|    1|      ap_vld|                                                p_out20|       pointer|
|p_out21         |  out|   32|      ap_vld|                                                p_out21|       pointer|
|p_out21_ap_vld  |  out|    1|      ap_vld|                                                p_out21|       pointer|
|p_out22         |  out|   32|      ap_vld|                                                p_out22|       pointer|
|p_out22_ap_vld  |  out|    1|      ap_vld|                                                p_out22|       pointer|
|p_out23         |  out|   32|      ap_vld|                                                p_out23|       pointer|
|p_out23_ap_vld  |  out|    1|      ap_vld|                                                p_out23|       pointer|
|p_out24         |  out|   32|      ap_vld|                                                p_out24|       pointer|
|p_out24_ap_vld  |  out|    1|      ap_vld|                                                p_out24|       pointer|
|p_out25         |  out|   32|      ap_vld|                                                p_out25|       pointer|
|p_out25_ap_vld  |  out|    1|      ap_vld|                                                p_out25|       pointer|
|p_out26         |  out|   32|      ap_vld|                                                p_out26|       pointer|
|p_out26_ap_vld  |  out|    1|      ap_vld|                                                p_out26|       pointer|
|p_out27         |  out|   32|      ap_vld|                                                p_out27|       pointer|
|p_out27_ap_vld  |  out|    1|      ap_vld|                                                p_out27|       pointer|
|p_out28         |  out|   32|      ap_vld|                                                p_out28|       pointer|
|p_out28_ap_vld  |  out|    1|      ap_vld|                                                p_out28|       pointer|
|p_out29         |  out|   32|      ap_vld|                                                p_out29|       pointer|
|p_out29_ap_vld  |  out|    1|      ap_vld|                                                p_out29|       pointer|
|p_out30         |  out|   32|      ap_vld|                                                p_out30|       pointer|
|p_out30_ap_vld  |  out|    1|      ap_vld|                                                p_out30|       pointer|
|p_out31         |  out|   32|      ap_vld|                                                p_out31|       pointer|
|p_out31_ap_vld  |  out|    1|      ap_vld|                                                p_out31|       pointer|
|p_out32         |  out|   32|      ap_vld|                                                p_out32|       pointer|
|p_out32_ap_vld  |  out|    1|      ap_vld|                                                p_out32|       pointer|
|p_out33         |  out|   32|      ap_vld|                                                p_out33|       pointer|
|p_out33_ap_vld  |  out|    1|      ap_vld|                                                p_out33|       pointer|
|p_out34         |  out|   32|      ap_vld|                                                p_out34|       pointer|
|p_out34_ap_vld  |  out|    1|      ap_vld|                                                p_out34|       pointer|
|p_out35         |  out|   32|      ap_vld|                                                p_out35|       pointer|
|p_out35_ap_vld  |  out|    1|      ap_vld|                                                p_out35|       pointer|
|p_out36         |  out|   32|      ap_vld|                                                p_out36|       pointer|
|p_out36_ap_vld  |  out|    1|      ap_vld|                                                p_out36|       pointer|
|p_out37         |  out|   32|      ap_vld|                                                p_out37|       pointer|
|p_out37_ap_vld  |  out|    1|      ap_vld|                                                p_out37|       pointer|
|p_out38         |  out|   32|      ap_vld|                                                p_out38|       pointer|
|p_out38_ap_vld  |  out|    1|      ap_vld|                                                p_out38|       pointer|
|p_out39         |  out|   32|      ap_vld|                                                p_out39|       pointer|
|p_out39_ap_vld  |  out|    1|      ap_vld|                                                p_out39|       pointer|
|p_out40         |  out|   32|      ap_vld|                                                p_out40|       pointer|
|p_out40_ap_vld  |  out|    1|      ap_vld|                                                p_out40|       pointer|
|p_out41         |  out|   32|      ap_vld|                                                p_out41|       pointer|
|p_out41_ap_vld  |  out|    1|      ap_vld|                                                p_out41|       pointer|
|p_out42         |  out|   32|      ap_vld|                                                p_out42|       pointer|
|p_out42_ap_vld  |  out|    1|      ap_vld|                                                p_out42|       pointer|
|p_out43         |  out|   32|      ap_vld|                                                p_out43|       pointer|
|p_out43_ap_vld  |  out|    1|      ap_vld|                                                p_out43|       pointer|
|p_out44         |  out|   32|      ap_vld|                                                p_out44|       pointer|
|p_out44_ap_vld  |  out|    1|      ap_vld|                                                p_out44|       pointer|
+----------------+-----+-----+------------+-------------------------------------------------------+--------------+

