

================================================================
== Vitis HLS Report for 'compute_R_and_t_x3_Pipeline_split_u_VITIS_LOOP_33_1'
================================================================
* Date:           Tue Apr  4 19:45:51 2023

* Version:        2022.1 (Build 3526262 on Mon Apr 18 15:47:01 MDT 2022)
* Project:        hls_EstimateMotion
* Solution:       solution1 (Vivado IP Flow Target)
* Product family: virtexuplus
* Target device:  xcu50-fsvh2104-2L-e


================================================================
== Performance Estimates
================================================================
+ Timing: 
    * Summary: 
    +--------+----------+----------+------------+
    |  Clock |  Target  | Estimated| Uncertainty|
    +--------+----------+----------+------------+
    |ap_clk  |  60.00 ns|  3.314 ns|    16.20 ns|
    +--------+----------+----------+------------+

+ Latency: 
    * Summary: 
    +---------+---------+----------+----------+-----+-----+---------+
    |  Latency (cycles) |  Latency (absolute) |  Interval | Pipeline|
    |   min   |   max   |    min   |    max   | min | max |   Type  |
    +---------+---------+----------+----------+-----+-----+---------+
    |       50|       50|  3.000 us|  3.000 us|   50|   50|       no|
    +---------+---------+----------+----------+-----+-----+---------+

    + Detail: 
        * Instance: 
        N/A

        * Loop: 
        +---------------------------+---------+---------+----------+-----------+-----------+------+----------+
        |                           |  Latency (cycles) | Iteration|  Initiation Interval  | Trip |          |
        |         Loop Name         |   min   |   max   |  Latency |  achieved |   target  | Count| Pipelined|
        +---------------------------+---------+---------+----------+-----------+-----------+------+----------+
        |- split_u_VITIS_LOOP_33_1  |       48|       48|         2|          1|          1|    48|       yes|
        +---------------------------+---------+---------+----------+-----------+-----------+------+----------+



================================================================
== Utilization Estimates
================================================================
* Summary: 
+---------------------+---------+------+---------+--------+-----+
|         Name        | BRAM_18K|  DSP |    FF   |   LUT  | URAM|
+---------------------+---------+------+---------+--------+-----+
|DSP                  |        -|     -|        -|       -|    -|
|Expression           |        -|     -|        0|     116|    -|
|FIFO                 |        -|     -|        -|       -|    -|
|Instance             |        -|     -|        -|       -|    -|
|Memory               |        -|     -|        -|       -|    -|
|Multiplexer          |        -|     -|        -|      72|    -|
|Register             |        -|     -|     4630|       -|    -|
+---------------------+---------+------+---------+--------+-----+
|Total                |        0|     0|     4630|     188|    0|
+---------------------+---------+------+---------+--------+-----+
|Available SLR        |     1344|  2976|   871680|  435840|  320|
+---------------------+---------+------+---------+--------+-----+
|Utilization SLR (%)  |        0|     0|       ~0|      ~0|    0|
+---------------------+---------+------+---------+--------+-----+
|Available            |     2688|  5952|  1743360|  871680|  640|
+---------------------+---------+------+---------+--------+-----+
|Utilization (%)      |        0|     0|       ~0|      ~0|    0|
+---------------------+---------+------+---------+--------+-----+

+ Detail: 
    * Instance: 
    N/A

    * DSP: 
    N/A

    * Memory: 
    N/A

    * FIFO: 
    N/A

    * Expression: 
    +--------------------------+----------+----+---+----+------------+------------+
    |       Variable Name      | Operation| DSP| FF| LUT| Bitwidth P0| Bitwidth P1|
    +--------------------------+----------+----+---+----+------------+------------+
    |add_ln31_1_fu_2024_p2     |         +|   0|  0|  13|           6|           1|
    |add_ln31_fu_2033_p2       |         +|   0|  0|  12|           4|           1|
    |add_ln33_fu_2122_p2       |         +|   0|  0|  10|           3|           1|
    |add_ln35_fu_2107_p2       |         +|   0|  0|  15|           8|           8|
    |empty_332_fu_2012_p2      |         -|   0|  0|  15|           8|           8|
    |p_mid1_fu_2073_p2         |         -|   0|  0|  15|           8|           8|
    |icmp_ln31_fu_2018_p2      |      icmp|   0|  0|  10|           6|           6|
    |icmp_ln33_fu_2039_p2      |      icmp|   0|  0|   9|           3|           4|
    |select_ln31_fu_2087_p3    |    select|   0|  0|   4|           1|           4|
    |select_ln37_1_fu_2079_p3  |    select|   0|  0|   8|           1|           8|
    |select_ln37_fu_2045_p3    |    select|   0|  0|   3|           1|           1|
    |ap_enable_pp0             |       xor|   0|  0|   2|           1|           2|
    +--------------------------+----------+----+---+----+------------+------------+
    |Total                     |          |   0|  0| 116|          50|          52|
    +--------------------------+----------+----+---+----+------------+------------+

    * Multiplexer: 
    +--------------------------------------+----+-----------+-----+-----------+
    |                 Name                 | LUT| Input Size| Bits| Total Bits|
    +--------------------------------------+----+-----------+-----+-----------+
    |ap_done_int                           |   9|          2|    1|          2|
    |ap_enable_reg_pp0_iter1               |   9|          2|    1|          2|
    |ap_sig_allocacmp_i_33                 |   9|          2|    4|          8|
    |ap_sig_allocacmp_indvar_flatten_load  |   9|          2|    6|         12|
    |ap_sig_allocacmp_j_load               |   9|          2|    3|          6|
    |i_fu_366                              |   9|          2|    4|          8|
    |indvar_flatten_fu_370                 |   9|          2|    6|         12|
    |j_fu_362                              |   9|          2|    3|          6|
    +--------------------------------------+----+-----------+-----+-----------+
    |Total                                 |  72|         16|   28|         56|
    +--------------------------------------+----+-----------+-----+-----------+

    * Register: 
    +-------------------------+----+----+-----+-----------+
    |           Name          | FF | LUT| Bits| Const Bits|
    +-------------------------+----+----+-----+-----------+
    |ap_CS_fsm                |   1|   0|    1|          0|
    |ap_done_reg              |   1|   0|    1|          0|
    |ap_enable_reg_pp0_iter1  |   1|   0|    1|          0|
    |empty_189_fu_378         |  32|   0|   32|          0|
    |empty_190_fu_382         |  32|   0|   32|          0|
    |empty_191_fu_386         |  32|   0|   32|          0|
    |empty_192_fu_390         |  32|   0|   32|          0|
    |empty_193_fu_394         |  32|   0|   32|          0|
    |empty_194_fu_398         |  32|   0|   32|          0|
    |empty_195_fu_402         |  32|   0|   32|          0|
    |empty_196_fu_406         |  32|   0|   32|          0|
    |empty_197_fu_410         |  32|   0|   32|          0|
    |empty_198_fu_414         |  32|   0|   32|          0|
    |empty_199_fu_418         |  32|   0|   32|          0|
    |empty_200_fu_422         |  32|   0|   32|          0|
    |empty_201_fu_426         |  32|   0|   32|          0|
    |empty_202_fu_430         |  32|   0|   32|          0|
    |empty_203_fu_434         |  32|   0|   32|          0|
    |empty_204_fu_438         |  32|   0|   32|          0|
    |empty_205_fu_442         |  32|   0|   32|          0|
    |empty_206_fu_446         |  32|   0|   32|          0|
    |empty_207_fu_450         |  32|   0|   32|          0|
    |empty_208_fu_454         |  32|   0|   32|          0|
    |empty_209_fu_458         |  32|   0|   32|          0|
    |empty_210_fu_462         |  32|   0|   32|          0|
    |empty_211_fu_466         |  32|   0|   32|          0|
    |empty_212_fu_470         |  32|   0|   32|          0|
    |empty_213_fu_474         |  32|   0|   32|          0|
    |empty_214_fu_478         |  32|   0|   32|          0|
    |empty_215_fu_482         |  32|   0|   32|          0|
    |empty_216_fu_486         |  32|   0|   32|          0|
    |empty_217_fu_490         |  32|   0|   32|          0|
    |empty_218_fu_494         |  32|   0|   32|          0|
    |empty_219_fu_498         |  32|   0|   32|          0|
    |empty_220_fu_502         |  32|   0|   32|          0|
    |empty_221_fu_506         |  32|   0|   32|          0|
    |empty_222_fu_510         |  32|   0|   32|          0|
    |empty_223_fu_514         |  32|   0|   32|          0|
    |empty_224_fu_518         |  32|   0|   32|          0|
    |empty_225_fu_522         |  32|   0|   32|          0|
    |empty_226_fu_526         |  32|   0|   32|          0|
    |empty_227_fu_530         |  32|   0|   32|          0|
    |empty_228_fu_534         |  32|   0|   32|          0|
    |empty_229_fu_538         |  32|   0|   32|          0|
    |empty_230_fu_542         |  32|   0|   32|          0|
    |empty_231_fu_546         |  32|   0|   32|          0|
    |empty_232_fu_550         |  32|   0|   32|          0|
    |empty_233_fu_554         |  32|   0|   32|          0|
    |empty_234_fu_558         |  32|   0|   32|          0|
    |empty_235_fu_562         |  32|   0|   32|          0|
    |empty_236_fu_566         |  32|   0|   32|          0|
    |empty_237_fu_570         |  32|   0|   32|          0|
    |empty_238_fu_574         |  32|   0|   32|          0|
    |empty_239_fu_578         |  32|   0|   32|          0|
    |empty_240_fu_582         |  32|   0|   32|          0|
    |empty_241_fu_586         |  32|   0|   32|          0|
    |empty_242_fu_590         |  32|   0|   32|          0|
    |empty_243_fu_594         |  32|   0|   32|          0|
    |empty_244_fu_598         |  32|   0|   32|          0|
    |empty_245_fu_602         |  32|   0|   32|          0|
    |empty_246_fu_606         |  32|   0|   32|          0|
    |empty_247_fu_610         |  32|   0|   32|          0|
    |empty_248_fu_614         |  32|   0|   32|          0|
    |empty_249_fu_618         |  32|   0|   32|          0|
    |empty_250_fu_622         |  32|   0|   32|          0|
    |empty_251_fu_626         |  32|   0|   32|          0|
    |empty_252_fu_630         |  32|   0|   32|          0|
    |empty_253_fu_634         |  32|   0|   32|          0|
    |empty_254_fu_638         |  32|   0|   32|          0|
    |empty_255_fu_642         |  32|   0|   32|          0|
    |empty_256_fu_646         |  32|   0|   32|          0|
    |empty_257_fu_650         |  32|   0|   32|          0|
    |empty_258_fu_654         |  32|   0|   32|          0|
    |empty_259_fu_658         |  32|   0|   32|          0|
    |empty_260_fu_662         |  32|   0|   32|          0|
    |empty_261_fu_666         |  32|   0|   32|          0|
    |empty_262_fu_670         |  32|   0|   32|          0|
    |empty_263_fu_674         |  32|   0|   32|          0|
    |empty_264_fu_678         |  32|   0|   32|          0|
    |empty_265_fu_682         |  32|   0|   32|          0|
    |empty_266_fu_686         |  32|   0|   32|          0|
    |empty_267_fu_690         |  32|   0|   32|          0|
    |empty_268_fu_694         |  32|   0|   32|          0|
    |empty_269_fu_698         |  32|   0|   32|          0|
    |empty_270_fu_702         |  32|   0|   32|          0|
    |empty_271_fu_706         |  32|   0|   32|          0|
    |empty_272_fu_710         |  32|   0|   32|          0|
    |empty_273_fu_714         |  32|   0|   32|          0|
    |empty_274_fu_718         |  32|   0|   32|          0|
    |empty_275_fu_722         |  32|   0|   32|          0|
    |empty_276_fu_726         |  32|   0|   32|          0|
    |empty_277_fu_730         |  32|   0|   32|          0|
    |empty_278_fu_734         |  32|   0|   32|          0|
    |empty_279_fu_738         |  32|   0|   32|          0|
    |empty_280_fu_742         |  32|   0|   32|          0|
    |empty_281_fu_746         |  32|   0|   32|          0|
    |empty_282_fu_750         |  32|   0|   32|          0|
    |empty_283_fu_754         |  32|   0|   32|          0|
    |empty_284_fu_758         |  32|   0|   32|          0|
    |empty_285_fu_762         |  32|   0|   32|          0|
    |empty_286_fu_766         |  32|   0|   32|          0|
    |empty_287_fu_770         |  32|   0|   32|          0|
    |empty_288_fu_774         |  32|   0|   32|          0|
    |empty_289_fu_778         |  32|   0|   32|          0|
    |empty_290_fu_782         |  32|   0|   32|          0|
    |empty_291_fu_786         |  32|   0|   32|          0|
    |empty_292_fu_790         |  32|   0|   32|          0|
    |empty_293_fu_794         |  32|   0|   32|          0|
    |empty_294_fu_798         |  32|   0|   32|          0|
    |empty_295_fu_802         |  32|   0|   32|          0|
    |empty_296_fu_806         |  32|   0|   32|          0|
    |empty_297_fu_810         |  32|   0|   32|          0|
    |empty_298_fu_814         |  32|   0|   32|          0|
    |empty_299_fu_818         |  32|   0|   32|          0|
    |empty_300_fu_822         |  32|   0|   32|          0|
    |empty_301_fu_826         |  32|   0|   32|          0|
    |empty_302_fu_830         |  32|   0|   32|          0|
    |empty_303_fu_834         |  32|   0|   32|          0|
    |empty_304_fu_838         |  32|   0|   32|          0|
    |empty_305_fu_842         |  32|   0|   32|          0|
    |empty_306_fu_846         |  32|   0|   32|          0|
    |empty_307_fu_850         |  32|   0|   32|          0|
    |empty_308_fu_854         |  32|   0|   32|          0|
    |empty_309_fu_858         |  32|   0|   32|          0|
    |empty_310_fu_862         |  32|   0|   32|          0|
    |empty_311_fu_866         |  32|   0|   32|          0|
    |empty_312_fu_870         |  32|   0|   32|          0|
    |empty_313_fu_874         |  32|   0|   32|          0|
    |empty_314_fu_878         |  32|   0|   32|          0|
    |empty_315_fu_882         |  32|   0|   32|          0|
    |empty_316_fu_886         |  32|   0|   32|          0|
    |empty_317_fu_890         |  32|   0|   32|          0|
    |empty_318_fu_894         |  32|   0|   32|          0|
    |empty_319_fu_898         |  32|   0|   32|          0|
    |empty_320_fu_902         |  32|   0|   32|          0|
    |empty_321_fu_906         |  32|   0|   32|          0|
    |empty_322_fu_910         |  32|   0|   32|          0|
    |empty_323_fu_914         |  32|   0|   32|          0|
    |empty_324_fu_918         |  32|   0|   32|          0|
    |empty_325_fu_922         |  32|   0|   32|          0|
    |empty_326_fu_926         |  32|   0|   32|          0|
    |empty_327_fu_930         |  32|   0|   32|          0|
    |empty_328_fu_934         |  32|   0|   32|          0|
    |empty_329_fu_938         |  32|   0|   32|          0|
    |empty_330_fu_942         |  32|   0|   32|          0|
    |empty_331_fu_946         |  32|   0|   32|          0|
    |empty_fu_374             |  32|   0|   32|          0|
    |i_fu_366                 |   4|   0|    4|          0|
    |indvar_flatten_fu_370    |   6|   0|    6|          0|
    |j_fu_362                 |   3|   0|    3|          0|
    |select_ln31_reg_4327     |   4|   0|    4|          0|
    |trunc_ln35_reg_4336      |   2|   0|    2|          0|
    +-------------------------+----+----+-----+-----------+
    |Total                    |4630|   0| 4630|          0|
    +-------------------------+----+----+-----+-----------+



================================================================
== Interface
================================================================
* Summary: 
+-----------------+-----+-----+------------+-----------------------------------------------------+--------------+
|    RTL Ports    | Dir | Bits|  Protocol  |                    Source Object                    |    C Type    |
+-----------------+-----+-----+------------+-----------------------------------------------------+--------------+
|ap_clk           |   in|    1|  ap_ctrl_hs|  compute_R_and_t_x3_Pipeline_split_u_VITIS_LOOP_33_1|  return value|
|ap_rst           |   in|    1|  ap_ctrl_hs|  compute_R_and_t_x3_Pipeline_split_u_VITIS_LOOP_33_1|  return value|
|ap_start         |   in|    1|  ap_ctrl_hs|  compute_R_and_t_x3_Pipeline_split_u_VITIS_LOOP_33_1|  return value|
|ap_done          |  out|    1|  ap_ctrl_hs|  compute_R_and_t_x3_Pipeline_split_u_VITIS_LOOP_33_1|  return value|
|ap_idle          |  out|    1|  ap_ctrl_hs|  compute_R_and_t_x3_Pipeline_split_u_VITIS_LOOP_33_1|  return value|
|ap_ready         |  out|    1|  ap_ctrl_hs|  compute_R_and_t_x3_Pipeline_split_u_VITIS_LOOP_33_1|  return value|
|u_address0       |  out|    8|   ap_memory|                                                    u|         array|
|u_ce0            |  out|    1|   ap_memory|                                                    u|         array|
|u_q0             |   in|   32|   ap_memory|                                                    u|         array|
|p_out            |  out|   32|      ap_vld|                                                p_out|       pointer|
|p_out_ap_vld     |  out|    1|      ap_vld|                                                p_out|       pointer|
|p_out1           |  out|   32|      ap_vld|                                               p_out1|       pointer|
|p_out1_ap_vld    |  out|    1|      ap_vld|                                               p_out1|       pointer|
|p_out2           |  out|   32|      ap_vld|                                               p_out2|       pointer|
|p_out2_ap_vld    |  out|    1|      ap_vld|                                               p_out2|       pointer|
|p_out3           |  out|   32|      ap_vld|                                               p_out3|       pointer|
|p_out3_ap_vld    |  out|    1|      ap_vld|                                               p_out3|       pointer|
|p_out4           |  out|   32|      ap_vld|                                               p_out4|       pointer|
|p_out4_ap_vld    |  out|    1|      ap_vld|                                               p_out4|       pointer|
|p_out5           |  out|   32|      ap_vld|                                               p_out5|       pointer|
|p_out5_ap_vld    |  out|    1|      ap_vld|                                               p_out5|       pointer|
|p_out6           |  out|   32|      ap_vld|                                               p_out6|       pointer|
|p_out6_ap_vld    |  out|    1|      ap_vld|                                               p_out6|       pointer|
|p_out7           |  out|   32|      ap_vld|                                               p_out7|       pointer|
|p_out7_ap_vld    |  out|    1|      ap_vld|                                               p_out7|       pointer|
|p_out8           |  out|   32|      ap_vld|                                               p_out8|       pointer|
|p_out8_ap_vld    |  out|    1|      ap_vld|                                               p_out8|       pointer|
|p_out9           |  out|   32|      ap_vld|                                               p_out9|       pointer|
|p_out9_ap_vld    |  out|    1|      ap_vld|                                               p_out9|       pointer|
|p_out10          |  out|   32|      ap_vld|                                              p_out10|       pointer|
|p_out10_ap_vld   |  out|    1|      ap_vld|                                              p_out10|       pointer|
|p_out11          |  out|   32|      ap_vld|                                              p_out11|       pointer|
|p_out11_ap_vld   |  out|    1|      ap_vld|                                              p_out11|       pointer|
|p_out12          |  out|   32|      ap_vld|                                              p_out12|       pointer|
|p_out12_ap_vld   |  out|    1|      ap_vld|                                              p_out12|       pointer|
|p_out13          |  out|   32|      ap_vld|                                              p_out13|       pointer|
|p_out13_ap_vld   |  out|    1|      ap_vld|                                              p_out13|       pointer|
|p_out14          |  out|   32|      ap_vld|                                              p_out14|       pointer|
|p_out14_ap_vld   |  out|    1|      ap_vld|                                              p_out14|       pointer|
|p_out15          |  out|   32|      ap_vld|                                              p_out15|       pointer|
|p_out15_ap_vld   |  out|    1|      ap_vld|                                              p_out15|       pointer|
|p_out16          |  out|   32|      ap_vld|                                              p_out16|       pointer|
|p_out16_ap_vld   |  out|    1|      ap_vld|                                              p_out16|       pointer|
|p_out17          |  out|   32|      ap_vld|                                              p_out17|       pointer|
|p_out17_ap_vld   |  out|    1|      ap_vld|                                              p_out17|       pointer|
|p_out18          |  out|   32|      ap_vld|                                              p_out18|       pointer|
|p_out18_ap_vld   |  out|    1|      ap_vld|                                              p_out18|       pointer|
|p_out19          |  out|   32|      ap_vld|                                              p_out19|       pointer|
|p_out19_ap_vld   |  out|    1|      ap_vld|                                              p_out19|       pointer|
|p_out20          |  out|   32|      ap_vld|                                              p_out20|       pointer|
|p_out20_ap_vld   |  out|    1|      ap_vld|                                              p_out20|       pointer|
|p_out21          |  out|   32|      ap_vld|                                              p_out21|       pointer|
|p_out21_ap_vld   |  out|    1|      ap_vld|                                              p_out21|       pointer|
|p_out22          |  out|   32|      ap_vld|                                              p_out22|       pointer|
|p_out22_ap_vld   |  out|    1|      ap_vld|                                              p_out22|       pointer|
|p_out23          |  out|   32|      ap_vld|                                              p_out23|       pointer|
|p_out23_ap_vld   |  out|    1|      ap_vld|                                              p_out23|       pointer|
|p_out24          |  out|   32|      ap_vld|                                              p_out24|       pointer|
|p_out24_ap_vld   |  out|    1|      ap_vld|                                              p_out24|       pointer|
|p_out25          |  out|   32|      ap_vld|                                              p_out25|       pointer|
|p_out25_ap_vld   |  out|    1|      ap_vld|                                              p_out25|       pointer|
|p_out26          |  out|   32|      ap_vld|                                              p_out26|       pointer|
|p_out26_ap_vld   |  out|    1|      ap_vld|                                              p_out26|       pointer|
|p_out27          |  out|   32|      ap_vld|                                              p_out27|       pointer|
|p_out27_ap_vld   |  out|    1|      ap_vld|                                              p_out27|       pointer|
|p_out28          |  out|   32|      ap_vld|                                              p_out28|       pointer|
|p_out28_ap_vld   |  out|    1|      ap_vld|                                              p_out28|       pointer|
|p_out29          |  out|   32|      ap_vld|                                              p_out29|       pointer|
|p_out29_ap_vld   |  out|    1|      ap_vld|                                              p_out29|       pointer|
|p_out30          |  out|   32|      ap_vld|                                              p_out30|       pointer|
|p_out30_ap_vld   |  out|    1|      ap_vld|                                              p_out30|       pointer|
|p_out31          |  out|   32|      ap_vld|                                              p_out31|       pointer|
|p_out31_ap_vld   |  out|    1|      ap_vld|                                              p_out31|       pointer|
|p_out32          |  out|   32|      ap_vld|                                              p_out32|       pointer|
|p_out32_ap_vld   |  out|    1|      ap_vld|                                              p_out32|       pointer|
|p_out33          |  out|   32|      ap_vld|                                              p_out33|       pointer|
|p_out33_ap_vld   |  out|    1|      ap_vld|                                              p_out33|       pointer|
|p_out34          |  out|   32|      ap_vld|                                              p_out34|       pointer|
|p_out34_ap_vld   |  out|    1|      ap_vld|                                              p_out34|       pointer|
|p_out35          |  out|   32|      ap_vld|                                              p_out35|       pointer|
|p_out35_ap_vld   |  out|    1|      ap_vld|                                              p_out35|       pointer|
|p_out36          |  out|   32|      ap_vld|                                              p_out36|       pointer|
|p_out36_ap_vld   |  out|    1|      ap_vld|                                              p_out36|       pointer|
|p_out37          |  out|   32|      ap_vld|                                              p_out37|       pointer|
|p_out37_ap_vld   |  out|    1|      ap_vld|                                              p_out37|       pointer|
|p_out38          |  out|   32|      ap_vld|                                              p_out38|       pointer|
|p_out38_ap_vld   |  out|    1|      ap_vld|                                              p_out38|       pointer|
|p_out39          |  out|   32|      ap_vld|                                              p_out39|       pointer|
|p_out39_ap_vld   |  out|    1|      ap_vld|                                              p_out39|       pointer|
|p_out40          |  out|   32|      ap_vld|                                              p_out40|       pointer|
|p_out40_ap_vld   |  out|    1|      ap_vld|                                              p_out40|       pointer|
|p_out41          |  out|   32|      ap_vld|                                              p_out41|       pointer|
|p_out41_ap_vld   |  out|    1|      ap_vld|                                              p_out41|       pointer|
|p_out42          |  out|   32|      ap_vld|                                              p_out42|       pointer|
|p_out42_ap_vld   |  out|    1|      ap_vld|                                              p_out42|       pointer|
|p_out43          |  out|   32|      ap_vld|                                              p_out43|       pointer|
|p_out43_ap_vld   |  out|    1|      ap_vld|                                              p_out43|       pointer|
|p_out44          |  out|   32|      ap_vld|                                              p_out44|       pointer|
|p_out44_ap_vld   |  out|    1|      ap_vld|                                              p_out44|       pointer|
|p_out45          |  out|   32|      ap_vld|                                              p_out45|       pointer|
|p_out45_ap_vld   |  out|    1|      ap_vld|                                              p_out45|       pointer|
|p_out46          |  out|   32|      ap_vld|                                              p_out46|       pointer|
|p_out46_ap_vld   |  out|    1|      ap_vld|                                              p_out46|       pointer|
|p_out47          |  out|   32|      ap_vld|                                              p_out47|       pointer|
|p_out47_ap_vld   |  out|    1|      ap_vld|                                              p_out47|       pointer|
|p_out48          |  out|   32|      ap_vld|                                              p_out48|       pointer|
|p_out48_ap_vld   |  out|    1|      ap_vld|                                              p_out48|       pointer|
|p_out49          |  out|   32|      ap_vld|                                              p_out49|       pointer|
|p_out49_ap_vld   |  out|    1|      ap_vld|                                              p_out49|       pointer|
|p_out50          |  out|   32|      ap_vld|                                              p_out50|       pointer|
|p_out50_ap_vld   |  out|    1|      ap_vld|                                              p_out50|       pointer|
|p_out51          |  out|   32|      ap_vld|                                              p_out51|       pointer|
|p_out51_ap_vld   |  out|    1|      ap_vld|                                              p_out51|       pointer|
|p_out52          |  out|   32|      ap_vld|                                              p_out52|       pointer|
|p_out52_ap_vld   |  out|    1|      ap_vld|                                              p_out52|       pointer|
|p_out53          |  out|   32|      ap_vld|                                              p_out53|       pointer|
|p_out53_ap_vld   |  out|    1|      ap_vld|                                              p_out53|       pointer|
|p_out54          |  out|   32|      ap_vld|                                              p_out54|       pointer|
|p_out54_ap_vld   |  out|    1|      ap_vld|                                              p_out54|       pointer|
|p_out55          |  out|   32|      ap_vld|                                              p_out55|       pointer|
|p_out55_ap_vld   |  out|    1|      ap_vld|                                              p_out55|       pointer|
|p_out56          |  out|   32|      ap_vld|                                              p_out56|       pointer|
|p_out56_ap_vld   |  out|    1|      ap_vld|                                              p_out56|       pointer|
|p_out57          |  out|   32|      ap_vld|                                              p_out57|       pointer|
|p_out57_ap_vld   |  out|    1|      ap_vld|                                              p_out57|       pointer|
|p_out58          |  out|   32|      ap_vld|                                              p_out58|       pointer|
|p_out58_ap_vld   |  out|    1|      ap_vld|                                              p_out58|       pointer|
|p_out59          |  out|   32|      ap_vld|                                              p_out59|       pointer|
|p_out59_ap_vld   |  out|    1|      ap_vld|                                              p_out59|       pointer|
|p_out60          |  out|   32|      ap_vld|                                              p_out60|       pointer|
|p_out60_ap_vld   |  out|    1|      ap_vld|                                              p_out60|       pointer|
|p_out61          |  out|   32|      ap_vld|                                              p_out61|       pointer|
|p_out61_ap_vld   |  out|    1|      ap_vld|                                              p_out61|       pointer|
|p_out62          |  out|   32|      ap_vld|                                              p_out62|       pointer|
|p_out62_ap_vld   |  out|    1|      ap_vld|                                              p_out62|       pointer|
|p_out63          |  out|   32|      ap_vld|                                              p_out63|       pointer|
|p_out63_ap_vld   |  out|    1|      ap_vld|                                              p_out63|       pointer|
|p_out64          |  out|   32|      ap_vld|                                              p_out64|       pointer|
|p_out64_ap_vld   |  out|    1|      ap_vld|                                              p_out64|       pointer|
|p_out65          |  out|   32|      ap_vld|                                              p_out65|       pointer|
|p_out65_ap_vld   |  out|    1|      ap_vld|                                              p_out65|       pointer|
|p_out66          |  out|   32|      ap_vld|                                              p_out66|       pointer|
|p_out66_ap_vld   |  out|    1|      ap_vld|                                              p_out66|       pointer|
|p_out67          |  out|   32|      ap_vld|                                              p_out67|       pointer|
|p_out67_ap_vld   |  out|    1|      ap_vld|                                              p_out67|       pointer|
|p_out68          |  out|   32|      ap_vld|                                              p_out68|       pointer|
|p_out68_ap_vld   |  out|    1|      ap_vld|                                              p_out68|       pointer|
|p_out69          |  out|   32|      ap_vld|                                              p_out69|       pointer|
|p_out69_ap_vld   |  out|    1|      ap_vld|                                              p_out69|       pointer|
|p_out70          |  out|   32|      ap_vld|                                              p_out70|       pointer|
|p_out70_ap_vld   |  out|    1|      ap_vld|                                              p_out70|       pointer|
|p_out71          |  out|   32|      ap_vld|                                              p_out71|       pointer|
|p_out71_ap_vld   |  out|    1|      ap_vld|                                              p_out71|       pointer|
|p_out72          |  out|   32|      ap_vld|                                              p_out72|       pointer|
|p_out72_ap_vld   |  out|    1|      ap_vld|                                              p_out72|       pointer|
|p_out73          |  out|   32|      ap_vld|                                              p_out73|       pointer|
|p_out73_ap_vld   |  out|    1|      ap_vld|                                              p_out73|       pointer|
|p_out74          |  out|   32|      ap_vld|                                              p_out74|       pointer|
|p_out74_ap_vld   |  out|    1|      ap_vld|                                              p_out74|       pointer|
|p_out75          |  out|   32|      ap_vld|                                              p_out75|       pointer|
|p_out75_ap_vld   |  out|    1|      ap_vld|                                              p_out75|       pointer|
|p_out76          |  out|   32|      ap_vld|                                              p_out76|       pointer|
|p_out76_ap_vld   |  out|    1|      ap_vld|                                              p_out76|       pointer|
|p_out77          |  out|   32|      ap_vld|                                              p_out77|       pointer|
|p_out77_ap_vld   |  out|    1|      ap_vld|                                              p_out77|       pointer|
|p_out78          |  out|   32|      ap_vld|                                              p_out78|       pointer|
|p_out78_ap_vld   |  out|    1|      ap_vld|                                              p_out78|       pointer|
|p_out79          |  out|   32|      ap_vld|                                              p_out79|       pointer|
|p_out79_ap_vld   |  out|    1|      ap_vld|                                              p_out79|       pointer|
|p_out80          |  out|   32|      ap_vld|                                              p_out80|       pointer|
|p_out80_ap_vld   |  out|    1|      ap_vld|                                              p_out80|       pointer|
|p_out81          |  out|   32|      ap_vld|                                              p_out81|       pointer|
|p_out81_ap_vld   |  out|    1|      ap_vld|                                              p_out81|       pointer|
|p_out82          |  out|   32|      ap_vld|                                              p_out82|       pointer|
|p_out82_ap_vld   |  out|    1|      ap_vld|                                              p_out82|       pointer|
|p_out83          |  out|   32|      ap_vld|                                              p_out83|       pointer|
|p_out83_ap_vld   |  out|    1|      ap_vld|                                              p_out83|       pointer|
|p_out84          |  out|   32|      ap_vld|                                              p_out84|       pointer|
|p_out84_ap_vld   |  out|    1|      ap_vld|                                              p_out84|       pointer|
|p_out85          |  out|   32|      ap_vld|                                              p_out85|       pointer|
|p_out85_ap_vld   |  out|    1|      ap_vld|                                              p_out85|       pointer|
|p_out86          |  out|   32|      ap_vld|                                              p_out86|       pointer|
|p_out86_ap_vld   |  out|    1|      ap_vld|                                              p_out86|       pointer|
|p_out87          |  out|   32|      ap_vld|                                              p_out87|       pointer|
|p_out87_ap_vld   |  out|    1|      ap_vld|                                              p_out87|       pointer|
|p_out88          |  out|   32|      ap_vld|                                              p_out88|       pointer|
|p_out88_ap_vld   |  out|    1|      ap_vld|                                              p_out88|       pointer|
|p_out89          |  out|   32|      ap_vld|                                              p_out89|       pointer|
|p_out89_ap_vld   |  out|    1|      ap_vld|                                              p_out89|       pointer|
|p_out90          |  out|   32|      ap_vld|                                              p_out90|       pointer|
|p_out90_ap_vld   |  out|    1|      ap_vld|                                              p_out90|       pointer|
|p_out91          |  out|   32|      ap_vld|                                              p_out91|       pointer|
|p_out91_ap_vld   |  out|    1|      ap_vld|                                              p_out91|       pointer|
|p_out92          |  out|   32|      ap_vld|                                              p_out92|       pointer|
|p_out92_ap_vld   |  out|    1|      ap_vld|                                              p_out92|       pointer|
|p_out93          |  out|   32|      ap_vld|                                              p_out93|       pointer|
|p_out93_ap_vld   |  out|    1|      ap_vld|                                              p_out93|       pointer|
|p_out94          |  out|   32|      ap_vld|                                              p_out94|       pointer|
|p_out94_ap_vld   |  out|    1|      ap_vld|                                              p_out94|       pointer|
|p_out95          |  out|   32|      ap_vld|                                              p_out95|       pointer|
|p_out95_ap_vld   |  out|    1|      ap_vld|                                              p_out95|       pointer|
|p_out96          |  out|   32|      ap_vld|                                              p_out96|       pointer|
|p_out96_ap_vld   |  out|    1|      ap_vld|                                              p_out96|       pointer|
|p_out97          |  out|   32|      ap_vld|                                              p_out97|       pointer|
|p_out97_ap_vld   |  out|    1|      ap_vld|                                              p_out97|       pointer|
|p_out98          |  out|   32|      ap_vld|                                              p_out98|       pointer|
|p_out98_ap_vld   |  out|    1|      ap_vld|                                              p_out98|       pointer|
|p_out99          |  out|   32|      ap_vld|                                              p_out99|       pointer|
|p_out99_ap_vld   |  out|    1|      ap_vld|                                              p_out99|       pointer|
|p_out100         |  out|   32|      ap_vld|                                             p_out100|       pointer|
|p_out100_ap_vld  |  out|    1|      ap_vld|                                             p_out100|       pointer|
|p_out101         |  out|   32|      ap_vld|                                             p_out101|       pointer|
|p_out101_ap_vld  |  out|    1|      ap_vld|                                             p_out101|       pointer|
|p_out102         |  out|   32|      ap_vld|                                             p_out102|       pointer|
|p_out102_ap_vld  |  out|    1|      ap_vld|                                             p_out102|       pointer|
|p_out103         |  out|   32|      ap_vld|                                             p_out103|       pointer|
|p_out103_ap_vld  |  out|    1|      ap_vld|                                             p_out103|       pointer|
|p_out104         |  out|   32|      ap_vld|                                             p_out104|       pointer|
|p_out104_ap_vld  |  out|    1|      ap_vld|                                             p_out104|       pointer|
|p_out105         |  out|   32|      ap_vld|                                             p_out105|       pointer|
|p_out105_ap_vld  |  out|    1|      ap_vld|                                             p_out105|       pointer|
|p_out106         |  out|   32|      ap_vld|                                             p_out106|       pointer|
|p_out106_ap_vld  |  out|    1|      ap_vld|                                             p_out106|       pointer|
|p_out107         |  out|   32|      ap_vld|                                             p_out107|       pointer|
|p_out107_ap_vld  |  out|    1|      ap_vld|                                             p_out107|       pointer|
|p_out108         |  out|   32|      ap_vld|                                             p_out108|       pointer|
|p_out108_ap_vld  |  out|    1|      ap_vld|                                             p_out108|       pointer|
|p_out109         |  out|   32|      ap_vld|                                             p_out109|       pointer|
|p_out109_ap_vld  |  out|    1|      ap_vld|                                             p_out109|       pointer|
|p_out110         |  out|   32|      ap_vld|                                             p_out110|       pointer|
|p_out110_ap_vld  |  out|    1|      ap_vld|                                             p_out110|       pointer|
|p_out111         |  out|   32|      ap_vld|                                             p_out111|       pointer|
|p_out111_ap_vld  |  out|    1|      ap_vld|                                             p_out111|       pointer|
|p_out112         |  out|   32|      ap_vld|                                             p_out112|       pointer|
|p_out112_ap_vld  |  out|    1|      ap_vld|                                             p_out112|       pointer|
|p_out113         |  out|   32|      ap_vld|                                             p_out113|       pointer|
|p_out113_ap_vld  |  out|    1|      ap_vld|                                             p_out113|       pointer|
|p_out114         |  out|   32|      ap_vld|                                             p_out114|       pointer|
|p_out114_ap_vld  |  out|    1|      ap_vld|                                             p_out114|       pointer|
|p_out115         |  out|   32|      ap_vld|                                             p_out115|       pointer|
|p_out115_ap_vld  |  out|    1|      ap_vld|                                             p_out115|       pointer|
|p_out116         |  out|   32|      ap_vld|                                             p_out116|       pointer|
|p_out116_ap_vld  |  out|    1|      ap_vld|                                             p_out116|       pointer|
|p_out117         |  out|   32|      ap_vld|                                             p_out117|       pointer|
|p_out117_ap_vld  |  out|    1|      ap_vld|                                             p_out117|       pointer|
|p_out118         |  out|   32|      ap_vld|                                             p_out118|       pointer|
|p_out118_ap_vld  |  out|    1|      ap_vld|                                             p_out118|       pointer|
|p_out119         |  out|   32|      ap_vld|                                             p_out119|       pointer|
|p_out119_ap_vld  |  out|    1|      ap_vld|                                             p_out119|       pointer|
|p_out120         |  out|   32|      ap_vld|                                             p_out120|       pointer|
|p_out120_ap_vld  |  out|    1|      ap_vld|                                             p_out120|       pointer|
|p_out121         |  out|   32|      ap_vld|                                             p_out121|       pointer|
|p_out121_ap_vld  |  out|    1|      ap_vld|                                             p_out121|       pointer|
|p_out122         |  out|   32|      ap_vld|                                             p_out122|       pointer|
|p_out122_ap_vld  |  out|    1|      ap_vld|                                             p_out122|       pointer|
|p_out123         |  out|   32|      ap_vld|                                             p_out123|       pointer|
|p_out123_ap_vld  |  out|    1|      ap_vld|                                             p_out123|       pointer|
|p_out124         |  out|   32|      ap_vld|                                             p_out124|       pointer|
|p_out124_ap_vld  |  out|    1|      ap_vld|                                             p_out124|       pointer|
|p_out125         |  out|   32|      ap_vld|                                             p_out125|       pointer|
|p_out125_ap_vld  |  out|    1|      ap_vld|                                             p_out125|       pointer|
|p_out126         |  out|   32|      ap_vld|                                             p_out126|       pointer|
|p_out126_ap_vld  |  out|    1|      ap_vld|                                             p_out126|       pointer|
|p_out127         |  out|   32|      ap_vld|                                             p_out127|       pointer|
|p_out127_ap_vld  |  out|    1|      ap_vld|                                             p_out127|       pointer|
|p_out128         |  out|   32|      ap_vld|                                             p_out128|       pointer|
|p_out128_ap_vld  |  out|    1|      ap_vld|                                             p_out128|       pointer|
|p_out129         |  out|   32|      ap_vld|                                             p_out129|       pointer|
|p_out129_ap_vld  |  out|    1|      ap_vld|                                             p_out129|       pointer|
|p_out130         |  out|   32|      ap_vld|                                             p_out130|       pointer|
|p_out130_ap_vld  |  out|    1|      ap_vld|                                             p_out130|       pointer|
|p_out131         |  out|   32|      ap_vld|                                             p_out131|       pointer|
|p_out131_ap_vld  |  out|    1|      ap_vld|                                             p_out131|       pointer|
|p_out132         |  out|   32|      ap_vld|                                             p_out132|       pointer|
|p_out132_ap_vld  |  out|    1|      ap_vld|                                             p_out132|       pointer|
|p_out133         |  out|   32|      ap_vld|                                             p_out133|       pointer|
|p_out133_ap_vld  |  out|    1|      ap_vld|                                             p_out133|       pointer|
|p_out134         |  out|   32|      ap_vld|                                             p_out134|       pointer|
|p_out134_ap_vld  |  out|    1|      ap_vld|                                             p_out134|       pointer|
|p_out135         |  out|   32|      ap_vld|                                             p_out135|       pointer|
|p_out135_ap_vld  |  out|    1|      ap_vld|                                             p_out135|       pointer|
|p_out136         |  out|   32|      ap_vld|                                             p_out136|       pointer|
|p_out136_ap_vld  |  out|    1|      ap_vld|                                             p_out136|       pointer|
|p_out137         |  out|   32|      ap_vld|                                             p_out137|       pointer|
|p_out137_ap_vld  |  out|    1|      ap_vld|                                             p_out137|       pointer|
|p_out138         |  out|   32|      ap_vld|                                             p_out138|       pointer|
|p_out138_ap_vld  |  out|    1|      ap_vld|                                             p_out138|       pointer|
|p_out139         |  out|   32|      ap_vld|                                             p_out139|       pointer|
|p_out139_ap_vld  |  out|    1|      ap_vld|                                             p_out139|       pointer|
|p_out140         |  out|   32|      ap_vld|                                             p_out140|       pointer|
|p_out140_ap_vld  |  out|    1|      ap_vld|                                             p_out140|       pointer|
|p_out141         |  out|   32|      ap_vld|                                             p_out141|       pointer|
|p_out141_ap_vld  |  out|    1|      ap_vld|                                             p_out141|       pointer|
|p_out142         |  out|   32|      ap_vld|                                             p_out142|       pointer|
|p_out142_ap_vld  |  out|    1|      ap_vld|                                             p_out142|       pointer|
|p_out143         |  out|   32|      ap_vld|                                             p_out143|       pointer|
|p_out143_ap_vld  |  out|    1|      ap_vld|                                             p_out143|       pointer|
+-----------------+-----+-----+------------+-----------------------------------------------------+--------------+

