

================================================================
== Vitis HLS Report for 'compute_R_and_t_x3_Pipeline_split_alpha_VITIS_LOOP_43_2'
================================================================
* Date:           Tue Apr  4 19:45:52 2023

* Version:        2022.1 (Build 3526262 on Mon Apr 18 15:47:01 MDT 2022)
* Project:        hls_EstimateMotion
* Solution:       solution1 (Vivado IP Flow Target)
* Product family: virtexuplus
* Target device:  xcu50-fsvh2104-2L-e


================================================================
== Performance Estimates
================================================================
+ Timing: 
    * Summary: 
    +--------+----------+----------+------------+
    |  Clock |  Target  | Estimated| Uncertainty|
    +--------+----------+----------+------------+
    |ap_clk  |  60.00 ns|  2.256 ns|    16.20 ns|
    +--------+----------+----------+------------+

+ Latency: 
    * Summary: 
    +---------+---------+----------+----------+-----+-----+---------+
    |  Latency (cycles) |  Latency (absolute) |  Interval | Pipeline|
    |   min   |   max   |    min   |    max   | min | max |   Type  |
    +---------+---------+----------+----------+-----+-----+---------+
    |       22|       22|  1.320 us|  1.320 us|   22|   22|       no|
    +---------+---------+----------+----------+-----+-----+---------+

    + Detail: 
        * Instance: 
        N/A

        * Loop: 
        +-------------------------------+---------+---------+----------+-----------+-----------+------+----------+
        |                               |  Latency (cycles) | Iteration|  Initiation Interval  | Trip |          |
        |           Loop Name           |   min   |   max   |  Latency |  achieved |   target  | Count| Pipelined|
        +-------------------------------+---------+---------+----------+-----------+-----------+------+----------+
        |- split_alpha_VITIS_LOOP_43_2  |       20|       20|         2|          1|          1|    20|       yes|
        +-------------------------------+---------+---------+----------+-----------+-----------+------+----------+



================================================================
== Utilization Estimates
================================================================
* Summary: 
+---------------------+---------+------+---------+--------+-----+
|         Name        | BRAM_18K|  DSP |    FF   |   LUT  | URAM|
+---------------------+---------+------+---------+--------+-----+
|DSP                  |        -|     -|        -|       -|    -|
|Expression           |        -|     -|        0|      70|    -|
|FIFO                 |        -|     -|        -|       -|    -|
|Instance             |        -|     -|        -|       -|    -|
|Memory               |        -|     -|        -|       -|    -|
|Multiplexer          |        -|     -|        -|      72|    -|
|Register             |        -|     -|     1939|       -|    -|
+---------------------+---------+------+---------+--------+-----+
|Total                |        0|     0|     1939|     142|    0|
+---------------------+---------+------+---------+--------+-----+
|Available SLR        |     1344|  2976|   871680|  435840|  320|
+---------------------+---------+------+---------+--------+-----+
|Utilization SLR (%)  |        0|     0|       ~0|      ~0|    0|
+---------------------+---------+------+---------+--------+-----+
|Available            |     2688|  5952|  1743360|  871680|  640|
+---------------------+---------+------+---------+--------+-----+
|Utilization (%)      |        0|     0|       ~0|      ~0|    0|
+---------------------+---------+------+---------+--------+-----+

+ Detail: 
    * Instance: 
    N/A

    * DSP: 
    N/A

    * Memory: 
    N/A

    * FIFO: 
    N/A

    * Expression: 
    +-------------------------+----------+----+---+----+------------+------------+
    |      Variable Name      | Operation| DSP| FF| LUT| Bitwidth P0| Bitwidth P1|
    +-------------------------+----------+----+---+----+------------+------------+
    |add_ln42_1_fu_879_p2     |         +|   0|  0|  12|           5|           1|
    |add_ln42_fu_891_p2       |         +|   0|  0|  10|           3|           1|
    |add_ln43_fu_946_p2       |         +|   0|  0|  10|           3|           1|
    |add_ln45_fu_931_p2       |         +|   0|  0|  12|           5|           5|
    |icmp_ln42_fu_873_p2      |      icmp|   0|  0|   9|           5|           5|
    |icmp_ln43_fu_897_p2      |      icmp|   0|  0|   9|           3|           4|
    |select_ln47_1_fu_911_p3  |    select|   0|  0|   3|           1|           3|
    |select_ln47_fu_903_p3    |    select|   0|  0|   3|           1|           1|
    |ap_enable_pp0            |       xor|   0|  0|   2|           1|           2|
    +-------------------------+----------+----+---+----+------------+------------+
    |Total                    |          |   0|  0|  70|          27|          23|
    +-------------------------+----------+----+---+----+------------+------------+

    * Multiplexer: 
    +-----------------------------------------+----+-----------+-----+-----------+
    |                   Name                  | LUT| Input Size| Bits| Total Bits|
    +-----------------------------------------+----+-----------+-----+-----------+
    |ap_done_int                              |   9|          2|    1|          2|
    |ap_enable_reg_pp0_iter1                  |   9|          2|    1|          2|
    |ap_sig_allocacmp_i_load                  |   9|          2|    3|          6|
    |ap_sig_allocacmp_indvar_flatten210_load  |   9|          2|    5|         10|
    |ap_sig_allocacmp_j_load                  |   9|          2|    3|          6|
    |i_fu_174                                 |   9|          2|    3|          6|
    |indvar_flatten210_fu_178                 |   9|          2|    5|         10|
    |j_fu_170                                 |   9|          2|    3|          6|
    +-----------------------------------------+----+-----------+-----+-----------+
    |Total                                    |  72|         16|   24|         48|
    +-----------------------------------------+----+-----------+-----+-----------+

    * Register: 
    +--------------------------+----+----+-----+-----------+
    |           Name           | FF | LUT| Bits| Const Bits|
    +--------------------------+----+----+-----+-----------+
    |ap_CS_fsm                 |   1|   0|    1|          0|
    |ap_done_reg               |   1|   0|    1|          0|
    |ap_enable_reg_pp0_iter1   |   1|   0|    1|          0|
    |empty_377_fu_186          |  32|   0|   32|          0|
    |empty_378_fu_190          |  32|   0|   32|          0|
    |empty_379_fu_194          |  32|   0|   32|          0|
    |empty_380_fu_198          |  32|   0|   32|          0|
    |empty_381_fu_202          |  32|   0|   32|          0|
    |empty_382_fu_206          |  32|   0|   32|          0|
    |empty_383_fu_210          |  32|   0|   32|          0|
    |empty_384_fu_214          |  32|   0|   32|          0|
    |empty_385_fu_218          |  32|   0|   32|          0|
    |empty_386_fu_222          |  32|   0|   32|          0|
    |empty_387_fu_226          |  32|   0|   32|          0|
    |empty_388_fu_230          |  32|   0|   32|          0|
    |empty_389_fu_234          |  32|   0|   32|          0|
    |empty_390_fu_238          |  32|   0|   32|          0|
    |empty_391_fu_242          |  32|   0|   32|          0|
    |empty_392_fu_246          |  32|   0|   32|          0|
    |empty_393_fu_250          |  32|   0|   32|          0|
    |empty_394_fu_254          |  32|   0|   32|          0|
    |empty_395_fu_258          |  32|   0|   32|          0|
    |empty_396_fu_262          |  32|   0|   32|          0|
    |empty_397_fu_266          |  32|   0|   32|          0|
    |empty_398_fu_270          |  32|   0|   32|          0|
    |empty_399_fu_274          |  32|   0|   32|          0|
    |empty_400_fu_278          |  32|   0|   32|          0|
    |empty_401_fu_282          |  32|   0|   32|          0|
    |empty_402_fu_286          |  32|   0|   32|          0|
    |empty_403_fu_290          |  32|   0|   32|          0|
    |empty_404_fu_294          |  32|   0|   32|          0|
    |empty_405_fu_298          |  32|   0|   32|          0|
    |empty_406_fu_302          |  32|   0|   32|          0|
    |empty_407_fu_306          |  32|   0|   32|          0|
    |empty_408_fu_310          |  32|   0|   32|          0|
    |empty_409_fu_314          |  32|   0|   32|          0|
    |empty_410_fu_318          |  32|   0|   32|          0|
    |empty_411_fu_322          |  32|   0|   32|          0|
    |empty_412_fu_326          |  32|   0|   32|          0|
    |empty_413_fu_330          |  32|   0|   32|          0|
    |empty_414_fu_334          |  32|   0|   32|          0|
    |empty_415_fu_338          |  32|   0|   32|          0|
    |empty_416_fu_342          |  32|   0|   32|          0|
    |empty_417_fu_346          |  32|   0|   32|          0|
    |empty_418_fu_350          |  32|   0|   32|          0|
    |empty_419_fu_354          |  32|   0|   32|          0|
    |empty_420_fu_358          |  32|   0|   32|          0|
    |empty_421_fu_362          |  32|   0|   32|          0|
    |empty_422_fu_366          |  32|   0|   32|          0|
    |empty_423_fu_370          |  32|   0|   32|          0|
    |empty_424_fu_374          |  32|   0|   32|          0|
    |empty_425_fu_378          |  32|   0|   32|          0|
    |empty_426_fu_382          |  32|   0|   32|          0|
    |empty_427_fu_386          |  32|   0|   32|          0|
    |empty_428_fu_390          |  32|   0|   32|          0|
    |empty_429_fu_394          |  32|   0|   32|          0|
    |empty_430_fu_398          |  32|   0|   32|          0|
    |empty_431_fu_402          |  32|   0|   32|          0|
    |empty_432_fu_406          |  32|   0|   32|          0|
    |empty_433_fu_410          |  32|   0|   32|          0|
    |empty_434_fu_414          |  32|   0|   32|          0|
    |empty_435_fu_418          |  32|   0|   32|          0|
    |empty_fu_182              |  32|   0|   32|          0|
    |i_fu_174                  |   3|   0|    3|          0|
    |indvar_flatten210_fu_178  |   5|   0|    5|          0|
    |j_fu_170                  |   3|   0|    3|          0|
    |select_ln47_1_reg_1891    |   3|   0|    3|          0|
    |trunc_ln45_reg_1900       |   2|   0|    2|          0|
    +--------------------------+----+----+-----+-----------+
    |Total                     |1939|   0| 1939|          0|
    +--------------------------+----+----+-----+-----------+



================================================================
== Interface
================================================================
* Summary: 
+-----------------+-----+-----+------------+---------------------------------------------------------+--------------+
|    RTL Ports    | Dir | Bits|  Protocol  |                      Source Object                      |    C Type    |
+-----------------+-----+-----+------------+---------------------------------------------------------+--------------+
|ap_clk           |   in|    1|  ap_ctrl_hs|  compute_R_and_t_x3_Pipeline_split_alpha_VITIS_LOOP_43_2|  return value|
|ap_rst           |   in|    1|  ap_ctrl_hs|  compute_R_and_t_x3_Pipeline_split_alpha_VITIS_LOOP_43_2|  return value|
|ap_start         |   in|    1|  ap_ctrl_hs|  compute_R_and_t_x3_Pipeline_split_alpha_VITIS_LOOP_43_2|  return value|
|ap_done          |  out|    1|  ap_ctrl_hs|  compute_R_and_t_x3_Pipeline_split_alpha_VITIS_LOOP_43_2|  return value|
|ap_idle          |  out|    1|  ap_ctrl_hs|  compute_R_and_t_x3_Pipeline_split_alpha_VITIS_LOOP_43_2|  return value|
|ap_ready         |  out|    1|  ap_ctrl_hs|  compute_R_and_t_x3_Pipeline_split_alpha_VITIS_LOOP_43_2|  return value|
|alphas_address0  |  out|    5|   ap_memory|                                                   alphas|         array|
|alphas_ce0       |  out|    1|   ap_memory|                                                   alphas|         array|
|alphas_q0        |   in|   32|   ap_memory|                                                   alphas|         array|
|p_out            |  out|   32|      ap_vld|                                                    p_out|       pointer|
|p_out_ap_vld     |  out|    1|      ap_vld|                                                    p_out|       pointer|
|p_out1           |  out|   32|      ap_vld|                                                   p_out1|       pointer|
|p_out1_ap_vld    |  out|    1|      ap_vld|                                                   p_out1|       pointer|
|p_out2           |  out|   32|      ap_vld|                                                   p_out2|       pointer|
|p_out2_ap_vld    |  out|    1|      ap_vld|                                                   p_out2|       pointer|
|p_out3           |  out|   32|      ap_vld|                                                   p_out3|       pointer|
|p_out3_ap_vld    |  out|    1|      ap_vld|                                                   p_out3|       pointer|
|p_out4           |  out|   32|      ap_vld|                                                   p_out4|       pointer|
|p_out4_ap_vld    |  out|    1|      ap_vld|                                                   p_out4|       pointer|
|p_out5           |  out|   32|      ap_vld|                                                   p_out5|       pointer|
|p_out5_ap_vld    |  out|    1|      ap_vld|                                                   p_out5|       pointer|
|p_out6           |  out|   32|      ap_vld|                                                   p_out6|       pointer|
|p_out6_ap_vld    |  out|    1|      ap_vld|                                                   p_out6|       pointer|
|p_out7           |  out|   32|      ap_vld|                                                   p_out7|       pointer|
|p_out7_ap_vld    |  out|    1|      ap_vld|                                                   p_out7|       pointer|
|p_out8           |  out|   32|      ap_vld|                                                   p_out8|       pointer|
|p_out8_ap_vld    |  out|    1|      ap_vld|                                                   p_out8|       pointer|
|p_out9           |  out|   32|      ap_vld|                                                   p_out9|       pointer|
|p_out9_ap_vld    |  out|    1|      ap_vld|                                                   p_out9|       pointer|
|p_out10          |  out|   32|      ap_vld|                                                  p_out10|       pointer|
|p_out10_ap_vld   |  out|    1|      ap_vld|                                                  p_out10|       pointer|
|p_out11          |  out|   32|      ap_vld|                                                  p_out11|       pointer|
|p_out11_ap_vld   |  out|    1|      ap_vld|                                                  p_out11|       pointer|
|p_out12          |  out|   32|      ap_vld|                                                  p_out12|       pointer|
|p_out12_ap_vld   |  out|    1|      ap_vld|                                                  p_out12|       pointer|
|p_out13          |  out|   32|      ap_vld|                                                  p_out13|       pointer|
|p_out13_ap_vld   |  out|    1|      ap_vld|                                                  p_out13|       pointer|
|p_out14          |  out|   32|      ap_vld|                                                  p_out14|       pointer|
|p_out14_ap_vld   |  out|    1|      ap_vld|                                                  p_out14|       pointer|
|p_out15          |  out|   32|      ap_vld|                                                  p_out15|       pointer|
|p_out15_ap_vld   |  out|    1|      ap_vld|                                                  p_out15|       pointer|
|p_out16          |  out|   32|      ap_vld|                                                  p_out16|       pointer|
|p_out16_ap_vld   |  out|    1|      ap_vld|                                                  p_out16|       pointer|
|p_out17          |  out|   32|      ap_vld|                                                  p_out17|       pointer|
|p_out17_ap_vld   |  out|    1|      ap_vld|                                                  p_out17|       pointer|
|p_out18          |  out|   32|      ap_vld|                                                  p_out18|       pointer|
|p_out18_ap_vld   |  out|    1|      ap_vld|                                                  p_out18|       pointer|
|p_out19          |  out|   32|      ap_vld|                                                  p_out19|       pointer|
|p_out19_ap_vld   |  out|    1|      ap_vld|                                                  p_out19|       pointer|
|p_out20          |  out|   32|      ap_vld|                                                  p_out20|       pointer|
|p_out20_ap_vld   |  out|    1|      ap_vld|                                                  p_out20|       pointer|
|p_out21          |  out|   32|      ap_vld|                                                  p_out21|       pointer|
|p_out21_ap_vld   |  out|    1|      ap_vld|                                                  p_out21|       pointer|
|p_out22          |  out|   32|      ap_vld|                                                  p_out22|       pointer|
|p_out22_ap_vld   |  out|    1|      ap_vld|                                                  p_out22|       pointer|
|p_out23          |  out|   32|      ap_vld|                                                  p_out23|       pointer|
|p_out23_ap_vld   |  out|    1|      ap_vld|                                                  p_out23|       pointer|
|p_out24          |  out|   32|      ap_vld|                                                  p_out24|       pointer|
|p_out24_ap_vld   |  out|    1|      ap_vld|                                                  p_out24|       pointer|
|p_out25          |  out|   32|      ap_vld|                                                  p_out25|       pointer|
|p_out25_ap_vld   |  out|    1|      ap_vld|                                                  p_out25|       pointer|
|p_out26          |  out|   32|      ap_vld|                                                  p_out26|       pointer|
|p_out26_ap_vld   |  out|    1|      ap_vld|                                                  p_out26|       pointer|
|p_out27          |  out|   32|      ap_vld|                                                  p_out27|       pointer|
|p_out27_ap_vld   |  out|    1|      ap_vld|                                                  p_out27|       pointer|
|p_out28          |  out|   32|      ap_vld|                                                  p_out28|       pointer|
|p_out28_ap_vld   |  out|    1|      ap_vld|                                                  p_out28|       pointer|
|p_out29          |  out|   32|      ap_vld|                                                  p_out29|       pointer|
|p_out29_ap_vld   |  out|    1|      ap_vld|                                                  p_out29|       pointer|
|p_out30          |  out|   32|      ap_vld|                                                  p_out30|       pointer|
|p_out30_ap_vld   |  out|    1|      ap_vld|                                                  p_out30|       pointer|
|p_out31          |  out|   32|      ap_vld|                                                  p_out31|       pointer|
|p_out31_ap_vld   |  out|    1|      ap_vld|                                                  p_out31|       pointer|
|p_out32          |  out|   32|      ap_vld|                                                  p_out32|       pointer|
|p_out32_ap_vld   |  out|    1|      ap_vld|                                                  p_out32|       pointer|
|p_out33          |  out|   32|      ap_vld|                                                  p_out33|       pointer|
|p_out33_ap_vld   |  out|    1|      ap_vld|                                                  p_out33|       pointer|
|p_out34          |  out|   32|      ap_vld|                                                  p_out34|       pointer|
|p_out34_ap_vld   |  out|    1|      ap_vld|                                                  p_out34|       pointer|
|p_out35          |  out|   32|      ap_vld|                                                  p_out35|       pointer|
|p_out35_ap_vld   |  out|    1|      ap_vld|                                                  p_out35|       pointer|
|p_out36          |  out|   32|      ap_vld|                                                  p_out36|       pointer|
|p_out36_ap_vld   |  out|    1|      ap_vld|                                                  p_out36|       pointer|
|p_out37          |  out|   32|      ap_vld|                                                  p_out37|       pointer|
|p_out37_ap_vld   |  out|    1|      ap_vld|                                                  p_out37|       pointer|
|p_out38          |  out|   32|      ap_vld|                                                  p_out38|       pointer|
|p_out38_ap_vld   |  out|    1|      ap_vld|                                                  p_out38|       pointer|
|p_out39          |  out|   32|      ap_vld|                                                  p_out39|       pointer|
|p_out39_ap_vld   |  out|    1|      ap_vld|                                                  p_out39|       pointer|
|p_out40          |  out|   32|      ap_vld|                                                  p_out40|       pointer|
|p_out40_ap_vld   |  out|    1|      ap_vld|                                                  p_out40|       pointer|
|p_out41          |  out|   32|      ap_vld|                                                  p_out41|       pointer|
|p_out41_ap_vld   |  out|    1|      ap_vld|                                                  p_out41|       pointer|
|p_out42          |  out|   32|      ap_vld|                                                  p_out42|       pointer|
|p_out42_ap_vld   |  out|    1|      ap_vld|                                                  p_out42|       pointer|
|p_out43          |  out|   32|      ap_vld|                                                  p_out43|       pointer|
|p_out43_ap_vld   |  out|    1|      ap_vld|                                                  p_out43|       pointer|
|p_out44          |  out|   32|      ap_vld|                                                  p_out44|       pointer|
|p_out44_ap_vld   |  out|    1|      ap_vld|                                                  p_out44|       pointer|
|p_out45          |  out|   32|      ap_vld|                                                  p_out45|       pointer|
|p_out45_ap_vld   |  out|    1|      ap_vld|                                                  p_out45|       pointer|
|p_out46          |  out|   32|      ap_vld|                                                  p_out46|       pointer|
|p_out46_ap_vld   |  out|    1|      ap_vld|                                                  p_out46|       pointer|
|p_out47          |  out|   32|      ap_vld|                                                  p_out47|       pointer|
|p_out47_ap_vld   |  out|    1|      ap_vld|                                                  p_out47|       pointer|
|p_out48          |  out|   32|      ap_vld|                                                  p_out48|       pointer|
|p_out48_ap_vld   |  out|    1|      ap_vld|                                                  p_out48|       pointer|
|p_out49          |  out|   32|      ap_vld|                                                  p_out49|       pointer|
|p_out49_ap_vld   |  out|    1|      ap_vld|                                                  p_out49|       pointer|
|p_out50          |  out|   32|      ap_vld|                                                  p_out50|       pointer|
|p_out50_ap_vld   |  out|    1|      ap_vld|                                                  p_out50|       pointer|
|p_out51          |  out|   32|      ap_vld|                                                  p_out51|       pointer|
|p_out51_ap_vld   |  out|    1|      ap_vld|                                                  p_out51|       pointer|
|p_out52          |  out|   32|      ap_vld|                                                  p_out52|       pointer|
|p_out52_ap_vld   |  out|    1|      ap_vld|                                                  p_out52|       pointer|
|p_out53          |  out|   32|      ap_vld|                                                  p_out53|       pointer|
|p_out53_ap_vld   |  out|    1|      ap_vld|                                                  p_out53|       pointer|
|p_out54          |  out|   32|      ap_vld|                                                  p_out54|       pointer|
|p_out54_ap_vld   |  out|    1|      ap_vld|                                                  p_out54|       pointer|
|p_out55          |  out|   32|      ap_vld|                                                  p_out55|       pointer|
|p_out55_ap_vld   |  out|    1|      ap_vld|                                                  p_out55|       pointer|
|p_out56          |  out|   32|      ap_vld|                                                  p_out56|       pointer|
|p_out56_ap_vld   |  out|    1|      ap_vld|                                                  p_out56|       pointer|
|p_out57          |  out|   32|      ap_vld|                                                  p_out57|       pointer|
|p_out57_ap_vld   |  out|    1|      ap_vld|                                                  p_out57|       pointer|
|p_out58          |  out|   32|      ap_vld|                                                  p_out58|       pointer|
|p_out58_ap_vld   |  out|    1|      ap_vld|                                                  p_out58|       pointer|
|p_out59          |  out|   32|      ap_vld|                                                  p_out59|       pointer|
|p_out59_ap_vld   |  out|    1|      ap_vld|                                                  p_out59|       pointer|
+-----------------+-----+-----+------------+---------------------------------------------------------+--------------+

