

================================================================
== Vitis HLS Report for 'doty'
================================================================
* Date:           Tue Apr  4 19:45:57 2023

* Version:        2022.1 (Build 3526262 on Mon Apr 18 15:47:01 MDT 2022)
* Project:        hls_EstimateMotion
* Solution:       solution1 (Vivado IP Flow Target)
* Product family: virtexuplus
* Target device:  xcu50-fsvh2104-2L-e


================================================================
== Performance Estimates
================================================================
+ Timing: 
    * Summary: 
    +--------+----------+-----------+------------+
    |  Clock |  Target  | Estimated | Uncertainty|
    +--------+----------+-----------+------------+
    |ap_clk  |  60.00 ns|  30.745 ns|    16.20 ns|
    +--------+----------+-----------+------------+

+ Latency: 
    * Summary: 
    +---------+---------+----------+----------+-----+-----+---------+
    |  Latency (cycles) |  Latency (absolute) |  Interval | Pipeline|
    |   min   |   max   |    min   |    max   | min | max |   Type  |
    +---------+---------+----------+----------+-----+-----+---------+
    |       10|       10|  0.600 us|  0.600 us|   10|   10|       no|
    +---------+---------+----------+----------+-----+-----+---------+

    + Detail: 
        * Instance: 
        +------------------------------------------+--------------------------------+---------+---------+----------+----------+-----+-----+---------+
        |                                          |                                |  Latency (cycles) |  Latency (absolute) |  Interval | Pipeline|
        |                 Instance                 |             Module             |   min   |   max   |    min   |    max   | min | max |   Type  |
        +------------------------------------------+--------------------------------+---------+---------+----------+----------+-----+-----+---------+
        |grp_doty_Pipeline_VITIS_LOOP_258_1_fu_74  |doty_Pipeline_VITIS_LOOP_258_1  |        5|        5|  0.300 us|  0.300 us|    5|    5|       no|
        |grp_doty_Pipeline_VITIS_LOOP_263_2_fu_84  |doty_Pipeline_VITIS_LOOP_263_2  |        5|        5|  0.300 us|  0.300 us|    5|    5|       no|
        +------------------------------------------+--------------------------------+---------+---------+----------+----------+-----+-----+---------+

        * Loop: 
        N/A



================================================================
== Utilization Estimates
================================================================
* Summary: 
+---------------------+---------+------+---------+--------+-----+
|         Name        | BRAM_18K|  DSP |    FF   |   LUT  | URAM|
+---------------------+---------+------+---------+--------+-----+
|DSP                  |        -|     -|        -|       -|    -|
|Expression           |        -|     -|        0|      14|    -|
|FIFO                 |        -|     -|        -|       -|    -|
|Instance             |        -|     5|      203|     428|    -|
|Memory               |        -|     -|        -|       -|    -|
|Multiplexer          |        -|     -|        -|     105|    -|
|Register             |        -|     -|       76|       -|    -|
+---------------------+---------+------+---------+--------+-----+
|Total                |        0|     5|      279|     547|    0|
+---------------------+---------+------+---------+--------+-----+
|Available SLR        |     1344|  2976|   871680|  435840|  320|
+---------------------+---------+------+---------+--------+-----+
|Utilization SLR (%)  |        0|    ~0|       ~0|      ~0|    0|
+---------------------+---------+------+---------+--------+-----+
|Available            |     2688|  5952|  1743360|  871680|  640|
+---------------------+---------+------+---------+--------+-----+
|Utilization (%)      |        0|    ~0|       ~0|      ~0|    0|
+---------------------+---------+------+---------+--------+-----+

+ Detail: 
    * Instance: 
    +------------------------------------------+--------------------------------+---------+----+-----+-----+-----+
    |                 Instance                 |             Module             | BRAM_18K| DSP|  FF | LUT | URAM|
    +------------------------------------------+--------------------------------+---------+----+-----+-----+-----+
    |grp_doty_Pipeline_VITIS_LOOP_258_1_fu_74  |doty_Pipeline_VITIS_LOOP_258_1  |        0|   0|  103|   67|    0|
    |grp_doty_Pipeline_VITIS_LOOP_263_2_fu_84  |doty_Pipeline_VITIS_LOOP_263_2  |        0|   0|  100|   58|    0|
    |fadd_32ns_32ns_32_1_full_dsp_1_U1457      |fadd_32ns_32ns_32_1_full_dsp_1  |        0|   2|    0|  226|    0|
    |fmul_32ns_32ns_32_1_max_dsp_1_U1458       |fmul_32ns_32ns_32_1_max_dsp_1   |        0|   3|    0|   77|    0|
    +------------------------------------------+--------------------------------+---------+----+-----+-----+-----+
    |Total                                     |                                |        0|   5|  203|  428|    0|
    +------------------------------------------+--------------------------------+---------+----+-----+-----+-----+

    * DSP: 
    N/A

    * Memory: 
    N/A

    * FIFO: 
    N/A

    * Expression: 
    +---------------------------------+----------+----+---+----+------------+------------+
    |          Variable Name          | Operation| DSP| FF| LUT| Bitwidth P0| Bitwidth P1|
    +---------------------------------+----------+----+---+----+------------+------------+
    |sub_ln261_fu_129_p2              |         -|   0|  0|  12|           4|           4|
    |ap_block_state2_on_subcall_done  |        or|   0|  0|   2|           1|           1|
    +---------------------------------+----------+----+---+----+------------+------------+
    |Total                            |          |   0|  0|  14|           5|           5|
    +---------------------------------+----------+----+---+----+------------+------------+

    * Multiplexer: 
    +---------------+----+-----------+-----+-----------+
    |      Name     | LUT| Input Size| Bits| Total Bits|
    +---------------+----+-----------+-----+-----------+
    |ap_NS_fsm      |  37|          7|    1|          7|
    |grp_fu_102_p0  |  20|          4|   32|        128|
    |grp_fu_102_p1  |  20|          4|   32|        128|
    |grp_fu_97_p0   |  14|          3|   32|         96|
    |grp_fu_97_p1   |  14|          3|   32|         96|
    +---------------+----+-----------+-----+-----------+
    |Total          | 105|         21|  129|        455|
    +---------------+----+-----------+-----+-----------+

    * Register: 
    +-------------------------------------------------------+----+----+-----+-----------+
    |                          Name                         | FF | LUT| Bits| Const Bits|
    +-------------------------------------------------------+----+----+-----+-----------+
    |ap_CS_fsm                                              |   6|   0|    6|          0|
    |grp_doty_Pipeline_VITIS_LOOP_258_1_fu_74_ap_start_reg  |   1|   0|    1|          0|
    |grp_doty_Pipeline_VITIS_LOOP_263_2_fu_84_ap_start_reg  |   1|   0|    1|          0|
    |reg_106                                                |  32|   0|   32|          0|
    |reg_112                                                |  32|   0|   32|          0|
    |sub_ln261_reg_211                                      |   4|   0|    4|          0|
    +-------------------------------------------------------+----+----+-----+-----------+
    |Total                                                  |  76|   0|   76|          0|
    +-------------------------------------------------------+----+----+-----+-----------+



================================================================
== Interface
================================================================
* Summary: 
+------------+-----+-----+------------+--------------+--------------+
|  RTL Ports | Dir | Bits|  Protocol  | Source Object|    C Type    |
+------------+-----+-----+------------+--------------+--------------+
|ap_clk      |   in|    1|  ap_ctrl_hs|          doty|  return value|
|ap_rst      |   in|    1|  ap_ctrl_hs|          doty|  return value|
|ap_start    |   in|    1|  ap_ctrl_hs|          doty|  return value|
|ap_done     |  out|    1|  ap_ctrl_hs|          doty|  return value|
|ap_idle     |  out|    1|  ap_ctrl_hs|          doty|  return value|
|ap_ready    |  out|    1|  ap_ctrl_hs|          doty|  return value|
|ap_return   |  out|   32|  ap_ctrl_hs|          doty|  return value|
|a_address0  |  out|    4|   ap_memory|             a|         array|
|a_ce0       |  out|    1|   ap_memory|             a|         array|
|a_q0        |   in|   32|   ap_memory|             a|         array|
|a_offset    |   in|    2|     ap_none|      a_offset|        scalar|
|p_read      |   in|   32|     ap_none|        p_read|        scalar|
|p_read1     |   in|   32|     ap_none|       p_read1|        scalar|
|p_read2     |   in|   32|     ap_none|       p_read2|        scalar|
+------------+-----+-----+------------+--------------+--------------+

