

================================================================
== Vitis HLS Report for 'epnp_Pipeline_VITIS_LOOP_280_20_VITIS_LOOP_281_21'
================================================================
* Date:           Tue Apr  4 19:46:02 2023

* Version:        2022.1 (Build 3526262 on Mon Apr 18 15:47:01 MDT 2022)
* Project:        hls_EstimateMotion
* Solution:       solution1 (Vivado IP Flow Target)
* Product family: virtexuplus
* Target device:  xcu50-fsvh2104-2L-e


================================================================
== Performance Estimates
================================================================
+ Timing: 
    * Summary: 
    +--------+----------+-----------+------------+
    |  Clock |  Target  | Estimated | Uncertainty|
    +--------+----------+-----------+------------+
    |ap_clk  |  60.00 ns|  43.800 ns|    16.20 ns|
    +--------+----------+-----------+------------+

+ Latency: 
    * Summary: 
    +---------+---------+----------+----------+-----+-----+---------+
    |  Latency (cycles) |  Latency (absolute) |  Interval | Pipeline|
    |   min   |   max   |    min   |    max   | min | max |   Type  |
    +---------+---------+----------+----------+-----+-----+---------+
    |       24|       24|  1.440 us|  1.440 us|   24|   24|       no|
    +---------+---------+----------+----------+-----+-----+---------+

    + Detail: 
        * Instance: 
        N/A

        * Loop: 
        +---------------------------------------+---------+---------+----------+-----------+-----------+------+----------+
        |                                       |  Latency (cycles) | Iteration|  Initiation Interval  | Trip |          |
        |               Loop Name               |   min   |   max   |  Latency |  achieved |   target  | Count| Pipelined|
        +---------------------------------------+---------+---------+----------+-----------+-----------+------+----------+
        |- VITIS_LOOP_280_20_VITIS_LOOP_281_21  |       22|       22|        15|          1|          1|     9|       yes|
        +---------------------------------------+---------+---------+----------+-----------+-----------+------+----------+



================================================================
== Utilization Estimates
================================================================
* Summary: 
+---------------------+---------+------+---------+--------+-----+
|         Name        | BRAM_18K|  DSP |    FF   |   LUT  | URAM|
+---------------------+---------+------+---------+--------+-----+
|DSP                  |        -|     -|        -|       -|    -|
|Expression           |        -|     -|        0|     211|    -|
|FIFO                 |        -|     -|        -|       -|    -|
|Instance             |        -|     -|      136|      62|    -|
|Memory               |        -|     -|        -|       -|    -|
|Multiplexer          |        -|     -|        -|      81|    -|
|Register             |        -|     -|      267|      64|    -|
+---------------------+---------+------+---------+--------+-----+
|Total                |        0|     0|      403|     418|    0|
+---------------------+---------+------+---------+--------+-----+
|Available SLR        |     1344|  2976|   871680|  435840|  320|
+---------------------+---------+------+---------+--------+-----+
|Utilization SLR (%)  |        0|     0|       ~0|      ~0|    0|
+---------------------+---------+------+---------+--------+-----+
|Available            |     2688|  5952|  1743360|  871680|  640|
+---------------------+---------+------+---------+--------+-----+
|Utilization (%)      |        0|     0|       ~0|      ~0|    0|
+---------------------+---------+------+---------+--------+-----+

+ Detail: 
    * Instance: 
    +--------------------------+--------------------+---------+----+----+----+-----+
    |         Instance         |       Module       | BRAM_18K| DSP| FF | LUT| URAM|
    +--------------------------+--------------------+---------+----+----+----+-----+
    |urem_4ns_3ns_4_8_1_U1629  |urem_4ns_3ns_4_8_1  |        0|   0|  68|  31|    0|
    |urem_4ns_3ns_4_8_1_U1630  |urem_4ns_3ns_4_8_1  |        0|   0|  68|  31|    0|
    +--------------------------+--------------------+---------+----+----+----+-----+
    |Total                     |                    |        0|   0| 136|  62|    0|
    +--------------------------+--------------------+---------+----+----+----+-----+

    * DSP: 
    N/A

    * Memory: 
    N/A

    * FIFO: 
    N/A

    * Expression: 
    +------------------------------------+----------+----+---+----+------------+------------+
    |            Variable Name           | Operation| DSP| FF| LUT| Bitwidth P0| Bitwidth P1|
    +------------------------------------+----------+----+---+----+------------+------------+
    |add_ln280_1_fu_252_p2               |         +|   0|  0|  12|           4|           4|
    |add_ln280_2_fu_317_p2               |         +|   0|  0|  71|          64|          64|
    |add_ln280_3_fu_165_p2               |         +|   0|  0|  12|           4|           1|
    |add_ln280_fu_216_p2                 |         +|   0|  0|   9|           2|           1|
    |add_ln281_fu_363_p2                 |         +|   0|  0|   9|           2|           1|
    |add_ln282_fu_340_p2                 |         +|   0|  0|  10|           5|           5|
    |sub_ln282_1_fu_273_p2               |         -|   0|  0|  10|           5|           5|
    |sub_ln282_2_fu_291_p2               |         -|   0|  0|  12|           5|           5|
    |sub_ln282_fu_207_p2                 |         -|   0|  0|  12|           5|           5|
    |ap_block_pp0_stage0_01001           |       and|   0|  0|   2|           1|           1|
    |ap_block_state15_pp0_stage0_iter14  |       and|   0|  0|   2|           1|           1|
    |ap_block_state9_io                  |       and|   0|  0|   2|           1|           1|
    |empty_185_fu_357_p2                 |      icmp|   0|  0|   9|           4|           1|
    |empty_187_fu_369_p2                 |      icmp|   0|  0|   9|           4|           1|
    |icmp_ln280_fu_159_p2                |      icmp|   0|  0|   9|           4|           4|
    |icmp_ln281_fu_222_p2                |      icmp|   0|  0|   8|           2|           2|
    |ap_block_pp0_stage0_11001           |        or|   0|  0|   2|           1|           1|
    |select_ln280_1_fu_240_p3            |    select|   0|  0|   2|           1|           2|
    |select_ln280_2_fu_297_p3            |    select|   0|  0|   5|           1|           5|
    |select_ln280_fu_228_p3              |    select|   0|  0|   2|           1|           1|
    |ap_enable_pp0                       |       xor|   0|  0|   2|           1|           2|
    +------------------------------------+----------+----+---+----+------------+------------+
    |Total                               |          |   0|  0| 211|         118|         113|
    +------------------------------------+----------+----+---+----+------------+------------+

    * Multiplexer: 
    +----------------------------------------+----+-----------+-----+-----------+
    |                  Name                  | LUT| Input Size| Bits| Total Bits|
    +----------------------------------------+----+-----------+-----+-----------+
    |ap_done_int                             |   9|          2|    1|          2|
    |ap_enable_reg_pp0_iter8                 |   9|          2|    1|          2|
    |ap_sig_allocacmp_indvar_flatten79_load  |   9|          2|    4|          8|
    |gmem_blk_n_AW                           |   9|          2|    1|          2|
    |gmem_blk_n_B                            |   9|          2|    1|          2|
    |gmem_blk_n_W                            |   9|          2|    1|          2|
    |i_fu_88                                 |   9|          2|    2|          4|
    |indvar_flatten79_fu_92                  |   9|          2|    4|          8|
    |j_fu_84                                 |   9|          2|    2|          4|
    +----------------------------------------+----+-----------+-----+-----------+
    |Total                                   |  81|         18|   17|         34|
    +----------------------------------------+----+-----------+-----+-----------+

    * Register: 
    +-----------------------------------+----+----+-----+-----------+
    |                Name               | FF | LUT| Bits| Const Bits|
    +-----------------------------------+----+----+-----+-----------+
    |ap_CS_fsm                          |   1|   0|    1|          0|
    |ap_done_reg                        |   1|   0|    1|          0|
    |ap_enable_reg_pp0_iter1            |   1|   0|    1|          0|
    |ap_enable_reg_pp0_iter10           |   1|   0|    1|          0|
    |ap_enable_reg_pp0_iter11           |   1|   0|    1|          0|
    |ap_enable_reg_pp0_iter12           |   1|   0|    1|          0|
    |ap_enable_reg_pp0_iter13           |   1|   0|    1|          0|
    |ap_enable_reg_pp0_iter14           |   1|   0|    1|          0|
    |ap_enable_reg_pp0_iter2            |   1|   0|    1|          0|
    |ap_enable_reg_pp0_iter3            |   1|   0|    1|          0|
    |ap_enable_reg_pp0_iter4            |   1|   0|    1|          0|
    |ap_enable_reg_pp0_iter5            |   1|   0|    1|          0|
    |ap_enable_reg_pp0_iter6            |   1|   0|    1|          0|
    |ap_enable_reg_pp0_iter7            |   1|   0|    1|          0|
    |ap_enable_reg_pp0_iter8            |   1|   0|    1|          0|
    |ap_enable_reg_pp0_iter9            |   1|   0|    1|          0|
    |ap_loop_exit_ready_pp0_iter10_reg  |   1|   0|    1|          0|
    |ap_loop_exit_ready_pp0_iter11_reg  |   1|   0|    1|          0|
    |ap_loop_exit_ready_pp0_iter12_reg  |   1|   0|    1|          0|
    |ap_loop_exit_ready_pp0_iter13_reg  |   1|   0|    1|          0|
    |ap_loop_exit_ready_pp0_iter1_reg   |   1|   0|    1|          0|
    |ap_loop_exit_ready_pp0_iter2_reg   |   1|   0|    1|          0|
    |ap_loop_exit_ready_pp0_iter3_reg   |   1|   0|    1|          0|
    |ap_loop_exit_ready_pp0_iter4_reg   |   1|   0|    1|          0|
    |ap_loop_exit_ready_pp0_iter5_reg   |   1|   0|    1|          0|
    |ap_loop_exit_ready_pp0_iter6_reg   |   1|   0|    1|          0|
    |ap_loop_exit_ready_pp0_iter7_reg   |   1|   0|    1|          0|
    |ap_loop_exit_ready_pp0_iter8_reg   |   1|   0|    1|          0|
    |ap_loop_exit_ready_pp0_iter9_reg   |   1|   0|    1|          0|
    |bitcast_ln282_reg_453              |  32|   0|   32|          0|
    |empty_185_reg_445                  |   1|   0|    1|          0|
    |empty_187_reg_449                  |   1|   0|    1|          0|
    |gmem_addr_reg_439                  |  64|   0|   64|          0|
    |i_fu_88                            |   2|   0|    2|          0|
    |icmp_ln280_reg_425                 |   1|   0|    1|          0|
    |indvar_flatten79_fu_92             |   4|   0|    4|          0|
    |j_fu_84                            |   2|   0|    2|          0|
    |zext_ln280_cast_reg_415            |   3|   0|    4|          1|
    |empty_187_reg_449                  |  64|  32|    1|          0|
    |icmp_ln280_reg_425                 |  64|  32|    1|          0|
    +-----------------------------------+----+----+-----+-----------+
    |Total                              | 267|  64|  142|          1|
    +-----------------------------------+----+----+-----+-----------+



================================================================
== Interface
================================================================
* Summary: 
+---------------------+-----+-----+------------+---------------------------------------------------+--------------+
|      RTL Ports      | Dir | Bits|  Protocol  |                   Source Object                   |    C Type    |
+---------------------+-----+-----+------------+---------------------------------------------------+--------------+
|ap_clk               |   in|    1|  ap_ctrl_hs|  epnp_Pipeline_VITIS_LOOP_280_20_VITIS_LOOP_281_21|  return value|
|ap_rst               |   in|    1|  ap_ctrl_hs|  epnp_Pipeline_VITIS_LOOP_280_20_VITIS_LOOP_281_21|  return value|
|ap_start             |   in|    1|  ap_ctrl_hs|  epnp_Pipeline_VITIS_LOOP_280_20_VITIS_LOOP_281_21|  return value|
|ap_done              |  out|    1|  ap_ctrl_hs|  epnp_Pipeline_VITIS_LOOP_280_20_VITIS_LOOP_281_21|  return value|
|ap_idle              |  out|    1|  ap_ctrl_hs|  epnp_Pipeline_VITIS_LOOP_280_20_VITIS_LOOP_281_21|  return value|
|ap_ready             |  out|    1|  ap_ctrl_hs|  epnp_Pipeline_VITIS_LOOP_280_20_VITIS_LOOP_281_21|  return value|
|m_axi_gmem_AWVALID   |  out|    1|       m_axi|                                               gmem|       pointer|
|m_axi_gmem_AWREADY   |   in|    1|       m_axi|                                               gmem|       pointer|
|m_axi_gmem_AWADDR    |  out|   64|       m_axi|                                               gmem|       pointer|
|m_axi_gmem_AWID      |  out|    1|       m_axi|                                               gmem|       pointer|
|m_axi_gmem_AWLEN     |  out|   32|       m_axi|                                               gmem|       pointer|
|m_axi_gmem_AWSIZE    |  out|    3|       m_axi|                                               gmem|       pointer|
|m_axi_gmem_AWBURST   |  out|    2|       m_axi|                                               gmem|       pointer|
|m_axi_gmem_AWLOCK    |  out|    2|       m_axi|                                               gmem|       pointer|
|m_axi_gmem_AWCACHE   |  out|    4|       m_axi|                                               gmem|       pointer|
|m_axi_gmem_AWPROT    |  out|    3|       m_axi|                                               gmem|       pointer|
|m_axi_gmem_AWQOS     |  out|    4|       m_axi|                                               gmem|       pointer|
|m_axi_gmem_AWREGION  |  out|    4|       m_axi|                                               gmem|       pointer|
|m_axi_gmem_AWUSER    |  out|    1|       m_axi|                                               gmem|       pointer|
|m_axi_gmem_WVALID    |  out|    1|       m_axi|                                               gmem|       pointer|
|m_axi_gmem_WREADY    |   in|    1|       m_axi|                                               gmem|       pointer|
|m_axi_gmem_WDATA     |  out|   32|       m_axi|                                               gmem|       pointer|
|m_axi_gmem_WSTRB     |  out|    4|       m_axi|                                               gmem|       pointer|
|m_axi_gmem_WLAST     |  out|    1|       m_axi|                                               gmem|       pointer|
|m_axi_gmem_WID       |  out|    1|       m_axi|                                               gmem|       pointer|
|m_axi_gmem_WUSER     |  out|    1|       m_axi|                                               gmem|       pointer|
|m_axi_gmem_ARVALID   |  out|    1|       m_axi|                                               gmem|       pointer|
|m_axi_gmem_ARREADY   |   in|    1|       m_axi|                                               gmem|       pointer|
|m_axi_gmem_ARADDR    |  out|   64|       m_axi|                                               gmem|       pointer|
|m_axi_gmem_ARID      |  out|    1|       m_axi|                                               gmem|       pointer|
|m_axi_gmem_ARLEN     |  out|   32|       m_axi|                                               gmem|       pointer|
|m_axi_gmem_ARSIZE    |  out|    3|       m_axi|                                               gmem|       pointer|
|m_axi_gmem_ARBURST   |  out|    2|       m_axi|                                               gmem|       pointer|
|m_axi_gmem_ARLOCK    |  out|    2|       m_axi|                                               gmem|       pointer|
|m_axi_gmem_ARCACHE   |  out|    4|       m_axi|                                               gmem|       pointer|
|m_axi_gmem_ARPROT    |  out|    3|       m_axi|                                               gmem|       pointer|
|m_axi_gmem_ARQOS     |  out|    4|       m_axi|                                               gmem|       pointer|
|m_axi_gmem_ARREGION  |  out|    4|       m_axi|                                               gmem|       pointer|
|m_axi_gmem_ARUSER    |  out|    1|       m_axi|                                               gmem|       pointer|
|m_axi_gmem_RVALID    |   in|    1|       m_axi|                                               gmem|       pointer|
|m_axi_gmem_RREADY    |  out|    1|       m_axi|                                               gmem|       pointer|
|m_axi_gmem_RDATA     |   in|   32|       m_axi|                                               gmem|       pointer|
|m_axi_gmem_RLAST     |   in|    1|       m_axi|                                               gmem|       pointer|
|m_axi_gmem_RID       |   in|    1|       m_axi|                                               gmem|       pointer|
|m_axi_gmem_RFIFONUM  |   in|    9|       m_axi|                                               gmem|       pointer|
|m_axi_gmem_RUSER     |   in|    1|       m_axi|                                               gmem|       pointer|
|m_axi_gmem_RRESP     |   in|    2|       m_axi|                                               gmem|       pointer|
|m_axi_gmem_BVALID    |   in|    1|       m_axi|                                               gmem|       pointer|
|m_axi_gmem_BREADY    |  out|    1|       m_axi|                                               gmem|       pointer|
|m_axi_gmem_BRESP     |   in|    2|       m_axi|                                               gmem|       pointer|
|m_axi_gmem_BID       |   in|    1|       m_axi|                                               gmem|       pointer|
|m_axi_gmem_BUSER     |   in|    1|       m_axi|                                               gmem|       pointer|
|zext_ln280           |   in|    3|     ap_none|                                         zext_ln280|        scalar|
|rmat                 |   in|   64|     ap_none|                                               rmat|        scalar|
|Rs_address0          |  out|    5|   ap_memory|                                                 Rs|         array|
|Rs_ce0               |  out|    1|   ap_memory|                                                 Rs|         array|
|Rs_q0                |   in|   32|   ap_memory|                                                 Rs|         array|
+---------------------+-----+-----+------------+---------------------------------------------------+--------------+

