

================================================================
== Vitis HLS Report for 'epnp_Pipeline_VITIS_LOOP_57_9'
================================================================
* Date:           Tue Apr  4 19:45:27 2023

* Version:        2022.1 (Build 3526262 on Mon Apr 18 15:47:01 MDT 2022)
* Project:        hls_EstimateMotion
* Solution:       solution1 (Vivado IP Flow Target)
* Product family: virtexuplus
* Target device:  xcu50-fsvh2104-2L-e


================================================================
== Performance Estimates
================================================================
+ Timing: 
    * Summary: 
    +--------+----------+-----------+------------+
    |  Clock |  Target  | Estimated | Uncertainty|
    +--------+----------+-----------+------------+
    |ap_clk  |  60.00 ns|  32.143 ns|    16.20 ns|
    +--------+----------+-----------+------------+

+ Latency: 
    * Summary: 
    +---------+---------+----------+----------+-----+-----+---------+
    |  Latency (cycles) |  Latency (absolute) |  Interval | Pipeline|
    |   min   |   max   |    min   |    max   | min | max |   Type  |
    +---------+---------+----------+----------+-----+-----+---------+
    |        8|        8|  0.480 us|  0.480 us|    8|    8|       no|
    +---------+---------+----------+----------+-----+-----+---------+

    + Detail: 
        * Instance: 
        N/A

        * Loop: 
        +-------------------+---------+---------+----------+-----------+-----------+------+----------+
        |                   |  Latency (cycles) | Iteration|  Initiation Interval  | Trip |          |
        |     Loop Name     |   min   |   max   |  Latency |  achieved |   target  | Count| Pipelined|
        +-------------------+---------+---------+----------+-----------+-----------+------+----------+
        |- VITIS_LOOP_57_9  |        6|        6|         3|          2|          1|     3|       yes|
        +-------------------+---------+---------+----------+-----------+-----------+------+----------+



================================================================
== Utilization Estimates
================================================================
* Summary: 
+---------------------+---------+------+---------+--------+-----+
|         Name        | BRAM_18K|  DSP |    FF   |   LUT  | URAM|
+---------------------+---------+------+---------+--------+-----+
|DSP                  |        -|     -|        -|       -|    -|
|Expression           |        -|     -|        0|      89|    -|
|FIFO                 |        -|     -|        -|       -|    -|
|Instance             |        -|     4|        0|     452|    -|
|Memory               |        -|     -|        -|       -|    -|
|Multiplexer          |        -|     -|        -|     152|    -|
|Register             |        -|     -|       46|       -|    -|
+---------------------+---------+------+---------+--------+-----+
|Total                |        0|     4|       46|     693|    0|
+---------------------+---------+------+---------+--------+-----+
|Available SLR        |     1344|  2976|   871680|  435840|  320|
+---------------------+---------+------+---------+--------+-----+
|Utilization SLR (%)  |        0|    ~0|       ~0|      ~0|    0|
+---------------------+---------+------+---------+--------+-----+
|Available            |     2688|  5952|  1743360|  871680|  640|
+---------------------+---------+------+---------+--------+-----+
|Utilization (%)      |        0|    ~0|       ~0|      ~0|    0|
+---------------------+---------+------+---------+--------+-----+

+ Detail: 
    * Instance: 
    +-------------------------------------+--------------------------------+---------+----+---+-----+-----+
    |               Instance              |             Module             | BRAM_18K| DSP| FF| LUT | URAM|
    +-------------------------------------+--------------------------------+---------+----+---+-----+-----+
    |fsub_32ns_32ns_32_1_full_dsp_1_U263  |fsub_32ns_32ns_32_1_full_dsp_1  |        0|   2|  0|  226|    0|
    |fsub_32ns_32ns_32_1_full_dsp_1_U264  |fsub_32ns_32ns_32_1_full_dsp_1  |        0|   2|  0|  226|    0|
    +-------------------------------------+--------------------------------+---------+----+---+-----+-----+
    |Total                                |                                |        0|   4|  0|  452|    0|
    +-------------------------------------+--------------------------------+---------+----+---+-----+-----+

    * DSP: 
    N/A

    * Memory: 
    N/A

    * FIFO: 
    N/A

    * Expression: 
    +----------------------+----------+----+---+----+------------+------------+
    |     Variable Name    | Operation| DSP| FF| LUT| Bitwidth P0| Bitwidth P1|
    +----------------------+----------+----+---+----+------------+------------+
    |add_ln57_fu_149_p2    |         +|   0|  0|   9|           2|           1|
    |add_ln59_1_fu_183_p2  |         +|   0|  0|  12|           4|           3|
    |add_ln59_2_fu_194_p2  |         +|   0|  0|  12|           4|           4|
    |add_ln59_3_fu_223_p2  |         +|   0|  0|  12|           4|           1|
    |add_ln59_4_fu_233_p2  |         +|   0|  0|  12|           4|           2|
    |add_ln59_fu_164_p2    |         +|   0|  0|  10|           3|           2|
    |sub_ln59_fu_212_p2    |         -|   0|  0|  12|           4|           4|
    |icmp_ln57_fu_143_p2   |      icmp|   0|  0|   8|           2|           2|
    |ap_enable_pp0         |       xor|   0|  0|   2|           1|           2|
    +----------------------+----------+----+---+----+------------+------------+
    |Total                 |          |   0|  0|  89|          28|          21|
    +----------------------+----------+----+---+----+------------+------------+

    * Multiplexer: 
    +-----------------------------+----+-----------+-----+-----------+
    |             Name            | LUT| Input Size| Bits| Total Bits|
    +-----------------------------+----+-----------+-----+-----------+
    |CC_address0                  |  14|          3|    4|         12|
    |CC_d0                        |  14|          3|   32|         96|
    |ap_NS_fsm                    |  14|          3|    1|          3|
    |ap_done_int                  |   9|          2|    1|          2|
    |ap_enable_reg_pp0_iter0      |   9|          2|    1|          2|
    |ap_enable_reg_pp0_iter0_reg  |   9|          2|    1|          2|
    |ap_enable_reg_pp0_iter1      |   9|          2|    1|          2|
    |ap_sig_allocacmp_i_22        |   9|          2|    2|          4|
    |cws_address0                 |  14|          3|    4|         12|
    |cws_address1                 |  14|          3|    4|         12|
    |grp_fu_120_p0                |  14|          3|   32|         96|
    |grp_fu_120_p1                |  14|          3|   32|         96|
    |i_fu_42                      |   9|          2|    2|          4|
    +-----------------------------+----+-----------+-----+-----------+
    |Total                        | 152|         33|  117|        343|
    +-----------------------------+----+-----------+-----+-----------+

    * Register: 
    +-----------------------------+----+----+-----+-----------+
    |             Name            | FF | LUT| Bits| Const Bits|
    +-----------------------------+----+----+-----+-----------+
    |ap_CS_fsm                    |   2|   0|    2|          0|
    |ap_done_reg                  |   1|   0|    1|          0|
    |ap_enable_reg_pp0_iter0_reg  |   1|   0|    1|          0|
    |ap_enable_reg_pp0_iter1      |   1|   0|    1|          0|
    |cws_load_reg_286             |  32|   0|   32|          0|
    |i_22_reg_250                 |   2|   0|    2|          0|
    |i_fu_42                      |   2|   0|    2|          0|
    |icmp_ln57_reg_256            |   1|   0|    1|          0|
    |sub_ln59_reg_280             |   4|   0|    4|          0|
    +-----------------------------+----+----+-----+-----------+
    |Total                        |  46|   0|   46|          0|
    +-----------------------------+----+----+-----+-----------+



================================================================
== Interface
================================================================
* Summary: 
+--------------+-----+-----+------------+-------------------------------+--------------+
|   RTL Ports  | Dir | Bits|  Protocol  |         Source Object         |    C Type    |
+--------------+-----+-----+------------+-------------------------------+--------------+
|ap_clk        |   in|    1|  ap_ctrl_hs|  epnp_Pipeline_VITIS_LOOP_57_9|  return value|
|ap_rst        |   in|    1|  ap_ctrl_hs|  epnp_Pipeline_VITIS_LOOP_57_9|  return value|
|ap_start      |   in|    1|  ap_ctrl_hs|  epnp_Pipeline_VITIS_LOOP_57_9|  return value|
|ap_done       |  out|    1|  ap_ctrl_hs|  epnp_Pipeline_VITIS_LOOP_57_9|  return value|
|ap_idle       |  out|    1|  ap_ctrl_hs|  epnp_Pipeline_VITIS_LOOP_57_9|  return value|
|ap_ready      |  out|    1|  ap_ctrl_hs|  epnp_Pipeline_VITIS_LOOP_57_9|  return value|
|cws_address0  |  out|    4|   ap_memory|                            cws|         array|
|cws_ce0       |  out|    1|   ap_memory|                            cws|         array|
|cws_q0        |   in|   32|   ap_memory|                            cws|         array|
|cws_address1  |  out|    4|   ap_memory|                            cws|         array|
|cws_ce1       |  out|    1|   ap_memory|                            cws|         array|
|cws_q1        |   in|   32|   ap_memory|                            cws|         array|
|CC_address0   |  out|    4|   ap_memory|                             CC|         array|
|CC_ce0        |  out|    1|   ap_memory|                             CC|         array|
|CC_we0        |  out|    1|   ap_memory|                             CC|         array|
|CC_d0         |  out|   32|   ap_memory|                             CC|         array|
|CC_address1   |  out|    4|   ap_memory|                             CC|         array|
|CC_ce1        |  out|    1|   ap_memory|                             CC|         array|
|CC_we1        |  out|    1|   ap_memory|                             CC|         array|
|CC_d1         |  out|   32|   ap_memory|                             CC|         array|
+--------------+-----+-----+------------+-------------------------------+--------------+

