

================================================================
== Vitis HLS Report for 'estimate_motion_Pipeline_1'
================================================================
* Date:           Tue Apr  4 19:45:19 2023

* Version:        2022.1 (Build 3526262 on Mon Apr 18 15:47:01 MDT 2022)
* Project:        hls_EstimateMotion
* Solution:       solution1 (Vivado IP Flow Target)
* Product family: virtexuplus
* Target device:  xcu50-fsvh2104-2L-e


================================================================
== Performance Estimates
================================================================
+ Timing: 
    * Summary: 
    +--------+----------+----------+------------+
    |  Clock |  Target  | Estimated| Uncertainty|
    +--------+----------+----------+------------+
    |ap_clk  |  60.00 ns|  5.457 ns|    16.20 ns|
    +--------+----------+----------+------------+

+ Latency: 
    * Summary: 
    +---------+---------+----------+----------+-----+-----+---------+
    |  Latency (cycles) |  Latency (absolute) |  Interval | Pipeline|
    |   min   |   max   |    min   |    max   | min | max |   Type  |
    +---------+---------+----------+----------+-----+-----+---------+
    |        ?|        ?|         ?|         ?|    ?|    ?|       no|
    +---------+---------+----------+----------+-----+-----+---------+

    + Detail: 
        * Instance: 
        N/A

        * Loop: 
        +----------+---------+---------+----------+-----------+-----------+------+----------+
        |          |  Latency (cycles) | Iteration|  Initiation Interval  | Trip |          |
        | Loop Name|   min   |   max   |  Latency |  achieved |   target  | Count| Pipelined|
        +----------+---------+---------+----------+-----------+-----------+------+----------+
        |- Loop 1  |        ?|        ?|        36|         36|          1|     ?|       yes|
        +----------+---------+---------+----------+-----------+-----------+------+----------+



================================================================
== Utilization Estimates
================================================================
* Summary: 
+---------------------+---------+------+---------+--------+-----+
|         Name        | BRAM_18K|  DSP |    FF   |   LUT  | URAM|
+---------------------+---------+------+---------+--------+-----+
|DSP                  |        -|     -|        -|       -|    -|
|Expression           |        -|     -|        0|     353|    -|
|FIFO                 |        -|     -|        -|       -|    -|
|Instance             |        -|     3|     2283|    1759|    -|
|Memory               |        -|     -|        -|       -|    -|
|Multiplexer          |        -|     -|        -|     238|    -|
|Register             |        -|     -|      197|       -|    -|
+---------------------+---------+------+---------+--------+-----+
|Total                |        0|     3|     2480|    2350|    0|
+---------------------+---------+------+---------+--------+-----+
|Available SLR        |     1344|  2976|   871680|  435840|  320|
+---------------------+---------+------+---------+--------+-----+
|Utilization SLR (%)  |        0|    ~0|       ~0|      ~0|    0|
+---------------------+---------+------+---------+--------+-----+
|Available            |     2688|  5952|  1743360|  871680|  640|
+---------------------+---------+------+---------+--------+-----+
|Utilization (%)      |        0|    ~0|       ~0|      ~0|    0|
+---------------------+---------+------+---------+--------+-----+

+ Detail: 
    * Instance: 
    +----------------------------+------------------------+---------+----+------+------+-----+
    |          Instance          |         Module         | BRAM_18K| DSP|  FF  |  LUT | URAM|
    +----------------------------+------------------------+---------+----+------+------+-----+
    |mul_32ns_33ns_64_1_1_U25    |mul_32ns_33ns_64_1_1    |        0|   3|     0|    21|    0|
    |urem_32ns_32ns_32_36_1_U26  |urem_32ns_32ns_32_36_1  |        0|   0|  2283|  1738|    0|
    +----------------------------+------------------------+---------+----+------+------+-----+
    |Total                       |                        |        0|   3|  2283|  1759|    0|
    +----------------------------+------------------------+---------+----+------+------+-----+

    * DSP: 
    N/A

    * Memory: 
    N/A

    * FIFO: 
    N/A

    * Expression: 
    +------------------------+----------+----+---+----+------------+------------+
    |      Variable Name     | Operation| DSP| FF| LUT| Bitwidth P0| Bitwidth P1|
    +------------------------+----------+----+---+----+------------+------------+
    |add_ln131_fu_220_p2     |         +|   0|  0|  71|          64|          64|
    |and_ln123_1_fu_349_p2   |       and|   0|  0|   2|           1|           1|
    |and_ln123_2_fu_362_p2   |       and|   0|  0|   2|           1|           1|
    |and_ln123_3_fu_375_p2   |       and|   0|  0|   2|           1|           1|
    |and_ln123_fu_336_p2     |       and|   0|  0|   2|           1|           1|
    |icmp_ln119_1_fu_264_p2  |      icmp|   0|  0|  20|          32|          32|
    |icmp_ln119_2_fu_270_p2  |      icmp|   0|  0|  20|          32|          32|
    |icmp_ln119_3_fu_276_p2  |      icmp|   0|  0|  20|          32|          32|
    |icmp_ln119_4_fu_282_p2  |      icmp|   0|  0|  20|          32|          32|
    |icmp_ln119_fu_258_p2    |      icmp|   0|  0|  20|          32|          32|
    |or_ln119_1_fu_294_p2    |        or|   0|  0|   2|           1|           1|
    |or_ln119_2_fu_300_p2    |        or|   0|  0|   2|           1|           1|
    |or_ln119_3_fu_306_p2    |        or|   0|  0|   2|           1|           1|
    |or_ln119_fu_288_p2      |        or|   0|  0|   2|           1|           1|
    |or_ln123_1_fu_316_p2    |        or|   0|  0|   2|           1|           1|
    |or_ln123_fu_312_p2      |        or|   0|  0|   2|           1|           1|
    |idx_11_fu_322_p3        |    select|   0|  0|  32|           1|          32|
    |idx_12_fu_341_p3        |    select|   0|  0|  32|           1|          32|
    |idx_13_fu_354_p3        |    select|   0|  0|  32|           1|          32|
    |idx_14_fu_367_p3        |    select|   0|  0|  32|           1|          32|
    |idx_15_fu_380_p3        |    select|   0|  0|  32|           1|          32|
    |xor_ln119_fu_330_p2     |       xor|   0|  0|   2|           1|           2|
    +------------------------+----------+----+---+----+------------+------------+
    |Total                   |          |   0|  0| 353|         240|         396|
    +------------------------+----------+----+---+----+------------+------------+

    * Multiplexer: 
    +-------------------------------------+-----+-----------+-----+-----------+
    |                 Name                | LUT | Input Size| Bits| Total Bits|
    +-------------------------------------+-----+-----------+-----+-----------+
    |add_i_i_i14_out_o                    |    9|          2|   64|        128|
    |ap_NS_fsm                            |  166|         37|    1|         37|
    |ap_done_int                          |    9|          2|    1|          2|
    |ap_phi_mux_random_num_phi_fu_156_p4  |    9|          2|   32|         64|
    |idx_5_fu_60                          |    9|          2|   32|         64|
    |idx_6_fu_64                          |    9|          2|   32|         64|
    |idx_7_fu_68                          |    9|          2|   32|         64|
    |idx_8_fu_72                          |    9|          2|   32|         64|
    |idx_9_fu_76                          |    9|          2|   32|         64|
    +-------------------------------------+-----+-----------+-----+-----------+
    |Total                                |  238|         53|  258|        551|
    +-------------------------------------+-----+-----------+-----+-----------+

    * Register: 
    +-------------+----+----+-----+-----------+
    |     Name    | FF | LUT| Bits| Const Bits|
    +-------------+----+----+-----+-----------+
    |ap_CS_fsm    |  36|   0|   36|          0|
    |ap_done_reg  |   1|   0|    1|          0|
    |idx_5_fu_60  |  32|   0|   32|          0|
    |idx_6_fu_64  |  32|   0|   32|          0|
    |idx_7_fu_68  |  32|   0|   32|          0|
    |idx_8_fu_72  |  32|   0|   32|          0|
    |idx_9_fu_76  |  32|   0|   32|          0|
    +-------------+----+----+-----+-----------+
    |Total        | 197|   0|  197|          0|
    +-------------+----+----+-----+-----------+



================================================================
== Interface
================================================================
* Summary: 
+--------------------------+-----+-----+------------+----------------------------+--------------+
|         RTL Ports        | Dir | Bits|  Protocol  |        Source Object       |    C Type    |
+--------------------------+-----+-----+------------+----------------------------+--------------+
|ap_clk                    |   in|    1|  ap_ctrl_hs|  estimate_motion_Pipeline_1|  return value|
|ap_rst                    |   in|    1|  ap_ctrl_hs|  estimate_motion_Pipeline_1|  return value|
|ap_start                  |   in|    1|  ap_ctrl_hs|  estimate_motion_Pipeline_1|  return value|
|ap_done                   |  out|    1|  ap_ctrl_hs|  estimate_motion_Pipeline_1|  return value|
|ap_idle                   |  out|    1|  ap_ctrl_hs|  estimate_motion_Pipeline_1|  return value|
|ap_ready                  |  out|    1|  ap_ctrl_hs|  estimate_motion_Pipeline_1|  return value|
|idx_4                     |   in|   32|     ap_none|                       idx_4|        scalar|
|idx_3                     |   in|   32|     ap_none|                       idx_3|        scalar|
|idx_2                     |   in|   32|     ap_none|                       idx_2|        scalar|
|idx_1                     |   in|   32|     ap_none|                       idx_1|        scalar|
|idx                       |   in|   32|     ap_none|                         idx|        scalar|
|cmp_i_i_i                 |   in|    1|     ap_none|                   cmp_i_i_i|        scalar|
|icmp_ln123                |   in|    1|     ap_none|                  icmp_ln123|        scalar|
|or_ln123_2                |   in|    1|     ap_none|                  or_ln123_2|        scalar|
|icmp_ln123_3              |   in|    1|     ap_none|                icmp_ln123_3|        scalar|
|icmp_ln123_2              |   in|    1|     ap_none|                icmp_ln123_2|        scalar|
|icmp_ln123_1              |   in|    1|     ap_none|                icmp_ln123_1|        scalar|
|point_num                 |   in|   32|     ap_none|                   point_num|        scalar|
|add_i_i_i14_out_i         |   in|   64|     ap_ovld|             add_i_i_i14_out|       pointer|
|add_i_i_i14_out_o         |  out|   64|     ap_ovld|             add_i_i_i14_out|       pointer|
|add_i_i_i14_out_o_ap_vld  |  out|    1|     ap_ovld|             add_i_i_i14_out|       pointer|
|idx_11_out                |  out|   32|      ap_vld|                  idx_11_out|       pointer|
|idx_11_out_ap_vld         |  out|    1|      ap_vld|                  idx_11_out|       pointer|
|idx_12_out                |  out|   32|      ap_vld|                  idx_12_out|       pointer|
|idx_12_out_ap_vld         |  out|    1|      ap_vld|                  idx_12_out|       pointer|
|idx_13_out                |  out|   32|      ap_vld|                  idx_13_out|       pointer|
|idx_13_out_ap_vld         |  out|    1|      ap_vld|                  idx_13_out|       pointer|
|idx_14_out                |  out|   32|      ap_vld|                  idx_14_out|       pointer|
|idx_14_out_ap_vld         |  out|    1|      ap_vld|                  idx_14_out|       pointer|
|idx_15_out                |  out|   32|      ap_vld|                  idx_15_out|       pointer|
|idx_15_out_ap_vld         |  out|    1|      ap_vld|                  idx_15_out|       pointer|
+--------------------------+-----+-----+------------+----------------------------+--------------+

