

================================================================
== Vitis HLS Report for 'estimate_motion'
================================================================
* Date:           Tue Apr  4 19:46:10 2023

* Version:        2022.1 (Build 3526262 on Mon Apr 18 15:47:01 MDT 2022)
* Project:        hls_EstimateMotion
* Solution:       solution1 (Vivado IP Flow Target)
* Product family: virtexuplus
* Target device:  xcu50-fsvh2104-2L-e


================================================================
== Performance Estimates
================================================================
+ Timing: 
    * Summary: 
    +--------+----------+-----------+------------+
    |  Clock |  Target  | Estimated | Uncertainty|
    +--------+----------+-----------+------------+
    |ap_clk  |  60.00 ns|  43.800 ns|    16.20 ns|
    +--------+----------+-----------+------------+

+ Latency: 
    * Summary: 
    +---------+---------+----------+----------+-----+-----+---------+
    |  Latency (cycles) |  Latency (absolute) |  Interval | Pipeline|
    |   min   |   max   |    min   |    max   | min | max |   Type  |
    +---------+---------+----------+----------+-----+-----+---------+
    |        ?|        ?|         ?|         ?|    ?|    ?|       no|
    +---------+---------+----------+----------+-----+-----+---------+

    + Detail: 
        * Instance: 
        +-----------------------------------------------------+------------------------------------------+---------+---------+----------+----------+-----+-----+---------+
        |                                                     |                                          |  Latency (cycles) |  Latency (absolute) |  Interval | Pipeline|
        |                       Instance                      |                  Module                  |   min   |   max   |    min   |    max   | min | max |   Type  |
        +-----------------------------------------------------+------------------------------------------+---------+---------+----------+----------+-----+-----+---------+
        |grp_match_points_fu_252                              |match_points                              |        ?|        ?|         ?|         ?|    ?|    ?|       no|
        |grp_estimate_motion_Pipeline_VITIS_LOOP_91_1_fu_286  |estimate_motion_Pipeline_VITIS_LOOP_91_1  |        7|        7|  0.420 us|  0.420 us|    7|    7|       no|
        |grp_estimate_motion_Pipeline_1_fu_305                |estimate_motion_Pipeline_1                |        ?|        ?|         ?|         ?|    ?|    ?|       no|
        |grp_epnp_fu_327                                      |epnp                                      |        ?|        ?|         ?|         ?|    ?|    ?|       no|
        +-----------------------------------------------------+------------------------------------------+---------+---------+----------+----------+-----+-----+---------+

        * Loop: 
        +--------------------+---------+---------+----------+-----------+-----------+------+----------+
        |                    |  Latency (cycles) | Iteration|  Initiation Interval  | Trip |          |
        |      Loop Name     |   min   |   max   |  Latency |  achieved |   target  | Count| Pipelined|
        +--------------------+---------+---------+----------+-----------+-----------+------+----------+
        |- VITIS_LOOP_111_2  |        ?|        ?|         ?|          -|          -|     5|        no|
        +--------------------+---------+---------+----------+-----------+-----------+------+----------+



================================================================
== Utilization Estimates
================================================================
* Summary: 
+---------------------+---------+------+---------+--------+-----+
|         Name        | BRAM_18K|  DSP |    FF   |   LUT  | URAM|
+---------------------+---------+------+---------+--------+-----+
|DSP                  |        -|     -|        -|       -|    -|
|Expression           |        -|     -|        0|      74|    -|
|FIFO                 |        -|     -|        -|       -|    -|
|Instance             |       58|  1043|    55799|  159668|    6|
|Memory               |        5|     -|      160|     165|    0|
|Multiplexer          |        -|     -|        -|     569|    -|
|Register             |        -|     -|      984|       -|    -|
+---------------------+---------+------+---------+--------+-----+
|Total                |       63|  1043|    56943|  160476|    6|
+---------------------+---------+------+---------+--------+-----+
|Available SLR        |     1344|  2976|   871680|  435840|  320|
+---------------------+---------+------+---------+--------+-----+
|Utilization SLR (%)  |        4|    35|        6|      36|    1|
+---------------------+---------+------+---------+--------+-----+
|Available            |     2688|  5952|  1743360|  871680|  640|
+---------------------+---------+------+---------+--------+-----+
|Utilization (%)      |        2|    17|        3|      18|   ~0|
+---------------------+---------+------+---------+--------+-----+

+ Detail: 
    * Instance: 
    +-----------------------------------------------------+------------------------------------------+---------+------+-------+--------+-----+
    |                       Instance                      |                  Module                  | BRAM_18K|  DSP |   FF  |   LUT  | URAM|
    +-----------------------------------------------------+------------------------------------------+---------+------+-------+--------+-----+
    |control_s_axi_U                                      |control_s_axi                             |        0|     0|    646|    1128|    0|
    |grp_epnp_fu_327                                      |epnp                                      |       58|  1033|  50676|  152245|    6|
    |grp_estimate_motion_Pipeline_1_fu_305                |estimate_motion_Pipeline_1                |        0|     3|   2480|    2350|    0|
    |grp_estimate_motion_Pipeline_VITIS_LOOP_91_1_fu_286  |estimate_motion_Pipeline_VITIS_LOOP_91_1  |        0|     0|      9|      82|    0|
    |fdiv_32ns_32ns_32_2_no_dsp_1_U1694                   |fdiv_32ns_32ns_32_2_no_dsp_1              |        0|     0|      0|       0|    0|
    |gmem_m_axi_U                                         |gmem_m_axi                                |        0|     0|    764|    1118|    0|
    |grp_match_points_fu_252                              |match_points                              |        0|     7|   1224|    2745|    0|
    +-----------------------------------------------------+------------------------------------------+---------+------+-------+--------+-----+
    |Total                                                |                                          |       58|  1043|  55799|  159668|    6|
    +-----------------------------------------------------+------------------------------------------+---------+------+-------+--------+-----+

    * DSP: 
    N/A

    * Memory: 
    +---------------+---------------------------+---------+----+----+-----+------+-----+------+-------------+
    |     Memory    |           Module          | BRAM_18K| FF | LUT| URAM| Words| Bits| Banks| W*Bits*Banks|
    +---------------+---------------------------+---------+----+----+-----+------+-----+------+-------------+
    |opoint_x_U     |opoint_x_RAM_AUTO_1R1W     |        1|   0|   0|    0|   500|   32|     1|        16000|
    |opoint_y_U     |opoint_x_RAM_AUTO_1R1W     |        1|   0|   0|    0|   500|   32|     1|        16000|
    |opoint_z_U     |opoint_x_RAM_AUTO_1R1W     |        1|   0|   0|    0|   500|   32|     1|        16000|
    |ipoint_x_U     |opoint_x_RAM_AUTO_1R1W     |        1|   0|   0|    0|   500|   32|     1|        16000|
    |ipoint_y_U     |opoint_x_RAM_AUTO_1R1W     |        1|   0|   0|    0|   500|   32|     1|        16000|
    |subopoint_x_U  |subopoint_x_RAM_AUTO_1R1W  |        0|  32|  33|    0|     5|   32|     1|          160|
    |subopoint_y_U  |subopoint_x_RAM_AUTO_1R1W  |        0|  32|  33|    0|     5|   32|     1|          160|
    |subopoint_z_U  |subopoint_x_RAM_AUTO_1R1W  |        0|  32|  33|    0|     5|   32|     1|          160|
    |subipoint_x_U  |subopoint_x_RAM_AUTO_1R1W  |        0|  32|  33|    0|     5|   32|     1|          160|
    |subipoint_y_U  |subopoint_x_RAM_AUTO_1R1W  |        0|  32|  33|    0|     5|   32|     1|          160|
    +---------------+---------------------------+---------+----+----+-----+------+-----+------+-------------+
    |Total          |                           |        5| 160| 165|    0|  2525|  320|    10|        80800|
    +---------------+---------------------------+---------+----+----+-----+------+-----+------+-------------+

    * FIFO: 
    N/A

    * Expression: 
    +------------------------+----------+----+---+----+------------+------------+
    |      Variable Name     | Operation| DSP| FF| LUT| Bitwidth P0| Bitwidth P1|
    +------------------------+----------+----+---+----+------------+------------+
    |add_ln111_fu_446_p2     |         +|   0|  0|  10|           3|           1|
    |cmp_i_i_i_fu_431_p2     |      icmp|   0|  0|  20|          32|           1|
    |icmp_ln111_fu_440_p2    |      icmp|   0|  0|   8|           3|           3|
    |icmp_ln123_1_fu_463_p2  |      icmp|   0|  0|   8|           3|           1|
    |icmp_ln123_2_fu_469_p2  |      icmp|   0|  0|   8|           3|           2|
    |icmp_ln123_3_fu_475_p2  |      icmp|   0|  0|   8|           3|           2|
    |icmp_ln123_fu_457_p2    |      icmp|   0|  0|   8|           3|           1|
    |or_ln123_1_fu_481_p2    |        or|   0|  0|   2|           1|           1|
    |or_ln123_fu_487_p2      |        or|   0|  0|   2|           1|           1|
    +------------------------+----------+----+---+----+------------+------------+
    |Total                   |          |   0|  0|  74|          52|          13|
    +------------------------+----------+----+---+----+------------+------------+

    * Multiplexer: 
    +----------------------+----+-----------+-----+-----------+
    |         Name         | LUT| Input Size| Bits| Total Bits|
    +----------------------+----+-----------+-----+-----------+
    |add_i_i_i16_fu_118    |   9|          2|   64|        128|
    |ap_NS_fsm             |  49|          9|    1|          9|
    |gmem_ARVALID          |   9|          2|    1|          2|
    |gmem_AWVALID          |   9|          2|    1|          2|
    |gmem_BREADY           |   9|          2|    1|          2|
    |gmem_RREADY           |   9|          2|    1|          2|
    |gmem_WVALID           |   9|          2|    1|          2|
    |grp_fu_647_ce         |  14|          3|    1|          3|
    |grp_fu_647_p0         |  14|          3|   32|         96|
    |grp_fu_647_p1         |  14|          3|   32|         96|
    |i_fu_122              |   9|          2|    3|          6|
    |idx_1_fu_130          |   9|          2|   32|         64|
    |idx_2_fu_134          |   9|          2|   32|         64|
    |idx_3_fu_138          |   9|          2|   32|         64|
    |idx_4_fu_142          |   9|          2|   32|         64|
    |idx_fu_126            |   9|          2|   32|         64|
    |ipoint_x_address0     |  14|          3|    9|         27|
    |ipoint_x_ce0          |  14|          3|    1|          3|
    |ipoint_x_we0          |   9|          2|    1|          2|
    |ipoint_y_address0     |  14|          3|    9|         27|
    |ipoint_y_ce0          |  14|          3|    1|          3|
    |ipoint_y_we0          |   9|          2|    1|          2|
    |opoint_x_address0     |  14|          3|    9|         27|
    |opoint_x_ce0          |  14|          3|    1|          3|
    |opoint_x_we0          |   9|          2|    1|          2|
    |opoint_y_address0     |  14|          3|    9|         27|
    |opoint_y_ce0          |  14|          3|    1|          3|
    |opoint_y_we0          |   9|          2|    1|          2|
    |opoint_z_address0     |  14|          3|    9|         27|
    |opoint_z_ce0          |  14|          3|    1|          3|
    |opoint_z_we0          |   9|          2|    1|          2|
    |subipoint_x_address0  |  14|          3|    3|          9|
    |subipoint_x_ce0       |  14|          3|    1|          3|
    |subipoint_x_we0       |   9|          2|    1|          2|
    |subipoint_y_address0  |  14|          3|    3|          9|
    |subipoint_y_ce0       |  14|          3|    1|          3|
    |subipoint_y_we0       |   9|          2|    1|          2|
    |subopoint_x_address0  |  14|          3|    3|          9|
    |subopoint_x_ce0       |  14|          3|    1|          3|
    |subopoint_x_we0       |   9|          2|    1|          2|
    |subopoint_y_address0  |  14|          3|    3|          9|
    |subopoint_y_ce0       |  14|          3|    1|          3|
    |subopoint_y_we0       |   9|          2|    1|          2|
    |subopoint_z_address0  |  14|          3|    3|          9|
    |subopoint_z_ce0       |  14|          3|    1|          3|
    |subopoint_z_we0       |   9|          2|    1|          2|
    +----------------------+----+-----------+-----+-----------+
    |Total                 | 569|        122|  378|        898|
    +----------------------+----+-----------+-----+-----------+

    * Register: 
    +------------------------------------------------------------------+----+----+-----+-----------+
    |                               Name                               | FF | LUT| Bits| Const Bits|
    +------------------------------------------------------------------+----+----+-----+-----------+
    |add_i_i_i16_fu_118                                                |  64|   0|   64|          0|
    |ap_CS_fsm                                                         |   8|   0|    8|          0|
    |cmp_i_i_i_reg_606                                                 |   1|   0|    1|          0|
    |cx_read_reg_563                                                   |  32|   0|   32|          0|
    |cy_read_reg_557                                                   |  32|   0|   32|          0|
    |depths_read_reg_552                                               |  64|   0|   64|          0|
    |fx_read_reg_575                                                   |  32|   0|   32|          0|
    |fy_read_reg_569                                                   |  32|   0|   32|          0|
    |grp_epnp_fu_327_ap_start_reg                                      |   1|   0|    1|          0|
    |grp_estimate_motion_Pipeline_1_fu_305_ap_start_reg                |   1|   0|    1|          0|
    |grp_estimate_motion_Pipeline_VITIS_LOOP_91_1_fu_286_ap_start_reg  |   1|   0|    1|          0|
    |grp_match_points_fu_252_ap_start_reg                              |   1|   0|    1|          0|
    |i_19_reg_611                                                      |   3|   0|    3|          0|
    |i_fu_122                                                          |   3|   0|    3|          0|
    |icmp_ln123_1_reg_627                                              |   1|   0|    1|          0|
    |icmp_ln123_2_reg_632                                              |   1|   0|    1|          0|
    |icmp_ln123_3_reg_637                                              |   1|   0|    1|          0|
    |icmp_ln123_reg_622                                                |   1|   0|    1|          0|
    |idx_1_fu_130                                                      |  32|   0|   32|          0|
    |idx_2_fu_134                                                      |  32|   0|   32|          0|
    |idx_3_fu_138                                                      |  32|   0|   32|          0|
    |idx_4_fu_142                                                      |  32|   0|   32|          0|
    |idx_fu_126                                                        |  32|   0|   32|          0|
    |kp0_read_reg_586                                                  |  64|   0|   64|          0|
    |kp1_read_reg_581                                                  |  64|   0|   64|          0|
    |match_num_read_reg_591                                            |  32|   0|   32|          0|
    |match_read_reg_596                                                |  64|   0|   64|          0|
    |or_ln123_reg_642                                                  |   1|   0|    1|          0|
    |point_num_reg_601                                                 |  32|   0|   32|          0|
    |reg_366                                                           |  32|   0|   32|          0|
    |reg_372                                                           |  32|   0|   32|          0|
    |reg_378                                                           |  32|   0|   32|          0|
    |reg_384                                                           |  32|   0|   32|          0|
    |reg_390                                                           |  32|   0|   32|          0|
    |rmat_read_reg_547                                                 |  64|   0|   64|          0|
    |tvec_read_reg_542                                                 |  64|   0|   64|          0|
    +------------------------------------------------------------------+----+----+-----+-----------+
    |Total                                                             | 984|   0|  984|          0|
    +------------------------------------------------------------------+----+----+-----+-----------+



================================================================
== Interface
================================================================
* Summary: 
+-----------------------+-----+-----+------------+-----------------+--------------+
|       RTL Ports       | Dir | Bits|  Protocol  |  Source Object  |    C Type    |
+-----------------------+-----+-----+------------+-----------------+--------------+
|s_axi_control_AWVALID  |   in|    1|       s_axi|          control|        scalar|
|s_axi_control_AWREADY  |  out|    1|       s_axi|          control|        scalar|
|s_axi_control_AWADDR   |   in|    7|       s_axi|          control|        scalar|
|s_axi_control_WVALID   |   in|    1|       s_axi|          control|        scalar|
|s_axi_control_WREADY   |  out|    1|       s_axi|          control|        scalar|
|s_axi_control_WDATA    |   in|   32|       s_axi|          control|        scalar|
|s_axi_control_WSTRB    |   in|    4|       s_axi|          control|        scalar|
|s_axi_control_ARVALID  |   in|    1|       s_axi|          control|        scalar|
|s_axi_control_ARREADY  |  out|    1|       s_axi|          control|        scalar|
|s_axi_control_ARADDR   |   in|    7|       s_axi|          control|        scalar|
|s_axi_control_RVALID   |  out|    1|       s_axi|          control|        scalar|
|s_axi_control_RREADY   |   in|    1|       s_axi|          control|        scalar|
|s_axi_control_RDATA    |  out|   32|       s_axi|          control|        scalar|
|s_axi_control_RRESP    |  out|    2|       s_axi|          control|        scalar|
|s_axi_control_BVALID   |  out|    1|       s_axi|          control|        scalar|
|s_axi_control_BREADY   |   in|    1|       s_axi|          control|        scalar|
|s_axi_control_BRESP    |  out|    2|       s_axi|          control|        scalar|
|ap_clk                 |   in|    1|  ap_ctrl_hs|  estimate_motion|  return value|
|ap_rst_n               |   in|    1|  ap_ctrl_hs|  estimate_motion|  return value|
|interrupt              |  out|    1|  ap_ctrl_hs|  estimate_motion|  return value|
|m_axi_gmem_AWVALID     |  out|    1|       m_axi|             gmem|       pointer|
|m_axi_gmem_AWREADY     |   in|    1|       m_axi|             gmem|       pointer|
|m_axi_gmem_AWADDR      |  out|   64|       m_axi|             gmem|       pointer|
|m_axi_gmem_AWID        |  out|    1|       m_axi|             gmem|       pointer|
|m_axi_gmem_AWLEN       |  out|    8|       m_axi|             gmem|       pointer|
|m_axi_gmem_AWSIZE      |  out|    3|       m_axi|             gmem|       pointer|
|m_axi_gmem_AWBURST     |  out|    2|       m_axi|             gmem|       pointer|
|m_axi_gmem_AWLOCK      |  out|    2|       m_axi|             gmem|       pointer|
|m_axi_gmem_AWCACHE     |  out|    4|       m_axi|             gmem|       pointer|
|m_axi_gmem_AWPROT      |  out|    3|       m_axi|             gmem|       pointer|
|m_axi_gmem_AWQOS       |  out|    4|       m_axi|             gmem|       pointer|
|m_axi_gmem_AWREGION    |  out|    4|       m_axi|             gmem|       pointer|
|m_axi_gmem_AWUSER      |  out|    1|       m_axi|             gmem|       pointer|
|m_axi_gmem_WVALID      |  out|    1|       m_axi|             gmem|       pointer|
|m_axi_gmem_WREADY      |   in|    1|       m_axi|             gmem|       pointer|
|m_axi_gmem_WDATA       |  out|   32|       m_axi|             gmem|       pointer|
|m_axi_gmem_WSTRB       |  out|    4|       m_axi|             gmem|       pointer|
|m_axi_gmem_WLAST       |  out|    1|       m_axi|             gmem|       pointer|
|m_axi_gmem_WID         |  out|    1|       m_axi|             gmem|       pointer|
|m_axi_gmem_WUSER       |  out|    1|       m_axi|             gmem|       pointer|
|m_axi_gmem_ARVALID     |  out|    1|       m_axi|             gmem|       pointer|
|m_axi_gmem_ARREADY     |   in|    1|       m_axi|             gmem|       pointer|
|m_axi_gmem_ARADDR      |  out|   64|       m_axi|             gmem|       pointer|
|m_axi_gmem_ARID        |  out|    1|       m_axi|             gmem|       pointer|
|m_axi_gmem_ARLEN       |  out|    8|       m_axi|             gmem|       pointer|
|m_axi_gmem_ARSIZE      |  out|    3|       m_axi|             gmem|       pointer|
|m_axi_gmem_ARBURST     |  out|    2|       m_axi|             gmem|       pointer|
|m_axi_gmem_ARLOCK      |  out|    2|       m_axi|             gmem|       pointer|
|m_axi_gmem_ARCACHE     |  out|    4|       m_axi|             gmem|       pointer|
|m_axi_gmem_ARPROT      |  out|    3|       m_axi|             gmem|       pointer|
|m_axi_gmem_ARQOS       |  out|    4|       m_axi|             gmem|       pointer|
|m_axi_gmem_ARREGION    |  out|    4|       m_axi|             gmem|       pointer|
|m_axi_gmem_ARUSER      |  out|    1|       m_axi|             gmem|       pointer|
|m_axi_gmem_RVALID      |   in|    1|       m_axi|             gmem|       pointer|
|m_axi_gmem_RREADY      |  out|    1|       m_axi|             gmem|       pointer|
|m_axi_gmem_RDATA       |   in|   32|       m_axi|             gmem|       pointer|
|m_axi_gmem_RLAST       |   in|    1|       m_axi|             gmem|       pointer|
|m_axi_gmem_RID         |   in|    1|       m_axi|             gmem|       pointer|
|m_axi_gmem_RUSER       |   in|    1|       m_axi|             gmem|       pointer|
|m_axi_gmem_RRESP       |   in|    2|       m_axi|             gmem|       pointer|
|m_axi_gmem_BVALID      |   in|    1|       m_axi|             gmem|       pointer|
|m_axi_gmem_BREADY      |  out|    1|       m_axi|             gmem|       pointer|
|m_axi_gmem_BRESP       |   in|    2|       m_axi|             gmem|       pointer|
|m_axi_gmem_BID         |   in|    1|       m_axi|             gmem|       pointer|
|m_axi_gmem_BUSER       |   in|    1|       m_axi|             gmem|       pointer|
+-----------------------+-----+-----+------------+-----------------+--------------+

