

================================================================
== Vitis HLS Report for 'gauss_newton'
================================================================
* Date:           Tue Apr  4 19:45:50 2023

* Version:        2022.1 (Build 3526262 on Mon Apr 18 15:47:01 MDT 2022)
* Project:        hls_EstimateMotion
* Solution:       solution1 (Vivado IP Flow Target)
* Product family: virtexuplus
* Target device:  xcu50-fsvh2104-2L-e


================================================================
== Performance Estimates
================================================================
+ Timing: 
    * Summary: 
    +--------+----------+-----------+------------+
    |  Clock |  Target  | Estimated | Uncertainty|
    +--------+----------+-----------+------------+
    |ap_clk  |  60.00 ns|  43.744 ns|    16.20 ns|
    +--------+----------+-----------+------------+

+ Latency: 
    * Summary: 
    +---------+---------+----------+----------+-------+--------+---------+
    |  Latency (cycles) |  Latency (absolute) |    Interval    | Pipeline|
    |   min   |   max   |    min   |    max   |  min  |   max  |   Type  |
    +---------+---------+----------+----------+-------+--------+---------+
    |    44941|   127621|  2.696 ms|  7.657 ms|  44941|  127621|       no|
    +---------+---------+----------+----------+-------+--------+---------+

    + Detail: 
        * Instance: 
        +------------------+-------+---------+---------+----------+----------+------+-------+---------+
        |                  |       |  Latency (cycles) |  Latency (absolute) |   Interval   | Pipeline|
        |     Instance     | Module|   min   |   max   |    min   |    max   |  min |  max  |   Type  |
        +------------------+-------+---------+---------+----------+----------+------+-------+---------+
        |grp_solve_fu_507  |solve  |     8895|    25431|  0.534 ms|  1.526 ms|  8895|  25431|       no|
        +------------------+-------+---------+---------+----------+----------+------+-------+---------+

        * Loop: 
        +---------------------+---------+---------+--------------+-----------+-----------+------+----------+
        |                     |  Latency (cycles) |   Iteration  |  Initiation Interval  | Trip |          |
        |      Loop Name      |   min   |   max   |    Latency   |  achieved |   target  | Count| Pipelined|
        +---------------------+---------+---------+--------------+-----------+-----------+------+----------+
        |- VITIS_LOOP_298_1   |    44940|   127620|  8988 ~ 25524|          -|          -|     5|        no|
        | + VITIS_LOOP_300_2  |       72|       72|            12|          -|          -|     6|        no|
        | + VITIS_LOOP_331_3  |        4|        4|             1|          -|          -|     4|        no|
        | + VITIS_LOOP_338_4  |       12|       12|             3|          -|          -|     4|        no|
        +---------------------+---------+---------+--------------+-----------+-----------+------+----------+



================================================================
== Utilization Estimates
================================================================
* Summary: 
+---------------------+---------+------+---------+--------+-----+
|         Name        | BRAM_18K|  DSP |    FF   |   LUT  | URAM|
+---------------------+---------+------+---------+--------+-----+
|DSP                  |        -|     -|        -|       -|    -|
|Expression           |        -|     -|        0|      89|    -|
|FIFO                 |        -|     -|        -|       -|    -|
|Instance             |       16|   263|     6874|   39106|    3|
|Memory               |        0|     -|       96|      99|    0|
|Multiplexer          |        -|     -|        -|     968|    -|
|Register             |        -|     -|      911|       -|    -|
+---------------------+---------+------+---------+--------+-----+
|Total                |       16|   263|     7881|   40262|    3|
+---------------------+---------+------+---------+--------+-----+
|Available SLR        |     1344|  2976|   871680|  435840|  320|
+---------------------+---------+------+---------+--------+-----+
|Utilization SLR (%)  |        1|     8|       ~0|       9|   ~0|
+---------------------+---------+------+---------+--------+-----+
|Available            |     2688|  5952|  1743360|  871680|  640|
+---------------------+---------+------+---------+--------+-----+
|Utilization (%)      |       ~0|     4|       ~0|       4|   ~0|
+---------------------+---------+------+---------+--------+-----+

+ Detail: 
    * Instance: 
    +-----------------------------------------+------------------------------------+---------+-----+------+-------+-----+
    |                 Instance                |               Module               | BRAM_18K| DSP |  FF  |  LUT  | URAM|
    +-----------------------------------------+------------------------------------+---------+-----+------+-------+-----+
    |fadd_32ns_32ns_32_1_full_dsp_1_U766      |fadd_32ns_32ns_32_1_full_dsp_1      |        0|    2|     0|    226|    0|
    |fadd_32ns_32ns_32_1_full_dsp_1_U767      |fadd_32ns_32ns_32_1_full_dsp_1      |        0|    2|     0|    226|    0|
    |fadd_32ns_32ns_32_1_full_dsp_1_U768      |fadd_32ns_32ns_32_1_full_dsp_1      |        0|    2|     0|    226|    0|
    |fadd_32ns_32ns_32_1_full_dsp_1_U769      |fadd_32ns_32ns_32_1_full_dsp_1      |        0|    2|     0|    226|    0|
    |faddfsub_32ns_32ns_32_1_full_dsp_1_U765  |faddfsub_32ns_32ns_32_1_full_dsp_1  |        0|    2|     0|    226|    0|
    |fmul_32ns_32ns_32_1_max_dsp_1_U770       |fmul_32ns_32ns_32_1_max_dsp_1       |        0|    3|     0|     77|    0|
    |fmul_32ns_32ns_32_1_max_dsp_1_U771       |fmul_32ns_32ns_32_1_max_dsp_1       |        0|    3|     0|     77|    0|
    |fmul_32ns_32ns_32_1_max_dsp_1_U772       |fmul_32ns_32ns_32_1_max_dsp_1       |        0|    3|     0|     77|    0|
    |fmul_32ns_32ns_32_1_max_dsp_1_U773       |fmul_32ns_32ns_32_1_max_dsp_1       |        0|    3|     0|     77|    0|
    |fmul_32ns_32ns_32_1_max_dsp_1_U774       |fmul_32ns_32ns_32_1_max_dsp_1       |        0|    3|     0|     77|    0|
    |fmul_32ns_32ns_32_1_max_dsp_1_U775       |fmul_32ns_32ns_32_1_max_dsp_1       |        0|    3|     0|     77|    0|
    |fmul_32ns_32ns_32_1_max_dsp_1_U776       |fmul_32ns_32ns_32_1_max_dsp_1       |        0|    3|     0|     77|    0|
    |mux_43_32_1_1_U777                       |mux_43_32_1_1                       |        0|    0|     0|     20|    0|
    |grp_solve_fu_507                         |solve                               |       16|  232|  6874|  37417|    3|
    +-----------------------------------------+------------------------------------+---------+-----+------+-------+-----+
    |Total                                    |                                    |       16|  263|  6874|  39106|    3|
    +-----------------------------------------+------------------------------------+---------+-----+------+-------+-----+

    * DSP: 
    N/A

    * Memory: 
    +-------+------------------------------+---------+----+----+-----+------+-----+------+-------------+
    | Memory|            Module            | BRAM_18K| FF | LUT| URAM| Words| Bits| Banks| W*Bits*Banks|
    +-------+------------------------------+---------+----+----+-----+------+-----+------+-------------+
    |A_U    |gauss_newton_A_RAM_AUTO_1R1W  |        0|  32|  33|    0|    30|   32|     1|          960|
    |B_U    |gauss_newton_B_RAM_AUTO_1R1W  |        0|  32|  33|    0|     6|   32|     1|          192|
    |X_U    |gauss_newton_X_RAM_AUTO_1R1W  |        0|  32|  33|    0|     4|   32|     1|          128|
    +-------+------------------------------+---------+----+----+-----+------+-----+------+-------------+
    |Total  |                              |        0|  96|  99|    0|    40|   96|     3|         1280|
    +-------+------------------------------+---------+----+----+-----+------+-----+------+-------------+

    * FIFO: 
    N/A

    * Expression: 
    +----------------------+----------+----+---+----+------------+------------+
    |     Variable Name    | Operation| DSP| FF| LUT| Bitwidth P0| Bitwidth P1|
    +----------------------+----------+----+---+----+------------+------------+
    |add_ln300_fu_761_p2   |         +|   0|  0|  10|           3|           1|
    |add_ln331_fu_822_p2   |         +|   0|  0|  10|           3|           1|
    |add_ln338_fu_839_p2   |         +|   0|  0|  10|           3|           1|
    |k_8_fu_719_p2         |         +|   0|  0|  10|           3|           1|
    |icmp_ln298_fu_713_p2  |      icmp|   0|  0|   8|           3|           3|
    |icmp_ln300_fu_755_p2  |      icmp|   0|  0|   8|           3|           3|
    |icmp_ln331_fu_816_p2  |      icmp|   0|  0|   9|           3|           4|
    |icmp_ln338_fu_833_p2  |      icmp|   0|  0|   9|           3|           4|
    |or_ln306_fu_780_p2    |        or|   0|  0|   5|           5|           1|
    |or_ln310_fu_791_p2    |        or|   0|  0|   5|           5|           2|
    |or_ln314_fu_801_p2    |        or|   0|  0|   5|           5|           2|
    +----------------------+----------+----+---+----+------------+------------+
    |Total                 |          |   0|  0|  89|          39|          23|
    +----------------------+----------+----+---+----+------------+------------+

    * Multiplexer: 
    +---------------------+----+-----------+-----+-----------+
    |         Name        | LUT| Input Size| Bits| Total Bits|
    +---------------------+----+-----------+-----+-----------+
    |A_address0           |  20|          4|    5|         20|
    |A_address1           |  14|          3|    5|         15|
    |A_ce0                |  14|          3|    1|          3|
    |A_d0                 |  14|          3|   32|         96|
    |B_address0           |  14|          3|    3|          9|
    |B_ce0                |  14|          3|    1|          3|
    |X_address0           |  20|          4|    2|          8|
    |X_ce0                |  14|          3|    1|          3|
    |X_ce1                |   9|          2|    1|          2|
    |X_d0                 |  14|          3|   32|         96|
    |X_we0                |  14|          3|    1|          3|
    |ap_NS_fsm            |  97|         20|    1|         20|
    |betas_0_0_fu_108     |   9|          2|   32|         64|
    |betas_1_0_fu_104     |   9|          2|   32|         64|
    |betas_2_0_fu_100     |   9|          2|   32|         64|
    |betas_3_0_fu_96      |   9|          2|   32|         64|
    |grp_fu_516_opcode    |  14|          3|    2|          6|
    |grp_fu_516_p0        |  43|          8|   32|        256|
    |grp_fu_516_p1        |  49|          9|   32|        288|
    |grp_fu_520_p0        |  31|          6|   32|        192|
    |grp_fu_520_p1        |  26|          5|   32|        160|
    |grp_fu_524_p0        |  20|          4|   32|        128|
    |grp_fu_528_p0        |  14|          3|   32|         96|
    |grp_fu_528_p1        |  14|          3|   32|         96|
    |grp_fu_542_p0        |  37|          7|   32|        224|
    |grp_fu_542_p1        |  20|          4|   32|        128|
    |grp_fu_548_p0        |  26|          5|   32|        160|
    |grp_fu_548_p1        |  26|          5|   32|        160|
    |grp_fu_553_p0        |  37|          7|   32|        224|
    |grp_fu_553_p1        |  31|          6|   32|        192|
    |grp_fu_558_p0        |  26|          5|   32|        160|
    |grp_fu_558_p1        |  26|          5|   32|        160|
    |grp_fu_563_p0        |  26|          5|   32|        160|
    |grp_fu_563_p1        |  20|          4|   32|        128|
    |grp_fu_568_p0        |  20|          4|   32|        128|
    |grp_fu_568_p1        |  20|          4|   32|        128|
    |grp_fu_573_p0        |  20|          4|   32|        128|
    |grp_fu_573_p1        |  20|          4|   32|        128|
    |i_16_reg_372         |   9|          2|    3|          6|
    |i_17_reg_423         |   9|          2|    3|          6|
    |i_reg_360            |   9|          2|    3|          6|
    |k_fu_92              |   9|          2|    3|          6|
    |mux_case_01_reg_489  |   9|          2|   32|         64|
    |mux_case_0_reg_413   |   9|          2|   32|         64|
    |mux_case_13_reg_471  |   9|          2|   32|         64|
    |mux_case_1_reg_403   |   9|          2|   32|         64|
    |mux_case_25_reg_453  |   9|          2|   32|         64|
    |mux_case_2_reg_393   |   9|          2|   32|         64|
    |mux_case_37_reg_435  |   9|          2|   32|         64|
    |mux_case_3_reg_383   |   9|          2|   32|         64|
    +---------------------+----+-----------+-----+-----------+
    |Total                | 968|        196| 1155|       4500|
    +---------------------+----+-----------+-----+-----------+

    * Register: 
    +-------------------------------+----+----+-----+-----------+
    |              Name             | FF | LUT| Bits| Const Bits|
    +-------------------------------+----+----+-----+-----------+
    |L_6x10_5_load_reg_1015         |  32|   0|   32|          0|
    |add18_reg_1036                 |  32|   0|   32|          0|
    |add6_reg_1000                  |  32|   0|   32|          0|
    |add_ln300_reg_960              |   3|   0|    3|          0|
    |add_ln338_reg_1057             |   3|   0|    3|          0|
    |ap_CS_fsm                      |  19|   0|   19|          0|
    |betas_0_0_fu_108               |  32|   0|   32|          0|
    |betas_1_0_fu_104               |  32|   0|   32|          0|
    |betas_2_0_fu_100               |  32|   0|   32|          0|
    |betas_3_0_fu_96                |  32|   0|   32|          0|
    |grp_solve_fu_507_ap_start_reg  |   1|   0|    1|          0|
    |i_16_reg_372                   |   3|   0|    3|          0|
    |i_17_reg_423                   |   3|   0|    3|          0|
    |i_reg_360                      |   3|   0|    3|          0|
    |k_8_reg_938                    |   3|   0|    3|          0|
    |k_fu_92                        |   3|   0|    3|          0|
    |mul24_reg_990                  |  32|   0|   32|          0|
    |mux_case_01_reg_489            |  32|   0|   32|          0|
    |mux_case_0_reg_413             |  32|   0|   32|          0|
    |mux_case_13_reg_471            |  32|   0|   32|          0|
    |mux_case_1_reg_403             |  32|   0|   32|          0|
    |mux_case_25_reg_453            |  32|   0|   32|          0|
    |mux_case_2_reg_393             |  32|   0|   32|          0|
    |mux_case_37_reg_435            |  32|   0|   32|          0|
    |mux_case_3_reg_383             |  32|   0|   32|          0|
    |reg_597                        |  32|   0|   32|          0|
    |reg_605                        |  32|   0|   32|          0|
    |reg_612                        |  32|   0|   32|          0|
    |reg_620                        |  32|   0|   32|          0|
    |reg_627                        |  32|   0|   32|          0|
    |reg_634                        |  32|   0|   32|          0|
    |reg_640                        |  32|   0|   32|          0|
    |reg_647                        |  32|   0|   32|          0|
    |reg_652                        |  32|   0|   32|          0|
    |reg_660                        |  32|   0|   32|          0|
    |reg_667                        |  32|   0|   32|          0|
    |shl_ln_reg_1025                |   3|   0|    5|          2|
    |zext_ln300_reg_943             |   3|   0|   64|         61|
    +-------------------------------+----+----+-----+-----------+
    |Total                          | 911|   0|  974|         63|
    +-------------------------------+----+----+-----+-----------+



================================================================
== Interface
================================================================
* Summary: 
+-------------------+-----+-----+------------+--------------+--------------+
|     RTL Ports     | Dir | Bits|  Protocol  | Source Object|    C Type    |
+-------------------+-----+-----+------------+--------------+--------------+
|ap_clk             |   in|    1|  ap_ctrl_hs|  gauss_newton|  return value|
|ap_rst             |   in|    1|  ap_ctrl_hs|  gauss_newton|  return value|
|ap_start           |   in|    1|  ap_ctrl_hs|  gauss_newton|  return value|
|ap_done            |  out|    1|  ap_ctrl_hs|  gauss_newton|  return value|
|ap_idle            |  out|    1|  ap_ctrl_hs|  gauss_newton|  return value|
|ap_ready           |  out|    1|  ap_ctrl_hs|  gauss_newton|  return value|
|ap_return_0        |  out|   32|  ap_ctrl_hs|  gauss_newton|  return value|
|ap_return_1        |  out|   32|  ap_ctrl_hs|  gauss_newton|  return value|
|ap_return_2        |  out|   32|  ap_ctrl_hs|  gauss_newton|  return value|
|ap_return_3        |  out|   32|  ap_ctrl_hs|  gauss_newton|  return value|
|L_6x10_0_address0  |  out|    3|   ap_memory|      L_6x10_0|         array|
|L_6x10_0_ce0       |  out|    1|   ap_memory|      L_6x10_0|         array|
|L_6x10_0_q0        |   in|   32|   ap_memory|      L_6x10_0|         array|
|L_6x10_1_address0  |  out|    3|   ap_memory|      L_6x10_1|         array|
|L_6x10_1_ce0       |  out|    1|   ap_memory|      L_6x10_1|         array|
|L_6x10_1_q0        |   in|   32|   ap_memory|      L_6x10_1|         array|
|L_6x10_2_address0  |  out|    3|   ap_memory|      L_6x10_2|         array|
|L_6x10_2_ce0       |  out|    1|   ap_memory|      L_6x10_2|         array|
|L_6x10_2_q0        |   in|   32|   ap_memory|      L_6x10_2|         array|
|L_6x10_3_address0  |  out|    3|   ap_memory|      L_6x10_3|         array|
|L_6x10_3_ce0       |  out|    1|   ap_memory|      L_6x10_3|         array|
|L_6x10_3_q0        |   in|   32|   ap_memory|      L_6x10_3|         array|
|L_6x10_4_address0  |  out|    3|   ap_memory|      L_6x10_4|         array|
|L_6x10_4_ce0       |  out|    1|   ap_memory|      L_6x10_4|         array|
|L_6x10_4_q0        |   in|   32|   ap_memory|      L_6x10_4|         array|
|L_6x10_5_address0  |  out|    3|   ap_memory|      L_6x10_5|         array|
|L_6x10_5_ce0       |  out|    1|   ap_memory|      L_6x10_5|         array|
|L_6x10_5_q0        |   in|   32|   ap_memory|      L_6x10_5|         array|
|L_6x10_6_address0  |  out|    3|   ap_memory|      L_6x10_6|         array|
|L_6x10_6_ce0       |  out|    1|   ap_memory|      L_6x10_6|         array|
|L_6x10_6_q0        |   in|   32|   ap_memory|      L_6x10_6|         array|
|L_6x10_7_address0  |  out|    3|   ap_memory|      L_6x10_7|         array|
|L_6x10_7_ce0       |  out|    1|   ap_memory|      L_6x10_7|         array|
|L_6x10_7_q0        |   in|   32|   ap_memory|      L_6x10_7|         array|
|L_6x10_8_address0  |  out|    3|   ap_memory|      L_6x10_8|         array|
|L_6x10_8_ce0       |  out|    1|   ap_memory|      L_6x10_8|         array|
|L_6x10_8_q0        |   in|   32|   ap_memory|      L_6x10_8|         array|
|L_6x10_9_address0  |  out|    3|   ap_memory|      L_6x10_9|         array|
|L_6x10_9_ce0       |  out|    1|   ap_memory|      L_6x10_9|         array|
|L_6x10_9_q0        |   in|   32|   ap_memory|      L_6x10_9|         array|
|Rho_address0       |  out|    3|   ap_memory|           Rho|         array|
|Rho_ce0            |  out|    1|   ap_memory|           Rho|         array|
|Rho_q0             |   in|   32|   ap_memory|           Rho|         array|
|p_read             |   in|   32|     ap_none|        p_read|        scalar|
|p_read1            |   in|   32|     ap_none|       p_read1|        scalar|
|p_read2            |   in|   32|     ap_none|       p_read2|        scalar|
|p_read3            |   in|   32|     ap_none|       p_read3|        scalar|
+-------------------+-----+-----+------------+--------------+--------------+

