

================================================================
== Vitis HLS Report for 'gesvj_double_5_6_1_1_Pipeline_VITIS_LOOP_534_5'
================================================================
* Date:           Tue Apr  4 19:45:39 2023

* Version:        2022.1 (Build 3526262 on Mon Apr 18 15:47:01 MDT 2022)
* Project:        hls_EstimateMotion
* Solution:       solution1 (Vivado IP Flow Target)
* Product family: virtexuplus
* Target device:  xcu50-fsvh2104-2L-e


================================================================
== Performance Estimates
================================================================
+ Timing: 
    * Summary: 
    +--------+----------+-----------+------------+
    |  Clock |  Target  | Estimated | Uncertainty|
    +--------+----------+-----------+------------+
    |ap_clk  |  60.00 ns|  41.620 ns|    16.20 ns|
    +--------+----------+-----------+------------+

+ Latency: 
    * Summary: 
    +---------+---------+----------+----------+-----+-----+---------+
    |  Latency (cycles) |  Latency (absolute) |  Interval | Pipeline|
    |   min   |   max   |    min   |    max   | min | max |   Type  |
    +---------+---------+----------+----------+-----+-----+---------+
    |        8|        8|  0.480 us|  0.480 us|    8|    8|       no|
    +---------+---------+----------+----------+-----+-----+---------+

    + Detail: 
        * Instance: 
        N/A

        * Loop: 
        +--------------------+---------+---------+----------+-----------+-----------+------+----------+
        |                    |  Latency (cycles) | Iteration|  Initiation Interval  | Trip |          |
        |      Loop Name     |   min   |   max   |  Latency |  achieved |   target  | Count| Pipelined|
        +--------------------+---------+---------+----------+-----------+-----------+------+----------+
        |- VITIS_LOOP_534_5  |        6|        6|         3|          1|          1|     5|       yes|
        +--------------------+---------+---------+----------+-----------+-----------+------+----------+



================================================================
== Utilization Estimates
================================================================
* Summary: 
+---------------------+---------+------+---------+--------+-----+
|         Name        | BRAM_18K|  DSP |    FF   |   LUT  | URAM|
+---------------------+---------+------+---------+--------+-----+
|DSP                  |        -|     -|        -|       -|    -|
|Expression           |        -|     -|        0|      40|    -|
|FIFO                 |        -|     -|        -|       -|    -|
|Instance             |        -|    11|        0|     814|    -|
|Memory               |        -|     -|        -|       -|    -|
|Multiplexer          |        -|     -|        -|      36|    -|
|Register             |        -|     -|       78|       -|    -|
+---------------------+---------+------+---------+--------+-----+
|Total                |        0|    11|       78|     890|    0|
+---------------------+---------+------+---------+--------+-----+
|Available SLR        |     1344|  2976|   871680|  435840|  320|
+---------------------+---------+------+---------+--------+-----+
|Utilization SLR (%)  |        0|    ~0|       ~0|      ~0|    0|
+---------------------+---------+------+---------+--------+-----+
|Available            |     2688|  5952|  1743360|  871680|  640|
+---------------------+---------+------+---------+--------+-----+
|Utilization (%)      |        0|    ~0|       ~0|      ~0|    0|
+---------------------+---------+------+---------+--------+-----+

+ Detail: 
    * Instance: 
    +-------------------------------------+--------------------------------+---------+----+---+-----+-----+
    |               Instance              |             Module             | BRAM_18K| DSP| FF| LUT | URAM|
    +-------------------------------------+--------------------------------+---------+----+---+-----+-----+
    |dadd_64ns_64ns_64_1_full_dsp_1_U555  |dadd_64ns_64ns_64_1_full_dsp_1  |        0|   3|  0|  708|    0|
    |dmul_64ns_64ns_64_1_max_dsp_1_U556   |dmul_64ns_64ns_64_1_max_dsp_1   |        0|   8|  0|  106|    0|
    +-------------------------------------+--------------------------------+---------+----+---+-----+-----+
    |Total                                |                                |        0|  11|  0|  814|    0|
    +-------------------------------------+--------------------------------+---------+----+---+-----+-----+

    * DSP: 
    N/A

    * Memory: 
    N/A

    * FIFO: 
    N/A

    * Expression: 
    +----------------------+----------+----+---+----+------------+------------+
    |     Variable Name    | Operation| DSP| FF| LUT| Bitwidth P0| Bitwidth P1|
    +----------------------+----------+----+---+----+------------+------------+
    |add_ln534_fu_126_p2   |         +|   0|  0|  10|           3|           1|
    |add_ln537_fu_158_p2   |         +|   0|  0|  10|           5|           5|
    |sub_ln537_fu_152_p2   |         -|   0|  0|  10|           5|           5|
    |icmp_ln534_fu_120_p2  |      icmp|   0|  0|   8|           3|           3|
    |ap_enable_pp0         |       xor|   0|  0|   2|           1|           2|
    +----------------------+----------+----+---+----+------------+------------+
    |Total                 |          |   0|  0|  40|          17|          16|
    +----------------------+----------+----+---+----+------------+------------+

    * Multiplexer: 
    +-------------------------+----+-----------+-----+-----------+
    |           Name          | LUT| Input Size| Bits| Total Bits|
    +-------------------------+----+-----------+-----+-----------+
    |ap_done_int              |   9|          2|    1|          2|
    |ap_enable_reg_pp0_iter1  |   9|          2|    1|          2|
    |ap_sig_allocacmp_i       |   9|          2|    3|          6|
    |i_9_fu_46                |   9|          2|    3|          6|
    +-------------------------+----+-----------+-----+-----------+
    |Total                    |  36|          8|    8|         16|
    +-------------------------+----+-----------+-----+-----------+

    * Register: 
    +----------------------------------+----+----+-----+-----------+
    |               Name               | FF | LUT| Bits| Const Bits|
    +----------------------------------+----+----+-----+-----------+
    |AUS_accu_addr_reg_204             |   3|   0|    4|          1|
    |ap_CS_fsm                         |   1|   0|    1|          0|
    |ap_done_reg                       |   1|   0|    1|          0|
    |ap_enable_reg_pp0_iter1           |   1|   0|    1|          0|
    |ap_enable_reg_pp0_iter2           |   1|   0|    1|          0|
    |ap_loop_exit_ready_pp0_iter1_reg  |   1|   0|    1|          0|
    |i_9_fu_46                         |   3|   0|    3|          0|
    |i_reg_185                         |   3|   0|    3|          0|
    |mul_reg_199                       |  64|   0|   64|          0|
    +----------------------------------+----+----+-----+-----------+
    |Total                             |  78|   0|   79|          1|
    +----------------------------------+----+----+-----+-----------+



================================================================
== Interface
================================================================
* Summary: 
+-------------------+-----+-----+------------+-----------------------------------------------------+--------------+
|     RTL Ports     | Dir | Bits|  Protocol  |                    Source Object                    |    C Type    |
+-------------------+-----+-----+------------+-----------------------------------------------------+--------------+
|ap_clk             |   in|    1|  ap_ctrl_hs|  gesvj<double, 5, 6, 1, 1>_Pipeline_VITIS_LOOP_534_5|  return value|
|ap_rst             |   in|    1|  ap_ctrl_hs|  gesvj<double, 5, 6, 1, 1>_Pipeline_VITIS_LOOP_534_5|  return value|
|ap_start           |   in|    1|  ap_ctrl_hs|  gesvj<double, 5, 6, 1, 1>_Pipeline_VITIS_LOOP_534_5|  return value|
|ap_done            |  out|    1|  ap_ctrl_hs|  gesvj<double, 5, 6, 1, 1>_Pipeline_VITIS_LOOP_534_5|  return value|
|ap_idle            |  out|    1|  ap_ctrl_hs|  gesvj<double, 5, 6, 1, 1>_Pipeline_VITIS_LOOP_534_5|  return value|
|ap_ready           |  out|    1|  ap_ctrl_hs|  gesvj<double, 5, 6, 1, 1>_Pipeline_VITIS_LOOP_534_5|  return value|
|m                  |   in|    3|     ap_none|                                                    m|        scalar|
|zext_ln527         |   in|    3|     ap_none|                                           zext_ln527|        scalar|
|matA_address0      |  out|    5|   ap_memory|                                                 matA|         array|
|matA_ce0           |  out|    1|   ap_memory|                                                 matA|         array|
|matA_q0            |   in|   64|   ap_memory|                                                 matA|         array|
|AUS_accu_address0  |  out|    4|   ap_memory|                                             AUS_accu|         array|
|AUS_accu_ce0       |  out|    1|   ap_memory|                                             AUS_accu|         array|
|AUS_accu_we0       |  out|    1|   ap_memory|                                             AUS_accu|         array|
|AUS_accu_d0        |  out|   64|   ap_memory|                                             AUS_accu|         array|
|AUS_accu_address1  |  out|    4|   ap_memory|                                             AUS_accu|         array|
|AUS_accu_ce1       |  out|    1|   ap_memory|                                             AUS_accu|         array|
|AUS_accu_q1        |   in|   64|   ap_memory|                                             AUS_accu|         array|
+-------------------+-----+-----+------------+-----------------------------------------------------+--------------+

