

================================================================
== Vitis HLS Report for 'gesvj_double_5_6_1_1_Pipeline_INIT_U_VITIS_LOOP_417_1'
================================================================
* Date:           Tue Apr  4 19:45:34 2023

* Version:        2022.1 (Build 3526262 on Mon Apr 18 15:47:01 MDT 2022)
* Project:        hls_EstimateMotion
* Solution:       solution1 (Vivado IP Flow Target)
* Product family: virtexuplus
* Target device:  xcu50-fsvh2104-2L-e


================================================================
== Performance Estimates
================================================================
+ Timing: 
    * Summary: 
    +--------+----------+----------+------------+
    |  Clock |  Target  | Estimated| Uncertainty|
    +--------+----------+----------+------------+
    |ap_clk  |  60.00 ns|  3.909 ns|    16.20 ns|
    +--------+----------+----------+------------+

+ Latency: 
    * Summary: 
    +---------+---------+----------+----------+-----+-----+---------+
    |  Latency (cycles) |  Latency (absolute) |  Interval | Pipeline|
    |   min   |   max   |    min   |    max   | min | max |   Type  |
    +---------+---------+----------+----------+-----+-----+---------+
    |       27|       27|  1.620 us|  1.620 us|   27|   27|       no|
    +---------+---------+----------+----------+-----+-----+---------+

    + Detail: 
        * Instance: 
        N/A

        * Loop: 
        +---------------------------+---------+---------+----------+-----------+-----------+------+----------+
        |                           |  Latency (cycles) | Iteration|  Initiation Interval  | Trip |          |
        |         Loop Name         |   min   |   max   |  Latency |  achieved |   target  | Count| Pipelined|
        +---------------------------+---------+---------+----------+-----------+-----------+------+----------+
        |- INIT_U_VITIS_LOOP_417_1  |       25|       25|         1|          1|          1|    25|       yes|
        +---------------------------+---------+---------+----------+-----------+-----------+------+----------+



================================================================
== Utilization Estimates
================================================================
* Summary: 
+---------------------+---------+------+---------+--------+-----+
|         Name        | BRAM_18K|  DSP |    FF   |   LUT  | URAM|
+---------------------+---------+------+---------+--------+-----+
|DSP                  |        -|     -|        -|       -|    -|
|Expression           |        -|     -|        0|     101|    -|
|FIFO                 |        -|     -|        -|       -|    -|
|Instance             |        -|     -|        -|       -|    -|
|Memory               |        -|     -|        -|       -|    -|
|Multiplexer          |        -|     -|        -|      91|    -|
|Register             |        -|     -|       14|       -|    -|
+---------------------+---------+------+---------+--------+-----+
|Total                |        0|     0|       14|     192|    0|
+---------------------+---------+------+---------+--------+-----+
|Available SLR        |     1344|  2976|   871680|  435840|  320|
+---------------------+---------+------+---------+--------+-----+
|Utilization SLR (%)  |        0|     0|       ~0|      ~0|    0|
+---------------------+---------+------+---------+--------+-----+
|Available            |     2688|  5952|  1743360|  871680|  640|
+---------------------+---------+------+---------+--------+-----+
|Utilization (%)      |        0|     0|       ~0|      ~0|    0|
+---------------------+---------+------+---------+--------+-----+

+ Detail: 
    * Instance: 
    N/A

    * DSP: 
    N/A

    * Memory: 
    N/A

    * FIFO: 
    N/A

    * Expression: 
    +--------------------------+----------+----+---+----+------------+------------+
    |       Variable Name      | Operation| DSP| FF| LUT| Bitwidth P0| Bitwidth P1|
    +--------------------------+----------+----+---+----+------------+------------+
    |add_ln415_1_fu_125_p2     |         +|   0|  0|  13|           6|           1|
    |add_ln415_fu_137_p2       |         +|   0|  0|  10|           3|           1|
    |add_ln417_fu_215_p2       |         +|   0|  0|  10|           3|           1|
    |add_ln423_1_fu_198_p2     |         +|   0|  0|  12|           5|           5|
    |add_ln423_fu_177_p2       |         +|   0|  0|  12|           5|           5|
    |empty_fu_183_p2           |         +|   0|  0|  12|           5|           5|
    |icmp_ln415_fu_119_p2      |      icmp|   0|  0|  10|           6|           6|
    |icmp_ln417_fu_143_p2      |      icmp|   0|  0|   8|           3|           3|
    |icmp_ln420_fu_209_p2      |      icmp|   0|  0|   8|           3|           3|
    |select_ln415_1_fu_157_p3  |    select|   0|  0|   3|           1|           3|
    |select_ln415_fu_149_p3    |    select|   0|  0|   3|           1|           1|
    +--------------------------+----------+----+---+----+------------+------------+
    |Total                     |          |   0|  0| 101|          41|          34|
    +--------------------------+----------+----+---+----+------------+------------+

    * Multiplexer: 
    +--------------------------------------+----+-----------+-----+-----------+
    |                 Name                 | LUT| Input Size| Bits| Total Bits|
    +--------------------------------------+----+-----------+-----+-----------+
    |ap_done_int                           |   9|          2|    1|          2|
    |ap_sig_allocacmp_i_load               |   9|          2|    3|          6|
    |ap_sig_allocacmp_indvar_flatten_load  |   9|          2|    6|         12|
    |ap_sig_allocacmp_j_3_load             |   9|          2|    3|          6|
    |i_fu_58                               |   9|          2|    3|          6|
    |indvar_flatten_fu_62                  |   9|          2|    6|         12|
    |j_3_fu_54                             |   9|          2|    3|          6|
    |matU_address0                         |  14|          3|    5|         15|
    |matU_d0                               |  14|          3|   64|        192|
    +--------------------------------------+----+-----------+-----+-----------+
    |Total                                 |  91|         20|   94|        257|
    +--------------------------------------+----+-----------+-----+-----------+

    * Register: 
    +----------------------+---+----+-----+-----------+
    |         Name         | FF| LUT| Bits| Const Bits|
    +----------------------+---+----+-----+-----------+
    |ap_CS_fsm             |  1|   0|    1|          0|
    |ap_done_reg           |  1|   0|    1|          0|
    |i_fu_58               |  3|   0|    3|          0|
    |indvar_flatten_fu_62  |  6|   0|    6|          0|
    |j_3_fu_54             |  3|   0|    3|          0|
    +----------------------+---+----+-----+-----------+
    |Total                 | 14|   0|   14|          0|
    +----------------------+---+----+-----+-----------+



================================================================
== Interface
================================================================
* Summary: 
+---------------+-----+-----+------------+------------------------------------------------------------+--------------+
|   RTL Ports   | Dir | Bits|  Protocol  |                        Source Object                       |    C Type    |
+---------------+-----+-----+------------+------------------------------------------------------------+--------------+
|ap_clk         |   in|    1|  ap_ctrl_hs|  gesvj<double, 5, 6, 1, 1>_Pipeline_INIT_U_VITIS_LOOP_417_1|  return value|
|ap_rst         |   in|    1|  ap_ctrl_hs|  gesvj<double, 5, 6, 1, 1>_Pipeline_INIT_U_VITIS_LOOP_417_1|  return value|
|ap_start       |   in|    1|  ap_ctrl_hs|  gesvj<double, 5, 6, 1, 1>_Pipeline_INIT_U_VITIS_LOOP_417_1|  return value|
|ap_done        |  out|    1|  ap_ctrl_hs|  gesvj<double, 5, 6, 1, 1>_Pipeline_INIT_U_VITIS_LOOP_417_1|  return value|
|ap_idle        |  out|    1|  ap_ctrl_hs|  gesvj<double, 5, 6, 1, 1>_Pipeline_INIT_U_VITIS_LOOP_417_1|  return value|
|ap_ready       |  out|    1|  ap_ctrl_hs|  gesvj<double, 5, 6, 1, 1>_Pipeline_INIT_U_VITIS_LOOP_417_1|  return value|
|mul_ln415      |   in|    6|     ap_none|                                                   mul_ln415|        scalar|
|m              |   in|    3|     ap_none|                                                           m|        scalar|
|matU_address0  |  out|    5|   ap_memory|                                                        matU|         array|
|matU_ce0       |  out|    1|   ap_memory|                                                        matU|         array|
|matU_we0       |  out|    1|   ap_memory|                                                        matU|         array|
|matU_d0        |  out|   64|   ap_memory|                                                        matU|         array|
+---------------+-----+-----+------------+------------------------------------------------------------+--------------+

