

================================================================
== Vitis HLS Report for 'gesvj_double_5_6_1_1_Pipeline_OUT_V_VITIS_LOOP_602_11'
================================================================
* Date:           Tue Apr  4 19:45:41 2023

* Version:        2022.1 (Build 3526262 on Mon Apr 18 15:47:01 MDT 2022)
* Project:        hls_EstimateMotion
* Solution:       solution1 (Vivado IP Flow Target)
* Product family: virtexuplus
* Target device:  xcu50-fsvh2104-2L-e


================================================================
== Performance Estimates
================================================================
+ Timing: 
    * Summary: 
    +--------+----------+----------+------------+
    |  Clock |  Target  | Estimated| Uncertainty|
    +--------+----------+----------+------------+
    |ap_clk  |  60.00 ns|  3.103 ns|    16.20 ns|
    +--------+----------+----------+------------+

+ Latency: 
    * Summary: 
    +---------+---------+----------+----------+-----+-----+---------+
    |  Latency (cycles) |  Latency (absolute) |  Interval | Pipeline|
    |   min   |   max   |    min   |    max   | min | max |   Type  |
    +---------+---------+----------+----------+-----+-----+---------+
    |       38|       38|  2.280 us|  2.280 us|   38|   38|       no|
    +---------+---------+----------+----------+-----+-----+---------+

    + Detail: 
        * Instance: 
        N/A

        * Loop: 
        +---------------------------+---------+---------+----------+-----------+-----------+------+----------+
        |                           |  Latency (cycles) | Iteration|  Initiation Interval  | Trip |          |
        |         Loop Name         |   min   |   max   |  Latency |  achieved |   target  | Count| Pipelined|
        +---------------------------+---------+---------+----------+-----------+-----------+------+----------+
        |- OUT_V_VITIS_LOOP_602_11  |       36|       36|         2|          1|          1|    36|       yes|
        +---------------------------+---------+---------+----------+-----------+-----------+------+----------+



================================================================
== Utilization Estimates
================================================================
* Summary: 
+---------------------+---------+------+---------+--------+-----+
|         Name        | BRAM_18K|  DSP |    FF   |   LUT  | URAM|
+---------------------+---------+------+---------+--------+-----+
|DSP                  |        -|     -|        -|       -|    -|
|Expression           |        -|     -|        0|     130|    -|
|FIFO                 |        -|     -|        -|       -|    -|
|Instance             |        -|     -|        -|       -|    -|
|Memory               |        -|     -|        -|       -|    -|
|Multiplexer          |        -|     -|        -|      72|    -|
|Register             |        -|     -|       21|       -|    -|
+---------------------+---------+------+---------+--------+-----+
|Total                |        0|     0|       21|     202|    0|
+---------------------+---------+------+---------+--------+-----+
|Available SLR        |     1344|  2976|   871680|  435840|  320|
+---------------------+---------+------+---------+--------+-----+
|Utilization SLR (%)  |        0|     0|       ~0|      ~0|    0|
+---------------------+---------+------+---------+--------+-----+
|Available            |     2688|  5952|  1743360|  871680|  640|
+---------------------+---------+------+---------+--------+-----+
|Utilization (%)      |        0|     0|       ~0|      ~0|    0|
+---------------------+---------+------+---------+--------+-----+

+ Detail: 
    * Instance: 
    N/A

    * DSP: 
    N/A

    * Memory: 
    N/A

    * FIFO: 
    N/A

    * Expression: 
    +--------------------------+----------+----+---+----+------------+------------+
    |       Variable Name      | Operation| DSP| FF| LUT| Bitwidth P0| Bitwidth P1|
    +--------------------------+----------+----+---+----+------------+------------+
    |add_ln600_1_fu_142_p2     |         +|   0|  0|  13|           6|           1|
    |add_ln600_fu_151_p2       |         +|   0|  0|  10|           3|           1|
    |add_ln602_fu_260_p2       |         +|   0|  0|  10|           3|           1|
    |add_ln605_1_fu_243_p2     |         +|   0|  0|  13|           6|           6|
    |add_ln605_fu_254_p2       |         +|   0|  0|  13|           6|           6|
    |empty_fu_130_p2           |         -|   0|  0|  13|           6|           6|
    |p_mid131_fu_225_p2        |         -|   0|  0|  13|           6|           6|
    |sub_ln605_fu_199_p2       |         -|   0|  0|  13|           6|           6|
    |icmp_ln600_fu_136_p2      |      icmp|   0|  0|  10|           6|           6|
    |icmp_ln602_fu_157_p2      |      icmp|   0|  0|   8|           3|           3|
    |select_ln600_1_fu_171_p3  |    select|   0|  0|   3|           1|           3|
    |select_ln600_2_fu_231_p3  |    select|   0|  0|   6|           1|           6|
    |select_ln600_fu_163_p3    |    select|   0|  0|   3|           1|           1|
    |ap_enable_pp0             |       xor|   0|  0|   2|           1|           2|
    +--------------------------+----------+----+---+----+------------+------------+
    |Total                     |          |   0|  0| 130|          55|          54|
    +--------------------------+----------+----+---+----+------------+------------+

    * Multiplexer: 
    +----------------------------------------+----+-----------+-----+-----------+
    |                  Name                  | LUT| Input Size| Bits| Total Bits|
    +----------------------------------------+----+-----------+-----+-----------+
    |ap_done_int                             |   9|          2|    1|          2|
    |ap_enable_reg_pp0_iter1                 |   9|          2|    1|          2|
    |ap_sig_allocacmp_i                      |   9|          2|    3|          6|
    |ap_sig_allocacmp_indvar_flatten33_load  |   9|          2|    6|         12|
    |ap_sig_allocacmp_j_load                 |   9|          2|    3|          6|
    |i_11_fu_54                              |   9|          2|    3|          6|
    |indvar_flatten33_fu_58                  |   9|          2|    6|         12|
    |j_fu_50                                 |   9|          2|    3|          6|
    +----------------------------------------+----+-----------+-----+-----------+
    |Total                                   |  72|         16|   26|         52|
    +----------------------------------------+----+-----------+-----+-----------+

    * Register: 
    +-------------------------+---+----+-----+-----------+
    |           Name          | FF| LUT| Bits| Const Bits|
    +-------------------------+---+----+-----+-----------+
    |add_ln605_reg_314        |  6|   0|    6|          0|
    |ap_CS_fsm                |  1|   0|    1|          0|
    |ap_done_reg              |  1|   0|    1|          0|
    |ap_enable_reg_pp0_iter1  |  1|   0|    1|          0|
    |i_11_fu_54               |  3|   0|    3|          0|
    |indvar_flatten33_fu_58   |  6|   0|    6|          0|
    |j_fu_50                  |  3|   0|    3|          0|
    +-------------------------+---+----+-----+-----------+
    |Total                    | 21|   0|   21|          0|
    +-------------------------+---+----+-----+-----------+



================================================================
== Interface
================================================================
* Summary: 
+---------------+-----+-----+------------+------------------------------------------------------------+--------------+
|   RTL Ports   | Dir | Bits|  Protocol  |                        Source Object                       |    C Type    |
+---------------+-----+-----+------------+------------------------------------------------------------+--------------+
|ap_clk         |   in|    1|  ap_ctrl_hs|  gesvj<double, 5, 6, 1, 1>_Pipeline_OUT_V_VITIS_LOOP_602_11|  return value|
|ap_rst         |   in|    1|  ap_ctrl_hs|  gesvj<double, 5, 6, 1, 1>_Pipeline_OUT_V_VITIS_LOOP_602_11|  return value|
|ap_start       |   in|    1|  ap_ctrl_hs|  gesvj<double, 5, 6, 1, 1>_Pipeline_OUT_V_VITIS_LOOP_602_11|  return value|
|ap_done        |  out|    1|  ap_ctrl_hs|  gesvj<double, 5, 6, 1, 1>_Pipeline_OUT_V_VITIS_LOOP_602_11|  return value|
|ap_idle        |  out|    1|  ap_ctrl_hs|  gesvj<double, 5, 6, 1, 1>_Pipeline_OUT_V_VITIS_LOOP_602_11|  return value|
|ap_ready       |  out|    1|  ap_ctrl_hs|  gesvj<double, 5, 6, 1, 1>_Pipeline_OUT_V_VITIS_LOOP_602_11|  return value|
|matV_address0  |  out|    6|   ap_memory|                                                        matV|         array|
|matV_ce0       |  out|    1|   ap_memory|                                                        matV|         array|
|matV_q0        |   in|   64|   ap_memory|                                                        matV|         array|
|V_address0     |  out|    6|   ap_memory|                                                           V|         array|
|V_ce0          |  out|    1|   ap_memory|                                                           V|         array|
|V_we0          |  out|    1|   ap_memory|                                                           V|         array|
|V_d0           |  out|   64|   ap_memory|                                                           V|         array|
+---------------+-----+-----+------------+------------------------------------------------------------+--------------+

