

================================================================
== Vitis HLS Report for 'jacobi_rotation_2x2_double_s'
================================================================
* Date:           Tue Apr  4 19:45:37 2023

* Version:        2022.1 (Build 3526262 on Mon Apr 18 15:47:01 MDT 2022)
* Project:        hls_EstimateMotion
* Solution:       solution1 (Vivado IP Flow Target)
* Product family: virtexuplus
* Target device:  xcu50-fsvh2104-2L-e


================================================================
== Performance Estimates
================================================================
+ Timing: 
    * Summary: 
    +--------+----------+-----------+------------+
    |  Clock |  Target  | Estimated | Uncertainty|
    +--------+----------+-----------+------------+
    |ap_clk  |  60.00 ns|  41.766 ns|    16.20 ns|
    +--------+----------+-----------+------------+

+ Latency: 
    * Summary: 
    +---------+---------+----------+----------+-----+-----+---------+
    |  Latency (cycles) |  Latency (absolute) |  Interval | Pipeline|
    |   min   |   max   |    min   |    max   | min | max |   Type  |
    +---------+---------+----------+----------+-----+-----+---------+
    |       16|       16|  0.960 us|  0.960 us|    1|    1|      yes|
    +---------+---------+----------+----------+-----+-----+---------+

    + Detail: 
        * Instance: 
        N/A

        * Loop: 
        N/A



================================================================
== Utilization Estimates
================================================================
* Summary: 
+---------------------+---------+------+---------+--------+-----+
|         Name        | BRAM_18K|  DSP |    FF   |   LUT  | URAM|
+---------------------+---------+------+---------+--------+-----+
|DSP                  |        -|     -|        -|       -|    -|
|Expression           |        -|     -|        0|     278|    -|
|FIFO                 |        -|     -|        -|       -|    -|
|Instance             |        -|    24|        0|    3214|    -|
|Memory               |        -|     -|        -|       -|    -|
|Multiplexer          |        -|     -|        -|      27|    -|
|Register             |        -|     -|     1043|     128|    -|
+---------------------+---------+------+---------+--------+-----+
|Total                |        0|    24|     1043|    3647|    0|
+---------------------+---------+------+---------+--------+-----+
|Available SLR        |     1344|  2976|   871680|  435840|  320|
+---------------------+---------+------+---------+--------+-----+
|Utilization SLR (%)  |        0|    ~0|       ~0|      ~0|    0|
+---------------------+---------+------+---------+--------+-----+
|Available            |     2688|  5952|  1743360|  871680|  640|
+---------------------+---------+------+---------+--------+-----+
|Utilization (%)      |        0|    ~0|       ~0|      ~0|    0|
+---------------------+---------+------+---------+--------+-----+

+ Detail: 
    * Instance: 
    +------------------------------------+-------------------------------+---------+----+---+-----+-----+
    |              Instance              |             Module            | BRAM_18K| DSP| FF| LUT | URAM|
    +------------------------------------+-------------------------------+---------+----+---+-----+-----+
    |dadd_64ns_64ns_64_1_no_dsp_1_U481   |dadd_64ns_64ns_64_1_no_dsp_1   |        0|   0|  0|  724|    0|
    |dadd_64ns_64ns_64_1_no_dsp_1_U482   |dadd_64ns_64ns_64_1_no_dsp_1   |        0|   0|  0|  724|    0|
    |dcmp_64ns_64ns_1_1_no_dsp_1_U488    |dcmp_64ns_64ns_1_1_no_dsp_1    |        0|   0|  0|    0|    0|
    |dcmp_64ns_64ns_1_1_no_dsp_1_U489    |dcmp_64ns_64ns_1_1_no_dsp_1    |        0|   0|  0|    0|    0|
    |dcmp_64ns_64ns_1_1_no_dsp_1_U490    |dcmp_64ns_64ns_1_1_no_dsp_1    |        0|   0|  0|    0|    0|
    |dcmp_64ns_64ns_1_1_no_dsp_1_U491    |dcmp_64ns_64ns_1_1_no_dsp_1    |        0|   0|  0|    0|    0|
    |ddiv_64ns_64ns_64_5_no_dsp_1_U487   |ddiv_64ns_64ns_64_5_no_dsp_1   |        0|   0|  0|    0|    0|
    |dmul_64ns_64ns_64_1_max_dsp_1_U484  |dmul_64ns_64ns_64_1_max_dsp_1  |        0|   8|  0|  106|    0|
    |dmul_64ns_64ns_64_1_max_dsp_1_U485  |dmul_64ns_64ns_64_1_max_dsp_1  |        0|   8|  0|  106|    0|
    |dmul_64ns_64ns_64_1_max_dsp_1_U486  |dmul_64ns_64ns_64_1_max_dsp_1  |        0|   8|  0|  106|    0|
    |dsqrt_64ns_64ns_64_3_no_dsp_1_U492  |dsqrt_64ns_64ns_64_3_no_dsp_1  |        0|   0|  0|    0|    0|
    |dsqrt_64ns_64ns_64_3_no_dsp_1_U493  |dsqrt_64ns_64ns_64_3_no_dsp_1  |        0|   0|  0|    0|    0|
    |dsqrt_64ns_64ns_64_3_no_dsp_1_U494  |dsqrt_64ns_64ns_64_3_no_dsp_1  |        0|   0|  0|    0|    0|
    |dsub_64ns_64ns_64_1_no_dsp_1_U480   |dsub_64ns_64ns_64_1_no_dsp_1   |        0|   0|  0|  724|    0|
    |dsub_64ns_64ns_64_1_no_dsp_1_U483   |dsub_64ns_64ns_64_1_no_dsp_1   |        0|   0|  0|  724|    0|
    +------------------------------------+-------------------------------+---------+----+---+-----+-----+
    |Total                               |                               |        0|  24|  0| 3214|    0|
    +------------------------------------+-------------------------------+---------+----+---+-----+-----+

    * DSP: 
    N/A

    * Memory: 
    N/A

    * FIFO: 
    N/A

    * Expression: 
    +------------------------------------+----------+----+---+----+------------+------------+
    |            Variable Name           | Operation| DSP| FF| LUT| Bitwidth P0| Bitwidth P1|
    +------------------------------------+----------+----+---+----+------------+------------+
    |exp1_V_6_fu_205_p2                  |         +|   0|  0|  18|          11|           1|
    |exp1_V_7_fu_244_p2                  |         +|   0|  0|  18|          11|           1|
    |exp1_V_8_fu_383_p2                  |         +|   0|  0|  18|          11|           1|
    |and_ln114_1_fu_354_p2               |       and|   0|  0|   2|           1|           1|
    |and_ln114_2_fu_302_p2               |       and|   0|  0|   2|           1|           1|
    |and_ln114_3_fu_330_p2               |       and|   0|  0|   2|           1|           1|
    |and_ln114_4_fu_342_p2               |       and|   0|  0|   2|           1|           1|
    |and_ln114_5_fu_348_p2               |       and|   0|  0|   2|           1|           1|
    |and_ln114_fu_336_p2                 |       and|   0|  0|   2|           1|           1|
    |icmp_ln114_1_fu_290_p2              |      icmp|   0|  0|  24|          52|           1|
    |icmp_ln114_2_fu_312_p2              |      icmp|   0|  0|  11|          11|           2|
    |icmp_ln114_3_fu_318_p2              |      icmp|   0|  0|  24|          52|           1|
    |icmp_ln114_fu_284_p2                |      icmp|   0|  0|  11|          11|           2|
    |ap_block_pp0_stage0_00001           |        or|   0|  0|   2|           1|           1|
    |ap_block_pp0_stage0_01001           |        or|   0|  0|   2|           1|           1|
    |ap_block_state17_pp0_stage0_iter16  |        or|   0|  0|   2|           1|           1|
    |or_ln114_1_fu_296_p2                |        or|   0|  0|   2|           1|           1|
    |or_ln114_2_fu_324_p2                |        or|   0|  0|   2|           1|           1|
    |or_ln114_fu_360_p2                  |        or|   0|  0|   2|           1|           1|
    |s_right_fu_420_p3                   |    select|   0|  0|  63|           1|          64|
    |ap_enable_pp0                       |       xor|   0|  0|   2|           1|           2|
    |xor_ln114_fu_410_p2                 |       xor|   0|  0|  65|          64|          65|
    +------------------------------------+----------+----+---+----+------------+------------+
    |Total                               |          |   0|  0| 278|         237|         152|
    +------------------------------------+----------+----+---+----+------------+------------+

    * Multiplexer: 
    +----------------+----+-----------+-----+-----------+
    |      Name      | LUT| Input Size| Bits| Total Bits|
    +----------------+----+-----------+-----+-----------+
    |ap_done         |   9|          2|    1|          2|
    |c_strm36_blk_n  |   9|          2|    1|          2|
    |s_strm35_blk_n  |   9|          2|    1|          2|
    +----------------+----+-----------+-----+-----------+
    |Total           |  27|          6|    3|          6|
    +----------------+----+-----------+-----+-----------+

    * Register: 
    +--------------------------+----+----+-----+-----------+
    |           Name           | FF | LUT| Bits| Const Bits|
    +--------------------------+----+----+-----+-----------+
    |ap_CS_fsm                 |   1|   0|    1|          0|
    |ap_done_reg               |   1|   0|    1|          0|
    |ap_enable_reg_pp0_iter1   |   1|   0|    1|          0|
    |ap_enable_reg_pp0_iter10  |   1|   0|    1|          0|
    |ap_enable_reg_pp0_iter11  |   1|   0|    1|          0|
    |ap_enable_reg_pp0_iter12  |   1|   0|    1|          0|
    |ap_enable_reg_pp0_iter13  |   1|   0|    1|          0|
    |ap_enable_reg_pp0_iter14  |   1|   0|    1|          0|
    |ap_enable_reg_pp0_iter15  |   1|   0|    1|          0|
    |ap_enable_reg_pp0_iter16  |   1|   0|    1|          0|
    |ap_enable_reg_pp0_iter2   |   1|   0|    1|          0|
    |ap_enable_reg_pp0_iter3   |   1|   0|    1|          0|
    |ap_enable_reg_pp0_iter4   |   1|   0|    1|          0|
    |ap_enable_reg_pp0_iter5   |   1|   0|    1|          0|
    |ap_enable_reg_pp0_iter6   |   1|   0|    1|          0|
    |ap_enable_reg_pp0_iter7   |   1|   0|    1|          0|
    |ap_enable_reg_pp0_iter8   |   1|   0|    1|          0|
    |ap_enable_reg_pp0_iter9   |   1|   0|    1|          0|
    |d2_reg_455                |  64|   0|   64|          0|
    |d_reg_441                 |  64|   0|   64|          0|
    |deno2_reg_460             |  64|   0|   64|          0|
    |gamma_read_reg_436        |  64|   0|   64|          0|
    |m_reg_471                 |  64|   0|   64|          0|
    |or_ln114_reg_466          |   1|   0|    1|          0|
    |p_Result_5_reg_450        |  64|   0|   64|          0|
    |s_right_reg_503           |  64|   0|   64|          0|
    |sqrtM_reg_477             |  64|   0|   64|          0|
    |tmpDivider_reg_492        |  64|   0|   64|          0|
    |tmpMul_reg_482            |  64|   0|   64|          0|
    |tmpSub_reg_498            |  64|   0|   64|          0|
    |tmpSum_reg_487            |  64|   0|   64|          0|
    |deno2_reg_460             |  64|  32|   64|          0|
    |m_reg_471                 |  64|  32|   64|          0|
    |or_ln114_reg_466          |  64|  32|    1|          0|
    |p_Result_5_reg_450        |  64|  32|   64|          0|
    +--------------------------+----+----+-----+-----------+
    |Total                     |1043| 128|  980|          0|
    +--------------------------+----+----+-----+-----------+



================================================================
== Interface
================================================================
* Summary: 
+-----------------+-----+-----+------------+-----------------------------+--------------+
|    RTL Ports    | Dir | Bits|  Protocol  |        Source Object        |    C Type    |
+-----------------+-----+-----+------------+-----------------------------+--------------+
|ap_clk           |   in|    1|  ap_ctrl_hs|  jacobi_rotation_2x2<double>|  return value|
|ap_rst           |   in|    1|  ap_ctrl_hs|  jacobi_rotation_2x2<double>|  return value|
|ap_start         |   in|    1|  ap_ctrl_hs|  jacobi_rotation_2x2<double>|  return value|
|ap_done          |  out|    1|  ap_ctrl_hs|  jacobi_rotation_2x2<double>|  return value|
|ap_continue      |   in|    1|  ap_ctrl_hs|  jacobi_rotation_2x2<double>|  return value|
|ap_idle          |  out|    1|  ap_ctrl_hs|  jacobi_rotation_2x2<double>|  return value|
|ap_ready         |  out|    1|  ap_ctrl_hs|  jacobi_rotation_2x2<double>|  return value|
|s_strm35_din     |  out|   64|     ap_fifo|                     s_strm35|       pointer|
|s_strm35_full_n  |   in|    1|     ap_fifo|                     s_strm35|       pointer|
|s_strm35_write   |  out|    1|     ap_fifo|                     s_strm35|       pointer|
|c_strm36_din     |  out|   64|     ap_fifo|                     c_strm36|       pointer|
|c_strm36_full_n  |   in|    1|     ap_fifo|                     c_strm36|       pointer|
|c_strm36_write   |  out|    1|     ap_fifo|                     c_strm36|       pointer|
|alpha            |   in|   64|     ap_none|                        alpha|        scalar|
|beta             |   in|   64|     ap_none|                         beta|        scalar|
|gamma            |   in|   64|     ap_none|                        gamma|        scalar|
+-----------------+-----+-----+------------+-----------------------------+--------------+

