

================================================================
== Vitis HLS Report for 'match_points'
================================================================
* Date:           Tue Apr  4 19:45:19 2023

* Version:        2022.1 (Build 3526262 on Mon Apr 18 15:47:01 MDT 2022)
* Project:        hls_EstimateMotion
* Solution:       solution1 (Vivado IP Flow Target)
* Product family: virtexuplus
* Target device:  xcu50-fsvh2104-2L-e


================================================================
== Performance Estimates
================================================================
+ Timing: 
    * Summary: 
    +--------+----------+-----------+------------+
    |  Clock |  Target  | Estimated | Uncertainty|
    +--------+----------+-----------+------------+
    |ap_clk  |  60.00 ns|  43.800 ns|    16.20 ns|
    +--------+----------+-----------+------------+

+ Latency: 
    * Summary: 
    +---------+---------+----------+----------+-----+-----+---------+
    |  Latency (cycles) |  Latency (absolute) |  Interval | Pipeline|
    |   min   |   max   |    min   |    max   | min | max |   Type  |
    +---------+---------+----------+----------+-----+-----+---------+
    |        ?|        ?|         ?|         ?|    ?|    ?|       no|
    +---------+---------+----------+----------+-----+-----+---------+

    + Detail: 
        * Instance: 
        N/A

        * Loop: 
        +-------------------+---------+---------+----------+-----------+-----------+------+----------+
        |                   |  Latency (cycles) | Iteration|  Initiation Interval  | Trip |          |
        |     Loop Name     |   min   |   max   |  Latency |  achieved |   target  | Count| Pipelined|
        +-------------------+---------+---------+----------+-----------+-----------+------+----------+
        |- VITIS_LOOP_58_1  |        ?|        ?|        48|         39|          1|     ?|       yes|
        +-------------------+---------+---------+----------+-----------+-----------+------+----------+



================================================================
== Utilization Estimates
================================================================
* Summary: 
+---------------------+---------+------+---------+--------+-----+
|         Name        | BRAM_18K|  DSP |    FF   |   LUT  | URAM|
+---------------------+---------+------+---------+--------+-----+
|DSP                  |        -|     -|        -|       -|    -|
|Expression           |        -|     -|        0|    2056|    -|
|FIFO                 |        -|     -|        -|       -|    -|
|Instance             |        -|     7|        0|     323|    -|
|Memory               |        -|     -|        -|       -|    -|
|Multiplexer          |        -|     -|        -|     366|    -|
|Register             |        -|     -|     1224|       -|    -|
+---------------------+---------+------+---------+--------+-----+
|Total                |        0|     7|     1224|    2745|    0|
+---------------------+---------+------+---------+--------+-----+
|Available SLR        |     1344|  2976|   871680|  435840|  320|
+---------------------+---------+------+---------+--------+-----+
|Utilization SLR (%)  |        0|    ~0|       ~0|      ~0|    0|
+---------------------+---------+------+---------+--------+-----+
|Available            |     2688|  5952|  1743360|  871680|  640|
+---------------------+---------+------+---------+--------+-----+
|Utilization (%)      |        0|    ~0|       ~0|      ~0|    0|
+---------------------+---------+------+---------+--------+-----+

+ Detail: 
    * Instance: 
    +-----------------------------------+--------------------------------+---------+----+---+-----+-----+
    |              Instance             |             Module             | BRAM_18K| DSP| FF| LUT | URAM|
    +-----------------------------------+--------------------------------+---------+----+---+-----+-----+
    |fcmp_32ns_32ns_1_1_no_dsp_1_U4     |fcmp_32ns_32ns_1_1_no_dsp_1     |        0|   0|  0|    0|    0|
    |fmul_32ns_32ns_32_1_max_dsp_1_U2   |fmul_32ns_32ns_32_1_max_dsp_1   |        0|   3|  0|   77|    0|
    |fsub_32ns_32ns_32_1_full_dsp_1_U1  |fsub_32ns_32ns_32_1_full_dsp_1  |        0|   2|  0|  226|    0|
    |mul_32s_12ns_32_1_1_U5             |mul_32s_12ns_32_1_1             |        0|   2|  0|   20|    0|
    +-----------------------------------+--------------------------------+---------+----+---+-----+-----+
    |Total                              |                                |        0|   7|  0|  323|    0|
    +-----------------------------------+--------------------------------+---------+----+---+-----+-----+

    * DSP: 
    N/A

    * Memory: 
    N/A

    * FIFO: 
    N/A

    * Expression: 
    +------------------------------------+----------+----+---+-----+------------+------------+
    |            Variable Name           | Operation| DSP| FF| LUT | Bitwidth P0| Bitwidth P1|
    +------------------------------------+----------+----+---+-----+------------+------------+
    |add_ln346_1_fu_580_p2               |         +|   0|  0|   16|           9|           8|
    |add_ln346_fu_677_p2                 |         +|   0|  0|   16|           9|           8|
    |add_ln58_fu_391_p2                  |         +|   0|  0|   39|          32|           1|
    |add_ln60_1_fu_460_p2                |         +|   0|  0|   71|          64|          64|
    |add_ln60_fu_409_p2                  |         +|   0|  0|   71|          64|          64|
    |add_ln61_fu_503_p2                  |         +|   0|  0|   71|          64|          64|
    |add_ln62_1_fu_814_p2                |         +|   0|  0|   71|          64|          64|
    |add_ln62_fu_796_p2                  |         +|   0|  0|   39|          32|          32|
    |add_ln70_1_fu_965_p2                |         +|   0|  0|   71|          64|          64|
    |add_ln70_fu_904_p2                  |         +|   0|  0|   71|          64|          64|
    |add_ln71_fu_1008_p2                 |         +|   0|  0|   71|          64|          64|
    |add_ln72_fu_929_p2                  |         +|   0|  0|   39|          32|           1|
    |result_V_2_fu_758_p2                |         -|   0|  0|   39|           1|          32|
    |result_V_6_fu_784_p2                |         -|   0|  0|   39|           1|          32|
    |sub_ln1512_1_fu_594_p2              |         -|   0|  0|   15|           7|           8|
    |sub_ln1512_fu_691_p2                |         -|   0|  0|   15|           7|           8|
    |and_ln63_fu_881_p2                  |       and|   0|  0|    2|           1|           1|
    |ap_block_pp0_stage0_11001           |       and|   0|  0|    2|           1|           1|
    |ap_block_pp0_stage10_11001          |       and|   0|  0|    2|           1|           1|
    |ap_block_pp0_stage11_11001          |       and|   0|  0|    2|           1|           1|
    |ap_block_pp0_stage17_11001          |       and|   0|  0|    2|           1|           1|
    |ap_block_pp0_stage1_11001           |       and|   0|  0|    2|           1|           1|
    |ap_block_pp0_stage20_11001          |       and|   0|  0|    2|           1|           1|
    |ap_block_pp0_stage29_11001          |       and|   0|  0|    2|           1|           1|
    |ap_block_pp0_stage36_11001          |       and|   0|  0|    2|           1|           1|
    |ap_block_pp0_stage38_11001          |       and|   0|  0|    2|           1|           1|
    |ap_block_pp0_stage6_11001           |       and|   0|  0|    2|           1|           1|
    |ap_block_state11_io                 |       and|   0|  0|    2|           1|           1|
    |ap_block_state18_pp0_stage17_iter0  |       and|   0|  0|    2|           1|           1|
    |ap_block_state30_io                 |       and|   0|  0|    2|           1|           1|
    |ap_block_state37_pp0_stage36_iter0  |       and|   0|  0|    2|           1|           1|
    |ap_block_state39_io                 |       and|   0|  0|    2|           1|           1|
    |ap_block_state40_io                 |       and|   0|  0|    2|           1|           1|
    |ap_block_state46_pp0_stage6_iter1   |       and|   0|  0|    2|           1|           1|
    |ap_predicate_op206_readreq_state30  |       and|   0|  0|    2|           1|           1|
    |icmp_ln58_fu_385_p2                 |      icmp|   0|  0|   20|          32|          32|
    |icmp_ln63_1_fu_870_p2               |      icmp|   0|  0|   16|          23|           1|
    |icmp_ln63_fu_865_p2                 |      icmp|   0|  0|   11|           8|           2|
    |r_V_2_fu_619_p2                     |      lshr|   0|  0|  242|          79|          79|
    |r_V_fu_716_p2                       |      lshr|   0|  0|  242|          79|          79|
    |or_ln61_fu_485_p2                   |        or|   0|  0|   32|          32|           1|
    |or_ln63_fu_875_p2                   |        or|   0|  0|    2|           1|           1|
    |or_ln70_fu_895_p2                   |        or|   0|  0|   35|          35|           3|
    |or_ln71_fu_990_p2                   |        or|   0|  0|   32|          32|           1|
    |mul_ln62_fu_771_p0                  |    select|   0|  0|   32|           1|          32|
    |result_V_7_fu_789_p3                |    select|   0|  0|   32|           1|          32|
    |ush_1_fu_603_p3                     |    select|   0|  0|    9|           1|           9|
    |ush_fu_700_p3                       |    select|   0|  0|    9|           1|           9|
    |val_1_fu_653_p3                     |    select|   0|  0|   32|           1|          32|
    |val_fu_750_p3                       |    select|   0|  0|   32|           1|          32|
    |r_V_1_fu_722_p2                     |       shl|   0|  0|  242|          79|          79|
    |r_V_3_fu_625_p2                     |       shl|   0|  0|  242|          79|          79|
    |ap_enable_pp0                       |       xor|   0|  0|    2|           1|           2|
    +------------------------------------+----------+----+---+-----+------------+------------+
    |Total                               |          |   0|  0| 2056|        1083|        1102|
    +------------------------------------+----------+----+---+-----+------------+------------+

    * Multiplexer: 
    +-------------------------------+-----+-----------+-----+-----------+
    |              Name             | LUT | Input Size| Bits| Total Bits|
    +-------------------------------+-----+-----------+-----+-----------+
    |ap_NS_fsm                      |  177|         40|    1|         40|
    |ap_done_int                    |    9|          2|    1|          2|
    |ap_enable_reg_pp0_iter0        |    9|          2|    1|          2|
    |ap_enable_reg_pp0_iter0_reg    |    9|          2|    1|          2|
    |ap_enable_reg_pp0_iter1        |    9|          2|    1|          2|
    |ap_sig_allocacmp_i_15          |    9|          2|   32|         64|
    |empty_fu_132                   |    9|          2|   32|         64|
    |gmem_blk_n_AR                  |    9|          2|    1|          2|
    |gmem_blk_n_R                   |    9|          2|    1|          2|
    |grp_fu_343_p0                  |   14|          3|   32|         96|
    |grp_fu_343_p1                  |   14|          3|   32|         96|
    |grp_fu_351_p0                  |   14|          3|   32|         96|
    |grp_fu_351_p1                  |   14|          3|   32|         96|
    |i_fu_128                       |    9|          2|   32|         64|
    |m_axi_gmem_ARADDR              |   43|          8|   64|        512|
    |point_num_write_assign_fu_136  |    9|          2|   32|         64|
    +-------------------------------+-----+-----------+-----+-----------+
    |Total                          |  366|         80|  327|       1204|
    +-------------------------------+-----+-----------+-----+-----------+

    * Register: 
    +-------------------------------+----+----+-----+-----------+
    |              Name             | FF | LUT| Bits| Const Bits|
    +-------------------------------+----+----+-----+-----------+
    |and_ln63_reg_1219              |   1|   0|    1|          0|
    |ap_CS_fsm                      |  39|   0|   39|          0|
    |ap_done_reg                    |   1|   0|    1|          0|
    |ap_enable_reg_pp0_iter0_reg    |   1|   0|    1|          0|
    |ap_enable_reg_pp0_iter1        |   1|   0|    1|          0|
    |data_V_2_reg_1144              |  32|   0|   32|          0|
    |data_V_reg_1161                |  32|   0|   32|          0|
    |empty_fu_132                   |  32|   0|   32|          0|
    |gmem_addr_1_reg_1132           |  64|   0|   64|          0|
    |gmem_addr_2_reg_1138           |  64|   0|   64|          0|
    |gmem_addr_3_read_reg_1194      |  32|   0|   32|          0|
    |gmem_addr_3_reg_1188           |  64|   0|   64|          0|
    |gmem_addr_4_read_reg_1247      |  32|   0|   32|          0|
    |gmem_addr_4_reg_1231           |  64|   0|   64|          0|
    |gmem_addr_5_read_reg_1269      |  32|   0|   32|          0|
    |gmem_addr_5_reg_1257           |  64|   0|   64|          0|
    |gmem_addr_6_read_reg_1274      |  32|   0|   32|          0|
    |gmem_addr_6_reg_1263           |  64|   0|   64|          0|
    |gmem_addr_read_reg_1122        |  32|   0|   32|          0|
    |gmem_addr_reg_1116             |  64|   0|   64|          0|
    |i_fu_128                       |  32|   0|   32|          0|
    |icmp_ln58_reg_1107             |   1|   0|    1|          0|
    |mul7_reg_1237                  |  32|   0|   32|          0|
    |mul_reg_1242                   |  32|   0|   32|          0|
    |p_Result_2_reg_1177            |  23|   0|   23|          0|
    |p_Result_4_reg_1156            |  23|   0|   23|          0|
    |p_Result_s_reg_1166            |   1|   0|    1|          0|
    |point_num_write_assign_fu_136  |  32|   0|   32|          0|
    |reg_362                        |  32|   0|   32|          0|
    |shl_ln_reg_1111                |  32|   0|   35|          3|
    |tmp_reg_1199                   |   8|   0|    8|          0|
    |trunc_ln60_reg_1127            |  31|   0|   31|          0|
    |trunc_ln63_reg_1204            |  23|   0|   23|          0|
    |trunc_ln70_reg_1252            |  31|   0|   31|          0|
    |v_reg_1209                     |  32|   0|   32|          0|
    |val_1_reg_1182                 |  32|   0|   32|          0|
    |xs_exp_V_1_reg_1150            |   8|   0|    8|          0|
    |xs_exp_V_reg_1171              |   8|   0|    8|          0|
    |z_reg_1214                     |  32|   0|   32|          0|
    |zext_ln66_reg_1223             |  32|   0|   64|         32|
    +-------------------------------+----+----+-----+-----------+
    |Total                          |1224|   0| 1259|         35|
    +-------------------------------+----+----+-----+-----------+



================================================================
== Interface
================================================================
* Summary: 
+---------------------+-----+-----+------------+--------------+--------------+
|      RTL Ports      | Dir | Bits|  Protocol  | Source Object|    C Type    |
+---------------------+-----+-----+------------+--------------+--------------+
|ap_clk               |   in|    1|  ap_ctrl_hs|  match_points|  return value|
|ap_rst               |   in|    1|  ap_ctrl_hs|  match_points|  return value|
|ap_start             |   in|    1|  ap_ctrl_hs|  match_points|  return value|
|ap_done              |  out|    1|  ap_ctrl_hs|  match_points|  return value|
|ap_idle              |  out|    1|  ap_ctrl_hs|  match_points|  return value|
|ap_ready             |  out|    1|  ap_ctrl_hs|  match_points|  return value|
|ap_return            |  out|   32|  ap_ctrl_hs|  match_points|  return value|
|grp_fu_647_p_din0    |  out|   32|  ap_ctrl_hs|  match_points|  return value|
|grp_fu_647_p_din1    |  out|   32|  ap_ctrl_hs|  match_points|  return value|
|grp_fu_647_p_dout0   |   in|   32|  ap_ctrl_hs|  match_points|  return value|
|grp_fu_647_p_ce      |  out|    1|  ap_ctrl_hs|  match_points|  return value|
|m_axi_gmem_AWVALID   |  out|    1|       m_axi|          gmem|       pointer|
|m_axi_gmem_AWREADY   |   in|    1|       m_axi|          gmem|       pointer|
|m_axi_gmem_AWADDR    |  out|   64|       m_axi|          gmem|       pointer|
|m_axi_gmem_AWID      |  out|    1|       m_axi|          gmem|       pointer|
|m_axi_gmem_AWLEN     |  out|   32|       m_axi|          gmem|       pointer|
|m_axi_gmem_AWSIZE    |  out|    3|       m_axi|          gmem|       pointer|
|m_axi_gmem_AWBURST   |  out|    2|       m_axi|          gmem|       pointer|
|m_axi_gmem_AWLOCK    |  out|    2|       m_axi|          gmem|       pointer|
|m_axi_gmem_AWCACHE   |  out|    4|       m_axi|          gmem|       pointer|
|m_axi_gmem_AWPROT    |  out|    3|       m_axi|          gmem|       pointer|
|m_axi_gmem_AWQOS     |  out|    4|       m_axi|          gmem|       pointer|
|m_axi_gmem_AWREGION  |  out|    4|       m_axi|          gmem|       pointer|
|m_axi_gmem_AWUSER    |  out|    1|       m_axi|          gmem|       pointer|
|m_axi_gmem_WVALID    |  out|    1|       m_axi|          gmem|       pointer|
|m_axi_gmem_WREADY    |   in|    1|       m_axi|          gmem|       pointer|
|m_axi_gmem_WDATA     |  out|   32|       m_axi|          gmem|       pointer|
|m_axi_gmem_WSTRB     |  out|    4|       m_axi|          gmem|       pointer|
|m_axi_gmem_WLAST     |  out|    1|       m_axi|          gmem|       pointer|
|m_axi_gmem_WID       |  out|    1|       m_axi|          gmem|       pointer|
|m_axi_gmem_WUSER     |  out|    1|       m_axi|          gmem|       pointer|
|m_axi_gmem_ARVALID   |  out|    1|       m_axi|          gmem|       pointer|
|m_axi_gmem_ARREADY   |   in|    1|       m_axi|          gmem|       pointer|
|m_axi_gmem_ARADDR    |  out|   64|       m_axi|          gmem|       pointer|
|m_axi_gmem_ARID      |  out|    1|       m_axi|          gmem|       pointer|
|m_axi_gmem_ARLEN     |  out|   32|       m_axi|          gmem|       pointer|
|m_axi_gmem_ARSIZE    |  out|    3|       m_axi|          gmem|       pointer|
|m_axi_gmem_ARBURST   |  out|    2|       m_axi|          gmem|       pointer|
|m_axi_gmem_ARLOCK    |  out|    2|       m_axi|          gmem|       pointer|
|m_axi_gmem_ARCACHE   |  out|    4|       m_axi|          gmem|       pointer|
|m_axi_gmem_ARPROT    |  out|    3|       m_axi|          gmem|       pointer|
|m_axi_gmem_ARQOS     |  out|    4|       m_axi|          gmem|       pointer|
|m_axi_gmem_ARREGION  |  out|    4|       m_axi|          gmem|       pointer|
|m_axi_gmem_ARUSER    |  out|    1|       m_axi|          gmem|       pointer|
|m_axi_gmem_RVALID    |   in|    1|       m_axi|          gmem|       pointer|
|m_axi_gmem_RREADY    |  out|    1|       m_axi|          gmem|       pointer|
|m_axi_gmem_RDATA     |   in|   32|       m_axi|          gmem|       pointer|
|m_axi_gmem_RLAST     |   in|    1|       m_axi|          gmem|       pointer|
|m_axi_gmem_RID       |   in|    1|       m_axi|          gmem|       pointer|
|m_axi_gmem_RFIFONUM  |   in|    9|       m_axi|          gmem|       pointer|
|m_axi_gmem_RUSER     |   in|    1|       m_axi|          gmem|       pointer|
|m_axi_gmem_RRESP     |   in|    2|       m_axi|          gmem|       pointer|
|m_axi_gmem_BVALID    |   in|    1|       m_axi|          gmem|       pointer|
|m_axi_gmem_BREADY    |  out|    1|       m_axi|          gmem|       pointer|
|m_axi_gmem_BRESP     |   in|    2|       m_axi|          gmem|       pointer|
|m_axi_gmem_BID       |   in|    1|       m_axi|          gmem|       pointer|
|m_axi_gmem_BUSER     |   in|    1|       m_axi|          gmem|       pointer|
|match                |   in|   64|     ap_none|         match|        scalar|
|match_num            |   in|   32|     ap_none|     match_num|        scalar|
|kp0                  |   in|   64|     ap_none|           kp0|        scalar|
|kp1                  |   in|   64|     ap_none|           kp1|        scalar|
|fx                   |   in|   32|     ap_none|            fx|        scalar|
|fy                   |   in|   32|     ap_none|            fy|        scalar|
|cx                   |   in|   32|     ap_none|            cx|        scalar|
|cy                   |   in|   32|     ap_none|            cy|        scalar|
|depth                |   in|   64|     ap_none|         depth|        scalar|
|opoint_x_address0    |  out|    9|   ap_memory|      opoint_x|         array|
|opoint_x_ce0         |  out|    1|   ap_memory|      opoint_x|         array|
|opoint_x_we0         |  out|    1|   ap_memory|      opoint_x|         array|
|opoint_x_d0          |  out|   32|   ap_memory|      opoint_x|         array|
|opoint_y_address0    |  out|    9|   ap_memory|      opoint_y|         array|
|opoint_y_ce0         |  out|    1|   ap_memory|      opoint_y|         array|
|opoint_y_we0         |  out|    1|   ap_memory|      opoint_y|         array|
|opoint_y_d0          |  out|   32|   ap_memory|      opoint_y|         array|
|opoint_z_address0    |  out|    9|   ap_memory|      opoint_z|         array|
|opoint_z_ce0         |  out|    1|   ap_memory|      opoint_z|         array|
|opoint_z_we0         |  out|    1|   ap_memory|      opoint_z|         array|
|opoint_z_d0          |  out|   32|   ap_memory|      opoint_z|         array|
|ipoint_x_address0    |  out|    9|   ap_memory|      ipoint_x|         array|
|ipoint_x_ce0         |  out|    1|   ap_memory|      ipoint_x|         array|
|ipoint_x_we0         |  out|    1|   ap_memory|      ipoint_x|         array|
|ipoint_x_d0          |  out|   32|   ap_memory|      ipoint_x|         array|
|ipoint_y_address0    |  out|    9|   ap_memory|      ipoint_y|         array|
|ipoint_y_ce0         |  out|    1|   ap_memory|      ipoint_y|         array|
|ipoint_y_we0         |  out|    1|   ap_memory|      ipoint_y|         array|
|ipoint_y_d0          |  out|   32|   ap_memory|      ipoint_y|         array|
+---------------------+-----+-----+------------+--------------+--------------+

