

================================================================
== Vitis HLS Report for 'read_and_gen_2x2_double_5_6_1_5_Pipeline_ACCU'
================================================================
* Date:           Tue Apr  4 19:45:35 2023

* Version:        2022.1 (Build 3526262 on Mon Apr 18 15:47:01 MDT 2022)
* Project:        hls_EstimateMotion
* Solution:       solution1 (Vivado IP Flow Target)
* Product family: virtexuplus
* Target device:  xcu50-fsvh2104-2L-e


================================================================
== Performance Estimates
================================================================
+ Timing: 
    * Summary: 
    +--------+----------+-----------+------------+
    |  Clock |  Target  | Estimated | Uncertainty|
    +--------+----------+-----------+------------+
    |ap_clk  |  60.00 ns|  37.354 ns|    16.20 ns|
    +--------+----------+-----------+------------+

+ Latency: 
    * Summary: 
    +---------+---------+----------+----------+-----+-----+---------+
    |  Latency (cycles) |  Latency (absolute) |  Interval | Pipeline|
    |   min   |   max   |    min   |    max   | min | max |   Type  |
    +---------+---------+----------+----------+-----+-----+---------+
    |       18|       18|  1.080 us|  1.080 us|   18|   18|       no|
    +---------+---------+----------+----------+-----+-----+---------+

    + Detail: 
        * Instance: 
        N/A

        * Loop: 
        +----------+---------+---------+----------+-----------+-----------+------+----------+
        |          |  Latency (cycles) | Iteration|  Initiation Interval  | Trip |          |
        | Loop Name|   min   |   max   |  Latency |  achieved |   target  | Count| Pipelined|
        +----------+---------+---------+----------+-----------+-----------+------+----------+
        |- ACCU    |       16|       16|         2|          1|          1|    16|       yes|
        +----------+---------+---------+----------+-----------+-----------+------+----------+



================================================================
== Utilization Estimates
================================================================
* Summary: 
+---------------------+---------+------+---------+--------+-----+
|         Name        | BRAM_18K|  DSP |    FF   |   LUT  | URAM|
+---------------------+---------+------+---------+--------+-----+
|DSP                  |        -|     -|        -|       -|    -|
|Expression           |        -|     -|        0|      24|    -|
|FIFO                 |        -|     -|        -|       -|    -|
|Instance             |        -|     9|        0|    2124|    -|
|Memory               |        -|     -|        -|       -|    -|
|Multiplexer          |        -|     -|        -|      36|    -|
|Register             |        -|     -|       20|       -|    -|
+---------------------+---------+------+---------+--------+-----+
|Total                |        0|     9|       20|    2184|    0|
+---------------------+---------+------+---------+--------+-----+
|Available SLR        |     1344|  2976|   871680|  435840|  320|
+---------------------+---------+------+---------+--------+-----+
|Utilization SLR (%)  |        0|    ~0|       ~0|      ~0|    0|
+---------------------+---------+------+---------+--------+-----+
|Available            |     2688|  5952|  1743360|  871680|  640|
+---------------------+---------+------+---------+--------+-----+
|Utilization (%)      |        0|    ~0|       ~0|      ~0|    0|
+---------------------+---------+------+---------+--------+-----+

+ Detail: 
    * Instance: 
    +-------------------------------------+--------------------------------+---------+----+---+-----+-----+
    |               Instance              |             Module             | BRAM_18K| DSP| FF| LUT | URAM|
    +-------------------------------------+--------------------------------+---------+----+---+-----+-----+
    |dadd_64ns_64ns_64_1_full_dsp_1_U410  |dadd_64ns_64ns_64_1_full_dsp_1  |        0|   3|  0|  708|    0|
    |dadd_64ns_64ns_64_1_full_dsp_1_U411  |dadd_64ns_64ns_64_1_full_dsp_1  |        0|   3|  0|  708|    0|
    |dadd_64ns_64ns_64_1_full_dsp_1_U412  |dadd_64ns_64ns_64_1_full_dsp_1  |        0|   3|  0|  708|    0|
    +-------------------------------------+--------------------------------+---------+----+---+-----+-----+
    |Total                                |                                |        0|   9|  0| 2124|    0|
    +-------------------------------------+--------------------------------+---------+----+---+-----+-----+

    * DSP: 
    N/A

    * Memory: 
    N/A

    * FIFO: 
    N/A

    * Expression: 
    +----------------------+----------+----+---+----+------------+------------+
    |     Variable Name    | Operation| DSP| FF| LUT| Bitwidth P0| Bitwidth P1|
    +----------------------+----------+----+---+----+------------+------------+
    |add_ln886_fu_173_p2   |         +|   0|  0|  12|           5|           1|
    |icmp_ln260_fu_167_p2  |      icmp|   0|  0|  10|           5|           6|
    |ap_enable_pp0         |       xor|   0|  0|   2|           1|           2|
    +----------------------+----------+----+---+----+------------+------------+
    |Total                 |          |   0|  0|  24|          11|           9|
    +----------------------+----------+----+---+----+------------+------------+

    * Multiplexer: 
    +-------------------------+----+-----------+-----+-----------+
    |           Name          | LUT| Input Size| Bits| Total Bits|
    +-------------------------+----+-----------+-----+-----------+
    |ap_done_int              |   9|          2|    1|          2|
    |ap_enable_reg_pp0_iter1  |   9|          2|    1|          2|
    |ap_sig_allocacmp_idx_V   |   9|          2|    5|         10|
    |k_fu_44                  |   9|          2|    5|         10|
    +-------------------------+----+-----------+-----+-----------+
    |Total                    |  36|          8|   12|         24|
    +-------------------------+----+-----------+-----+-----------+

    * Register: 
    +--------------------------+---+----+-----+-----------+
    |           Name           | FF| LUT| Bits| Const Bits|
    +--------------------------+---+----+-----+-----------+
    |alpha_sum_addr_1_reg_209  |  4|   0|    4|          0|
    |ap_CS_fsm                 |  1|   0|    1|          0|
    |ap_done_reg               |  1|   0|    1|          0|
    |ap_enable_reg_pp0_iter1   |  1|   0|    1|          0|
    |beta_sum_addr_1_reg_220   |  4|   0|    4|          0|
    |gamma_sum_addr_1_reg_231  |  4|   0|    4|          0|
    |k_fu_44                   |  5|   0|    5|          0|
    +--------------------------+---+----+-----+-----------+
    |Total                     | 20|   0|   20|          0|
    +--------------------------+---+----+-----+-----------+



================================================================
== Interface
================================================================
* Summary: 
+--------------------+-----+-----+------------+----------------------------------------------------+--------------+
|      RTL Ports     | Dir | Bits|  Protocol  |                    Source Object                   |    C Type    |
+--------------------+-----+-----+------------+----------------------------------------------------+--------------+
|ap_clk              |   in|    1|  ap_ctrl_hs|  read_and_gen_2x2<double, 5, 6, 1, 5>_Pipeline_ACCU|  return value|
|ap_rst              |   in|    1|  ap_ctrl_hs|  read_and_gen_2x2<double, 5, 6, 1, 5>_Pipeline_ACCU|  return value|
|ap_start            |   in|    1|  ap_ctrl_hs|  read_and_gen_2x2<double, 5, 6, 1, 5>_Pipeline_ACCU|  return value|
|ap_done             |  out|    1|  ap_ctrl_hs|  read_and_gen_2x2<double, 5, 6, 1, 5>_Pipeline_ACCU|  return value|
|ap_idle             |  out|    1|  ap_ctrl_hs|  read_and_gen_2x2<double, 5, 6, 1, 5>_Pipeline_ACCU|  return value|
|ap_ready            |  out|    1|  ap_ctrl_hs|  read_and_gen_2x2<double, 5, 6, 1, 5>_Pipeline_ACCU|  return value|
|alpha_acc_address0  |  out|    4|   ap_memory|                                           alpha_acc|         array|
|alpha_acc_ce0       |  out|    1|   ap_memory|                                           alpha_acc|         array|
|alpha_acc_q0        |   in|   64|   ap_memory|                                           alpha_acc|         array|
|alpha_sum_address0  |  out|    4|   ap_memory|                                           alpha_sum|         array|
|alpha_sum_ce0       |  out|    1|   ap_memory|                                           alpha_sum|         array|
|alpha_sum_we0       |  out|    1|   ap_memory|                                           alpha_sum|         array|
|alpha_sum_d0        |  out|   64|   ap_memory|                                           alpha_sum|         array|
|alpha_sum_address1  |  out|    4|   ap_memory|                                           alpha_sum|         array|
|alpha_sum_ce1       |  out|    1|   ap_memory|                                           alpha_sum|         array|
|alpha_sum_q1        |   in|   64|   ap_memory|                                           alpha_sum|         array|
|beta_acc_address0   |  out|    4|   ap_memory|                                            beta_acc|         array|
|beta_acc_ce0        |  out|    1|   ap_memory|                                            beta_acc|         array|
|beta_acc_q0         |   in|   64|   ap_memory|                                            beta_acc|         array|
|beta_sum_address0   |  out|    4|   ap_memory|                                            beta_sum|         array|
|beta_sum_ce0        |  out|    1|   ap_memory|                                            beta_sum|         array|
|beta_sum_we0        |  out|    1|   ap_memory|                                            beta_sum|         array|
|beta_sum_d0         |  out|   64|   ap_memory|                                            beta_sum|         array|
|beta_sum_address1   |  out|    4|   ap_memory|                                            beta_sum|         array|
|beta_sum_ce1        |  out|    1|   ap_memory|                                            beta_sum|         array|
|beta_sum_q1         |   in|   64|   ap_memory|                                            beta_sum|         array|
|gamma_acc_address0  |  out|    4|   ap_memory|                                           gamma_acc|         array|
|gamma_acc_ce0       |  out|    1|   ap_memory|                                           gamma_acc|         array|
|gamma_acc_q0        |   in|   64|   ap_memory|                                           gamma_acc|         array|
|gamma_sum_address0  |  out|    4|   ap_memory|                                           gamma_sum|         array|
|gamma_sum_ce0       |  out|    1|   ap_memory|                                           gamma_sum|         array|
|gamma_sum_we0       |  out|    1|   ap_memory|                                           gamma_sum|         array|
|gamma_sum_d0        |  out|   64|   ap_memory|                                           gamma_sum|         array|
|gamma_sum_address1  |  out|    4|   ap_memory|                                           gamma_sum|         array|
|gamma_sum_ce1       |  out|    1|   ap_memory|                                           gamma_sum|         array|
|gamma_sum_q1        |   in|   64|   ap_memory|                                           gamma_sum|         array|
+--------------------+-----+-----+------------+----------------------------------------------------+--------------+

