

================================================================
== Vitis HLS Report for 'read_and_gen_2x2_double_5_6_1_5_Pipeline_VITIS_LOOP_291_5'
================================================================
* Date:           Tue Apr  4 19:45:35 2023

* Version:        2022.1 (Build 3526262 on Mon Apr 18 15:47:01 MDT 2022)
* Project:        hls_EstimateMotion
* Solution:       solution1 (Vivado IP Flow Target)
* Product family: virtexuplus
* Target device:  xcu50-fsvh2104-2L-e


================================================================
== Performance Estimates
================================================================
+ Timing: 
    * Summary: 
    +--------+----------+-----------+------------+
    |  Clock |  Target  | Estimated | Uncertainty|
    +--------+----------+-----------+------------+
    |ap_clk  |  60.00 ns|  36.868 ns|    16.20 ns|
    +--------+----------+-----------+------------+

+ Latency: 
    * Summary: 
    +---------+---------+----------+----------+-----+-----+---------+
    |  Latency (cycles) |  Latency (absolute) |  Interval | Pipeline|
    |   min   |   max   |    min   |    max   | min | max |   Type  |
    +---------+---------+----------+----------+-----+-----+---------+
    |        6|        6|  0.360 us|  0.360 us|    6|    6|       no|
    +---------+---------+----------+----------+-----+-----+---------+

    + Detail: 
        * Instance: 
        N/A

        * Loop: 
        +--------------------+---------+---------+----------+-----------+-----------+------+----------+
        |                    |  Latency (cycles) | Iteration|  Initiation Interval  | Trip |          |
        |      Loop Name     |   min   |   max   |  Latency |  achieved |   target  | Count| Pipelined|
        +--------------------+---------+---------+----------+-----------+-----------+------+----------+
        |- VITIS_LOOP_291_5  |        4|        4|         2|          1|          1|     4|       yes|
        +--------------------+---------+---------+----------+-----------+-----------+------+----------+



================================================================
== Utilization Estimates
================================================================
* Summary: 
+---------------------+---------+------+---------+--------+-----+
|         Name        | BRAM_18K|  DSP |    FF   |   LUT  | URAM|
+---------------------+---------+------+---------+--------+-----+
|DSP                  |        -|     -|        -|       -|    -|
|Expression           |        -|     -|        0|      24|    -|
|FIFO                 |        -|     -|        -|       -|    -|
|Instance             |        -|     9|        0|    2124|    -|
|Memory               |        -|     -|        -|       -|    -|
|Multiplexer          |        -|     -|        -|      36|    -|
|Register             |        -|     -|        9|       -|    -|
+---------------------+---------+------+---------+--------+-----+
|Total                |        0|     9|        9|    2184|    0|
+---------------------+---------+------+---------+--------+-----+
|Available SLR        |     1344|  2976|   871680|  435840|  320|
+---------------------+---------+------+---------+--------+-----+
|Utilization SLR (%)  |        0|    ~0|       ~0|      ~0|    0|
+---------------------+---------+------+---------+--------+-----+
|Available            |     2688|  5952|  1743360|  871680|  640|
+---------------------+---------+------+---------+--------+-----+
|Utilization (%)      |        0|    ~0|       ~0|      ~0|    0|
+---------------------+---------+------+---------+--------+-----+

+ Detail: 
    * Instance: 
    +-------------------------------------+--------------------------------+---------+----+---+-----+-----+
    |               Instance              |             Module             | BRAM_18K| DSP| FF| LUT | URAM|
    +-------------------------------------+--------------------------------+---------+----+---+-----+-----+
    |dadd_64ns_64ns_64_1_full_dsp_1_U428  |dadd_64ns_64ns_64_1_full_dsp_1  |        0|   3|  0|  708|    0|
    |dadd_64ns_64ns_64_1_full_dsp_1_U429  |dadd_64ns_64ns_64_1_full_dsp_1  |        0|   3|  0|  708|    0|
    |dadd_64ns_64ns_64_1_full_dsp_1_U430  |dadd_64ns_64ns_64_1_full_dsp_1  |        0|   3|  0|  708|    0|
    +-------------------------------------+--------------------------------+---------+----+---+-----+-----+
    |Total                                |                                |        0|   9|  0| 2124|    0|
    +-------------------------------------+--------------------------------+---------+----+---+-----+-----+

    * DSP: 
    N/A

    * Memory: 
    N/A

    * FIFO: 
    N/A

    * Expression: 
    +----------------------+----------+----+---+----+------------+------------+
    |     Variable Name    | Operation| DSP| FF| LUT| Bitwidth P0| Bitwidth P1|
    +----------------------+----------+----+---+----+------------+------------+
    |add_ln291_fu_191_p2   |         +|   0|  0|  10|           3|           1|
    |icmp_ln291_fu_185_p2  |      icmp|   0|  0|   9|           3|           4|
    |or_ln293_fu_210_p2    |        or|   0|  0|   3|           3|           1|
    |ap_enable_pp0         |       xor|   0|  0|   2|           1|           2|
    +----------------------+----------+----+---+----+------------+------------+
    |Total                 |          |   0|  0|  24|          10|           8|
    +----------------------+----------+----+---+----+------------+------------+

    * Multiplexer: 
    +-------------------------+----+-----------+-----+-----------+
    |           Name          | LUT| Input Size| Bits| Total Bits|
    +-------------------------+----+-----------+-----+-----------+
    |ap_done_int              |   9|          2|    1|          2|
    |ap_enable_reg_pp0_iter1  |   9|          2|    1|          2|
    |ap_sig_allocacmp_k       |   9|          2|    3|          6|
    |k_3_fu_38                |   9|          2|    3|          6|
    +-------------------------+----+-----------+-----+-----------+
    |Total                    |  36|          8|    8|         16|
    +-------------------------+----+-----------+-----+-----------+

    * Register: 
    +-------------------------+---+----+-----+-----------+
    |           Name          | FF| LUT| Bits| Const Bits|
    +-------------------------+---+----+-----+-----------+
    |ap_CS_fsm                |  1|   0|    1|          0|
    |ap_done_reg              |  1|   0|    1|          0|
    |ap_enable_reg_pp0_iter1  |  1|   0|    1|          0|
    |k_3_fu_38                |  3|   0|    3|          0|
    |k_reg_241                |  3|   0|    3|          0|
    +-------------------------+---+----+-----+-----------+
    |Total                    |  9|   0|    9|          0|
    +-------------------------+---+----+-----+-----------+



================================================================
== Interface
================================================================
* Summary: 
+-------------------------+-----+-----+------------+----------------------------------------------------------------+--------------+
|        RTL Ports        | Dir | Bits|  Protocol  |                          Source Object                         |    C Type    |
+-------------------------+-----+-----+------------+----------------------------------------------------------------+--------------+
|ap_clk                   |   in|    1|  ap_ctrl_hs|  read_and_gen_2x2<double, 5, 6, 1, 5>_Pipeline_VITIS_LOOP_291_5|  return value|
|ap_rst                   |   in|    1|  ap_ctrl_hs|  read_and_gen_2x2<double, 5, 6, 1, 5>_Pipeline_VITIS_LOOP_291_5|  return value|
|ap_start                 |   in|    1|  ap_ctrl_hs|  read_and_gen_2x2<double, 5, 6, 1, 5>_Pipeline_VITIS_LOOP_291_5|  return value|
|ap_done                  |  out|    1|  ap_ctrl_hs|  read_and_gen_2x2<double, 5, 6, 1, 5>_Pipeline_VITIS_LOOP_291_5|  return value|
|ap_idle                  |  out|    1|  ap_ctrl_hs|  read_and_gen_2x2<double, 5, 6, 1, 5>_Pipeline_VITIS_LOOP_291_5|  return value|
|ap_ready                 |  out|    1|  ap_ctrl_hs|  read_and_gen_2x2<double, 5, 6, 1, 5>_Pipeline_VITIS_LOOP_291_5|  return value|
|alpha_sum_tmp0_address0  |  out|    3|   ap_memory|                                                  alpha_sum_tmp0|         array|
|alpha_sum_tmp0_ce0       |  out|    1|   ap_memory|                                                  alpha_sum_tmp0|         array|
|alpha_sum_tmp0_q0        |   in|   64|   ap_memory|                                                  alpha_sum_tmp0|         array|
|alpha_sum_tmp0_address1  |  out|    3|   ap_memory|                                                  alpha_sum_tmp0|         array|
|alpha_sum_tmp0_ce1       |  out|    1|   ap_memory|                                                  alpha_sum_tmp0|         array|
|alpha_sum_tmp0_q1        |   in|   64|   ap_memory|                                                  alpha_sum_tmp0|         array|
|alpha_sum_tmp1_address0  |  out|    2|   ap_memory|                                                  alpha_sum_tmp1|         array|
|alpha_sum_tmp1_ce0       |  out|    1|   ap_memory|                                                  alpha_sum_tmp1|         array|
|alpha_sum_tmp1_we0       |  out|    1|   ap_memory|                                                  alpha_sum_tmp1|         array|
|alpha_sum_tmp1_d0        |  out|   64|   ap_memory|                                                  alpha_sum_tmp1|         array|
|beta_sum_tmp0_address0   |  out|    3|   ap_memory|                                                   beta_sum_tmp0|         array|
|beta_sum_tmp0_ce0        |  out|    1|   ap_memory|                                                   beta_sum_tmp0|         array|
|beta_sum_tmp0_q0         |   in|   64|   ap_memory|                                                   beta_sum_tmp0|         array|
|beta_sum_tmp0_address1   |  out|    3|   ap_memory|                                                   beta_sum_tmp0|         array|
|beta_sum_tmp0_ce1        |  out|    1|   ap_memory|                                                   beta_sum_tmp0|         array|
|beta_sum_tmp0_q1         |   in|   64|   ap_memory|                                                   beta_sum_tmp0|         array|
|beta_sum_tmp1_address0   |  out|    2|   ap_memory|                                                   beta_sum_tmp1|         array|
|beta_sum_tmp1_ce0        |  out|    1|   ap_memory|                                                   beta_sum_tmp1|         array|
|beta_sum_tmp1_we0        |  out|    1|   ap_memory|                                                   beta_sum_tmp1|         array|
|beta_sum_tmp1_d0         |  out|   64|   ap_memory|                                                   beta_sum_tmp1|         array|
|gamma_sum_tmp0_address0  |  out|    3|   ap_memory|                                                  gamma_sum_tmp0|         array|
|gamma_sum_tmp0_ce0       |  out|    1|   ap_memory|                                                  gamma_sum_tmp0|         array|
|gamma_sum_tmp0_q0        |   in|   64|   ap_memory|                                                  gamma_sum_tmp0|         array|
|gamma_sum_tmp0_address1  |  out|    3|   ap_memory|                                                  gamma_sum_tmp0|         array|
|gamma_sum_tmp0_ce1       |  out|    1|   ap_memory|                                                  gamma_sum_tmp0|         array|
|gamma_sum_tmp0_q1        |   in|   64|   ap_memory|                                                  gamma_sum_tmp0|         array|
|gamma_sum_tmp1_address0  |  out|    2|   ap_memory|                                                  gamma_sum_tmp1|         array|
|gamma_sum_tmp1_ce0       |  out|    1|   ap_memory|                                                  gamma_sum_tmp1|         array|
|gamma_sum_tmp1_we0       |  out|    1|   ap_memory|                                                  gamma_sum_tmp1|         array|
|gamma_sum_tmp1_d0        |  out|   64|   ap_memory|                                                  gamma_sum_tmp1|         array|
+-------------------------+-----+-----+------------+----------------------------------------------------------------+--------------+

