

================================================================
== Vitis HLS Report for 'solve_1_Pipeline_VITIS_LOOP_99_1'
================================================================
* Date:           Tue Apr  4 19:45:33 2023

* Version:        2022.1 (Build 3526262 on Mon Apr 18 15:47:01 MDT 2022)
* Project:        hls_EstimateMotion
* Solution:       solution1 (Vivado IP Flow Target)
* Product family: virtexuplus
* Target device:  xcu50-fsvh2104-2L-e


================================================================
== Performance Estimates
================================================================
+ Timing: 
    * Summary: 
    +--------+----------+----------+------------+
    |  Clock |  Target  | Estimated| Uncertainty|
    +--------+----------+----------+------------+
    |ap_clk  |  60.00 ns|  1.199 ns|    16.20 ns|
    +--------+----------+----------+------------+

+ Latency: 
    * Summary: 
    +---------+---------+----------+----------+-----+-----+---------+
    |  Latency (cycles) |  Latency (absolute) |  Interval | Pipeline|
    |   min   |   max   |    min   |    max   | min | max |   Type  |
    +---------+---------+----------+----------+-----+-----+---------+
    |        ?|        ?|         ?|         ?|    ?|    ?|       no|
    +---------+---------+----------+----------+-----+-----+---------+

    + Detail: 
        * Instance: 
        N/A

        * Loop: 
        +-------------------+---------+---------+----------+-----------+-----------+------+----------+
        |                   |  Latency (cycles) | Iteration|  Initiation Interval  | Trip |          |
        |     Loop Name     |   min   |   max   |  Latency |  achieved |   target  | Count| Pipelined|
        +-------------------+---------+---------+----------+-----------+-----------+------+----------+
        |- VITIS_LOOP_99_1  |        ?|        ?|         1|          1|          1|     ?|       yes|
        +-------------------+---------+---------+----------+-----------+-----------+------+----------+



================================================================
== Utilization Estimates
================================================================
* Summary: 
+---------------------+---------+------+---------+--------+-----+
|         Name        | BRAM_18K|  DSP |    FF   |   LUT  | URAM|
+---------------------+---------+------+---------+--------+-----+
|DSP                  |        -|     -|        -|       -|    -|
|Expression           |        -|     -|        0|      18|    -|
|FIFO                 |        -|     -|        -|       -|    -|
|Instance             |        -|     -|        -|       -|    -|
|Memory               |        -|     -|        -|       -|    -|
|Multiplexer          |        -|     -|        -|      27|    -|
|Register             |        -|     -|        5|       -|    -|
+---------------------+---------+------+---------+--------+-----+
|Total                |        0|     0|        5|      45|    0|
+---------------------+---------+------+---------+--------+-----+
|Available SLR        |     1344|  2976|   871680|  435840|  320|
+---------------------+---------+------+---------+--------+-----+
|Utilization SLR (%)  |        0|     0|       ~0|      ~0|    0|
+---------------------+---------+------+---------+--------+-----+
|Available            |     2688|  5952|  1743360|  871680|  640|
+---------------------+---------+------+---------+--------+-----+
|Utilization (%)      |        0|     0|       ~0|      ~0|    0|
+---------------------+---------+------+---------+--------+-----+

+ Detail: 
    * Instance: 
    N/A

    * DSP: 
    N/A

    * Memory: 
    N/A

    * FIFO: 
    N/A

    * Expression: 
    +--------------------+----------+----+---+----+------------+------------+
    |    Variable Name   | Operation| DSP| FF| LUT| Bitwidth P0| Bitwidth P1|
    +--------------------+----------+----+---+----+------------+------------+
    |add_ln99_fu_66_p2   |         +|   0|  0|  10|           3|           1|
    |icmp_ln99_fu_60_p2  |      icmp|   0|  0|   8|           3|           3|
    +--------------------+----------+----+---+----+------------+------------+
    |Total               |          |   0|  0|  18|           6|           4|
    +--------------------+----------+----+---+----+------------+------------+

    * Multiplexer: 
    +----------------------+----+-----------+-----+-----------+
    |         Name         | LUT| Input Size| Bits| Total Bits|
    +----------------------+----+-----------+-----+-----------+
    |ap_done_int           |   9|          2|    1|          2|
    |ap_sig_allocacmp_i_5  |   9|          2|    3|          6|
    |i_fu_28               |   9|          2|    3|          6|
    +----------------------+----+-----------+-----+-----------+
    |Total                 |  27|          6|    7|         14|
    +----------------------+----+-----------+-----+-----------+

    * Register: 
    +-------------+---+----+-----+-----------+
    |     Name    | FF| LUT| Bits| Const Bits|
    +-------------+---+----+-----+-----------+
    |ap_CS_fsm    |  1|   0|    1|          0|
    |ap_done_reg  |  1|   0|    1|          0|
    |i_fu_28      |  3|   0|    3|          0|
    +-------------+---+----+-----+-----------+
    |Total        |  5|   0|    5|          0|
    +-------------+---+----+-----+-----------+



================================================================
== Interface
================================================================
* Summary: 
+------------+-----+-----+------------+----------------------------------+--------------+
|  RTL Ports | Dir | Bits|  Protocol  |           Source Object          |    C Type    |
+------------+-----+-----+------------+----------------------------------+--------------+
|ap_clk      |   in|    1|  ap_ctrl_hs|  solve.1_Pipeline_VITIS_LOOP_99_1|  return value|
|ap_rst      |   in|    1|  ap_ctrl_hs|  solve.1_Pipeline_VITIS_LOOP_99_1|  return value|
|ap_start    |   in|    1|  ap_ctrl_hs|  solve.1_Pipeline_VITIS_LOOP_99_1|  return value|
|ap_done     |  out|    1|  ap_ctrl_hs|  solve.1_Pipeline_VITIS_LOOP_99_1|  return value|
|ap_idle     |  out|    1|  ap_ctrl_hs|  solve.1_Pipeline_VITIS_LOOP_99_1|  return value|
|ap_ready    |  out|    1|  ap_ctrl_hs|  solve.1_Pipeline_VITIS_LOOP_99_1|  return value|
|n_offset    |   in|    3|     ap_none|                          n_offset|        scalar|
|x_address0  |  out|    3|   ap_memory|                                 x|         array|
|x_ce0       |  out|    1|   ap_memory|                                 x|         array|
|x_we0       |  out|    1|   ap_memory|                                 x|         array|
|x_d0        |  out|   32|   ap_memory|                                 x|         array|
+------------+-----+-----+------------+----------------------------------+--------------+

