

================================================================
== Vitis HLS Report for 'solve_3_Pipeline_VITIS_LOOP_80_2'
================================================================
* Date:           Tue Apr  4 19:45:28 2023

* Version:        2022.1 (Build 3526262 on Mon Apr 18 15:47:01 MDT 2022)
* Project:        hls_EstimateMotion
* Solution:       solution1 (Vivado IP Flow Target)
* Product family: virtexuplus
* Target device:  xcu50-fsvh2104-2L-e


================================================================
== Performance Estimates
================================================================
+ Timing: 
    * Summary: 
    +--------+----------+-----------+------------+
    |  Clock |  Target  | Estimated | Uncertainty|
    +--------+----------+-----------+------------+
    |ap_clk  |  60.00 ns|  32.143 ns|    16.20 ns|
    +--------+----------+-----------+------------+

+ Latency: 
    * Summary: 
    +---------+---------+----------+----------+-----+-----+---------+
    |  Latency (cycles) |  Latency (absolute) |  Interval | Pipeline|
    |   min   |   max   |    min   |    max   | min | max |   Type  |
    +---------+---------+----------+----------+-----+-----+---------+
    |       67|      143|  4.020 us|  8.580 us|   67|  143|       no|
    +---------+---------+----------+----------+-----+-----+---------+

    + Detail: 
        * Instance: 
        N/A

        * Loop: 
        +-------------------+---------+---------+----------+-----------+-----------+-------+----------+
        |                   |  Latency (cycles) | Iteration|  Initiation Interval  |  Trip |          |
        |     Loop Name     |   min   |   max   |  Latency |  achieved |   target  | Count | Pipelined|
        +-------------------+---------+---------+----------+-----------+-----------+-------+----------+
        |- VITIS_LOOP_80_2  |       65|      141|        39|         38|          1|  1 ~ 3|       yes|
        +-------------------+---------+---------+----------+-----------+-----------+-------+----------+



================================================================
== Utilization Estimates
================================================================
* Summary: 
+---------------------+---------+------+---------+--------+-----+
|         Name        | BRAM_18K|  DSP |    FF   |   LUT  | URAM|
+---------------------+---------+------+---------+--------+-----+
|DSP                  |        -|     -|        -|       -|    -|
|Expression           |        -|     -|        0|    1818|    -|
|FIFO                 |        -|     -|        -|       -|    -|
|Instance             |        -|     8|        0|     380|    -|
|Memory               |        -|     -|        -|       -|    -|
|Multiplexer          |        -|     -|        -|    1375|    -|
|Register             |        -|     -|     1338|       -|    -|
+---------------------+---------+------+---------+--------+-----+
|Total                |        0|     8|     1338|    3573|    0|
+---------------------+---------+------+---------+--------+-----+
|Available SLR        |     1344|  2976|   871680|  435840|  320|
+---------------------+---------+------+---------+--------+-----+
|Utilization SLR (%)  |        0|    ~0|       ~0|      ~0|    0|
+---------------------+---------+------+---------+--------+-----+
|Available            |     2688|  5952|  1743360|  871680|  640|
+---------------------+---------+------+---------+--------+-----+
|Utilization (%)      |        0|    ~0|       ~0|      ~0|    0|
+---------------------+---------+------+---------+--------+-----+

+ Detail: 
    * Instance: 
    +-------------------------------------+--------------------------------+---------+----+---+-----+-----+
    |               Instance              |             Module             | BRAM_18K| DSP| FF| LUT | URAM|
    +-------------------------------------+--------------------------------+---------+----+---+-----+-----+
    |fcmp_32ns_32ns_1_1_no_dsp_1_U273     |fcmp_32ns_32ns_1_1_no_dsp_1     |        0|   0|  0|    0|    0|
    |fcmp_32ns_32ns_1_1_no_dsp_1_U274     |fcmp_32ns_32ns_1_1_no_dsp_1     |        0|   0|  0|    0|    0|
    |fmul_32ns_32ns_32_1_max_dsp_1_U270   |fmul_32ns_32ns_32_1_max_dsp_1   |        0|   3|  0|   77|    0|
    |fmul_32ns_32ns_32_1_max_dsp_1_U271   |fmul_32ns_32ns_32_1_max_dsp_1   |        0|   3|  0|   77|    0|
    |fsub_32ns_32ns_32_1_full_dsp_1_U269  |fsub_32ns_32ns_32_1_full_dsp_1  |        0|   2|  0|  226|    0|
    +-------------------------------------+--------------------------------+---------+----+---+-----+-----+
    |Total                                |                                |        0|   8|  0|  380|    0|
    +-------------------------------------+--------------------------------+---------+----+---+-----+-----+

    * DSP: 
    N/A

    * Memory: 
    N/A

    * FIFO: 
    N/A

    * Expression: 
    +---------------------------+----------+----+---+----+------------+------------+
    |       Variable Name       | Operation| DSP| FF| LUT| Bitwidth P0| Bitwidth P1|
    +---------------------------+----------+----+---+----+------------+------------+
    |add_ln105_1_fu_1963_p2     |         +|   0|  0|  12|           4|           2|
    |add_ln105_2_fu_2011_p2     |         +|   0|  0|  12|           4|           1|
    |add_ln105_3_fu_2023_p2     |         +|   0|  0|  12|           4|           2|
    |add_ln105_fu_1951_p2       |         +|   0|  0|  12|           4|           1|
    |add_ln131_1_fu_2145_p2     |         +|   0|  0|  12|           4|           3|
    |add_ln131_fu_2135_p2       |         +|   0|  0|  12|           4|           2|
    |add_ln80_fu_2038_p2        |         +|   0|  0|   9|           2|           1|
    |ipiv_d0                    |         +|   0|  0|  39|          32|           1|
    |sub_ln105_1_fu_1999_p2     |         -|   0|  0|  12|           4|           4|
    |sub_ln105_fu_1939_p2       |         -|   0|  0|  12|           4|           4|
    |and_ln112_fu_2096_p2       |       and|   0|  0|   2|           1|           1|
    |and_ln90_10_fu_1490_p2     |       and|   0|  0|   2|           1|           1|
    |and_ln90_11_fu_1607_p2     |       and|   0|  0|   2|           1|           1|
    |and_ln90_12_fu_1613_p2     |       and|   0|  0|   2|           1|           1|
    |and_ln90_13_fu_1745_p2     |       and|   0|  0|   2|           1|           1|
    |and_ln90_14_fu_1751_p2     |       and|   0|  0|   2|           1|           1|
    |and_ln90_15_fu_1883_p2     |       and|   0|  0|   2|           1|           1|
    |and_ln90_16_fu_1889_p2     |       and|   0|  0|   2|           1|           1|
    |and_ln90_1_fu_948_p2       |       and|   0|  0|   2|           1|           1|
    |and_ln90_2_fu_954_p2       |       and|   0|  0|   2|           1|           1|
    |and_ln90_3_fu_1090_p2      |       and|   0|  0|   2|           1|           1|
    |and_ln90_4_fu_1096_p2      |       and|   0|  0|   2|           1|           1|
    |and_ln90_5_fu_1216_p2      |       and|   0|  0|   2|           1|           1|
    |and_ln90_6_fu_1222_p2      |       and|   0|  0|   2|           1|           1|
    |and_ln90_7_fu_1349_p2      |       and|   0|  0|   2|           1|           1|
    |and_ln90_8_fu_1355_p2      |       and|   0|  0|   2|           1|           1|
    |and_ln90_9_fu_1484_p2      |       and|   0|  0|   2|           1|           1|
    |and_ln90_fu_802_p2         |       and|   0|  0|   2|           1|           1|
    |ap_condition_210           |       and|   0|  0|   2|           1|           1|
    |ap_condition_2544          |       and|   0|  0|   2|           1|           1|
    |ap_condition_2550          |       and|   0|  0|   2|           1|           1|
    |ap_condition_2554          |       and|   0|  0|   2|           1|           1|
    |ap_condition_2559          |       and|   0|  0|   2|           1|           1|
    |ap_condition_2564          |       and|   0|  0|   2|           1|           1|
    |ap_condition_2567          |       and|   0|  0|   2|           1|           1|
    |ap_condition_2572          |       and|   0|  0|   2|           1|           1|
    |ap_condition_2603          |       and|   0|  0|   2|           1|           1|
    |ap_condition_2607          |       and|   0|  0|   2|           1|           1|
    |ap_condition_331           |       and|   0|  0|   2|           1|           1|
    |ap_condition_368           |       and|   0|  0|   2|           1|           1|
    |ap_condition_865           |       and|   0|  0|   2|           1|           1|
    |ap_condition_887           |       and|   0|  0|   2|           1|           1|
    |ap_condition_900           |       and|   0|  0|   2|           1|           1|
    |grp_fu_637_p2              |      icmp|   0|  0|  20|          32|           1|
    |grp_fu_643_p2              |      icmp|   0|  0|  20|          32|           1|
    |grp_fu_648_p2              |      icmp|   0|  0|  20|          32|           1|
    |icmp_ln100_fu_1975_p2      |      icmp|   0|  0|  20|          32|          32|
    |icmp_ln112_1_fu_2084_p2    |      icmp|   0|  0|  16|          23|           1|
    |icmp_ln112_fu_2078_p2      |      icmp|   0|  0|  11|           8|           2|
    |icmp_ln129_1_fu_2108_p2    |      icmp|   0|  0|  20|          32|           1|
    |icmp_ln129_2_fu_2114_p2    |      icmp|   0|  0|  20|          32|           2|
    |icmp_ln129_fu_2102_p2      |      icmp|   0|  0|  20|          32|           1|
    |icmp_ln80_fu_743_p2        |      icmp|   0|  0|   8|           2|           2|
    |icmp_ln89_1_fu_965_p2      |      icmp|   0|  0|  20|          32|           1|
    |icmp_ln89_4_fu_882_p2      |      icmp|   0|  0|  20|          32|           1|
    |icmp_ln89_6_fu_887_p2      |      icmp|   0|  0|  20|          32|           1|
    |icmp_ln89_7_fu_892_p2      |      icmp|   0|  0|  20|          32|           1|
    |icmp_ln90_10_fu_1180_p2    |      icmp|   0|  0|  11|           8|           2|
    |icmp_ln90_11_fu_1186_p2    |      icmp|   0|  0|  16|          23|           1|
    |icmp_ln90_12_fu_1198_p2    |      icmp|   0|  0|  11|           8|           2|
    |icmp_ln90_13_fu_1204_p2    |      icmp|   0|  0|  16|          23|           1|
    |icmp_ln90_14_fu_1313_p2    |      icmp|   0|  0|  11|           8|           2|
    |icmp_ln90_15_fu_1319_p2    |      icmp|   0|  0|  16|          23|           1|
    |icmp_ln90_16_fu_1331_p2    |      icmp|   0|  0|  11|           8|           2|
    |icmp_ln90_17_fu_1337_p2    |      icmp|   0|  0|  16|          23|           1|
    |icmp_ln90_18_fu_1448_p2    |      icmp|   0|  0|  11|           8|           2|
    |icmp_ln90_19_fu_1454_p2    |      icmp|   0|  0|  16|          23|           1|
    |icmp_ln90_1_fu_790_p2      |      icmp|   0|  0|  16|          23|           1|
    |icmp_ln90_20_fu_1466_p2    |      icmp|   0|  0|  11|           8|           2|
    |icmp_ln90_21_fu_1472_p2    |      icmp|   0|  0|  16|          23|           1|
    |icmp_ln90_22_fu_1571_p2    |      icmp|   0|  0|  11|           8|           2|
    |icmp_ln90_23_fu_1577_p2    |      icmp|   0|  0|  16|          23|           1|
    |icmp_ln90_24_fu_1589_p2    |      icmp|   0|  0|  11|           8|           2|
    |icmp_ln90_25_fu_1595_p2    |      icmp|   0|  0|  16|          23|           1|
    |icmp_ln90_26_fu_1709_p2    |      icmp|   0|  0|  11|           8|           2|
    |icmp_ln90_27_fu_1715_p2    |      icmp|   0|  0|  16|          23|           1|
    |icmp_ln90_28_fu_1727_p2    |      icmp|   0|  0|  11|           8|           2|
    |icmp_ln90_29_fu_1733_p2    |      icmp|   0|  0|  16|          23|           1|
    |icmp_ln90_2_fu_864_p2      |      icmp|   0|  0|  11|           8|           2|
    |icmp_ln90_30_fu_1847_p2    |      icmp|   0|  0|  11|           8|           2|
    |icmp_ln90_31_fu_1853_p2    |      icmp|   0|  0|  16|          23|           1|
    |icmp_ln90_32_fu_1865_p2    |      icmp|   0|  0|  11|           8|           2|
    |icmp_ln90_33_fu_1871_p2    |      icmp|   0|  0|  16|          23|           1|
    |icmp_ln90_3_fu_870_p2      |      icmp|   0|  0|  16|          23|           1|
    |icmp_ln90_4_fu_930_p2      |      icmp|   0|  0|  11|           8|           2|
    |icmp_ln90_5_fu_936_p2      |      icmp|   0|  0|  16|          23|           1|
    |icmp_ln90_6_fu_1054_p2     |      icmp|   0|  0|  11|           8|           2|
    |icmp_ln90_7_fu_1060_p2     |      icmp|   0|  0|  16|          23|           1|
    |icmp_ln90_8_fu_1072_p2     |      icmp|   0|  0|  11|           8|           2|
    |icmp_ln90_9_fu_1078_p2     |      icmp|   0|  0|  16|          23|           1|
    |icmp_ln90_fu_784_p2        |      icmp|   0|  0|  11|           8|           2|
    |or_ln112_fu_2090_p2        |        or|   0|  0|   2|           1|           1|
    |or_ln90_10_fu_1325_p2      |        or|   0|  0|   2|           1|           1|
    |or_ln90_11_fu_1343_p2      |        or|   0|  0|   2|           1|           1|
    |or_ln90_12_fu_1367_p2      |        or|   0|  0|   2|           1|           1|
    |or_ln90_13_fu_1460_p2      |        or|   0|  0|   2|           1|           1|
    |or_ln90_14_fu_1478_p2      |        or|   0|  0|   2|           1|           1|
    |or_ln90_15_fu_1583_p2      |        or|   0|  0|   2|           1|           1|
    |or_ln90_16_fu_1601_p2      |        or|   0|  0|   2|           1|           1|
    |or_ln90_17_fu_1625_p2      |        or|   0|  0|   2|           1|           1|
    |or_ln90_18_fu_1721_p2      |        or|   0|  0|   2|           1|           1|
    |or_ln90_19_fu_1739_p2      |        or|   0|  0|   2|           1|           1|
    |or_ln90_1_fu_814_p2        |        or|   0|  0|   2|           1|           1|
    |or_ln90_20_fu_1763_p2      |        or|   0|  0|   2|           1|           1|
    |or_ln90_21_fu_1859_p2      |        or|   0|  0|   2|           1|           1|
    |or_ln90_22_fu_1877_p2      |        or|   0|  0|   2|           1|           1|
    |or_ln90_2_fu_926_p2        |        or|   0|  0|   2|           1|           1|
    |or_ln90_3_fu_942_p2        |        or|   0|  0|   2|           1|           1|
    |or_ln90_4_fu_971_p2        |        or|   0|  0|   2|           1|           1|
    |or_ln90_5_fu_1066_p2       |        or|   0|  0|   2|           1|           1|
    |or_ln90_6_fu_1084_p2       |        or|   0|  0|   2|           1|           1|
    |or_ln90_7_fu_1192_p2       |        or|   0|  0|   2|           1|           1|
    |or_ln90_8_fu_1210_p2       |        or|   0|  0|   2|           1|           1|
    |or_ln90_9_fu_1234_p2       |        or|   0|  0|   2|           1|           1|
    |or_ln90_fu_796_p2          |        or|   0|  0|   2|           1|           1|
    |select_ln90_10_fu_1246_p3  |    select|   0|  0|  32|           1|          32|
    |select_ln90_11_fu_1253_p3  |    select|   0|  0|  32|           1|          32|
    |select_ln90_12_fu_1372_p3  |    select|   0|  0|  32|           1|          32|
    |select_ln90_13_fu_1380_p3  |    select|   0|  0|  32|           1|          32|
    |select_ln90_14_fu_1388_p3  |    select|   0|  0|  32|           1|          32|
    |select_ln90_15_fu_1496_p3  |    select|   0|  0|  32|           1|           1|
    |select_ln90_16_fu_1503_p3  |    select|   0|  0|  32|           1|           2|
    |select_ln90_17_fu_1510_p3  |    select|   0|  0|  32|           1|          32|
    |select_ln90_18_fu_1643_p3  |    select|   0|  0|  32|           1|          32|
    |select_ln90_19_fu_1650_p3  |    select|   0|  0|  32|           1|          32|
    |select_ln90_1_fu_903_p3    |    select|   0|  0|  32|           1|          32|
    |select_ln90_20_fu_1630_p3  |    select|   0|  0|  32|           1|          32|
    |select_ln90_21_fu_1768_p3  |    select|   0|  0|  32|           1|          32|
    |select_ln90_22_fu_1777_p3  |    select|   0|  0|  32|           1|          32|
    |select_ln90_23_fu_1786_p3  |    select|   0|  0|  32|           1|          32|
    |select_ln90_24_fu_1895_p3  |    select|   0|  0|  32|           1|           2|
    |select_ln90_25_fu_1904_p3  |    select|   0|  0|  32|           1|           2|
    |select_ln90_2_fu_820_p3    |    select|   0|  0|  32|           1|           1|
    |select_ln90_3_fu_977_p3    |    select|   0|  0|  32|           1|          32|
    |select_ln90_4_fu_985_p3    |    select|   0|  0|  32|           1|          32|
    |select_ln90_5_fu_993_p3    |    select|   0|  0|  32|           1|          32|
    |select_ln90_6_fu_1102_p3   |    select|   0|  0|  32|           1|           1|
    |select_ln90_7_fu_1110_p3   |    select|   0|  0|  32|           1|           2|
    |select_ln90_8_fu_1118_p3   |    select|   0|  0|  32|           1|          32|
    |select_ln90_9_fu_1239_p3   |    select|   0|  0|  32|           1|          32|
    |select_ln90_fu_897_p3      |    select|   0|  0|  32|           1|          32|
    |ap_enable_pp0              |       xor|   0|  0|   2|           1|           2|
    |xor_ln90_1_fu_959_p2       |       xor|   0|  0|   2|           2|           1|
    |xor_ln90_2_fu_1228_p2      |       xor|   0|  0|   2|           2|           1|
    |xor_ln90_3_fu_1361_p2      |       xor|   0|  0|   2|           2|           1|
    |xor_ln90_4_fu_1619_p2      |       xor|   0|  0|   2|           2|           1|
    |xor_ln90_5_fu_1757_p2      |       xor|   0|  0|   2|           2|           1|
    |xor_ln90_fu_808_p2         |       xor|   0|  0|   2|           2|           1|
    +---------------------------+----------+----+---+----+------------+------------+
    |Total                      |          |   0|  0|1818|        1074|         804|
    +---------------------------+----------+----+---+----+------------+------------+

    * Multiplexer: 
    +---------------------------------------+-----+-----------+-----+-----------+
    |                  Name                 | LUT | Input Size| Bits| Total Bits|
    +---------------------------------------+-----+-----------+-----+-----------+
    |A_address0                             |   97|         20|    4|         80|
    |A_address1                             |  107|         22|    4|         88|
    |A_d0                                   |   31|          6|   32|        192|
    |A_d1                                   |   43|          8|   32|        256|
    |B_address0                             |   81|         17|    4|         68|
    |B_address1                             |   65|         14|    4|         56|
    |B_d0                                   |   26|          5|   32|        160|
    |B_d1                                   |   31|          6|   32|        192|
    |ap_NS_fsm                              |  173|         39|    1|         39|
    |ap_done_int                            |    9|          2|    1|          2|
    |ap_enable_reg_pp0_iter0                |    9|          2|    1|          2|
    |ap_enable_reg_pp0_iter0_reg            |    9|          2|    1|          2|
    |ap_enable_reg_pp0_iter1                |    9|          2|    1|          2|
    |ap_phi_mux_big_2_0_phi_fu_480_p6       |   14|          3|   31|         93|
    |ap_phi_mux_big_2_1_phi_fu_517_p6       |    9|          2|   31|         62|
    |ap_phi_mux_icol_3_2_phi_fu_567_p6      |   20|          4|   32|        128|
    |ap_phi_mux_irow_3_2_phi_fu_553_p6      |   20|          4|   32|        128|
    |ap_phi_reg_pp0_iter0_big_2_1_reg_514   |    9|          2|   31|         62|
    |ap_phi_reg_pp0_iter0_icol_3_0_reg_502  |   14|          3|   32|         96|
    |ap_phi_reg_pp0_iter0_icol_3_1_reg_538  |   14|          3|   32|         96|
    |ap_phi_reg_pp0_iter0_irow_3_0_reg_490  |   14|          3|   32|         96|
    |ap_phi_reg_pp0_iter0_irow_3_1_reg_526  |   14|          3|   32|         96|
    |ap_return                              |    9|          2|    1|          2|
    |ap_sig_allocacmp_i_4                   |    9|          2|    2|          4|
    |big_2_0_reg_476                        |   14|          3|   31|         93|
    |grp_fu_591_p0                          |   59|         11|   32|        352|
    |grp_fu_591_p1                          |   37|          7|   32|        224|
    |grp_fu_600_p0                          |   49|          9|   32|        288|
    |grp_fu_600_p1                          |   31|          6|   32|        192|
    |grp_fu_606_p0                          |   31|          6|   32|        192|
    |grp_fu_606_p1                          |   14|          3|   32|         96|
    |grp_fu_625_opcode                      |   14|          3|    5|         15|
    |grp_fu_625_p0                          |   37|          7|   32|        224|
    |grp_fu_625_p1                          |   37|          7|   32|        224|
    |grp_fu_630_p0                          |   26|          5|   32|        160|
    |grp_fu_630_p1                          |   26|          5|   32|        160|
    |i_fu_90                                |    9|          2|    2|          4|
    |icol_3_2_reg_564                       |   20|          4|   32|        128|
    |indxc_we0                              |    9|          2|    4|          8|
    |indxr_we0                              |    9|          2|    4|          8|
    |ipiv_address0                          |   43|          8|    2|         16|
    |ipiv_we0                               |    9|          2|    4|          8|
    |irow_3_2_reg_550                       |   20|          4|   32|        128|
    |reg_654                                |    9|          2|   32|         64|
    |reg_665                                |    9|          2|   32|         64|
    |reg_672                                |    9|          2|   32|         64|
    |reg_679                                |    9|          2|   32|         64|
    |reg_688                                |    9|          2|   32|         64|
    +---------------------------------------+-----+-----------+-----+-----------+
    |Total                                  | 1375|        282| 1033|       4842|
    +---------------------------------------+-----+-----------+-----+-----------+

    * Register: 
    +---------------------------------------+----+----+-----+-----------+
    |                  Name                 | FF | LUT| Bits| Const Bits|
    +---------------------------------------+----+----+-----+-----------+
    |A_addr_12_reg_2459                     |   4|   0|    4|          0|
    |A_addr_13_reg_2465                     |   4|   0|    4|          0|
    |A_addr_14_reg_2471                     |   4|   0|    4|          0|
    |A_addr_15_reg_2526                     |   2|   0|    4|          2|
    |A_addr_16_reg_2477                     |   4|   0|    4|          0|
    |A_addr_17_reg_2554                     |   4|   0|    4|          0|
    |A_addr_19_reg_2559                     |   4|   0|    4|          0|
    |A_addr_20_reg_2511                     |   4|   0|    4|          0|
    |A_load_31_reg_2598                     |  32|   0|   32|          0|
    |A_load_34_reg_2587                     |  32|   0|   32|          0|
    |B_addr_1_reg_2441                      |   4|   0|    4|          0|
    |B_addr_3_reg_2447                      |   4|   0|    4|          0|
    |B_addr_5_reg_2453                      |   4|   0|    4|          0|
    |B_addr_reg_2496                        |   4|   0|    4|          0|
    |B_load_23_reg_2629                     |  32|   0|   32|          0|
    |and_ln112_reg_2532                     |   1|   0|    1|          0|
    |ap_CS_fsm                              |  38|   0|   38|          0|
    |ap_done_reg                            |   1|   0|    1|          0|
    |ap_enable_reg_pp0_iter0_reg            |   1|   0|    1|          0|
    |ap_enable_reg_pp0_iter1                |   1|   0|    1|          0|
    |ap_phi_reg_pp0_iter0_big_2_1_reg_514   |  31|   0|   32|          1|
    |ap_phi_reg_pp0_iter0_icol_3_0_reg_502  |  32|   0|   32|          0|
    |ap_phi_reg_pp0_iter0_icol_3_1_reg_538  |  32|   0|   32|          0|
    |ap_phi_reg_pp0_iter0_irow_3_0_reg_490  |  32|   0|   32|          0|
    |ap_phi_reg_pp0_iter0_irow_3_1_reg_526  |  32|   0|   32|          0|
    |ap_return_preg                         |   1|   0|    1|          0|
    |big_2_0_reg_476                        |  31|   0|   32|          1|
    |bitcast_ln356_2_reg_2243               |  31|   0|   32|          1|
    |bitcast_ln356_4_reg_2360               |  31|   0|   32|          1|
    |i_4_reg_2174                           |   2|   0|    2|          0|
    |i_fu_90                                |   2|   0|    2|          0|
    |icmp_ln100_reg_2487                    |   1|   0|    1|          0|
    |icmp_ln129_1_reg_2540                  |   1|   0|    1|          0|
    |icmp_ln129_2_reg_2544                  |   1|   0|    1|          0|
    |icmp_ln129_reg_2536                    |   1|   0|    1|          0|
    |icmp_ln80_reg_2185                     |   1|   0|    1|          0|
    |icmp_ln87_1_reg_2269                   |   1|   0|    1|          0|
    |icmp_ln87_2_reg_2316                   |   1|   0|    1|          0|
    |icmp_ln87_reg_2212                     |   1|   0|    1|          0|
    |icmp_ln89_2_reg_2278                   |   1|   0|    1|          0|
    |icmp_ln89_3_reg_2306                   |   1|   0|    1|          0|
    |icmp_ln89_4_reg_2311                   |   1|   0|    1|          0|
    |icmp_ln89_5_reg_2398                   |   1|   0|    1|          0|
    |icmp_ln89_6_reg_2320                   |   1|   0|    1|          0|
    |icmp_ln89_7_reg_2325                   |   1|   0|    1|          0|
    |icmp_ln89_8_reg_2330                   |   1|   0|    1|          0|
    |icmp_ln90_2_reg_2248                   |   1|   0|    1|          0|
    |icmp_ln90_3_reg_2253                   |   1|   0|    1|          0|
    |icol_1_reg_2288                        |  32|   0|   32|          0|
    |icol_3_2_reg_564                       |  32|   0|   32|          0|
    |icol_fu_98                             |  32|   0|   32|          0|
    |ipiv_addr_1_reg_2482                   |   2|   0|    2|          0|
    |ipiv_load_1_reg_2206                   |  32|   0|   32|          0|
    |ipiv_load_4_reg_2263                   |  32|   0|   32|          0|
    |irow_1_reg_2282                        |  32|   0|   32|          0|
    |irow_3_2_reg_550                       |  32|   0|   32|          0|
    |irow_fu_94                             |  32|   0|   32|          0|
    |merge_reg_578                          |   1|   0|    1|          0|
    |mul4_0_1_reg_2582                      |  32|   0|   32|          0|
    |or_ln90_17_reg_2412                    |   1|   0|    1|          0|
    |or_ln90_1_reg_2231                     |   1|   0|    1|          0|
    |or_ln90_9_reg_2365                     |   1|   0|    1|          0|
    |pivinv_reg_2548                        |  32|   0|   32|          0|
    |reg_654                                |  32|   0|   32|          0|
    |reg_665                                |  32|   0|   32|          0|
    |reg_672                                |  32|   0|   32|          0|
    |reg_679                                |  32|   0|   32|          0|
    |reg_688                                |  32|   0|   32|          0|
    |reg_695                                |  32|   0|   32|          0|
    |reg_701                                |  32|   0|   32|          0|
    |reg_707                                |  32|   0|   32|          0|
    |reg_713                                |  32|   0|   32|          0|
    |reg_720                                |  32|   0|   32|          0|
    |reg_725                                |  32|   0|   32|          0|
    |reg_730                                |  32|   0|   32|          0|
    |select_ln90_12_reg_2378                |  32|   0|   32|          0|
    |select_ln90_13_reg_2384                |  32|   0|   32|          0|
    |select_ln90_14_reg_2390                |  31|   0|   32|          1|
    |select_ln90_20_reg_2418                |  31|   0|   32|          1|
    |select_ln90_2_reg_2237                 |  31|   0|   32|          1|
    |sub_ln105_1_reg_2491                   |   4|   0|    4|          0|
    |tmp_15_reg_2258                        |   1|   0|    1|          0|
    |tmp_37_reg_2436                        |   2|   0|    4|          2|
    |trunc_ln105_reg_2430                   |   4|   0|    4|          0|
    |trunc_ln96_reg_2425                    |   2|   0|    2|          0|
    +---------------------------------------+----+----+-----+-----------+
    |Total                                  |1338|   0| 1349|         11|
    +---------------------------------------+----+----+-----+-----------+



================================================================
== Interface
================================================================
* Summary: 
+-------------------+-----+-----+------------+-----------------------------------+--------------+
|     RTL Ports     | Dir | Bits|  Protocol  |           Source Object           |    C Type    |
+-------------------+-----+-----+------------+-----------------------------------+--------------+
|ap_clk             |   in|    1|  ap_ctrl_hs|  solve<3>_Pipeline_VITIS_LOOP_80_2|  return value|
|ap_rst             |   in|    1|  ap_ctrl_hs|  solve<3>_Pipeline_VITIS_LOOP_80_2|  return value|
|ap_start           |   in|    1|  ap_ctrl_hs|  solve<3>_Pipeline_VITIS_LOOP_80_2|  return value|
|ap_done            |  out|    1|  ap_ctrl_hs|  solve<3>_Pipeline_VITIS_LOOP_80_2|  return value|
|ap_idle            |  out|    1|  ap_ctrl_hs|  solve<3>_Pipeline_VITIS_LOOP_80_2|  return value|
|ap_ready           |  out|    1|  ap_ctrl_hs|  solve<3>_Pipeline_VITIS_LOOP_80_2|  return value|
|ap_return          |  out|    1|  ap_ctrl_hs|  solve<3>_Pipeline_VITIS_LOOP_80_2|  return value|
|grp_fu_76_p_din0   |  out|   32|  ap_ctrl_hs|  solve<3>_Pipeline_VITIS_LOOP_80_2|  return value|
|grp_fu_76_p_din1   |  out|   32|  ap_ctrl_hs|  solve<3>_Pipeline_VITIS_LOOP_80_2|  return value|
|grp_fu_76_p_dout0  |   in|   32|  ap_ctrl_hs|  solve<3>_Pipeline_VITIS_LOOP_80_2|  return value|
|grp_fu_76_p_ce     |  out|    1|  ap_ctrl_hs|  solve<3>_Pipeline_VITIS_LOOP_80_2|  return value|
|B_address0         |  out|    4|   ap_memory|                                  B|         array|
|B_ce0              |  out|    1|   ap_memory|                                  B|         array|
|B_we0              |  out|    1|   ap_memory|                                  B|         array|
|B_d0               |  out|   32|   ap_memory|                                  B|         array|
|B_q0               |   in|   32|   ap_memory|                                  B|         array|
|B_address1         |  out|    4|   ap_memory|                                  B|         array|
|B_ce1              |  out|    1|   ap_memory|                                  B|         array|
|B_we1              |  out|    1|   ap_memory|                                  B|         array|
|B_d1               |  out|   32|   ap_memory|                                  B|         array|
|B_q1               |   in|   32|   ap_memory|                                  B|         array|
|A_address0         |  out|    4|   ap_memory|                                  A|         array|
|A_ce0              |  out|    1|   ap_memory|                                  A|         array|
|A_we0              |  out|    1|   ap_memory|                                  A|         array|
|A_d0               |  out|   32|   ap_memory|                                  A|         array|
|A_q0               |   in|   32|   ap_memory|                                  A|         array|
|A_address1         |  out|    4|   ap_memory|                                  A|         array|
|A_ce1              |  out|    1|   ap_memory|                                  A|         array|
|A_we1              |  out|    1|   ap_memory|                                  A|         array|
|A_d1               |  out|   32|   ap_memory|                                  A|         array|
|A_q1               |   in|   32|   ap_memory|                                  A|         array|
|ipiv_address0      |  out|    2|   ap_memory|                               ipiv|         array|
|ipiv_ce0           |  out|    1|   ap_memory|                               ipiv|         array|
|ipiv_we0           |  out|    4|   ap_memory|                               ipiv|         array|
|ipiv_d0            |  out|   32|   ap_memory|                               ipiv|         array|
|ipiv_q0            |   in|   32|   ap_memory|                               ipiv|         array|
|indxr_address0     |  out|    2|   ap_memory|                              indxr|         array|
|indxr_ce0          |  out|    1|   ap_memory|                              indxr|         array|
|indxr_we0          |  out|    4|   ap_memory|                              indxr|         array|
|indxr_d0           |  out|   32|   ap_memory|                              indxr|         array|
|indxc_address0     |  out|    2|   ap_memory|                              indxc|         array|
|indxc_ce0          |  out|    1|   ap_memory|                              indxc|         array|
|indxc_we0          |  out|    4|   ap_memory|                              indxc|         array|
|indxc_d0           |  out|   32|   ap_memory|                              indxc|         array|
+-------------------+-----+-----+------------+-----------------------------------+--------------+

