

================================================================
== Vitis HLS Report for 'svd_float_Pipeline_VITIS_LOOP_1731_4_VITIS_LOOP_1732_5'
================================================================
* Date:           Tue Apr  4 19:45:25 2023

* Version:        2022.1 (Build 3526262 on Mon Apr 18 15:47:01 MDT 2022)
* Project:        hls_EstimateMotion
* Solution:       solution1 (Vivado IP Flow Target)
* Product family: virtexuplus
* Target device:  xcu50-fsvh2104-2L-e


================================================================
== Performance Estimates
================================================================
+ Timing: 
    * Summary: 
    +--------+----------+----------+------------+
    |  Clock |  Target  | Estimated| Uncertainty|
    +--------+----------+----------+------------+
    |ap_clk  |  60.00 ns|  2.546 ns|    16.20 ns|
    +--------+----------+----------+------------+

+ Latency: 
    * Summary: 
    +---------+---------+----------+----------+-----+-----+---------+
    |  Latency (cycles) |  Latency (absolute) |  Interval | Pipeline|
    |   min   |   max   |    min   |    max   | min | max |   Type  |
    +---------+---------+----------+----------+-----+-----+---------+
    |        ?|        ?|         ?|         ?|    ?|    ?|       no|
    +---------+---------+----------+----------+-----+-----+---------+

    + Detail: 
        * Instance: 
        N/A

        * Loop: 
        +---------------------------------------+---------+---------+----------+-----------+-----------+------+----------+
        |                                       |  Latency (cycles) | Iteration|  Initiation Interval  | Trip |          |
        |               Loop Name               |   min   |   max   |  Latency |  achieved |   target  | Count| Pipelined|
        +---------------------------------------+---------+---------+----------+-----------+-----------+------+----------+
        |- VITIS_LOOP_1731_4_VITIS_LOOP_1732_5  |        ?|        ?|         4|          1|          1|     ?|       yes|
        +---------------------------------------+---------+---------+----------+-----------+-----------+------+----------+



================================================================
== Utilization Estimates
================================================================
* Summary: 
+---------------------+---------+------+---------+--------+-----+
|         Name        | BRAM_18K|  DSP |    FF   |   LUT  | URAM|
+---------------------+---------+------+---------+--------+-----+
|DSP                  |        -|     1|        -|       -|    -|
|Expression           |        -|     -|        0|     122|    -|
|FIFO                 |        -|     -|        -|       -|    -|
|Instance             |        -|     -|        -|       -|    -|
|Memory               |        -|     -|        -|       -|    -|
|Multiplexer          |        -|     -|        -|      72|    -|
|Register             |        -|     -|       51|       -|    -|
+---------------------+---------+------+---------+--------+-----+
|Total                |        0|     1|       51|     194|    0|
+---------------------+---------+------+---------+--------+-----+
|Available SLR        |     1344|  2976|   871680|  435840|  320|
+---------------------+---------+------+---------+--------+-----+
|Utilization SLR (%)  |        0|    ~0|       ~0|      ~0|    0|
+---------------------+---------+------+---------+--------+-----+
|Available            |     2688|  5952|  1743360|  871680|  640|
+---------------------+---------+------+---------+--------+-----+
|Utilization (%)      |        0|    ~0|       ~0|      ~0|    0|
+---------------------+---------+------+---------+--------+-----+

+ Detail: 
    * Instance: 
    N/A

    * DSP: 
    +----------------------------------+-----------------------------+--------------+
    |             Instance             |            Module           |  Expression  |
    +----------------------------------+-----------------------------+--------------+
    |mac_muladd_4ns_4ns_5s_8_4_1_U233  |mac_muladd_4ns_4ns_5s_8_4_1  |  i0 * i1 + i2|
    +----------------------------------+-----------------------------+--------------+

    * Memory: 
    N/A

    * FIFO: 
    N/A

    * Expression: 
    +---------------------------+----------+----+---+----+------------+------------+
    |       Variable Name       | Operation| DSP| FF| LUT| Bitwidth P0| Bitwidth P1|
    +---------------------------+----------+----+---+----+------------+------------+
    |add_ln1731_2_fu_153_p2     |         +|   0|  0|  15|           8|           1|
    |add_ln1731_fu_165_p2       |         +|   0|  0|  12|           4|           1|
    |add_ln1732_fu_197_p2       |         +|   0|  0|  12|           4|           1|
    |add_ln1733_fu_245_p2       |         +|   0|  0|  19|           8|           8|
    |sub_ln1733_1_fu_236_p2     |         -|   0|  0|  19|           8|           8|
    |sub_ln1733_fu_256_p2       |         -|   0|  0|  15|           8|           8|
    |icmp_ln1731_fu_147_p2      |      icmp|   0|  0|  11|           8|           8|
    |icmp_ln1732_fu_171_p2      |      icmp|   0|  0|   9|           4|           4|
    |select_ln1731_1_fu_185_p3  |    select|   0|  0|   4|           1|           4|
    |select_ln1731_fu_177_p3    |    select|   0|  0|   4|           1|           1|
    |ap_enable_pp0              |       xor|   0|  0|   2|           1|           2|
    +---------------------------+----------+----+---+----+------------+------------+
    |Total                      |          |   0|  0| 122|          55|          46|
    +---------------------------+----------+----+---+----+------------+------------+

    * Multiplexer: 
    +---------------------------------------+----+-----------+-----+-----------+
    |                  Name                 | LUT| Input Size| Bits| Total Bits|
    +---------------------------------------+----+-----------+-----+-----------+
    |ap_done_int                            |   9|          2|    1|          2|
    |ap_enable_reg_pp0_iter1                |   9|          2|    1|          2|
    |ap_sig_allocacmp_i_load                |   9|          2|    4|          8|
    |ap_sig_allocacmp_indvar_flatten6_load  |   9|          2|    8|         16|
    |ap_sig_allocacmp_j_load                |   9|          2|    4|          8|
    |i_fu_54                                |   9|          2|    4|          8|
    |indvar_flatten6_fu_58                  |   9|          2|    8|         16|
    |j_fu_50                                |   9|          2|    4|          8|
    +---------------------------------------+----+-----------+-----+-----------+
    |Total                                  |  72|         16|   34|         68|
    +---------------------------------------+----+-----------+-----+-----------+

    * Register: 
    +---------------------------------------+---+----+-----+-----------+
    |                  Name                 | FF| LUT| Bits| Const Bits|
    +---------------------------------------+---+----+-----+-----------+
    |ap_CS_fsm                              |  1|   0|    1|          0|
    |ap_done_reg                            |  1|   0|    1|          0|
    |ap_enable_reg_pp0_iter1                |  1|   0|    1|          0|
    |ap_enable_reg_pp0_iter2                |  1|   0|    1|          0|
    |ap_enable_reg_pp0_iter3                |  1|   0|    1|          0|
    |ap_loop_exit_ready_pp0_iter1_reg       |  1|   0|    1|          0|
    |ap_loop_exit_ready_pp0_iter2_reg       |  1|   0|    1|          0|
    |i_fu_54                                |  4|   0|    4|          0|
    |indvar_flatten6_fu_58                  |  8|   0|    8|          0|
    |j_fu_50                                |  4|   0|    4|          0|
    |select_ln1731_1_reg_313                |  4|   0|    4|          0|
    |select_ln1731_1_reg_313_pp0_iter1_reg  |  4|   0|    4|          0|
    |select_ln1731_reg_308                  |  4|   0|    4|          0|
    |select_ln1731_reg_308_pp0_iter1_reg    |  4|   0|    4|          0|
    |sext_ln1728_cast_reg_294               |  8|   0|    8|          0|
    |zext_ln1733_2_reg_324                  |  4|   0|    8|          4|
    +---------------------------------------+---+----+-----+-----------+
    |Total                                  | 51|   0|   55|          4|
    +---------------------------------------+---+----+-----+-----------+



================================================================
== Interface
================================================================
* Summary: 
+-------------------+-----+-----+------------+---------------------------------------------------------+--------------+
|     RTL Ports     | Dir | Bits|  Protocol  |                      Source Object                      |    C Type    |
+-------------------+-----+-----+------------+---------------------------------------------------------+--------------+
|ap_clk             |   in|    1|  ap_ctrl_hs|  svd<float>_Pipeline_VITIS_LOOP_1731_4_VITIS_LOOP_1732_5|  return value|
|ap_rst             |   in|    1|  ap_ctrl_hs|  svd<float>_Pipeline_VITIS_LOOP_1731_4_VITIS_LOOP_1732_5|  return value|
|ap_start           |   in|    1|  ap_ctrl_hs|  svd<float>_Pipeline_VITIS_LOOP_1731_4_VITIS_LOOP_1732_5|  return value|
|ap_done            |  out|    1|  ap_ctrl_hs|  svd<float>_Pipeline_VITIS_LOOP_1731_4_VITIS_LOOP_1732_5|  return value|
|ap_idle            |  out|    1|  ap_ctrl_hs|  svd<float>_Pipeline_VITIS_LOOP_1731_4_VITIS_LOOP_1732_5|  return value|
|ap_ready           |  out|    1|  ap_ctrl_hs|  svd<float>_Pipeline_VITIS_LOOP_1731_4_VITIS_LOOP_1732_5|  return value|
|bound              |   in|    8|     ap_none|                                                    bound|        scalar|
|sext_ln1722        |   in|    3|     ap_none|                                              sext_ln1722|        scalar|
|zext_ln1722_1      |   in|    3|     ap_none|                                            zext_ln1722_1|        scalar|
|sext_ln1728        |   in|    5|     ap_none|                                              sext_ln1728|        scalar|
|U_address0         |  out|    8|   ap_memory|                                                        U|         array|
|U_ce0              |  out|    1|   ap_memory|                                                        U|         array|
|U_q0               |   in|   32|   ap_memory|                                                        U|         array|
|U_output_address0  |  out|    8|   ap_memory|                                                 U_output|         array|
|U_output_ce0       |  out|    1|   ap_memory|                                                 U_output|         array|
|U_output_we0       |  out|    1|   ap_memory|                                                 U_output|         array|
|U_output_d0        |  out|   32|   ap_memory|                                                 U_output|         array|
+-------------------+-----+-----+------------+---------------------------------------------------------+--------------+

