

================================================================
== Vitis HLS Report for 'compute_Pipeline_VITIS_LOOP_234_2'
================================================================
* Date:           Sun Feb  5 17:00:17 2023

* Version:        2022.1 (Build 3526262 on Mon Apr 18 15:47:01 MDT 2022)
* Project:        hls_EstimateMotion
* Solution:       solution1 (Vivado IP Flow Target)
* Product family: virtexuplus
* Target device:  xcu50-fsvh2104-2L-e


================================================================
== Performance Estimates
================================================================
+ Timing: 
    * Summary: 
    +--------+----------+-----------+------------+
    |  Clock |  Target  | Estimated | Uncertainty|
    +--------+----------+-----------+------------+
    |ap_clk  |  60.00 ns|  41.078 ns|    16.20 ns|
    +--------+----------+-----------+------------+

+ Latency: 
    * Summary: 
    +---------+---------+----------+----------+-----+-----+---------+
    |  Latency (cycles) |  Latency (absolute) |  Interval | Pipeline|
    |   min   |   max   |    min   |    max   | min | max |   Type  |
    +---------+---------+----------+----------+-----+-----+---------+
    |        ?|        ?|         ?|         ?|    ?|    ?|       no|
    +---------+---------+----------+----------+-----+-----+---------+

    + Detail: 
        * Instance: 
        N/A

        * Loop: 
        +--------------------+---------+---------+----------+-----------+-----------+------+----------+
        |                    |  Latency (cycles) | Iteration|  Initiation Interval  | Trip |          |
        |      Loop Name     |   min   |   max   |  Latency |  achieved |   target  | Count| Pipelined|
        +--------------------+---------+---------+----------+-----------+-----------+------+----------+
        |- VITIS_LOOP_234_2  |        ?|        ?|        45|         45|          1|     ?|       yes|
        +--------------------+---------+---------+----------+-----------+-----------+------+----------+



================================================================
== Utilization Estimates
================================================================
* Summary: 
+---------------------+---------+------+---------+--------+-----+
|         Name        | BRAM_18K|  DSP |    FF   |   LUT  | URAM|
+---------------------+---------+------+---------+--------+-----+
|DSP                  |        -|     -|        -|       -|    -|
|Expression           |        -|     -|        0|   57107|    -|
|FIFO                 |        -|     -|        -|       -|    -|
|Instance             |        -|   391|        0|    1410|    -|
|Memory               |        -|     -|        -|       -|    -|
|Multiplexer          |        -|     -|        -|     738|    -|
|Register             |        -|     -|    11126|       -|    -|
+---------------------+---------+------+---------+--------+-----+
|Total                |        0|   391|    11126|   59255|    0|
+---------------------+---------+------+---------+--------+-----+
|Available SLR        |     1344|  2976|   871680|  435840|  320|
+---------------------+---------+------+---------+--------+-----+
|Utilization SLR (%)  |        0|    13|        1|      13|    0|
+---------------------+---------+------+---------+--------+-----+
|Available            |     2688|  5952|  1743360|  871680|  640|
+---------------------+---------+------+---------+--------+-----+
|Utilization (%)      |        0|     6|       ~0|       6|    0|
+---------------------+---------+------+---------+--------+-----+

+ Detail: 
    * Instance: 
    +-------------------------------------+-------------------------------+---------+----+---+-----+-----+
    |               Instance              |             Module            | BRAM_18K| DSP| FF| LUT | URAM|
    +-------------------------------------+-------------------------------+---------+----+---+-----+-----+
    |dmul_64ns_64ns_64_1_max_dsp_1_U2998  |dmul_64ns_64ns_64_1_max_dsp_1  |        0|   8|  0|  106|    0|
    |mul_37ns_39ns_74_1_1_U2999           |mul_37ns_39ns_74_1_1           |        0|   4|  0|   27|    0|
    |mul_37ns_39ns_74_1_1_U3001           |mul_37ns_39ns_74_1_1           |        0|   4|  0|   27|    0|
    |mul_64ns_66ns_123_1_1_U3012          |mul_64ns_66ns_123_1_1          |        0|  15|  0|   50|    0|
    |mul_64ns_66ns_129_1_1_U3000          |mul_64ns_66ns_129_1_1          |        0|  15|  0|   50|    0|
    |mul_64ns_66ns_129_1_1_U3002          |mul_64ns_66ns_129_1_1          |        0|  15|  0|   50|    0|
    |mul_64ns_66ns_129_1_1_U3003          |mul_64ns_66ns_129_1_1          |        0|  15|  0|   50|    0|
    |mul_64ns_66ns_129_1_1_U3004          |mul_64ns_66ns_129_1_1          |        0|  15|  0|   50|    0|
    |mul_64ns_66ns_129_1_1_U3005          |mul_64ns_66ns_129_1_1          |        0|  15|  0|   50|    0|
    |mul_64ns_66ns_129_1_1_U3006          |mul_64ns_66ns_129_1_1          |        0|  15|  0|   50|    0|
    |mul_64ns_66ns_129_1_1_U3007          |mul_64ns_66ns_129_1_1          |        0|  15|  0|   50|    0|
    |mul_64ns_66ns_129_1_1_U3008          |mul_64ns_66ns_129_1_1          |        0|  15|  0|   50|    0|
    |mul_64ns_66ns_129_1_1_U3009          |mul_64ns_66ns_129_1_1          |        0|  15|  0|   50|    0|
    |mul_64ns_66ns_129_1_1_U3010          |mul_64ns_66ns_129_1_1          |        0|  15|  0|   50|    0|
    |mul_64ns_66ns_129_1_1_U3011          |mul_64ns_66ns_129_1_1          |        0|  15|  0|   50|    0|
    |mul_64ns_66ns_129_1_1_U3013          |mul_64ns_66ns_129_1_1          |        0|  15|  0|   50|    0|
    |mul_64ns_66ns_129_1_1_U3014          |mul_64ns_66ns_129_1_1          |        0|  15|  0|   50|    0|
    |mul_64ns_66ns_129_1_1_U3015          |mul_64ns_66ns_129_1_1          |        0|  15|  0|   50|    0|
    |mul_64ns_66ns_129_1_1_U3016          |mul_64ns_66ns_129_1_1          |        0|  15|  0|   50|    0|
    |mul_64ns_66ns_129_1_1_U3017          |mul_64ns_66ns_129_1_1          |        0|  15|  0|   50|    0|
    |mul_64ns_66ns_129_1_1_U3018          |mul_64ns_66ns_129_1_1          |        0|  15|  0|   50|    0|
    |mul_64ns_66ns_129_1_1_U3019          |mul_64ns_66ns_129_1_1          |        0|  15|  0|   50|    0|
    |mul_64ns_66ns_129_1_1_U3020          |mul_64ns_66ns_129_1_1          |        0|  15|  0|   50|    0|
    |mul_64ns_66ns_129_1_1_U3021          |mul_64ns_66ns_129_1_1          |        0|  15|  0|   50|    0|
    |mul_64ns_66ns_129_1_1_U3022          |mul_64ns_66ns_129_1_1          |        0|  15|  0|   50|    0|
    |mul_64ns_66ns_129_1_1_U3023          |mul_64ns_66ns_129_1_1          |        0|  15|  0|   50|    0|
    |mul_64ns_66ns_129_1_1_U3024          |mul_64ns_66ns_129_1_1          |        0|  15|  0|   50|    0|
    |mul_64ns_66ns_129_1_1_U3025          |mul_64ns_66ns_129_1_1          |        0|  15|  0|   50|    0|
    +-------------------------------------+-------------------------------+---------+----+---+-----+-----+
    |Total                                |                               |        0| 391|  0| 1410|    0|
    +-------------------------------------+-------------------------------+---------+----+---+-----+-----+

    * DSP: 
    N/A

    * Memory: 
    N/A

    * FIFO: 
    N/A

    * Expression: 
    +-------------------------+----------+----+---+------+------------+------------+
    |      Variable Name      | Operation| DSP| FF|  LUT | Bitwidth P0| Bitwidth P1|
    +-------------------------+----------+----+---+------+------------+------------+
    |add_ln234_fu_450_p2      |         +|   0|  0|    39|          32|           1|
    |add_ln236_1_fu_533_p2    |         +|   0|  0|    38|          38|          38|
    |add_ln236_2_fu_655_p2    |         +|   0|  0|    44|          37|          15|
    |add_ln236_3_fu_719_p2    |         +|   0|  0|    38|          38|          38|
    |add_ln236_fu_468_p2      |         +|   0|  0|    44|          37|          15|
    |add_ln237_10_fu_1155_p2  |         +|   0|  0|    56|          56|          56|
    |add_ln237_1_fu_644_p2    |         +|   0|  0|    64|          64|          64|
    |add_ln237_2_fu_1711_p2   |         +|   0|  0|    49|          42|          15|
    |add_ln237_3_fu_792_p2    |         +|   0|  0|    49|          42|          15|
    |add_ln237_4_fu_909_p2    |         +|   0|  0|    64|          64|          64|
    |add_ln237_5_fu_1020_p2   |         +|   0|  0|    49|          42|          15|
    |add_ln237_6_fu_1143_p2   |         +|   0|  0|    64|          64|          64|
    |add_ln237_7_fu_915_p2    |         +|   0|  0|    56|          56|          15|
    |add_ln237_8_fu_921_p2    |         +|   0|  0|    56|          56|          56|
    |add_ln237_9_fu_1149_p2   |         +|   0|  0|    56|          56|          15|
    |add_ln237_fu_573_p2      |         +|   0|  0|    46|          39|          13|
    |add_ln238_1_fu_1256_p2   |         +|   0|  0|    64|          64|          64|
    |add_ln238_2_fu_1293_p2   |         +|   0|  0|    49|          42|          15|
    |add_ln238_3_fu_1400_p2   |         +|   0|  0|    64|          64|          64|
    |add_ln238_4_fu_1423_p2   |         +|   0|  0|    49|          42|          15|
    |add_ln238_5_fu_1530_p2   |         +|   0|  0|    64|          64|          64|
    |add_ln238_6_fu_1406_p2   |         +|   0|  0|    56|          56|          15|
    |add_ln238_7_fu_1412_p2   |         +|   0|  0|    56|          56|          56|
    |add_ln238_8_fu_1536_p2   |         +|   0|  0|    56|          56|          15|
    |add_ln238_9_fu_1542_p2   |         +|   0|  0|    56|          56|          56|
    |add_ln238_fu_1186_p2     |         +|   0|  0|    46|          39|          13|
    |add_ln239_10_fu_1932_p2  |         +|   0|  0|    56|          56|          56|
    |add_ln239_1_fu_1685_p2   |         +|   0|  0|    64|          64|          64|
    |add_ln239_2_fu_1720_p2   |         +|   0|  0|    66|          59|           9|
    |add_ln239_3_fu_1785_p2   |         +|   0|  0|    64|          64|          15|
    |add_ln239_4_fu_1791_p2   |         +|   0|  0|    64|          64|          64|
    |add_ln239_5_fu_1813_p2   |         +|   0|  0|    49|          42|          15|
    |add_ln239_6_fu_1920_p2   |         +|   0|  0|    64|          64|          64|
    |add_ln239_7_fu_1796_p2   |         +|   0|  0|    56|          56|          15|
    |add_ln239_8_fu_1802_p2   |         +|   0|  0|    56|          56|          56|
    |add_ln239_9_fu_1926_p2   |         +|   0|  0|    56|          56|          15|
    |add_ln239_fu_1615_p2     |         +|   0|  0|    46|          39|          13|
    |add_ln240_1_fu_2033_p2   |         +|   0|  0|    64|          64|          15|
    |add_ln240_2_fu_2039_p2   |         +|   0|  0|    64|          64|          64|
    |add_ln240_3_fu_2120_p2   |         +|   0|  0|    49|          42|          15|
    |add_ln240_4_fu_2227_p2   |         +|   0|  0|    64|          64|          64|
    |add_ln240_5_fu_2044_p2   |         +|   0|  0|    56|          56|          15|
    |add_ln240_6_fu_2050_p2   |         +|   0|  0|    56|          56|          56|
    |add_ln240_7_fu_2233_p2   |         +|   0|  0|    56|          56|          15|
    |add_ln240_8_fu_2239_p2   |         +|   0|  0|    56|          56|          56|
    |add_ln240_fu_1967_p2     |         +|   0|  0|    66|          59|           1|
    |add_ln241_10_fu_2575_p2  |         +|   0|  0|    56|          56|          56|
    |add_ln241_1_fu_3534_p2   |         +|   0|  0|    20|          13|           9|
    |add_ln241_2_fu_2506_p2   |         +|   0|  0|    60|          53|           9|
    |add_ln241_3_fu_2537_p2   |         +|   0|  0|    56|          56|          15|
    |add_ln241_4_fu_2360_p2   |         +|   0|  0|    49|          42|          15|
    |add_ln241_5_fu_2543_p2   |         +|   0|  0|    56|          56|          56|
    |add_ln241_6_fu_2431_p2   |         +|   0|  0|    49|          42|          15|
    |add_ln241_7_fu_2554_p2   |         +|   0|  0|    56|          56|          15|
    |add_ln241_8_fu_2559_p2   |         +|   0|  0|    56|          56|          56|
    |add_ln241_9_fu_2570_p2   |         +|   0|  0|    56|          56|          15|
    |add_ln241_fu_3244_p2     |         +|   0|  0|    20|          13|           1|
    |add_ln242_10_fu_2974_p2  |         +|   0|  0|    56|          56|          56|
    |add_ln242_1_fu_2732_p2   |         +|   0|  0|    56|          56|          15|
    |add_ln242_2_fu_2657_p2   |         +|   0|  0|    49|          42|          15|
    |add_ln242_3_fu_2737_p2   |         +|   0|  0|    56|          56|          56|
    |add_ln242_4_fu_2764_p2   |         +|   0|  0|    49|          42|          15|
    |add_ln242_5_fu_2748_p2   |         +|   0|  0|    56|          56|          15|
    |add_ln242_6_fu_2753_p2   |         +|   0|  0|    56|          56|          56|
    |add_ln242_7_fu_2835_p2   |         +|   0|  0|    56|          56|          15|
    |add_ln242_8_fu_2841_p2   |         +|   0|  0|    56|          56|          56|
    |add_ln242_9_fu_2969_p2   |         +|   0|  0|    56|          56|          15|
    |add_ln242_fu_2586_p2     |         +|   0|  0|    49|          42|          15|
    |add_ln243_1_fu_2959_p2   |         +|   0|  0|    64|          64|          64|
    |add_ln243_2_fu_2985_p2   |         +|   0|  0|    56|          56|          15|
    |add_ln243_3_fu_2990_p2   |         +|   0|  0|    56|          56|          56|
    |add_ln243_fu_2852_p2     |         +|   0|  0|    49|          42|          15|
    |add_ln244_1_fu_3108_p2   |         +|   0|  0|    64|          64|          64|
    |add_ln244_2_fu_3114_p2   |         +|   0|  0|    56|          56|          15|
    |add_ln244_3_fu_3120_p2   |         +|   0|  0|    56|          56|          56|
    |add_ln244_fu_3001_p2     |         +|   0|  0|    49|          42|          15|
    |add_ln245_1_fu_3238_p2   |         +|   0|  0|    64|          64|          64|
    |add_ln245_2_fu_3254_p2   |         +|   0|  0|    56|          56|          15|
    |add_ln245_3_fu_3259_p2   |         +|   0|  0|    56|          56|          56|
    |add_ln245_fu_3131_p2     |         +|   0|  0|    49|          42|          15|
    |add_ln246_1_fu_3380_p2   |         +|   0|  0|    64|          64|          64|
    |add_ln246_2_fu_3386_p2   |         +|   0|  0|    56|          56|          15|
    |add_ln246_3_fu_3392_p2   |         +|   0|  0|    56|          56|          56|
    |add_ln246_fu_3270_p2     |         +|   0|  0|    49|          42|          15|
    |add_ln247_1_fu_3528_p2   |         +|   0|  0|    64|          64|          64|
    |add_ln247_2_fu_3544_p2   |         +|   0|  0|    56|          56|          15|
    |add_ln247_3_fu_3549_p2   |         +|   0|  0|    56|          56|          56|
    |add_ln247_fu_3421_p2     |         +|   0|  0|    49|          42|          15|
    |add_ln248_1_fu_3667_p2   |         +|   0|  0|    64|          64|          64|
    |add_ln248_2_fu_3673_p2   |         +|   0|  0|    56|          56|          15|
    |add_ln248_3_fu_3679_p2   |         +|   0|  0|    56|          56|          56|
    |add_ln248_fu_3560_p2     |         +|   0|  0|    49|          42|          15|
    |add_ln249_1_fu_3797_p2   |         +|   0|  0|    64|          64|          64|
    |add_ln249_2_fu_3803_p2   |         +|   0|  0|    56|          56|          15|
    |add_ln249_3_fu_3809_p2   |         +|   0|  0|    56|          56|          56|
    |add_ln249_fu_3690_p2     |         +|   0|  0|    49|          42|          15|
    |add_ln250_1_fu_3934_p2   |         +|   0|  0|    64|          64|          64|
    |add_ln250_2_fu_3940_p2   |         +|   0|  0|    56|          56|          15|
    |add_ln250_3_fu_3946_p2   |         +|   0|  0|    56|          56|          56|
    |add_ln250_fu_3824_p2     |         +|   0|  0|    49|          42|          15|
    |sub_ln236_1_fu_713_p2    |         -|   0|  0|    38|          38|          38|
    |sub_ln236_fu_527_p2      |         -|   0|  0|    38|          38|          38|
    |sub_ln237_1_fu_638_p2    |         -|   0|  0|    64|          64|          64|
    |sub_ln237_2_fu_778_p2    |         -|   0|  0|    48|          41|          41|
    |sub_ln237_3_fu_897_p2    |         -|   0|  0|    64|          64|          64|
    |sub_ln237_4_fu_903_p2    |         -|   0|  0|    63|          56|          56|
    |sub_ln237_5_fu_1006_p2   |         -|   0|  0|    48|          41|          41|
    |sub_ln237_6_fu_1131_p2   |         -|   0|  0|    64|          64|          64|
    |sub_ln237_7_fu_1137_p2   |         -|   0|  0|    63|          56|          56|
    |sub_ln237_fu_563_p2      |         -|   0|  0|    45|          38|          38|
    |sub_ln238_1_fu_1388_p2   |         -|   0|  0|    64|          64|          64|
    |sub_ln238_2_fu_1394_p2   |         -|   0|  0|    63|          56|          56|
    |sub_ln238_3_fu_1518_p2   |         -|   0|  0|    64|          64|          64|
    |sub_ln238_4_fu_1524_p2   |         -|   0|  0|    63|          56|          56|
    |sub_ln238_fu_1250_p2     |         -|   0|  0|    64|          64|          64|
    |sub_ln239_1_fu_1773_p2   |         -|   0|  0|    71|          64|          64|
    |sub_ln239_2_fu_1779_p2   |         -|   0|  0|    63|          56|          56|
    |sub_ln239_3_fu_1908_p2   |         -|   0|  0|    64|          64|          64|
    |sub_ln239_4_fu_1914_p2   |         -|   0|  0|    63|          56|          56|
    |sub_ln239_fu_1679_p2     |         -|   0|  0|    64|          64|          64|
    |sub_ln240_1_fu_2027_p2   |         -|   0|  0|    63|          56|          56|
    |sub_ln240_2_fu_2215_p2   |         -|   0|  0|    64|          64|          64|
    |sub_ln240_3_fu_2221_p2   |         -|   0|  0|    63|          56|          56|
    |sub_ln240_fu_2021_p2     |         -|   0|  0|    71|          64|          64|
    |sub_ln241_1_fu_2425_p2   |         -|   0|  0|    63|          56|          56|
    |sub_ln241_2_fu_2496_p2   |         -|   0|  0|    63|          56|          56|
    |sub_ln241_fu_2531_p2     |         -|   0|  0|    63|          56|          56|
    |sub_ln242_1_fu_2722_p2   |         -|   0|  0|    63|          56|          56|
    |sub_ln242_2_fu_2829_p2   |         -|   0|  0|    63|          56|          56|
    |sub_ln242_3_fu_2097_p2   |         -|   0|  0|    63|          56|          56|
    |sub_ln242_fu_2651_p2     |         -|   0|  0|    63|          56|          56|
    |sub_ln243_1_fu_2953_p2   |         -|   0|  0|    63|          56|          56|
    |sub_ln243_fu_2947_p2     |         -|   0|  0|    64|          64|          64|
    |sub_ln244_1_fu_3102_p2   |         -|   0|  0|    63|          56|          56|
    |sub_ln244_fu_3096_p2     |         -|   0|  0|    64|          64|          64|
    |sub_ln245_1_fu_3232_p2   |         -|   0|  0|    63|          56|          56|
    |sub_ln245_fu_3226_p2     |         -|   0|  0|    64|          64|          64|
    |sub_ln246_1_fu_3374_p2   |         -|   0|  0|    63|          56|          56|
    |sub_ln246_fu_3368_p2     |         -|   0|  0|    64|          64|          64|
    |sub_ln247_1_fu_3522_p2   |         -|   0|  0|    63|          56|          56|
    |sub_ln247_fu_3516_p2     |         -|   0|  0|    64|          64|          64|
    |sub_ln248_1_fu_3661_p2   |         -|   0|  0|    63|          56|          56|
    |sub_ln248_fu_3655_p2     |         -|   0|  0|    64|          64|          64|
    |sub_ln249_1_fu_3791_p2   |         -|   0|  0|    63|          56|          56|
    |sub_ln249_fu_3785_p2     |         -|   0|  0|    64|          64|          64|
    |sub_ln250_1_fu_3928_p2   |         -|   0|  0|    63|          56|          56|
    |sub_ln250_fu_3922_p2     |         -|   0|  0|    64|          64|          64|
    |icmp_ln234_fu_444_p2     |      icmp|   0|  0|    20|          32|          32|
    |grp_fu_417_p2            |      lshr|   0|  0|  1865|         448|         448|
    |grp_fu_422_p2            |      lshr|   0|  0|  1865|         448|         448|
    |grp_fu_427_p2            |      lshr|   0|  0|  1865|         448|         448|
    |lshr_ln236_1_fu_1277_p2  |      lshr|   0|  0|  1865|         448|         448|
    |lshr_ln236_fu_968_p2     |      lshr|   0|  0|  1865|         448|         448|
    |lshr_ln243_fu_3995_p2    |      lshr|   0|  0|  1865|         448|         448|
    |lshr_ln245_fu_4078_p2    |      lshr|   0|  0|  1865|         448|         448|
    |lshr_ln248_fu_4165_p2    |      lshr|   0|  0|  1865|         448|         448|
    |or_ln237_fu_748_p2       |        or|   0|  0|    33|          33|           1|
    |shl_ln237_2_fu_946_p2    |       shl|   0|  0|  1865|         448|         448|
    |shl_ln237_4_fu_1161_p2   |       shl|   0|  0|   165|           8|          56|
    |shl_ln237_5_fu_1180_p2   |       shl|   0|  0|  1865|         448|         448|
    |shl_ln237_fu_927_p2      |       shl|   0|  0|   165|           8|          56|
    |shl_ln238_1_fu_1417_p2   |       shl|   0|  0|   165|           8|          56|
    |shl_ln238_4_fu_1547_p2   |       shl|   0|  0|   165|           8|          56|
    |shl_ln238_6_fu_1609_p2   |       shl|   0|  0|  1865|         448|         448|
    |shl_ln238_fu_1591_p2     |       shl|   0|  0|  1865|         448|         448|
    |shl_ln239_1_fu_1807_p2   |       shl|   0|  0|   165|           8|          56|
    |shl_ln239_4_fu_1937_p2   |       shl|   0|  0|   165|           8|          56|
    |shl_ln239_6_fu_2354_p2   |       shl|   0|  0|  1865|         448|         448|
    |shl_ln239_fu_2336_p2     |       shl|   0|  0|  1865|         448|         448|
    |shl_ln240_2_fu_2114_p2   |       shl|   0|  0|  1865|          62|         448|
    |shl_ln240_3_fu_2244_p2   |       shl|   0|  0|   165|           8|          56|
    |shl_ln240_5_fu_2262_p2   |       shl|   0|  0|  1865|          62|         448|
    |shl_ln240_fu_2055_p2     |       shl|   0|  0|   165|           8|          56|
    |shl_ln241_1_fu_2564_p2   |       shl|   0|  0|   165|           8|          56|
    |shl_ln241_2_fu_2580_p2   |       shl|   0|  0|   165|           8|          56|
    |shl_ln241_fu_2548_p2     |       shl|   0|  0|   165|           8|          56|
    |shl_ln242_1_fu_2758_p2   |       shl|   0|  0|   165|           8|          56|
    |shl_ln242_2_fu_2846_p2   |       shl|   0|  0|   165|           8|          56|
    |shl_ln242_3_fu_2979_p2   |       shl|   0|  0|   165|           8|          56|
    |shl_ln242_fu_2742_p2     |       shl|   0|  0|   165|           8|          56|
    |shl_ln243_2_fu_4031_p2   |       shl|   0|  0|  1865|         448|         448|
    |shl_ln243_fu_2995_p2     |       shl|   0|  0|   165|           8|          56|
    |shl_ln244_2_fu_4068_p2   |       shl|   0|  0|  1865|         448|         448|
    |shl_ln244_fu_3125_p2     |       shl|   0|  0|   165|           8|          56|
    |shl_ln245_2_fu_4110_p2   |       shl|   0|  0|  1865|         448|         448|
    |shl_ln245_fu_3264_p2     |       shl|   0|  0|   165|           8|          56|
    |shl_ln246_2_fu_3415_p2   |       shl|   0|  0|  1865|         448|         448|
    |shl_ln246_fu_3397_p2     |       shl|   0|  0|   165|           8|          56|
    |shl_ln247_2_fu_4155_p2   |       shl|   0|  0|  1865|         448|         448|
    |shl_ln247_fu_3554_p2     |       shl|   0|  0|   165|           8|          56|
    |shl_ln248_2_fu_4197_p2   |       shl|   0|  0|  1865|         448|         448|
    |shl_ln248_fu_3684_p2     |       shl|   0|  0|   165|           8|          56|
    |shl_ln249_2_fu_4234_p2   |       shl|   0|  0|  1865|         448|         448|
    |shl_ln249_fu_3814_p2     |       shl|   0|  0|   165|           8|          56|
    |shl_ln250_2_fu_3969_p2   |       shl|   0|  0|  1865|         448|         448|
    |shl_ln250_fu_3951_p2     |       shl|   0|  0|   165|           8|          56|
    |xor_ln236_1_fu_1287_p2   |       xor|   0|  0|    65|          64|          65|
    |xor_ln236_fu_978_p2      |       xor|   0|  0|    65|          64|          65|
    +-------------------------+----------+----+---+------+------------+------------+
    |Total                    |          |   0|  0| 57107|       18313|       18257|
    +-------------------------+----------+----+---+------+------------+------------+

    * Multiplexer: 
    +--------------------+-----+-----------+-----+-----------+
    |        Name        | LUT | Input Size| Bits| Total Bits|
    +--------------------+-----+-----------+-----+-----------+
    |ap_NS_fsm           |  201|         46|    1|         46|
    |ap_done_int         |    9|          2|    1|          2|
    |ap_sig_allocacmp_i  |    9|          2|   32|         64|
    |grp_fu_413_p0       |   37|          7|   64|        448|
    |grp_fu_413_p1       |   26|          5|   64|        320|
    |grp_fu_417_p1       |   14|          3|  448|       1344|
    |grp_fu_422_p1       |   14|          3|  448|       1344|
    |grp_fu_427_p1       |   14|          3|  448|       1344|
    |i_35_fu_188         |    9|          2|   32|         64|
    |pnp_iter_address0   |   86|         18|   13|        234|
    |pnp_iter_address1   |   81|         17|   13|        221|
    |pnp_iter_d0         |   59|         11|  448|       4928|
    |pnp_iter_d1         |   49|          9|  448|       4032|
    |pnp_iter_we0        |   65|         14|   56|        784|
    |pnp_iter_we1        |   65|         12|   56|        672|
    +--------------------+-----+-----------+-----+-----------+
    |Total               |  738|        154| 2572|      15847|
    +--------------------+-----+-----------+-----+-----------+

    * Register: 
    +---------------------------+-----+----+-----+-----------+
    |            Name           |  FF | LUT| Bits| Const Bits|
    +---------------------------+-----+----+-----+-----------+
    |add_ln236_1_reg_4275       |   35|   0|   38|          3|
    |add_ln236_3_reg_4302       |   35|   0|   38|          3|
    |add_ln237_1_reg_4292       |   61|   0|   64|          3|
    |add_ln238_1_reg_4405       |   61|   0|   64|          3|
    |add_ln238_3_reg_4421       |   61|   0|   64|          3|
    |add_ln238_5_reg_4436       |   61|   0|   64|          3|
    |add_ln239_1_reg_4469       |   61|   0|   64|          3|
    |add_ln239_2_reg_4479       |   59|   0|   59|          0|
    |add_ln239_4_reg_4484       |   61|   0|   64|          3|
    |add_ln239_6_reg_4499       |   61|   0|   64|          3|
    |add_ln240_2_reg_4519       |   61|   0|   64|          3|
    |add_ln240_reg_4514         |   59|   0|   59|          0|
    |add_ln243_1_reg_4660       |   61|   0|   64|          3|
    |add_ln244_1_reg_4680       |   61|   0|   64|          3|
    |add_ln245_1_reg_4700       |   61|   0|   64|          3|
    |add_ln247_1_reg_4735       |   61|   0|   64|          3|
    |add_ln248_1_reg_4750       |   61|   0|   64|          3|
    |add_ln249_1_reg_4765       |   61|   0|   64|          3|
    |ap_CS_fsm                  |   45|   0|   45|          0|
    |ap_done_reg                |    1|   0|    1|          0|
    |i_35_fu_188                |   32|   0|   32|          0|
    |i_reg_4255                 |   32|   0|   32|          0|
    |pnp_iter_addr_31_reg_4286  |   13|   0|   13|          0|
    |pnp_iter_addr_34_reg_4399  |   13|   0|   13|          0|
    |pnp_iter_addr_37_reg_4463  |   13|   0|   13|          0|
    |reg_432                    |  448|   0|  448|          0|
    |sext_ln237_2_reg_4446      |   58|   0|   64|          6|
    |sext_ln237_3_reg_4318      |   36|   0|   42|          6|
    |sext_ln237_4_reg_4331      |   50|   0|   56|          6|
    |sext_ln237_6_reg_4362      |   36|   0|   42|          6|
    |sext_ln237_7_reg_4375      |   50|   0|   56|          6|
    |sext_ln237_reg_4280        |   36|   0|   39|          3|
    |shl_ln237_4_reg_4394       |   56|   0|   56|          0|
    |shl_ln238_1_reg_4426       |   56|   0|   56|          0|
    |shl_ln238_4_reg_4441       |   56|   0|   56|          0|
    |shl_ln238_6_reg_4458       |  448|   0|  448|          0|
    |shl_ln239_1_reg_4489       |   56|   0|   56|          0|
    |shl_ln239_4_reg_4504       |   56|   0|   56|          0|
    |shl_ln239_6_reg_4570       |  448|   0|  448|          0|
    |shl_ln240_2_reg_4534       |  448|   0|  448|          0|
    |shl_ln240_3_reg_4544       |   56|   0|   56|          0|
    |shl_ln240_5_reg_4549       |  448|   0|  448|          0|
    |shl_ln240_reg_4524         |   56|   0|   56|          0|
    |shl_ln241_1_reg_4600       |   56|   0|   56|          0|
    |shl_ln241_2_reg_4605       |   56|   0|   56|          0|
    |shl_ln241_reg_4595         |   56|   0|   56|          0|
    |shl_ln242_1_reg_4635       |   56|   0|   56|          0|
    |shl_ln242_2_reg_4645       |   56|   0|   56|          0|
    |shl_ln242_3_reg_4665       |   56|   0|   56|          0|
    |shl_ln242_reg_4630         |   56|   0|   56|          0|
    |shl_ln243_2_reg_4800       |  448|   0|  448|          0|
    |shl_ln243_reg_4670         |   56|   0|   56|          0|
    |shl_ln244_2_reg_4810       |  448|   0|  448|          0|
    |shl_ln244_reg_4685         |   56|   0|   56|          0|
    |shl_ln245_2_reg_4820       |  448|   0|  448|          0|
    |shl_ln245_reg_4705         |   56|   0|   56|          0|
    |shl_ln246_2_reg_4720       |  448|   0|  448|          0|
    |shl_ln246_reg_4715         |   56|   0|   56|          0|
    |shl_ln247_2_reg_4835       |  448|   0|  448|          0|
    |shl_ln247_reg_4740         |   56|   0|   56|          0|
    |shl_ln248_2_reg_4845       |  448|   0|  448|          0|
    |shl_ln248_reg_4755         |   56|   0|   56|          0|
    |shl_ln249_2_reg_4855       |  448|   0|  448|          0|
    |shl_ln249_reg_4770         |   56|   0|   56|          0|
    |shl_ln250_2_reg_4785       |  448|   0|  448|          0|
    |shl_ln250_reg_4780         |   56|   0|   56|          0|
    |sub_ln237_2_reg_4313       |   35|   0|   41|          6|
    |sub_ln237_5_reg_4357       |   35|   0|   41|          6|
    |sub_ln241_1_reg_4580       |   53|   0|   56|          3|
    |sub_ln241_2_reg_4590       |   53|   0|   56|          3|
    |sub_ln242_1_reg_4625       |   53|   0|   56|          3|
    |sub_ln242_3_reg_4529       |   53|   0|   56|          3|
    |sub_ln242_reg_4615         |   53|   0|   56|          3|
    |sub_ln243_1_reg_4655       |   53|   0|   56|          3|
    |sub_ln245_1_reg_4695       |   53|   0|   56|          3|
    |sub_ln247_1_reg_4730       |   53|   0|   56|          3|
    |tmp_1142_reg_4416          |   59|   0|   59|          0|
    |tmp_1143_reg_4431          |   59|   0|   59|          0|
    |tmp_1145_reg_4494          |   59|   0|   59|          0|
    |tmp_1146_reg_4509          |   59|   0|   59|          0|
    |tmp_1147_reg_4539          |   59|   0|   59|          0|
    |tmp_1148_reg_4575          |   59|   0|   59|          0|
    |tmp_1149_reg_4585          |   59|   0|   59|          0|
    |tmp_1150_reg_4610          |   59|   0|   59|          0|
    |tmp_1151_reg_4620          |   59|   0|   59|          0|
    |tmp_1152_reg_4640          |   59|   0|   59|          0|
    |tmp_1153_reg_4650          |   59|   0|   59|          0|
    |tmp_1154_reg_4675          |   59|   0|   59|          0|
    |tmp_1155_reg_4690          |   59|   0|   59|          0|
    |tmp_1156_reg_4710          |   59|   0|   59|          0|
    |tmp_1157_reg_4725          |   59|   0|   59|          0|
    |tmp_1158_reg_4745          |   59|   0|   59|          0|
    |tmp_1159_reg_4760          |   59|   0|   59|          0|
    |tmp_1160_reg_4775          |   59|   0|   59|          0|
    |trunc_ln237_9_reg_4389     |   13|   0|   13|          0|
    |trunc_ln239_6_reg_4474     |   59|   0|   59|          0|
    |trunc_ln241_1_reg_4559     |   53|   0|   53|          0|
    |trunc_ln241_3_reg_4554     |   13|   0|   13|          0|
    |trunc_ln243_reg_4790       |   64|   0|   64|          0|
    |trunc_ln244_reg_4805       |   64|   0|   64|          0|
    |trunc_ln245_reg_4815       |   64|   0|   64|          0|
    |trunc_ln247_reg_4825       |   64|   0|   64|          0|
    |trunc_ln248_reg_4840       |   64|   0|   64|          0|
    |trunc_ln249_reg_4850       |   64|   0|   64|          0|
    |x_reg_4795                 |   64|   0|   64|          0|
    |xor_ln236_1_reg_4410       |   64|   0|   64|          0|
    |xor_ln236_reg_4351         |   64|   0|   64|          0|
    |y_reg_4830                 |   64|   0|   64|          0|
    |zext_ln236_reg_4265        |   32|   0|   37|          5|
    |zext_ln237_1_reg_4346      |   64|   0|  448|        384|
    |zext_ln237_6_reg_4307      |   61|   0|  448|        387|
    |zext_ln238_4_reg_4452      |   61|   0|  448|        387|
    |zext_ln239_4_reg_4564      |   61|   0|  448|        387|
    +---------------------------+-----+----+-----+-----------+
    |Total                      |11126|   0|12793|       1667|
    +---------------------------+-----+----+-----+-----------+



================================================================
== Interface
================================================================
* Summary: 
+--------------------+-----+-----+------------+-----------------------------------+--------------+
|      RTL Ports     | Dir | Bits|  Protocol  |           Source Object           |    C Type    |
+--------------------+-----+-----+------------+-----------------------------------+--------------+
|ap_clk              |   in|    1|  ap_ctrl_hs|  compute_Pipeline_VITIS_LOOP_234_2|  return value|
|ap_rst              |   in|    1|  ap_ctrl_hs|  compute_Pipeline_VITIS_LOOP_234_2|  return value|
|ap_start            |   in|    1|  ap_ctrl_hs|  compute_Pipeline_VITIS_LOOP_234_2|  return value|
|ap_done             |  out|    1|  ap_ctrl_hs|  compute_Pipeline_VITIS_LOOP_234_2|  return value|
|ap_idle             |  out|    1|  ap_ctrl_hs|  compute_Pipeline_VITIS_LOOP_234_2|  return value|
|ap_ready            |  out|    1|  ap_ctrl_hs|  compute_Pipeline_VITIS_LOOP_234_2|  return value|
|pnp_iter_load_cast  |   in|   32|     ap_none|                 pnp_iter_load_cast|        scalar|
|pnp_iter_address0   |  out|   13|   ap_memory|                           pnp_iter|         array|
|pnp_iter_ce0        |  out|    1|   ap_memory|                           pnp_iter|         array|
|pnp_iter_we0        |  out|   56|   ap_memory|                           pnp_iter|         array|
|pnp_iter_d0         |  out|  448|   ap_memory|                           pnp_iter|         array|
|pnp_iter_q0         |   in|  448|   ap_memory|                           pnp_iter|         array|
|pnp_iter_address1   |  out|   13|   ap_memory|                           pnp_iter|         array|
|pnp_iter_ce1        |  out|    1|   ap_memory|                           pnp_iter|         array|
|pnp_iter_we1        |  out|   56|   ap_memory|                           pnp_iter|         array|
|pnp_iter_d1         |  out|  448|   ap_memory|                           pnp_iter|         array|
|pnp_iter_q1         |   in|  448|   ap_memory|                           pnp_iter|         array|
+--------------------+-----+-----+------------+-----------------------------------+--------------+

