

================================================================
== Vitis HLS Report for 'compute_R_and_t_Pipeline_13'
================================================================
* Date:           Sun Feb  5 16:57:00 2023

* Version:        2022.1 (Build 3526262 on Mon Apr 18 15:47:01 MDT 2022)
* Project:        hls_EstimateMotion
* Solution:       solution1 (Vivado IP Flow Target)
* Product family: virtexuplus
* Target device:  xcu50-fsvh2104-2L-e


================================================================
== Performance Estimates
================================================================
+ Timing: 
    * Summary: 
    +--------+----------+----------+------------+
    |  Clock |  Target  | Estimated| Uncertainty|
    +--------+----------+----------+------------+
    |ap_clk  |  60.00 ns|  8.683 ns|    16.20 ns|
    +--------+----------+----------+------------+

+ Latency: 
    * Summary: 
    +---------+---------+----------+----------+-----+-----+---------+
    |  Latency (cycles) |  Latency (absolute) |  Interval | Pipeline|
    |   min   |   max   |    min   |    max   | min | max |   Type  |
    +---------+---------+----------+----------+-----+-----+---------+
    |        4|        ?|  0.240 us|         ?|    4|    ?|       no|
    +---------+---------+----------+----------+-----+-----+---------+

    + Detail: 
        * Instance: 
        N/A

        * Loop: 
        +----------+---------+---------+----------+-----------+-----------+-------+----------+
        |          |  Latency (cycles) | Iteration|  Initiation Interval  |  Trip |          |
        | Loop Name|   min   |   max   |  Latency |  achieved |   target  | Count | Pipelined|
        +----------+---------+---------+----------+-----------+-----------+-------+----------+
        |- Loop 1  |        2|        ?|         2|          1|          1|  1 ~ ?|       yes|
        +----------+---------+---------+----------+-----------+-----------+-------+----------+



================================================================
== Utilization Estimates
================================================================
* Summary: 
+---------------------+---------+------+---------+--------+-----+
|         Name        | BRAM_18K|  DSP |    FF   |   LUT  | URAM|
+---------------------+---------+------+---------+--------+-----+
|DSP                  |        -|     -|        -|       -|    -|
|Expression           |        -|     -|        0|    2577|    -|
|FIFO                 |        -|     -|        -|       -|    -|
|Instance             |        -|    15|        0|      50|    -|
|Memory               |        -|     -|        -|       -|    -|
|Multiplexer          |        -|     -|        -|      45|    -|
|Register             |        -|     -|      351|       -|    -|
+---------------------+---------+------+---------+--------+-----+
|Total                |        0|    15|      351|    2672|    0|
+---------------------+---------+------+---------+--------+-----+
|Available SLR        |     1344|  2976|   871680|  435840|  320|
+---------------------+---------+------+---------+--------+-----+
|Utilization SLR (%)  |        0|    ~0|       ~0|      ~0|    0|
+---------------------+---------+------+---------+--------+-----+
|Available            |     2688|  5952|  1743360|  871680|  640|
+---------------------+---------+------+---------+--------+-----+
|Utilization (%)      |        0|    ~0|       ~0|      ~0|    0|
+---------------------+---------+------+---------+--------+-----+

+ Detail: 
    * Instance: 
    +-----------------------------+-----------------------+---------+----+---+----+-----+
    |           Instance          |         Module        | BRAM_18K| DSP| FF| LUT| URAM|
    +-----------------------------+-----------------------+---------+----+---+----+-----+
    |mul_64ns_66ns_129_1_1_U2005  |mul_64ns_66ns_129_1_1  |        0|  15|  0|  50|    0|
    +-----------------------------+-----------------------+---------+----+---+----+-----+
    |Total                        |                       |        0|  15|  0|  50|    0|
    +-----------------------------+-----------------------+---------+----+---+----+-----+

    * DSP: 
    N/A

    * Memory: 
    N/A

    * FIFO: 
    N/A

    * Expression: 
    +-----------------------+----------+----+---+------+------------+------------+
    |     Variable Name     | Operation| DSP| FF|  LUT | Bitwidth P0| Bitwidth P1|
    +-----------------------+----------+----+---+------+------------+------------+
    |empty_1512_fu_197_p2   |         +|   0|  0|    14|           7|           7|
    |empty_1514_fu_226_p2   |         +|   0|  0|    64|          64|          64|
    |empty_1517_fu_360_p2   |         +|   0|  0|    64|          64|          64|
    |empty_1518_fu_371_p2   |         +|   0|  0|    56|          56|          56|
    |empty_1521_fu_231_p2   |         +|   0|  0|    71|          64|           1|
    |tmp17_fu_221_p2        |         +|   0|  0|    64|          64|          64|
    |tmp19_fu_365_p2        |         +|   0|  0|    56|          56|          56|
    |empty_1515_fu_348_p2   |         -|   0|  0|    64|          64|          64|
    |empty_1516_fu_354_p2   |         -|   0|  0|    63|          56|          56|
    |exitcond246_fu_237_p2  |      icmp|   0|  0|    29|          64|          64|
    |empty_1519_fu_376_p2   |       shl|   0|  0|   165|           8|          56|
    |epnp_d0                |       shl|   0|  0|  1865|         448|         448|
    |ap_enable_pp0          |       xor|   0|  0|     2|           1|           2|
    +-----------------------+----------+----+---+------+------------+------------+
    |Total                  |          |   0|  0|  2577|        1016|        1002|
    +-----------------------+----------+----+---+------+------------+------------+

    * Multiplexer: 
    +----------------------------------+----+-----------+-----+-----------+
    |               Name               | LUT| Input Size| Bits| Total Bits|
    +----------------------------------+----+-----------+-----+-----------+
    |ap_done_int                       |   9|          2|    1|          2|
    |ap_enable_reg_pp0_iter1           |   9|          2|    1|          2|
    |ap_loop_exit_ready_pp0_iter2_reg  |   9|          2|    1|          2|
    |epnp_we0                          |   9|          2|   56|        112|
    |loop_index_i233_fu_92             |   9|          2|   64|        128|
    +----------------------------------+----+-----------+-----+-----------+
    |Total                             |  45|         10|  123|        246|
    +----------------------------------+----+-----------+-----+-----------+

    * Register: 
    +----------------------------------+----+----+-----+-----------+
    |               Name               | FF | LUT| Bits| Const Bits|
    +----------------------------------+----+----+-----+-----------+
    |R_cast80_cast_cast_cast_reg_429   |  13|   0|   64|         51|
    |ap_CS_fsm                         |   1|   0|    1|          0|
    |ap_done_reg                       |   1|   0|    1|          0|
    |ap_enable_reg_pp0_iter1           |   1|   0|    1|          0|
    |ap_enable_reg_pp0_iter2           |   1|   0|    1|          0|
    |ap_loop_exit_ready_pp0_iter2_reg  |   1|   0|    1|          0|
    |conv_i225_cast_reg_414            |  32|   0|   64|         32|
    |empty_1513_reg_439                |  53|   0|   53|          0|
    |empty_1514_reg_444                |  64|   0|   64|          0|
    |loop_index_i233_fu_92             |  64|   0|   64|          0|
    |p_cast142_cast_reg_424            |  64|   0|   64|          0|
    |tmp18_cast_cast_reg_419           |  56|   0|   56|          0|
    +----------------------------------+----+----+-----+-----------+
    |Total                             | 351|   0|  434|         83|
    +----------------------------------+----+----+-----+-----------+



================================================================
== Interface
================================================================
* Summary: 
+---------------------+-----+-----+------------+-----------------------------+--------------+
|      RTL Ports      | Dir | Bits|  Protocol  |        Source Object        |    C Type    |
+---------------------+-----+-----+------------+-----------------------------+--------------+
|ap_clk               |   in|    1|  ap_ctrl_hs|  compute_R_and_t_Pipeline_13|  return value|
|ap_rst               |   in|    1|  ap_ctrl_hs|  compute_R_and_t_Pipeline_13|  return value|
|ap_start             |   in|    1|  ap_ctrl_hs|  compute_R_and_t_Pipeline_13|  return value|
|ap_done              |  out|    1|  ap_ctrl_hs|  compute_R_and_t_Pipeline_13|  return value|
|ap_idle              |  out|    1|  ap_ctrl_hs|  compute_R_and_t_Pipeline_13|  return value|
|ap_ready             |  out|    1|  ap_ctrl_hs|  compute_R_and_t_Pipeline_13|  return value|
|p_cast66             |   in|    7|     ap_none|                     p_cast66|        scalar|
|ref_tmp298_address0  |  out|    4|   ap_memory|                   ref_tmp298|         array|
|ref_tmp298_ce0       |  out|    1|   ap_memory|                   ref_tmp298|         array|
|ref_tmp298_q0        |   in|   64|   ap_memory|                   ref_tmp298|         array|
|R_cast80_cast        |   in|   12|     ap_none|                R_cast80_cast|        scalar|
|p_cast142            |   in|   38|     ap_none|                    p_cast142|        scalar|
|tmp18_cast           |   in|   39|     ap_none|                   tmp18_cast|        scalar|
|epnp_address0        |  out|    8|   ap_memory|                         epnp|         array|
|epnp_ce0             |  out|    1|   ap_memory|                         epnp|         array|
|epnp_we0             |  out|   56|   ap_memory|                         epnp|         array|
|epnp_d0              |  out|  448|   ap_memory|                         epnp|         array|
|conv_i225            |   in|   32|     ap_none|                    conv_i225|        scalar|
+---------------------+-----+-----+------------+-----------------------------+--------------+

