

================================================================
== Vitis HLS Report for 'compute_Pipeline_32'
================================================================
* Date:           Sun Feb  5 17:02:40 2023

* Version:        2022.1 (Build 3526262 on Mon Apr 18 15:47:01 MDT 2022)
* Project:        hls_EstimateMotion
* Solution:       solution1 (Vivado IP Flow Target)
* Product family: virtexuplus
* Target device:  xcu50-fsvh2104-2L-e


================================================================
== Performance Estimates
================================================================
+ Timing: 
    * Summary: 
    +--------+----------+----------+------------+
    |  Clock |  Target  | Estimated| Uncertainty|
    +--------+----------+----------+------------+
    |ap_clk  |  60.00 ns|  3.463 ns|    16.20 ns|
    +--------+----------+----------+------------+

+ Latency: 
    * Summary: 
    +---------+---------+----------+----------+-----+-----+---------+
    |  Latency (cycles) |  Latency (absolute) |  Interval | Pipeline|
    |   min   |   max   |    min   |    max   | min | max |   Type  |
    +---------+---------+----------+----------+-----+-----+---------+
    |       77|       77|  4.620 us|  4.620 us|   77|   77|       no|
    +---------+---------+----------+----------+-----+-----+---------+

    + Detail: 
        * Instance: 
        N/A

        * Loop: 
        +----------+---------+---------+----------+-----------+-----------+------+----------+
        |          |  Latency (cycles) | Iteration|  Initiation Interval  | Trip |          |
        | Loop Name|   min   |   max   |  Latency |  achieved |   target  | Count| Pipelined|
        +----------+---------+---------+----------+-----------+-----------+------+----------+
        |- Loop 1  |       75|       75|         4|          1|          1|    72|       yes|
        +----------+---------+---------+----------+-----------+-----------+------+----------+



================================================================
== Utilization Estimates
================================================================
* Summary: 
+---------------------+---------+------+---------+--------+-----+
|         Name        | BRAM_18K|  DSP |    FF   |   LUT  | URAM|
+---------------------+---------+------+---------+--------+-----+
|DSP                  |        -|     1|        -|       -|    -|
|Expression           |        -|     -|        0|     266|    -|
|FIFO                 |        -|     -|        -|       -|    -|
|Instance             |        -|     -|        -|       -|    -|
|Memory               |        -|     -|        -|       -|    -|
|Multiplexer          |        -|     -|        -|      45|    -|
|Register             |        -|     -|       86|      32|    -|
+---------------------+---------+------+---------+--------+-----+
|Total                |        0|     1|       86|     343|    0|
+---------------------+---------+------+---------+--------+-----+
|Available SLR        |     1344|  2976|   871680|  435840|  320|
+---------------------+---------+------+---------+--------+-----+
|Utilization SLR (%)  |        0|    ~0|       ~0|      ~0|    0|
+---------------------+---------+------+---------+--------+-----+
|Available            |     2688|  5952|  1743360|  871680|  640|
+---------------------+---------+------+---------+--------+-----+
|Utilization (%)      |        0|    ~0|       ~0|      ~0|    0|
+---------------------+---------+------+---------+--------+-----+

+ Detail: 
    * Instance: 
    N/A

    * DSP: 
    +--------------------------------+--------------------------+-----------+
    |            Instance            |          Module          | Expression|
    +--------------------------------+--------------------------+-----------+
    |mul_mul_16ns_17ns_33_4_1_U3786  |mul_mul_16ns_17ns_33_4_1  |    i0 * i1|
    +--------------------------------+--------------------------+-----------+

    * Memory: 
    N/A

    * FIFO: 
    N/A

    * Expression: 
    +-----------------------+----------+----+---+-----+------------+------------+
    |     Variable Name     | Operation| DSP| FF| LUT | Bitwidth P0| Bitwidth P1|
    +-----------------------+----------+----+---+-----+------------+------------+
    |empty_1758_fu_194_p2   |         +|   0|  0|   18|          10|          10|
    |empty_1760_fu_114_p2   |         +|   0|  0|   14|           7|           1|
    |empty_fu_100_p2        |         +|   0|  0|   22|          15|          15|
    |tmp156_fu_188_p2       |         +|   0|  0|   18|          10|           9|
    |empty_1757_fu_182_p2   |         -|   0|  0|   17|          10|          10|
    |exitcond906_fu_120_p2  |      icmp|   0|  0|   10|           7|           7|
    |empty_1759_fu_204_p2   |       shl|   0|  0|  165|           4|          56|
    |ap_enable_pp0          |       xor|   0|  0|    2|           1|           2|
    +-----------------------+----------+----+---+-----+------------+------------+
    |Total                  |          |   0|  0|  266|          64|         110|
    +-----------------------+----------+----+---+-----+------------+------------+

    * Multiplexer: 
    +----------------------------------------+----+-----------+-----+-----------+
    |                  Name                  | LUT| Input Size| Bits| Total Bits|
    +----------------------------------------+----+-----------+-----+-----------+
    |ap_done_int                             |   9|          2|    1|          2|
    |ap_loop_exit_ready_pp0_iter3_reg        |   9|          2|    1|          2|
    |ap_sig_allocacmp_loop_index_i16_i_load  |   9|          2|    7|         14|
    |loop_index_i16_i_fu_64                  |   9|          2|    7|         14|
    |solver_we0                              |   9|          2|   56|        112|
    +----------------------------------------+----+-----------+-----+-----------+
    |Total                                   |  45|         10|   72|        144|
    +----------------------------------------+----+-----------+-----+-----------+

    * Register: 
    +----------------------------------+----+----+-----+-----------+
    |               Name               | FF | LUT| Bits| Const Bits|
    +----------------------------------+----+----+-----+-----------+
    |ap_CS_fsm                         |   1|   0|    1|          0|
    |ap_done_reg                       |   1|   0|    1|          0|
    |ap_enable_reg_pp0_iter1           |   1|   0|    1|          0|
    |ap_enable_reg_pp0_iter2           |   1|   0|    1|          0|
    |ap_enable_reg_pp0_iter3           |   1|   0|    1|          0|
    |ap_loop_exit_ready_pp0_iter1_reg  |   1|   0|    1|          0|
    |ap_loop_exit_ready_pp0_iter2_reg  |   1|   0|    1|          0|
    |ap_loop_exit_ready_pp0_iter3_reg  |   1|   0|    1|          0|
    |loop_index_i16_i_fu_64            |   7|   0|    7|          0|
    |tmp_s_reg_227                     |   7|   0|    9|          2|
    |tmp_s_reg_227                     |  64|  32|    9|          2|
    +----------------------------------+----+----+-----+-----------+
    |Total                             |  86|  32|   33|          4|
    +----------------------------------+----+----+-----+-----------+



================================================================
== Interface
================================================================
* Summary: 
+-----------------+-----+-----+------------+---------------------+--------------+
|    RTL Ports    | Dir | Bits|  Protocol  |    Source Object    |    C Type    |
+-----------------+-----+-----+------------+---------------------+--------------+
|ap_clk           |   in|    1|  ap_ctrl_hs|  compute_Pipeline_32|  return value|
|ap_rst           |   in|    1|  ap_ctrl_hs|  compute_Pipeline_32|  return value|
|ap_start         |   in|    1|  ap_ctrl_hs|  compute_Pipeline_32|  return value|
|ap_done          |  out|    1|  ap_ctrl_hs|  compute_Pipeline_32|  return value|
|ap_idle          |  out|    1|  ap_ctrl_hs|  compute_Pipeline_32|  return value|
|ap_ready         |  out|    1|  ap_ctrl_hs|  compute_Pipeline_32|  return value|
|solver_address0  |  out|   10|   ap_memory|               solver|         array|
|solver_ce0       |  out|    1|   ap_memory|               solver|         array|
|solver_we0       |  out|   56|   ap_memory|               solver|         array|
|solver_d0        |  out|  448|   ap_memory|               solver|         array|
+-----------------+-----+-----+------------+---------------------+--------------+

