

================================================================
== Vitis HLS Report for 'compute_1_Pipeline_VITIS_LOOP_24_1_VITIS_LOOP_25_2'
================================================================
* Date:           Sun Feb  5 16:52:42 2023

* Version:        2022.1 (Build 3526262 on Mon Apr 18 15:47:01 MDT 2022)
* Project:        hls_EstimateMotion
* Solution:       solution1 (Vivado IP Flow Target)
* Product family: virtexuplus
* Target device:  xcu50-fsvh2104-2L-e


================================================================
== Performance Estimates
================================================================
+ Timing: 
    * Summary: 
    +--------+----------+-----------+------------+
    |  Clock |  Target  | Estimated | Uncertainty|
    +--------+----------+-----------+------------+
    |ap_clk  |  60.00 ns|  40.325 ns|    16.20 ns|
    +--------+----------+-----------+------------+

+ Latency: 
    * Summary: 
    +---------+---------+----------+----------+-----+-----+---------+
    |  Latency (cycles) |  Latency (absolute) |  Interval | Pipeline|
    |   min   |   max   |    min   |    max   | min | max |   Type  |
    +---------+---------+----------+----------+-----+-----+---------+
    |       35|       35|  2.100 us|  2.100 us|   35|   35|       no|
    +---------+---------+----------+----------+-----+-----+---------+

    + Detail: 
        * Instance: 
        N/A

        * Loop: 
        +-----------------------------------+---------+---------+----------+-----------+-----------+------+----------+
        |                                   |  Latency (cycles) | Iteration|  Initiation Interval  | Trip |          |
        |             Loop Name             |   min   |   max   |  Latency |  achieved |   target  | Count| Pipelined|
        +-----------------------------------+---------+---------+----------+-----------+-----------+------+----------+
        |- VITIS_LOOP_24_1_VITIS_LOOP_25_2  |       33|       33|         5|          2|          1|    15|       yes|
        +-----------------------------------+---------+---------+----------+-----------+-----------+------+----------+



================================================================
== Utilization Estimates
================================================================
* Summary: 
+---------------------+---------+------+---------+--------+-----+
|         Name        | BRAM_18K|  DSP |    FF   |   LUT  | URAM|
+---------------------+---------+------+---------+--------+-----+
|DSP                  |        -|     1|        -|       -|    -|
|Expression           |        -|     -|        0|    5989|    -|
|FIFO                 |        -|     -|        -|       -|    -|
|Instance             |        -|     3|        0|     770|    -|
|Memory               |        -|     -|        -|       -|    -|
|Multiplexer          |        -|     -|        -|     109|    -|
|Register             |        -|     -|       96|       -|    -|
+---------------------+---------+------+---------+--------+-----+
|Total                |        0|     4|       96|    6868|    0|
+---------------------+---------+------+---------+--------+-----+
|Available SLR        |     1344|  2976|   871680|  435840|  320|
+---------------------+---------+------+---------+--------+-----+
|Utilization SLR (%)  |        0|    ~0|       ~0|       1|    0|
+---------------------+---------+------+---------+--------+-----+
|Available            |     2688|  5952|  1743360|  871680|  640|
+---------------------+---------+------+---------+--------+-----+
|Utilization (%)      |        0|    ~0|       ~0|      ~0|    0|
+---------------------+---------+------+---------+--------+-----+

+ Detail: 
    * Instance: 
    +-------------------------------------+--------------------------------+---------+----+---+-----+-----+
    |               Instance              |             Module             | BRAM_18K| DSP| FF| LUT | URAM|
    +-------------------------------------+--------------------------------+---------+----+---+-----+-----+
    |dadd_64ns_64ns_64_1_full_dsp_1_U279  |dadd_64ns_64ns_64_1_full_dsp_1  |        0|   3|  0|  708|    0|
    |mul_8ns_10ns_17_1_1_U280             |mul_8ns_10ns_17_1_1             |        0|   0|  0|   62|    0|
    +-------------------------------------+--------------------------------+---------+----+---+-----+-----+
    |Total                                |                                |        0|   3|  0|  770|    0|
    +-------------------------------------+--------------------------------+---------+----+---+-----+-----+

    * DSP: 
    +-------------------------------+--------------------------+-----------+
    |            Instance           |          Module          | Expression|
    +-------------------------------+--------------------------+-----------+
    |mul_mul_10ns_11ns_21_4_1_U281  |mul_mul_10ns_11ns_21_4_1  |    i0 * i1|
    +-------------------------------+--------------------------+-----------+

    * Memory: 
    N/A

    * FIFO: 
    N/A

    * Expression: 
    +-------------------------+----------+----+---+------+------------+------------+
    |      Variable Name      | Operation| DSP| FF|  LUT | Bitwidth P0| Bitwidth P1|
    +-------------------------+----------+----+---+------+------------+------------+
    |add_ln24_1_fu_169_p2     |         +|   0|  0|    12|           4|           1|
    |add_ln24_fu_251_p2       |         +|   0|  0|    10|           3|           1|
    |add_ln25_fu_206_p2       |         +|   0|  0|     9|           2|           1|
    |add_ln26_1_fu_392_p2     |         +|   0|  0|    18|           9|           9|
    |add_ln26_2_fu_481_p2     |         +|   0|  0|    19|           8|           8|
    |add_ln26_3_fu_487_p2     |         +|   0|  0|    16|           7|           6|
    |add_ln26_4_fu_497_p2     |         +|   0|  0|    15|           8|           8|
    |add_ln26_fu_317_p2       |         +|   0|  0|    15|           8|           8|
    |sub_ln26_1_fu_386_p2     |         -|   0|  0|    18|           9|           9|
    |sub_ln26_2_fu_469_p2     |         -|   0|  0|    19|           8|           8|
    |sub_ln26_3_fu_475_p2     |         -|   0|  0|    16|           7|           7|
    |sub_ln26_4_fu_277_p2     |         -|   0|  0|    15|           8|           8|
    |sub_ln26_fu_245_p2       |         -|   0|  0|    15|           8|           8|
    |icmp_ln24_fu_163_p2      |      icmp|   0|  0|     9|           4|           2|
    |icmp_ln25_fu_178_p2      |      icmp|   0|  0|     8|           2|           2|
    |lshr_ln26_1_fu_563_p2    |      lshr|   0|  0|  1865|         448|         448|
    |lshr_ln26_fu_533_p2      |      lshr|   0|  0|  1865|         448|         448|
    |select_ln24_1_fu_283_p3  |    select|   0|  0|     8|           1|           8|
    |select_ln24_2_fu_290_p3  |    select|   0|  0|     3|           1|           3|
    |select_ln24_fu_184_p3    |    select|   0|  0|     2|           1|           1|
    |epnp_d0                  |       shl|   0|  0|  1865|         448|         448|
    |shl_ln26_1_fu_507_p2     |       shl|   0|  0|   165|           8|          56|
    |ap_enable_pp0            |       xor|   0|  0|     2|           1|           2|
    +-------------------------+----------+----+---+------+------------+------------+
    |Total                    |          |   0|  0|  5989|        1451|        1500|
    +-------------------------+----------+----+---+------+------------+------------+

    * Multiplexer: 
    +--------------------------------------+----+-----------+-----+-----------+
    |                 Name                 | LUT| Input Size| Bits| Total Bits|
    +--------------------------------------+----+-----------+-----+-----------+
    |ap_NS_fsm                             |  14|          3|    1|          3|
    |ap_done_int                           |   9|          2|    1|          2|
    |ap_enable_reg_pp0_iter0               |   9|          2|    1|          2|
    |ap_enable_reg_pp0_iter2               |   9|          2|    1|          2|
    |ap_sig_allocacmp_indvar_flatten_load  |   9|          2|    4|          8|
    |ap_sig_allocacmp_j_load               |   9|          2|    2|          4|
    |epnp_address0                         |  14|          3|    8|         24|
    |epnp_we0                              |   9|          2|   56|        112|
    |i_156_fu_108                          |   9|          2|    3|          6|
    |indvar_flatten_fu_112                 |   9|          2|    4|          8|
    |j_fu_104                              |   9|          2|    2|          4|
    +--------------------------------------+----+-----------+-----+-----------+
    |Total                                 | 109|         24|   83|        175|
    +--------------------------------------+----+-----------+-----+-----------+

    * Register: 
    +-----------------------------------+----+----+-----+-----------+
    |                Name               | FF | LUT| Bits| Const Bits|
    +-----------------------------------+----+----+-----+-----------+
    |add_ln26_1_reg_650                 |   6|   0|    9|          3|
    |add_ln26_2_reg_660                 |   5|   0|    8|          3|
    |ap_CS_fsm                          |   2|   0|    2|          0|
    |ap_done_reg                        |   1|   0|    1|          0|
    |ap_enable_reg_pp0_iter0_reg        |   1|   0|    1|          0|
    |ap_enable_reg_pp0_iter1            |   1|   0|    1|          0|
    |ap_enable_reg_pp0_iter2            |   1|   0|    1|          0|
    |ap_loop_exit_ready_pp0_iter1_reg   |   1|   0|    1|          0|
    |epnp_addr_112_reg_655              |   5|   0|    8|          3|
    |i_156_fu_108                       |   3|   0|    3|          0|
    |icmp_ln24_reg_624                  |   1|   0|    1|          0|
    |icmp_ln24_reg_624_pp0_iter1_reg    |   1|   0|    1|          0|
    |icmp_ln25_reg_628                  |   1|   0|    1|          0|
    |icmp_ln25_reg_628_pp0_iter1_reg    |   1|   0|    1|          0|
    |indvar_flatten_fu_112              |   4|   0|    4|          0|
    |j_fu_104                           |   2|   0|    2|          0|
    |select_ln24_reg_634                |   2|   0|    2|          0|
    |select_ln24_reg_634_pp0_iter1_reg  |   2|   0|    2|          0|
    |shl_ln26_1_reg_665                 |  56|   0|   56|          0|
    +-----------------------------------+----+----+-----+-----------+
    |Total                              |  96|   0|  105|          9|
    +-----------------------------------+----+----+-----+-----------+



================================================================
== Interface
================================================================
* Summary: 
+---------------+-----+-----+------------+----------------------------------------------------+--------------+
|   RTL Ports   | Dir | Bits|  Protocol  |                    Source Object                   |    C Type    |
+---------------+-----+-----+------------+----------------------------------------------------+--------------+
|ap_clk         |   in|    1|  ap_ctrl_hs|  compute.1_Pipeline_VITIS_LOOP_24_1_VITIS_LOOP_25_2|  return value|
|ap_rst         |   in|    1|  ap_ctrl_hs|  compute.1_Pipeline_VITIS_LOOP_24_1_VITIS_LOOP_25_2|  return value|
|ap_start       |   in|    1|  ap_ctrl_hs|  compute.1_Pipeline_VITIS_LOOP_24_1_VITIS_LOOP_25_2|  return value|
|ap_done        |  out|    1|  ap_ctrl_hs|  compute.1_Pipeline_VITIS_LOOP_24_1_VITIS_LOOP_25_2|  return value|
|ap_idle        |  out|    1|  ap_ctrl_hs|  compute.1_Pipeline_VITIS_LOOP_24_1_VITIS_LOOP_25_2|  return value|
|ap_ready       |  out|    1|  ap_ctrl_hs|  compute.1_Pipeline_VITIS_LOOP_24_1_VITIS_LOOP_25_2|  return value|
|epnp_address0  |  out|    8|   ap_memory|                                                epnp|         array|
|epnp_ce0       |  out|    1|   ap_memory|                                                epnp|         array|
|epnp_we0       |  out|   56|   ap_memory|                                                epnp|         array|
|epnp_d0        |  out|  448|   ap_memory|                                                epnp|         array|
|epnp_q0        |   in|  448|   ap_memory|                                                epnp|         array|
|epnp_address1  |  out|    8|   ap_memory|                                                epnp|         array|
|epnp_ce1       |  out|    1|   ap_memory|                                                epnp|         array|
|epnp_q1        |   in|  448|   ap_memory|                                                epnp|         array|
+---------------+-----+-----+------------+----------------------------------------------------+--------------+

