

================================================================
== Vitis HLS Report for 'compute_Pipeline_VITIS_LOOP_162_1_VITIS_LOOP_163_2'
================================================================
* Date:           Sun Feb  5 17:02:23 2023

* Version:        2022.1 (Build 3526262 on Mon Apr 18 15:47:01 MDT 2022)
* Project:        hls_EstimateMotion
* Solution:       solution1 (Vivado IP Flow Target)
* Product family: virtexuplus
* Target device:  xcu50-fsvh2104-2L-e


================================================================
== Performance Estimates
================================================================
+ Timing: 
    * Summary: 
    +--------+----------+-----------+------------+
    |  Clock |  Target  | Estimated | Uncertainty|
    +--------+----------+-----------+------------+
    |ap_clk  |  60.00 ns|  10.436 ns|    16.20 ns|
    +--------+----------+-----------+------------+

+ Latency: 
    * Summary: 
    +---------+---------+----------+----------+-----+-----+---------+
    |  Latency (cycles) |  Latency (absolute) |  Interval | Pipeline|
    |   min   |   max   |    min   |    max   | min | max |   Type  |
    +---------+---------+----------+----------+-----+-----+---------+
    |        ?|        ?|         ?|         ?|    ?|    ?|       no|
    +---------+---------+----------+----------+-----+-----+---------+

    + Detail: 
        * Instance: 
        N/A

        * Loop: 
        +-------------------------------------+---------+---------+----------+-----------+-----------+------+----------+
        |                                     |  Latency (cycles) | Iteration|  Initiation Interval  | Trip |          |
        |              Loop Name              |   min   |   max   |  Latency |  achieved |   target  | Count| Pipelined|
        +-------------------------------------+---------+---------+----------+-----------+-----------+------+----------+
        |- VITIS_LOOP_162_1_VITIS_LOOP_163_2  |        ?|        ?|         2|          1|          1|     ?|       yes|
        +-------------------------------------+---------+---------+----------+-----------+-----------+------+----------+



================================================================
== Utilization Estimates
================================================================
* Summary: 
+---------------------+---------+------+---------+--------+-----+
|         Name        | BRAM_18K|  DSP |    FF   |   LUT  | URAM|
+---------------------+---------+------+---------+--------+-----+
|DSP                  |        -|     -|        -|       -|    -|
|Expression           |        -|     -|        0|    2513|    -|
|FIFO                 |        -|     -|        -|       -|    -|
|Instance             |        -|    15|        0|      50|    -|
|Memory               |        -|     -|        -|       -|    -|
|Multiplexer          |        -|     -|        -|      63|    -|
|Register             |        -|     -|      197|       -|    -|
+---------------------+---------+------+---------+--------+-----+
|Total                |        0|    15|      197|    2626|    0|
+---------------------+---------+------+---------+--------+-----+
|Available SLR        |     1344|  2976|   871680|  435840|  320|
+---------------------+---------+------+---------+--------+-----+
|Utilization SLR (%)  |        0|    ~0|       ~0|      ~0|    0|
+---------------------+---------+------+---------+--------+-----+
|Available            |     2688|  5952|  1743360|  871680|  640|
+---------------------+---------+------+---------+--------+-----+
|Utilization (%)      |        0|    ~0|       ~0|      ~0|    0|
+---------------------+---------+------+---------+--------+-----+

+ Detail: 
    * Instance: 
    +-----------------------------+-----------------------+---------+----+---+----+-----+
    |           Instance          |         Module        | BRAM_18K| DSP| FF| LUT| URAM|
    +-----------------------------+-----------------------+---------+----+---+----+-----+
    |mul_64ns_66ns_129_1_1_U3724  |mul_64ns_66ns_129_1_1  |        0|  15|  0|  50|    0|
    +-----------------------------+-----------------------+---------+----+---+----+-----+
    |Total                        |                       |        0|  15|  0|  50|    0|
    +-----------------------------+-----------------------+---------+----+---+----+-----+

    * DSP: 
    N/A

    * Memory: 
    N/A

    * FIFO: 
    N/A

    * Expression: 
    +---------------------------+----------+----+---+------+------------+------------+
    |       Variable Name       | Operation| DSP| FF|  LUT | Bitwidth P0| Bitwidth P1|
    +---------------------------+----------+----+---+------+------------+------------+
    |add_ln162_6_fu_183_p2      |         +|   0|  0|    71|          64|           1|
    |add_ln162_fu_192_p2        |         +|   0|  0|    39|          32|           1|
    |add_ln163_fu_438_p2        |         +|   0|  0|    39|          32|           1|
    |add_ln164_14_fu_327_p2     |         +|   0|  0|    46|          39|          39|
    |add_ln164_15_fu_398_p2     |         +|   0|  0|    64|          64|          64|
    |add_ln164_16_fu_422_p2     |         +|   0|  0|    16|           7|           7|
    |add_ln164_fu_317_p2        |         +|   0|  0|    43|          36|          17|
    |sub_ln164_10_fu_416_p2     |         -|   0|  0|    16|           7|           7|
    |sub_ln164_8_fu_267_p2      |         -|   0|  0|    45|          38|          38|
    |sub_ln164_9_fu_392_p2      |         -|   0|  0|    64|          64|          64|
    |sub_ln164_fu_172_p2        |         -|   0|  0|    45|          38|          38|
    |icmp_ln162_fu_178_p2       |      icmp|   0|  0|    29|          64|          64|
    |icmp_ln163_fu_198_p2       |      icmp|   0|  0|    20|          32|          32|
    |lshr_ln164_fu_470_p2       |      lshr|   0|  0|  1865|         448|         448|
    |select_ln162_12_fu_255_p3  |    select|   0|  0|     7|           1|           7|
    |select_ln162_13_fu_273_p3  |    select|   0|  0|    38|           1|          38|
    |select_ln162_14_fu_285_p3  |    select|   0|  0|    32|           1|          32|
    |select_ln162_fu_203_p3     |    select|   0|  0|    32|           1|           1|
    |ap_enable_pp0              |       xor|   0|  0|     2|           1|           2|
    +---------------------------+----------+----+---+------+------------+------------+
    |Total                      |          |   0|  0|  2513|         970|         901|
    +---------------------------+----------+----+---+------+------------+------------+

    * Multiplexer: 
    +-------------------------+----+-----------+-----+-----------+
    |           Name          | LUT| Input Size| Bits| Total Bits|
    +-------------------------+----+-----------+-----+-----------+
    |ap_done_int              |   9|          2|    1|          2|
    |ap_enable_reg_pp0_iter1  |   9|          2|    1|          2|
    |ap_enable_reg_pp0_iter2  |   9|          2|    1|          2|
    |i_45_fu_82               |   9|          2|   32|         64|
    |indvar_flatten35_fu_86   |   9|          2|   64|        128|
    |j_23_fu_78               |   9|          2|   32|         64|
    |ref_tmp460_we0           |   9|          2|    8|         16|
    +-------------------------+----+-----------+-----+-----------+
    |Total                    |  63|         14|  139|        278|
    +-------------------------+----+-----------+-----+-----------+

    * Register: 
    +-------------------------+----+----+-----+-----------+
    |           Name          | FF | LUT| Bits| Const Bits|
    +-------------------------+----+----+-----+-----------+
    |add_ln164_15_reg_524     |  61|   0|   64|          3|
    |ap_CS_fsm                |   1|   0|    1|          0|
    |ap_done_reg              |   1|   0|    1|          0|
    |ap_enable_reg_pp0_iter1  |   1|   0|    1|          0|
    |ap_enable_reg_pp0_iter2  |   1|   0|    1|          0|
    |i_45_fu_82               |  32|   0|   32|          0|
    |indvar_flatten35_fu_86   |  64|   0|   64|          0|
    |j_23_fu_78               |  32|   0|   32|          0|
    |lshr_ln164_s_reg_529     |   4|   0|    4|          0|
    +-------------------------+----+----+-----+-----------+
    |Total                    | 197|   0|  200|          3|
    +-------------------------+----+----+-----+-----------+



================================================================
== Interface
================================================================
* Summary: 
+---------------------+-----+-----+------------+----------------------------------------------------+--------------+
|      RTL Ports      | Dir | Bits|  Protocol  |                    Source Object                   |    C Type    |
+---------------------+-----+-----+------------+----------------------------------------------------+--------------+
|ap_clk               |   in|    1|  ap_ctrl_hs|  compute_Pipeline_VITIS_LOOP_162_1_VITIS_LOOP_163_2|  return value|
|ap_rst               |   in|    1|  ap_ctrl_hs|  compute_Pipeline_VITIS_LOOP_162_1_VITIS_LOOP_163_2|  return value|
|ap_start             |   in|    1|  ap_ctrl_hs|  compute_Pipeline_VITIS_LOOP_162_1_VITIS_LOOP_163_2|  return value|
|ap_done              |  out|    1|  ap_ctrl_hs|  compute_Pipeline_VITIS_LOOP_162_1_VITIS_LOOP_163_2|  return value|
|ap_idle              |  out|    1|  ap_ctrl_hs|  compute_Pipeline_VITIS_LOOP_162_1_VITIS_LOOP_163_2|  return value|
|ap_ready             |  out|    1|  ap_ctrl_hs|  compute_Pipeline_VITIS_LOOP_162_1_VITIS_LOOP_163_2|  return value|
|mul_ln108            |   in|   64|     ap_none|                                           mul_ln108|        scalar|
|p_cast273            |   in|   32|     ap_none|                                           p_cast273|        scalar|
|pnp_iter_address0    |  out|   13|   ap_memory|                                            pnp_iter|         array|
|pnp_iter_ce0         |  out|    1|   ap_memory|                                            pnp_iter|         array|
|pnp_iter_q0          |   in|  448|   ap_memory|                                            pnp_iter|         array|
|ref_tmp460_address0  |  out|    4|   ap_memory|                                          ref_tmp460|         array|
|ref_tmp460_ce0       |  out|    1|   ap_memory|                                          ref_tmp460|         array|
|ref_tmp460_we0       |  out|    8|   ap_memory|                                          ref_tmp460|         array|
|ref_tmp460_d0        |  out|   64|   ap_memory|                                          ref_tmp460|         array|
+---------------------+-----+-----+------------+----------------------------------------------------+--------------+

