

================================================================
== Vitis HLS Report for 'compute_Pipeline_5'
================================================================
* Date:           Sun Feb  5 17:00:16 2023

* Version:        2022.1 (Build 3526262 on Mon Apr 18 15:47:01 MDT 2022)
* Project:        hls_EstimateMotion
* Solution:       solution1 (Vivado IP Flow Target)
* Product family: virtexuplus
* Target device:  xcu50-fsvh2104-2L-e


================================================================
== Performance Estimates
================================================================
+ Timing: 
    * Summary: 
    +--------+----------+-----------+------------+
    |  Clock |  Target  | Estimated | Uncertainty|
    +--------+----------+-----------+------------+
    |ap_clk  |  60.00 ns|  10.237 ns|    16.20 ns|
    +--------+----------+-----------+------------+

+ Latency: 
    * Summary: 
    +---------+---------+----------+----------+-----+-----+---------+
    |  Latency (cycles) |  Latency (absolute) |  Interval | Pipeline|
    |   min   |   max   |    min   |    max   | min | max |   Type  |
    +---------+---------+----------+----------+-----+-----+---------+
    |        4|        ?|  0.240 us|         ?|    4|    ?|       no|
    +---------+---------+----------+----------+-----+-----+---------+

    + Detail: 
        * Instance: 
        N/A

        * Loop: 
        +----------+---------+---------+----------+-----------+-----------+-------+----------+
        |          |  Latency (cycles) | Iteration|  Initiation Interval  |  Trip |          |
        | Loop Name|   min   |   max   |  Latency |  achieved |   target  | Count | Pipelined|
        +----------+---------+---------+----------+-----------+-----------+-------+----------+
        |- Loop 1  |        2|        ?|         2|          1|          1|  1 ~ ?|       yes|
        +----------+---------+---------+----------+-----------+-----------+-------+----------+



================================================================
== Utilization Estimates
================================================================
* Summary: 
+---------------------+---------+------+---------+--------+-----+
|         Name        | BRAM_18K|  DSP |    FF   |   LUT  | URAM|
+---------------------+---------+------+---------+--------+-----+
|DSP                  |        -|     -|        -|       -|    -|
|Expression           |        -|     -|        0|    2636|    -|
|FIFO                 |        -|     -|        -|       -|    -|
|Instance             |        -|    15|        0|      50|    -|
|Memory               |        -|     -|        -|       -|    -|
|Multiplexer          |        -|     -|        -|      45|    -|
|Register             |        -|     -|      338|       -|    -|
+---------------------+---------+------+---------+--------+-----+
|Total                |        0|    15|      338|    2731|    0|
+---------------------+---------+------+---------+--------+-----+
|Available SLR        |     1344|  2976|   871680|  435840|  320|
+---------------------+---------+------+---------+--------+-----+
|Utilization SLR (%)  |        0|    ~0|       ~0|      ~0|    0|
+---------------------+---------+------+---------+--------+-----+
|Available            |     2688|  5952|  1743360|  871680|  640|
+---------------------+---------+------+---------+--------+-----+
|Utilization (%)      |        0|    ~0|       ~0|      ~0|    0|
+---------------------+---------+------+---------+--------+-----+

+ Detail: 
    * Instance: 
    +-----------------------------+-----------------------+---------+----+---+----+-----+
    |           Instance          |         Module        | BRAM_18K| DSP| FF| LUT| URAM|
    +-----------------------------+-----------------------+---------+----+---+----+-----+
    |mul_64ns_66ns_129_1_1_U2991  |mul_64ns_66ns_129_1_1  |        0|  15|  0|  50|    0|
    +-----------------------------+-----------------------+---------+----+---+----+-----+
    |Total                        |                       |        0|  15|  0|  50|    0|
    +-----------------------------+-----------------------+---------+----+---+----+-----+

    * DSP: 
    N/A

    * Memory: 
    N/A

    * FIFO: 
    N/A

    * Expression: 
    +------------------------+----------+----+---+------+------------+------------+
    |      Variable Name     | Operation| DSP| FF|  LUT | Bitwidth P0| Bitwidth P1|
    +------------------------+----------+----+---+------+------------+------------+
    |empty_1664_fu_181_p2    |         +|   0|  0|    24|          17|          17|
    |empty_1666_fu_211_p2    |         +|   0|  0|    64|          64|          64|
    |empty_1669_fu_345_p2    |         +|   0|  0|    64|          64|          64|
    |empty_1670_fu_361_p2    |         +|   0|  0|    56|          56|          56|
    |empty_1673_fu_216_p2    |         +|   0|  0|    71|          64|           1|
    |tmp6_fu_205_p2          |         +|   0|  0|    64|          64|          15|
    |tmp7_fu_350_p2          |         +|   0|  0|    56|          56|          56|
    |tmp8_fu_355_p2          |         +|   0|  0|    56|          56|          15|
    |empty_1667_fu_333_p2    |         -|   0|  0|    64|          64|          64|
    |empty_1668_fu_339_p2    |         -|   0|  0|    56|          56|          56|
    |exitcond1038_fu_222_p2  |      icmp|   0|  0|    29|          64|          64|
    |empty_1671_fu_367_p2    |       shl|   0|  0|   165|           8|          56|
    |pnp_iter_d0             |       shl|   0|  0|  1865|         448|         448|
    |ap_enable_pp0           |       xor|   0|  0|     2|           1|           2|
    +------------------------+----------+----+---+------+------------+------------+
    |Total                   |          |   0|  0|  2636|        1082|         978|
    +------------------------+----------+----+---+------+------------+------------+

    * Multiplexer: 
    +----------------------------------+----+-----------+-----+-----------+
    |               Name               | LUT| Input Size| Bits| Total Bits|
    +----------------------------------+----+-----------+-----+-----------+
    |ap_done_int                       |   9|          2|    1|          2|
    |ap_enable_reg_pp0_iter1           |   9|          2|    1|          2|
    |ap_loop_exit_ready_pp0_iter2_reg  |   9|          2|    1|          2|
    |loop_index_i367_fu_90             |   9|          2|   64|        128|
    |pnp_iter_we0                      |   9|          2|   56|        112|
    +----------------------------------+----+-----------+-----+-----------+
    |Total                             |  45|         10|  123|        246|
    +----------------------------------+----+-----------+-----+-----------+

    * Register: 
    +----------------------------------+----+----+-----+-----------+
    |               Name               | FF | LUT| Bits| Const Bits|
    +----------------------------------+----+----+-----+-----------+
    |ap_CS_fsm                         |   1|   0|    1|          0|
    |ap_done_reg                       |   1|   0|    1|          0|
    |ap_enable_reg_pp0_iter1           |   1|   0|    1|          0|
    |ap_enable_reg_pp0_iter2           |   1|   0|    1|          0|
    |ap_loop_exit_ready_pp0_iter2_reg  |   1|   0|    1|          0|
    |conv_i359_cast_reg_405            |  32|   0|   64|         32|
    |empty_1665_reg_425                |  53|   0|   53|          0|
    |empty_1666_reg_430                |  64|   0|   64|          0|
    |loop_index_i367_fu_90             |  64|   0|   64|          0|
    |p_cast710_cast_reg_415            |  64|   0|   64|          0|
    |p_cast711_cast_reg_410            |  56|   0|   56|          0|
    +----------------------------------+----+----+-----+-----------+
    |Total                             | 338|   0|  370|         32|
    +----------------------------------+----+----+-----+-----------+



================================================================
== Interface
================================================================
* Summary: 
+--------------------+-----+-----+------------+--------------------+--------------+
|      RTL Ports     | Dir | Bits|  Protocol  |    Source Object   |    C Type    |
+--------------------+-----+-----+------------+--------------------+--------------+
|ap_clk              |   in|    1|  ap_ctrl_hs|  compute_Pipeline_5|  return value|
|ap_rst              |   in|    1|  ap_ctrl_hs|  compute_Pipeline_5|  return value|
|ap_start            |   in|    1|  ap_ctrl_hs|  compute_Pipeline_5|  return value|
|ap_done             |  out|    1|  ap_ctrl_hs|  compute_Pipeline_5|  return value|
|ap_idle             |  out|    1|  ap_ctrl_hs|  compute_Pipeline_5|  return value|
|ap_ready            |  out|    1|  ap_ctrl_hs|  compute_Pipeline_5|  return value|
|p_cast233           |   in|   17|     ap_none|           p_cast233|        scalar|
|ref_tmp21_address0  |  out|   14|   ap_memory|           ref_tmp21|         array|
|ref_tmp21_ce0       |  out|    1|   ap_memory|           ref_tmp21|         array|
|ref_tmp21_q0        |   in|   64|   ap_memory|           ref_tmp21|         array|
|p_cast710           |   in|   40|     ap_none|           p_cast710|        scalar|
|p_cast711           |   in|   40|     ap_none|           p_cast711|        scalar|
|pnp_iter_address0   |  out|   13|   ap_memory|            pnp_iter|         array|
|pnp_iter_ce0        |  out|    1|   ap_memory|            pnp_iter|         array|
|pnp_iter_we0        |  out|   56|   ap_memory|            pnp_iter|         array|
|pnp_iter_d0         |  out|  448|   ap_memory|            pnp_iter|         array|
|conv_i359           |   in|   32|     ap_none|           conv_i359|        scalar|
+--------------------+-----+-----+------------+--------------------+--------------+

