

================================================================
== Vitis HLS Report for 'compute_Pipeline_30'
================================================================
* Date:           Sun Feb  5 17:02:37 2023

* Version:        2022.1 (Build 3526262 on Mon Apr 18 15:47:01 MDT 2022)
* Project:        hls_EstimateMotion
* Solution:       solution1 (Vivado IP Flow Target)
* Product family: virtexuplus
* Target device:  xcu50-fsvh2104-2L-e


================================================================
== Performance Estimates
================================================================
+ Timing: 
    * Summary: 
    +--------+----------+----------+------------+
    |  Clock |  Target  | Estimated| Uncertainty|
    +--------+----------+----------+------------+
    |ap_clk  |  60.00 ns|  4.243 ns|    16.20 ns|
    +--------+----------+----------+------------+

+ Latency: 
    * Summary: 
    +---------+---------+----------+----------+-------+-------+---------+
    |  Latency (cycles) |  Latency (absolute) |    Interval   | Pipeline|
    |   min   |   max   |    min   |    max   |  min  |  max  |   Type  |
    +---------+---------+----------+----------+-------+-------+---------+
    |    12005|    12005|  0.720 ms|  0.720 ms|  12005|  12005|       no|
    +---------+---------+----------+----------+-------+-------+---------+

    + Detail: 
        * Instance: 
        N/A

        * Loop: 
        +----------+---------+---------+----------+-----------+-----------+-------+----------+
        |          |  Latency (cycles) | Iteration|  Initiation Interval  |  Trip |          |
        | Loop Name|   min   |   max   |  Latency |  achieved |   target  | Count | Pipelined|
        +----------+---------+---------+----------+-----------+-----------+-------+----------+
        |- Loop 1  |    12003|    12003|         4|          1|          1|  12000|       yes|
        +----------+---------+---------+----------+-----------+-----------+-------+----------+



================================================================
== Utilization Estimates
================================================================
* Summary: 
+---------------------+---------+------+---------+--------+-----+
|         Name        | BRAM_18K|  DSP |    FF   |   LUT  | URAM|
+---------------------+---------+------+---------+--------+-----+
|DSP                  |        -|     1|        -|       -|    -|
|Expression           |        -|     -|        0|     275|    -|
|FIFO                 |        -|     -|        -|       -|    -|
|Instance             |        -|     -|        -|       -|    -|
|Memory               |        -|     -|        -|       -|    -|
|Multiplexer          |        -|     -|        -|      45|    -|
|Register             |        -|     -|      100|      32|    -|
+---------------------+---------+------+---------+--------+-----+
|Total                |        0|     1|      100|     352|    0|
+---------------------+---------+------+---------+--------+-----+
|Available SLR        |     1344|  2976|   871680|  435840|  320|
+---------------------+---------+------+---------+--------+-----+
|Utilization SLR (%)  |        0|    ~0|       ~0|      ~0|    0|
+---------------------+---------+------+---------+--------+-----+
|Available            |     2688|  5952|  1743360|  871680|  640|
+---------------------+---------+------+---------+--------+-----+
|Utilization (%)      |        0|    ~0|       ~0|      ~0|    0|
+---------------------+---------+------+---------+--------+-----+

+ Detail: 
    * Instance: 
    N/A

    * DSP: 
    +--------------------------------+--------------------------+-----------+
    |            Instance            |          Module          | Expression|
    +--------------------------------+--------------------------+-----------+
    |mul_mul_16ns_17ns_33_4_1_U3781  |mul_mul_16ns_17ns_33_4_1  |    i0 * i1|
    +--------------------------------+--------------------------+-----------+

    * Memory: 
    N/A

    * FIFO: 
    N/A

    * Expression: 
    +----------------------+----------+----+---+-----+------------+------------+
    |     Variable Name    | Operation| DSP| FF| LUT | Bitwidth P0| Bitwidth P1|
    +----------------------+----------+----+---+-----+------------+------------+
    |empty_1768_fu_168_p2  |         +|   0|  0|   17|          17|          17|
    |empty_1770_fu_92_p2   |         +|   0|  0|   21|          14|           1|
    |empty_fu_118_p2       |         +|   0|  0|   17|          10|           2|
    |tmp154_fu_162_p2      |         +|   0|  0|   17|          17|           7|
    |empty_1767_fu_156_p2  |         -|   0|  0|   24|          17|          17|
    |exitcond908_fu_98_p2  |      icmp|   0|  0|   12|          14|          14|
    |empty_1769_fu_178_p2  |       shl|   0|  0|  165|           4|          56|
    |ap_enable_pp0         |       xor|   0|  0|    2|           1|           2|
    +----------------------+----------+----+---+-----+------------+------------+
    |Total                 |          |   0|  0|  275|          94|         116|
    +----------------------+----------+----+---+-----+------------+------------+

    * Multiplexer: 
    +---------------------------------------+----+-----------+-----+-----------+
    |                  Name                 | LUT| Input Size| Bits| Total Bits|
    +---------------------------------------+----+-----------+-----+-----------+
    |ap_done_int                            |   9|          2|    1|          2|
    |ap_loop_exit_ready_pp0_iter3_reg       |   9|          2|    1|          2|
    |ap_sig_allocacmp_loop_index_i8_i_load  |   9|          2|   14|         28|
    |loop_index_i8_i_fu_56                  |   9|          2|   14|         28|
    |solver_we0                             |   9|          2|   56|        112|
    +---------------------------------------+----+-----------+-----+-----------+
    |Total                                  |  45|         10|   86|        172|
    +---------------------------------------+----+-----------+-----+-----------+

    * Register: 
    +----------------------------------+----+----+-----+-----------+
    |               Name               | FF | LUT| Bits| Const Bits|
    +----------------------------------+----+----+-----+-----------+
    |ap_CS_fsm                         |   1|   0|    1|          0|
    |ap_done_reg                       |   1|   0|    1|          0|
    |ap_enable_reg_pp0_iter1           |   1|   0|    1|          0|
    |ap_enable_reg_pp0_iter2           |   1|   0|    1|          0|
    |ap_enable_reg_pp0_iter3           |   1|   0|    1|          0|
    |ap_loop_exit_ready_pp0_iter1_reg  |   1|   0|    1|          0|
    |ap_loop_exit_ready_pp0_iter2_reg  |   1|   0|    1|          0|
    |ap_loop_exit_ready_pp0_iter3_reg  |   1|   0|    1|          0|
    |loop_index_i8_i_fu_56             |  14|   0|   14|          0|
    |tmp_s_reg_199                     |  14|   0|   16|          2|
    |tmp_s_reg_199                     |  64|  32|   16|          2|
    +----------------------------------+----+----+-----+-----------+
    |Total                             | 100|  32|   54|          4|
    +----------------------------------+----+----+-----+-----------+



================================================================
== Interface
================================================================
* Summary: 
+-----------------+-----+-----+------------+---------------------+--------------+
|    RTL Ports    | Dir | Bits|  Protocol  |    Source Object    |    C Type    |
+-----------------+-----+-----+------------+---------------------+--------------+
|ap_clk           |   in|    1|  ap_ctrl_hs|  compute_Pipeline_30|  return value|
|ap_rst           |   in|    1|  ap_ctrl_hs|  compute_Pipeline_30|  return value|
|ap_start         |   in|    1|  ap_ctrl_hs|  compute_Pipeline_30|  return value|
|ap_done          |  out|    1|  ap_ctrl_hs|  compute_Pipeline_30|  return value|
|ap_idle          |  out|    1|  ap_ctrl_hs|  compute_Pipeline_30|  return value|
|ap_ready         |  out|    1|  ap_ctrl_hs|  compute_Pipeline_30|  return value|
|solver_address0  |  out|   10|   ap_memory|               solver|         array|
|solver_ce0       |  out|    1|   ap_memory|               solver|         array|
|solver_we0       |  out|   56|   ap_memory|               solver|         array|
|solver_d0        |  out|  448|   ap_memory|               solver|         array|
+-----------------+-----+-----+------------+---------------------+--------------+

