

================================================================
== Vitis HLS Report for 'compute_Pipeline_56'
================================================================
* Date:           Sun Feb  5 17:05:47 2023

* Version:        2022.1 (Build 3526262 on Mon Apr 18 15:47:01 MDT 2022)
* Project:        hls_EstimateMotion
* Solution:       solution1 (Vivado IP Flow Target)
* Product family: virtexuplus
* Target device:  xcu50-fsvh2104-2L-e


================================================================
== Performance Estimates
================================================================
+ Timing: 
    * Summary: 
    +--------+----------+----------+------------+
    |  Clock |  Target  | Estimated| Uncertainty|
    +--------+----------+----------+------------+
    |ap_clk  |  60.00 ns|  8.338 ns|    16.20 ns|
    +--------+----------+----------+------------+

+ Latency: 
    * Summary: 
    +---------+---------+----------+----------+-----+-----+---------+
    |  Latency (cycles) |  Latency (absolute) |  Interval | Pipeline|
    |   min   |   max   |    min   |    max   | min | max |   Type  |
    +---------+---------+----------+----------+-----+-----+---------+
    |        4|        ?|  0.240 us|         ?|    4|    ?|       no|
    +---------+---------+----------+----------+-----+-----+---------+

    + Detail: 
        * Instance: 
        N/A

        * Loop: 
        +----------+---------+---------+----------+-----------+-----------+-------+----------+
        |          |  Latency (cycles) | Iteration|  Initiation Interval  |  Trip |          |
        | Loop Name|   min   |   max   |  Latency |  achieved |   target  | Count | Pipelined|
        +----------+---------+---------+----------+-----------+-----------+-------+----------+
        |- Loop 1  |        2|        ?|         2|          1|          1|  1 ~ ?|       yes|
        +----------+---------+---------+----------+-----------+-----------+-------+----------+



================================================================
== Utilization Estimates
================================================================
* Summary: 
+---------------------+---------+------+---------+--------+-----+
|         Name        | BRAM_18K|  DSP |    FF   |   LUT  | URAM|
+---------------------+---------+------+---------+--------+-----+
|DSP                  |        -|     -|        -|       -|    -|
|Expression           |        -|     -|        0|    3309|    -|
|FIFO                 |        -|     -|        -|       -|    -|
|Instance             |        -|    15|        0|      50|    -|
|Memory               |        -|     -|        -|       -|    -|
|Multiplexer          |        -|     -|        -|      45|    -|
|Register             |        -|     -|      213|       -|    -|
+---------------------+---------+------+---------+--------+-----+
|Total                |        0|    15|      213|    3404|    0|
+---------------------+---------+------+---------+--------+-----+
|Available SLR        |     1344|  2976|   871680|  435840|  320|
+---------------------+---------+------+---------+--------+-----+
|Utilization SLR (%)  |        0|    ~0|       ~0|      ~0|    0|
+---------------------+---------+------+---------+--------+-----+
|Available            |     2688|  5952|  1743360|  871680|  640|
+---------------------+---------+------+---------+--------+-----+
|Utilization (%)      |        0|    ~0|       ~0|      ~0|    0|
+---------------------+---------+------+---------+--------+-----+

+ Detail: 
    * Instance: 
    +-----------------------------+-----------------------+---------+----+---+----+-----+
    |           Instance          |         Module        | BRAM_18K| DSP| FF| LUT| URAM|
    +-----------------------------+-----------------------+---------+----+---+----+-----+
    |mul_64ns_66ns_129_1_1_U4712  |mul_64ns_66ns_129_1_1  |        0|  15|  0|  50|    0|
    +-----------------------------+-----------------------+---------+----+---+----+-----+
    |Total                        |                       |        0|  15|  0|  50|    0|
    +-----------------------------+-----------------------+---------+----+---+----+-----+

    * DSP: 
    N/A

    * Memory: 
    N/A

    * FIFO: 
    N/A

    * Expression: 
    +----------------------+----------+----+---+------+------------+------------+
    |     Variable Name    | Operation| DSP| FF|  LUT | Bitwidth P0| Bitwidth P1|
    +----------------------+----------+----+---+------+------------+------------+
    |empty_1626_fu_177_p2  |         +|   0|  0|    64|          64|          64|
    |empty_1628_fu_243_p2  |         +|   0|  0|    64|          64|          64|
    |empty_1632_fu_259_p2  |         +|   0|  0|    16|          16|          16|
    |empty_1633_fu_322_p2  |         +|   0|  0|    12|           5|           5|
    |empty_1636_fu_274_p2  |         +|   0|  0|    71|          64|           1|
    |tmp203_fu_171_p2      |         +|   0|  0|    64|          64|          17|
    |tmp204_fu_253_p2      |         +|   0|  0|    16|          16|          15|
    |empty_1627_fu_237_p2  |         -|   0|  0|    64|          64|          64|
    |exitcond_fu_280_p2    |      icmp|   0|  0|    29|          64|          64|
    |empty_1629_fu_301_p2  |      lshr|   0|  0|  1865|         448|         448|
    |em_d0                 |       shl|   0|  0|   950|         256|         256|
    |empty_1634_fu_331_p2  |       shl|   0|  0|    92|           8|          32|
    |ap_enable_pp0         |       xor|   0|  0|     2|           1|           2|
    +----------------------+----------+----+---+------+------------+------------+
    |Total                 |          |   0|  0|  3309|        1134|        1048|
    +----------------------+----------+----+---+------+------------+------------+

    * Multiplexer: 
    +----------------------------------+----+-----------+-----+-----------+
    |               Name               | LUT| Input Size| Bits| Total Bits|
    +----------------------------------+----+-----------+-----+-----------+
    |ap_done_int                       |   9|          2|    1|          2|
    |ap_enable_reg_pp0_iter1           |   9|          2|    1|          2|
    |ap_loop_exit_ready_pp0_iter2_reg  |   9|          2|    1|          2|
    |em_we0                            |   9|          2|   32|         64|
    |loop_index_i745_fu_84             |   9|          2|   64|        128|
    +----------------------------------+----+-----------+-----+-----------+
    |Total                             |  45|         10|   99|        198|
    +----------------------------------+----+-----------+-----+-----------+

    * Register: 
    +----------------------------------+----+----+-----+-----------+
    |               Name               | FF | LUT| Bits| Const Bits|
    +----------------------------------+----+----+-----+-----------+
    |ap_CS_fsm                         |   1|   0|    1|          0|
    |ap_done_reg                       |   1|   0|    1|          0|
    |ap_enable_reg_pp0_iter1           |   1|   0|    1|          0|
    |ap_enable_reg_pp0_iter2           |   1|   0|    1|          0|
    |ap_loop_exit_ready_pp0_iter2_reg  |   1|   0|    1|          0|
    |conv_i737_cast_reg_378            |  32|   0|   64|         32|
    |empty_1628_reg_393                |  64|   0|   64|          0|
    |empty_1631_reg_398                |   2|   0|    2|          0|
    |loop_index_i745_fu_84             |  64|   0|   64|          0|
    |p_cast851_cast_reg_383            |  35|   0|   64|         29|
    |tmp_2003_reg_403                  |  11|   0|   11|          0|
    +----------------------------------+----+----+-----+-----------+
    |Total                             | 213|   0|  274|         61|
    +----------------------------------+----+----+-----+-----------+



================================================================
== Interface
================================================================
* Summary: 
+-------------------+-----+-----+------------+---------------------+--------------+
|     RTL Ports     | Dir | Bits|  Protocol  |    Source Object    |    C Type    |
+-------------------+-----+-----+------------+---------------------+--------------+
|ap_clk             |   in|    1|  ap_ctrl_hs|  compute_Pipeline_56|  return value|
|ap_rst             |   in|    1|  ap_ctrl_hs|  compute_Pipeline_56|  return value|
|ap_start           |   in|    1|  ap_ctrl_hs|  compute_Pipeline_56|  return value|
|ap_done            |  out|    1|  ap_ctrl_hs|  compute_Pipeline_56|  return value|
|ap_idle            |  out|    1|  ap_ctrl_hs|  compute_Pipeline_56|  return value|
|ap_ready           |  out|    1|  ap_ctrl_hs|  compute_Pipeline_56|  return value|
|p_cast851          |   in|   35|     ap_none|            p_cast851|        scalar|
|pnp_iter_address0  |  out|   13|   ap_memory|             pnp_iter|         array|
|pnp_iter_ce0       |  out|    1|   ap_memory|             pnp_iter|         array|
|pnp_iter_q0        |   in|  448|   ap_memory|             pnp_iter|         array|
|p_cast320          |   in|   16|     ap_none|            p_cast320|        scalar|
|p_cast321          |   in|    5|     ap_none|            p_cast321|        scalar|
|em_address0        |  out|   11|   ap_memory|                   em|         array|
|em_ce0             |  out|    1|   ap_memory|                   em|         array|
|em_we0             |  out|   32|   ap_memory|                   em|         array|
|em_d0              |  out|  256|   ap_memory|                   em|         array|
|conv_i737          |   in|   32|     ap_none|            conv_i737|        scalar|
+-------------------+-----+-----+------------+---------------------+--------------+

