

================================================================
== Vitis HLS Report for 'compute_Pipeline_VITIS_LOOP_114_1'
================================================================
* Date:           Sun Feb  5 17:01:19 2023

* Version:        2022.1 (Build 3526262 on Mon Apr 18 15:47:01 MDT 2022)
* Project:        hls_EstimateMotion
* Solution:       solution1 (Vivado IP Flow Target)
* Product family: virtexuplus
* Target device:  xcu50-fsvh2104-2L-e


================================================================
== Performance Estimates
================================================================
+ Timing: 
    * Summary: 
    +--------+----------+----------+------------+
    |  Clock |  Target  | Estimated| Uncertainty|
    +--------+----------+----------+------------+
    |ap_clk  |  60.00 ns|  4.670 ns|    16.20 ns|
    +--------+----------+----------+------------+

+ Latency: 
    * Summary: 
    +---------+---------+----------+----------+-----+-----+---------+
    |  Latency (cycles) |  Latency (absolute) |  Interval | Pipeline|
    |   min   |   max   |    min   |    max   | min | max |   Type  |
    +---------+---------+----------+----------+-----+-----+---------+
    |        7|        7|  0.420 us|  0.420 us|    7|    7|       no|
    +---------+---------+----------+----------+-----+-----+---------+

    + Detail: 
        * Instance: 
        N/A

        * Loop: 
        +--------------------+---------+---------+----------+-----------+-----------+------+----------+
        |                    |  Latency (cycles) | Iteration|  Initiation Interval  | Trip |          |
        |      Loop Name     |   min   |   max   |  Latency |  achieved |   target  | Count| Pipelined|
        +--------------------+---------+---------+----------+-----------+-----------+------+----------+
        |- VITIS_LOOP_114_1  |        5|        5|         4|          1|          1|     3|       yes|
        +--------------------+---------+---------+----------+-----------+-----------+------+----------+



================================================================
== Utilization Estimates
================================================================
* Summary: 
+---------------------+---------+------+---------+--------+-----+
|         Name        | BRAM_18K|  DSP |    FF   |   LUT  | URAM|
+---------------------+---------+------+---------+--------+-----+
|DSP                  |        -|     1|        -|       -|    -|
|Expression           |        -|     -|        0|    1757|    -|
|FIFO                 |        -|     -|        -|       -|    -|
|Instance             |        -|     -|        -|       -|    -|
|Memory               |        -|     -|        -|       -|    -|
|Multiplexer          |        -|     -|        -|      45|    -|
|Register             |        -|     -|      141|      64|    -|
+---------------------+---------+------+---------+--------+-----+
|Total                |        0|     1|      141|    1866|    0|
+---------------------+---------+------+---------+--------+-----+
|Available SLR        |     1344|  2976|   871680|  435840|  320|
+---------------------+---------+------+---------+--------+-----+
|Utilization SLR (%)  |        0|    ~0|       ~0|      ~0|    0|
+---------------------+---------+------+---------+--------+-----+
|Available            |     2688|  5952|  1743360|  871680|  640|
+---------------------+---------+------+---------+--------+-----+
|Utilization (%)      |        0|    ~0|       ~0|      ~0|    0|
+---------------------+---------+------+---------+--------+-----+

+ Detail: 
    * Instance: 
    N/A

    * DSP: 
    +--------------------------------+--------------------------+-----------+
    |            Instance            |          Module          | Expression|
    +--------------------------------+--------------------------+-----------+
    |mul_mul_17ns_18ns_35_4_1_U3355  |mul_mul_17ns_18ns_35_4_1  |    i0 * i1|
    +--------------------------------+--------------------------+-----------+

    * Memory: 
    N/A

    * FIFO: 
    N/A

    * Expression: 
    +-----------------------+----------+----+---+-----+------------+------------+
    |     Variable Name     | Operation| DSP| FF| LUT | Bitwidth P0| Bitwidth P1|
    +-----------------------+----------+----+---+-----+------------+------------+
    |add_ln114_3_fu_92_p2   |         +|   0|  0|    9|           2|           1|
    |empty_1606_fu_110_p2   |         +|   0|  0|   20|          13|          13|
    |empty_1607_fu_190_p2   |         +|   0|  0|   10|           5|           5|
    |p_cast260_fu_150_p2    |         +|   0|  0|   10|           5|           5|
    |icmp_ln114_4_fu_86_p2  |      icmp|   0|  0|    8|           2|           2|
    |empty_1604_fu_140_p2   |      lshr|   0|  0|  950|         225|         256|
    |empty_1608_fu_199_p2   |       shl|   0|  0|   62|           8|          24|
    |empty_1609_fu_222_p2   |       shl|   0|  0|  686|         192|         192|
    |ap_enable_pp0          |       xor|   0|  0|    2|           1|           2|
    +-----------------------+----------+----+---+-----+------------+------------+
    |Total                  |          |   0|  0| 1757|         453|         500|
    +-----------------------+----------+----+---+-----+------------+------------+

    * Multiplexer: 
    +-------------------------+----+-----------+-----+-----------+
    |           Name          | LUT| Input Size| Bits| Total Bits|
    +-------------------------+----+-----------+-----+-----------+
    |ap_done_int              |   9|          2|    1|          2|
    |ap_enable_reg_pp0_iter1  |   9|          2|    1|          2|
    |ap_sig_allocacmp_i       |   9|          2|    2|          4|
    |i_39_fu_62               |   9|          2|    2|          4|
    |pnp_iter_we0             |   9|          2|   24|         48|
    +-------------------------+----+-----------+-----+-----------+
    |Total                    |  45|         10|   30|         60|
    +-------------------------+----+-----------+-----+-----------+

    * Register: 
    +----------------------------------+----+----+-----+-----------+
    |               Name               | FF | LUT| Bits| Const Bits|
    +----------------------------------+----+----+-----+-----------+
    |ap_CS_fsm                         |   1|   0|    1|          0|
    |ap_done_reg                       |   1|   0|    1|          0|
    |ap_enable_reg_pp0_iter1           |   1|   0|    1|          0|
    |ap_enable_reg_pp0_iter2           |   1|   0|    1|          0|
    |ap_enable_reg_pp0_iter3           |   1|   0|    1|          0|
    |ap_loop_exit_ready_pp0_iter1_reg  |   1|   0|    1|          0|
    |ap_loop_exit_ready_pp0_iter2_reg  |   1|   0|    1|          0|
    |i_39_fu_62                        |   2|   0|    2|          0|
    |i_reg_248                         |   2|   0|    2|          0|
    |tmp_s_reg_257                     |   2|   0|    5|          3|
    |i_reg_248                         |  64|  32|    2|          0|
    |tmp_s_reg_257                     |  64|  32|    5|          3|
    +----------------------------------+----+----+-----+-----------+
    |Total                             | 141|  64|   23|          6|
    +----------------------------------+----+----+-----+-----------+



================================================================
== Interface
================================================================
* Summary: 
+-------------------+-----+-----+------------+-----------------------------------+--------------+
|     RTL Ports     | Dir | Bits|  Protocol  |           Source Object           |    C Type    |
+-------------------+-----+-----+------------+-----------------------------------+--------------+
|ap_clk             |   in|    1|  ap_ctrl_hs|  compute_Pipeline_VITIS_LOOP_114_1|  return value|
|ap_rst             |   in|    1|  ap_ctrl_hs|  compute_Pipeline_VITIS_LOOP_114_1|  return value|
|ap_start           |   in|    1|  ap_ctrl_hs|  compute_Pipeline_VITIS_LOOP_114_1|  return value|
|ap_done            |  out|    1|  ap_ctrl_hs|  compute_Pipeline_VITIS_LOOP_114_1|  return value|
|ap_idle            |  out|    1|  ap_ctrl_hs|  compute_Pipeline_VITIS_LOOP_114_1|  return value|
|ap_ready           |  out|    1|  ap_ctrl_hs|  compute_Pipeline_VITIS_LOOP_114_1|  return value|
|pnp_iter_address0  |  out|   13|   ap_memory|                           pnp_iter|         array|
|pnp_iter_ce0       |  out|    1|   ap_memory|                           pnp_iter|         array|
|pnp_iter_we0       |  out|   56|   ap_memory|                           pnp_iter|         array|
|pnp_iter_d0        |  out|  448|   ap_memory|                           pnp_iter|         array|
+-------------------+-----+-----+------------+-----------------------------------+--------------+

