

================================================================
== Vitis HLS Report for 'compute_Pipeline_VITIS_LOOP_144_221'
================================================================
* Date:           Sun Feb  5 17:02:29 2023

* Version:        2022.1 (Build 3526262 on Mon Apr 18 15:47:01 MDT 2022)
* Project:        hls_EstimateMotion
* Solution:       solution1 (Vivado IP Flow Target)
* Product family: virtexuplus
* Target device:  xcu50-fsvh2104-2L-e


================================================================
== Performance Estimates
================================================================
+ Timing: 
    * Summary: 
    +--------+----------+-----------+------------+
    |  Clock |  Target  | Estimated | Uncertainty|
    +--------+----------+-----------+------------+
    |ap_clk  |  60.00 ns|  41.761 ns|    16.20 ns|
    +--------+----------+-----------+------------+

+ Latency: 
    * Summary: 
    +---------+---------+----------+----------+-----+-----+---------+
    |  Latency (cycles) |  Latency (absolute) |  Interval | Pipeline|
    |   min   |   max   |    min   |    max   | min | max |   Type  |
    +---------+---------+----------+----------+-----+-----+---------+
    |        ?|        ?|         ?|         ?|    ?|    ?|       no|
    +---------+---------+----------+----------+-----+-----+---------+

    + Detail: 
        * Instance: 
        N/A

        * Loop: 
        +--------------------+---------+---------+----------+-----------+-----------+------+----------+
        |                    |  Latency (cycles) | Iteration|  Initiation Interval  | Trip |          |
        |      Loop Name     |   min   |   max   |  Latency |  achieved |   target  | Count| Pipelined|
        +--------------------+---------+---------+----------+-----------+-----------+------+----------+
        |- VITIS_LOOP_144_2  |        ?|        ?|         3|          1|          1|     ?|       yes|
        +--------------------+---------+---------+----------+-----------+-----------+------+----------+



================================================================
== Utilization Estimates
================================================================
* Summary: 
+---------------------+---------+------+---------+--------+-----+
|         Name        | BRAM_18K|  DSP |    FF   |   LUT  | URAM|
+---------------------+---------+------+---------+--------+-----+
|DSP                  |        -|     -|        -|       -|    -|
|Expression           |        -|     -|        0|    3469|    -|
|FIFO                 |        -|     -|        -|       -|    -|
|Instance             |        -|    12|        0|     133|    -|
|Memory               |        -|     -|        -|       -|    -|
|Multiplexer          |        -|     -|        -|      45|    -|
|Register             |        -|     -|      532|       -|    -|
+---------------------+---------+------+---------+--------+-----+
|Total                |        0|    12|      532|    3647|    0|
+---------------------+---------+------+---------+--------+-----+
|Available SLR        |     1344|  2976|   871680|  435840|  320|
+---------------------+---------+------+---------+--------+-----+
|Utilization SLR (%)  |        0|    ~0|       ~0|      ~0|    0|
+---------------------+---------+------+---------+--------+-----+
|Available            |     2688|  5952|  1743360|  871680|  640|
+---------------------+---------+------+---------+--------+-----+
|Utilization (%)      |        0|    ~0|       ~0|      ~0|    0|
+---------------------+---------+------+---------+--------+-----+

+ Detail: 
    * Instance: 
    +-------------------------------------+-------------------------------+---------+----+---+-----+-----+
    |               Instance              |             Module            | BRAM_18K| DSP| FF| LUT | URAM|
    +-------------------------------------+-------------------------------+---------+----+---+-----+-----+
    |dmul_64ns_64ns_64_1_max_dsp_1_U3754  |dmul_64ns_64ns_64_1_max_dsp_1  |        0|   8|  0|  106|    0|
    |mul_37ns_39ns_74_1_1_U3755           |mul_37ns_39ns_74_1_1           |        0|   4|  0|   27|    0|
    +-------------------------------------+-------------------------------+---------+----+---+-----+-----+
    |Total                                |                               |        0|  12|  0|  133|    0|
    +-------------------------------------+-------------------------------+---------+----+---+-----+-----+

    * DSP: 
    N/A

    * Memory: 
    N/A

    * FIFO: 
    N/A

    * Expression: 
    +----------------------------+----------+----+---+------+------------+------------+
    |        Variable Name       | Operation| DSP| FF|  LUT | Bitwidth P0| Bitwidth P1|
    +----------------------------+----------+----+---+------+------------+------------+
    |add_ln144_fu_341_p2         |         +|   0|  0|    39|          32|           1|
    |add_ln145_1_fu_369_p2       |         +|   0|  0|    44|          37|          37|
    |add_ln145_2_fu_446_p2       |         +|   0|  0|    43|          36|          36|
    |add_ln145_3_fu_452_p2       |         +|   0|  0|    39|          32|          32|
    |add_ln145_fu_359_p2         |         +|   0|  0|    43|          36|          17|
    |newSecond_fu_434_p2         |         +|   0|  0|    38|          38|          38|
    |newFirst_fu_428_p2          |         -|   0|  0|    38|          38|          38|
    |icmp_ln144_fu_335_p2        |      icmp|   0|  0|    20|          32|          32|
    |lshr_ln145_fu_478_p2        |      lshr|   0|  0|  1865|         448|         448|
    |select_ln145_10_fu_897_p3   |    select|   0|  0|     8|           1|           8|
    |select_ln145_11_fu_933_p3   |    select|   0|  0|     8|           1|           8|
    |select_ln145_12_fu_969_p3   |    select|   0|  0|     8|           1|           8|
    |select_ln145_13_fu_1005_p3  |    select|   0|  0|     8|           1|           8|
    |select_ln145_14_fu_1041_p3  |    select|   0|  0|     8|           1|           8|
    |select_ln145_15_fu_1077_p3  |    select|   0|  0|     8|           1|           8|
    |select_ln145_16_fu_1113_p3  |    select|   0|  0|     8|           1|           8|
    |select_ln145_17_fu_1149_p3  |    select|   0|  0|     8|           1|           8|
    |select_ln145_18_fu_1185_p3  |    select|   0|  0|     8|           1|           8|
    |select_ln145_19_fu_1221_p3  |    select|   0|  0|     8|           1|           8|
    |select_ln145_1_fu_573_p3    |    select|   0|  0|     8|           1|           8|
    |select_ln145_20_fu_1257_p3  |    select|   0|  0|     8|           1|           8|
    |select_ln145_21_fu_1293_p3  |    select|   0|  0|     8|           1|           8|
    |select_ln145_22_fu_1329_p3  |    select|   0|  0|     8|           1|           8|
    |select_ln145_23_fu_1365_p3  |    select|   0|  0|     8|           1|           8|
    |select_ln145_24_fu_1401_p3  |    select|   0|  0|     8|           1|           8|
    |select_ln145_25_fu_1437_p3  |    select|   0|  0|     8|           1|           8|
    |select_ln145_26_fu_1473_p3  |    select|   0|  0|     8|           1|           8|
    |select_ln145_27_fu_1509_p3  |    select|   0|  0|     8|           1|           8|
    |select_ln145_28_fu_1545_p3  |    select|   0|  0|     8|           1|           8|
    |select_ln145_29_fu_1581_p3  |    select|   0|  0|     8|           1|           8|
    |select_ln145_2_fu_609_p3    |    select|   0|  0|     8|           1|           8|
    |select_ln145_30_fu_1617_p3  |    select|   0|  0|     8|           1|           8|
    |select_ln145_31_fu_1653_p3  |    select|   0|  0|     8|           1|           8|
    |select_ln145_3_fu_645_p3    |    select|   0|  0|     8|           1|           8|
    |select_ln145_4_fu_681_p3    |    select|   0|  0|     8|           1|           8|
    |select_ln145_5_fu_717_p3    |    select|   0|  0|     8|           1|           8|
    |select_ln145_6_fu_753_p3    |    select|   0|  0|     8|           1|           8|
    |select_ln145_7_fu_789_p3    |    select|   0|  0|     8|           1|           8|
    |select_ln145_8_fu_825_p3    |    select|   0|  0|     8|           1|           8|
    |select_ln145_9_fu_861_p3    |    select|   0|  0|     8|           1|           8|
    |select_ln145_fu_537_p3      |    select|   0|  0|     8|           1|           8|
    |shl_ln145_2_fu_503_p2       |       shl|   0|  0|    92|           8|          32|
    |shl_ln145_4_fu_519_p2       |       shl|   0|  0|   950|         256|         256|
    |ap_enable_pp0               |       xor|   0|  0|     2|           1|           2|
    +----------------------------+----------+----+---+------+------------+------------+
    |Total                       |          |   0|  0|  3469|        1026|        1225|
    +----------------------------+----------+----+---+------+------------+------------+

    * Multiplexer: 
    +-------------------------+----+-----------+-----+-----------+
    |           Name          | LUT| Input Size| Bits| Total Bits|
    +-------------------------+----+-----------+-----+-----------+
    |C_fu_250                 |   9|          2|  256|        512|
    |ap_done_int              |   9|          2|    1|          2|
    |ap_enable_reg_pp0_iter1  |   9|          2|    1|          2|
    |ap_sig_allocacmp_j       |   9|          2|   32|         64|
    |j_26_fu_246              |   9|          2|   32|         64|
    +-------------------------+----+-----------+-----+-----------+
    |Total                    |  45|         10|  322|        644|
    +-------------------------+----+-----------+-----+-----------+

    * Register: 
    +------------------------------------+-----+----+-----+-----------+
    |                Name                |  FF | LUT| Bits| Const Bits|
    +------------------------------------+-----+----+-----+-----------+
    |C_fu_250                            |  256|   0|  256|          0|
    |add_ln145_2_reg_1772                |   36|   0|   36|          0|
    |add_ln145_2_reg_1772_pp0_iter1_reg  |   36|   0|   36|          0|
    |add_ln145_3_reg_1777                |   32|   0|   32|          0|
    |add_ln145_3_reg_1777_pp0_iter1_reg  |   32|   0|   32|          0|
    |ap_CS_fsm                           |    1|   0|    1|          0|
    |ap_done_reg                         |    1|   0|    1|          0|
    |ap_enable_reg_pp0_iter1             |    1|   0|    1|          0|
    |ap_enable_reg_pp0_iter2             |    1|   0|    1|          0|
    |ap_loop_exit_ready_pp0_iter1_reg    |    1|   0|    1|          0|
    |icmp_ln144_reg_1758                 |    1|   0|    1|          0|
    |j_26_fu_246                         |   32|   0|   32|          0|
    |newSecond_reg_1767                  |   38|   0|   38|          0|
    |trunc_ln145_reg_1782                |   64|   0|   64|          0|
    +------------------------------------+-----+----+-----+-----------+
    |Total                               |  532|   0|  532|          0|
    +------------------------------------+-----+----+-----+-----------+



================================================================
== Interface
================================================================
* Summary: 
+-------------------+-----+-----+------------+-------------------------------------+--------------+
|     RTL Ports     | Dir | Bits|  Protocol  |            Source Object            |    C Type    |
+-------------------+-----+-----+------------+-------------------------------------+--------------+
|ap_clk             |   in|    1|  ap_ctrl_hs|  compute_Pipeline_VITIS_LOOP_144_221|  return value|
|ap_rst             |   in|    1|  ap_ctrl_hs|  compute_Pipeline_VITIS_LOOP_144_221|  return value|
|ap_start           |   in|    1|  ap_ctrl_hs|  compute_Pipeline_VITIS_LOOP_144_221|  return value|
|ap_done            |  out|    1|  ap_ctrl_hs|  compute_Pipeline_VITIS_LOOP_144_221|  return value|
|ap_idle            |  out|    1|  ap_ctrl_hs|  compute_Pipeline_VITIS_LOOP_144_221|  return value|
|ap_ready           |  out|    1|  ap_ctrl_hs|  compute_Pipeline_VITIS_LOOP_144_221|  return value|
|C_10               |   in|  256|     ap_none|                                 C_10|        scalar|
|p_cast282          |   in|   32|     ap_none|                            p_cast282|        scalar|
|zext_ln145_24      |   in|   35|     ap_none|                        zext_ln145_24|        scalar|
|pnp_iter_address0  |  out|   13|   ap_memory|                             pnp_iter|         array|
|pnp_iter_ce0       |  out|    1|   ap_memory|                             pnp_iter|         array|
|pnp_iter_q0        |   in|  448|   ap_memory|                             pnp_iter|         array|
|div1               |   in|   64|     ap_none|                                 div1|        scalar|
|zext_ln145_23      |   in|   35|     ap_none|                        zext_ln145_23|        scalar|
|trunc_ln145_69     |   in|   32|     ap_none|                       trunc_ln145_69|        scalar|
|C_11_out           |  out|  256|      ap_vld|                             C_11_out|       pointer|
|C_11_out_ap_vld    |  out|    1|      ap_vld|                             C_11_out|       pointer|
+-------------------+-----+-----+------------+-------------------------------------+--------------+

