

================================================================
== Vitis HLS Report for 'compute_R_and_t_Pipeline_VITIS_LOOP_347_9_VITIS_LOOP_349_10'
================================================================
* Date:           Sun Feb  5 16:56:10 2023

* Version:        2022.1 (Build 3526262 on Mon Apr 18 15:47:01 MDT 2022)
* Project:        hls_EstimateMotion
* Solution:       solution1 (Vivado IP Flow Target)
* Product family: virtexuplus
* Target device:  xcu50-fsvh2104-2L-e


================================================================
== Performance Estimates
================================================================
+ Timing: 
    * Summary: 
    +--------+----------+-----------+------------+
    |  Clock |  Target  | Estimated | Uncertainty|
    +--------+----------+-----------+------------+
    |ap_clk  |  60.00 ns|  38.409 ns|    16.20 ns|
    +--------+----------+-----------+------------+

+ Latency: 
    * Summary: 
    +---------+---------+----------+----------+-----+-----+---------+
    |  Latency (cycles) |  Latency (absolute) |  Interval | Pipeline|
    |   min   |   max   |    min   |    max   | min | max |   Type  |
    +---------+---------+----------+----------+-----+-----+---------+
    |       20|       20|  1.200 us|  1.200 us|   20|   20|       no|
    +---------+---------+----------+----------+-----+-----+---------+

    + Detail: 
        * Instance: 
        N/A

        * Loop: 
        +--------------------------------------+---------+---------+----------+-----------+-----------+------+----------+
        |                                      |  Latency (cycles) | Iteration|  Initiation Interval  | Trip |          |
        |               Loop Name              |   min   |   max   |  Latency |  achieved |   target  | Count| Pipelined|
        +--------------------------------------+---------+---------+----------+-----------+-----------+------+----------+
        |- VITIS_LOOP_347_9_VITIS_LOOP_349_10  |       18|       18|         5|          1|          1|    15|       yes|
        +--------------------------------------+---------+---------+----------+-----------+-----------+------+----------+



================================================================
== Utilization Estimates
================================================================
* Summary: 
+---------------------+---------+------+---------+--------+-----+
|         Name        | BRAM_18K|  DSP |    FF   |   LUT  | URAM|
+---------------------+---------+------+---------+--------+-----+
|DSP                  |        -|     1|        -|       -|    -|
|Expression           |        -|     -|        0|    3947|    -|
|FIFO                 |        -|     -|        -|       -|    -|
|Instance             |        -|     6|        0|    1506|    -|
|Memory               |        -|     -|        -|       -|    -|
|Multiplexer          |        -|     -|        -|     180|    -|
|Register             |        -|     -|     1130|     160|    -|
+---------------------+---------+------+---------+--------+-----+
|Total                |        0|     7|     1130|    5793|    0|
+---------------------+---------+------+---------+--------+-----+
|Available SLR        |     1344|  2976|   871680|  435840|  320|
+---------------------+---------+------+---------+--------+-----+
|Utilization SLR (%)  |        0|    ~0|       ~0|       1|    0|
+---------------------+---------+------+---------+--------+-----+
|Available            |     2688|  5952|  1743360|  871680|  640|
+---------------------+---------+------+---------+--------+-----+
|Utilization (%)      |        0|    ~0|       ~0|      ~0|    0|
+---------------------+---------+------+---------+--------+-----+

+ Detail: 
    * Instance: 
    +--------------------------------------+--------------------------------+---------+----+---+-----+-----+
    |               Instance               |             Module             | BRAM_18K| DSP| FF| LUT | URAM|
    +--------------------------------------+--------------------------------+---------+----+---+-----+-----+
    |dadd_64ns_64ns_64_1_full_dsp_1_U1637  |dadd_64ns_64ns_64_1_full_dsp_1  |        0|   3|  0|  708|    0|
    |dadd_64ns_64ns_64_1_full_dsp_1_U1638  |dadd_64ns_64ns_64_1_full_dsp_1  |        0|   3|  0|  708|    0|
    |mul_8ns_10ns_17_1_1_U1639             |mul_8ns_10ns_17_1_1             |        0|   0|  0|   62|    0|
    |mux_32_64_1_1_U1640                   |mux_32_64_1_1                   |        0|   0|  0|   14|    0|
    |mux_32_64_1_1_U1641                   |mux_32_64_1_1                   |        0|   0|  0|   14|    0|
    +--------------------------------------+--------------------------------+---------+----+---+-----+-----+
    |Total                                 |                                |        0|   6|  0| 1506|    0|
    +--------------------------------------+--------------------------------+---------+----+---+-----+-----+

    * DSP: 
    +-------------------------------+-------------------------+-----------+
    |            Instance           |          Module         | Expression|
    +-------------------------------+-------------------------+-----------+
    |mul_mul_9ns_10ns_19_4_1_U1642  |mul_mul_9ns_10ns_19_4_1  |    i0 * i1|
    +-------------------------------+-------------------------+-----------+

    * Memory: 
    N/A

    * FIFO: 
    N/A

    * Expression: 
    +--------------------------+----------+----+---+------+------------+------------+
    |       Variable Name      | Operation| DSP| FF|  LUT | Bitwidth P0| Bitwidth P1|
    +--------------------------+----------+----+---+------+------------+------------+
    |add_ln347_1_fu_412_p2     |         +|   0|  0|    12|           4|           1|
    |add_ln347_fu_421_p2       |         +|   0|  0|    10|           3|           1|
    |add_ln349_fu_611_p2       |         +|   0|  0|     9|           2|           1|
    |add_ln351_1_fu_681_p2     |         +|   0|  0|    18|           9|           9|
    |add_ln351_fu_505_p2       |         +|   0|  0|    16|           9|           9|
    |add_ln352_1_fu_539_p2     |         +|   0|  0|    15|           8|           8|
    |add_ln352_fu_533_p2       |         +|   0|  0|    16|           9|           9|
    |newFirst_fu_599_p2        |         +|   0|  0|    18|           9|           9|
    |newSecond_fu_605_p2       |         -|   0|  0|    18|           9|           9|
    |sub_ln351_1_fu_675_p2     |         -|   0|  0|    18|           9|           9|
    |sub_ln351_2_fu_465_p2     |         -|   0|  0|    16|           9|           9|
    |sub_ln351_fu_400_p2       |         -|   0|  0|    16|           9|           9|
    |ap_condition_609          |       and|   0|  0|     2|           1|           1|
    |icmp_ln347_fu_406_p2      |      icmp|   0|  0|     9|           4|           2|
    |icmp_ln349_fu_427_p2      |      icmp|   0|  0|     8|           2|           2|
    |lshr_ln351_fu_714_p2      |      lshr|   0|  0|  1865|         448|         448|
    |lshr_ln352_fu_795_p2      |      lshr|   0|  0|  1865|         448|         448|
    |select_ln347_1_fu_471_p3  |    select|   0|  0|     9|           1|           9|
    |select_ln347_2_fu_483_p3  |    select|   0|  0|     3|           1|           3|
    |select_ln347_fu_433_p3    |    select|   0|  0|     2|           1|           1|
    |ap_enable_pp0             |       xor|   0|  0|     2|           1|           2|
    +--------------------------+----------+----+---+------+------------+------------+
    |Total                     |          |   0|  0|  3947|         996|         999|
    +--------------------------+----------+----+---+------+------------+------------+

    * Multiplexer: 
    +----------------------------------------+----+-----------+-----+-----------+
    |                  Name                  | LUT| Input Size| Bits| Total Bits|
    +----------------------------------------+----+-----------+-----+-----------+
    |ap_done_int                             |   9|          2|    1|          2|
    |ap_enable_reg_pp0_iter1                 |   9|          2|    1|          2|
    |ap_sig_allocacmp_i                      |   9|          2|    3|          6|
    |ap_sig_allocacmp_indvar_flatten32_load  |   9|          2|    4|          8|
    |ap_sig_allocacmp_j_load                 |   9|          2|    2|          4|
    |i_151_fu_122                            |   9|          2|    3|          6|
    |indvar_flatten32_fu_126                 |   9|          2|    4|          8|
    |j_fu_118                                |   9|          2|    2|          4|
    |pc0_1_10_fu_154                         |   9|          2|   64|        128|
    |pc0_1_11_fu_162                         |   9|          2|   64|        128|
    |pc0_1_1_fu_158                          |   9|          2|   64|        128|
    |pc0_1_8_fu_146                          |   9|          2|   64|        128|
    |pc0_1_9_fu_150                          |   9|          2|   64|        128|
    |pc0_1_fu_142                            |   9|          2|   64|        128|
    |pw0_1_10_fu_166                         |   9|          2|   64|        128|
    |pw0_1_11_fu_174                         |   9|          2|   64|        128|
    |pw0_1_1_fu_170                          |   9|          2|   64|        128|
    |pw0_1_8_fu_134                          |   9|          2|   64|        128|
    |pw0_1_9_fu_138                          |   9|          2|   64|        128|
    |pw0_1_fu_130                            |   9|          2|   64|        128|
    +----------------------------------------+----+-----------+-----+-----------+
    |Total                                   | 180|         40|  788|       1576|
    +----------------------------------------+----+-----------+-----+-----------+

    * Register: 
    +----------------------------------+----+----+-----+-----------+
    |               Name               | FF | LUT| Bits| Const Bits|
    +----------------------------------+----+----+-----+-----------+
    |add_ln351_1_reg_1054              |   6|   0|    9|          3|
    |add_ln351_reg_1029                |   6|   0|    9|          3|
    |ap_CS_fsm                         |   1|   0|    1|          0|
    |ap_done_reg                       |   1|   0|    1|          0|
    |ap_enable_reg_pp0_iter1           |   1|   0|    1|          0|
    |ap_enable_reg_pp0_iter2           |   1|   0|    1|          0|
    |ap_enable_reg_pp0_iter3           |   1|   0|    1|          0|
    |ap_enable_reg_pp0_iter4           |   1|   0|    1|          0|
    |ap_loop_exit_ready_pp0_iter1_reg  |   1|   0|    1|          0|
    |ap_loop_exit_ready_pp0_iter2_reg  |   1|   0|    1|          0|
    |ap_loop_exit_ready_pp0_iter3_reg  |   1|   0|    1|          0|
    |i_151_fu_122                      |   3|   0|    3|          0|
    |icmp_ln347_reg_1019               |   1|   0|    1|          0|
    |indvar_flatten32_fu_126           |   4|   0|    4|          0|
    |j_fu_118                          |   2|   0|    2|          0|
    |newSecond_reg_1044                |   6|   0|    9|          3|
    |pc0_1_10_fu_154                   |  64|   0|   64|          0|
    |pc0_1_11_fu_162                   |  64|   0|   64|          0|
    |pc0_1_1_fu_158                    |  64|   0|   64|          0|
    |pc0_1_8_fu_146                    |  64|   0|   64|          0|
    |pc0_1_9_fu_150                    |  64|   0|   64|          0|
    |pc0_1_fu_142                      |  64|   0|   64|          0|
    |pw0_1_10_fu_166                   |  64|   0|   64|          0|
    |pw0_1_11_fu_174                   |  64|   0|   64|          0|
    |pw0_1_1_fu_170                    |  64|   0|   64|          0|
    |pw0_1_8_fu_134                    |  64|   0|   64|          0|
    |pw0_1_9_fu_138                    |  64|   0|   64|          0|
    |pw0_1_fu_130                      |  64|   0|   64|          0|
    |select_ln347_reg_1023             |   2|   0|    2|          0|
    |tmp_1094_reg_1039                 |   3|   0|    3|          0|
    |add_ln351_reg_1029                |  64|  32|    9|          3|
    |icmp_ln347_reg_1019               |  64|  32|    1|          0|
    |newSecond_reg_1044                |  64|  32|    9|          3|
    |select_ln347_reg_1023             |  64|  32|    2|          0|
    |tmp_1094_reg_1039                 |  64|  32|    3|          0|
    +----------------------------------+----+----+-----+-----------+
    |Total                             |1130| 160|  843|         15|
    +----------------------------------+----+----+-----+-----------+



================================================================
== Interface
================================================================
* Summary: 
+--------------------------+-----+-----+------------+-------------------------------------------------------------+--------------+
|         RTL Ports        | Dir | Bits|  Protocol  |                        Source Object                        |    C Type    |
+--------------------------+-----+-----+------------+-------------------------------------------------------------+--------------+
|ap_clk                    |   in|    1|  ap_ctrl_hs|  compute_R_and_t_Pipeline_VITIS_LOOP_347_9_VITIS_LOOP_349_10|  return value|
|ap_rst                    |   in|    1|  ap_ctrl_hs|  compute_R_and_t_Pipeline_VITIS_LOOP_347_9_VITIS_LOOP_349_10|  return value|
|ap_start                  |   in|    1|  ap_ctrl_hs|  compute_R_and_t_Pipeline_VITIS_LOOP_347_9_VITIS_LOOP_349_10|  return value|
|ap_done                   |  out|    1|  ap_ctrl_hs|  compute_R_and_t_Pipeline_VITIS_LOOP_347_9_VITIS_LOOP_349_10|  return value|
|ap_idle                   |  out|    1|  ap_ctrl_hs|  compute_R_and_t_Pipeline_VITIS_LOOP_347_9_VITIS_LOOP_349_10|  return value|
|ap_ready                  |  out|    1|  ap_ctrl_hs|  compute_R_and_t_Pipeline_VITIS_LOOP_347_9_VITIS_LOOP_349_10|  return value|
|epnp_address0             |  out|    8|   ap_memory|                                                         epnp|         array|
|epnp_ce0                  |  out|    1|   ap_memory|                                                         epnp|         array|
|epnp_q0                   |   in|  448|   ap_memory|                                                         epnp|         array|
|epnp_address1             |  out|    8|   ap_memory|                                                         epnp|         array|
|epnp_ce1                  |  out|    1|   ap_memory|                                                         epnp|         array|
|epnp_q1                   |   in|  448|   ap_memory|                                                         epnp|         array|
|pw0_2_1_out               |  out|   64|      ap_vld|                                                  pw0_2_1_out|       pointer|
|pw0_2_1_out_ap_vld        |  out|    1|      ap_vld|                                                  pw0_2_1_out|       pointer|
|pw0_1_1_out               |  out|   64|      ap_vld|                                                  pw0_1_1_out|       pointer|
|pw0_1_1_out_ap_vld        |  out|    1|      ap_vld|                                                  pw0_1_1_out|       pointer|
|pw0_0_1_out               |  out|   64|      ap_vld|                                                  pw0_0_1_out|       pointer|
|pw0_0_1_out_ap_vld        |  out|    1|      ap_vld|                                                  pw0_0_1_out|       pointer|
|pc0_2_1_out               |  out|   64|      ap_vld|                                                  pc0_2_1_out|       pointer|
|pc0_2_1_out_ap_vld        |  out|    1|      ap_vld|                                                  pc0_2_1_out|       pointer|
|pc0_1_1_out               |  out|   64|      ap_vld|                                                  pc0_1_1_out|       pointer|
|pc0_1_1_out_ap_vld        |  out|    1|      ap_vld|                                                  pc0_1_1_out|       pointer|
|pc0_0_1_out               |  out|   64|      ap_vld|                                                  pc0_0_1_out|       pointer|
|pc0_0_1_out_ap_vld        |  out|    1|      ap_vld|                                                  pc0_0_1_out|       pointer|
|pc0_load_5225_out         |  out|   64|      ap_vld|                                            pc0_load_5225_out|       pointer|
|pc0_load_5225_out_ap_vld  |  out|    1|      ap_vld|                                            pc0_load_5225_out|       pointer|
|pc0_load_4219_out         |  out|   64|      ap_vld|                                            pc0_load_4219_out|       pointer|
|pc0_load_4219_out_ap_vld  |  out|    1|      ap_vld|                                            pc0_load_4219_out|       pointer|
|pc0_load_3213_out         |  out|   64|      ap_vld|                                            pc0_load_3213_out|       pointer|
|pc0_load_3213_out_ap_vld  |  out|    1|      ap_vld|                                            pc0_load_3213_out|       pointer|
|pw0_load_4207_out         |  out|   64|      ap_vld|                                            pw0_load_4207_out|       pointer|
|pw0_load_4207_out_ap_vld  |  out|    1|      ap_vld|                                            pw0_load_4207_out|       pointer|
|pw0_load_3202_out         |  out|   64|      ap_vld|                                            pw0_load_3202_out|       pointer|
|pw0_load_3202_out_ap_vld  |  out|    1|      ap_vld|                                            pw0_load_3202_out|       pointer|
|pw0_load_2197_out         |  out|   64|      ap_vld|                                            pw0_load_2197_out|       pointer|
|pw0_load_2197_out_ap_vld  |  out|    1|      ap_vld|                                            pw0_load_2197_out|       pointer|
+--------------------------+-----+-----+------------+-------------------------------------------------------------+--------------+

