

================================================================
== Vitis HLS Report for 'compute_1_Pipeline_43'
================================================================
* Date:           Sun Feb  5 16:55:00 2023

* Version:        2022.1 (Build 3526262 on Mon Apr 18 15:47:01 MDT 2022)
* Project:        hls_EstimateMotion
* Solution:       solution1 (Vivado IP Flow Target)
* Product family: virtexuplus
* Target device:  xcu50-fsvh2104-2L-e


================================================================
== Performance Estimates
================================================================
+ Timing: 
    * Summary: 
    +--------+----------+----------+------------+
    |  Clock |  Target  | Estimated| Uncertainty|
    +--------+----------+----------+------------+
    |ap_clk  |  60.00 ns|  8.454 ns|    16.20 ns|
    +--------+----------+----------+------------+

+ Latency: 
    * Summary: 
    +---------+---------+----------+----------+-----+-----+---------+
    |  Latency (cycles) |  Latency (absolute) |  Interval | Pipeline|
    |   min   |   max   |    min   |    max   | min | max |   Type  |
    +---------+---------+----------+----------+-----+-----+---------+
    |        4|        ?|  0.240 us|         ?|    4|    ?|       no|
    +---------+---------+----------+----------+-----+-----+---------+

    + Detail: 
        * Instance: 
        N/A

        * Loop: 
        +----------+---------+---------+----------+-----------+-----------+-------+----------+
        |          |  Latency (cycles) | Iteration|  Initiation Interval  |  Trip |          |
        | Loop Name|   min   |   max   |  Latency |  achieved |   target  | Count | Pipelined|
        +----------+---------+---------+----------+-----------+-----------+-------+----------+
        |- Loop 1  |        2|        ?|         2|          1|          1|  1 ~ ?|       yes|
        +----------+---------+---------+----------+-----------+-----------+-------+----------+



================================================================
== Utilization Estimates
================================================================
* Summary: 
+---------------------+---------+------+---------+--------+-----+
|         Name        | BRAM_18K|  DSP |    FF   |   LUT  | URAM|
+---------------------+---------+------+---------+--------+-----+
|DSP                  |        -|     -|        -|       -|    -|
|Expression           |        -|     -|        0|    2697|    -|
|FIFO                 |        -|     -|        -|       -|    -|
|Instance             |        -|    15|        0|      50|    -|
|Memory               |        -|     -|        -|       -|    -|
|Multiplexer          |        -|     -|        -|      45|    -|
|Register             |        -|     -|      346|       -|    -|
+---------------------+---------+------+---------+--------+-----+
|Total                |        0|    15|      346|    2792|    0|
+---------------------+---------+------+---------+--------+-----+
|Available SLR        |     1344|  2976|   871680|  435840|  320|
+---------------------+---------+------+---------+--------+-----+
|Utilization SLR (%)  |        0|    ~0|       ~0|      ~0|    0|
+---------------------+---------+------+---------+--------+-----+
|Available            |     2688|  5952|  1743360|  871680|  640|
+---------------------+---------+------+---------+--------+-----+
|Utilization (%)      |        0|    ~0|       ~0|      ~0|    0|
+---------------------+---------+------+---------+--------+-----+

+ Detail: 
    * Instance: 
    +-----------------------------+-----------------------+---------+----+---+----+-----+
    |           Instance          |         Module        | BRAM_18K| DSP| FF| LUT| URAM|
    +-----------------------------+-----------------------+---------+----+---+----+-----+
    |mul_64ns_66ns_129_1_1_U1208  |mul_64ns_66ns_129_1_1  |        0|  15|  0|  50|    0|
    +-----------------------------+-----------------------+---------+----+---+----+-----+
    |Total                        |                       |        0|  15|  0|  50|    0|
    +-----------------------------+-----------------------+---------+----+---+----+-----+

    * DSP: 
    N/A

    * Memory: 
    N/A

    * FIFO: 
    N/A

    * Expression: 
    +------------------------+----------+----+---+------+------------+------------+
    |      Variable Name     | Operation| DSP| FF|  LUT | Bitwidth P0| Bitwidth P1|
    +------------------------+----------+----+---+------+------------+------------+
    |empty_2004_fu_197_p2    |         +|   0|  0|    14|           7|           7|
    |empty_2006_fu_232_p2    |         +|   0|  0|    64|          64|          64|
    |empty_2009_fu_366_p2    |         +|   0|  0|    64|          64|          64|
    |empty_2010_fu_383_p2    |         +|   0|  0|    56|          56|          56|
    |empty_2013_fu_237_p2    |         +|   0|  0|    71|          64|           1|
    |tmp93_fu_227_p2         |         +|   0|  0|    64|          64|          64|
    |tmp94_fu_221_p2         |         +|   0|  0|    71|          64|          13|
    |tmp97_fu_377_p2         |         +|   0|  0|    56|          56|          56|
    |tmp98_fu_371_p2         |         +|   0|  0|    56|          56|          13|
    |empty_2007_fu_354_p2    |         -|   0|  0|    64|          64|          64|
    |empty_2008_fu_360_p2    |         -|   0|  0|    56|          56|          56|
    |exitcond1342_fu_243_p2  |      icmp|   0|  0|    29|          64|          64|
    |empty_2011_fu_388_p2    |       shl|   0|  0|   165|           8|          56|
    |epnp_d0                 |       shl|   0|  0|  1865|         448|         448|
    |ap_enable_pp0           |       xor|   0|  0|     2|           1|           2|
    +------------------------+----------+----+---+------+------------+------------+
    |Total                   |          |   0|  0|  2697|        1136|        1028|
    +------------------------+----------+----+---+------+------------+------------+

    * Multiplexer: 
    +----------------------------------+----+-----------+-----+-----------+
    |               Name               | LUT| Input Size| Bits| Total Bits|
    +----------------------------------+----+-----------+-----+-----------+
    |ap_done_int                       |   9|          2|    1|          2|
    |ap_enable_reg_pp0_iter1           |   9|          2|    1|          2|
    |ap_loop_exit_ready_pp0_iter2_reg  |   9|          2|    1|          2|
    |epnp_we0                          |   9|          2|   56|        112|
    |loop_index_i1168_fu_96            |   9|          2|   64|        128|
    +----------------------------------+----+-----------+-----+-----------+
    |Total                             |  45|         10|  123|        246|
    +----------------------------------+----+-----------+-----+-----------+

    * Register: 
    +----------------------------------+----+----+-----+-----------+
    |               Name               | FF | LUT| Bits| Const Bits|
    +----------------------------------+----+----+-----+-----------+
    |ap_CS_fsm                         |   1|   0|    1|          0|
    |ap_done_reg                       |   1|   0|    1|          0|
    |ap_enable_reg_pp0_iter1           |   1|   0|    1|          0|
    |ap_enable_reg_pp0_iter2           |   1|   0|    1|          0|
    |ap_loop_exit_ready_pp0_iter2_reg  |   1|   0|    1|          0|
    |conv_i1160_cast_reg_426           |  32|   0|   64|         32|
    |empty_2005_reg_451                |  53|   0|   53|          0|
    |empty_2006_reg_456                |  64|   0|   64|          0|
    |loop_index_i1168_fu_96            |  64|   0|   64|          0|
    |p_shl291_cast595_cast_reg_441     |   8|   0|   64|         56|
    |tmp92_cast_cast_reg_436           |  64|   0|   64|          0|
    |tmp95_cast_cast_reg_431           |  56|   0|   56|          0|
    +----------------------------------+----+----+-----+-----------+
    |Total                             | 346|   0|  434|         88|
    +----------------------------------+----+----+-----+-----------+



================================================================
== Interface
================================================================
* Summary: 
+----------------------+-----+-----+------------+-----------------------+--------------+
|       RTL Ports      | Dir | Bits|  Protocol  |     Source Object     |    C Type    |
+----------------------+-----+-----+------------+-----------------------+--------------+
|ap_clk                |   in|    1|  ap_ctrl_hs|  compute.1_Pipeline_43|  return value|
|ap_rst                |   in|    1|  ap_ctrl_hs|  compute.1_Pipeline_43|  return value|
|ap_start              |   in|    1|  ap_ctrl_hs|  compute.1_Pipeline_43|  return value|
|ap_done               |  out|    1|  ap_ctrl_hs|  compute.1_Pipeline_43|  return value|
|ap_idle               |  out|    1|  ap_ctrl_hs|  compute.1_Pipeline_43|  return value|
|ap_ready              |  out|    1|  ap_ctrl_hs|  compute.1_Pipeline_43|  return value|
|p_cast239             |   in|    7|     ap_none|              p_cast239|        scalar|
|ref_tmp1077_address0  |  out|    4|   ap_memory|            ref_tmp1077|         array|
|ref_tmp1077_ce0       |  out|    1|   ap_memory|            ref_tmp1077|         array|
|ref_tmp1077_q0        |   in|   64|   ap_memory|            ref_tmp1077|         array|
|p_shl291_cast595      |   in|    8|     ap_none|       p_shl291_cast595|        scalar|
|tmp92_cast            |   in|   38|     ap_none|             tmp92_cast|        scalar|
|tmp95_cast            |   in|   39|     ap_none|             tmp95_cast|        scalar|
|epnp_address0         |  out|    8|   ap_memory|                   epnp|         array|
|epnp_ce0              |  out|    1|   ap_memory|                   epnp|         array|
|epnp_we0              |  out|   56|   ap_memory|                   epnp|         array|
|epnp_d0               |  out|  448|   ap_memory|                   epnp|         array|
|conv_i1160            |   in|   32|     ap_none|             conv_i1160|        scalar|
+----------------------+-----+-----+------------+-----------------------+--------------+

