

================================================================
== Vitis HLS Report for 'compute_Pipeline_VITIS_LOOP_219_1'
================================================================
* Date:           Sun Feb  5 17:00:14 2023

* Version:        2022.1 (Build 3526262 on Mon Apr 18 15:47:01 MDT 2022)
* Project:        hls_EstimateMotion
* Solution:       solution1 (Vivado IP Flow Target)
* Product family: virtexuplus
* Target device:  xcu50-fsvh2104-2L-e


================================================================
== Performance Estimates
================================================================
+ Timing: 
    * Summary: 
    +--------+----------+-----------+------------+
    |  Clock |  Target  | Estimated | Uncertainty|
    +--------+----------+-----------+------------+
    |ap_clk  |  60.00 ns|  39.975 ns|    16.20 ns|
    +--------+----------+-----------+------------+

+ Latency: 
    * Summary: 
    +---------+---------+----------+----------+-----+-----+---------+
    |  Latency (cycles) |  Latency (absolute) |  Interval | Pipeline|
    |   min   |   max   |    min   |    max   | min | max |   Type  |
    +---------+---------+----------+----------+-----+-----+---------+
    |        ?|        ?|         ?|         ?|    ?|    ?|       no|
    +---------+---------+----------+----------+-----+-----+---------+

    + Detail: 
        * Instance: 
        N/A

        * Loop: 
        +--------------------+---------+---------+----------+-----------+-----------+------+----------+
        |                    |  Latency (cycles) | Iteration|  Initiation Interval  | Trip |          |
        |      Loop Name     |   min   |   max   |  Latency |  achieved |   target  | Count| Pipelined|
        +--------------------+---------+---------+----------+-----------+-----------+------+----------+
        |- VITIS_LOOP_219_1  |        ?|        ?|         5|          5|          1|     ?|       yes|
        +--------------------+---------+---------+----------+-----------+-----------+------+----------+



================================================================
== Utilization Estimates
================================================================
* Summary: 
+---------------------+---------+------+---------+--------+-----+
|         Name        | BRAM_18K|  DSP |    FF   |   LUT  | URAM|
+---------------------+---------+------+---------+--------+-----+
|DSP                  |        -|     -|        -|       -|    -|
|Expression           |        -|     -|        0|    8500|    -|
|FIFO                 |        -|     -|        -|       -|    -|
|Instance             |        -|    27|        0|     920|    -|
|Memory               |        -|     -|        -|       -|    -|
|Multiplexer          |        -|     -|        -|     154|    -|
|Register             |        -|     -|      576|       -|    -|
+---------------------+---------+------+---------+--------+-----+
|Total                |        0|    27|      576|    9574|    0|
+---------------------+---------+------+---------+--------+-----+
|Available SLR        |     1344|  2976|   871680|  435840|  320|
+---------------------+---------+------+---------+--------+-----+
|Utilization SLR (%)  |        0|    ~0|       ~0|       2|    0|
+---------------------+---------+------+---------+--------+-----+
|Available            |     2688|  5952|  1743360|  871680|  640|
+---------------------+---------+------+---------+--------+-----+
|Utilization (%)      |        0|    ~0|       ~0|       1|    0|
+---------------------+---------+------+---------+--------+-----+

+ Detail: 
    * Instance: 
    +--------------------------------------+--------------------------------+---------+----+---+-----+-----+
    |               Instance               |             Module             | BRAM_18K| DSP| FF| LUT | URAM|
    +--------------------------------------+--------------------------------+---------+----+---+-----+-----+
    |dmul_64ns_64ns_64_1_max_dsp_1_U2979   |dmul_64ns_64ns_64_1_max_dsp_1   |        0|   8|  0|  106|    0|
    |dsub_64ns_64ns_64_1_full_dsp_1_U2978  |dsub_64ns_64ns_64_1_full_dsp_1  |        0|   3|  0|  708|    0|
    |mul_36ns_38ns_73_1_1_U2980            |mul_36ns_38ns_73_1_1            |        0|   4|  0|   26|    0|
    |mul_36ns_38ns_73_1_1_U2981            |mul_36ns_38ns_73_1_1            |        0|   4|  0|   26|    0|
    |mul_37ns_39ns_74_1_1_U2982            |mul_37ns_39ns_74_1_1            |        0|   4|  0|   27|    0|
    |mul_37ns_39ns_74_1_1_U2983            |mul_37ns_39ns_74_1_1            |        0|   4|  0|   27|    0|
    +--------------------------------------+--------------------------------+---------+----+---+-----+-----+
    |Total                                 |                                |        0|  27|  0|  920|    0|
    +--------------------------------------+--------------------------------+---------+----+---+-----+-----+

    * DSP: 
    N/A

    * Memory: 
    N/A

    * FIFO: 
    N/A

    * Expression: 
    +-----------------------+----------+----+---+------+------------+------------+
    |     Variable Name     | Operation| DSP| FF|  LUT | Bitwidth P0| Bitwidth P1|
    +-----------------------+----------+----+---+------+------------+------------+
    |add_ln219_fu_180_p2    |         +|   0|  0|    39|          32|           1|
    |add_ln222_fu_259_p2    |         +|   0|  0|    38|          38|          38|
    |add_ln223_1_fu_364_p2  |         +|   0|  0|    38|          38|          38|
    |add_ln223_fu_300_p2    |         +|   0|  0|    43|          36|           5|
    |add_ln228_1_fu_466_p2  |         +|   0|  0|    45|          38|          38|
    |add_ln228_2_fu_472_p2  |         +|   0|  0|    38|          38|          15|
    |add_ln228_3_fu_478_p2  |         +|   0|  0|    38|          38|          38|
    |add_ln228_fu_406_p2    |         +|   0|  0|    44|          37|          15|
    |add_ln229_1_fu_587_p2  |         +|   0|  0|    45|          38|          38|
    |add_ln229_2_fu_593_p2  |         +|   0|  0|    38|          38|          15|
    |add_ln229_3_fu_599_p2  |         +|   0|  0|    38|          38|          38|
    |add_ln229_fu_528_p2    |         +|   0|  0|    44|          37|          15|
    |sub_ln222_fu_253_p2    |         -|   0|  0|    38|          38|          38|
    |sub_ln223_fu_358_p2    |         -|   0|  0|    38|          38|          38|
    |sub_ln228_fu_460_p2    |         -|   0|  0|    45|          38|          38|
    |sub_ln229_fu_581_p2    |         -|   0|  0|    45|          38|          38|
    |icmp_ln219_fu_174_p2   |      icmp|   0|  0|    20|          32|          32|
    |lshr_ln222_fu_285_p2   |      lshr|   0|  0|  1865|         448|         448|
    |lshr_ln223_fu_388_p2   |      lshr|   0|  0|  1865|         448|         448|
    |or_ln222_fu_194_p2     |        or|   0|  0|    36|          36|           4|
    |shl_ln228_1_fu_521_p2  |       shl|   0|  0|  1865|         448|         448|
    |shl_ln228_fu_488_p2    |       shl|   0|  0|   165|           8|          56|
    |shl_ln229_1_fu_641_p2  |       shl|   0|  0|  1865|         448|         448|
    |shl_ln229_fu_608_p2    |       shl|   0|  0|   165|           8|          56|
    +-----------------------+----------+----+---+------+------------+------------+
    |Total                  |          |   0|  0|  8500|        2474|        2386|
    +-----------------------+----------+----+---+------+------------+------------+

    * Multiplexer: 
    +--------------------+----+-----------+-----+-----------+
    |        Name        | LUT| Input Size| Bits| Total Bits|
    +--------------------+----+-----------+-----+-----------+
    |ap_NS_fsm           |  31|          6|    1|          6|
    |ap_done_int         |   9|          2|    1|          2|
    |ap_sig_allocacmp_i  |   9|          2|   32|         64|
    |grp_fu_149_p0       |  14|          3|   64|        192|
    |grp_fu_149_p1       |  14|          3|   64|        192|
    |grp_fu_153_p1       |  14|          3|   64|        192|
    |i_33_fu_80          |   9|          2|   32|         64|
    |pnp_iter_address0   |  26|          5|   13|         65|
    |pnp_iter_d0         |  14|          3|  448|       1344|
    |pnp_iter_we0        |  14|          3|   56|        168|
    +--------------------+----+-----------+-----+-----------+
    |Total               | 154|         32|  775|       2289|
    +--------------------+----+-----------+-----+-----------+

    * Register: 
    +----------------------+----+----+-----+-----------+
    |         Name         | FF | LUT| Bits| Const Bits|
    +----------------------+----+----+-----+-----------+
    |add_ln222_reg_690     |  35|   0|   38|          3|
    |add_ln223_1_reg_700   |  35|   0|   38|          3|
    |add_ln228_1_reg_720   |  35|   0|   38|          3|
    |add_ln229_1_reg_735   |  35|   0|   38|          3|
    |ap_CS_fsm             |   5|   0|    5|          0|
    |ap_done_reg           |   1|   0|    1|          0|
    |i_33_fu_80            |  32|   0|   32|          0|
    |reg_157               |  64|   0|   64|          0|
    |reg_162               |  64|   0|   64|          0|
    |shl_ln228_3_reg_678   |  32|   0|   36|          4|
    |shl_ln228_reg_725     |  56|   0|   56|          0|
    |shl_ln229_reg_740     |  56|   0|   56|          0|
    |tmp_1164_reg_715      |  31|   0|   31|          0|
    |tmp_1165_reg_730      |  31|   0|   31|          0|
    |zext_ln222_reg_705    |  32|   0|   37|          5|
    |zext_ln228_1_reg_710  |  32|   0|   38|          6|
    +----------------------+----+----+-----+-----------+
    |Total                 | 576|   0|  603|         27|
    +----------------------+----+----+-----+-----------+



================================================================
== Interface
================================================================
* Summary: 
+--------------------+-----+-----+------------+-----------------------------------+--------------+
|      RTL Ports     | Dir | Bits|  Protocol  |           Source Object           |    C Type    |
+--------------------+-----+-----+------------+-----------------------------------+--------------+
|ap_clk              |   in|    1|  ap_ctrl_hs|  compute_Pipeline_VITIS_LOOP_219_1|  return value|
|ap_rst              |   in|    1|  ap_ctrl_hs|  compute_Pipeline_VITIS_LOOP_219_1|  return value|
|ap_start            |   in|    1|  ap_ctrl_hs|  compute_Pipeline_VITIS_LOOP_219_1|  return value|
|ap_done             |  out|    1|  ap_ctrl_hs|  compute_Pipeline_VITIS_LOOP_219_1|  return value|
|ap_idle             |  out|    1|  ap_ctrl_hs|  compute_Pipeline_VITIS_LOOP_219_1|  return value|
|ap_ready            |  out|    1|  ap_ctrl_hs|  compute_Pipeline_VITIS_LOOP_219_1|  return value|
|pnp_iter_load_cast  |   in|   32|     ap_none|                 pnp_iter_load_cast|        scalar|
|pnp_iter_address0   |  out|   13|   ap_memory|                           pnp_iter|         array|
|pnp_iter_ce0        |  out|    1|   ap_memory|                           pnp_iter|         array|
|pnp_iter_we0        |  out|   56|   ap_memory|                           pnp_iter|         array|
|pnp_iter_d0         |  out|  448|   ap_memory|                           pnp_iter|         array|
|pnp_iter_q0         |   in|  448|   ap_memory|                           pnp_iter|         array|
|empty_348           |   in|   64|     ap_none|                          empty_348|        scalar|
|div                 |   in|   64|     ap_none|                                div|        scalar|
|empty               |   in|   64|     ap_none|                              empty|        scalar|
|div9                |   in|   64|     ap_none|                               div9|        scalar|
+--------------------+-----+-----+------------+-----------------------------------+--------------+

