

================================================================
== Vitis HLS Report for 'compute_1_Pipeline_VITIS_LOOP_114_119'
================================================================
* Date:           Sun Feb  5 16:59:05 2023

* Version:        2022.1 (Build 3526262 on Mon Apr 18 15:47:01 MDT 2022)
* Project:        hls_EstimateMotion
* Solution:       solution1 (Vivado IP Flow Target)
* Product family: virtexuplus
* Target device:  xcu50-fsvh2104-2L-e


================================================================
== Performance Estimates
================================================================
+ Timing: 
    * Summary: 
    +--------+----------+----------+------------+
    |  Clock |  Target  | Estimated| Uncertainty|
    +--------+----------+----------+------------+
    |ap_clk  |  60.00 ns|  3.938 ns|    16.20 ns|
    +--------+----------+----------+------------+

+ Latency: 
    * Summary: 
    +---------+---------+----------+----------+-----+-----+---------+
    |  Latency (cycles) |  Latency (absolute) |  Interval | Pipeline|
    |   min   |   max   |    min   |    max   | min | max |   Type  |
    +---------+---------+----------+----------+-----+-----+---------+
    |        7|        7|  0.420 us|  0.420 us|    7|    7|       no|
    +---------+---------+----------+----------+-----+-----+---------+

    + Detail: 
        * Instance: 
        N/A

        * Loop: 
        +--------------------+---------+---------+----------+-----------+-----------+------+----------+
        |                    |  Latency (cycles) | Iteration|  Initiation Interval  | Trip |          |
        |      Loop Name     |   min   |   max   |  Latency |  achieved |   target  | Count| Pipelined|
        +--------------------+---------+---------+----------+-----------+-----------+------+----------+
        |- VITIS_LOOP_114_1  |        5|        5|         4|          1|          1|     3|       yes|
        +--------------------+---------+---------+----------+-----------+-----------+------+----------+



================================================================
== Utilization Estimates
================================================================
* Summary: 
+---------------------+---------+------+---------+--------+-----+
|         Name        | BRAM_18K|  DSP |    FF   |   LUT  | URAM|
+---------------------+---------+------+---------+--------+-----+
|DSP                  |        -|     1|        -|       -|    -|
|Expression           |        -|     -|        0|    3119|    -|
|FIFO                 |        -|     -|        -|       -|    -|
|Instance             |        -|     -|        -|       -|    -|
|Memory               |        -|     -|        -|       -|    -|
|Multiplexer          |        -|     -|        -|      45|    -|
|Register             |        -|     -|      141|      64|    -|
+---------------------+---------+------+---------+--------+-----+
|Total                |        0|     1|      141|    3228|    0|
+---------------------+---------+------+---------+--------+-----+
|Available SLR        |     1344|  2976|   871680|  435840|  320|
+---------------------+---------+------+---------+--------+-----+
|Utilization SLR (%)  |        0|    ~0|       ~0|      ~0|    0|
+---------------------+---------+------+---------+--------+-----+
|Available            |     2688|  5952|  1743360|  871680|  640|
+---------------------+---------+------+---------+--------+-----+
|Utilization (%)      |        0|    ~0|       ~0|      ~0|    0|
+---------------------+---------+------+---------+--------+-----+

+ Detail: 
    * Instance: 
    N/A

    * DSP: 
    +--------------------------------+--------------------------+-----------+
    |            Instance            |          Module          | Expression|
    +--------------------------------+--------------------------+-----------+
    |mul_mul_14ns_15ns_29_4_1_U2702  |mul_mul_14ns_15ns_29_4_1  |    i0 * i1|
    +--------------------------------+--------------------------+-----------+

    * Memory: 
    N/A

    * FIFO: 
    N/A

    * Expression: 
    +-----------------------+----------+----+---+------+------------+------------+
    |     Variable Name     | Operation| DSP| FF|  LUT | Bitwidth P0| Bitwidth P1|
    +-----------------------+----------+----+---+------+------------+------------+
    |add_ln114_fu_108_p2    |         +|   0|  0|     9|           2|           1|
    |empty_1895_fu_126_p2   |         +|   0|  0|    21|          14|          14|
    |empty_1898_fu_290_p2   |         +|   0|  0|    15|           8|           8|
    |p_cast1076_fu_168_p2   |         +|   0|  0|    14|           7|           7|
    |p_cast429_fu_274_p2    |         +|   0|  0|    19|           8|           8|
    |tmp129_cast_fu_280_p2  |         +|   0|  0|    16|           7|           7|
    |empty_1896_fu_262_p2   |         -|   0|  0|    19|           8|           8|
    |empty_1897_fu_268_p2   |         -|   0|  0|    16|           7|           7|
    |icmp_ln114_fu_102_p2   |      icmp|   0|  0|     8|           2|           2|
    |empty_1893_fu_158_p2   |      lshr|   0|  0|   950|         225|         256|
    |empty_1899_fu_300_p2   |       shl|   0|  0|   165|           8|          56|
    |epnp_d0                |       shl|   0|  0|  1865|         448|         448|
    |ap_enable_pp0          |       xor|   0|  0|     2|           1|           2|
    +-----------------------+----------+----+---+------+------------+------------+
    |Total                  |          |   0|  0|  3119|         745|         824|
    +-----------------------+----------+----+---+------+------------+------------+

    * Multiplexer: 
    +-------------------------+----+-----------+-----+-----------+
    |           Name          | LUT| Input Size| Bits| Total Bits|
    +-------------------------+----+-----------+-----+-----------+
    |ap_done_int              |   9|          2|    1|          2|
    |ap_enable_reg_pp0_iter1  |   9|          2|    1|          2|
    |ap_sig_allocacmp_i_176   |   9|          2|    2|          4|
    |epnp_we0                 |   9|          2|   56|        112|
    |i_fu_78                  |   9|          2|    2|          4|
    +-------------------------+----+-----------+-----+-----------+
    |Total                    |  45|         10|   62|        124|
    +-------------------------+----+-----------+-----+-----------+

    * Register: 
    +----------------------------------+----+----+-----+-----------+
    |               Name               | FF | LUT| Bits| Const Bits|
    +----------------------------------+----+----+-----+-----------+
    |ap_CS_fsm                         |   1|   0|    1|          0|
    |ap_done_reg                       |   1|   0|    1|          0|
    |ap_enable_reg_pp0_iter1           |   1|   0|    1|          0|
    |ap_enable_reg_pp0_iter2           |   1|   0|    1|          0|
    |ap_enable_reg_pp0_iter3           |   1|   0|    1|          0|
    |ap_loop_exit_ready_pp0_iter1_reg  |   1|   0|    1|          0|
    |ap_loop_exit_ready_pp0_iter2_reg  |   1|   0|    1|          0|
    |i_176_reg_348                     |   2|   0|    2|          0|
    |i_fu_78                           |   2|   0|    2|          0|
    |tmp_s_reg_357                     |   2|   0|    5|          3|
    |i_176_reg_348                     |  64|  32|    2|          0|
    |tmp_s_reg_357                     |  64|  32|    5|          3|
    +----------------------------------+----+----+-----+-----------+
    |Total                             | 141|  64|   23|          6|
    +----------------------------------+----+----+-----+-----------+



================================================================
== Interface
================================================================
* Summary: 
+---------------+-----+-----+------------+---------------------------------------+--------------+
|   RTL Ports   | Dir | Bits|  Protocol  |             Source Object             |    C Type    |
+---------------+-----+-----+------------+---------------------------------------+--------------+
|ap_clk         |   in|    1|  ap_ctrl_hs|  compute.1_Pipeline_VITIS_LOOP_114_119|  return value|
|ap_rst         |   in|    1|  ap_ctrl_hs|  compute.1_Pipeline_VITIS_LOOP_114_119|  return value|
|ap_start       |   in|    1|  ap_ctrl_hs|  compute.1_Pipeline_VITIS_LOOP_114_119|  return value|
|ap_done        |  out|    1|  ap_ctrl_hs|  compute.1_Pipeline_VITIS_LOOP_114_119|  return value|
|ap_idle        |  out|    1|  ap_ctrl_hs|  compute.1_Pipeline_VITIS_LOOP_114_119|  return value|
|ap_ready       |  out|    1|  ap_ctrl_hs|  compute.1_Pipeline_VITIS_LOOP_114_119|  return value|
|epnp_address0  |  out|    8|   ap_memory|                                   epnp|         array|
|epnp_ce0       |  out|    1|   ap_memory|                                   epnp|         array|
|epnp_we0       |  out|   56|   ap_memory|                                   epnp|         array|
|epnp_d0        |  out|  448|   ap_memory|                                   epnp|         array|
+---------------+-----+-----+------------+---------------------------------------+--------------+

