

================================================================
== Vitis HLS Report for 'compute_1_Pipeline_VITIS_LOOP_182_2_VITIS_LOOP_184_3'
================================================================
* Date:           Sun Feb  5 16:52:48 2023

* Version:        2022.1 (Build 3526262 on Mon Apr 18 15:47:01 MDT 2022)
* Project:        hls_EstimateMotion
* Solution:       solution1 (Vivado IP Flow Target)
* Product family: virtexuplus
* Target device:  xcu50-fsvh2104-2L-e


================================================================
== Performance Estimates
================================================================
+ Timing: 
    * Summary: 
    +--------+----------+-----------+------------+
    |  Clock |  Target  | Estimated | Uncertainty|
    +--------+----------+-----------+------------+
    |ap_clk  |  60.00 ns|  42.557 ns|    16.20 ns|
    +--------+----------+-----------+------------+

+ Latency: 
    * Summary: 
    +---------+---------+----------+----------+-----+-----+---------+
    |  Latency (cycles) |  Latency (absolute) |  Interval | Pipeline|
    |   min   |   max   |    min   |    max   | min | max |   Type  |
    +---------+---------+----------+----------+-----+-----+---------+
    |        ?|        ?|         ?|         ?|    ?|    ?|       no|
    +---------+---------+----------+----------+-----+-----+---------+

    + Detail: 
        * Instance: 
        N/A

        * Loop: 
        +-------------------------------------+---------+---------+----------+-----------+-----------+------+----------+
        |                                     |  Latency (cycles) | Iteration|  Initiation Interval  | Trip |          |
        |              Loop Name              |   min   |   max   |  Latency |  achieved |   target  | Count| Pipelined|
        +-------------------------------------+---------+---------+----------+-----------+-----------+------+----------+
        |- VITIS_LOOP_182_2_VITIS_LOOP_184_3  |        ?|        ?|         6|          4|          1|     ?|       yes|
        +-------------------------------------+---------+---------+----------+-----------+-----------+------+----------+



================================================================
== Utilization Estimates
================================================================
* Summary: 
+---------------------+---------+------+---------+--------+-----+
|         Name        | BRAM_18K|  DSP |    FF   |   LUT  | URAM|
+---------------------+---------+------+---------+--------+-----+
|DSP                  |        -|     -|        -|       -|    -|
|Expression           |        -|     -|        0|    4757|    -|
|FIFO                 |        -|     -|        -|       -|    -|
|Instance             |        -|    41|        0|     914|    -|
|Memory               |        -|     -|        -|       -|    -|
|Multiplexer          |        -|     -|        -|     160|    -|
|Register             |        -|     -|      599|       -|    -|
+---------------------+---------+------+---------+--------+-----+
|Total                |        0|    41|      599|    5831|    0|
+---------------------+---------+------+---------+--------+-----+
|Available SLR        |     1344|  2976|   871680|  435840|  320|
+---------------------+---------+------+---------+--------+-----+
|Utilization SLR (%)  |        0|     1|       ~0|       1|    0|
+---------------------+---------+------+---------+--------+-----+
|Available            |     2688|  5952|  1743360|  871680|  640|
+---------------------+---------+------+---------+--------+-----+
|Utilization (%)      |        0|    ~0|       ~0|      ~0|    0|
+---------------------+---------+------+---------+--------+-----+

+ Detail: 
    * Instance: 
    +-------------------------------------+--------------------------------+---------+----+---+-----+-----+
    |               Instance              |             Module             | BRAM_18K| DSP| FF| LUT | URAM|
    +-------------------------------------+--------------------------------+---------+----+---+-----+-----+
    |dadd_64ns_64ns_64_1_full_dsp_1_U301  |dadd_64ns_64ns_64_1_full_dsp_1  |        0|   3|  0|  708|    0|
    |dmul_64ns_64ns_64_1_max_dsp_1_U302   |dmul_64ns_64ns_64_1_max_dsp_1   |        0|   8|  0|  106|    0|
    |mul_64ns_66ns_129_1_1_U303           |mul_64ns_66ns_129_1_1           |        0|  15|  0|   50|    0|
    |mul_64ns_66ns_129_1_1_U304           |mul_64ns_66ns_129_1_1           |        0|  15|  0|   50|    0|
    +-------------------------------------+--------------------------------+---------+----+---+-----+-----+
    |Total                                |                                |        0|  41|  0|  914|    0|
    +-------------------------------------+--------------------------------+---------+----+---+-----+-----+

    * DSP: 
    N/A

    * Memory: 
    N/A

    * FIFO: 
    N/A

    * Expression: 
    +---------------------------+----------+----+---+------+------------+------------+
    |       Variable Name       | Operation| DSP| FF|  LUT | Bitwidth P0| Bitwidth P1|
    +---------------------------+----------+----+---+------+------------+------------+
    |add_ln182_3_fu_271_p2      |         +|   0|  0|    71|          64|           1|
    |add_ln182_8_fu_365_p2      |         +|   0|  0|    14|           7|           7|
    |add_ln182_9_fu_388_p2      |         +|   0|  0|    14|           7|           7|
    |add_ln182_fu_262_p2        |         +|   0|  0|   107|          96|           1|
    |add_ln184_fu_537_p2        |         +|   0|  0|    39|          32|           1|
    |add_ln186_5_fu_455_p2      |         +|   0|  0|    46|          39|          39|
    |add_ln186_6_fu_525_p2      |         +|   0|  0|    64|          64|          64|
    |add_ln186_7_fu_531_p2      |         +|   0|  0|    71|          64|          64|
    |add_ln186_8_fu_639_p2      |         +|   0|  0|    64|          64|          64|
    |add_ln186_fu_445_p2        |         +|   0|  0|    46|          39|          10|
    |empty_1888_fu_251_p2       |         -|   0|  0|    14|           7|           7|
    |p_mid124_fu_351_p2         |         -|   0|  0|    14|           7|           7|
    |sub_ln186_3_fu_519_p2      |         -|   0|  0|    64|          64|          64|
    |sub_ln186_4_fu_633_p2      |         -|   0|  0|    64|          64|          64|
    |sub_ln186_fu_435_p2        |         -|   0|  0|    45|          38|          38|
    |cmp23_i_fu_234_p2          |      icmp|   0|  0|    29|          64|          64|
    |cmp23_i_mid1_fu_326_p2     |      icmp|   0|  0|    29|          64|          64|
    |icmp_ln182_fu_257_p2       |      icmp|   0|  0|    39|          96|          96|
    |icmp_ln184_fu_277_p2       |      icmp|   0|  0|    20|          32|          32|
    |lshr_ln186_2_fu_663_p2     |      lshr|   0|  0|  1865|         448|         448|
    |lshr_ln186_fu_569_p2       |      lshr|   0|  0|  1865|         448|         448|
    |select_ln182_10_fu_298_p3  |    select|   0|  0|    60|           1|          61|
    |select_ln182_5_fu_331_p3   |    select|   0|  0|     2|           1|           1|
    |select_ln182_6_fu_357_p3   |    select|   0|  0|     7|           1|           7|
    |select_ln182_7_fu_380_p3   |    select|   0|  0|     7|           1|           7|
    |select_ln182_8_fu_403_p3   |    select|   0|  0|    63|           1|          64|
    |select_ln182_fu_282_p3     |    select|   0|  0|    32|           1|           1|
    |ap_enable_pp0              |       xor|   0|  0|     2|           1|           2|
    +---------------------------+----------+----+---+------+------------+------------+
    |Total                      |          |   0|  0|  4757|        1815|        1733|
    +---------------------------+----------+----+---+------+------------+------------+

    * Multiplexer: 
    +-----------------------------+----+-----------+-----+-----------+
    |             Name            | LUT| Input Size| Bits| Total Bits|
    +-----------------------------+----+-----------+-----+-----------+
    |ap_NS_fsm                    |  26|          5|    1|          5|
    |ap_done_int                  |   9|          2|    1|          2|
    |ap_enable_reg_pp0_iter0      |   9|          2|    1|          2|
    |ap_enable_reg_pp0_iter0_reg  |   9|          2|    1|          2|
    |ap_enable_reg_pp0_iter1      |   9|          2|    1|          2|
    |epnp_address0                |  14|          3|    8|         24|
    |grp_fu_185_p0                |  14|          3|   64|        192|
    |indvar_flatten28_fu_104      |   9|          2|   96|        192|
    |j_fu_100                     |   9|          2|   64|        128|
    |k_fu_96                      |   9|          2|   32|         64|
    |ref_tmp76_address0           |  20|          4|    4|         16|
    |ref_tmp76_d0                 |  14|          3|   64|        192|
    |ref_tmp76_we0                |   9|          2|    8|         16|
    +-----------------------------+----+-----------+-----+-----------+
    |Total                        | 160|         34|  345|        837|
    +-----------------------------+----+-----------+-----+-----------+

    * Register: 
    +--------------------------------------+----+----+-----+-----------+
    |                 Name                 | FF | LUT| Bits| Const Bits|
    +--------------------------------------+----+----+-----+-----------+
    |add_ln186_6_reg_777                   |  64|   0|   64|          0|
    |add_ln186_7_reg_782                   |  61|   0|   64|          3|
    |add_ln186_8_reg_798                   |  61|   0|   64|          3|
    |ap_CS_fsm                             |   4|   0|    4|          0|
    |ap_done_reg                           |   1|   0|    1|          0|
    |ap_enable_reg_pp0_iter0_reg           |   1|   0|    1|          0|
    |ap_enable_reg_pp0_iter1               |   1|   0|    1|          0|
    |icmp_ln182_reg_754                    |   1|   0|    1|          0|
    |indvar_flatten28_fu_104               |  96|   0|   96|          0|
    |j_fu_100                              |  64|   0|   64|          0|
    |k_fu_96                               |  32|   0|   32|          0|
    |mul_i_reg_803                         |  64|   0|   64|          0|
    |p_shl38_cast184_cast_reg_743          |  35|   0|   39|          4|
    |ref_tmp76_addr_1_reg_813              |   4|   0|    4|          0|
    |ref_tmp76_addr_reg_808                |   4|   0|    4|          0|
    |select_ln182_5_reg_758                |   1|   0|    1|          0|
    |select_ln182_5_reg_758_pp0_iter1_reg  |   1|   0|    1|          0|
    |trunc_ln186_reg_788                   |  64|   0|   64|          0|
    |zext_ln180_4_cast_reg_748             |  32|   0|   64|         32|
    |zext_ln186_mid2_v_reg_762             |   4|   0|    4|          0|
    |zext_ln188_mid2_v_reg_767             |   4|   0|    4|          0|
    +--------------------------------------+----+----+-----+-----------+
    |Total                                 | 599|   0|  641|         42|
    +--------------------------------------+----+----+-----+-----------+



================================================================
== Interface
================================================================
* Summary: 
+--------------------+-----+-----+------------+------------------------------------------------------+--------------+
|      RTL Ports     | Dir | Bits|  Protocol  |                     Source Object                    |    C Type    |
+--------------------+-----+-----+------------+------------------------------------------------------+--------------+
|ap_clk              |   in|    1|  ap_ctrl_hs|  compute.1_Pipeline_VITIS_LOOP_182_2_VITIS_LOOP_184_3|  return value|
|ap_rst              |   in|    1|  ap_ctrl_hs|  compute.1_Pipeline_VITIS_LOOP_182_2_VITIS_LOOP_184_3|  return value|
|ap_start            |   in|    1|  ap_ctrl_hs|  compute.1_Pipeline_VITIS_LOOP_182_2_VITIS_LOOP_184_3|  return value|
|ap_done             |  out|    1|  ap_ctrl_hs|  compute.1_Pipeline_VITIS_LOOP_182_2_VITIS_LOOP_184_3|  return value|
|ap_idle             |  out|    1|  ap_ctrl_hs|  compute.1_Pipeline_VITIS_LOOP_182_2_VITIS_LOOP_184_3|  return value|
|ap_ready            |  out|    1|  ap_ctrl_hs|  compute.1_Pipeline_VITIS_LOOP_182_2_VITIS_LOOP_184_3|  return value|
|zext_ln180_4        |   in|   32|     ap_none|                                          zext_ln180_4|        scalar|
|mul_ln180           |   in|   96|     ap_none|                                             mul_ln180|        scalar|
|p_cast157           |   in|   32|     ap_none|                                             p_cast157|        scalar|
|empty               |   in|    7|     ap_none|                                                 empty|        scalar|
|p_shl38_cast        |   in|    7|     ap_none|                                          p_shl38_cast|        scalar|
|p_shl38_cast184     |   in|   35|     ap_none|                                       p_shl38_cast184|        scalar|
|epnp_address0       |  out|    8|   ap_memory|                                                  epnp|         array|
|epnp_ce0            |  out|    1|   ap_memory|                                                  epnp|         array|
|epnp_q0             |   in|  448|   ap_memory|                                                  epnp|         array|
|ref_tmp76_address0  |  out|    4|   ap_memory|                                             ref_tmp76|         array|
|ref_tmp76_ce0       |  out|    1|   ap_memory|                                             ref_tmp76|         array|
|ref_tmp76_we0       |  out|    8|   ap_memory|                                             ref_tmp76|         array|
|ref_tmp76_d0        |  out|   64|   ap_memory|                                             ref_tmp76|         array|
|ref_tmp76_q0        |   in|   64|   ap_memory|                                             ref_tmp76|         array|
+--------------------+-----+-----+------------+------------------------------------------------------+--------------+

