

================================================================
== Vitis HLS Report for 'compute_Pipeline_VITIS_LOOP_114_124'
================================================================
* Date:           Sun Feb  5 17:02:49 2023

* Version:        2022.1 (Build 3526262 on Mon Apr 18 15:47:01 MDT 2022)
* Project:        hls_EstimateMotion
* Solution:       solution1 (Vivado IP Flow Target)
* Product family: virtexuplus
* Target device:  xcu50-fsvh2104-2L-e


================================================================
== Performance Estimates
================================================================
+ Timing: 
    * Summary: 
    +--------+----------+----------+------------+
    |  Clock |  Target  | Estimated| Uncertainty|
    +--------+----------+----------+------------+
    |ap_clk  |  60.00 ns|  4.097 ns|    16.20 ns|
    +--------+----------+----------+------------+

+ Latency: 
    * Summary: 
    +---------+---------+----------+----------+-----+-----+---------+
    |  Latency (cycles) |  Latency (absolute) |  Interval | Pipeline|
    |   min   |   max   |    min   |    max   | min | max |   Type  |
    +---------+---------+----------+----------+-----+-----+---------+
    |       10|       10|  0.600 us|  0.600 us|   10|   10|       no|
    +---------+---------+----------+----------+-----+-----+---------+

    + Detail: 
        * Instance: 
        N/A

        * Loop: 
        +--------------------+---------+---------+----------+-----------+-----------+------+----------+
        |                    |  Latency (cycles) | Iteration|  Initiation Interval  | Trip |          |
        |      Loop Name     |   min   |   max   |  Latency |  achieved |   target  | Count| Pipelined|
        +--------------------+---------+---------+----------+-----------+-----------+------+----------+
        |- VITIS_LOOP_114_1  |        8|        8|         4|          1|          1|     6|       yes|
        +--------------------+---------+---------+----------+-----------+-----------+------+----------+



================================================================
== Utilization Estimates
================================================================
* Summary: 
+---------------------+---------+------+---------+--------+-----+
|         Name        | BRAM_18K|  DSP |    FF   |   LUT  | URAM|
+---------------------+---------+------+---------+--------+-----+
|DSP                  |        -|     1|        -|       -|    -|
|Expression           |        -|     -|        0|    4037|    -|
|FIFO                 |        -|     -|        -|       -|    -|
|Instance             |        -|     -|        -|       -|    -|
|Memory               |        -|     -|        -|       -|    -|
|Multiplexer          |        -|     -|        -|      45|    -|
|Register             |        -|     -|      144|      64|    -|
+---------------------+---------+------+---------+--------+-----+
|Total                |        0|     1|      144|    4146|    0|
+---------------------+---------+------+---------+--------+-----+
|Available SLR        |     1344|  2976|   871680|  435840|  320|
+---------------------+---------+------+---------+--------+-----+
|Utilization SLR (%)  |        0|    ~0|       ~0|      ~0|    0|
+---------------------+---------+------+---------+--------+-----+
|Available            |     2688|  5952|  1743360|  871680|  640|
+---------------------+---------+------+---------+--------+-----+
|Utilization (%)      |        0|    ~0|       ~0|      ~0|    0|
+---------------------+---------+------+---------+--------+-----+

+ Detail: 
    * Instance: 
    N/A

    * DSP: 
    +--------------------------------+--------------------------+-----------+
    |            Instance            |          Module          | Expression|
    +--------------------------------+--------------------------+-----------+
    |mul_mul_16ns_17ns_33_4_1_U3808  |mul_mul_16ns_17ns_33_4_1  |    i0 * i1|
    +--------------------------------+--------------------------+-----------+

    * Memory: 
    N/A

    * FIFO: 
    N/A

    * Expression: 
    +-------------------------+----------+----+---+------+------------+------------+
    |      Variable Name      | Operation| DSP| FF|  LUT | Bitwidth P0| Bitwidth P1|
    +-------------------------+----------+----+---+------+------------+------------+
    |add_ln114_13_fu_110_p2   |         +|   0|  0|    10|           3|           1|
    |empty_1587_fu_128_p2     |         +|   0|  0|    22|          15|          15|
    |empty_1590_fu_289_p2     |         +|   0|  0|    15|           8|           8|
    |p_cast584_fu_171_p2      |         +|   0|  0|    19|           8|           8|
    |p_cast586_fu_273_p2      |         +|   0|  0|    19|           8|           8|
    |tmp165_cast_fu_279_p2    |         +|   0|  0|    16|           7|           5|
    |empty_1588_fu_261_p2     |         -|   0|  0|    15|           8|           8|
    |empty_1589_fu_267_p2     |         -|   0|  0|    16|           7|           7|
    |icmp_ln114_13_fu_104_p2  |      icmp|   0|  0|     8|           3|           3|
    |empty_1585_fu_158_p2     |      lshr|   0|  0|  1865|         417|         448|
    |empty_1591_fu_299_p2     |       shl|   0|  0|   165|           8|          56|
    |solver_d0                |       shl|   0|  0|  1865|         448|         448|
    |ap_enable_pp0            |       xor|   0|  0|     2|           1|           2|
    +-------------------------+----------+----+---+------+------------+------------+
    |Total                    |          |   0|  0|  4037|         941|        1017|
    +-------------------------+----------+----+---+------+------------+------------+

    * Multiplexer: 
    +-------------------------+----+-----------+-----+-----------+
    |           Name          | LUT| Input Size| Bits| Total Bits|
    +-------------------------+----+-----------+-----+-----------+
    |ap_done_int              |   9|          2|    1|          2|
    |ap_enable_reg_pp0_iter1  |   9|          2|    1|          2|
    |ap_sig_allocacmp_i       |   9|          2|    3|          6|
    |i_55_fu_80               |   9|          2|    3|          6|
    |solver_we0               |   9|          2|   56|        112|
    +-------------------------+----+-----------+-----+-----------+
    |Total                    |  45|         10|   64|        128|
    +-------------------------+----+-----------+-----+-----------+

    * Register: 
    +----------------------------------+----+----+-----+-----------+
    |               Name               | FF | LUT| Bits| Const Bits|
    +----------------------------------+----+----+-----+-----------+
    |ap_CS_fsm                         |   1|   0|    1|          0|
    |ap_done_reg                       |   1|   0|    1|          0|
    |ap_enable_reg_pp0_iter1           |   1|   0|    1|          0|
    |ap_enable_reg_pp0_iter2           |   1|   0|    1|          0|
    |ap_enable_reg_pp0_iter3           |   1|   0|    1|          0|
    |ap_loop_exit_ready_pp0_iter1_reg  |   1|   0|    1|          0|
    |ap_loop_exit_ready_pp0_iter2_reg  |   1|   0|    1|          0|
    |i_55_fu_80                        |   3|   0|    3|          0|
    |i_reg_347                         |   3|   0|    3|          0|
    |tmp_s_reg_356                     |   3|   0|    6|          3|
    |i_reg_347                         |  64|  32|    3|          0|
    |tmp_s_reg_356                     |  64|  32|    6|          3|
    +----------------------------------+----+----+-----+-----------+
    |Total                             | 144|  64|   28|          6|
    +----------------------------------+----+----+-----+-----------+



================================================================
== Interface
================================================================
* Summary: 
+-----------------+-----+-----+------------+-------------------------------------+--------------+
|    RTL Ports    | Dir | Bits|  Protocol  |            Source Object            |    C Type    |
+-----------------+-----+-----+------------+-------------------------------------+--------------+
|ap_clk           |   in|    1|  ap_ctrl_hs|  compute_Pipeline_VITIS_LOOP_114_124|  return value|
|ap_rst           |   in|    1|  ap_ctrl_hs|  compute_Pipeline_VITIS_LOOP_114_124|  return value|
|ap_start         |   in|    1|  ap_ctrl_hs|  compute_Pipeline_VITIS_LOOP_114_124|  return value|
|ap_done          |  out|    1|  ap_ctrl_hs|  compute_Pipeline_VITIS_LOOP_114_124|  return value|
|ap_idle          |  out|    1|  ap_ctrl_hs|  compute_Pipeline_VITIS_LOOP_114_124|  return value|
|ap_ready         |  out|    1|  ap_ctrl_hs|  compute_Pipeline_VITIS_LOOP_114_124|  return value|
|solver_address0  |  out|   10|   ap_memory|                               solver|         array|
|solver_ce0       |  out|    1|   ap_memory|                               solver|         array|
|solver_we0       |  out|   56|   ap_memory|                               solver|         array|
|solver_d0        |  out|  448|   ap_memory|                               solver|         array|
+-----------------+-----+-----+------------+-------------------------------------+--------------+

