

================================================================
== Vitis HLS Report for 'compute_Pipeline_49'
================================================================
* Date:           Sun Feb  5 17:02:58 2023

* Version:        2022.1 (Build 3526262 on Mon Apr 18 15:47:01 MDT 2022)
* Project:        hls_EstimateMotion
* Solution:       solution1 (Vivado IP Flow Target)
* Product family: virtexuplus
* Target device:  xcu50-fsvh2104-2L-e


================================================================
== Performance Estimates
================================================================
+ Timing: 
    * Summary: 
    +--------+----------+----------+------------+
    |  Clock |  Target  | Estimated| Uncertainty|
    +--------+----------+----------+------------+
    |ap_clk  |  60.00 ns|  8.454 ns|    16.20 ns|
    +--------+----------+----------+------------+

+ Latency: 
    * Summary: 
    +---------+---------+----------+----------+-----+-----+---------+
    |  Latency (cycles) |  Latency (absolute) |  Interval | Pipeline|
    |   min   |   max   |    min   |    max   | min | max |   Type  |
    +---------+---------+----------+----------+-----+-----+---------+
    |        4|        ?|  0.240 us|         ?|    4|    ?|       no|
    +---------+---------+----------+----------+-----+-----+---------+

    + Detail: 
        * Instance: 
        N/A

        * Loop: 
        +----------+---------+---------+----------+-----------+-----------+-------+----------+
        |          |  Latency (cycles) | Iteration|  Initiation Interval  |  Trip |          |
        | Loop Name|   min   |   max   |  Latency |  achieved |   target  | Count | Pipelined|
        +----------+---------+---------+----------+-----------+-----------+-------+----------+
        |- Loop 1  |        2|        ?|         2|          1|          1|  1 ~ ?|       yes|
        +----------+---------+---------+----------+-----------+-----------+-------+----------+



================================================================
== Utilization Estimates
================================================================
* Summary: 
+---------------------+---------+------+---------+--------+-----+
|         Name        | BRAM_18K|  DSP |    FF   |   LUT  | URAM|
+---------------------+---------+------+---------+--------+-----+
|DSP                  |        -|     -|        -|       -|    -|
|Expression           |        -|     -|        0|    2632|    -|
|FIFO                 |        -|     -|        -|       -|    -|
|Instance             |        -|    15|        0|      50|    -|
|Memory               |        -|     -|        -|       -|    -|
|Multiplexer          |        -|     -|        -|      45|    -|
|Register             |        -|     -|      288|       -|    -|
+---------------------+---------+------+---------+--------+-----+
|Total                |        0|    15|      288|    2727|    0|
+---------------------+---------+------+---------+--------+-----+
|Available SLR        |     1344|  2976|   871680|  435840|  320|
+---------------------+---------+------+---------+--------+-----+
|Utilization SLR (%)  |        0|    ~0|       ~0|      ~0|    0|
+---------------------+---------+------+---------+--------+-----+
|Available            |     2688|  5952|  1743360|  871680|  640|
+---------------------+---------+------+---------+--------+-----+
|Utilization (%)      |        0|    ~0|       ~0|      ~0|    0|
+---------------------+---------+------+---------+--------+-----+

+ Detail: 
    * Instance: 
    +-----------------------------+-----------------------+---------+----+---+----+-----+
    |           Instance          |         Module        | BRAM_18K| DSP| FF| LUT| URAM|
    +-----------------------------+-----------------------+---------+----+---+----+-----+
    |mul_64ns_66ns_129_1_1_U3831  |mul_64ns_66ns_129_1_1  |        0|  15|  0|  50|    0|
    +-----------------------------+-----------------------+---------+----+---+----+-----+
    |Total                        |                       |        0|  15|  0|  50|    0|
    +-----------------------------+-----------------------+---------+----+---+----+-----+

    * DSP: 
    N/A

    * Memory: 
    N/A

    * FIFO: 
    N/A

    * Expression: 
    +-----------------------+----------+----+---+------+------------+------------+
    |     Variable Name     | Operation| DSP| FF|  LUT | Bitwidth P0| Bitwidth P1|
    +-----------------------+----------+----+---+------+------------+------------+
    |empty_1676_fu_181_p2   |         +|   0|  0|    20|          13|          13|
    |empty_1678_fu_211_p2   |         +|   0|  0|    64|          64|          64|
    |empty_1681_fu_345_p2   |         +|   0|  0|    64|          64|          64|
    |empty_1682_fu_361_p2   |         +|   0|  0|    56|          56|          56|
    |empty_1685_fu_216_p2   |         +|   0|  0|    71|          64|           1|
    |tmp174_fu_205_p2       |         +|   0|  0|    64|          64|          16|
    |tmp175_fu_350_p2       |         +|   0|  0|    56|          56|          56|
    |tmp176_fu_355_p2       |         +|   0|  0|    56|          56|          16|
    |empty_1679_fu_333_p2   |         -|   0|  0|    64|          64|          64|
    |empty_1680_fu_339_p2   |         -|   0|  0|    56|          56|          56|
    |exitcond848_fu_222_p2  |      icmp|   0|  0|    29|          64|          64|
    |empty_1683_fu_367_p2   |       shl|   0|  0|   165|           8|          56|
    |solver_d0              |       shl|   0|  0|  1865|         448|         448|
    |ap_enable_pp0          |       xor|   0|  0|     2|           1|           2|
    +-----------------------+----------+----+---+------+------------+------------+
    |Total                  |          |   0|  0|  2632|        1078|         976|
    +-----------------------+----------+----+---+------+------------+------------+

    * Multiplexer: 
    +----------------------------------+----+-----------+-----+-----------+
    |               Name               | LUT| Input Size| Bits| Total Bits|
    +----------------------------------+----+-----------+-----+-----------+
    |ap_done_int                       |   9|          2|    1|          2|
    |ap_enable_reg_pp0_iter1           |   9|          2|    1|          2|
    |ap_loop_exit_ready_pp0_iter2_reg  |   9|          2|    1|          2|
    |loop_index_i215_i_fu_90           |   9|          2|   64|        128|
    |solver_we0                        |   9|          2|   56|        112|
    +----------------------------------+----+-----------+-----+-----------+
    |Total                             |  45|         10|  123|        246|
    +----------------------------------+----+-----------+-----+-----------+

    * Register: 
    +----------------------------------+----+----+-----+-----------+
    |               Name               | FF | LUT| Bits| Const Bits|
    +----------------------------------+----+----+-----+-----------+
    |ap_CS_fsm                         |   1|   0|    1|          0|
    |ap_done_reg                       |   1|   0|    1|          0|
    |ap_enable_reg_pp0_iter1           |   1|   0|    1|          0|
    |ap_enable_reg_pp0_iter2           |   1|   0|    1|          0|
    |ap_loop_exit_ready_pp0_iter2_reg  |   1|   0|    1|          0|
    |conv_i207_i_cast_reg_405          |  32|   0|   64|         32|
    |empty_1677_reg_425                |  53|   0|   53|          0|
    |empty_1678_reg_430                |  64|   0|   64|          0|
    |loop_index_i215_i_fu_90           |  64|   0|   64|          0|
    |p_cast828_cast_reg_415            |  35|   0|   64|         29|
    |p_cast829_cast_reg_410            |  35|   0|   56|         21|
    +----------------------------------+----+----+-----+-----------+
    |Total                             | 288|   0|  370|         82|
    +----------------------------------+----+----+-----+-----------+



================================================================
== Interface
================================================================
* Summary: 
+----------------------+-----+-----+------------+---------------------+--------------+
|       RTL Ports      | Dir | Bits|  Protocol  |    Source Object    |    C Type    |
+----------------------+-----+-----+------------+---------------------+--------------+
|ap_clk                |   in|    1|  ap_ctrl_hs|  compute_Pipeline_49|  return value|
|ap_rst                |   in|    1|  ap_ctrl_hs|  compute_Pipeline_49|  return value|
|ap_start              |   in|    1|  ap_ctrl_hs|  compute_Pipeline_49|  return value|
|ap_done               |  out|    1|  ap_ctrl_hs|  compute_Pipeline_49|  return value|
|ap_idle               |  out|    1|  ap_ctrl_hs|  compute_Pipeline_49|  return value|
|ap_ready              |  out|    1|  ap_ctrl_hs|  compute_Pipeline_49|  return value|
|p_cast308             |   in|   13|     ap_none|            p_cast308|        scalar|
|ref_tmp25_i_address0  |  out|   10|   ap_memory|          ref_tmp25_i|         array|
|ref_tmp25_i_ce0       |  out|    1|   ap_memory|          ref_tmp25_i|         array|
|ref_tmp25_i_q0        |   in|   64|   ap_memory|          ref_tmp25_i|         array|
|p_cast828             |   in|   35|     ap_none|            p_cast828|        scalar|
|p_cast829             |   in|   35|     ap_none|            p_cast829|        scalar|
|solver_address0       |  out|   10|   ap_memory|               solver|         array|
|solver_ce0            |  out|    1|   ap_memory|               solver|         array|
|solver_we0            |  out|   56|   ap_memory|               solver|         array|
|solver_d0             |  out|  448|   ap_memory|               solver|         array|
|conv_i207_i           |   in|   32|     ap_none|          conv_i207_i|        scalar|
+----------------------+-----+-----+------------+---------------------+--------------+

