

================================================================
== Vitis HLS Report for 'dot'
================================================================
* Date:           Sun Feb  5 16:54:53 2023

* Version:        2022.1 (Build 3526262 on Mon Apr 18 15:47:01 MDT 2022)
* Project:        hls_EstimateMotion
* Solution:       solution1 (Vivado IP Flow Target)
* Product family: virtexuplus
* Target device:  xcu50-fsvh2104-2L-e


================================================================
== Performance Estimates
================================================================
+ Timing: 
    * Summary: 
    +--------+----------+-----------+------------+
    |  Clock |  Target  | Estimated | Uncertainty|
    +--------+----------+-----------+------------+
    |ap_clk  |  60.00 ns|  42.557 ns|    16.20 ns|
    +--------+----------+-----------+------------+

+ Latency: 
    * Summary: 
    +---------+---------+----------+----------+-----+-----+---------+
    |  Latency (cycles) |  Latency (absolute) |  Interval | Pipeline|
    |   min   |   max   |    min   |    max   | min | max |   Type  |
    +---------+---------+----------+----------+-----+-----+---------+
    |        7|        7|  0.420 us|  0.420 us|    3|    3|      yes|
    +---------+---------+----------+----------+-----+-----+---------+

    + Detail: 
        * Instance: 
        N/A

        * Loop: 
        N/A



================================================================
== Utilization Estimates
================================================================
* Summary: 
+---------------------+---------+------+---------+--------+-----+
|         Name        | BRAM_18K|  DSP |    FF   |   LUT  | URAM|
+---------------------+---------+------+---------+--------+-----+
|DSP                  |        -|     6|        -|       -|    -|
|Expression           |        -|     -|        0|   11466|    -|
|FIFO                 |        -|     -|        -|       -|    -|
|Instance             |        -|    11|        0|     814|    -|
|Memory               |        -|     -|        -|       -|    -|
|Multiplexer          |        -|     -|        -|     146|    -|
|Register             |        -|     -|      363|       -|    -|
+---------------------+---------+------+---------+--------+-----+
|Total                |        0|    17|      363|   12426|    0|
+---------------------+---------+------+---------+--------+-----+
|Available SLR        |     1344|  2976|   871680|  435840|  320|
+---------------------+---------+------+---------+--------+-----+
|Utilization SLR (%)  |        0|    ~0|       ~0|       2|    0|
+---------------------+---------+------+---------+--------+-----+
|Available            |     2688|  5952|  1743360|  871680|  640|
+---------------------+---------+------+---------+--------+-----+
|Utilization (%)      |        0|    ~0|       ~0|       1|    0|
+---------------------+---------+------+---------+--------+-----+

+ Detail: 
    * Instance: 
    +--------------------------------------+--------------------------------+---------+----+---+-----+-----+
    |               Instance               |             Module             | BRAM_18K| DSP| FF| LUT | URAM|
    +--------------------------------------+--------------------------------+---------+----+---+-----+-----+
    |dadd_64ns_64ns_64_1_full_dsp_1_U1170  |dadd_64ns_64ns_64_1_full_dsp_1  |        0|   3|  0|  708|    0|
    |dmul_64ns_64ns_64_1_max_dsp_1_U1171   |dmul_64ns_64ns_64_1_max_dsp_1   |        0|   8|  0|  106|    0|
    +--------------------------------------+--------------------------------+---------+----+---+-----+-----+
    |Total                                 |                                |        0|  11|  0|  814|    0|
    +--------------------------------------+--------------------------------+---------+----+---+-----+-----+

    * DSP: 
    +--------------------------------+--------------------------+-----------+
    |            Instance            |          Module          | Expression|
    +--------------------------------+--------------------------+-----------+
    |mul_mul_13ns_14ns_27_4_1_U1172  |mul_mul_13ns_14ns_27_4_1  |    i0 * i1|
    |mul_mul_13ns_14ns_27_4_1_U1173  |mul_mul_13ns_14ns_27_4_1  |    i0 * i1|
    |mul_mul_13ns_14ns_27_4_1_U1174  |mul_mul_13ns_14ns_27_4_1  |    i0 * i1|
    |mul_mul_13ns_14ns_27_4_1_U1175  |mul_mul_13ns_14ns_27_4_1  |    i0 * i1|
    |mul_mul_13ns_14ns_27_4_1_U1176  |mul_mul_13ns_14ns_27_4_1  |    i0 * i1|
    |mul_mul_13ns_14ns_27_4_1_U1177  |mul_mul_13ns_14ns_27_4_1  |    i0 * i1|
    +--------------------------------+--------------------------+-----------+

    * Memory: 
    N/A

    * FIFO: 
    N/A

    * Expression: 
    +-----------------------+----------+----+---+------+------------+------------+
    |     Variable Name     | Operation| DSP| FF|  LUT | Bitwidth P0| Bitwidth P1|
    +-----------------------+----------+----+---+------+------------+------------+
    |add_ln36_10_fu_424_p2  |         +|   0|  0|    17|          12|          12|
    |add_ln36_11_fu_173_p2  |         +|   0|  0|    19|          12|           5|
    |add_ln36_12_fu_186_p2  |         +|   0|  0|    19|          12|           5|
    |add_ln36_13_fu_661_p2  |         +|   0|  0|    16|          14|          14|
    |add_ln36_14_fu_600_p2  |         +|   0|  0|    17|          12|          12|
    |add_ln36_5_fu_309_p2   |         +|   0|  0|    16|          14|          14|
    |add_ln36_7_fu_147_p2   |         +|   0|  0|    19|          12|           4|
    |add_ln36_8_fu_160_p2   |         +|   0|  0|    19|          12|           4|
    |add_ln36_9_fu_485_p2   |         +|   0|  0|    16|          14|          14|
    |add_ln36_fu_251_p2     |         +|   0|  0|    17|          12|          12|
    |sub_ln36_3_fu_303_p2   |         -|   0|  0|    16|          14|          14|
    |sub_ln36_4_fu_418_p2   |         -|   0|  0|    17|          12|          12|
    |sub_ln36_5_fu_479_p2   |         -|   0|  0|    16|          14|          14|
    |sub_ln36_6_fu_594_p2   |         -|   0|  0|    17|          12|          12|
    |sub_ln36_7_fu_655_p2   |         -|   0|  0|    16|          14|          14|
    |sub_ln36_fu_245_p2     |         -|   0|  0|    17|          12|          12|
    |lshr_ln36_3_fu_360_p2  |      lshr|   0|  0|  1865|         448|         448|
    |lshr_ln36_4_fu_506_p2  |      lshr|   0|  0|  1865|         448|         448|
    |lshr_ln36_5_fu_536_p2  |      lshr|   0|  0|  1865|         448|         448|
    |lshr_ln36_6_fu_682_p2  |      lshr|   0|  0|  1865|         448|         448|
    |lshr_ln36_7_fu_712_p2  |      lshr|   0|  0|  1865|         448|         448|
    |lshr_ln36_fu_330_p2    |      lshr|   0|  0|  1865|         448|         448|
    |ap_enable_pp0          |       xor|   0|  0|     2|           1|           2|
    +-----------------------+----------+----+---+------+------------+------------+
    |Total                  |          |   0|  0| 11466|        2893|        2864|
    +-----------------------+----------+----+---+------+------------+------------+

    * Multiplexer: 
    +-------------------------+----+-----------+-----+-----------+
    |           Name          | LUT| Input Size| Bits| Total Bits|
    +-------------------------+----+-----------+-----+-----------+
    |ap_NS_fsm                |  20|          4|    1|          4|
    |ap_enable_reg_pp0_iter0  |   9|          2|    1|          2|
    |ap_enable_reg_pp0_iter2  |   9|          2|    1|          2|
    |epnp_address0            |  20|          4|    8|         32|
    |epnp_address1            |  20|          4|    8|         32|
    |grp_fu_117_p0            |  14|          3|   64|        192|
    |grp_fu_117_p1            |  14|          3|   64|        192|
    |grp_fu_121_p0            |  20|          4|   64|        256|
    |grp_fu_121_p1            |  20|          4|   64|        256|
    +-------------------------+----+-----------+-----+-----------+
    |Total                    | 146|         30|  275|        968|
    +-------------------------+----+-----------+-----+-----------+

    * Register: 
    +-----------------------------+----+----+-----+-----------+
    |             Name            | FF | LUT| Bits| Const Bits|
    +-----------------------------+----+----+-----+-----------+
    |add_ln36_10_reg_868          |  12|   0|   12|          0|
    |add_ln36_11_reg_823          |  12|   0|   12|          0|
    |add_ln36_13_reg_903          |  14|   0|   14|          0|
    |add_ln36_14_reg_893          |  12|   0|   12|          0|
    |add_ln36_5_reg_858           |  14|   0|   14|          0|
    |add_ln36_7_reg_803           |  12|   0|   12|          0|
    |add_ln36_9_reg_878           |  14|   0|   14|          0|
    |add_ln36_reg_848             |  12|   0|   12|          0|
    |add_reg_908                  |  64|   0|   64|          0|
    |ap_CS_fsm                    |   3|   0|    3|          0|
    |ap_enable_reg_pp0_iter0_reg  |   1|   0|    1|          0|
    |ap_enable_reg_pp0_iter1      |   1|   0|    1|          0|
    |ap_enable_reg_pp0_iter2      |   1|   0|    1|          0|
    |mul4_reg_883                 |  64|   0|   64|          0|
    |reg_125                      |  64|   0|   64|          0|
    |sext_ln36_10_reg_813         |  13|   0|   13|          0|
    |sext_ln36_14_reg_833         |  13|   0|   13|          0|
    |v1_read_reg_781              |  12|   0|   12|          0|
    |v2_cast_cast_cast_reg_788    |  13|   0|   13|          0|
    |v2_read_reg_775              |  12|   0|   12|          0|
    +-----------------------------+----+----+-----+-----------+
    |Total                        | 363|   0|  363|          0|
    +-----------------------------+----+----+-----+-----------+



================================================================
== Interface
================================================================
* Summary: 
+---------------+-----+-----+------------+--------------+--------------+
|   RTL Ports   | Dir | Bits|  Protocol  | Source Object|    C Type    |
+---------------+-----+-----+------------+--------------+--------------+
|ap_clk         |   in|    1|  ap_ctrl_hs|           dot|  return value|
|ap_rst         |   in|    1|  ap_ctrl_hs|           dot|  return value|
|ap_start       |   in|    1|  ap_ctrl_hs|           dot|  return value|
|ap_done        |  out|    1|  ap_ctrl_hs|           dot|  return value|
|ap_idle        |  out|    1|  ap_ctrl_hs|           dot|  return value|
|ap_ready       |  out|    1|  ap_ctrl_hs|           dot|  return value|
|ap_ce          |   in|    1|  ap_ctrl_hs|           dot|  return value|
|ap_return      |  out|   64|  ap_ctrl_hs|           dot|  return value|
|epnp_address0  |  out|    8|   ap_memory|          epnp|         array|
|epnp_ce0       |  out|    1|   ap_memory|          epnp|         array|
|epnp_q0        |   in|  448|   ap_memory|          epnp|         array|
|epnp_address1  |  out|    8|   ap_memory|          epnp|         array|
|epnp_ce1       |  out|    1|   ap_memory|          epnp|         array|
|epnp_q1        |   in|  448|   ap_memory|          epnp|         array|
|v1             |   in|   12|     ap_none|            v1|        scalar|
|v2             |   in|   12|     ap_none|            v2|        scalar|
+---------------+-----+-----+------------+--------------+--------------+

