

================================================================
== Vitis HLS Report for 'dot_9'
================================================================
* Date:           Sun Feb  5 16:57:03 2023

* Version:        2022.1 (Build 3526262 on Mon Apr 18 15:47:01 MDT 2022)
* Project:        hls_EstimateMotion
* Solution:       solution1 (Vivado IP Flow Target)
* Product family: virtexuplus
* Target device:  xcu50-fsvh2104-2L-e


================================================================
== Performance Estimates
================================================================
+ Timing: 
    * Summary: 
    +--------+----------+-----------+------------+
    |  Clock |  Target  | Estimated | Uncertainty|
    +--------+----------+-----------+------------+
    |ap_clk  |  60.00 ns|  42.557 ns|    16.20 ns|
    +--------+----------+-----------+------------+

+ Latency: 
    * Summary: 
    +---------+---------+----------+----------+-----+-----+---------+
    |  Latency (cycles) |  Latency (absolute) |  Interval | Pipeline|
    |   min   |   max   |    min   |    max   | min | max |   Type  |
    +---------+---------+----------+----------+-----+-----+---------+
    |        6|        6|  0.360 us|  0.360 us|    6|    6|       no|
    +---------+---------+----------+----------+-----+-----+---------+

    + Detail: 
        * Instance: 
        N/A

        * Loop: 
        N/A



================================================================
== Utilization Estimates
================================================================
* Summary: 
+---------------------+---------+------+---------+--------+-----+
|         Name        | BRAM_18K|  DSP |    FF   |   LUT  | URAM|
+---------------------+---------+------+---------+--------+-----+
|DSP                  |        -|     3|        -|       -|    -|
|Expression           |        -|     -|        0|    5775|    -|
|FIFO                 |        -|     -|        -|       -|    -|
|Instance             |        -|    19|        0|     920|    -|
|Memory               |        -|     -|        -|       -|    -|
|Multiplexer          |        -|     -|        -|     113|    -|
|Register             |        -|     -|      247|       -|    -|
+---------------------+---------+------+---------+--------+-----+
|Total                |        0|    22|      247|    6808|    0|
+---------------------+---------+------+---------+--------+-----+
|Available SLR        |     1344|  2976|   871680|  435840|  320|
+---------------------+---------+------+---------+--------+-----+
|Utilization SLR (%)  |        0|    ~0|       ~0|       1|    0|
+---------------------+---------+------+---------+--------+-----+
|Available            |     2688|  5952|  1743360|  871680|  640|
+---------------------+---------+------+---------+--------+-----+
|Utilization (%)      |        0|    ~0|       ~0|      ~0|    0|
+---------------------+---------+------+---------+--------+-----+

+ Detail: 
    * Instance: 
    +--------------------------------------+--------------------------------+---------+----+---+-----+-----+
    |               Instance               |             Module             | BRAM_18K| DSP| FF| LUT | URAM|
    +--------------------------------------+--------------------------------+---------+----+---+-----+-----+
    |dadd_64ns_64ns_64_1_full_dsp_1_U2022  |dadd_64ns_64ns_64_1_full_dsp_1  |        0|   3|  0|  708|    0|
    |dmul_64ns_64ns_64_1_max_dsp_1_U2023   |dmul_64ns_64ns_64_1_max_dsp_1   |        0|   8|  0|  106|    0|
    |dmul_64ns_64ns_64_1_max_dsp_1_U2024   |dmul_64ns_64ns_64_1_max_dsp_1   |        0|   8|  0|  106|    0|
    +--------------------------------------+--------------------------------+---------+----+---+-----+-----+
    |Total                                 |                                |        0|  19|  0|  920|    0|
    +--------------------------------------+--------------------------------+---------+----+---+-----+-----+

    * DSP: 
    +--------------------------------+--------------------------+-----------+
    |            Instance            |          Module          | Expression|
    +--------------------------------+--------------------------+-----------+
    |mul_mul_13ns_14ns_27_4_1_U2025  |mul_mul_13ns_14ns_27_4_1  |    i0 * i1|
    |mul_mul_13ns_14ns_27_4_1_U2026  |mul_mul_13ns_14ns_27_4_1  |    i0 * i1|
    |mul_mul_13ns_14ns_27_4_1_U2027  |mul_mul_13ns_14ns_27_4_1  |    i0 * i1|
    +--------------------------------+--------------------------+-----------+

    * Memory: 
    N/A

    * FIFO: 
    N/A

    * Expression: 
    +-----------------------+----------+----+---+------+------------+------------+
    |     Variable Name     | Operation| DSP| FF|  LUT | Bitwidth P0| Bitwidth P1|
    +-----------------------+----------+----+---+------+------------+------------+
    |add_ln36_1_fu_142_p2   |         +|   0|  0|    19|          12|           4|
    |add_ln36_2_fu_229_p2   |         +|   0|  0|    18|          10|           4|
    |add_ln36_3_fu_156_p2   |         +|   0|  0|    19|          12|           5|
    |add_ln36_4_fu_288_p2   |         +|   0|  0|    18|          10|          10|
    |add_ln36_5_fu_294_p2   |         +|   0|  0|    18|          10|           5|
    |add_ln36_6_fu_348_p2   |         +|   0|  0|    18|          10|          10|
    |add_ln36_fu_224_p2     |         +|   0|  0|    18|          10|          10|
    |sub_ln36_1_fu_282_p2   |         -|   0|  0|    17|          10|          10|
    |sub_ln36_2_fu_342_p2   |         -|   0|  0|    17|          10|          10|
    |sub_ln36_fu_218_p2     |         -|   0|  0|    18|          10|          10|
    |lshr_ln36_1_fu_399_p2  |      lshr|   0|  0|  1865|         448|         448|
    |lshr_ln36_2_fu_433_p2  |      lshr|   0|  0|  1865|         448|         448|
    |lshr_ln36_fu_369_p2    |      lshr|   0|  0|  1865|         448|         448|
    +-----------------------+----------+----+---+------+------------+------------+
    |Total                  |          |   0|  0|  5775|        1448|        1422|
    +-----------------------+----------+----+---+------+------------+------------+

    * Multiplexer: 
    +---------------+----+-----------+-----+-----------+
    |      Name     | LUT| Input Size| Bits| Total Bits|
    +---------------+----+-----------+-----+-----------+
    |ap_NS_fsm      |  43|          8|    1|          8|
    |epnp_address0  |  14|          3|    8|         24|
    |grp_fu_109_p0  |  14|          3|   64|        192|
    |grp_fu_109_p1  |  14|          3|   64|        192|
    |grp_fu_113_p0  |  14|          3|   64|        192|
    |grp_fu_113_p1  |  14|          3|   64|        192|
    +---------------+----+-----------+-----+-----------+
    |Total          | 113|         23|  265|        800|
    +---------------+----+-----------+-----+-----------+

    * Register: 
    +--------------------+----+----+-----+-----------+
    |        Name        | FF | LUT| Bits| Const Bits|
    +--------------------+----+----+-----+-----------+
    |add_ln36_4_reg_512  |  10|   0|   10|          0|
    |add_ln36_6_reg_522  |  10|   0|   10|          0|
    |add_ln36_reg_502    |  10|   0|   10|          0|
    |add_reg_537         |  64|   0|   64|          0|
    |ap_CS_fsm           |   7|   0|    7|          0|
    |empty_reg_475       |  10|   0|   10|          0|
    |mul4_reg_527        |  64|   0|   64|          0|
    |reg_124             |  64|   0|   64|          0|
    |tmp_1077_reg_517    |   8|   0|    8|          0|
    +--------------------+----+----+-----+-----------+
    |Total               | 247|   0|  247|          0|
    +--------------------+----+----+-----+-----------+



================================================================
== Interface
================================================================
* Summary: 
+---------------+-----+-----+------------+--------------+--------------+
|   RTL Ports   | Dir | Bits|  Protocol  | Source Object|    C Type    |
+---------------+-----+-----+------------+--------------+--------------+
|ap_clk         |   in|    1|  ap_ctrl_hs|         dot.9|  return value|
|ap_rst         |   in|    1|  ap_ctrl_hs|         dot.9|  return value|
|ap_start       |   in|    1|  ap_ctrl_hs|         dot.9|  return value|
|ap_done        |  out|    1|  ap_ctrl_hs|         dot.9|  return value|
|ap_idle        |  out|    1|  ap_ctrl_hs|         dot.9|  return value|
|ap_ready       |  out|    1|  ap_ctrl_hs|         dot.9|  return value|
|ap_return      |  out|   64|  ap_ctrl_hs|         dot.9|  return value|
|epnp_address0  |  out|    8|   ap_memory|          epnp|         array|
|epnp_ce0       |  out|    1|   ap_memory|          epnp|         array|
|epnp_q0        |   in|  448|   ap_memory|          epnp|         array|
|epnp_address1  |  out|    8|   ap_memory|          epnp|         array|
|epnp_ce1       |  out|    1|   ap_memory|          epnp|         array|
|epnp_q1        |   in|  448|   ap_memory|          epnp|         array|
|v1             |   in|   12|     ap_none|            v1|        scalar|
|v2_0_read      |   in|   64|     ap_none|     v2_0_read|        scalar|
|v2_1_read      |   in|   64|     ap_none|     v2_1_read|        scalar|
|v2_2_read      |   in|   64|     ap_none|     v2_2_read|        scalar|
+---------------+-----+-----+------------+--------------+--------------+

