

================================================================
== Vitis HLS Report for 'estimate_motion'
================================================================
* Date:           Sun Feb  5 17:06:46 2023

* Version:        2022.1 (Build 3526262 on Mon Apr 18 15:47:01 MDT 2022)
* Project:        hls_EstimateMotion
* Solution:       solution1 (Vivado IP Flow Target)
* Product family: virtexuplus
* Target device:  xcu50-fsvh2104-2L-e


================================================================
== Performance Estimates
================================================================
+ Timing: 
    * Summary: 
    +--------+----------+-----------+------------+
    |  Clock |  Target  | Estimated | Uncertainty|
    +--------+----------+-----------+------------+
    |ap_clk  |  60.00 ns|  43.800 ns|    16.20 ns|
    +--------+----------+-----------+------------+

+ Latency: 
    * Summary: 
    +---------+---------+----------+----------+-----+-----+---------+
    |  Latency (cycles) |  Latency (absolute) |  Interval | Pipeline|
    |   min   |   max   |    min   |    max   | min | max |   Type  |
    +---------+---------+----------+----------+-----+-----+---------+
    |        ?|        ?|         ?|         ?|    ?|    ?|       no|
    +---------+---------+----------+----------+-----+-----+---------+

    + Detail: 
        * Instance: 
        +----------------------------------------------------------------------+-----------------------------------------------------------+---------+---------+-----------+-----------+--------+--------+---------+
        |                                                                      |                                                           |  Latency (cycles) |   Latency (absolute)  |     Interval    | Pipeline|
        |                               Instance                               |                           Module                          |   min   |   max   |    min    |    max    |   min  |   max  |   Type  |
        +----------------------------------------------------------------------+-----------------------------------------------------------+---------+---------+-----------+-----------+--------+--------+---------+
        |grp_estimate_motion_Pipeline_VITIS_LOOP_50_1_L_fu_468                 |estimate_motion_Pipeline_VITIS_LOOP_50_1_L                 |   116564|   116564|   6.994 ms|   6.994 ms|  116564|  116564|       no|
        |grp_estimate_motion_Pipeline_5_fu_474                                 |estimate_motion_Pipeline_5                                 |       20|       20|   1.200 us|   1.200 us|      20|      20|       no|
        |grp_estimate_motion_Pipeline_2_fu_479                                 |estimate_motion_Pipeline_2                                 |     1003|     1003|  60.180 us|  60.180 us|    1003|    1003|       no|
        |grp_estimate_motion_Pipeline_3_fu_486                                 |estimate_motion_Pipeline_3                                 |     2003|     2003|   0.120 ms|   0.120 ms|    2003|    2003|       no|
        |grp_estimate_motion_Pipeline_VITIS_LOOP_59_2_fu_493                   |estimate_motion_Pipeline_VITIS_LOOP_59_2                   |        ?|        ?|          ?|          ?|       ?|       ?|       no|
        |grp_estimate_motion_Pipeline_4_fu_506                                 |estimate_motion_Pipeline_4                                 |     2003|     2003|   0.120 ms|   0.120 ms|    2003|    2003|       no|
        |grp_estimate_motion_Pipeline_VITIS_LOOP_66_3_fu_513                   |estimate_motion_Pipeline_VITIS_LOOP_66_3                   |        ?|        ?|          ?|          ?|       ?|       ?|       no|
        |grp_estimate_motion_Pipeline_6_fu_522                                 |estimate_motion_Pipeline_6                                 |   933235|   933235|  55.994 ms|  55.994 ms|  933235|  933235|       no|
        |grp_estimate_motion_Pipeline_VITIS_LOOP_73_4_fu_529                   |estimate_motion_Pipeline_VITIS_LOOP_73_4                   |        ?|        ?|          ?|          ?|       ?|       ?|       no|
        |grp_estimate_motion_Pipeline_VITIS_LOOP_80_5_VITIS_LOOP_81_6_fu_538   |estimate_motion_Pipeline_VITIS_LOOP_80_5_VITIS_LOOP_81_6   |       26|       26|   1.560 us|   1.560 us|      26|      26|       no|
        |grp_estimate_motion_Pipeline_12_fu_546                                |estimate_motion_Pipeline_12                                |     3003|     3003|   0.180 ms|   0.180 ms|    3003|    3003|       no|
        |grp_estimate_motion_Pipeline_VITIS_LOOP_84_7_VITIS_LOOP_85_8_fu_553   |estimate_motion_Pipeline_VITIS_LOOP_84_7_VITIS_LOOP_85_8   |   466626|   466626|  27.998 ms|  27.998 ms|  466626|  466626|       no|
        |grp_estimate_motion_Pipeline_13_fu_562                                |estimate_motion_Pipeline_13                                |     2003|     2003|   0.120 ms|   0.120 ms|    2003|    2003|       no|
        |grp_estimate_motion_Pipeline_14_fu_569                                |estimate_motion_Pipeline_14                                |       32|       32|   1.920 us|   1.920 us|      32|      32|       no|
        |grp_estimate_motion_Pipeline_15_fu_574                                |estimate_motion_Pipeline_15                                |       22|       22|   1.320 us|   1.320 us|      22|      22|       no|
        |grp_estimate_motion_Pipeline_16_fu_579                                |estimate_motion_Pipeline_16                                |     2003|     2003|   0.120 ms|   0.120 ms|    2003|    2003|       no|
        |grp_estimate_motion_Pipeline_17_fu_586                                |estimate_motion_Pipeline_17                                |     1003|     1003|  60.180 us|  60.180 us|    1003|    1003|       no|
        |grp_estimate_motion_Pipeline_18_fu_593                                |estimate_motion_Pipeline_18                                |     3003|     3003|   0.180 ms|   0.180 ms|    3003|    3003|       no|
        |grp_estimate_motion_Pipeline_19_fu_600                                |estimate_motion_Pipeline_19                                |     2003|     2003|   0.120 ms|   0.120 ms|    2003|    2003|       no|
        |grp_estimate_motion_Pipeline_20_fu_607                                |estimate_motion_Pipeline_20                                |       20|       20|   1.200 us|   1.200 us|      20|      20|       no|
        |grp_estimate_motion_Pipeline_21_fu_612                                |estimate_motion_Pipeline_21                                |        8|        8|   0.480 us|   0.480 us|       8|       8|       no|
        |grp_estimate_fu_617                                                   |estimate                                                   |        ?|        ?|          ?|          ?|       ?|       ?|       no|
        |grp_estimate_motion_Pipeline_VITIS_LOOP_94_9_VITIS_LOOP_95_10_fu_672  |estimate_motion_Pipeline_VITIS_LOOP_94_9_VITIS_LOOP_95_10  |       24|       24|   1.440 us|   1.440 us|      24|      24|       no|
        |grp_estimate_motion_Pipeline_VITIS_LOOP_97_11_fu_680                  |estimate_motion_Pipeline_VITIS_LOOP_97_11                  |        9|        9|   0.540 us|   0.540 us|       9|       9|       no|
        +----------------------------------------------------------------------+-----------------------------------------------------------+---------+---------+-----------+-----------+--------+--------+---------+

        * Loop: 
        N/A



================================================================
== Utilization Estimates
================================================================
* Summary: 
+---------------------+---------+------+---------+---------+-----+
|         Name        | BRAM_18K|  DSP |    FF   |   LUT   | URAM|
+---------------------+---------+------+---------+---------+-----+
|DSP                  |        -|     -|        -|        -|    -|
|Expression           |        -|     -|        0|       16|    -|
|FIFO                 |        -|     -|        -|        -|    -|
|Instance             |      285|  8412|   356944|  1834282|    3|
|Memory               |       39|     -|       64|       85|    4|
|Multiplexer          |        -|     -|        -|     1455|    -|
|Register             |        -|     -|     1010|        -|    -|
+---------------------+---------+------+---------+---------+-----+
|Total                |      324|  8412|   358018|  1835838|    7|
+---------------------+---------+------+---------+---------+-----+
|Available SLR        |     1344|  2976|   871680|   435840|  320|
+---------------------+---------+------+---------+---------+-----+
|Utilization SLR (%)  |       24|   282|       41|      421|    2|
+---------------------+---------+------+---------+---------+-----+
|Available            |     2688|  5952|  1743360|   871680|  640|
+---------------------+---------+------+---------+---------+-----+
|Utilization (%)      |       12|   141|       20|      210|    1|
+---------------------+---------+------+---------+---------+-----+

+ Detail: 
    * Instance: 
    +----------------------------------------------------------------------+-----------------------------------------------------------+---------+------+--------+---------+-----+
    |                               Instance                               |                           Module                          | BRAM_18K|  DSP |   FF   |   LUT   | URAM|
    +----------------------------------------------------------------------+-----------------------------------------------------------+---------+------+--------+---------+-----+
    |control_s_axi_U                                                       |control_s_axi                                              |        0|     0|     640|     1128|    0|
    |grp_estimate_fu_617                                                   |estimate                                                   |      285|  8410|  352505|  1817835|    3|
    |grp_estimate_motion_Pipeline_12_fu_546                                |estimate_motion_Pipeline_12                                |        0|     0|      28|     1153|    0|
    |grp_estimate_motion_Pipeline_13_fu_562                                |estimate_motion_Pipeline_13                                |        0|     0|      28|     1146|    0|
    |grp_estimate_motion_Pipeline_14_fu_569                                |estimate_motion_Pipeline_14                                |        0|     0|       7|      183|    0|
    |grp_estimate_motion_Pipeline_15_fu_574                                |estimate_motion_Pipeline_15                                |        0|     0|       7|      183|    0|
    |grp_estimate_motion_Pipeline_16_fu_579                                |estimate_motion_Pipeline_16                                |        0|     0|      28|     1146|    0|
    |grp_estimate_motion_Pipeline_17_fu_586                                |estimate_motion_Pipeline_17                                |        0|     0|      26|     1150|    0|
    |grp_estimate_motion_Pipeline_18_fu_593                                |estimate_motion_Pipeline_18                                |        0|     0|      30|     1143|    0|
    |grp_estimate_motion_Pipeline_19_fu_600                                |estimate_motion_Pipeline_19                                |        0|     0|      29|     1153|    0|
    |grp_estimate_motion_Pipeline_2_fu_479                                 |estimate_motion_Pipeline_2                                 |        0|     0|      24|       66|    0|
    |grp_estimate_motion_Pipeline_20_fu_607                                |estimate_motion_Pipeline_20                                |        0|     0|       7|      177|    0|
    |grp_estimate_motion_Pipeline_21_fu_612                                |estimate_motion_Pipeline_21                                |        0|     0|       5|      146|    0|
    |grp_estimate_motion_Pipeline_3_fu_486                                 |estimate_motion_Pipeline_3                                 |        0|     0|      26|      274|    0|
    |grp_estimate_motion_Pipeline_4_fu_506                                 |estimate_motion_Pipeline_4                                 |        0|     0|      26|      274|    0|
    |grp_estimate_motion_Pipeline_5_fu_474                                 |estimate_motion_Pipeline_5                                 |        0|     0|       7|       73|    0|
    |grp_estimate_motion_Pipeline_6_fu_522                                 |estimate_motion_Pipeline_6                                 |        0|     0|      44|      286|    0|
    |grp_estimate_motion_Pipeline_VITIS_LOOP_50_1_L_fu_468                 |estimate_motion_Pipeline_VITIS_LOOP_50_1_L                 |        0|     1|      61|      154|    0|
    |grp_estimate_motion_Pipeline_VITIS_LOOP_59_2_fu_493                   |estimate_motion_Pipeline_VITIS_LOOP_59_2                   |        0|     0|     443|      802|    0|
    |grp_estimate_motion_Pipeline_VITIS_LOOP_66_3_fu_513                   |estimate_motion_Pipeline_VITIS_LOOP_66_3                   |        0|     0|     474|      492|    0|
    |grp_estimate_motion_Pipeline_VITIS_LOOP_73_4_fu_529                   |estimate_motion_Pipeline_VITIS_LOOP_73_4                   |        0|     0|     474|      492|    0|
    |grp_estimate_motion_Pipeline_VITIS_LOOP_80_5_VITIS_LOOP_81_6_fu_538   |estimate_motion_Pipeline_VITIS_LOOP_80_5_VITIS_LOOP_81_6   |        0|     0|     368|      391|    0|
    |grp_estimate_motion_Pipeline_VITIS_LOOP_84_7_VITIS_LOOP_85_8_fu_553   |estimate_motion_Pipeline_VITIS_LOOP_84_7_VITIS_LOOP_85_8   |        0|     1|     138|      237|    0|
    |grp_estimate_motion_Pipeline_VITIS_LOOP_94_9_VITIS_LOOP_95_10_fu_672  |estimate_motion_Pipeline_VITIS_LOOP_94_9_VITIS_LOOP_95_10  |        0|     0|     434|     1424|    0|
    |grp_estimate_motion_Pipeline_VITIS_LOOP_97_11_fu_680                  |estimate_motion_Pipeline_VITIS_LOOP_97_11                  |        0|     0|      75|     1066|    0|
    |gmem_m_axi_U                                                          |gmem_m_axi                                                 |        0|     0|    1010|     1708|    0|
    +----------------------------------------------------------------------+-----------------------------------------------------------+---------+------+--------+---------+-----+
    |Total                                                                 |                                                           |      285|  8412|  356944|  1834282|    3|
    +----------------------------------------------------------------------+-----------------------------------------------------------+---------+------+--------+---------+-----+

    * DSP: 
    N/A

    * Memory: 
    +------------------+-------------------------------+---------+----+----+-----+--------+-----+------+-------------+
    |      Memory      |             Module            | BRAM_18K| FF | LUT| URAM|  Words | Bits| Banks| W*Bits*Banks|
    +------------------+-------------------------------+---------+----+----+-----+--------+-----+------+-------------+
    |k_U               |ProjectPoints_R_RAM_AUTO_1R1W  |        0|  64|  65|    0|      10|   64|     1|          640|
    |depth_U           |depth_RAM_AUTO_1R1W            |       29|   0|  20|    0|  466617|   64|     1|     29863488|
    |em_U              |em_RAM_AUTO_1R1W               |        0|   0|   0|    4|    1638|  256|     1|       419328|
    |kp0_U             |kp0_RAM_AUTO_1R1W              |        4|   0|   0|    0|    1001|   64|     1|        64064|
    |kp1_U             |kp0_RAM_AUTO_1R1W              |        4|   0|   0|    0|    1001|   64|     1|        64064|
    |match_val_1434_U  |match_val_1434_RAM_AUTO_1R1W   |        1|   0|   0|    0|    1000|    9|     1|         9000|
    |tmpArray_U        |tmpArray_RAM_AUTO_1R1W         |        1|   0|   0|    0|  466616|    1|     1|       466616|
    +------------------+-------------------------------+---------+----+----+-----+--------+-----+------+-------------+
    |Total             |                               |       39|  64|  85|    4|  937883|  522|     7|     30887200|
    +------------------+-------------------------------+---------+----+----+-----+--------+-----+------+-------------+

    * FIFO: 
    N/A

    * Expression: 
    +----------------------------------+----------+----+---+----+------------+------------+
    |           Variable Name          | Operation| DSP| FF| LUT| Bitwidth P0| Bitwidth P1|
    +----------------------------------+----------+----+---+----+------------+------------+
    |ap_block_state11_on_subcall_done  |        or|   0|  0|   2|           1|           1|
    |ap_block_state13_on_subcall_done  |        or|   0|  0|   2|           1|           1|
    |ap_block_state16_on_subcall_done  |        or|   0|  0|   2|           1|           1|
    |ap_block_state3_on_subcall_done   |        or|   0|  0|   2|           1|           1|
    |ap_block_state7_on_subcall_done   |        or|   0|  0|   2|           1|           1|
    |ap_block_state9_on_subcall_done   |        or|   0|  0|   2|           1|           1|
    |xor_ln59_fu_697_p2                |       xor|   0|  0|   4|           3|           4|
    +----------------------------------+----------+----+---+----+------------+------------+
    |Total                             |          |   0|  0|  16|           9|          10|
    +----------------------------------+----------+----+---+----+------------+------------+

    * Multiplexer: 
    +-------------------------+-----+-----------+-----+-----------+
    |           Name          | LUT | Input Size| Bits| Total Bits|
    +-------------------------+-----+-----------+-----+-----------+
    |ap_NS_fsm                |  213|         49|    1|         49|
    |depth_address0           |   26|          5|   19|         95|
    |depth_ce0                |   26|          5|    1|          5|
    |depth_d0                 |   20|          4|   64|        256|
    |depth_we0                |   20|          4|    8|         32|
    |em_address0              |  118|         24|   11|        264|
    |em_ce0                   |   65|         14|    1|         14|
    |em_ce1                   |    9|          2|    1|          2|
    |em_d0                    |  102|         21|  256|       5376|
    |em_we0                   |   81|         17|   32|        544|
    |em_we1                   |    9|          2|   32|         64|
    |gmem_ARADDR              |   31|          6|   64|        384|
    |gmem_ARLEN               |   31|          6|   32|        192|
    |gmem_ARVALID             |   31|          6|    1|          6|
    |gmem_AWADDR              |   14|          3|   64|        192|
    |gmem_AWLEN               |   14|          3|   32|         96|
    |gmem_AWVALID             |   14|          3|    1|          3|
    |gmem_BREADY              |   14|          3|    1|          3|
    |gmem_RREADY              |   31|          6|    1|          6|
    |gmem_WDATA               |   14|          3|   64|        192|
    |gmem_WSTRB               |   14|          3|    8|         24|
    |gmem_WVALID              |   14|          3|    1|          3|
    |k_address0               |   26|          5|    4|         20|
    |k_ce0                    |   26|          5|    1|          5|
    |k_ce1                    |    9|          2|    1|          2|
    |k_d0                     |   20|          4|   64|        256|
    |k_we0                    |   20|          4|    8|         32|
    |kp0_address0             |   31|          6|   10|         60|
    |kp0_ce0                  |   26|          5|    1|          5|
    |kp0_ce1                  |    9|          2|    1|          2|
    |kp0_d0                   |   26|          5|   64|        320|
    |kp0_we0                  |   26|          5|    8|         40|
    |kp1_address0             |   31|          6|   10|         60|
    |kp1_ce0                  |   26|          5|    1|          5|
    |kp1_ce1                  |    9|          2|    1|          2|
    |kp1_d0                   |   26|          5|   64|        320|
    |kp1_we0                  |   26|          5|    8|         40|
    |match_val_1434_address0  |   20|          4|   10|         40|
    |match_val_1434_ce0       |   20|          4|    1|          4|
    |match_val_1434_d0        |   14|          3|    9|         27|
    |match_val_1434_we0       |   14|          3|    1|          3|
    |tmpArray_address0        |   65|         13|   19|        247|
    |tmpArray_ce0             |   65|         13|    1|         13|
    |tmpArray_we0             |    9|          2|    1|          2|
    +-------------------------+-----+-----------+-----+-----------+
    |Total                    | 1455|        300|  983|       9307|
    +-------------------------+-----+-----------+-----+-----------+

    * Register: 
    +-----------------------------------------------------------------------------------+-----+----+-----+-----------+
    |                                        Name                                       |  FF | LUT| Bits| Const Bits|
    +-----------------------------------------------------------------------------------+-----+----+-----+-----------+
    |ap_CS_fsm                                                                          |   48|   0|   48|          0|
    |depth_val_read_reg_764                                                             |   64|   0|   64|          0|
    |em_load_reg_841                                                                    |  256|   0|  256|          0|
    |grp_estimate_fu_617_ap_start_reg                                                   |    1|   0|    1|          0|
    |grp_estimate_motion_Pipeline_12_fu_546_ap_start_reg                                |    1|   0|    1|          0|
    |grp_estimate_motion_Pipeline_13_fu_562_ap_start_reg                                |    1|   0|    1|          0|
    |grp_estimate_motion_Pipeline_14_fu_569_ap_start_reg                                |    1|   0|    1|          0|
    |grp_estimate_motion_Pipeline_15_fu_574_ap_start_reg                                |    1|   0|    1|          0|
    |grp_estimate_motion_Pipeline_16_fu_579_ap_start_reg                                |    1|   0|    1|          0|
    |grp_estimate_motion_Pipeline_17_fu_586_ap_start_reg                                |    1|   0|    1|          0|
    |grp_estimate_motion_Pipeline_18_fu_593_ap_start_reg                                |    1|   0|    1|          0|
    |grp_estimate_motion_Pipeline_19_fu_600_ap_start_reg                                |    1|   0|    1|          0|
    |grp_estimate_motion_Pipeline_20_fu_607_ap_start_reg                                |    1|   0|    1|          0|
    |grp_estimate_motion_Pipeline_21_fu_612_ap_start_reg                                |    1|   0|    1|          0|
    |grp_estimate_motion_Pipeline_2_fu_479_ap_start_reg                                 |    1|   0|    1|          0|
    |grp_estimate_motion_Pipeline_3_fu_486_ap_start_reg                                 |    1|   0|    1|          0|
    |grp_estimate_motion_Pipeline_4_fu_506_ap_start_reg                                 |    1|   0|    1|          0|
    |grp_estimate_motion_Pipeline_5_fu_474_ap_start_reg                                 |    1|   0|    1|          0|
    |grp_estimate_motion_Pipeline_6_fu_522_ap_start_reg                                 |    1|   0|    1|          0|
    |grp_estimate_motion_Pipeline_VITIS_LOOP_50_1_L_fu_468_ap_start_reg                 |    1|   0|    1|          0|
    |grp_estimate_motion_Pipeline_VITIS_LOOP_59_2_fu_493_ap_start_reg                   |    1|   0|    1|          0|
    |grp_estimate_motion_Pipeline_VITIS_LOOP_66_3_fu_513_ap_start_reg                   |    1|   0|    1|          0|
    |grp_estimate_motion_Pipeline_VITIS_LOOP_73_4_fu_529_ap_start_reg                   |    1|   0|    1|          0|
    |grp_estimate_motion_Pipeline_VITIS_LOOP_80_5_VITIS_LOOP_81_6_fu_538_ap_start_reg   |    1|   0|    1|          0|
    |grp_estimate_motion_Pipeline_VITIS_LOOP_84_7_VITIS_LOOP_85_8_fu_553_ap_start_reg   |    1|   0|    1|          0|
    |grp_estimate_motion_Pipeline_VITIS_LOOP_94_9_VITIS_LOOP_95_10_fu_672_ap_start_reg  |    1|   0|    1|          0|
    |grp_estimate_motion_Pipeline_VITIS_LOOP_97_11_fu_680_ap_start_reg                  |    1|   0|    1|          0|
    |k_val_read_reg_769                                                                 |   64|   0|   64|          0|
    |kp0_m_read_reg_785                                                                 |   32|   0|   32|          0|
    |kp0_val_read_reg_791                                                               |   64|   0|   64|          0|
    |kp1_m_read_reg_774                                                                 |   32|   0|   32|          0|
    |kp1_val_read_reg_780                                                               |   64|   0|   64|          0|
    |match_m_read_reg_796                                                               |   32|   0|   32|          0|
    |match_val_read_reg_801                                                             |   64|   0|   64|          0|
    |rmat_read_reg_759                                                                  |   64|   0|   64|          0|
    |shl_ln61_reg_811                                                                   |    3|   0|    6|          3|
    |shl_ln62_reg_816                                                                   |    3|   0|    6|          3|
    |trunc_ln25_reg_806                                                                 |   10|   0|   10|          0|
    |trunc_ln40_reg_826                                                                 |   61|   0|   61|          0|
    |trunc_ln_reg_821                                                                   |   61|   0|   61|          0|
    |tvec_read_reg_754                                                                  |   64|   0|   64|          0|
    +-----------------------------------------------------------------------------------+-----+----+-----+-----------+
    |Total                                                                              | 1010|   0| 1016|          6|
    +-----------------------------------------------------------------------------------+-----+----+-----+-----------+



================================================================
== Interface
================================================================
* Summary: 
+-----------------------+-----+-----+------------+-----------------+--------------+
|       RTL Ports       | Dir | Bits|  Protocol  |  Source Object  |    C Type    |
+-----------------------+-----+-----+------------+-----------------+--------------+
|s_axi_control_AWVALID  |   in|    1|       s_axi|          control|        scalar|
|s_axi_control_AWREADY  |  out|    1|       s_axi|          control|        scalar|
|s_axi_control_AWADDR   |   in|    7|       s_axi|          control|        scalar|
|s_axi_control_WVALID   |   in|    1|       s_axi|          control|        scalar|
|s_axi_control_WREADY   |  out|    1|       s_axi|          control|        scalar|
|s_axi_control_WDATA    |   in|   32|       s_axi|          control|        scalar|
|s_axi_control_WSTRB    |   in|    4|       s_axi|          control|        scalar|
|s_axi_control_ARVALID  |   in|    1|       s_axi|          control|        scalar|
|s_axi_control_ARREADY  |  out|    1|       s_axi|          control|        scalar|
|s_axi_control_ARADDR   |   in|    7|       s_axi|          control|        scalar|
|s_axi_control_RVALID   |  out|    1|       s_axi|          control|        scalar|
|s_axi_control_RREADY   |   in|    1|       s_axi|          control|        scalar|
|s_axi_control_RDATA    |  out|   32|       s_axi|          control|        scalar|
|s_axi_control_RRESP    |  out|    2|       s_axi|          control|        scalar|
|s_axi_control_BVALID   |  out|    1|       s_axi|          control|        scalar|
|s_axi_control_BREADY   |   in|    1|       s_axi|          control|        scalar|
|s_axi_control_BRESP    |  out|    2|       s_axi|          control|        scalar|
|ap_clk                 |   in|    1|  ap_ctrl_hs|  estimate_motion|  return value|
|ap_rst_n               |   in|    1|  ap_ctrl_hs|  estimate_motion|  return value|
|interrupt              |  out|    1|  ap_ctrl_hs|  estimate_motion|  return value|
|m_axi_gmem_AWVALID     |  out|    1|       m_axi|             gmem|       pointer|
|m_axi_gmem_AWREADY     |   in|    1|       m_axi|             gmem|       pointer|
|m_axi_gmem_AWADDR      |  out|   64|       m_axi|             gmem|       pointer|
|m_axi_gmem_AWID        |  out|    1|       m_axi|             gmem|       pointer|
|m_axi_gmem_AWLEN       |  out|    8|       m_axi|             gmem|       pointer|
|m_axi_gmem_AWSIZE      |  out|    3|       m_axi|             gmem|       pointer|
|m_axi_gmem_AWBURST     |  out|    2|       m_axi|             gmem|       pointer|
|m_axi_gmem_AWLOCK      |  out|    2|       m_axi|             gmem|       pointer|
|m_axi_gmem_AWCACHE     |  out|    4|       m_axi|             gmem|       pointer|
|m_axi_gmem_AWPROT      |  out|    3|       m_axi|             gmem|       pointer|
|m_axi_gmem_AWQOS       |  out|    4|       m_axi|             gmem|       pointer|
|m_axi_gmem_AWREGION    |  out|    4|       m_axi|             gmem|       pointer|
|m_axi_gmem_AWUSER      |  out|    1|       m_axi|             gmem|       pointer|
|m_axi_gmem_WVALID      |  out|    1|       m_axi|             gmem|       pointer|
|m_axi_gmem_WREADY      |   in|    1|       m_axi|             gmem|       pointer|
|m_axi_gmem_WDATA       |  out|   64|       m_axi|             gmem|       pointer|
|m_axi_gmem_WSTRB       |  out|    8|       m_axi|             gmem|       pointer|
|m_axi_gmem_WLAST       |  out|    1|       m_axi|             gmem|       pointer|
|m_axi_gmem_WID         |  out|    1|       m_axi|             gmem|       pointer|
|m_axi_gmem_WUSER       |  out|    1|       m_axi|             gmem|       pointer|
|m_axi_gmem_ARVALID     |  out|    1|       m_axi|             gmem|       pointer|
|m_axi_gmem_ARREADY     |   in|    1|       m_axi|             gmem|       pointer|
|m_axi_gmem_ARADDR      |  out|   64|       m_axi|             gmem|       pointer|
|m_axi_gmem_ARID        |  out|    1|       m_axi|             gmem|       pointer|
|m_axi_gmem_ARLEN       |  out|    8|       m_axi|             gmem|       pointer|
|m_axi_gmem_ARSIZE      |  out|    3|       m_axi|             gmem|       pointer|
|m_axi_gmem_ARBURST     |  out|    2|       m_axi|             gmem|       pointer|
|m_axi_gmem_ARLOCK      |  out|    2|       m_axi|             gmem|       pointer|
|m_axi_gmem_ARCACHE     |  out|    4|       m_axi|             gmem|       pointer|
|m_axi_gmem_ARPROT      |  out|    3|       m_axi|             gmem|       pointer|
|m_axi_gmem_ARQOS       |  out|    4|       m_axi|             gmem|       pointer|
|m_axi_gmem_ARREGION    |  out|    4|       m_axi|             gmem|       pointer|
|m_axi_gmem_ARUSER      |  out|    1|       m_axi|             gmem|       pointer|
|m_axi_gmem_RVALID      |   in|    1|       m_axi|             gmem|       pointer|
|m_axi_gmem_RREADY      |  out|    1|       m_axi|             gmem|       pointer|
|m_axi_gmem_RDATA       |   in|   64|       m_axi|             gmem|       pointer|
|m_axi_gmem_RLAST       |   in|    1|       m_axi|             gmem|       pointer|
|m_axi_gmem_RID         |   in|    1|       m_axi|             gmem|       pointer|
|m_axi_gmem_RUSER       |   in|    1|       m_axi|             gmem|       pointer|
|m_axi_gmem_RRESP       |   in|    2|       m_axi|             gmem|       pointer|
|m_axi_gmem_BVALID      |   in|    1|       m_axi|             gmem|       pointer|
|m_axi_gmem_BREADY      |  out|    1|       m_axi|             gmem|       pointer|
|m_axi_gmem_BRESP       |   in|    2|       m_axi|             gmem|       pointer|
|m_axi_gmem_BID         |   in|    1|       m_axi|             gmem|       pointer|
|m_axi_gmem_BUSER       |   in|    1|       m_axi|             gmem|       pointer|
+-----------------------+-----+-----+------------+-----------------+--------------+

