

================================================================
== Vitis HLS Report for 'estimate_motion_Pipeline_19'
================================================================
* Date:           Sun Feb  5 16:51:59 2023

* Version:        2022.1 (Build 3526262 on Mon Apr 18 15:47:01 MDT 2022)
* Project:        hls_EstimateMotion
* Solution:       solution1 (Vivado IP Flow Target)
* Product family: virtexuplus
* Target device:  xcu50-fsvh2104-2L-e


================================================================
== Performance Estimates
================================================================
+ Timing: 
    * Summary: 
    +--------+----------+----------+------------+
    |  Clock |  Target  | Estimated| Uncertainty|
    +--------+----------+----------+------------+
    |ap_clk  |  60.00 ns|  3.562 ns|    16.20 ns|
    +--------+----------+----------+------------+

+ Latency: 
    * Summary: 
    +---------+---------+----------+----------+------+------+---------+
    |  Latency (cycles) |  Latency (absolute) |   Interval  | Pipeline|
    |   min   |   max   |    min   |    max   |  min |  max |   Type  |
    +---------+---------+----------+----------+------+------+---------+
    |     2003|     2003|  0.120 ms|  0.120 ms|  2003|  2003|       no|
    +---------+---------+----------+----------+------+------+---------+

    + Detail: 
        * Instance: 
        N/A

        * Loop: 
        +----------+---------+---------+----------+-----------+-----------+------+----------+
        |          |  Latency (cycles) | Iteration|  Initiation Interval  | Trip |          |
        | Loop Name|   min   |   max   |  Latency |  achieved |   target  | Count| Pipelined|
        +----------+---------+---------+----------+-----------+-----------+------+----------+
        |- Loop 1  |     2001|     2001|         2|          1|          1|  2000|       yes|
        +----------+---------+---------+----------+-----------+-----------+------+----------+



================================================================
== Utilization Estimates
================================================================
* Summary: 
+---------------------+---------+------+---------+--------+-----+
|         Name        | BRAM_18K|  DSP |    FF   |   LUT  | URAM|
+---------------------+---------+------+---------+--------+-----+
|DSP                  |        -|     -|        -|       -|    -|
|Expression           |        -|     -|        0|    1108|    -|
|FIFO                 |        -|     -|        -|       -|    -|
|Instance             |        -|     -|        -|       -|    -|
|Memory               |        -|     -|        -|       -|    -|
|Multiplexer          |        -|     -|        -|      45|    -|
|Register             |        -|     -|       29|       -|    -|
+---------------------+---------+------+---------+--------+-----+
|Total                |        0|     0|       29|    1153|    0|
+---------------------+---------+------+---------+--------+-----+
|Available SLR        |     1344|  2976|   871680|  435840|  320|
+---------------------+---------+------+---------+--------+-----+
|Utilization SLR (%)  |        0|     0|       ~0|      ~0|    0|
+---------------------+---------+------+---------+--------+-----+
|Available            |     2688|  5952|  1743360|  871680|  640|
+---------------------+---------+------+---------+--------+-----+
|Utilization (%)      |        0|     0|       ~0|      ~0|    0|
+---------------------+---------+------+---------+--------+-----+

+ Detail: 
    * Instance: 
    N/A

    * DSP: 
    N/A

    * Memory: 
    N/A

    * FIFO: 
    N/A

    * Expression: 
    +----------------------+----------+----+---+-----+------------+------------+
    |     Variable Name    | Operation| DSP| FF| LUT | Bitwidth P0| Bitwidth P1|
    +----------------------+----------+----+---+-----+------------+------------+
    |empty_1389_fu_131_p2  |         +|   0|  0|   23|          16|          16|
    |empty_1390_fu_141_p2  |         +|   0|  0|   12|           5|           4|
    |empty_1393_fu_96_p2   |         +|   0|  0|   18|          11|           1|
    |exitcond86_fu_102_p2  |      icmp|   0|  0|   11|          11|           7|
    |em_d0                 |       shl|   0|  0|  950|         256|         256|
    |empty_1391_fu_151_p2  |       shl|   0|  0|   92|           4|          32|
    |ap_enable_pp0         |       xor|   0|  0|    2|           1|           2|
    +----------------------+----------+----+---+-----+------------+------------+
    |Total                 |          |   0|  0| 1108|         304|         318|
    +----------------------+----------+----+---+-----+------------+------------+

    * Multiplexer: 
    +----------------------------------------+----+-----------+-----+-----------+
    |                  Name                  | LUT| Input Size| Bits| Total Bits|
    +----------------------------------------+----+-----------+-----+-----------+
    |ap_done_int                             |   9|          2|    1|          2|
    |ap_loop_exit_ready_pp0_iter1_reg        |   9|          2|    1|          2|
    |ap_sig_allocacmp_loop_index_i29_i_load  |   9|          2|   11|         22|
    |em_we0                                  |   9|          2|   32|         64|
    |loop_index_i29_i_fu_50                  |   9|          2|   11|         22|
    +----------------------------------------+----+-----------+-----+-----------+
    |Total                                   |  45|         10|   56|        112|
    +----------------------------------------+----+-----------+-----+-----------+

    * Register: 
    +----------------------------------+----+----+-----+-----------+
    |               Name               | FF | LUT| Bits| Const Bits|
    +----------------------------------+----+----+-----+-----------+
    |ap_CS_fsm                         |   1|   0|    1|          0|
    |ap_done_reg                       |   1|   0|    1|          0|
    |ap_enable_reg_pp0_iter1           |   1|   0|    1|          0|
    |ap_loop_exit_ready_pp0_iter1_reg  |   1|   0|    1|          0|
    |empty_reg_209                     |   3|   0|    3|          0|
    |loop_index_i29_i_fu_50            |  11|   0|   11|          0|
    |loop_index_i29_i_load_reg_199     |  11|   0|   11|          0|
    +----------------------------------+----+----+-----+-----------+
    |Total                             |  29|   0|   29|          0|
    +----------------------------------+----+----+-----+-----------+



================================================================
== Interface
================================================================
* Summary: 
+-------------------+-----+-----+------------+-----------------------------+--------------+
|     RTL Ports     | Dir | Bits|  Protocol  |        Source Object        |    C Type    |
+-------------------+-----+-----+------------+-----------------------------+--------------+
|ap_clk             |   in|    1|  ap_ctrl_hs|  estimate_motion_Pipeline_19|  return value|
|ap_rst             |   in|    1|  ap_ctrl_hs|  estimate_motion_Pipeline_19|  return value|
|ap_start           |   in|    1|  ap_ctrl_hs|  estimate_motion_Pipeline_19|  return value|
|ap_done            |  out|    1|  ap_ctrl_hs|  estimate_motion_Pipeline_19|  return value|
|ap_idle            |  out|    1|  ap_ctrl_hs|  estimate_motion_Pipeline_19|  return value|
|ap_ready           |  out|    1|  ap_ctrl_hs|  estimate_motion_Pipeline_19|  return value|
|em_address0        |  out|   11|   ap_memory|                           em|         array|
|em_ce0             |  out|    1|   ap_memory|                           em|         array|
|em_we0             |  out|   32|   ap_memory|                           em|         array|
|em_d0              |  out|  256|   ap_memory|                           em|         array|
|tmpArray_address0  |  out|   19|   ap_memory|                     tmpArray|         array|
|tmpArray_ce0       |  out|    1|   ap_memory|                     tmpArray|         array|
|tmpArray_q0        |   in|    1|   ap_memory|                     tmpArray|         array|
+-------------------+-----+-----+------------+-----------------------------+--------------+

