

================================================================
== Vitis HLS Report for 'estimate_motion_Pipeline_VITIS_LOOP_94_9_VITIS_LOOP_95_10'
================================================================
* Date:           Sun Feb  5 17:06:42 2023

* Version:        2022.1 (Build 3526262 on Mon Apr 18 15:47:01 MDT 2022)
* Project:        hls_EstimateMotion
* Solution:       solution1 (Vivado IP Flow Target)
* Product family: virtexuplus
* Target device:  xcu50-fsvh2104-2L-e


================================================================
== Performance Estimates
================================================================
+ Timing: 
    * Summary: 
    +--------+----------+-----------+------------+
    |  Clock |  Target  | Estimated | Uncertainty|
    +--------+----------+-----------+------------+
    |ap_clk  |  60.00 ns|  43.800 ns|    16.20 ns|
    +--------+----------+-----------+------------+

+ Latency: 
    * Summary: 
    +---------+---------+----------+----------+-----+-----+---------+
    |  Latency (cycles) |  Latency (absolute) |  Interval | Pipeline|
    |   min   |   max   |    min   |    max   | min | max |   Type  |
    +---------+---------+----------+----------+-----+-----+---------+
    |       24|       24|  1.440 us|  1.440 us|   24|   24|       no|
    +---------+---------+----------+----------+-----+-----+---------+

    + Detail: 
        * Instance: 
        N/A

        * Loop: 
        +------------------------------------+---------+---------+----------+-----------+-----------+------+----------+
        |                                    |  Latency (cycles) | Iteration|  Initiation Interval  | Trip |          |
        |              Loop Name             |   min   |   max   |  Latency |  achieved |   target  | Count| Pipelined|
        +------------------------------------+---------+---------+----------+-----------+-----------+------+----------+
        |- VITIS_LOOP_94_9_VITIS_LOOP_95_10  |       22|       22|        15|          1|          1|     9|       yes|
        +------------------------------------+---------+---------+----------+-----------+-----------+------+----------+



================================================================
== Utilization Estimates
================================================================
* Summary: 
+---------------------+---------+------+---------+--------+-----+
|         Name        | BRAM_18K|  DSP |    FF   |   LUT  | URAM|
+---------------------+---------+------+---------+--------+-----+
|DSP                  |        -|     -|        -|       -|    -|
|Expression           |        -|     -|        0|    1217|    -|
|FIFO                 |        -|     -|        -|       -|    -|
|Instance             |        -|     -|      136|      62|    -|
|Memory               |        -|     -|        -|       -|    -|
|Multiplexer          |        -|     -|        -|      81|    -|
|Register             |        -|     -|      298|      64|    -|
+---------------------+---------+------+---------+--------+-----+
|Total                |        0|     0|      434|    1424|    0|
+---------------------+---------+------+---------+--------+-----+
|Available SLR        |     1344|  2976|   871680|  435840|  320|
+---------------------+---------+------+---------+--------+-----+
|Utilization SLR (%)  |        0|     0|       ~0|      ~0|    0|
+---------------------+---------+------+---------+--------+-----+
|Available            |     2688|  5952|  1743360|  871680|  640|
+---------------------+---------+------+---------+--------+-----+
|Utilization (%)      |        0|     0|       ~0|      ~0|    0|
+---------------------+---------+------+---------+--------+-----+

+ Detail: 
    * Instance: 
    +--------------------------+--------------------+---------+----+----+----+-----+
    |         Instance         |       Module       | BRAM_18K| DSP| FF | LUT| URAM|
    +--------------------------+--------------------+---------+----+----+----+-----+
    |urem_4ns_3ns_4_8_1_U4777  |urem_4ns_3ns_4_8_1  |        0|   0|  68|  31|    0|
    |urem_4ns_3ns_4_8_1_U4778  |urem_4ns_3ns_4_8_1  |        0|   0|  68|  31|    0|
    +--------------------------+--------------------+---------+----+----+----+-----+
    |Total                     |                    |        0|   0| 136|  62|    0|
    +--------------------------+--------------------+---------+----+----+----+-----+

    * DSP: 
    N/A

    * Memory: 
    N/A

    * FIFO: 
    N/A

    * Expression: 
    +------------------------------------+----------+----+---+-----+------------+------------+
    |            Variable Name           | Operation| DSP| FF| LUT | Bitwidth P0| Bitwidth P1|
    +------------------------------------+----------+----+---+-----+------------+------------+
    |add_ln94_1_fu_364_p2                |         +|   0|  0|   71|          64|          64|
    |add_ln94_2_fu_169_p2                |         +|   0|  0|   12|           4|           1|
    |add_ln94_fu_250_p2                  |         +|   0|  0|    9|           2|           1|
    |add_ln95_fu_442_p2                  |         +|   0|  0|    9|           2|           1|
    |add_ln96_1_fu_405_p2                |         +|   0|  0|   16|          15|          15|
    |add_ln96_2_fu_430_p2                |         +|   0|  0|   12|           5|           5|
    |add_ln96_fu_399_p2                  |         +|   0|  0|   16|          15|          15|
    |sub_ln96_1_fu_211_p2                |         -|   0|  0|   12|           5|           5|
    |sub_ln96_2_fu_286_p2                |         -|   0|  0|   12|           5|           5|
    |sub_ln96_3_fu_324_p2                |         -|   0|  0|   15|           8|           8|
    |sub_ln96_fu_241_p2                  |         -|   0|  0|   15|           8|           8|
    |ap_block_pp0_stage0_01001           |       and|   0|  0|    2|           1|           1|
    |ap_block_state15_pp0_stage0_iter14  |       and|   0|  0|    2|           1|           1|
    |ap_block_state9_io                  |       and|   0|  0|    2|           1|           1|
    |empty_1357_fu_436_p2                |      icmp|   0|  0|    9|           4|           1|
    |empty_1359_fu_448_p2                |      icmp|   0|  0|    9|           4|           1|
    |icmp_ln94_fu_163_p2                 |      icmp|   0|  0|    9|           4|           4|
    |icmp_ln95_fu_256_p2                 |      icmp|   0|  0|    8|           2|           2|
    |lshr_ln96_fu_478_p2                 |      lshr|   0|  0|  950|         256|         256|
    |ap_block_pp0_stage0_11001           |        or|   0|  0|    2|           1|           1|
    |select_ln94_1_fu_292_p3             |    select|   0|  0|    5|           1|           5|
    |select_ln94_2_fu_330_p3             |    select|   0|  0|    8|           1|           8|
    |select_ln94_3_fu_379_p3             |    select|   0|  0|    2|           1|           2|
    |select_ln94_fu_262_p3               |    select|   0|  0|    2|           1|           1|
    |ap_enable_pp0                       |       xor|   0|  0|    2|           1|           2|
    |xor_ln94_fu_346_p2                  |       xor|   0|  0|    6|           5|           6|
    +------------------------------------+----------+----+---+-----+------------+------------+
    |Total                               |          |   0|  0| 1217|         417|         420|
    +------------------------------------+----------+----+---+-----+------------+------------+

    * Multiplexer: 
    +----------------------------------------+----+-----------+-----+-----------+
    |                  Name                  | LUT| Input Size| Bits| Total Bits|
    +----------------------------------------+----+-----------+-----+-----------+
    |ap_done_int                             |   9|          2|    1|          2|
    |ap_enable_reg_pp0_iter8                 |   9|          2|    1|          2|
    |ap_sig_allocacmp_indvar_flatten39_load  |   9|          2|    4|          8|
    |gmem_blk_n_AW                           |   9|          2|    1|          2|
    |gmem_blk_n_B                            |   9|          2|    1|          2|
    |gmem_blk_n_W                            |   9|          2|    1|          2|
    |i_19_fu_102                             |   9|          2|    2|          4|
    |indvar_flatten39_fu_106                 |   9|          2|    4|          8|
    |j_fu_98                                 |   9|          2|    2|          4|
    +----------------------------------------+----+-----------+-----+-----------+
    |Total                                   |  81|         18|   17|         34|
    +----------------------------------------+----+-----------+-----+-----------+

    * Register: 
    +-----------------------------------+----+----+-----+-----------+
    |                Name               | FF | LUT| Bits| Const Bits|
    +-----------------------------------+----+----+-----+-----------+
    |add_ln96_2_reg_545                 |   5|   0|    5|          0|
    |ap_CS_fsm                          |   1|   0|    1|          0|
    |ap_done_reg                        |   1|   0|    1|          0|
    |ap_enable_reg_pp0_iter1            |   1|   0|    1|          0|
    |ap_enable_reg_pp0_iter10           |   1|   0|    1|          0|
    |ap_enable_reg_pp0_iter11           |   1|   0|    1|          0|
    |ap_enable_reg_pp0_iter12           |   1|   0|    1|          0|
    |ap_enable_reg_pp0_iter13           |   1|   0|    1|          0|
    |ap_enable_reg_pp0_iter14           |   1|   0|    1|          0|
    |ap_enable_reg_pp0_iter2            |   1|   0|    1|          0|
    |ap_enable_reg_pp0_iter3            |   1|   0|    1|          0|
    |ap_enable_reg_pp0_iter4            |   1|   0|    1|          0|
    |ap_enable_reg_pp0_iter5            |   1|   0|    1|          0|
    |ap_enable_reg_pp0_iter6            |   1|   0|    1|          0|
    |ap_enable_reg_pp0_iter7            |   1|   0|    1|          0|
    |ap_enable_reg_pp0_iter8            |   1|   0|    1|          0|
    |ap_enable_reg_pp0_iter9            |   1|   0|    1|          0|
    |ap_loop_exit_ready_pp0_iter10_reg  |   1|   0|    1|          0|
    |ap_loop_exit_ready_pp0_iter11_reg  |   1|   0|    1|          0|
    |ap_loop_exit_ready_pp0_iter12_reg  |   1|   0|    1|          0|
    |ap_loop_exit_ready_pp0_iter13_reg  |   1|   0|    1|          0|
    |ap_loop_exit_ready_pp0_iter1_reg   |   1|   0|    1|          0|
    |ap_loop_exit_ready_pp0_iter2_reg   |   1|   0|    1|          0|
    |ap_loop_exit_ready_pp0_iter3_reg   |   1|   0|    1|          0|
    |ap_loop_exit_ready_pp0_iter4_reg   |   1|   0|    1|          0|
    |ap_loop_exit_ready_pp0_iter5_reg   |   1|   0|    1|          0|
    |ap_loop_exit_ready_pp0_iter6_reg   |   1|   0|    1|          0|
    |ap_loop_exit_ready_pp0_iter7_reg   |   1|   0|    1|          0|
    |ap_loop_exit_ready_pp0_iter8_reg   |   1|   0|    1|          0|
    |ap_loop_exit_ready_pp0_iter9_reg   |   1|   0|    1|          0|
    |empty_1357_reg_550                 |   1|   0|    1|          0|
    |empty_1359_reg_554                 |   1|   0|    1|          0|
    |i_19_fu_102                        |   2|   0|    2|          0|
    |icmp_ln94_reg_526                  |   1|   0|    1|          0|
    |indvar_flatten39_fu_106            |   4|   0|    4|          0|
    |j_fu_98                            |   2|   0|    2|          0|
    |sext_ln96_3_mid2_v_reg_535         |  61|   0|   61|          0|
    |trunc_ln96_reg_558                 |  64|   0|   64|          0|
    |empty_1359_reg_554                 |  64|  32|    1|          0|
    |icmp_ln94_reg_526                  |  64|  32|    1|          0|
    +-----------------------------------+----+----+-----+-----------+
    |Total                              | 298|  64|  172|          0|
    +-----------------------------------+----+----+-----+-----------+



================================================================
== Interface
================================================================
* Summary: 
+---------------------+-----+-----+------------+-----------------------------------------------------------+--------------+
|      RTL Ports      | Dir | Bits|  Protocol  |                       Source Object                       |    C Type    |
+---------------------+-----+-----+------------+-----------------------------------------------------------+--------------+
|ap_clk               |   in|    1|  ap_ctrl_hs|  estimate_motion_Pipeline_VITIS_LOOP_94_9_VITIS_LOOP_95_10|  return value|
|ap_rst               |   in|    1|  ap_ctrl_hs|  estimate_motion_Pipeline_VITIS_LOOP_94_9_VITIS_LOOP_95_10|  return value|
|ap_start             |   in|    1|  ap_ctrl_hs|  estimate_motion_Pipeline_VITIS_LOOP_94_9_VITIS_LOOP_95_10|  return value|
|ap_done              |  out|    1|  ap_ctrl_hs|  estimate_motion_Pipeline_VITIS_LOOP_94_9_VITIS_LOOP_95_10|  return value|
|ap_idle              |  out|    1|  ap_ctrl_hs|  estimate_motion_Pipeline_VITIS_LOOP_94_9_VITIS_LOOP_95_10|  return value|
|ap_ready             |  out|    1|  ap_ctrl_hs|  estimate_motion_Pipeline_VITIS_LOOP_94_9_VITIS_LOOP_95_10|  return value|
|m_axi_gmem_AWVALID   |  out|    1|       m_axi|                                                       gmem|       pointer|
|m_axi_gmem_AWREADY   |   in|    1|       m_axi|                                                       gmem|       pointer|
|m_axi_gmem_AWADDR    |  out|   64|       m_axi|                                                       gmem|       pointer|
|m_axi_gmem_AWID      |  out|    1|       m_axi|                                                       gmem|       pointer|
|m_axi_gmem_AWLEN     |  out|   32|       m_axi|                                                       gmem|       pointer|
|m_axi_gmem_AWSIZE    |  out|    3|       m_axi|                                                       gmem|       pointer|
|m_axi_gmem_AWBURST   |  out|    2|       m_axi|                                                       gmem|       pointer|
|m_axi_gmem_AWLOCK    |  out|    2|       m_axi|                                                       gmem|       pointer|
|m_axi_gmem_AWCACHE   |  out|    4|       m_axi|                                                       gmem|       pointer|
|m_axi_gmem_AWPROT    |  out|    3|       m_axi|                                                       gmem|       pointer|
|m_axi_gmem_AWQOS     |  out|    4|       m_axi|                                                       gmem|       pointer|
|m_axi_gmem_AWREGION  |  out|    4|       m_axi|                                                       gmem|       pointer|
|m_axi_gmem_AWUSER    |  out|    1|       m_axi|                                                       gmem|       pointer|
|m_axi_gmem_WVALID    |  out|    1|       m_axi|                                                       gmem|       pointer|
|m_axi_gmem_WREADY    |   in|    1|       m_axi|                                                       gmem|       pointer|
|m_axi_gmem_WDATA     |  out|   64|       m_axi|                                                       gmem|       pointer|
|m_axi_gmem_WSTRB     |  out|    8|       m_axi|                                                       gmem|       pointer|
|m_axi_gmem_WLAST     |  out|    1|       m_axi|                                                       gmem|       pointer|
|m_axi_gmem_WID       |  out|    1|       m_axi|                                                       gmem|       pointer|
|m_axi_gmem_WUSER     |  out|    1|       m_axi|                                                       gmem|       pointer|
|m_axi_gmem_ARVALID   |  out|    1|       m_axi|                                                       gmem|       pointer|
|m_axi_gmem_ARREADY   |   in|    1|       m_axi|                                                       gmem|       pointer|
|m_axi_gmem_ARADDR    |  out|   64|       m_axi|                                                       gmem|       pointer|
|m_axi_gmem_ARID      |  out|    1|       m_axi|                                                       gmem|       pointer|
|m_axi_gmem_ARLEN     |  out|   32|       m_axi|                                                       gmem|       pointer|
|m_axi_gmem_ARSIZE    |  out|    3|       m_axi|                                                       gmem|       pointer|
|m_axi_gmem_ARBURST   |  out|    2|       m_axi|                                                       gmem|       pointer|
|m_axi_gmem_ARLOCK    |  out|    2|       m_axi|                                                       gmem|       pointer|
|m_axi_gmem_ARCACHE   |  out|    4|       m_axi|                                                       gmem|       pointer|
|m_axi_gmem_ARPROT    |  out|    3|       m_axi|                                                       gmem|       pointer|
|m_axi_gmem_ARQOS     |  out|    4|       m_axi|                                                       gmem|       pointer|
|m_axi_gmem_ARREGION  |  out|    4|       m_axi|                                                       gmem|       pointer|
|m_axi_gmem_ARUSER    |  out|    1|       m_axi|                                                       gmem|       pointer|
|m_axi_gmem_RVALID    |   in|    1|       m_axi|                                                       gmem|       pointer|
|m_axi_gmem_RREADY    |  out|    1|       m_axi|                                                       gmem|       pointer|
|m_axi_gmem_RDATA     |   in|   64|       m_axi|                                                       gmem|       pointer|
|m_axi_gmem_RLAST     |   in|    1|       m_axi|                                                       gmem|       pointer|
|m_axi_gmem_RID       |   in|    1|       m_axi|                                                       gmem|       pointer|
|m_axi_gmem_RFIFONUM  |   in|    9|       m_axi|                                                       gmem|       pointer|
|m_axi_gmem_RUSER     |   in|    1|       m_axi|                                                       gmem|       pointer|
|m_axi_gmem_RRESP     |   in|    2|       m_axi|                                                       gmem|       pointer|
|m_axi_gmem_BVALID    |   in|    1|       m_axi|                                                       gmem|       pointer|
|m_axi_gmem_BREADY    |  out|    1|       m_axi|                                                       gmem|       pointer|
|m_axi_gmem_BRESP     |   in|    2|       m_axi|                                                       gmem|       pointer|
|m_axi_gmem_BID       |   in|    1|       m_axi|                                                       gmem|       pointer|
|m_axi_gmem_BUSER     |   in|    1|       m_axi|                                                       gmem|       pointer|
|rmat                 |   in|   64|     ap_none|                                                       rmat|        scalar|
|em_address0          |  out|   11|   ap_memory|                                                         em|         array|
|em_ce0               |  out|    1|   ap_memory|                                                         em|         array|
|em_q0                |   in|  256|   ap_memory|                                                         em|         array|
+---------------------+-----+-----+------------+-----------------------------------------------------------+--------------+

