

================================================================
== Vitis HLS Report for 'estimate_motion_Pipeline_VITIS_LOOP_97_11'
================================================================
* Date:           Sun Feb  5 17:06:43 2023

* Version:        2022.1 (Build 3526262 on Mon Apr 18 15:47:01 MDT 2022)
* Project:        hls_EstimateMotion
* Solution:       solution1 (Vivado IP Flow Target)
* Product family: virtexuplus
* Target device:  xcu50-fsvh2104-2L-e


================================================================
== Performance Estimates
================================================================
+ Timing: 
    * Summary: 
    +--------+----------+-----------+------------+
    |  Clock |  Target  | Estimated | Uncertainty|
    +--------+----------+-----------+------------+
    |ap_clk  |  60.00 ns|  43.800 ns|    16.20 ns|
    +--------+----------+-----------+------------+

+ Latency: 
    * Summary: 
    +---------+---------+----------+----------+-----+-----+---------+
    |  Latency (cycles) |  Latency (absolute) |  Interval | Pipeline|
    |   min   |   max   |    min   |    max   | min | max |   Type  |
    +---------+---------+----------+----------+-----+-----+---------+
    |        9|        9|  0.540 us|  0.540 us|    9|    9|       no|
    +---------+---------+----------+----------+-----+-----+---------+

    + Detail: 
        * Instance: 
        N/A

        * Loop: 
        +--------------------+---------+---------+----------+-----------+-----------+------+----------+
        |                    |  Latency (cycles) | Iteration|  Initiation Interval  | Trip |          |
        |      Loop Name     |   min   |   max   |  Latency |  achieved |   target  | Count| Pipelined|
        +--------------------+---------+---------+----------+-----------+-----------+------+----------+
        |- VITIS_LOOP_97_11  |        3|        3|         2|          1|          1|     3|       yes|
        +--------------------+---------+---------+----------+-----------+-----------+------+----------+



================================================================
== Utilization Estimates
================================================================
* Summary: 
+---------------------+---------+------+---------+--------+-----+
|         Name        | BRAM_18K|  DSP |    FF   |   LUT  | URAM|
+---------------------+---------+------+---------+--------+-----+
|DSP                  |        -|     -|        -|       -|    -|
|Expression           |        -|     -|        0|     973|    -|
|FIFO                 |        -|     -|        -|       -|    -|
|Instance             |        -|     -|        -|       -|    -|
|Memory               |        -|     -|        -|       -|    -|
|Multiplexer          |        -|     -|        -|      93|    -|
|Register             |        -|     -|       75|       -|    -|
+---------------------+---------+------+---------+--------+-----+
|Total                |        0|     0|       75|    1066|    0|
+---------------------+---------+------+---------+--------+-----+
|Available SLR        |     1344|  2976|   871680|  435840|  320|
+---------------------+---------+------+---------+--------+-----+
|Utilization SLR (%)  |        0|     0|       ~0|      ~0|    0|
+---------------------+---------+------+---------+--------+-----+
|Available            |     2688|  5952|  1743360|  871680|  640|
+---------------------+---------+------+---------+--------+-----+
|Utilization (%)      |        0|     0|       ~0|      ~0|    0|
+---------------------+---------+------+---------+--------+-----+

+ Detail: 
    * Instance: 
    N/A

    * DSP: 
    N/A

    * Memory: 
    N/A

    * FIFO: 
    N/A

    * Expression: 
    +---------------------------+----------+----+---+-----+------------+------------+
    |       Variable Name       | Operation| DSP| FF| LUT | Bitwidth P0| Bitwidth P1|
    +---------------------------+----------+----+---+-----+------------+------------+
    |add_ln97_fu_131_p2         |         +|   0|  0|    9|           2|           1|
    |ap_block_pp0_stage0_11001  |       and|   0|  0|    2|           1|           1|
    |icmp_ln97_fu_125_p2        |      icmp|   0|  0|    8|           2|           2|
    |lshr_ln98_fu_149_p2        |      lshr|   0|  0|  950|         256|         256|
    |ap_enable_pp0              |       xor|   0|  0|    2|           1|           2|
    |ap_enable_reg_pp0_iter1    |       xor|   0|  0|    2|           2|           1|
    +---------------------------+----------+----+---+-----+------------+------------+
    |Total                      |          |   0|  0|  973|         264|         263|
    +---------------------------+----------+----+---+-----+------------+------------+

    * Multiplexer: 
    +-------------------------+----+-----------+-----+-----------+
    |           Name          | LUT| Input Size| Bits| Total Bits|
    +-------------------------+----+-----------+-----+-----------+
    |ap_NS_fsm                |  43|          8|    1|          8|
    |ap_enable_reg_pp0_iter1  |  14|          3|    1|          3|
    |gmem_blk_n_AW            |   9|          2|    1|          2|
    |gmem_blk_n_B             |   9|          2|    1|          2|
    |gmem_blk_n_W             |   9|          2|    1|          2|
    |i_20_fu_68               |   9|          2|    2|          4|
    +-------------------------+----+-----------+-----+-----------+
    |Total                    |  93|         19|    7|         21|
    +-------------------------+----+-----------+-----+-----------+

    * Register: 
    +-------------------------+----+----+-----+-----------+
    |           Name          | FF | LUT| Bits| Const Bits|
    +-------------------------+----+----+-----+-----------+
    |ap_CS_fsm                |   7|   0|    7|          0|
    |ap_enable_reg_pp0_iter0  |   1|   0|    1|          0|
    |ap_enable_reg_pp0_iter1  |   1|   0|    1|          0|
    |i_20_fu_68               |   2|   0|    2|          0|
    |trunc_ln98_reg_184       |  64|   0|   64|          0|
    +-------------------------+----+----+-----+-----------+
    |Total                    |  75|   0|   75|          0|
    +-------------------------+----+----+-----+-----------+



================================================================
== Interface
================================================================
* Summary: 
+---------------------+-----+-----+------------+-------------------------------------------+--------------+
|      RTL Ports      | Dir | Bits|  Protocol  |               Source Object               |    C Type    |
+---------------------+-----+-----+------------+-------------------------------------------+--------------+
|ap_clk               |   in|    1|  ap_ctrl_hs|  estimate_motion_Pipeline_VITIS_LOOP_97_11|  return value|
|ap_rst               |   in|    1|  ap_ctrl_hs|  estimate_motion_Pipeline_VITIS_LOOP_97_11|  return value|
|ap_start             |   in|    1|  ap_ctrl_hs|  estimate_motion_Pipeline_VITIS_LOOP_97_11|  return value|
|ap_done              |  out|    1|  ap_ctrl_hs|  estimate_motion_Pipeline_VITIS_LOOP_97_11|  return value|
|ap_idle              |  out|    1|  ap_ctrl_hs|  estimate_motion_Pipeline_VITIS_LOOP_97_11|  return value|
|ap_ready             |  out|    1|  ap_ctrl_hs|  estimate_motion_Pipeline_VITIS_LOOP_97_11|  return value|
|m_axi_gmem_AWVALID   |  out|    1|       m_axi|                                       gmem|       pointer|
|m_axi_gmem_AWREADY   |   in|    1|       m_axi|                                       gmem|       pointer|
|m_axi_gmem_AWADDR    |  out|   64|       m_axi|                                       gmem|       pointer|
|m_axi_gmem_AWID      |  out|    1|       m_axi|                                       gmem|       pointer|
|m_axi_gmem_AWLEN     |  out|   32|       m_axi|                                       gmem|       pointer|
|m_axi_gmem_AWSIZE    |  out|    3|       m_axi|                                       gmem|       pointer|
|m_axi_gmem_AWBURST   |  out|    2|       m_axi|                                       gmem|       pointer|
|m_axi_gmem_AWLOCK    |  out|    2|       m_axi|                                       gmem|       pointer|
|m_axi_gmem_AWCACHE   |  out|    4|       m_axi|                                       gmem|       pointer|
|m_axi_gmem_AWPROT    |  out|    3|       m_axi|                                       gmem|       pointer|
|m_axi_gmem_AWQOS     |  out|    4|       m_axi|                                       gmem|       pointer|
|m_axi_gmem_AWREGION  |  out|    4|       m_axi|                                       gmem|       pointer|
|m_axi_gmem_AWUSER    |  out|    1|       m_axi|                                       gmem|       pointer|
|m_axi_gmem_WVALID    |  out|    1|       m_axi|                                       gmem|       pointer|
|m_axi_gmem_WREADY    |   in|    1|       m_axi|                                       gmem|       pointer|
|m_axi_gmem_WDATA     |  out|   64|       m_axi|                                       gmem|       pointer|
|m_axi_gmem_WSTRB     |  out|    8|       m_axi|                                       gmem|       pointer|
|m_axi_gmem_WLAST     |  out|    1|       m_axi|                                       gmem|       pointer|
|m_axi_gmem_WID       |  out|    1|       m_axi|                                       gmem|       pointer|
|m_axi_gmem_WUSER     |  out|    1|       m_axi|                                       gmem|       pointer|
|m_axi_gmem_ARVALID   |  out|    1|       m_axi|                                       gmem|       pointer|
|m_axi_gmem_ARREADY   |   in|    1|       m_axi|                                       gmem|       pointer|
|m_axi_gmem_ARADDR    |  out|   64|       m_axi|                                       gmem|       pointer|
|m_axi_gmem_ARID      |  out|    1|       m_axi|                                       gmem|       pointer|
|m_axi_gmem_ARLEN     |  out|   32|       m_axi|                                       gmem|       pointer|
|m_axi_gmem_ARSIZE    |  out|    3|       m_axi|                                       gmem|       pointer|
|m_axi_gmem_ARBURST   |  out|    2|       m_axi|                                       gmem|       pointer|
|m_axi_gmem_ARLOCK    |  out|    2|       m_axi|                                       gmem|       pointer|
|m_axi_gmem_ARCACHE   |  out|    4|       m_axi|                                       gmem|       pointer|
|m_axi_gmem_ARPROT    |  out|    3|       m_axi|                                       gmem|       pointer|
|m_axi_gmem_ARQOS     |  out|    4|       m_axi|                                       gmem|       pointer|
|m_axi_gmem_ARREGION  |  out|    4|       m_axi|                                       gmem|       pointer|
|m_axi_gmem_ARUSER    |  out|    1|       m_axi|                                       gmem|       pointer|
|m_axi_gmem_RVALID    |   in|    1|       m_axi|                                       gmem|       pointer|
|m_axi_gmem_RREADY    |  out|    1|       m_axi|                                       gmem|       pointer|
|m_axi_gmem_RDATA     |   in|   64|       m_axi|                                       gmem|       pointer|
|m_axi_gmem_RLAST     |   in|    1|       m_axi|                                       gmem|       pointer|
|m_axi_gmem_RID       |   in|    1|       m_axi|                                       gmem|       pointer|
|m_axi_gmem_RFIFONUM  |   in|    9|       m_axi|                                       gmem|       pointer|
|m_axi_gmem_RUSER     |   in|    1|       m_axi|                                       gmem|       pointer|
|m_axi_gmem_RRESP     |   in|    2|       m_axi|                                       gmem|       pointer|
|m_axi_gmem_BVALID    |   in|    1|       m_axi|                                       gmem|       pointer|
|m_axi_gmem_BREADY    |  out|    1|       m_axi|                                       gmem|       pointer|
|m_axi_gmem_BRESP     |   in|    2|       m_axi|                                       gmem|       pointer|
|m_axi_gmem_BID       |   in|    1|       m_axi|                                       gmem|       pointer|
|m_axi_gmem_BUSER     |   in|    1|       m_axi|                                       gmem|       pointer|
|sext_ln98_1          |   in|   61|     ap_none|                                sext_ln98_1|        scalar|
|em_load              |   in|  256|     ap_none|                                    em_load|        scalar|
|tvec                 |   in|   64|     ap_none|                                       tvec|        scalar|
+---------------------+-----+-----+------------+-------------------------------------------+--------------+

