

================================================================
== Vitis HLS Report for 'estimate_motion_Pipeline_20'
================================================================
* Date:           Sun Feb  5 16:52:00 2023

* Version:        2022.1 (Build 3526262 on Mon Apr 18 15:47:01 MDT 2022)
* Project:        hls_EstimateMotion
* Solution:       solution1 (Vivado IP Flow Target)
* Product family: virtexuplus
* Target device:  xcu50-fsvh2104-2L-e


================================================================
== Performance Estimates
================================================================
+ Timing: 
    * Summary: 
    +--------+----------+----------+------------+
    |  Clock |  Target  | Estimated| Uncertainty|
    +--------+----------+----------+------------+
    |ap_clk  |  60.00 ns|  2.420 ns|    16.20 ns|
    +--------+----------+----------+------------+

+ Latency: 
    * Summary: 
    +---------+---------+----------+----------+-----+-----+---------+
    |  Latency (cycles) |  Latency (absolute) |  Interval | Pipeline|
    |   min   |   max   |    min   |    max   | min | max |   Type  |
    +---------+---------+----------+----------+-----+-----+---------+
    |       20|       20|  1.200 us|  1.200 us|   20|   20|       no|
    +---------+---------+----------+----------+-----+-----+---------+

    + Detail: 
        * Instance: 
        N/A

        * Loop: 
        +----------+---------+---------+----------+-----------+-----------+------+----------+
        |          |  Latency (cycles) | Iteration|  Initiation Interval  | Trip |          |
        | Loop Name|   min   |   max   |  Latency |  achieved |   target  | Count| Pipelined|
        +----------+---------+---------+----------+-----------+-----------+------+----------+
        |- Loop 1  |       18|       18|         1|          1|          1|    18|       yes|
        +----------+---------+---------+----------+-----------+-----------+------+----------+



================================================================
== Utilization Estimates
================================================================
* Summary: 
+---------------------+---------+------+---------+--------+-----+
|         Name        | BRAM_18K|  DSP |    FF   |   LUT  | URAM|
+---------------------+---------+------+---------+--------+-----+
|DSP                  |        -|     -|        -|       -|    -|
|Expression           |        -|     -|        0|     141|    -|
|FIFO                 |        -|     -|        -|       -|    -|
|Instance             |        -|     -|        -|       -|    -|
|Memory               |        -|     -|        -|       -|    -|
|Multiplexer          |        -|     -|        -|      36|    -|
|Register             |        -|     -|        7|       -|    -|
+---------------------+---------+------+---------+--------+-----+
|Total                |        0|     0|        7|     177|    0|
+---------------------+---------+------+---------+--------+-----+
|Available SLR        |     1344|  2976|   871680|  435840|  320|
+---------------------+---------+------+---------+--------+-----+
|Utilization SLR (%)  |        0|     0|       ~0|      ~0|    0|
+---------------------+---------+------+---------+--------+-----+
|Available            |     2688|  5952|  1743360|  871680|  640|
+---------------------+---------+------+---------+--------+-----+
|Utilization (%)      |        0|     0|       ~0|      ~0|    0|
+---------------------+---------+------+---------+--------+-----+

+ Detail: 
    * Instance: 
    N/A

    * DSP: 
    N/A

    * Memory: 
    N/A

    * FIFO: 
    N/A

    * Expression: 
    +----------------------+----------+----+---+----+------------+------------+
    |     Variable Name    | Operation| DSP| FF| LUT| Bitwidth P0| Bitwidth P1|
    +----------------------+----------+----+---+----+------------+------------+
    |empty_1383_fu_90_p2   |         +|   0|  0|  22|          15|          15|
    |empty_1386_fu_132_p2  |         +|   0|  0|  12|           5|           1|
    |exitcond85_fu_138_p2  |      icmp|   0|  0|   9|           5|           5|
    |empty_1385_fu_106_p2  |       shl|   0|  0|  92|           4|          32|
    |empty_1384_fu_96_p2   |       xor|   0|  0|   6|           5|           6|
    +----------------------+----------+----+---+----+------------+------------+
    |Total                 |          |   0|  0| 141|          34|          59|
    +----------------------+----------+----+---+----+------------+------------+

    * Multiplexer: 
    +----------------------------------------+----+-----------+-----+-----------+
    |                  Name                  | LUT| Input Size| Bits| Total Bits|
    +----------------------------------------+----+-----------+-----+-----------+
    |ap_done_int                             |   9|          2|    1|          2|
    |ap_sig_allocacmp_loop_index_i34_i_load  |   9|          2|    5|         10|
    |em_we0                                  |   9|          2|   32|         64|
    |loop_index_i34_i_fu_48                  |   9|          2|    5|         10|
    +----------------------------------------+----+-----------+-----+-----------+
    |Total                                   |  36|          8|   43|         86|
    +----------------------------------------+----+-----------+-----+-----------+

    * Register: 
    +------------------------+---+----+-----+-----------+
    |          Name          | FF| LUT| Bits| Const Bits|
    +------------------------+---+----+-----+-----------+
    |ap_CS_fsm               |  1|   0|    1|          0|
    |ap_done_reg             |  1|   0|    1|          0|
    |loop_index_i34_i_fu_48  |  5|   0|    5|          0|
    +------------------------+---+----+-----+-----------+
    |Total                   |  7|   0|    7|          0|
    +------------------------+---+----+-----+-----------+



================================================================
== Interface
================================================================
* Summary: 
+-------------+-----+-----+------------+-----------------------------+--------------+
|  RTL Ports  | Dir | Bits|  Protocol  |        Source Object        |    C Type    |
+-------------+-----+-----+------------+-----------------------------+--------------+
|ap_clk       |   in|    1|  ap_ctrl_hs|  estimate_motion_Pipeline_20|  return value|
|ap_rst       |   in|    1|  ap_ctrl_hs|  estimate_motion_Pipeline_20|  return value|
|ap_start     |   in|    1|  ap_ctrl_hs|  estimate_motion_Pipeline_20|  return value|
|ap_done      |  out|    1|  ap_ctrl_hs|  estimate_motion_Pipeline_20|  return value|
|ap_idle      |  out|    1|  ap_ctrl_hs|  estimate_motion_Pipeline_20|  return value|
|ap_ready     |  out|    1|  ap_ctrl_hs|  estimate_motion_Pipeline_20|  return value|
|em_address0  |  out|   11|   ap_memory|                           em|         array|
|em_ce0       |  out|    1|   ap_memory|                           em|         array|
|em_we0       |  out|   32|   ap_memory|                           em|         array|
|em_d0        |  out|  256|   ap_memory|                           em|         array|
+-------------+-----+-----+------------+-----------------------------+--------------+

