

================================================================
== Vitis HLS Report for 'generic_asin_double_s'
================================================================
* Date:           Sun Feb  5 17:02:33 2023

* Version:        2022.1 (Build 3526262 on Mon Apr 18 15:47:01 MDT 2022)
* Project:        hls_EstimateMotion
* Solution:       solution1 (Vivado IP Flow Target)
* Product family: virtexuplus
* Target device:  xcu50-fsvh2104-2L-e


================================================================
== Performance Estimates
================================================================
+ Timing: 
    * Summary: 
    +--------+----------+----------+------------+
    |  Clock |  Target  | Estimated| Uncertainty|
    +--------+----------+----------+------------+
    |ap_clk  |  60.00 ns|  8.854 ns|    16.20 ns|
    +--------+----------+----------+------------+

+ Latency: 
    * Summary: 
    +---------+---------+-----------+----------+-----+-----+---------+
    |  Latency (cycles) |  Latency (absolute)  |  Interval | Pipeline|
    |   min   |   max   |    min    |    max   | min | max |   Type  |
    +---------+---------+-----------+----------+-----+-----+---------+
    |        1|       88|  60.000 ns|  5.280 us|    1|   88|       no|
    +---------+---------+-----------+----------+-----+-----+---------+

    + Detail: 
        * Instance: 
        +-------------------------------------------+--------------------------------+---------+---------+----------+----------+-----+-----+---------+
        |                                           |                                |  Latency (cycles) |  Latency (absolute) |  Interval | Pipeline|
        |                  Instance                 |             Module             |   min   |   max   |    min   |    max   | min | max |   Type  |
        +-------------------------------------------+--------------------------------+---------+---------+----------+----------+-----+-----+---------+
        |grp_generic_asin_double_Pipeline_1_fu_149  |generic_asin_double_Pipeline_1  |       86|       86|  5.160 us|  5.160 us|   86|   86|       no|
        +-------------------------------------------+--------------------------------+---------+---------+----------+----------+-----+-----+---------+

        * Loop: 
        N/A



================================================================
== Utilization Estimates
================================================================
* Summary: 
+---------------------+---------+------+---------+--------+-----+
|         Name        | BRAM_18K|  DSP |    FF   |   LUT  | URAM|
+---------------------+---------+------+---------+--------+-----+
|DSP                  |        -|     -|        -|       -|    -|
|Expression           |        -|     -|        0|    3015|    -|
|FIFO                 |        -|     -|        -|       -|    -|
|Instance             |        4|     -|      356|    3517|    -|
|Memory               |        -|     -|        -|       -|    -|
|Multiplexer          |        -|     -|        -|      75|    -|
|Register             |        -|     -|      226|       -|    -|
+---------------------+---------+------+---------+--------+-----+
|Total                |        4|     0|      582|    6607|    0|
+---------------------+---------+------+---------+--------+-----+
|Available SLR        |     1344|  2976|   871680|  435840|  320|
+---------------------+---------+------+---------+--------+-----+
|Utilization SLR (%)  |       ~0|     0|       ~0|       1|    0|
+---------------------+---------+------+---------+--------+-----+
|Available            |     2688|  5952|  1743360|  871680|  640|
+---------------------+---------+------+---------+--------+-----+
|Utilization (%)      |       ~0|     0|       ~0|      ~0|    0|
+---------------------+---------+------+---------+--------+-----+

+ Detail: 
    * Instance: 
    +-------------------------------------------+--------------------------------+---------+----+-----+------+-----+
    |                  Instance                 |             Module             | BRAM_18K| DSP|  FF |  LUT | URAM|
    +-------------------------------------------+--------------------------------+---------+----+-----+------+-----+
    |grp_generic_asin_double_Pipeline_1_fu_149  |generic_asin_double_Pipeline_1  |        4|   0|  356|  3517|    0|
    +-------------------------------------------+--------------------------------+---------+----+-----+------+-----+
    |Total                                      |                                |        4|   0|  356|  3517|    0|
    +-------------------------------------------+--------------------------------+---------+----+-----+------+-----+

    * DSP: 
    N/A

    * Memory: 
    N/A

    * FIFO: 
    N/A

    * Expression: 
    +-------------------------+----------+----+---+-----+------------+------------+
    |      Variable Name      | Operation| DSP| FF| LUT | Bitwidth P0| Bitwidth P1|
    +-------------------------+----------+----+---+-----+------------+------------+
    |NZeros_1_fu_567_p2       |         +|   0|  0|   39|          32|          32|
    |add_ln1059_fu_695_p2     |         +|   0|  0|   39|          32|           7|
    |add_ln1076_fu_793_p2     |         +|   0|  0|   17|          11|          11|
    |add_ln570_fu_311_p2      |         +|   0|  0|   19|          12|           8|
    |lsb_index_fu_587_p2      |         +|   0|  0|   39|          32|           7|
    |m_1_fu_747_p2            |         +|   0|  0|   71|          64|          64|
    |F2_fu_299_p2             |         -|   0|  0|   19|          11|          12|
    |man_V_2_fu_279_p2        |         -|   0|  0|   61|           1|          54|
    |sub_ln1049_fu_581_p2     |         -|   0|  0|   39|           7|          32|
    |sub_ln1052_fu_613_p2     |         -|   0|  0|   14|           4|           7|
    |sub_ln1060_fu_711_p2     |         -|   0|  0|   39|           6|          32|
    |sub_ln1070_fu_787_p2     |         -|   0|  0|   17|           2|          11|
    |sub_ln570_fu_317_p2      |         -|   0|  0|   19|           7|          12|
    |tmp_V_fu_501_p2          |         -|   0|  0|  107|           1|          86|
    |a_fu_641_p2              |       and|   0|  0|    2|           1|           1|
    |and_ln1054_fu_669_p2     |       and|   0|  0|    2|           1|           1|
    |and_ln560_fu_399_p2      |       and|   0|  0|    2|           1|           1|
    |and_ln571_fu_413_p2      |       and|   0|  0|    2|           1|           1|
    |and_ln574_1_fu_445_p2    |       and|   0|  0|    2|           1|           1|
    |and_ln574_fu_439_p2      |       and|   0|  0|    2|           1|           1|
    |ap_condition_141         |       and|   0|  0|    2|           1|           1|
    |p_Result_s_fu_629_p2     |       and|   0|  0|   86|          86|          86|
    |t_V_7_fu_379_p2          |      ashr|   0|  0|  161|          54|          54|
    |hitNonZero_fu_537_p2     |      icmp|   0|  0|   29|          64|           1|
    |icmp_ln1019_fu_478_p2    |      icmp|   0|  0|   24|          52|           1|
    |icmp_ln103_fu_201_p2     |      icmp|   0|  0|   11|          11|           2|
    |icmp_ln1040_fu_487_p2    |      icmp|   0|  0|   36|          86|           1|
    |icmp_ln1051_fu_603_p2    |      icmp|   0|  0|   19|          31|           1|
    |icmp_ln1052_fu_635_p2    |      icmp|   0|  0|   36|          86|           1|
    |icmp_ln1059_fu_689_p2    |      icmp|   0|  0|   20|          32|           1|
    |icmp_ln106_fu_207_p2     |      icmp|   0|  0|   11|          11|           1|
    |icmp_ln109_fu_213_p2     |      icmp|   0|  0|   11|          11|          10|
    |icmp_ln112_fu_219_p2     |      icmp|   0|  0|   11|          11|          10|
    |icmp_ln560_fu_293_p2     |      icmp|   0|  0|   28|          63|           1|
    |icmp_ln570_fu_305_p2     |      icmp|   0|  0|   12|          12|           7|
    |icmp_ln571_fu_331_p2     |      icmp|   0|  0|   12|          12|           7|
    |icmp_ln574_fu_341_p2     |      icmp|   0|  0|   12|          12|           6|
    |icmp_ln592_fu_347_p2     |      icmp|   0|  0|   12|          12|           7|
    |lshr_ln1052_fu_623_p2    |      lshr|   0|  0|  270|           2|          86|
    |lshr_ln1059_fu_705_p2    |      lshr|   0|  0|  270|          86|          86|
    |or_ln1054_fu_675_p2      |        or|   0|  0|    2|           1|           1|
    |or_ln570_fu_463_p2       |        or|   0|  0|    2|           1|           1|
    |or_ln571_fu_427_p2       |        or|   0|  0|    2|           1|           1|
    |NZeros_3_fu_573_p3       |    select|   0|  0|   32|           1|          32|
    |inabs_2_fu_193_p3        |    select|   0|  0|   63|           1|          64|
    |m_fu_735_p3              |    select|   0|  0|   63|           1|          64|
    |man_V_fu_285_p3          |    select|   0|  0|   54|           1|          54|
    |out_1_fu_838_p3          |    select|   0|  0|   63|           1|          64|
    |select_ln1048_fu_775_p3  |    select|   0|  0|   10|           1|          10|
    |select_ln113_fu_845_p3   |    select|   0|  0|   62|           1|          62|
    |select_ln560_fu_405_p3   |    select|   0|  0|    2|           1|           2|
    |select_ln570_fu_469_p3   |    select|   0|  0|   80|           1|          86|
    |select_ln571_fu_419_p3   |    select|   0|  0|   54|           1|          54|
    |select_ln574_fu_451_p3   |    select|   0|  0|   54|           1|          54|
    |sh_amt_fu_323_p3         |    select|   0|  0|   12|           1|          12|
    |t_V_6_fu_367_p3          |    select|   0|  0|   80|           1|          86|
    |tmp_V_2_fu_507_p3        |    select|   0|  0|   80|           1|          86|
    |shl_ln1060_fu_721_p2     |       shl|   0|  0|  270|          86|          86|
    |t_V_5_fu_361_p2          |       shl|   0|  0|  270|          86|          86|
    |xor_ln1054_fu_655_p2     |       xor|   0|  0|    2|           1|           2|
    |xor_ln137_fu_828_p2      |       xor|   0|  0|   65|          64|          65|
    |xor_ln560_fu_393_p2      |       xor|   0|  0|    2|           1|           2|
    |xor_ln571_fu_433_p2      |       xor|   0|  0|    2|           1|           2|
    |xor_ln96_fu_183_p2       |       xor|   0|  0|   65|          64|          65|
    +-------------------------+----------+----+---+-----+------------+------------+
    |Total                    |          |   0|  0| 3015|        1283|        1792|
    +-------------------------+----------+----+---+-----+------------+------------+

    * Multiplexer: 
    +-------------------------------+----+-----------+-----+-----------+
    |              Name             | LUT| Input Size| Bits| Total Bits|
    +-------------------------------+----+-----------+-----+-----------+
    |ap_NS_fsm                      |  26|          5|    1|          5|
    |ap_phi_mux_out_phi_fu_129_p14  |  14|          3|   64|        192|
    |ap_return                      |   9|          2|   64|        128|
    |out_reg_124                    |  26|          5|   64|        320|
    +-------------------------------+----+-----------+-----+-----------+
    |Total                          |  75|         15|  193|        645|
    +-------------------------------+----+-----------+-----+-----------+

    * Register: 
    +--------------------------------------------------------+----+----+-----+-----------+
    |                          Name                          | FF | LUT| Bits| Const Bits|
    +--------------------------------------------------------+----+----+-----+-----------+
    |ap_CS_fsm                                               |   4|   0|    4|          0|
    |ap_return_preg                                          |  64|   0|   64|          0|
    |grp_generic_asin_double_Pipeline_1_fu_149_ap_start_reg  |   1|   0|    1|          0|
    |icmp_ln1019_reg_893                                     |   1|   0|    1|          0|
    |icmp_ln103_reg_868                                      |   1|   0|    1|          0|
    |icmp_ln106_reg_872                                      |   1|   0|    1|          0|
    |icmp_ln109_reg_876                                      |   1|   0|    1|          0|
    |icmp_ln112_reg_880                                      |   1|   0|    1|          0|
    |out_reg_124                                             |  64|   0|   64|          0|
    |p_Result_109_reg_858                                    |   1|   0|    1|          0|
    |select_ln570_reg_888                                    |  86|   0|   86|          0|
    |tmp_reg_884                                             |   1|   0|    1|          0|
    +--------------------------------------------------------+----+----+-----+-----------+
    |Total                                                   | 226|   0|  226|          0|
    +--------------------------------------------------------+----+----+-----+-----------+



================================================================
== Interface
================================================================
* Summary: 
+-----------+-----+-----+------------+----------------------+--------------+
| RTL Ports | Dir | Bits|  Protocol  |     Source Object    |    C Type    |
+-----------+-----+-----+------------+----------------------+--------------+
|ap_clk     |   in|    1|  ap_ctrl_hs|  generic_asin<double>|  return value|
|ap_rst     |   in|    1|  ap_ctrl_hs|  generic_asin<double>|  return value|
|ap_start   |   in|    1|  ap_ctrl_hs|  generic_asin<double>|  return value|
|ap_done    |  out|    1|  ap_ctrl_hs|  generic_asin<double>|  return value|
|ap_idle    |  out|    1|  ap_ctrl_hs|  generic_asin<double>|  return value|
|ap_ready   |  out|    1|  ap_ctrl_hs|  generic_asin<double>|  return value|
|ap_return  |  out|   64|  ap_ctrl_hs|  generic_asin<double>|  return value|
|in_r       |   in|   64|     ap_none|                  in_r|        scalar|
+-----------+-----+-----+------------+----------------------+--------------+

