

================================================================
== Vitis HLS Report for 'getSubset_Pipeline_3'
================================================================
* Date:           Sun Feb  5 16:52:07 2023

* Version:        2022.1 (Build 3526262 on Mon Apr 18 15:47:01 MDT 2022)
* Project:        hls_EstimateMotion
* Solution:       solution1 (Vivado IP Flow Target)
* Product family: virtexuplus
* Target device:  xcu50-fsvh2104-2L-e


================================================================
== Performance Estimates
================================================================
+ Timing: 
    * Summary: 
    +--------+----------+----------+------------+
    |  Clock |  Target  | Estimated| Uncertainty|
    +--------+----------+----------+------------+
    |ap_clk  |  60.00 ns|  3.455 ns|    16.20 ns|
    +--------+----------+----------+------------+

+ Latency: 
    * Summary: 
    +---------+---------+----------+----------+-----+-----+---------+
    |  Latency (cycles) |  Latency (absolute) |  Interval | Pipeline|
    |   min   |   max   |    min   |    max   | min | max |   Type  |
    +---------+---------+----------+----------+-----+-----+---------+
    |        4|        ?|  0.240 us|         ?|    4|    ?|       no|
    +---------+---------+----------+----------+-----+-----+---------+

    + Detail: 
        * Instance: 
        N/A

        * Loop: 
        +----------+---------+---------+----------+-----------+-----------+-------+----------+
        |          |  Latency (cycles) | Iteration|  Initiation Interval  |  Trip |          |
        | Loop Name|   min   |   max   |  Latency |  achieved |   target  | Count | Pipelined|
        +----------+---------+---------+----------+-----------+-----------+-------+----------+
        |- Loop 1  |        2|        ?|         2|          1|          1|  1 ~ ?|       yes|
        +----------+---------+---------+----------+-----------+-----------+-------+----------+



================================================================
== Utilization Estimates
================================================================
* Summary: 
+---------------------+---------+------+---------+--------+-----+
|         Name        | BRAM_18K|  DSP |    FF   |   LUT  | URAM|
+---------------------+---------+------+---------+--------+-----+
|DSP                  |        -|     -|        -|       -|    -|
|Expression           |        -|     -|        0|    1210|    -|
|FIFO                 |        -|     -|        -|       -|    -|
|Instance             |        -|     -|        -|       -|    -|
|Memory               |        -|     -|        -|       -|    -|
|Multiplexer          |        -|     -|        -|      45|    -|
|Register             |        -|     -|      114|       -|    -|
+---------------------+---------+------+---------+--------+-----+
|Total                |        0|     0|      114|    1255|    0|
+---------------------+---------+------+---------+--------+-----+
|Available SLR        |     1344|  2976|   871680|  435840|  320|
+---------------------+---------+------+---------+--------+-----+
|Utilization SLR (%)  |        0|     0|       ~0|      ~0|    0|
+---------------------+---------+------+---------+--------+-----+
|Available            |     2688|  5952|  1743360|  871680|  640|
+---------------------+---------+------+---------+--------+-----+
|Utilization (%)      |        0|     0|       ~0|      ~0|    0|
+---------------------+---------+------+---------+--------+-----+

+ Detail: 
    * Instance: 
    N/A

    * DSP: 
    N/A

    * Memory: 
    N/A

    * FIFO: 
    N/A

    * Expression: 
    +----------------------+----------+----+---+-----+------------+------------+
    |     Variable Name    | Operation| DSP| FF| LUT | Bitwidth P0| Bitwidth P1|
    +----------------------+----------+----+---+-----+------------+------------+
    |empty_1292_fu_159_p2  |         +|   0|  0|   14|           7|           7|
    |empty_1294_fu_189_p2  |         +|   0|  0|   16|          16|          16|
    |empty_1295_fu_237_p2  |         +|   0|  0|   10|           5|           5|
    |empty_1298_fu_204_p2  |         +|   0|  0|   71|          64|           1|
    |tmp2_fu_183_p2        |         +|   0|  0|   16|          16|          15|
    |tmp3_fu_231_p2        |         +|   0|  0|   10|           5|           5|
    |exitcond81_fu_210_p2  |      icmp|   0|  0|   29|          64|          64|
    |em_d0                 |       shl|   0|  0|  950|         256|         256|
    |empty_1296_fu_246_p2  |       shl|   0|  0|   92|           8|          32|
    |ap_enable_pp0         |       xor|   0|  0|    2|           1|           2|
    +----------------------+----------+----+---+-----+------------+------------+
    |Total                 |          |   0|  0| 1210|         442|         403|
    +----------------------+----------+----+---+-----+------------+------------+

    * Multiplexer: 
    +----------------------------------+----+-----------+-----+-----------+
    |               Name               | LUT| Input Size| Bits| Total Bits|
    +----------------------------------+----+-----------+-----+-----------+
    |ap_done_int                       |   9|          2|    1|          2|
    |ap_enable_reg_pp0_iter1           |   9|          2|    1|          2|
    |ap_loop_exit_ready_pp0_iter2_reg  |   9|          2|    1|          2|
    |em_we0                            |   9|          2|   32|         64|
    |loop_index_i55_fu_70              |   9|          2|   64|        128|
    +----------------------------------+----+-----------+-----+-----------+
    |Total                             |  45|         10|   99|        198|
    +----------------------------------+----+-----------+-----+-----------+

    * Register: 
    +----------------------------------+----+----+-----+-----------+
    |               Name               | FF | LUT| Bits| Const Bits|
    +----------------------------------+----+----+-----+-----------+
    |ap_CS_fsm                         |   1|   0|    1|          0|
    |ap_done_reg                       |   1|   0|    1|          0|
    |ap_enable_reg_pp0_iter1           |   1|   0|    1|          0|
    |ap_enable_reg_pp0_iter2           |   1|   0|    1|          0|
    |ap_loop_exit_ready_pp0_iter2_reg  |   1|   0|    1|          0|
    |conv_i47_cast_reg_298             |  32|   0|   64|         32|
    |empty_1293_reg_308                |   2|   0|    2|          0|
    |loop_index_i55_fu_70              |  64|   0|   64|          0|
    |tmp_1444_reg_313                  |  11|   0|   11|          0|
    +----------------------------------+----+----+-----+-----------+
    |Total                             | 114|   0|  146|         32|
    +----------------------------------+----+----+-----+-----------+



================================================================
== Interface
================================================================
* Summary: 
+-------------------+-----+-----+------------+----------------------+--------------+
|     RTL Ports     | Dir | Bits|  Protocol  |     Source Object    |    C Type    |
+-------------------+-----+-----+------------+----------------------+--------------+
|ap_clk             |   in|    1|  ap_ctrl_hs|  getSubset_Pipeline_3|  return value|
|ap_rst             |   in|    1|  ap_ctrl_hs|  getSubset_Pipeline_3|  return value|
|ap_start           |   in|    1|  ap_ctrl_hs|  getSubset_Pipeline_3|  return value|
|ap_done            |  out|    1|  ap_ctrl_hs|  getSubset_Pipeline_3|  return value|
|ap_idle            |  out|    1|  ap_ctrl_hs|  getSubset_Pipeline_3|  return value|
|ap_ready           |  out|    1|  ap_ctrl_hs|  getSubset_Pipeline_3|  return value|
|p_cast12           |   in|    7|     ap_none|              p_cast12|        scalar|
|ref_tmp2_address0  |  out|    4|   ap_memory|              ref_tmp2|         array|
|ref_tmp2_ce0       |  out|    1|   ap_memory|              ref_tmp2|         array|
|ref_tmp2_q0        |   in|   64|   ap_memory|              ref_tmp2|         array|
|tmp_2610           |   in|   16|     ap_none|              tmp_2610|        scalar|
|p_cast10           |   in|    5|     ap_none|              p_cast10|        scalar|
|em_address0        |  out|   11|   ap_memory|                    em|         array|
|em_ce0             |  out|    1|   ap_memory|                    em|         array|
|em_we0             |  out|   32|   ap_memory|                    em|         array|
|em_d0              |  out|  256|   ap_memory|                    em|         array|
|conv_i47           |   in|   32|     ap_none|              conv_i47|        scalar|
+-------------------+-----+-----+------------+----------------------+--------------+

