

================================================================
== Vitis HLS Report for 'operator_Pipeline_VITIS_LOOP_143_1_VITIS_LOOP_144_2'
================================================================
* Date:           Sun Feb  5 17:04:59 2023

* Version:        2022.1 (Build 3526262 on Mon Apr 18 15:47:01 MDT 2022)
* Project:        hls_EstimateMotion
* Solution:       solution1 (Vivado IP Flow Target)
* Product family: virtexuplus
* Target device:  xcu50-fsvh2104-2L-e


================================================================
== Performance Estimates
================================================================
+ Timing: 
    * Summary: 
    +--------+----------+-----------+------------+
    |  Clock |  Target  | Estimated | Uncertainty|
    +--------+----------+-----------+------------+
    |ap_clk  |  60.00 ns|  41.403 ns|    16.20 ns|
    +--------+----------+-----------+------------+

+ Latency: 
    * Summary: 
    +---------+---------+----------+----------+-----+-----+---------+
    |  Latency (cycles) |  Latency (absolute) |  Interval | Pipeline|
    |   min   |   max   |    min   |    max   | min | max |   Type  |
    +---------+---------+----------+----------+-----+-----+---------+
    |        ?|        ?|         ?|         ?|    ?|    ?|       no|
    +---------+---------+----------+----------+-----+-----+---------+

    + Detail: 
        * Instance: 
        N/A

        * Loop: 
        +-------------------------------------+---------+---------+----------+-----------+-----------+------+----------+
        |                                     |  Latency (cycles) | Iteration|  Initiation Interval  | Trip |          |
        |              Loop Name              |   min   |   max   |  Latency |  achieved |   target  | Count| Pipelined|
        +-------------------------------------+---------+---------+----------+-----------+-----------+------+----------+
        |- VITIS_LOOP_143_1_VITIS_LOOP_144_2  |        ?|        ?|         2|          1|          1|     ?|       yes|
        +-------------------------------------+---------+---------+----------+-----------+-----------+------+----------+



================================================================
== Utilization Estimates
================================================================
* Summary: 
+---------------------+---------+------+---------+--------+-----+
|         Name        | BRAM_18K|  DSP |    FF   |   LUT  | URAM|
+---------------------+---------+------+---------+--------+-----+
|DSP                  |        -|     -|        -|       -|    -|
|Expression           |        -|     -|        0|     313|    -|
|FIFO                 |        -|     -|        -|       -|    -|
|Instance             |        -|     8|        0|     106|    -|
|Memory               |        -|     -|        -|       -|    -|
|Multiplexer          |        -|     -|        -|      63|    -|
|Register             |        -|     -|      136|       -|    -|
+---------------------+---------+------+---------+--------+-----+
|Total                |        0|     8|      136|     482|    0|
+---------------------+---------+------+---------+--------+-----+
|Available SLR        |     1344|  2976|   871680|  435840|  320|
+---------------------+---------+------+---------+--------+-----+
|Utilization SLR (%)  |        0|    ~0|       ~0|      ~0|    0|
+---------------------+---------+------+---------+--------+-----+
|Available            |     2688|  5952|  1743360|  871680|  640|
+---------------------+---------+------+---------+--------+-----+
|Utilization (%)      |        0|    ~0|       ~0|      ~0|    0|
+---------------------+---------+------+---------+--------+-----+

+ Detail: 
    * Instance: 
    +-------------------------------------+-------------------------------+---------+----+---+-----+-----+
    |               Instance              |             Module            | BRAM_18K| DSP| FF| LUT | URAM|
    +-------------------------------------+-------------------------------+---------+----+---+-----+-----+
    |dmul_64ns_64ns_64_1_max_dsp_1_U4397  |dmul_64ns_64ns_64_1_max_dsp_1  |        0|   8|  0|  106|    0|
    +-------------------------------------+-------------------------------+---------+----+---+-----+-----+
    |Total                                |                               |        0|   8|  0|  106|    0|
    +-------------------------------------+-------------------------------+---------+----+---+-----+-----+

    * DSP: 
    N/A

    * Memory: 
    N/A

    * FIFO: 
    N/A

    * Expression: 
    +--------------------------+----------+----+---+----+------------+------------+
    |       Variable Name      | Operation| DSP| FF| LUT| Bitwidth P0| Bitwidth P1|
    +--------------------------+----------+----+---+----+------------+------------+
    |add_ln143_1_fu_171_p2     |         +|   0|  0|  71|          64|           1|
    |add_ln143_fu_180_p2       |         +|   0|  0|  39|          32|           1|
    |add_ln144_fu_278_p2       |         +|   0|  0|  39|          32|           1|
    |add_ln145_fu_257_p2       |         +|   0|  0|  14|           7|           7|
    |sub_ln145_1_fu_223_p2     |         -|   0|  0|  14|           7|           7|
    |sub_ln145_fu_160_p2       |         -|   0|  0|  14|           7|           7|
    |icmp_ln143_fu_166_p2      |      icmp|   0|  0|  29|          64|          64|
    |icmp_ln144_fu_186_p2      |      icmp|   0|  0|  20|          32|          32|
    |select_ln143_1_fu_229_p3  |    select|   0|  0|   7|           1|           7|
    |select_ln143_2_fu_237_p3  |    select|   0|  0|  32|           1|          32|
    |select_ln143_fu_191_p3    |    select|   0|  0|  32|           1|           1|
    |ap_enable_pp0             |       xor|   0|  0|   2|           1|           2|
    +--------------------------+----------+----+---+----+------------+------------+
    |Total                     |          |   0|  0| 313|         249|         162|
    +--------------------------+----------+----+---+----+------------+------------+

    * Multiplexer: 
    +-------------------------+----+-----------+-----+-----------+
    |           Name          | LUT| Input Size| Bits| Total Bits|
    +-------------------------+----+-----------+-----+-----------+
    |ap_done_int              |   9|          2|    1|          2|
    |ap_enable_reg_pp0_iter1  |   9|          2|    1|          2|
    |ap_enable_reg_pp0_iter2  |   9|          2|    1|          2|
    |i_fu_60                  |   9|          2|   32|         64|
    |indvar_flatten_fu_64     |   9|          2|   64|        128|
    |j_fu_56                  |   9|          2|   32|         64|
    |tmp35_we0                |   9|          2|    8|         16|
    +-------------------------+----+-----------+-----+-----------+
    |Total                    |  63|         14|  139|        278|
    +-------------------------+----+-----------+-----+-----------+

    * Register: 
    +-------------------------+----+----+-----+-----------+
    |           Name          | FF | LUT| Bits| Const Bits|
    +-------------------------+----+----+-----+-----------+
    |ap_CS_fsm                |   1|   0|    1|          0|
    |ap_done_reg              |   1|   0|    1|          0|
    |ap_enable_reg_pp0_iter1  |   1|   0|    1|          0|
    |ap_enable_reg_pp0_iter2  |   1|   0|    1|          0|
    |i_fu_60                  |  32|   0|   32|          0|
    |indvar_flatten_fu_64     |  64|   0|   64|          0|
    |j_fu_56                  |  32|   0|   32|          0|
    |zext_ln145_reg_348       |   4|   0|   64|         60|
    +-------------------------+----+----+-----+-----------+
    |Total                    | 136|   0|  196|         60|
    +-------------------------+----+----+-----+-----------+



================================================================
== Interface
================================================================
* Summary: 
+----------------+-----+-----+------------+------------------------------------------------------+--------------+
|    RTL Ports   | Dir | Bits|  Protocol  |                     Source Object                    |    C Type    |
+----------------+-----+-----+------------+------------------------------------------------------+--------------+
|ap_clk          |   in|    1|  ap_ctrl_hs|  operator*_Pipeline_VITIS_LOOP_143_1_VITIS_LOOP_144_2|  return value|
|ap_rst          |   in|    1|  ap_ctrl_hs|  operator*_Pipeline_VITIS_LOOP_143_1_VITIS_LOOP_144_2|  return value|
|ap_start        |   in|    1|  ap_ctrl_hs|  operator*_Pipeline_VITIS_LOOP_143_1_VITIS_LOOP_144_2|  return value|
|ap_done         |  out|    1|  ap_ctrl_hs|  operator*_Pipeline_VITIS_LOOP_143_1_VITIS_LOOP_144_2|  return value|
|ap_idle         |  out|    1|  ap_ctrl_hs|  operator*_Pipeline_VITIS_LOOP_143_1_VITIS_LOOP_144_2|  return value|
|ap_ready        |  out|    1|  ap_ctrl_hs|  operator*_Pipeline_VITIS_LOOP_143_1_VITIS_LOOP_144_2|  return value|
|bound           |   in|   64|     ap_none|                                                 bound|        scalar|
|trunc_ln143     |   in|   32|     ap_none|                                           trunc_ln143|        scalar|
|tmp_address0    |  out|    4|   ap_memory|                                                   tmp|         array|
|tmp_ce0         |  out|    1|   ap_memory|                                                   tmp|         array|
|tmp_q0          |   in|   64|   ap_memory|                                                   tmp|         array|
|p_read          |   in|   64|     ap_none|                                                p_read|        scalar|
|tmp35_address0  |  out|    4|   ap_memory|                                                 tmp35|         array|
|tmp35_ce0       |  out|    1|   ap_memory|                                                 tmp35|         array|
|tmp35_we0       |  out|    8|   ap_memory|                                                 tmp35|         array|
|tmp35_d0        |  out|   64|   ap_memory|                                                 tmp35|         array|
+----------------+-----+-----+------------+------------------------------------------------------+--------------+

