

================================================================
== Vitis HLS Report for 'projectPoint_Pipeline_VITIS_LOOP_123_1_VITIS_LOOP_124_2'
================================================================
* Date:           Sun Feb  5 16:59:23 2023

* Version:        2022.1 (Build 3526262 on Mon Apr 18 15:47:01 MDT 2022)
* Project:        hls_EstimateMotion
* Solution:       solution1 (Vivado IP Flow Target)
* Product family: virtexuplus
* Target device:  xcu50-fsvh2104-2L-e


================================================================
== Performance Estimates
================================================================
+ Timing: 
    * Summary: 
    +--------+----------+-----------+------------+
    |  Clock |  Target  | Estimated | Uncertainty|
    +--------+----------+-----------+------------+
    |ap_clk  |  60.00 ns|  40.444 ns|    16.20 ns|
    +--------+----------+-----------+------------+

+ Latency: 
    * Summary: 
    +---------+---------+----------+----------+-----+-----+---------+
    |  Latency (cycles) |  Latency (absolute) |  Interval | Pipeline|
    |   min   |   max   |    min   |    max   | min | max |   Type  |
    +---------+---------+----------+----------+-----+-----+---------+
    |        ?|        ?|         ?|         ?|    ?|    ?|       no|
    +---------+---------+----------+----------+-----+-----+---------+

    + Detail: 
        * Instance: 
        N/A

        * Loop: 
        +-------------------------------------+---------+---------+----------+-----------+-----------+------+----------+
        |                                     |  Latency (cycles) | Iteration|  Initiation Interval  | Trip |          |
        |              Loop Name              |   min   |   max   |  Latency |  achieved |   target  | Count| Pipelined|
        +-------------------------------------+---------+---------+----------+-----------+-----------+------+----------+
        |- VITIS_LOOP_123_1_VITIS_LOOP_124_2  |        ?|        ?|         1|          1|          1|     ?|       yes|
        +-------------------------------------+---------+---------+----------+-----------+-----------+------+----------+



================================================================
== Utilization Estimates
================================================================
* Summary: 
+---------------------+---------+------+---------+--------+-----+
|         Name        | BRAM_18K|  DSP |    FF   |   LUT  | URAM|
+---------------------+---------+------+---------+--------+-----+
|DSP                  |        -|     -|        -|       -|    -|
|Expression           |        -|     -|        0|    2594|    -|
|FIFO                 |        -|     -|        -|       -|    -|
|Instance             |        -|     3|        0|     722|    -|
|Memory               |        -|     -|        -|       -|    -|
|Multiplexer          |        -|     -|        -|      54|    -|
|Register             |        -|     -|      387|       -|    -|
+---------------------+---------+------+---------+--------+-----+
|Total                |        0|     3|      387|    3370|    0|
+---------------------+---------+------+---------+--------+-----+
|Available SLR        |     1344|  2976|   871680|  435840|  320|
+---------------------+---------+------+---------+--------+-----+
|Utilization SLR (%)  |        0|    ~0|       ~0|      ~0|    0|
+---------------------+---------+------+---------+--------+-----+
|Available            |     2688|  5952|  1743360|  871680|  640|
+---------------------+---------+------+---------+--------+-----+
|Utilization (%)      |        0|    ~0|       ~0|      ~0|    0|
+---------------------+---------+------+---------+--------+-----+

+ Detail: 
    * Instance: 
    +--------------------------------------+--------------------------------+---------+----+---+-----+-----+
    |               Instance               |             Module             | BRAM_18K| DSP| FF| LUT | URAM|
    +--------------------------------------+--------------------------------+---------+----+---+-----+-----+
    |dadd_64ns_64ns_64_1_full_dsp_1_U2768  |dadd_64ns_64ns_64_1_full_dsp_1  |        0|   3|  0|  708|    0|
    |mux_32_64_1_1_U2769                   |mux_32_64_1_1                   |        0|   0|  0|   14|    0|
    +--------------------------------------+--------------------------------+---------+----+---+-----+-----+
    |Total                                 |                                |        0|   3|  0|  722|    0|
    +--------------------------------------+--------------------------------+---------+----+---+-----+-----+

    * DSP: 
    N/A

    * Memory: 
    N/A

    * FIFO: 
    N/A

    * Expression: 
    +----------------------------+----------+----+---+-----+------------+------------+
    |        Variable Name       | Operation| DSP| FF| LUT | Bitwidth P0| Bitwidth P1|
    +----------------------------+----------+----+---+-----+------------+------------+
    |add_ln123_1_fu_323_p2       |         +|   0|  0|   71|          64|           1|
    |add_ln123_fu_338_p2         |         +|   0|  0|   39|          32|           1|
    |add_ln124_fu_1677_p2        |         +|   0|  0|   39|          32|           1|
    |add_ln125_1_fu_455_p2       |         +|   0|  0|   39|          32|          32|
    |add_ln125_fu_405_p2         |         +|   0|  0|   43|          36|          36|
    |icmp_ln123_fu_318_p2        |      icmp|   0|  0|   29|          64|          64|
    |icmp_ln124_fu_344_p2        |      icmp|   0|  0|   20|          32|          32|
    |lshr_ln125_fu_423_p2        |      lshr|   0|  0|  950|         256|         256|
    |select_ln123_1_fu_357_p3    |    select|   0|  0|   32|           1|          32|
    |select_ln123_fu_349_p3      |    select|   0|  0|   32|           1|           1|
    |select_ln125_10_fu_845_p3   |    select|   0|  0|    8|           1|           8|
    |select_ln125_11_fu_881_p3   |    select|   0|  0|    8|           1|           8|
    |select_ln125_12_fu_917_p3   |    select|   0|  0|    8|           1|           8|
    |select_ln125_13_fu_953_p3   |    select|   0|  0|    8|           1|           8|
    |select_ln125_14_fu_989_p3   |    select|   0|  0|    8|           1|           8|
    |select_ln125_15_fu_1025_p3  |    select|   0|  0|    8|           1|           8|
    |select_ln125_16_fu_1061_p3  |    select|   0|  0|    8|           1|           8|
    |select_ln125_17_fu_1097_p3  |    select|   0|  0|    8|           1|           8|
    |select_ln125_18_fu_1133_p3  |    select|   0|  0|    8|           1|           8|
    |select_ln125_19_fu_1169_p3  |    select|   0|  0|    8|           1|           8|
    |select_ln125_1_fu_521_p3    |    select|   0|  0|    8|           1|           8|
    |select_ln125_20_fu_1205_p3  |    select|   0|  0|    8|           1|           8|
    |select_ln125_21_fu_1241_p3  |    select|   0|  0|    8|           1|           8|
    |select_ln125_22_fu_1277_p3  |    select|   0|  0|    8|           1|           8|
    |select_ln125_23_fu_1313_p3  |    select|   0|  0|    8|           1|           8|
    |select_ln125_24_fu_1349_p3  |    select|   0|  0|    8|           1|           8|
    |select_ln125_25_fu_1385_p3  |    select|   0|  0|    8|           1|           8|
    |select_ln125_26_fu_1421_p3  |    select|   0|  0|    8|           1|           8|
    |select_ln125_27_fu_1457_p3  |    select|   0|  0|    8|           1|           8|
    |select_ln125_28_fu_1493_p3  |    select|   0|  0|    8|           1|           8|
    |select_ln125_29_fu_1529_p3  |    select|   0|  0|    8|           1|           8|
    |select_ln125_2_fu_557_p3    |    select|   0|  0|    8|           1|           8|
    |select_ln125_30_fu_1565_p3  |    select|   0|  0|    8|           1|           8|
    |select_ln125_31_fu_1601_p3  |    select|   0|  0|    8|           1|           8|
    |select_ln125_3_fu_593_p3    |    select|   0|  0|    8|           1|           8|
    |select_ln125_4_fu_629_p3    |    select|   0|  0|    8|           1|           8|
    |select_ln125_5_fu_665_p3    |    select|   0|  0|    8|           1|           8|
    |select_ln125_6_fu_701_p3    |    select|   0|  0|    8|           1|           8|
    |select_ln125_7_fu_737_p3    |    select|   0|  0|    8|           1|           8|
    |select_ln125_8_fu_773_p3    |    select|   0|  0|    8|           1|           8|
    |select_ln125_9_fu_809_p3    |    select|   0|  0|    8|           1|           8|
    |select_ln125_fu_485_p3      |    select|   0|  0|    8|           1|           8|
    |shl_ln125_3_fu_467_p2       |       shl|   0|  0|  950|         256|         256|
    |shl_ln125_fu_461_p2         |       shl|   0|  0|   92|           8|          32|
    |ap_enable_pp0               |       xor|   0|  0|    2|           1|           2|
    +----------------------------+----------+----+---+-----+------------+------------+
    |Total                       |          |   0|  0| 2594|         847|        1002|
    +----------------------------+----------+----+---+-----+------------+------------+

    * Multiplexer: 
    +-------------------------+----+-----------+-----+-----------+
    |           Name          | LUT| Input Size| Bits| Total Bits|
    +-------------------------+----+-----------+-----+-----------+
    |C_fu_236                 |   9|          2|  256|        512|
    |ap_done_int              |   9|          2|    1|          2|
    |ap_enable_reg_pp0_iter1  |   9|          2|    1|          2|
    |i_138_fu_240             |   9|          2|   32|         64|
    |indvar_flatten_fu_244    |   9|          2|   64|        128|
    |j_fu_232                 |   9|          2|   32|         64|
    +-------------------------+----+-----------+-----+-----------+
    |Total                    |  54|         12|  386|        772|
    +-------------------------+----+-----------+-----+-----------+

    * Register: 
    +-------------------------+-----+----+-----+-----------+
    |           Name          |  FF | LUT| Bits| Const Bits|
    +-------------------------+-----+----+-----+-----------+
    |C_fu_236                 |  256|   0|  256|          0|
    |ap_CS_fsm                |    1|   0|    1|          0|
    |ap_done_reg              |    1|   0|    1|          0|
    |ap_enable_reg_pp0_iter1  |    1|   0|    1|          0|
    |i_138_fu_240             |   32|   0|   32|          0|
    |indvar_flatten_fu_244    |   64|   0|   64|          0|
    |j_fu_232                 |   32|   0|   32|          0|
    +-------------------------+-----+----+-----+-----------+
    |Total                    |  387|   0|  387|          0|
    +-------------------------+-----+----+-----+-----------+



================================================================
== Interface
================================================================
* Summary: 
+-----------------+-----+-----+------------+---------------------------------------------------------+--------------+
|    RTL Ports    | Dir | Bits|  Protocol  |                      Source Object                      |    C Type    |
+-----------------+-----+-----+------------+---------------------------------------------------------+--------------+
|ap_clk           |   in|    1|  ap_ctrl_hs|  projectPoint_Pipeline_VITIS_LOOP_123_1_VITIS_LOOP_124_2|  return value|
|ap_rst           |   in|    1|  ap_ctrl_hs|  projectPoint_Pipeline_VITIS_LOOP_123_1_VITIS_LOOP_124_2|  return value|
|ap_start         |   in|    1|  ap_ctrl_hs|  projectPoint_Pipeline_VITIS_LOOP_123_1_VITIS_LOOP_124_2|  return value|
|ap_done          |  out|    1|  ap_ctrl_hs|  projectPoint_Pipeline_VITIS_LOOP_123_1_VITIS_LOOP_124_2|  return value|
|ap_idle          |  out|    1|  ap_ctrl_hs|  projectPoint_Pipeline_VITIS_LOOP_123_1_VITIS_LOOP_124_2|  return value|
|ap_ready         |  out|    1|  ap_ctrl_hs|  projectPoint_Pipeline_VITIS_LOOP_123_1_VITIS_LOOP_124_2|  return value|
|bound            |   in|   64|     ap_none|                                                    bound|        scalar|
|p_cast147        |   in|   32|     ap_none|                                                p_cast147|        scalar|
|C_10             |   in|  256|     ap_none|                                                     C_10|        scalar|
|p_read           |   in|   64|     ap_none|                                                   p_read|        scalar|
|p_read1          |   in|   64|     ap_none|                                                  p_read1|        scalar|
|p_read2          |   in|   64|     ap_none|                                                  p_read2|        scalar|
|C_11_out         |  out|  256|      ap_vld|                                                 C_11_out|       pointer|
|C_11_out_ap_vld  |  out|    1|      ap_vld|                                                 C_11_out|       pointer|
+-----------------+-----+-----+------------+---------------------------------------------------------+--------------+

