

================================================================
== Vitis HLS Report for 'ProjectPoints_2_Pipeline_VITIS_LOOP_148_1'
================================================================
* Date:           Sun Feb  5 17:05:38 2023

* Version:        2022.1 (Build 3526262 on Mon Apr 18 15:47:01 MDT 2022)
* Project:        hls_EstimateMotion
* Solution:       solution1 (Vivado IP Flow Target)
* Product family: virtexuplus
* Target device:  xcu50-fsvh2104-2L-e


================================================================
== Performance Estimates
================================================================
+ Timing: 
    * Summary: 
    +--------+----------+-----------+------------+
    |  Clock |  Target  | Estimated | Uncertainty|
    +--------+----------+-----------+------------+
    |ap_clk  |  60.00 ns|  41.078 ns|    16.20 ns|
    +--------+----------+-----------+------------+

+ Latency: 
    * Summary: 
    +---------+---------+----------+----------+-----+-----+---------+
    |  Latency (cycles) |  Latency (absolute) |  Interval | Pipeline|
    |   min   |   max   |    min   |    max   | min | max |   Type  |
    +---------+---------+----------+----------+-----+-----+---------+
    |        ?|        ?|         ?|         ?|    ?|    ?|       no|
    +---------+---------+----------+----------+-----+-----+---------+

    + Detail: 
        * Instance: 
        N/A

        * Loop: 
        +--------------------+---------+---------+----------+-----------+-----------+------+----------+
        |                    |  Latency (cycles) | Iteration|  Initiation Interval  | Trip |          |
        |      Loop Name     |   min   |   max   |  Latency |  achieved |   target  | Count| Pipelined|
        +--------------------+---------+---------+----------+-----------+-----------+------+----------+
        |- VITIS_LOOP_148_1  |        ?|        ?|        27|         27|          1|     ?|       yes|
        +--------------------+---------+---------+----------+-----------+-----------+------+----------+



================================================================
== Utilization Estimates
================================================================
* Summary: 
+---------------------+---------+------+---------+--------+-----+
|         Name        | BRAM_18K|  DSP |    FF   |   LUT  | URAM|
+---------------------+---------+------+---------+--------+-----+
|DSP                  |        -|     -|        -|       -|    -|
|Expression           |        -|     -|        0|   39539|    -|
|FIFO                 |        -|     -|        -|       -|    -|
|Instance             |        -|   263|        0|    2538|    -|
|Memory               |        -|     -|        -|       -|    -|
|Multiplexer          |        -|     -|        -|    1127|    -|
|Register             |        -|     -|    11121|       -|    -|
+---------------------+---------+------+---------+--------+-----+
|Total                |        0|   263|    11121|   43204|    0|
+---------------------+---------+------+---------+--------+-----+
|Available SLR        |     1344|  2976|   871680|  435840|  320|
+---------------------+---------+------+---------+--------+-----+
|Utilization SLR (%)  |        0|     8|        1|       9|    0|
+---------------------+---------+------+---------+--------+-----+
|Available            |     2688|  5952|  1743360|  871680|  640|
+---------------------+---------+------+---------+--------+-----+
|Utilization (%)      |        0|     4|       ~0|       4|    0|
+---------------------+---------+------+---------+--------+-----+

+ Detail: 
    * Instance: 
    +------------------------------------------+------------------------------------+---------+----+---+-----+-----+
    |                 Instance                 |               Module               | BRAM_18K| DSP| FF| LUT | URAM|
    +------------------------------------------+------------------------------------+---------+----+---+-----+-----+
    |dadddsub_64ns_64ns_64_1_full_dsp_1_U4607  |dadddsub_64ns_64ns_64_1_full_dsp_1  |        0|   3|  0|  708|    0|
    |dadddsub_64ns_64ns_64_1_full_dsp_1_U4608  |dadddsub_64ns_64ns_64_1_full_dsp_1  |        0|   3|  0|  708|    0|
    |dcmp_64ns_64ns_1_1_no_dsp_1_U4613         |dcmp_64ns_64ns_1_1_no_dsp_1         |        0|   0|  0|    0|    0|
    |dmul_64ns_64ns_64_1_max_dsp_1_U4609       |dmul_64ns_64ns_64_1_max_dsp_1       |        0|   8|  0|  106|    0|
    |dmul_64ns_64ns_64_1_max_dsp_1_U4610       |dmul_64ns_64ns_64_1_max_dsp_1       |        0|   8|  0|  106|    0|
    |dmul_64ns_64ns_64_1_max_dsp_1_U4611       |dmul_64ns_64ns_64_1_max_dsp_1       |        0|   8|  0|  106|    0|
    |mul_37ns_39ns_74_1_1_U4617                |mul_37ns_39ns_74_1_1                |        0|   4|  0|   27|    0|
    |mul_37ns_39ns_74_1_1_U4618                |mul_37ns_39ns_74_1_1                |        0|   4|  0|   27|    0|
    |mul_64ns_66ns_129_1_1_U4614               |mul_64ns_66ns_129_1_1               |        0|  15|  0|   50|    0|
    |mul_64ns_66ns_129_1_1_U4615               |mul_64ns_66ns_129_1_1               |        0|  15|  0|   50|    0|
    |mul_64ns_66ns_129_1_1_U4616               |mul_64ns_66ns_129_1_1               |        0|  15|  0|   50|    0|
    |mul_64ns_66ns_129_1_1_U4619               |mul_64ns_66ns_129_1_1               |        0|  15|  0|   50|    0|
    |mul_64ns_66ns_129_1_1_U4620               |mul_64ns_66ns_129_1_1               |        0|  15|  0|   50|    0|
    |mul_64ns_66ns_129_1_1_U4621               |mul_64ns_66ns_129_1_1               |        0|  15|  0|   50|    0|
    |mul_64ns_66ns_129_1_1_U4622               |mul_64ns_66ns_129_1_1               |        0|  15|  0|   50|    0|
    |mul_64ns_66ns_129_1_1_U4623               |mul_64ns_66ns_129_1_1               |        0|  15|  0|   50|    0|
    |mul_64ns_66ns_129_1_1_U4624               |mul_64ns_66ns_129_1_1               |        0|  15|  0|   50|    0|
    |mul_64ns_66ns_129_1_1_U4625               |mul_64ns_66ns_129_1_1               |        0|  15|  0|   50|    0|
    |mul_64ns_66ns_129_1_1_U4626               |mul_64ns_66ns_129_1_1               |        0|  15|  0|   50|    0|
    |mul_64ns_66ns_129_1_1_U4627               |mul_64ns_66ns_129_1_1               |        0|  15|  0|   50|    0|
    |mul_64ns_66ns_129_1_1_U4628               |mul_64ns_66ns_129_1_1               |        0|  15|  0|   50|    0|
    |mul_64ns_66ns_129_1_1_U4629               |mul_64ns_66ns_129_1_1               |        0|  15|  0|   50|    0|
    |mul_64ns_66ns_129_1_1_U4630               |mul_64ns_66ns_129_1_1               |        0|  15|  0|   50|    0|
    +------------------------------------------+------------------------------------+---------+----+---+-----+-----+
    |Total                                     |                                    |        0| 263|  0| 2538|    0|
    +------------------------------------------+------------------------------------+---------+----+---+-----+-----+

    * DSP: 
    N/A

    * Memory: 
    N/A

    * FIFO: 
    N/A

    * Expression: 
    +-------------------------+----------+----+---+------+------------+------------+
    |      Variable Name      | Operation| DSP| FF|  LUT | Bitwidth P0| Bitwidth P1|
    +-------------------------+----------+----+---+------+------------+------------+
    |add_ln148_fu_827_p2      |         +|   0|  0|    39|          32|           1|
    |add_ln150_1_fu_938_p2    |         +|   0|  0|    64|          64|          64|
    |add_ln150_2_fu_944_p2    |         +|   0|  0|    46|          39|          13|
    |add_ln150_3_fu_1015_p2   |         +|   0|  0|    64|          64|          64|
    |add_ln150_4_fu_1068_p2   |         +|   0|  0|    46|          39|          13|
    |add_ln150_5_fu_1138_p2   |         +|   0|  0|    64|          64|          64|
    |add_ln150_fu_867_p2      |         +|   0|  0|    46|          39|          13|
    |add_ln158_1_fu_1248_p2   |         +|   0|  0|    45|          38|          38|
    |add_ln158_2_fu_1254_p2   |         +|   0|  0|    38|          38|          18|
    |add_ln158_3_fu_1260_p2   |         +|   0|  0|    38|          38|          38|
    |add_ln158_fu_1155_p2     |         +|   0|  0|    44|          37|          18|
    |add_ln159_1_fu_1472_p2   |         +|   0|  0|    45|          38|          38|
    |add_ln159_2_fu_1478_p2   |         +|   0|  0|    38|          38|          18|
    |add_ln159_3_fu_1484_p2   |         +|   0|  0|    38|          38|          38|
    |add_ln159_fu_1276_p2     |         +|   0|  0|    44|          37|          18|
    |add_ln164_18_fu_1430_p2  |         +|   0|  0|    64|          64|          64|
    |add_ln164_19_fu_1502_p2  |         +|   0|  0|    56|          56|          18|
    |add_ln164_20_fu_1507_p2  |         +|   0|  0|    56|          56|          56|
    |add_ln164_21_fu_1632_p2  |         +|   0|  0|    47|          40|          18|
    |add_ln164_22_fu_1739_p2  |         +|   0|  0|    64|          64|          64|
    |add_ln164_23_fu_2003_p2  |         +|   0|  0|    56|          56|          18|
    |add_ln164_24_fu_2008_p2  |         +|   0|  0|    56|          56|          56|
    |add_ln164_25_fu_1890_p2  |         +|   0|  0|    47|          40|          18|
    |add_ln164_26_fu_1997_p2  |         +|   0|  0|    64|          64|          64|
    |add_ln164_27_fu_2307_p2  |         +|   0|  0|    56|          56|          18|
    |add_ln164_28_fu_2312_p2  |         +|   0|  0|    56|          56|          56|
    |add_ln164_fu_1322_p2     |         +|   0|  0|    47|          40|          18|
    |add_ln165_10_fu_2549_p2  |         +|   0|  0|    56|          56|          18|
    |add_ln165_11_fu_2554_p2  |         +|   0|  0|    56|          56|          56|
    |add_ln165_1_fu_1626_p2   |         +|   0|  0|    64|          64|          64|
    |add_ln165_2_fu_1745_p2   |         +|   0|  0|    56|          56|          18|
    |add_ln165_3_fu_1750_p2   |         +|   0|  0|    56|          56|          56|
    |add_ln165_4_fu_1777_p2   |         +|   0|  0|    47|          40|          18|
    |add_ln165_5_fu_1884_p2   |         +|   0|  0|    64|          64|          64|
    |add_ln165_6_fu_2291_p2   |         +|   0|  0|    56|          56|          18|
    |add_ln165_7_fu_2296_p2   |         +|   0|  0|    56|          56|          56|
    |add_ln165_8_fu_2035_p2   |         +|   0|  0|    47|          40|          18|
    |add_ln165_9_fu_2142_p2   |         +|   0|  0|    64|          64|          64|
    |add_ln165_fu_1519_p2     |         +|   0|  0|    47|          40|          18|
    |add_ln187_10_fu_2849_p2  |         +|   0|  0|    56|          56|          18|
    |add_ln187_11_fu_2854_p2  |         +|   0|  0|    56|          56|          56|
    |add_ln187_1_fu_2255_p2   |         +|   0|  0|    64|          64|          64|
    |add_ln187_2_fu_2694_p2   |         +|   0|  0|    47|          40|          18|
    |add_ln187_3_fu_2565_p2   |         +|   0|  0|    56|          56|          18|
    |add_ln187_4_fu_2570_p2   |         +|   0|  0|    56|          56|          56|
    |add_ln187_5_fu_2436_p2   |         +|   0|  0|    47|          40|          18|
    |add_ln187_6_fu_2543_p2   |         +|   0|  0|    64|          64|          64|
    |add_ln187_7_fu_2823_p2   |         +|   0|  0|    56|          56|          18|
    |add_ln187_8_fu_2828_p2   |         +|   0|  0|    56|          56|          56|
    |add_ln187_9_fu_2801_p2   |         +|   0|  0|    64|          64|          64|
    |add_ln187_fu_2148_p2     |         +|   0|  0|    47|          40|          18|
    |add_ln188_10_fu_2972_p2  |         +|   0|  0|    56|          56|          18|
    |add_ln188_11_fu_2978_p2  |         +|   0|  0|    56|          56|          56|
    |add_ln188_1_fu_2430_p2   |         +|   0|  0|    64|          64|          64|
    |add_ln188_2_fu_2859_p2   |         +|   0|  0|    47|          40|          18|
    |add_ln188_3_fu_2807_p2   |         +|   0|  0|    56|          56|          18|
    |add_ln188_4_fu_2812_p2   |         +|   0|  0|    56|          56|          56|
    |add_ln188_5_fu_2581_p2   |         +|   0|  0|    47|          40|          18|
    |add_ln188_6_fu_2688_p2   |         +|   0|  0|    64|          64|          64|
    |add_ln188_7_fu_2839_p2   |         +|   0|  0|    56|          56|          18|
    |add_ln188_8_fu_2844_p2   |         +|   0|  0|    56|          56|          56|
    |add_ln188_9_fu_2966_p2   |         +|   0|  0|    64|          64|          64|
    |add_ln188_fu_2323_p2     |         +|   0|  0|    47|          40|          18|
    |sub_ln150_1_fu_932_p2    |         -|   0|  0|    64|          64|          64|
    |sub_ln150_2_fu_1009_p2   |         -|   0|  0|    64|          64|          64|
    |sub_ln150_3_fu_1132_p2   |         -|   0|  0|    64|          64|          64|
    |sub_ln150_fu_857_p2      |         -|   0|  0|    45|          38|          38|
    |sub_ln158_fu_1242_p2     |         -|   0|  0|    45|          38|          38|
    |sub_ln159_fu_1466_p2     |         -|   0|  0|    45|          38|          38|
    |sub_ln164_10_fu_1727_p2  |         -|   0|  0|    64|          64|          64|
    |sub_ln164_11_fu_1733_p2  |         -|   0|  0|    63|          56|          56|
    |sub_ln164_12_fu_1985_p2  |         -|   0|  0|    64|          64|          64|
    |sub_ln164_13_fu_1991_p2  |         -|   0|  0|    63|          56|          56|
    |sub_ln164_8_fu_1418_p2   |         -|   0|  0|    64|          64|          64|
    |sub_ln164_9_fu_1424_p2   |         -|   0|  0|    63|          56|          56|
    |sub_ln164_fu_1312_p2     |         -|   0|  0|    46|          39|          39|
    |sub_ln165_1_fu_1620_p2   |         -|   0|  0|    63|          56|          56|
    |sub_ln165_2_fu_1872_p2   |         -|   0|  0|    64|          64|          64|
    |sub_ln165_3_fu_1878_p2   |         -|   0|  0|    63|          56|          56|
    |sub_ln165_4_fu_2130_p2   |         -|   0|  0|    64|          64|          64|
    |sub_ln165_5_fu_2136_p2   |         -|   0|  0|    63|          56|          56|
    |sub_ln165_fu_1614_p2     |         -|   0|  0|    64|          64|          64|
    |sub_ln187_1_fu_2249_p2   |         -|   0|  0|    63|          56|          56|
    |sub_ln187_2_fu_2531_p2   |         -|   0|  0|    64|          64|          64|
    |sub_ln187_3_fu_2537_p2   |         -|   0|  0|    63|          56|          56|
    |sub_ln187_4_fu_2789_p2   |         -|   0|  0|    64|          64|          64|
    |sub_ln187_5_fu_2795_p2   |         -|   0|  0|    63|          56|          56|
    |sub_ln187_fu_2243_p2     |         -|   0|  0|    64|          64|          64|
    |sub_ln188_1_fu_2424_p2   |         -|   0|  0|    63|          56|          56|
    |sub_ln188_2_fu_2676_p2   |         -|   0|  0|    64|          64|          64|
    |sub_ln188_3_fu_2682_p2   |         -|   0|  0|    63|          56|          56|
    |sub_ln188_4_fu_2954_p2   |         -|   0|  0|    64|          64|          64|
    |sub_ln188_5_fu_2960_p2   |         -|   0|  0|    63|          56|          56|
    |sub_ln188_fu_2418_p2     |         -|   0|  0|    64|          64|          64|
    |and_ln154_fu_2997_p2     |       and|   0|  0|     2|           1|           1|
    |icmp_ln148_fu_821_p2     |      icmp|   0|  0|    20|          32|          32|
    |icmp_ln154_1_fu_2285_p2  |      icmp|   0|  0|    24|          52|           1|
    |icmp_ln154_fu_2279_p2    |      icmp|   0|  0|    11|          11|           2|
    |lshr_ln150_1_fu_1058_p2  |      lshr|   0|  0|  1865|         448|         448|
    |lshr_ln150_2_fu_1201_p2  |      lshr|   0|  0|  1865|         448|         448|
    |lshr_ln150_fu_1037_p2    |      lshr|   0|  0|  1865|         448|         448|
    |or_ln154_fu_2993_p2      |        or|   0|  0|     2|           1|           1|
    |z_32_fu_3002_p3          |    select|   0|  0|    63|           1|          62|
    |shl_ln158_1_fu_3092_p2   |       shl|   0|  0|  1865|         448|         448|
    |shl_ln158_fu_1270_p2     |       shl|   0|  0|   165|           8|          56|
    |shl_ln159_1_fu_3122_p2   |       shl|   0|  0|  1865|         448|         448|
    |shl_ln159_fu_1493_p2     |       shl|   0|  0|   165|           8|          56|
    |shl_ln164_2_fu_3034_p2   |       shl|   0|  0|  1865|         448|         448|
    |shl_ln164_3_fu_2013_p2   |       shl|   0|  0|   165|           8|          56|
    |shl_ln164_4_fu_2030_p2   |       shl|   0|  0|  1865|         448|         448|
    |shl_ln164_5_fu_2317_p2   |       shl|   0|  0|   165|           8|          56|
    |shl_ln164_6_fu_3181_p2   |       shl|   0|  0|  1865|         448|         448|
    |shl_ln164_fu_1513_p2     |       shl|   0|  0|   165|           8|          56|
    |shl_ln165_10_fu_2559_p2  |       shl|   0|  0|   165|           8|          56|
    |shl_ln165_12_fu_3214_p2  |       shl|   0|  0|  1865|         448|         448|
    |shl_ln165_2_fu_1772_p2   |       shl|   0|  0|  1865|         448|         448|
    |shl_ln165_4_fu_2301_p2   |       shl|   0|  0|   165|           8|          56|
    |shl_ln165_7_fu_3059_p2   |       shl|   0|  0|  1865|         448|         448|
    |shl_ln165_fu_1755_p2     |       shl|   0|  0|   165|           8|          56|
    |shl_ln187_10_fu_2988_p2  |       shl|   0|  0|   165|           8|          56|
    |shl_ln187_12_fu_3363_p2  |       shl|   0|  0|  1865|         448|         448|
    |shl_ln187_2_fu_3251_p2   |       shl|   0|  0|  1865|         448|         448|
    |shl_ln187_4_fu_2833_p2   |       shl|   0|  0|   165|           8|          56|
    |shl_ln187_7_fu_3309_p2   |       shl|   0|  0|  1865|         448|         448|
    |shl_ln187_fu_2575_p2     |       shl|   0|  0|   165|           8|          56|
    |shl_ln188_10_fu_3010_p2  |       shl|   0|  0|   165|           8|          56|
    |shl_ln188_12_fu_3392_p2  |       shl|   0|  0|  1865|         448|         448|
    |shl_ln188_2_fu_3280_p2   |       shl|   0|  0|  1865|         448|         448|
    |shl_ln188_4_fu_2983_p2   |       shl|   0|  0|   165|           8|          56|
    |shl_ln188_7_fu_3338_p2   |       shl|   0|  0|  1865|         448|         448|
    |shl_ln188_fu_2817_p2     |       shl|   0|  0|   165|           8|          56|
    |xor_ln161_1_fu_3151_p2   |       xor|   0|  0|    65|          64|          65|
    |xor_ln161_fu_3132_p2     |       xor|   0|  0|    65|          64|          65|
    +-------------------------+----------+----+---+------+------------+------------+
    |Total                    |          |   0|  0| 39539|       12974|       12742|
    +-------------------------+----------+----+---+------+------------+------------+

    * Multiplexer: 
    +--------------------+-----+-----------+-----+-----------+
    |        Name        | LUT | Input Size| Bits| Total Bits|
    +--------------------+-----+-----------+-----+-----------+
    |ap_NS_fsm           |  139|         28|    1|         28|
    |ap_done_int         |    9|          2|    1|          2|
    |ap_sig_allocacmp_i  |    9|          2|   32|         64|
    |grp_fu_671_opcode   |   14|          3|    2|          6|
    |grp_fu_671_p0       |   49|          9|   64|        576|
    |grp_fu_671_p1       |   49|          9|   64|        576|
    |grp_fu_675_opcode   |   14|          3|    2|          6|
    |grp_fu_675_p0       |   59|         11|   64|        704|
    |grp_fu_675_p1       |   37|          7|   64|        448|
    |grp_fu_679_p0       |   65|         13|   64|        832|
    |grp_fu_679_p1       |   97|         20|   64|       1280|
    |grp_fu_683_p0       |   65|         13|   64|        832|
    |grp_fu_683_p1       |   97|         20|   64|       1280|
    |grp_fu_687_p0       |   59|         11|   64|        704|
    |grp_fu_687_p1       |   81|         17|   64|       1088|
    |i_31_fu_260         |    9|          2|   32|         64|
    |pnp_iter_address0   |   54|         10|   13|        130|
    |pnp_iter_address1   |   49|          9|   13|        117|
    |pnp_iter_d0         |   43|          8|  448|       3584|
    |pnp_iter_d1         |   43|          8|  448|       3584|
    |pnp_iter_we0        |   43|          8|   56|        448|
    |pnp_iter_we1        |   43|          8|   56|        448|
    +--------------------+-----+-----------+-----+-----------+
    |Total               | 1127|        221| 1744|      16801|
    +--------------------+-----+-----------+-----+-----------+

    * Register: 
    +----------------------------+-----+----+-----+-----------+
    |            Name            |  FF | LUT| Bits| Const Bits|
    +----------------------------+-----+----+-----+-----------+
    |X_reg_3723                  |   64|   0|   64|          0|
    |Y_reg_3731                  |   64|   0|   64|          0|
    |Z_reg_3807                  |   64|   0|   64|          0|
    |add17_reg_4139              |   64|   0|   64|          0|
    |add_ln150_1_reg_3665        |   61|   0|   64|          3|
    |add_ln150_3_reg_3675        |   61|   0|   64|          3|
    |add_ln150_5_reg_3695        |   61|   0|   64|          3|
    |add_ln158_1_reg_3750        |   35|   0|   38|          3|
    |add_ln158_reg_3711          |   33|   0|   37|          4|
    |add_ln159_1_reg_3815        |   35|   0|   38|          3|
    |add_ln159_reg_3760          |   33|   0|   37|          4|
    |add_ln164_18_reg_3802       |   61|   0|   64|          3|
    |add_ln164_22_reg_3870       |   61|   0|   64|          3|
    |add_ln164_26_reg_3910       |   61|   0|   64|          3|
    |add_ln165_1_reg_3855        |   61|   0|   64|          3|
    |add_ln165_5_reg_3895        |   61|   0|   64|          3|
    |add_ln165_9_reg_3935        |   61|   0|   64|          3|
    |add_ln187_11_reg_4070       |   53|   0|   56|          3|
    |add_ln187_1_reg_3950        |   61|   0|   64|          3|
    |add_ln187_6_reg_4005        |   61|   0|   64|          3|
    |add_ln187_9_reg_4050        |   61|   0|   64|          3|
    |add_ln188_11_reg_4085       |   53|   0|   56|          3|
    |add_ln188_1_reg_3990        |   61|   0|   64|          3|
    |add_ln188_6_reg_4035        |   61|   0|   64|          3|
    |add_ln188_8_reg_4065        |   53|   0|   56|          3|
    |add_ln188_9_reg_4080        |   61|   0|   64|          3|
    |ap_CS_fsm                   |   27|   0|   27|          0|
    |ap_done_reg                 |    1|   0|    1|          0|
    |i_31_fu_260                 |   32|   0|   32|          0|
    |i_reg_3646                  |   32|   0|   32|          0|
    |icmp_ln154_1_reg_3960       |    1|   0|    1|          0|
    |icmp_ln154_reg_3955         |    1|   0|    1|          0|
    |mul35_reg_4015              |   64|   0|   64|          0|
    |reg_701                     |   64|   0|   64|          0|
    |reg_709                     |   64|   0|   64|          0|
    |reg_718                     |   64|   0|   64|          0|
    |reg_726                     |   64|   0|   64|          0|
    |reg_732                     |   64|   0|   64|          0|
    |reg_741                     |   64|   0|   64|          0|
    |reg_749                     |   64|   0|   64|          0|
    |reg_758                     |   64|   0|   64|          0|
    |reg_764                     |   64|   0|   64|          0|
    |reg_770                     |   64|   0|   64|          0|
    |reg_778                     |   64|   0|   64|          0|
    |reg_785                     |   64|   0|   64|          0|
    |reg_792                     |   64|   0|   64|          0|
    |reg_799                     |   64|   0|   64|          0|
    |sext_ln150_reg_3655         |   36|   0|   39|          3|
    |sext_ln164_4_reg_3825       |   52|   0|   56|          4|
    |sext_ln164_reg_3777         |   36|   0|   40|          4|
    |shl_ln117_reg_3700          |   32|   0|   36|          4|
    |shl_ln158_reg_3755          |   56|   0|   56|          0|
    |shl_ln159_1_reg_4124        |  448|   0|  448|          0|
    |shl_ln159_reg_3820          |   56|   0|   56|          0|
    |shl_ln164_2_reg_4114        |  448|   0|  448|          0|
    |shl_ln164_3_reg_3915        |   56|   0|   56|          0|
    |shl_ln164_4_reg_3920        |  448|   0|  448|          0|
    |shl_ln164_5_reg_3975        |   56|   0|   56|          0|
    |shl_ln164_6_reg_4129        |  448|   0|  448|          0|
    |shl_ln164_reg_3840          |   56|   0|   56|          0|
    |shl_ln165_10_reg_4010       |   56|   0|   56|          0|
    |shl_ln165_12_reg_4134       |  448|   0|  448|          0|
    |shl_ln165_2_reg_3880        |  448|   0|  448|          0|
    |shl_ln165_4_reg_3970        |   56|   0|   56|          0|
    |shl_ln165_7_reg_4119        |  448|   0|  448|          0|
    |shl_ln165_reg_3875          |   56|   0|   56|          0|
    |shl_ln187_10_reg_4095       |   56|   0|   56|          0|
    |shl_ln187_12_reg_4164       |  448|   0|  448|          0|
    |shl_ln187_2_reg_4144        |  448|   0|  448|          0|
    |shl_ln187_4_reg_4060        |   56|   0|   56|          0|
    |shl_ln187_7_reg_4154        |  448|   0|  448|          0|
    |shl_ln187_reg_4020          |   56|   0|   56|          0|
    |shl_ln188_10_reg_4109       |   56|   0|   56|          0|
    |shl_ln188_12_reg_4169       |  448|   0|  448|          0|
    |shl_ln188_2_reg_4149        |  448|   0|  448|          0|
    |shl_ln188_4_reg_4090        |   56|   0|   56|          0|
    |shl_ln188_7_reg_4159        |  448|   0|  448|          0|
    |shl_ln188_reg_4055          |   56|   0|   56|          0|
    |sub_ln164_11_reg_3865       |   53|   0|   56|          3|
    |sub_ln164_13_reg_3905       |   53|   0|   56|          3|
    |sub_ln164_9_reg_3797        |   53|   0|   56|          3|
    |sub_ln164_reg_3772          |   35|   0|   39|          4|
    |sub_ln165_1_reg_3850        |   53|   0|   56|          3|
    |sub_ln165_3_reg_3890        |   53|   0|   56|          3|
    |sub_ln165_5_reg_3930        |   53|   0|   56|          3|
    |sub_ln187_1_reg_3945        |   53|   0|   56|          3|
    |sub_ln187_3_reg_4000        |   53|   0|   56|          3|
    |sub_ln187_5_reg_4045        |   53|   0|   56|          3|
    |sub_ln188_1_reg_3985        |   53|   0|   56|          3|
    |sub_ln188_3_reg_4030        |   53|   0|   56|          3|
    |tmp_1520_reg_3716           |   31|   0|   31|          0|
    |tmp_1521_reg_3765           |   31|   0|   31|          0|
    |tmp_1522_reg_3792           |   59|   0|   59|          0|
    |tmp_1523_reg_3845           |   59|   0|   59|          0|
    |tmp_1524_reg_3860           |   59|   0|   59|          0|
    |tmp_1525_reg_3885           |   59|   0|   59|          0|
    |tmp_1526_reg_3900           |   59|   0|   59|          0|
    |tmp_1527_reg_3925           |   59|   0|   59|          0|
    |tmp_1528_reg_3940           |   59|   0|   59|          0|
    |tmp_1529_reg_3980           |   59|   0|   59|          0|
    |tmp_1530_reg_3995           |   59|   0|   59|          0|
    |tmp_1531_reg_4025           |   59|   0|   59|          0|
    |tmp_1532_reg_4040           |   59|   0|   59|          0|
    |tmp_1533_reg_4075           |   59|   0|   59|          0|
    |tmp_182_reg_3965            |    1|   0|    1|          0|
    |trunc_ln150_1_reg_3685      |   64|   0|   64|          0|
    |trunc_ln150_2_reg_3740      |   64|   0|   64|          0|
    |trunc_ln150_reg_3680        |   64|   0|   64|          0|
    |z_32_reg_4100               |   64|   0|   64|          0|
    |zext_ln158_2_reg_3706       |   32|   0|   37|          5|
    |zext_ln158_3_reg_3745       |   32|   0|   38|          6|
    |zext_ln164_1_cast_reg_3636  |   64|   0|  448|        384|
    |zext_ln165_cast_reg_3641    |   64|   0|  448|        384|
    +----------------------------+-----+----+-----+-----------+
    |Total                       |11121|   0|12020|        899|
    +----------------------------+-----+----+-----+-----------+



================================================================
== Interface
================================================================
* Summary: 
+---------------------+-----+-----+------------+-------------------------------------------+--------------+
|      RTL Ports      | Dir | Bits|  Protocol  |               Source Object               |    C Type    |
+---------------------+-----+-----+------------+-------------------------------------------+--------------+
|ap_clk               |   in|    1|  ap_ctrl_hs|  ProjectPoints.2_Pipeline_VITIS_LOOP_148_1|  return value|
|ap_rst               |   in|    1|  ap_ctrl_hs|  ProjectPoints.2_Pipeline_VITIS_LOOP_148_1|  return value|
|ap_start             |   in|    1|  ap_ctrl_hs|  ProjectPoints.2_Pipeline_VITIS_LOOP_148_1|  return value|
|ap_done              |  out|    1|  ap_ctrl_hs|  ProjectPoints.2_Pipeline_VITIS_LOOP_148_1|  return value|
|ap_idle              |  out|    1|  ap_ctrl_hs|  ProjectPoints.2_Pipeline_VITIS_LOOP_148_1|  return value|
|ap_ready             |  out|    1|  ap_ctrl_hs|  ProjectPoints.2_Pipeline_VITIS_LOOP_148_1|  return value|
|grp_fu_1776_p_din0   |  out|   64|  ap_ctrl_hs|  ProjectPoints.2_Pipeline_VITIS_LOOP_148_1|  return value|
|grp_fu_1776_p_din1   |  out|   64|  ap_ctrl_hs|  ProjectPoints.2_Pipeline_VITIS_LOOP_148_1|  return value|
|grp_fu_1776_p_dout0  |   in|   64|  ap_ctrl_hs|  ProjectPoints.2_Pipeline_VITIS_LOOP_148_1|  return value|
|grp_fu_1776_p_ce     |  out|    1|  ap_ctrl_hs|  ProjectPoints.2_Pipeline_VITIS_LOOP_148_1|  return value|
|count                |   in|   32|     ap_none|                                      count|        scalar|
|pnp_iter_address0    |  out|   13|   ap_memory|                                   pnp_iter|         array|
|pnp_iter_ce0         |  out|    1|   ap_memory|                                   pnp_iter|         array|
|pnp_iter_we0         |  out|   56|   ap_memory|                                   pnp_iter|         array|
|pnp_iter_d0          |  out|  448|   ap_memory|                                   pnp_iter|         array|
|pnp_iter_q0          |   in|  448|   ap_memory|                                   pnp_iter|         array|
|pnp_iter_address1    |  out|   13|   ap_memory|                                   pnp_iter|         array|
|pnp_iter_ce1         |  out|    1|   ap_memory|                                   pnp_iter|         array|
|pnp_iter_we1         |  out|   56|   ap_memory|                                   pnp_iter|         array|
|pnp_iter_d1          |  out|  448|   ap_memory|                                   pnp_iter|         array|
|pnp_iter_q1          |   in|  448|   ap_memory|                                   pnp_iter|         array|
|empty_358            |   in|   64|     ap_none|                                  empty_358|        scalar|
|empty_359            |   in|   64|     ap_none|                                  empty_359|        scalar|
|empty_360            |   in|   64|     ap_none|                                  empty_360|        scalar|
|bitcast_ln151        |   in|   64|     ap_none|                              bitcast_ln151|        scalar|
|empty_361            |   in|   64|     ap_none|                                  empty_361|        scalar|
|empty_362            |   in|   64|     ap_none|                                  empty_362|        scalar|
|empty_363            |   in|   64|     ap_none|                                  empty_363|        scalar|
|bitcast_ln152        |   in|   64|     ap_none|                              bitcast_ln152|        scalar|
|empty_364            |   in|   64|     ap_none|                                  empty_364|        scalar|
|empty_365            |   in|   64|     ap_none|                                  empty_365|        scalar|
|empty_366            |   in|   64|     ap_none|                                  empty_366|        scalar|
|bitcast_ln153        |   in|   64|     ap_none|                              bitcast_ln153|        scalar|
|fx                   |   in|   64|     ap_none|                                         fx|        scalar|
|cx                   |   in|   64|     ap_none|                                         cx|        scalar|
|fy                   |   in|   64|     ap_none|                                         fy|        scalar|
|cy                   |   in|   64|     ap_none|                                         cy|        scalar|
|zext_ln165           |   in|   64|     ap_none|                                 zext_ln165|        scalar|
|zext_ln164_1         |   in|   64|     ap_none|                               zext_ln164_1|        scalar|
|empty_367            |   in|   64|     ap_none|                                  empty_367|        scalar|
|empty_368            |   in|   64|     ap_none|                                  empty_368|        scalar|
|empty_369            |   in|   64|     ap_none|                                  empty_369|        scalar|
|empty_370            |   in|   64|     ap_none|                                  empty_370|        scalar|
|empty_371            |   in|   64|     ap_none|                                  empty_371|        scalar|
|empty_372            |   in|   64|     ap_none|                                  empty_372|        scalar|
|empty_373            |   in|   64|     ap_none|                                  empty_373|        scalar|
|empty_374            |   in|   64|     ap_none|                                  empty_374|        scalar|
|empty_375            |   in|   64|     ap_none|                                  empty_375|        scalar|
|empty_376            |   in|   64|     ap_none|                                  empty_376|        scalar|
|empty_377            |   in|   64|     ap_none|                                  empty_377|        scalar|
|empty_378            |   in|   64|     ap_none|                                  empty_378|        scalar|
|empty_379            |   in|   64|     ap_none|                                  empty_379|        scalar|
|empty_380            |   in|   64|     ap_none|                                  empty_380|        scalar|
|empty_381            |   in|   64|     ap_none|                                  empty_381|        scalar|
|empty_382            |   in|   64|     ap_none|                                  empty_382|        scalar|
|empty_383            |   in|   64|     ap_none|                                  empty_383|        scalar|
|empty_384            |   in|   64|     ap_none|                                  empty_384|        scalar|
|empty_385            |   in|   64|     ap_none|                                  empty_385|        scalar|
|empty_386            |   in|   64|     ap_none|                                  empty_386|        scalar|
|empty_387            |   in|   64|     ap_none|                                  empty_387|        scalar|
|empty_388            |   in|   64|     ap_none|                                  empty_388|        scalar|
|empty_389            |   in|   64|     ap_none|                                  empty_389|        scalar|
|empty_390            |   in|   64|     ap_none|                                  empty_390|        scalar|
|empty_391            |   in|   64|     ap_none|                                  empty_391|        scalar|
|empty_392            |   in|   64|     ap_none|                                  empty_392|        scalar|
|empty                |   in|   64|     ap_none|                                      empty|        scalar|
+---------------------+-----+-----+------------+-------------------------------------------+--------------+

