

================================================================
== Vitis HLS Report for 'projectPoint_Pipeline_5'
================================================================
* Date:           Sun Feb  5 16:59:24 2023

* Version:        2022.1 (Build 3526262 on Mon Apr 18 15:47:01 MDT 2022)
* Project:        hls_EstimateMotion
* Solution:       solution1 (Vivado IP Flow Target)
* Product family: virtexuplus
* Target device:  xcu50-fsvh2104-2L-e


================================================================
== Performance Estimates
================================================================
+ Timing: 
    * Summary: 
    +--------+----------+----------+------------+
    |  Clock |  Target  | Estimated| Uncertainty|
    +--------+----------+----------+------------+
    |ap_clk  |  60.00 ns|  3.037 ns|    16.20 ns|
    +--------+----------+----------+------------+

+ Latency: 
    * Summary: 
    +---------+---------+----------+----------+-----+-----+---------+
    |  Latency (cycles) |  Latency (absolute) |  Interval | Pipeline|
    |   min   |   max   |    min   |    max   | min | max |   Type  |
    +---------+---------+----------+----------+-----+-----+---------+
    |        3|        ?|  0.180 us|         ?|    3|    ?|       no|
    +---------+---------+----------+----------+-----+-----+---------+

    + Detail: 
        * Instance: 
        N/A

        * Loop: 
        +----------+---------+---------+----------+-----------+-----------+-------+----------+
        |          |  Latency (cycles) | Iteration|  Initiation Interval  |  Trip |          |
        | Loop Name|   min   |   max   |  Latency |  achieved |   target  | Count | Pipelined|
        +----------+---------+---------+----------+-----------+-----------+-------+----------+
        |- Loop 1  |        1|        ?|         1|          1|          1|  1 ~ ?|       yes|
        +----------+---------+---------+----------+-----------+-----------+-------+----------+



================================================================
== Utilization Estimates
================================================================
* Summary: 
+---------------------+---------+------+---------+--------+-----+
|         Name        | BRAM_18K|  DSP |    FF   |   LUT  | URAM|
+---------------------+---------+------+---------+--------+-----+
|DSP                  |        -|     -|        -|       -|    -|
|Expression           |        -|     -|        0|    2460|    -|
|FIFO                 |        -|     -|        -|       -|    -|
|Instance             |        -|     -|        -|       -|    -|
|Memory               |        -|     -|        -|       -|    -|
|Multiplexer          |        -|     -|        -|      36|    -|
|Register             |        -|     -|      390|       -|    -|
+---------------------+---------+------+---------+--------+-----+
|Total                |        0|     0|      390|    2496|    0|
+---------------------+---------+------+---------+--------+-----+
|Available SLR        |     1344|  2976|   871680|  435840|  320|
+---------------------+---------+------+---------+--------+-----+
|Utilization SLR (%)  |        0|     0|       ~0|      ~0|    0|
+---------------------+---------+------+---------+--------+-----+
|Available            |     2688|  5952|  1743360|  871680|  640|
+---------------------+---------+------+---------+--------+-----+
|Utilization (%)      |        0|     0|       ~0|      ~0|    0|
+---------------------+---------+------+---------+--------+-----+

+ Detail: 
    * Instance: 
    N/A

    * DSP: 
    N/A

    * Memory: 
    N/A

    * FIFO: 
    N/A

    * Expression: 
    +-----------------------+----------+----+---+-----+------------+------------+
    |     Variable Name     | Operation| DSP| FF| LUT | Bitwidth P0| Bitwidth P1|
    +-----------------------+----------+----+---+-----+------------+------------+
    |empty_1198_fu_302_p2   |         +|   0|  0|   71|          64|          64|
    |empty_1201_fu_332_p2   |         +|   0|  0|   39|          32|          32|
    |empty_1239_fu_1553_p2  |         +|   0|  0|   71|          64|           1|
    |exitcond57_fu_1559_p2  |      icmp|   0|  0|   29|          64|          64|
    |empty_1199_fu_319_p2   |      lshr|   0|  0|  950|         256|         256|
    |empty_1207_fu_361_p3   |    select|   0|  0|    8|           1|           8|
    |empty_1208_fu_397_p3   |    select|   0|  0|    8|           1|           8|
    |empty_1209_fu_433_p3   |    select|   0|  0|    8|           1|           8|
    |empty_1210_fu_469_p3   |    select|   0|  0|    8|           1|           8|
    |empty_1211_fu_505_p3   |    select|   0|  0|    8|           1|           8|
    |empty_1212_fu_541_p3   |    select|   0|  0|    8|           1|           8|
    |empty_1213_fu_577_p3   |    select|   0|  0|    8|           1|           8|
    |empty_1214_fu_613_p3   |    select|   0|  0|    8|           1|           8|
    |empty_1215_fu_649_p3   |    select|   0|  0|    8|           1|           8|
    |empty_1216_fu_685_p3   |    select|   0|  0|    8|           1|           8|
    |empty_1217_fu_721_p3   |    select|   0|  0|    8|           1|           8|
    |empty_1218_fu_757_p3   |    select|   0|  0|    8|           1|           8|
    |empty_1219_fu_793_p3   |    select|   0|  0|    8|           1|           8|
    |empty_1220_fu_829_p3   |    select|   0|  0|    8|           1|           8|
    |empty_1221_fu_865_p3   |    select|   0|  0|    8|           1|           8|
    |empty_1222_fu_901_p3   |    select|   0|  0|    8|           1|           8|
    |empty_1223_fu_937_p3   |    select|   0|  0|    8|           1|           8|
    |empty_1224_fu_973_p3   |    select|   0|  0|    8|           1|           8|
    |empty_1225_fu_1009_p3  |    select|   0|  0|    8|           1|           8|
    |empty_1226_fu_1045_p3  |    select|   0|  0|    8|           1|           8|
    |empty_1227_fu_1081_p3  |    select|   0|  0|    8|           1|           8|
    |empty_1228_fu_1117_p3  |    select|   0|  0|    8|           1|           8|
    |empty_1229_fu_1153_p3  |    select|   0|  0|    8|           1|           8|
    |empty_1230_fu_1189_p3  |    select|   0|  0|    8|           1|           8|
    |empty_1231_fu_1225_p3  |    select|   0|  0|    8|           1|           8|
    |empty_1232_fu_1261_p3  |    select|   0|  0|    8|           1|           8|
    |empty_1233_fu_1297_p3  |    select|   0|  0|    8|           1|           8|
    |empty_1234_fu_1333_p3  |    select|   0|  0|    8|           1|           8|
    |empty_1235_fu_1369_p3  |    select|   0|  0|    8|           1|           8|
    |empty_1236_fu_1405_p3  |    select|   0|  0|    8|           1|           8|
    |empty_1237_fu_1441_p3  |    select|   0|  0|    8|           1|           8|
    |empty_1238_fu_1477_p3  |    select|   0|  0|    8|           1|           8|
    |empty_1202_fu_337_p2   |       shl|   0|  0|   92|           8|          32|
    |empty_1203_fu_343_p2   |       shl|   0|  0|  950|         256|         256|
    |ap_enable_pp0          |       xor|   0|  0|    2|           1|           2|
    +-----------------------+----------+----+---+-----+------------+------------+
    |Total                  |          |   0|  0| 2460|         777|         963|
    +-----------------------+----------+----+---+-----+------------+------------+

    * Multiplexer: 
    +-------------------------+----+-----------+-----+-----------+
    |           Name          | LUT| Input Size| Bits| Total Bits|
    +-------------------------+----+-----------+-----+-----------+
    |ap_done_int              |   9|          2|    1|          2|
    |ap_enable_reg_pp0_iter1  |   9|          2|    1|          2|
    |loop_index_i35_fu_222    |   9|          2|   64|        128|
    |rotpoint_fu_226          |   9|          2|  256|        512|
    +-------------------------+----+-----------+-----+-----------+
    |Total                    |  36|          8|  322|        644|
    +-------------------------+----+-----------+-----+-----------+

    * Register: 
    +-------------------------+-----+----+-----+-----------+
    |           Name          |  FF | LUT| Bits| Const Bits|
    +-------------------------+-----+----+-----+-----------+
    |ap_CS_fsm                |    1|   0|    1|          0|
    |ap_done_reg              |    1|   0|    1|          0|
    |ap_enable_reg_pp0_iter1  |    1|   0|    1|          0|
    |conv_i_cast_reg_1604     |   32|   0|   64|         32|
    |loop_index_i35_fu_222    |   64|   0|   64|          0|
    |p_cast628_cast_reg_1609  |   35|   0|   64|         29|
    |rotpoint_fu_226          |  256|   0|  256|          0|
    +-------------------------+-----+----+-----+-----------+
    |Total                    |  390|   0|  451|         61|
    +-------------------------+-----+----+-----+-----------+



================================================================
== Interface
================================================================
* Summary: 
+-----------------------+-----+-----+------------+-------------------------+--------------+
|       RTL Ports       | Dir | Bits|  Protocol  |      Source Object      |    C Type    |
+-----------------------+-----+-----+------------+-------------------------+--------------+
|ap_clk                 |   in|    1|  ap_ctrl_hs|  projectPoint_Pipeline_5|  return value|
|ap_rst                 |   in|    1|  ap_ctrl_hs|  projectPoint_Pipeline_5|  return value|
|ap_start               |   in|    1|  ap_ctrl_hs|  projectPoint_Pipeline_5|  return value|
|ap_done                |  out|    1|  ap_ctrl_hs|  projectPoint_Pipeline_5|  return value|
|ap_idle                |  out|    1|  ap_ctrl_hs|  projectPoint_Pipeline_5|  return value|
|ap_ready               |  out|    1|  ap_ctrl_hs|  projectPoint_Pipeline_5|  return value|
|rotpoint_1             |   in|  256|     ap_none|               rotpoint_1|        scalar|
|p_cast628              |   in|   35|     ap_none|                p_cast628|        scalar|
|C_11_reload            |   in|  256|     ap_none|              C_11_reload|        scalar|
|p_cast151              |   in|   32|     ap_none|                p_cast151|        scalar|
|conv_i                 |   in|   32|     ap_none|                   conv_i|        scalar|
|rotpoint_3_out         |  out|  256|      ap_vld|           rotpoint_3_out|       pointer|
|rotpoint_3_out_ap_vld  |  out|    1|      ap_vld|           rotpoint_3_out|       pointer|
+-----------------------+-----+-----+------------+-------------------------+--------------+

