

================================================================
== Vitis HLS Report for 'ProjectPoints_Pipeline_VITIS_LOOP_119_1'
================================================================
* Date:           Sun Feb  5 17:05:12 2023

* Version:        2022.1 (Build 3526262 on Mon Apr 18 15:47:01 MDT 2022)
* Project:        hls_EstimateMotion
* Solution:       solution1 (Vivado IP Flow Target)
* Product family: virtexuplus
* Target device:  xcu50-fsvh2104-2L-e


================================================================
== Performance Estimates
================================================================
+ Timing: 
    * Summary: 
    +--------+----------+-----------+------------+
    |  Clock |  Target  | Estimated | Uncertainty|
    +--------+----------+-----------+------------+
    |ap_clk  |  60.00 ns|  41.357 ns|    16.20 ns|
    +--------+----------+-----------+------------+

+ Latency: 
    * Summary: 
    +---------+---------+----------+----------+-----+-----+---------+
    |  Latency (cycles) |  Latency (absolute) |  Interval | Pipeline|
    |   min   |   max   |    min   |    max   | min | max |   Type  |
    +---------+---------+----------+----------+-----+-----+---------+
    |        ?|        ?|         ?|         ?|    ?|    ?|       no|
    +---------+---------+----------+----------+-----+-----+---------+

    + Detail: 
        * Instance: 
        N/A

        * Loop: 
        +--------------------+---------+---------+----------+-----------+-----------+------+----------+
        |                    |  Latency (cycles) | Iteration|  Initiation Interval  | Trip |          |
        |      Loop Name     |   min   |   max   |  Latency |  achieved |   target  | Count| Pipelined|
        +--------------------+---------+---------+----------+-----------+-----------+------+----------+
        |- VITIS_LOOP_119_1  |        ?|        ?|        15|         15|          1|     ?|       yes|
        +--------------------+---------+---------+----------+-----------+-----------+------+----------+



================================================================
== Utilization Estimates
================================================================
* Summary: 
+---------------------+---------+------+---------+--------+-----+
|         Name        | BRAM_18K|  DSP |    FF   |   LUT  | URAM|
+---------------------+---------+------+---------+--------+-----+
|DSP                  |        -|     -|        -|       -|    -|
|Expression           |        -|     -|        0|   10803|    -|
|FIFO                 |        -|     -|        -|       -|    -|
|Instance             |        -|    72|        0|    1124|    -|
|Memory               |        -|     -|        -|       -|    -|
|Multiplexer          |        -|     -|        -|     377|    -|
|Register             |        -|     -|     1988|       -|    -|
+---------------------+---------+------+---------+--------+-----+
|Total                |        0|    72|     1988|   12304|    0|
+---------------------+---------+------+---------+--------+-----+
|Available SLR        |     1344|  2976|   871680|  435840|  320|
+---------------------+---------+------+---------+--------+-----+
|Utilization SLR (%)  |        0|     2|       ~0|       2|    0|
+---------------------+---------+------+---------+--------+-----+
|Available            |     2688|  5952|  1743360|  871680|  640|
+---------------------+---------+------+---------+--------+-----+
|Utilization (%)      |        0|     1|       ~0|       1|    0|
+---------------------+---------+------+---------+--------+-----+

+ Detail: 
    * Instance: 
    +--------------------------------------+--------------------------------+---------+----+---+-----+-----+
    |               Instance               |             Module             | BRAM_18K| DSP| FF| LUT | URAM|
    +--------------------------------------+--------------------------------+---------+----+---+-----+-----+
    |dadd_64ns_64ns_64_1_full_dsp_1_U4443  |dadd_64ns_64ns_64_1_full_dsp_1  |        0|   3|  0|  708|    0|
    |dcmp_64ns_64ns_1_1_no_dsp_1_U4447     |dcmp_64ns_64ns_1_1_no_dsp_1     |        0|   0|  0|    0|    0|
    |dmul_64ns_64ns_64_1_max_dsp_1_U4444   |dmul_64ns_64ns_64_1_max_dsp_1   |        0|   8|  0|  106|    0|
    |dmul_64ns_64ns_64_1_max_dsp_1_U4445   |dmul_64ns_64ns_64_1_max_dsp_1   |        0|   8|  0|  106|    0|
    |mul_37ns_39ns_74_1_1_U4451            |mul_37ns_39ns_74_1_1            |        0|   4|  0|   27|    0|
    |mul_37ns_39ns_74_1_1_U4452            |mul_37ns_39ns_74_1_1            |        0|   4|  0|   27|    0|
    |mul_64ns_66ns_129_1_1_U4448           |mul_64ns_66ns_129_1_1           |        0|  15|  0|   50|    0|
    |mul_64ns_66ns_129_1_1_U4449           |mul_64ns_66ns_129_1_1           |        0|  15|  0|   50|    0|
    |mul_64ns_66ns_129_1_1_U4450           |mul_64ns_66ns_129_1_1           |        0|  15|  0|   50|    0|
    +--------------------------------------+--------------------------------+---------+----+---+-----+-----+
    |Total                                 |                                |        0|  72|  0| 1124|    0|
    +--------------------------------------+--------------------------------+---------+----+---+-----+-----+

    * DSP: 
    N/A

    * Memory: 
    N/A

    * FIFO: 
    N/A

    * Expression: 
    +------------------------+----------+----+---+------+------------+------------+
    |      Variable Name     | Operation| DSP| FF|  LUT | Bitwidth P0| Bitwidth P1|
    +------------------------+----------+----+---+------+------------+------------+
    |add_ln119_fu_361_p2     |         +|   0|  0|    39|          32|           1|
    |add_ln121_1_fu_472_p2   |         +|   0|  0|    64|          64|          64|
    |add_ln121_2_fu_478_p2   |         +|   0|  0|    46|          39|          13|
    |add_ln121_3_fu_549_p2   |         +|   0|  0|    64|          64|          64|
    |add_ln121_4_fu_581_p2   |         +|   0|  0|    46|          39|          13|
    |add_ln121_5_fu_651_p2   |         +|   0|  0|    64|          64|          64|
    |add_ln121_fu_401_p2     |         +|   0|  0|    46|          39|          13|
    |add_ln129_1_fu_809_p2   |         +|   0|  0|    45|          38|          38|
    |add_ln129_2_fu_815_p2   |         +|   0|  0|    38|          38|          18|
    |add_ln129_3_fu_821_p2   |         +|   0|  0|    38|          38|          38|
    |add_ln129_fu_668_p2     |         +|   0|  0|    44|          37|          18|
    |add_ln130_1_fu_868_p2   |         +|   0|  0|    45|          38|          38|
    |add_ln130_2_fu_874_p2   |         +|   0|  0|    38|          38|          18|
    |add_ln130_3_fu_880_p2   |         +|   0|  0|    38|          38|          38|
    |add_ln130_fu_724_p2     |         +|   0|  0|    44|          37|          18|
    |sub_ln121_1_fu_466_p2   |         -|   0|  0|    64|          64|          64|
    |sub_ln121_2_fu_543_p2   |         -|   0|  0|    64|          64|          64|
    |sub_ln121_3_fu_645_p2   |         -|   0|  0|    64|          64|          64|
    |sub_ln121_fu_391_p2     |         -|   0|  0|    45|          38|          38|
    |sub_ln129_fu_803_p2     |         -|   0|  0|    45|          38|          38|
    |sub_ln130_fu_862_p2     |         -|   0|  0|    45|          38|          38|
    |and_ln125_fu_929_p2     |       and|   0|  0|     2|           1|           1|
    |icmp_ln119_fu_355_p2    |      icmp|   0|  0|    20|          32|          32|
    |icmp_ln125_1_fu_919_p2  |      icmp|   0|  0|    24|          52|           1|
    |icmp_ln125_fu_913_p2    |      icmp|   0|  0|    11|          11|           2|
    |lshr_ln121_1_fu_709_p2  |      lshr|   0|  0|  1865|         448|         448|
    |lshr_ln121_2_fu_760_p2  |      lshr|   0|  0|  1865|         448|         448|
    |lshr_ln121_fu_571_p2    |      lshr|   0|  0|  1865|         448|         448|
    |or_ln125_fu_925_p2      |        or|   0|  0|     2|           1|           1|
    |z_31_fu_934_p3          |    select|   0|  0|    63|           1|          62|
    |pnp_iter_d0             |       shl|   0|  0|  1865|         448|         448|
    |pnp_iter_d1             |       shl|   0|  0|  1865|         448|         448|
    |shl_ln129_fu_831_p2     |       shl|   0|  0|   165|           8|          56|
    |shl_ln130_fu_889_p2     |       shl|   0|  0|   165|           8|          56|
    +------------------------+----------+----+---+------+------------+------------+
    |Total                   |          |   0|  0| 10803|        3303|        3213|
    +------------------------+----------+----+---+------+------------+------------+

    * Multiplexer: 
    +--------------------+----+-----------+-----+-----------+
    |        Name        | LUT| Input Size| Bits| Total Bits|
    +--------------------+----+-----------+-----+-----------+
    |ap_NS_fsm           |  65|         16|    1|         16|
    |ap_done_int         |   9|          2|    1|          2|
    |ap_sig_allocacmp_i  |   9|          2|   32|         64|
    |grp_fu_289_p0       |  37|          7|   64|        448|
    |grp_fu_289_p1       |  54|         10|   64|        640|
    |grp_fu_293_p0       |  43|          8|   64|        512|
    |grp_fu_293_p1       |  37|          7|   64|        448|
    |grp_fu_297_p0       |  31|          6|   64|        384|
    |grp_fu_297_p1       |  31|          6|   64|        384|
    |i_32_fu_136         |   9|          2|   32|         64|
    |pnp_iter_address0   |  20|          4|   13|         52|
    |pnp_iter_address1   |  14|          3|   13|         39|
    |pnp_iter_we0        |   9|          2|   56|        112|
    |pnp_iter_we1        |   9|          2|   56|        112|
    +--------------------+----+-----------+-----+-----------+
    |Total               | 377|         77|  588|       3277|
    +--------------------+----+-----------+-----+-----------+

    * Register: 
    +-----------------------+-----+----+-----+-----------+
    |          Name         |  FF | LUT| Bits| Const Bits|
    +-----------------------+-----+----+-----+-----------+
    |X_reg_1167             |   64|   0|   64|          0|
    |Y_reg_1172             |   64|   0|   64|          0|
    |Z_reg_1190             |   64|   0|   64|          0|
    |add_ln121_1_reg_1115   |   61|   0|   64|          3|
    |add_ln121_3_reg_1125   |   61|   0|   64|          3|
    |add_ln121_5_reg_1140   |   61|   0|   64|          3|
    |add_ln129_1_reg_1206   |   35|   0|   38|          3|
    |add_ln129_reg_1155     |   33|   0|   37|          4|
    |add_ln130_1_reg_1226   |   35|   0|   38|          3|
    |add_ln130_reg_1178     |   33|   0|   37|          4|
    |ap_CS_fsm              |   15|   0|   15|          0|
    |ap_done_reg            |    1|   0|    1|          0|
    |i_32_fu_136            |   32|   0|   32|          0|
    |i_reg_1097             |   32|   0|   32|          0|
    |icmp_ln125_1_reg_1241  |    1|   0|    1|          0|
    |icmp_ln125_reg_1236    |    1|   0|    1|          0|
    |mul16_reg_1196         |   64|   0|   64|          0|
    |mul29_reg_1216         |   64|   0|   64|          0|
    |mul33_reg_1221         |   64|   0|   64|          0|
    |reg_311                |  448|   0|  448|          0|
    |reg_315                |   64|   0|   64|          0|
    |reg_323                |   64|   0|   64|          0|
    |reg_329                |   64|   0|   64|          0|
    |reg_337                |   64|   0|   64|          0|
    |reg_342                |   64|   0|   64|          0|
    |sext_ln121_reg_1105    |   36|   0|   39|          3|
    |shl_ln116_reg_1145     |   32|   0|   36|          4|
    |shl_ln129_reg_1211     |   56|   0|   56|          0|
    |shl_ln130_reg_1231     |   56|   0|   56|          0|
    |tmp_1479_reg_1160      |   31|   0|   31|          0|
    |tmp_1480_reg_1183      |   31|   0|   31|          0|
    |tmp_184_reg_1246       |    1|   0|    1|          0|
    |trunc_ln121_reg_1130   |   64|   0|   64|          0|
    |z_31_reg_1251          |   64|   0|   64|          0|
    |zext_ln129_1_reg_1150  |   32|   0|   37|          5|
    |zext_ln129_2_reg_1201  |   32|   0|   38|          6|
    +-----------------------+-----+----+-----+-----------+
    |Total                  | 1988|   0| 2029|         41|
    +-----------------------+-----+----+-----+-----------+



================================================================
== Interface
================================================================
* Summary: 
+--------------------+-----+-----+------------+-----------------------------------------+--------------+
|      RTL Ports     | Dir | Bits|  Protocol  |              Source Object              |    C Type    |
+--------------------+-----+-----+------------+-----------------------------------------+--------------+
|ap_clk              |   in|    1|  ap_ctrl_hs|  ProjectPoints_Pipeline_VITIS_LOOP_119_1|  return value|
|ap_rst              |   in|    1|  ap_ctrl_hs|  ProjectPoints_Pipeline_VITIS_LOOP_119_1|  return value|
|ap_start            |   in|    1|  ap_ctrl_hs|  ProjectPoints_Pipeline_VITIS_LOOP_119_1|  return value|
|ap_done             |  out|    1|  ap_ctrl_hs|  ProjectPoints_Pipeline_VITIS_LOOP_119_1|  return value|
|ap_idle             |  out|    1|  ap_ctrl_hs|  ProjectPoints_Pipeline_VITIS_LOOP_119_1|  return value|
|ap_ready            |  out|    1|  ap_ctrl_hs|  ProjectPoints_Pipeline_VITIS_LOOP_119_1|  return value|
|grp_fu_707_p_din0   |  out|   64|  ap_ctrl_hs|  ProjectPoints_Pipeline_VITIS_LOOP_119_1|  return value|
|grp_fu_707_p_din1   |  out|   64|  ap_ctrl_hs|  ProjectPoints_Pipeline_VITIS_LOOP_119_1|  return value|
|grp_fu_707_p_dout0  |   in|   64|  ap_ctrl_hs|  ProjectPoints_Pipeline_VITIS_LOOP_119_1|  return value|
|grp_fu_707_p_ce     |  out|    1|  ap_ctrl_hs|  ProjectPoints_Pipeline_VITIS_LOOP_119_1|  return value|
|count               |   in|   32|     ap_none|                                    count|        scalar|
|pnp_iter_address0   |  out|   13|   ap_memory|                                 pnp_iter|         array|
|pnp_iter_ce0        |  out|    1|   ap_memory|                                 pnp_iter|         array|
|pnp_iter_we0        |  out|   56|   ap_memory|                                 pnp_iter|         array|
|pnp_iter_d0         |  out|  448|   ap_memory|                                 pnp_iter|         array|
|pnp_iter_q0         |   in|  448|   ap_memory|                                 pnp_iter|         array|
|pnp_iter_address1   |  out|   13|   ap_memory|                                 pnp_iter|         array|
|pnp_iter_ce1        |  out|    1|   ap_memory|                                 pnp_iter|         array|
|pnp_iter_we1        |  out|   56|   ap_memory|                                 pnp_iter|         array|
|pnp_iter_d1         |  out|  448|   ap_memory|                                 pnp_iter|         array|
|pnp_iter_q1         |   in|  448|   ap_memory|                                 pnp_iter|         array|
|empty_350           |   in|   64|     ap_none|                                empty_350|        scalar|
|empty_351           |   in|   64|     ap_none|                                empty_351|        scalar|
|empty_352           |   in|   64|     ap_none|                                empty_352|        scalar|
|bitcast_ln122       |   in|   64|     ap_none|                            bitcast_ln122|        scalar|
|empty_353           |   in|   64|     ap_none|                                empty_353|        scalar|
|empty_354           |   in|   64|     ap_none|                                empty_354|        scalar|
|empty_355           |   in|   64|     ap_none|                                empty_355|        scalar|
|bitcast_ln123       |   in|   64|     ap_none|                            bitcast_ln123|        scalar|
|empty_356           |   in|   64|     ap_none|                                empty_356|        scalar|
|empty_357           |   in|   64|     ap_none|                                empty_357|        scalar|
|empty               |   in|   64|     ap_none|                                    empty|        scalar|
|bitcast_ln124       |   in|   64|     ap_none|                            bitcast_ln124|        scalar|
|fx                  |   in|   64|     ap_none|                                       fx|        scalar|
|cx                  |   in|   64|     ap_none|                                       cx|        scalar|
|fy                  |   in|   64|     ap_none|                                       fy|        scalar|
|cy                  |   in|   64|     ap_none|                                       cy|        scalar|
+--------------------+-----+-----+------------+-----------------------------------------+--------------+

