

================================================================
== Vitis HLS Report for 'pythag_1'
================================================================
* Date:           Sun Feb  5 17:03:46 2023

* Version:        2022.1 (Build 3526262 on Mon Apr 18 15:47:01 MDT 2022)
* Project:        hls_EstimateMotion
* Solution:       solution1 (Vivado IP Flow Target)
* Product family: virtexuplus
* Target device:  xcu50-fsvh2104-2L-e


================================================================
== Performance Estimates
================================================================
+ Timing: 
    * Summary: 
    +--------+----------+-----------+------------+
    |  Clock |  Target  | Estimated | Uncertainty|
    +--------+----------+-----------+------------+
    |ap_clk  |  60.00 ns|  40.395 ns|    16.20 ns|
    +--------+----------+-----------+------------+

+ Latency: 
    * Summary: 
    +---------+---------+-----------+----------+-----+-----+---------+
    |  Latency (cycles) |  Latency (absolute)  |  Interval | Pipeline|
    |   min   |   max   |    min    |    max   | min | max |   Type  |
    +---------+---------+-----------+----------+-----+-----+---------+
    |        1|       10|  60.000 ns|  0.600 us|    1|   10|       no|
    +---------+---------+-----------+----------+-----+-----+---------+

    + Detail: 
        * Instance: 
        N/A

        * Loop: 
        N/A



================================================================
== Utilization Estimates
================================================================
* Summary: 
+---------------------+---------+------+---------+--------+-----+
|         Name        | BRAM_18K|  DSP |    FF   |   LUT  | URAM|
+---------------------+---------+------+---------+--------+-----+
|DSP                  |        -|     -|        -|       -|    -|
|Expression           |        -|     -|        0|     284|    -|
|FIFO                 |        -|     -|        -|       -|    -|
|Instance             |        -|    11|        0|     814|    -|
|Memory               |        -|     -|        -|       -|    -|
|Multiplexer          |        -|     -|        -|     253|    -|
|Register             |        -|     -|      660|       -|    -|
+---------------------+---------+------+---------+--------+-----+
|Total                |        0|    11|      660|    1351|    0|
+---------------------+---------+------+---------+--------+-----+
|Available SLR        |     1344|  2976|   871680|  435840|  320|
+---------------------+---------+------+---------+--------+-----+
|Utilization SLR (%)  |        0|    ~0|       ~0|      ~0|    0|
+---------------------+---------+------+---------+--------+-----+
|Available            |     2688|  5952|  1743360|  871680|  640|
+---------------------+---------+------+---------+--------+-----+
|Utilization (%)      |        0|    ~0|       ~0|      ~0|    0|
+---------------------+---------+------+---------+--------+-----+

+ Detail: 
    * Instance: 
    +--------------------------------------+--------------------------------+---------+----+---+-----+-----+
    |               Instance               |             Module             | BRAM_18K| DSP| FF| LUT | URAM|
    +--------------------------------------+--------------------------------+---------+----+---+-----+-----+
    |dadd_64ns_64ns_64_1_full_dsp_1_U4065  |dadd_64ns_64ns_64_1_full_dsp_1  |        0|   3|  0|  708|    0|
    |dcmp_64ns_64ns_1_1_no_dsp_1_U4068     |dcmp_64ns_64ns_1_1_no_dsp_1     |        0|   0|  0|    0|    0|
    |dcmp_64ns_64ns_1_1_no_dsp_1_U4069     |dcmp_64ns_64ns_1_1_no_dsp_1     |        0|   0|  0|    0|    0|
    |ddiv_64ns_64ns_64_5_no_dsp_1_U4067    |ddiv_64ns_64ns_64_5_no_dsp_1    |        0|   0|  0|    0|    0|
    |dmul_64ns_64ns_64_1_max_dsp_1_U4066   |dmul_64ns_64ns_64_1_max_dsp_1   |        0|   8|  0|  106|    0|
    |dsqrt_64ns_64ns_64_3_no_dsp_1_U4070   |dsqrt_64ns_64ns_64_3_no_dsp_1   |        0|   0|  0|    0|    0|
    +--------------------------------------+--------------------------------+---------+----+---+-----+-----+
    |Total                                 |                                |        0|  11|  0|  814|    0|
    +--------------------------------------+--------------------------------+---------+----+---+-----+-----+

    * DSP: 
    N/A

    * Memory: 
    N/A

    * FIFO: 
    N/A

    * Expression: 
    +-----------------------+----------+----+---+----+------------+------------+
    |     Variable Name     | Operation| DSP| FF| LUT| Bitwidth P0| Bitwidth P1|
    +-----------------------+----------+----+---+----+------------+------------+
    |and_ln28_1_fu_210_p2   |       and|   0|  0|   2|           1|           1|
    |and_ln28_fu_204_p2     |       and|   0|  0|   2|           1|           1|
    |and_ln29_fu_308_p2     |       and|   0|  0|   2|           1|           1|
    |and_ln31_1_fu_258_p2   |       and|   0|  0|   2|           1|           1|
    |and_ln31_fu_216_p2     |       and|   0|  0|   2|           1|           1|
    |icmp_ln28_1_fu_174_p2  |      icmp|   0|  0|  24|          52|           1|
    |icmp_ln28_2_fu_186_p2  |      icmp|   0|  0|  11|          11|           2|
    |icmp_ln28_3_fu_192_p2  |      icmp|   0|  0|  24|          52|           1|
    |icmp_ln28_fu_168_p2    |      icmp|   0|  0|  11|          11|           2|
    |icmp_ln29_1_fu_296_p2  |      icmp|   0|  0|  24|          52|           1|
    |icmp_ln29_fu_290_p2    |      icmp|   0|  0|  11|          11|           2|
    |icmp_ln31_1_fu_246_p2  |      icmp|   0|  0|  24|          52|           1|
    |icmp_ln31_fu_240_p2    |      icmp|   0|  0|  11|          11|           2|
    |or_ln28_1_fu_198_p2    |        or|   0|  0|   2|           1|           1|
    |or_ln28_fu_180_p2      |        or|   0|  0|   2|           1|           1|
    |or_ln29_fu_302_p2      |        or|   0|  0|   2|           1|           1|
    |or_ln31_fu_252_p2      |        or|   0|  0|   2|           1|           1|
    |select_ln29_fu_314_p3  |    select|   0|  0|  63|           1|           1|
    |select_ln31_fu_264_p3  |    select|   0|  0|  63|           1|           1|
    +-----------------------+----------+----+---+----+------------+------------+
    |Total                  |          |   0|  0| 284|         263|          23|
    +-----------------------+----------+----+---+----+------------+------------+

    * Multiplexer: 
    +----------------------------------+-----+-----------+-----+-----------+
    |               Name               | LUT | Input Size| Bits| Total Bits|
    +----------------------------------+-----+-----------+-----+-----------+
    |ap_NS_fsm                         |  102|         21|    1|         21|
    |ap_phi_mux_retval_0_phi_fu_42_p6  |    9|          2|   64|        128|
    |ap_return                         |    9|          2|   64|        128|
    |grp_fu_51_p0                      |   14|          3|   64|        192|
    |grp_fu_56_p0                      |   20|          4|   64|        256|
    |grp_fu_56_p1                      |   20|          4|   64|        256|
    |grp_fu_62_p0                      |   14|          3|   64|        192|
    |grp_fu_62_p1                      |   14|          3|   64|        192|
    |grp_fu_66_opcode                  |   14|          3|    5|         15|
    |grp_fu_66_p0                      |   14|          3|   64|        192|
    |grp_fu_66_p1                      |   14|          3|   64|        192|
    |retval_0_reg_38                   |    9|          2|   64|        128|
    +----------------------------------+-----+-----------+-----+-----------+
    |Total                             |  253|         53|  646|       1892|
    +----------------------------------+-----+-----------+-----+-----------+

    * Register: 
    +---------------------+----+----+-----+-----------+
    |         Name        | FF | LUT| Bits| Const Bits|
    +---------------------+----+----+-----+-----------+
    |absa_reg_322         |  63|   0|   64|          1|
    |absb_reg_329         |  63|   0|   64|          1|
    |and_ln28_1_reg_336   |   1|   0|    1|          0|
    |and_ln31_reg_340     |   1|   0|    1|          0|
    |ap_CS_fsm            |  20|   0|   20|          0|
    |ap_return_preg       |  64|   0|   64|          0|
    |reg_81               |  64|   0|   64|          0|
    |reg_88               |  64|   0|   64|          0|
    |retval_0_reg_38      |  64|   0|   64|          0|
    |select_ln29_reg_354  |  64|   0|   64|          0|
    |select_ln31_reg_344  |  64|   0|   64|          0|
    |tmp_1_reg_349        |  64|   0|   64|          0|
    |tmp_reg_359          |  64|   0|   64|          0|
    +---------------------+----+----+-----+-----------+
    |Total                | 660|   0|  662|          2|
    +---------------------+----+----+-----+-----------+



================================================================
== Interface
================================================================
* Summary: 
+-----------+-----+-----+------------+--------------+--------------+
| RTL Ports | Dir | Bits|  Protocol  | Source Object|    C Type    |
+-----------+-----+-----+------------+--------------+--------------+
|ap_clk     |   in|    1|  ap_ctrl_hs|      pythag.1|  return value|
|ap_rst     |   in|    1|  ap_ctrl_hs|      pythag.1|  return value|
|ap_start   |   in|    1|  ap_ctrl_hs|      pythag.1|  return value|
|ap_done    |  out|    1|  ap_ctrl_hs|      pythag.1|  return value|
|ap_idle    |  out|    1|  ap_ctrl_hs|      pythag.1|  return value|
|ap_ready   |  out|    1|  ap_ctrl_hs|      pythag.1|  return value|
|ap_return  |  out|   64|  ap_ctrl_hs|      pythag.1|  return value|
|a          |   in|   64|     ap_none|             a|        scalar|
|b          |   in|   64|     ap_none|             b|        scalar|
+-----------+-----+-----+------------+--------------+--------------+

