

================================================================
== Vitis HLS Report for 'RANSAC_PnP_Pipeline_VITIS_LOOP_175_4'
================================================================
* Date:           Sun Feb  5 16:59:32 2023

* Version:        2022.1 (Build 3526262 on Mon Apr 18 15:47:01 MDT 2022)
* Project:        hls_EstimateMotion
* Solution:       solution1 (Vivado IP Flow Target)
* Product family: virtexuplus
* Target device:  xcu50-fsvh2104-2L-e


================================================================
== Performance Estimates
================================================================
+ Timing: 
    * Summary: 
    +--------+----------+----------+------------+
    |  Clock |  Target  | Estimated| Uncertainty|
    +--------+----------+----------+------------+
    |ap_clk  |  60.00 ns|  1.300 ns|    16.20 ns|
    +--------+----------+----------+------------+

+ Latency: 
    * Summary: 
    +---------+---------+----------+----------+-----+-----+---------+
    |  Latency (cycles) |  Latency (absolute) |  Interval | Pipeline|
    |   min   |   max   |    min   |    max   | min | max |   Type  |
    +---------+---------+----------+----------+-----+-----+---------+
    |        ?|        ?|         ?|         ?|    ?|    ?|       no|
    +---------+---------+----------+----------+-----+-----+---------+

    + Detail: 
        * Instance: 
        N/A

        * Loop: 
        +--------------------+---------+---------+----------+-----------+-----------+------+----------+
        |                    |  Latency (cycles) | Iteration|  Initiation Interval  | Trip |          |
        |      Loop Name     |   min   |   max   |  Latency |  achieved |   target  | Count| Pipelined|
        +--------------------+---------+---------+----------+-----------+-----------+------+----------+
        |- VITIS_LOOP_175_4  |        ?|        ?|         2|          1|          1|     ?|       yes|
        +--------------------+---------+---------+----------+-----------+-----------+------+----------+



================================================================
== Utilization Estimates
================================================================
* Summary: 
+---------------------+---------+------+---------+--------+-----+
|         Name        | BRAM_18K|  DSP |    FF   |   LUT  | URAM|
+---------------------+---------+------+---------+--------+-----+
|DSP                  |        -|     -|        -|       -|    -|
|Expression           |        -|     -|        0|      38|    -|
|FIFO                 |        -|     -|        -|       -|    -|
|Instance             |        -|     -|        -|       -|    -|
|Memory               |        -|     -|        -|       -|    -|
|Multiplexer          |        -|     -|        -|      36|    -|
|Register             |        -|     -|       21|       -|    -|
+---------------------+---------+------+---------+--------+-----+
|Total                |        0|     0|       21|      74|    0|
+---------------------+---------+------+---------+--------+-----+
|Available SLR        |     1344|  2976|   871680|  435840|  320|
+---------------------+---------+------+---------+--------+-----+
|Utilization SLR (%)  |        0|     0|       ~0|      ~0|    0|
+---------------------+---------+------+---------+--------+-----+
|Available            |     2688|  5952|  1743360|  871680|  640|
+---------------------+---------+------+---------+--------+-----+
|Utilization (%)      |        0|     0|       ~0|      ~0|    0|
+---------------------+---------+------+---------+--------+-----+

+ Detail: 
    * Instance: 
    N/A

    * DSP: 
    N/A

    * Memory: 
    N/A

    * FIFO: 
    N/A

    * Expression: 
    +---------------------+----------+----+---+----+------------+------------+
    |    Variable Name    | Operation| DSP| FF| LUT| Bitwidth P0| Bitwidth P1|
    +---------------------+----------+----+---+----+------------+------------+
    |add_ln175_fu_83_p2   |         +|   0|  0|  16|           9|           1|
    |icmp_ln175_fu_77_p2  |      icmp|   0|  0|  20|          32|          32|
    |ap_enable_pp0        |       xor|   0|  0|   2|           1|           2|
    +---------------------+----------+----+---+----+------------+------------+
    |Total                |          |   0|  0|  38|          42|          35|
    +---------------------+----------+----+---+----+------------+------------+

    * Multiplexer: 
    +-------------------------+----+-----------+-----+-----------+
    |           Name          | LUT| Input Size| Bits| Total Bits|
    +-------------------------+----+-----------+-----+-----------+
    |ap_done_int              |   9|          2|    1|          2|
    |ap_enable_reg_pp0_iter1  |   9|          2|    1|          2|
    |ap_sig_allocacmp_i       |   9|          2|    9|         18|
    |i_211_fu_28              |   9|          2|    9|         18|
    +-------------------------+----+-----------+-----+-----------+
    |Total                    |  36|          8|   20|         40|
    +-------------------------+----+-----------+-----+-----------+

    * Register: 
    +-------------------------+---+----+-----+-----------+
    |           Name          | FF| LUT| Bits| Const Bits|
    +-------------------------+---+----+-----+-----------+
    |ap_CS_fsm                |  1|   0|    1|          0|
    |ap_done_reg              |  1|   0|    1|          0|
    |ap_enable_reg_pp0_iter1  |  1|   0|    1|          0|
    |i_211_fu_28              |  9|   0|    9|          0|
    |i_261_cast881_reg_109    |  9|   0|   64|         55|
    +-------------------------+---+----+-----+-----------+
    |Total                    | 21|   0|   76|         55|
    +-------------------------+---+----+-----+-----------+



================================================================
== Interface
================================================================
* Summary: 
+--------------------+-----+-----+------------+--------------------------------------+--------------+
|      RTL Ports     | Dir | Bits|  Protocol  |             Source Object            |    C Type    |
+--------------------+-----+-----+------------+--------------------------------------+--------------+
|ap_clk              |   in|    1|  ap_ctrl_hs|  RANSAC_PnP_Pipeline_VITIS_LOOP_175_4|  return value|
|ap_rst              |   in|    1|  ap_ctrl_hs|  RANSAC_PnP_Pipeline_VITIS_LOOP_175_4|  return value|
|ap_start            |   in|    1|  ap_ctrl_hs|  RANSAC_PnP_Pipeline_VITIS_LOOP_175_4|  return value|
|ap_done             |  out|    1|  ap_ctrl_hs|  RANSAC_PnP_Pipeline_VITIS_LOOP_175_4|  return value|
|ap_idle             |  out|    1|  ap_ctrl_hs|  RANSAC_PnP_Pipeline_VITIS_LOOP_175_4|  return value|
|ap_ready            |  out|    1|  ap_ctrl_hs|  RANSAC_PnP_Pipeline_VITIS_LOOP_175_4|  return value|
|count               |   in|   32|     ap_none|                                 count|        scalar|
|mask_address0       |  out|    9|   ap_memory|                                  mask|         array|
|mask_ce0            |  out|    1|   ap_memory|                                  mask|         array|
|mask_q0             |   in|    1|   ap_memory|                                  mask|         array|
|best_mask_address0  |  out|    9|   ap_memory|                             best_mask|         array|
|best_mask_ce0       |  out|    1|   ap_memory|                             best_mask|         array|
|best_mask_we0       |  out|    1|   ap_memory|                             best_mask|         array|
|best_mask_d0        |  out|    1|   ap_memory|                             best_mask|         array|
+--------------------+-----+-----+------------+--------------------------------------+--------------+

