

================================================================
== Vitis HLS Report for 'RANSAC_PnP_Pipeline_36'
================================================================
* Date:           Sun Feb  5 16:52:39 2023

* Version:        2022.1 (Build 3526262 on Mon Apr 18 15:47:01 MDT 2022)
* Project:        hls_EstimateMotion
* Solution:       solution1 (Vivado IP Flow Target)
* Product family: virtexuplus
* Target device:  xcu50-fsvh2104-2L-e


================================================================
== Performance Estimates
================================================================
+ Timing: 
    * Summary: 
    +--------+----------+----------+------------+
    |  Clock |  Target  | Estimated| Uncertainty|
    +--------+----------+----------+------------+
    |ap_clk  |  60.00 ns|  8.454 ns|    16.20 ns|
    +--------+----------+----------+------------+

+ Latency: 
    * Summary: 
    +---------+---------+----------+----------+-----+-----+---------+
    |  Latency (cycles) |  Latency (absolute) |  Interval | Pipeline|
    |   min   |   max   |    min   |    max   | min | max |   Type  |
    +---------+---------+----------+----------+-----+-----+---------+
    |        4|        ?|  0.240 us|         ?|    4|    ?|       no|
    +---------+---------+----------+----------+-----+-----+---------+

    + Detail: 
        * Instance: 
        N/A

        * Loop: 
        +----------+---------+---------+----------+-----------+-----------+-------+----------+
        |          |  Latency (cycles) | Iteration|  Initiation Interval  |  Trip |          |
        | Loop Name|   min   |   max   |  Latency |  achieved |   target  | Count | Pipelined|
        +----------+---------+---------+----------+-----------+-----------+-------+----------+
        |- Loop 1  |        2|        ?|         2|          1|          1|  1 ~ ?|       yes|
        +----------+---------+---------+----------+-----------+-----------+-------+----------+



================================================================
== Utilization Estimates
================================================================
* Summary: 
+---------------------+---------+------+---------+--------+-----+
|         Name        | BRAM_18K|  DSP |    FF   |   LUT  | URAM|
+---------------------+---------+------+---------+--------+-----+
|DSP                  |        -|     -|        -|       -|    -|
|Expression           |        -|     -|        0|    2624|    -|
|FIFO                 |        -|     -|        -|       -|    -|
|Instance             |        -|    15|        0|      50|    -|
|Memory               |        -|     -|        -|       -|    -|
|Multiplexer          |        -|     -|        -|      45|    -|
|Register             |        -|     -|      338|       -|    -|
+---------------------+---------+------+---------+--------+-----+
|Total                |        0|    15|      338|    2719|    0|
+---------------------+---------+------+---------+--------+-----+
|Available SLR        |     1344|  2976|   871680|  435840|  320|
+---------------------+---------+------+---------+--------+-----+
|Utilization SLR (%)  |        0|    ~0|       ~0|      ~0|    0|
+---------------------+---------+------+---------+--------+-----+
|Available            |     2688|  5952|  1743360|  871680|  640|
+---------------------+---------+------+---------+--------+-----+
|Utilization (%)      |        0|    ~0|       ~0|      ~0|    0|
+---------------------+---------+------+---------+--------+-----+

+ Detail: 
    * Instance: 
    +----------------------------+-----------------------+---------+----+---+----+-----+
    |          Instance          |         Module        | BRAM_18K| DSP| FF| LUT| URAM|
    +----------------------------+-----------------------+---------+----+---+----+-----+
    |mul_64ns_66ns_129_1_1_U258  |mul_64ns_66ns_129_1_1  |        0|  15|  0|  50|    0|
    +----------------------------+-----------------------+---------+----+---+----+-----+
    |Total                       |                       |        0|  15|  0|  50|    0|
    +----------------------------+-----------------------+---------+----+---+----+-----+

    * DSP: 
    N/A

    * Memory: 
    N/A

    * FIFO: 
    N/A

    * Expression: 
    +-----------------------+----------+----+---+------+------------+------------+
    |     Variable Name     | Operation| DSP| FF|  LUT | Bitwidth P0| Bitwidth P1|
    +-----------------------+----------+----+---+------+------------+------------+
    |empty_4746_fu_159_p2   |         +|   0|  0|    12|           4|           4|
    |empty_4749_fu_185_p2   |         +|   0|  0|    64|          64|          64|
    |empty_4753_fu_323_p2   |         +|   0|  0|    64|          64|          64|
    |empty_4754_fu_339_p2   |         +|   0|  0|    56|          56|          56|
    |empty_4757_fu_190_p2   |         +|   0|  0|    71|          64|           1|
    |tmp92_fu_179_p2        |         +|   0|  0|    64|          64|           6|
    |tmp93_fu_328_p2        |         +|   0|  0|    56|          56|          56|
    |tmp94_fu_333_p2        |         +|   0|  0|    56|          56|           6|
    |empty_4751_fu_311_p2   |         -|   0|  0|    64|          64|          64|
    |empty_4752_fu_317_p2   |         -|   0|  0|    56|          56|          56|
    |exitcond487_fu_196_p2  |      icmp|   0|  0|    29|          64|          64|
    |empty_4755_fu_345_p2   |       shl|   0|  0|   165|           8|          56|
    |epnp_d0                |       shl|   0|  0|  1865|         448|         448|
    |ap_enable_pp0          |       xor|   0|  0|     2|           1|           2|
    +-----------------------+----------+----+---+------+------------+------------+
    |Total                  |          |   0|  0|  2624|        1069|         947|
    +-----------------------+----------+----+---+------+------------+------------+

    * Multiplexer: 
    +----------------------------------+----+-----------+-----+-----------+
    |               Name               | LUT| Input Size| Bits| Total Bits|
    +----------------------------------+----+-----------+-----+-----------+
    |ap_done_int                       |   9|          2|    1|          2|
    |ap_enable_reg_pp0_iter1           |   9|          2|    1|          2|
    |ap_loop_exit_ready_pp0_iter2_reg  |   9|          2|    1|          2|
    |epnp_we0                          |   9|          2|   56|        112|
    |loop_index_i173_i_fu_82           |   9|          2|   64|        128|
    +----------------------------------+----+-----------+-----+-----------+
    |Total                             |  45|         10|  123|        246|
    +----------------------------------+----+-----------+-----+-----------+

    * Register: 
    +----------------------------------+----+----+-----+-----------+
    |               Name               | FF | LUT| Bits| Const Bits|
    +----------------------------------+----+----+-----+-----------+
    |ap_CS_fsm                         |   1|   0|    1|          0|
    |ap_done_reg                       |   1|   0|    1|          0|
    |ap_enable_reg_pp0_iter1           |   1|   0|    1|          0|
    |ap_enable_reg_pp0_iter2           |   1|   0|    1|          0|
    |ap_loop_exit_ready_pp0_iter2_reg  |   1|   0|    1|          0|
    |conv_i167_i_cast_reg_383          |  32|   0|   64|         32|
    |empty_4748_reg_403                |  53|   0|   53|          0|
    |empty_4749_reg_408                |  64|   0|   64|          0|
    |loop_index_i173_i_fu_82           |  64|   0|   64|          0|
    |p_cast861_cast_reg_393            |  64|   0|   64|          0|
    |p_cast862_cast_reg_388            |  56|   0|   56|          0|
    +----------------------------------+----+----+-----+-----------+
    |Total                             | 338|   0|  370|         32|
    +----------------------------------+----+----+-----+-----------+



================================================================
== Interface
================================================================
* Summary: 
+---------------------+-----+-----+------------+------------------------+--------------+
|      RTL Ports      | Dir | Bits|  Protocol  |      Source Object     |    C Type    |
+---------------------+-----+-----+------------+------------------------+--------------+
|ap_clk               |   in|    1|  ap_ctrl_hs|  RANSAC_PnP_Pipeline_36|  return value|
|ap_rst               |   in|    1|  ap_ctrl_hs|  RANSAC_PnP_Pipeline_36|  return value|
|ap_start             |   in|    1|  ap_ctrl_hs|  RANSAC_PnP_Pipeline_36|  return value|
|ap_done              |  out|    1|  ap_ctrl_hs|  RANSAC_PnP_Pipeline_36|  return value|
|ap_idle              |  out|    1|  ap_ctrl_hs|  RANSAC_PnP_Pipeline_36|  return value|
|ap_ready             |  out|    1|  ap_ctrl_hs|  RANSAC_PnP_Pipeline_36|  return value|
|empty                |   in|    4|     ap_none|                   empty|        scalar|
|opoint_val_address0  |  out|    4|   ap_memory|              opoint_val|         array|
|opoint_val_ce0       |  out|    1|   ap_memory|              opoint_val|         array|
|opoint_val_q0        |   in|   64|   ap_memory|              opoint_val|         array|
|p_cast861            |   in|   38|     ap_none|               p_cast861|        scalar|
|p_cast862            |   in|   38|     ap_none|               p_cast862|        scalar|
|epnp_address0        |  out|    8|   ap_memory|                    epnp|         array|
|epnp_ce0             |  out|    1|   ap_memory|                    epnp|         array|
|epnp_we0             |  out|   56|   ap_memory|                    epnp|         array|
|epnp_d0              |  out|  448|   ap_memory|                    epnp|         array|
|conv_i167_i          |   in|   32|     ap_none|             conv_i167_i|        scalar|
+---------------------+-----+-----+------------+------------------------+--------------+

