

================================================================
== Vitis HLS Report for 'RANSAC_PnP_Pipeline_62'
================================================================
* Date:           Sun Feb  5 16:59:57 2023

* Version:        2022.1 (Build 3526262 on Mon Apr 18 15:47:01 MDT 2022)
* Project:        hls_EstimateMotion
* Solution:       solution1 (Vivado IP Flow Target)
* Product family: virtexuplus
* Target device:  xcu50-fsvh2104-2L-e


================================================================
== Performance Estimates
================================================================
+ Timing: 
    * Summary: 
    +--------+----------+----------+------------+
    |  Clock |  Target  | Estimated| Uncertainty|
    +--------+----------+----------+------------+
    |ap_clk  |  60.00 ns|  6.886 ns|    16.20 ns|
    +--------+----------+----------+------------+

+ Latency: 
    * Summary: 
    +---------+---------+----------+----------+-----+-----+---------+
    |  Latency (cycles) |  Latency (absolute) |  Interval | Pipeline|
    |   min   |   max   |    min   |    max   | min | max |   Type  |
    +---------+---------+----------+----------+-----+-----+---------+
    |       20|       20|  1.200 us|  1.200 us|   20|   20|       no|
    +---------+---------+----------+----------+-----+-----+---------+

    + Detail: 
        * Instance: 
        N/A

        * Loop: 
        +----------+---------+---------+----------+-----------+-----------+------+----------+
        |          |  Latency (cycles) | Iteration|  Initiation Interval  | Trip |          |
        | Loop Name|   min   |   max   |  Latency |  achieved |   target  | Count| Pipelined|
        +----------+---------+---------+----------+-----------+-----------+------+----------+
        |- Loop 1  |       18|       18|         1|          1|          1|    18|       yes|
        +----------+---------+---------+----------+-----------+-----------+------+----------+



================================================================
== Utilization Estimates
================================================================
* Summary: 
+---------------------+---------+------+---------+--------+-----+
|         Name        | BRAM_18K|  DSP |    FF   |   LUT  | URAM|
+---------------------+---------+------+---------+--------+-----+
|DSP                  |        -|     -|        -|       -|    -|
|Expression           |        -|     -|        0|     266|    -|
|FIFO                 |        -|     -|        -|       -|    -|
|Instance             |        -|     0|        0|      49|    -|
|Memory               |        -|     -|        -|       -|    -|
|Multiplexer          |        -|     -|        -|      36|    -|
|Register             |        -|     -|        7|       -|    -|
+---------------------+---------+------+---------+--------+-----+
|Total                |        0|     0|        7|     351|    0|
+---------------------+---------+------+---------+--------+-----+
|Available SLR        |     1344|  2976|   871680|  435840|  320|
+---------------------+---------+------+---------+--------+-----+
|Utilization SLR (%)  |        0|     0|       ~0|      ~0|    0|
+---------------------+---------+------+---------+--------+-----+
|Available            |     2688|  5952|  1743360|  871680|  640|
+---------------------+---------+------+---------+--------+-----+
|Utilization (%)      |        0|     0|       ~0|      ~0|    0|
+---------------------+---------+------+---------+--------+-----+

+ Detail: 
    * Instance: 
    +--------------------------+--------------------+---------+----+---+----+-----+
    |         Instance         |       Module       | BRAM_18K| DSP| FF| LUT| URAM|
    +--------------------------+--------------------+---------+----+---+----+-----+
    |mul_7ns_9ns_15_1_1_U2923  |mul_7ns_9ns_15_1_1  |        0|   0|  0|  49|    0|
    +--------------------------+--------------------+---------+----+---+----+-----+
    |Total                     |                    |        0|   0|  0|  49|    0|
    +--------------------------+--------------------+---------+----+---+----+-----+

    * DSP: 
    N/A

    * Memory: 
    N/A

    * FIFO: 
    N/A

    * Expression: 
    +-----------------------+----------+----+---+-----+------------+------------+
    |     Variable Name     | Operation| DSP| FF| LUT | Bitwidth P0| Bitwidth P1|
    +-----------------------+----------+----+---+-----+------------+------------+
    |empty_4596_fu_169_p2   |         +|   0|  0|   15|           8|           8|
    |empty_4598_fu_186_p2   |         +|   0|  0|   12|           5|           1|
    |empty_fu_122_p2        |         +|   0|  0|   19|          12|          12|
    |tmp115_cast_fu_159_p2  |         +|   0|  0|   16|           7|           7|
    |empty_4595_fu_153_p2   |         -|   0|  0|   16|           7|           7|
    |exitcond414_fu_192_p2  |      icmp|   0|  0|    9|           5|           5|
    |empty_4594_fu_133_p3   |    select|   0|  0|    8|           1|           1|
    |p_cast_fu_141_p3       |    select|   0|  0|    6|           1|           6|
    |empty_4597_fu_179_p2   |       shl|   0|  0|  165|           4|          56|
    +-----------------------+----------+----+---+-----+------------+------------+
    |Total                  |          |   0|  0|  266|          50|         103|
    +-----------------------+----------+----+---+-----+------------+------------+

    * Multiplexer: 
    +----------------------------------------+----+-----------+-----+-----------+
    |                  Name                  | LUT| Input Size| Bits| Total Bits|
    +----------------------------------------+----+-----------+-----+-----------+
    |ap_done_int                             |   9|          2|    1|          2|
    |ap_sig_allocacmp_loop_index_i71_i_load  |   9|          2|    5|         10|
    |loop_index_i71_i_fu_58                  |   9|          2|    5|         10|
    |pnp_iter_we0                            |   9|          2|   56|        112|
    +----------------------------------------+----+-----------+-----+-----------+
    |Total                                   |  36|          8|   67|        134|
    +----------------------------------------+----+-----------+-----+-----------+

    * Register: 
    +------------------------+---+----+-----+-----------+
    |          Name          | FF| LUT| Bits| Const Bits|
    +------------------------+---+----+-----+-----------+
    |ap_CS_fsm               |  1|   0|    1|          0|
    |ap_done_reg             |  1|   0|    1|          0|
    |loop_index_i71_i_fu_58  |  5|   0|    5|          0|
    +------------------------+---+----+-----+-----------+
    |Total                   |  7|   0|    7|          0|
    +------------------------+---+----+-----+-----------+



================================================================
== Interface
================================================================
* Summary: 
+-------------------+-----+-----+------------+------------------------+--------------+
|     RTL Ports     | Dir | Bits|  Protocol  |      Source Object     |    C Type    |
+-------------------+-----+-----+------------+------------------------+--------------+
|ap_clk             |   in|    1|  ap_ctrl_hs|  RANSAC_PnP_Pipeline_62|  return value|
|ap_rst             |   in|    1|  ap_ctrl_hs|  RANSAC_PnP_Pipeline_62|  return value|
|ap_start           |   in|    1|  ap_ctrl_hs|  RANSAC_PnP_Pipeline_62|  return value|
|ap_done            |  out|    1|  ap_ctrl_hs|  RANSAC_PnP_Pipeline_62|  return value|
|ap_idle            |  out|    1|  ap_ctrl_hs|  RANSAC_PnP_Pipeline_62|  return value|
|ap_ready           |  out|    1|  ap_ctrl_hs|  RANSAC_PnP_Pipeline_62|  return value|
|pnp_iter_address0  |  out|   13|   ap_memory|                pnp_iter|         array|
|pnp_iter_ce0       |  out|    1|   ap_memory|                pnp_iter|         array|
|pnp_iter_we0       |  out|   56|   ap_memory|                pnp_iter|         array|
|pnp_iter_d0        |  out|  448|   ap_memory|                pnp_iter|         array|
+-------------------+-----+-----+------------+------------------------+--------------+

