

================================================================
== Vitis HLS Report for 'RANSAC_PnP_Pipeline_13'
================================================================
* Date:           Sun Feb  5 16:52:19 2023

* Version:        2022.1 (Build 3526262 on Mon Apr 18 15:47:01 MDT 2022)
* Project:        hls_EstimateMotion
* Solution:       solution1 (Vivado IP Flow Target)
* Product family: virtexuplus
* Target device:  xcu50-fsvh2104-2L-e


================================================================
== Performance Estimates
================================================================
+ Timing: 
    * Summary: 
    +--------+----------+----------+------------+
    |  Clock |  Target  | Estimated| Uncertainty|
    +--------+----------+----------+------------+
    |ap_clk  |  60.00 ns|  3.476 ns|    16.20 ns|
    +--------+----------+----------+------------+

+ Latency: 
    * Summary: 
    +---------+---------+-----------+-----------+-----+-----+---------+
    |  Latency (cycles) |   Latency (absolute)  |  Interval | Pipeline|
    |   min   |   max   |    min    |    max    | min | max |   Type  |
    +---------+---------+-----------+-----------+-----+-----+---------+
    |      245|      245|  14.700 us|  14.700 us|  245|  245|       no|
    +---------+---------+-----------+-----------+-----+-----+---------+

    + Detail: 
        * Instance: 
        N/A

        * Loop: 
        +----------+---------+---------+----------+-----------+-----------+------+----------+
        |          |  Latency (cycles) | Iteration|  Initiation Interval  | Trip |          |
        | Loop Name|   min   |   max   |  Latency |  achieved |   target  | Count| Pipelined|
        +----------+---------+---------+----------+-----------+-----------+------+----------+
        |- Loop 1  |      243|      243|         4|          1|          1|   240|       yes|
        +----------+---------+---------+----------+-----------+-----------+------+----------+



================================================================
== Utilization Estimates
================================================================
* Summary: 
+---------------------+---------+------+---------+--------+-----+
|         Name        | BRAM_18K|  DSP |    FF   |   LUT  | URAM|
+---------------------+---------+------+---------+--------+-----+
|DSP                  |        -|     1|        -|       -|    -|
|Expression           |        -|     -|        0|     246|    -|
|FIFO                 |        -|     -|        -|       -|    -|
|Instance             |        -|     -|        -|       -|    -|
|Memory               |        -|     -|        -|       -|    -|
|Multiplexer          |        -|     -|        -|      45|    -|
|Register             |        -|     -|       88|      32|    -|
+---------------------+---------+------+---------+--------+-----+
|Total                |        0|     1|       88|     323|    0|
+---------------------+---------+------+---------+--------+-----+
|Available SLR        |     1344|  2976|   871680|  435840|  320|
+---------------------+---------+------+---------+--------+-----+
|Utilization SLR (%)  |        0|    ~0|       ~0|      ~0|    0|
+---------------------+---------+------+---------+--------+-----+
|Available            |     2688|  5952|  1743360|  871680|  640|
+---------------------+---------+------+---------+--------+-----+
|Utilization (%)      |        0|    ~0|       ~0|      ~0|    0|
+---------------------+---------+------+---------+--------+-----+

+ Detail: 
    * Instance: 
    N/A

    * DSP: 
    +--------------------------------------+---------------------------------+----------------+
    |               Instance               |              Module             |   Expression   |
    +--------------------------------------+---------------------------------+----------------+
    |am_addmul_10ns_11ns_13ns_25_4_1_U142  |am_addmul_10ns_11ns_13ns_25_4_1  |  (i0 + i1) * i2|
    +--------------------------------------+---------------------------------+----------------+

    * Memory: 
    N/A

    * FIFO: 
    N/A

    * Expression: 
    +-----------------------+----------+----+---+-----+------------+------------+
    |     Variable Name     | Operation| DSP| FF| LUT | Bitwidth P0| Bitwidth P1|
    +-----------------------+----------+----+---+-----+------------+------------+
    |empty_5089_fu_166_p2   |         +|   0|  0|   17|          12|          12|
    |empty_5091_fu_94_p2    |         +|   0|  0|   15|           8|           1|
    |tmp16_fu_160_p2        |         +|   0|  0|   17|          12|          11|
    |empty_5088_fu_154_p2   |         -|   0|  0|   19|          12|          12|
    |exitcond456_fu_100_p2  |      icmp|   0|  0|   11|           8|           6|
    |empty_5090_fu_175_p2   |       shl|   0|  0|  165|           4|          56|
    |ap_enable_pp0          |       xor|   0|  0|    2|           1|           2|
    +-----------------------+----------+----+---+-----+------------+------------+
    |Total                  |          |   0|  0|  246|          57|         100|
    +-----------------------+----------+----+---+-----+------------+------------+

    * Multiplexer: 
    +----------------------------------------+----+-----------+-----+-----------+
    |                  Name                  | LUT| Input Size| Bits| Total Bits|
    +----------------------------------------+----+-----------+-----+-----------+
    |ap_done_int                             |   9|          2|    1|          2|
    |ap_loop_exit_ready_pp0_iter3_reg        |   9|          2|    1|          2|
    |ap_sig_allocacmp_loop_index_i53_i_load  |   9|          2|    8|         16|
    |epnp_we0                                |   9|          2|   56|        112|
    |loop_index_i53_i_fu_58                  |   9|          2|    8|         16|
    +----------------------------------------+----+-----------+-----+-----------+
    |Total                                   |  45|         10|   74|        148|
    +----------------------------------------+----+-----------+-----+-----------+

    * Register: 
    +----------------------------------+----+----+-----+-----------+
    |               Name               | FF | LUT| Bits| Const Bits|
    +----------------------------------+----+----+-----+-----------+
    |ap_CS_fsm                         |   1|   0|    1|          0|
    |ap_done_reg                       |   1|   0|    1|          0|
    |ap_enable_reg_pp0_iter1           |   1|   0|    1|          0|
    |ap_enable_reg_pp0_iter2           |   1|   0|    1|          0|
    |ap_enable_reg_pp0_iter3           |   1|   0|    1|          0|
    |ap_loop_exit_ready_pp0_iter1_reg  |   1|   0|    1|          0|
    |ap_loop_exit_ready_pp0_iter2_reg  |   1|   0|    1|          0|
    |ap_loop_exit_ready_pp0_iter3_reg  |   1|   0|    1|          0|
    |loop_index_i53_i_fu_58            |   8|   0|    8|          0|
    |p_cast265_reg_199                 |   8|   0|   12|          4|
    |p_cast265_reg_199                 |  64|  32|   12|          4|
    +----------------------------------+----+----+-----+-----------+
    |Total                             |  88|  32|   40|          8|
    +----------------------------------+----+----+-----+-----------+



================================================================
== Interface
================================================================
* Summary: 
+---------------+-----+-----+------------+------------------------+--------------+
|   RTL Ports   | Dir | Bits|  Protocol  |      Source Object     |    C Type    |
+---------------+-----+-----+------------+------------------------+--------------+
|ap_clk         |   in|    1|  ap_ctrl_hs|  RANSAC_PnP_Pipeline_13|  return value|
|ap_rst         |   in|    1|  ap_ctrl_hs|  RANSAC_PnP_Pipeline_13|  return value|
|ap_start       |   in|    1|  ap_ctrl_hs|  RANSAC_PnP_Pipeline_13|  return value|
|ap_done        |  out|    1|  ap_ctrl_hs|  RANSAC_PnP_Pipeline_13|  return value|
|ap_idle        |  out|    1|  ap_ctrl_hs|  RANSAC_PnP_Pipeline_13|  return value|
|ap_ready       |  out|    1|  ap_ctrl_hs|  RANSAC_PnP_Pipeline_13|  return value|
|epnp_address0  |  out|    8|   ap_memory|                    epnp|         array|
|epnp_ce0       |  out|    1|   ap_memory|                    epnp|         array|
|epnp_we0       |  out|   56|   ap_memory|                    epnp|         array|
|epnp_d0        |  out|  448|   ap_memory|                    epnp|         array|
+---------------+-----+-----+------------+------------------------+--------------+

