

================================================================
== Vitis HLS Report for 'RANSAC_PnP_Pipeline_63'
================================================================
* Date:           Sun Feb  5 16:59:58 2023

* Version:        2022.1 (Build 3526262 on Mon Apr 18 15:47:01 MDT 2022)
* Project:        hls_EstimateMotion
* Solution:       solution1 (Vivado IP Flow Target)
* Product family: virtexuplus
* Target device:  xcu50-fsvh2104-2L-e


================================================================
== Performance Estimates
================================================================
+ Timing: 
    * Summary: 
    +--------+----------+----------+------------+
    |  Clock |  Target  | Estimated| Uncertainty|
    +--------+----------+----------+------------+
    |ap_clk  |  60.00 ns|  5.024 ns|    16.20 ns|
    +--------+----------+----------+------------+

+ Latency: 
    * Summary: 
    +---------+---------+----------+----------+-----+-----+---------+
    |  Latency (cycles) |  Latency (absolute) |  Interval | Pipeline|
    |   min   |   max   |    min   |    max   | min | max |   Type  |
    +---------+---------+----------+----------+-----+-----+---------+
    |       11|       11|  0.660 us|  0.660 us|   11|   11|       no|
    +---------+---------+----------+----------+-----+-----+---------+

    + Detail: 
        * Instance: 
        N/A

        * Loop: 
        +----------+---------+---------+----------+-----------+-----------+------+----------+
        |          |  Latency (cycles) | Iteration|  Initiation Interval  | Trip |          |
        | Loop Name|   min   |   max   |  Latency |  achieved |   target  | Count| Pipelined|
        +----------+---------+---------+----------+-----------+-----------+------+----------+
        |- Loop 1  |        9|        9|         4|          1|          1|     6|       yes|
        +----------+---------+---------+----------+-----------+-----------+------+----------+



================================================================
== Utilization Estimates
================================================================
* Summary: 
+---------------------+---------+------+---------+--------+-----+
|         Name        | BRAM_18K|  DSP |    FF   |   LUT  | URAM|
+---------------------+---------+------+---------+--------+-----+
|DSP                  |        -|     1|        -|       -|    -|
|Expression           |        -|     -|        0|     214|    -|
|FIFO                 |        -|     -|        -|       -|    -|
|Instance             |        -|     -|        -|       -|    -|
|Memory               |        -|     -|        -|       -|    -|
|Multiplexer          |        -|     -|        -|      45|    -|
|Register             |        -|     -|       78|      32|    -|
+---------------------+---------+------+---------+--------+-----+
|Total                |        0|     1|       78|     291|    0|
+---------------------+---------+------+---------+--------+-----+
|Available SLR        |     1344|  2976|   871680|  435840|  320|
+---------------------+---------+------+---------+--------+-----+
|Utilization SLR (%)  |        0|    ~0|       ~0|      ~0|    0|
+---------------------+---------+------+---------+--------+-----+
|Available            |     2688|  5952|  1743360|  871680|  640|
+---------------------+---------+------+---------+--------+-----+
|Utilization (%)      |        0|    ~0|       ~0|      ~0|    0|
+---------------------+---------+------+---------+--------+-----+

+ Detail: 
    * Instance: 
    N/A

    * DSP: 
    +--------------------------------+--------------------------+-----------+
    |            Instance            |          Module          | Expression|
    +--------------------------------+--------------------------+-----------+
    |mul_mul_17ns_18ns_35_4_1_U2926  |mul_mul_17ns_18ns_35_4_1  |    i0 * i1|
    +--------------------------------+--------------------------+-----------+

    * Memory: 
    N/A

    * FIFO: 
    N/A

    * Expression: 
    +-----------------------+----------+----+---+-----+------------+------------+
    |     Variable Name     | Operation| DSP| FF| LUT | Bitwidth P0| Bitwidth P1|
    +-----------------------+----------+----+---+-----+------------+------------+
    |empty_4590_fu_165_p2   |         +|   0|  0|   13|           6|           6|
    |empty_4592_fu_104_p2   |         +|   0|  0|   10|           3|           1|
    |empty_fu_90_p2         |         +|   0|  0|   20|          13|          13|
    |tmp116_cast_fu_155_p2  |         +|   0|  0|   12|           5|           4|
    |exitcond413_fu_110_p2  |      icmp|   0|  0|    8|           3|           3|
    |empty_4591_fu_175_p2   |       shl|   0|  0|  149|           4|          48|
    |ap_enable_pp0          |       xor|   0|  0|    2|           1|           2|
    +-----------------------+----------+----+---+-----+------------+------------+
    |Total                  |          |   0|  0|  214|          35|          77|
    +-----------------------+----------+----+---+-----+------------+------------+

    * Multiplexer: 
    +----------------------------------------+----+-----------+-----+-----------+
    |                  Name                  | LUT| Input Size| Bits| Total Bits|
    +----------------------------------------+----+-----------+-----+-----------+
    |ap_done_int                             |   9|          2|    1|          2|
    |ap_loop_exit_ready_pp0_iter3_reg        |   9|          2|    1|          2|
    |ap_sig_allocacmp_loop_index_i76_i_load  |   9|          2|    3|          6|
    |loop_index_i76_i_fu_54                  |   9|          2|    3|          6|
    |pnp_iter_we0                            |   9|          2|   48|         96|
    +----------------------------------------+----+-----------+-----+-----------+
    |Total                                   |  45|         10|   56|        112|
    +----------------------------------------+----+-----------+-----+-----------+

    * Register: 
    +----------------------------------+----+----+-----+-----------+
    |               Name               | FF | LUT| Bits| Const Bits|
    +----------------------------------+----+----+-----+-----------+
    |ap_CS_fsm                         |   1|   0|    1|          0|
    |ap_done_reg                       |   1|   0|    1|          0|
    |ap_enable_reg_pp0_iter1           |   1|   0|    1|          0|
    |ap_enable_reg_pp0_iter2           |   1|   0|    1|          0|
    |ap_enable_reg_pp0_iter3           |   1|   0|    1|          0|
    |ap_loop_exit_ready_pp0_iter1_reg  |   1|   0|    1|          0|
    |ap_loop_exit_ready_pp0_iter2_reg  |   1|   0|    1|          0|
    |ap_loop_exit_ready_pp0_iter3_reg  |   1|   0|    1|          0|
    |loop_index_i76_i_fu_54            |   3|   0|    3|          0|
    |tmp_s_reg_201                     |   3|   0|    5|          2|
    |tmp_s_reg_201                     |  64|  32|    5|          2|
    +----------------------------------+----+----+-----+-----------+
    |Total                             |  78|  32|   21|          4|
    +----------------------------------+----+----+-----+-----------+



================================================================
== Interface
================================================================
* Summary: 
+-------------------+-----+-----+------------+------------------------+--------------+
|     RTL Ports     | Dir | Bits|  Protocol  |      Source Object     |    C Type    |
+-------------------+-----+-----+------------+------------------------+--------------+
|ap_clk             |   in|    1|  ap_ctrl_hs|  RANSAC_PnP_Pipeline_63|  return value|
|ap_rst             |   in|    1|  ap_ctrl_hs|  RANSAC_PnP_Pipeline_63|  return value|
|ap_start           |   in|    1|  ap_ctrl_hs|  RANSAC_PnP_Pipeline_63|  return value|
|ap_done            |  out|    1|  ap_ctrl_hs|  RANSAC_PnP_Pipeline_63|  return value|
|ap_idle            |  out|    1|  ap_ctrl_hs|  RANSAC_PnP_Pipeline_63|  return value|
|ap_ready           |  out|    1|  ap_ctrl_hs|  RANSAC_PnP_Pipeline_63|  return value|
|pnp_iter_address0  |  out|   13|   ap_memory|                pnp_iter|         array|
|pnp_iter_ce0       |  out|    1|   ap_memory|                pnp_iter|         array|
|pnp_iter_we0       |  out|   56|   ap_memory|                pnp_iter|         array|
|pnp_iter_d0        |  out|  448|   ap_memory|                pnp_iter|         array|
+-------------------+-----+-----+------------+------------------------+--------------+

