

================================================================
== Vitis HLS Report for 'RANSAC_PnP_Pipeline_20'
================================================================
* Date:           Sun Feb  5 16:52:25 2023

* Version:        2022.1 (Build 3526262 on Mon Apr 18 15:47:01 MDT 2022)
* Project:        hls_EstimateMotion
* Solution:       solution1 (Vivado IP Flow Target)
* Product family: virtexuplus
* Target device:  xcu50-fsvh2104-2L-e


================================================================
== Performance Estimates
================================================================
+ Timing: 
    * Summary: 
    +--------+----------+----------+------------+
    |  Clock |  Target  | Estimated| Uncertainty|
    +--------+----------+----------+------------+
    |ap_clk  |  60.00 ns|  3.805 ns|    16.20 ns|
    +--------+----------+----------+------------+

+ Latency: 
    * Summary: 
    +---------+---------+-----------+-----------+-----+-----+---------+
    |  Latency (cycles) |   Latency (absolute)  |  Interval | Pipeline|
    |   min   |   max   |    min    |    max    | min | max |   Type  |
    +---------+---------+-----------+-----------+-----+-----+---------+
    |      194|      194|  11.640 us|  11.640 us|  194|  194|       no|
    +---------+---------+-----------+-----------+-----+-----+---------+

    + Detail: 
        * Instance: 
        N/A

        * Loop: 
        +----------+---------+---------+----------+-----------+-----------+------+----------+
        |          |  Latency (cycles) | Iteration|  Initiation Interval  | Trip |          |
        | Loop Name|   min   |   max   |  Latency |  achieved |   target  | Count| Pipelined|
        +----------+---------+---------+----------+-----------+-----------+------+----------+
        |- Loop 1  |      192|      192|        41|         38|          1|     4|       yes|
        +----------+---------+---------+----------+-----------+-----------+------+----------+



================================================================
== Utilization Estimates
================================================================
* Summary: 
+---------------------+---------+------+---------+--------+-----+
|         Name        | BRAM_18K|  DSP |    FF   |   LUT  | URAM|
+---------------------+---------+------+---------+--------+-----+
|DSP                  |        -|    38|        -|       -|    -|
|Expression           |        -|     -|        0|   12778|    -|
|FIFO                 |        -|     -|        -|       -|    -|
|Instance             |        -|     -|        -|       -|    -|
|Memory               |        -|     -|        -|       -|    -|
|Multiplexer          |        -|     -|        -|     611|    -|
|Register             |        -|     -|      103|       -|    -|
+---------------------+---------+------+---------+--------+-----+
|Total                |        0|    38|      103|   13389|    0|
+---------------------+---------+------+---------+--------+-----+
|Available SLR        |     1344|  2976|   871680|  435840|  320|
+---------------------+---------+------+---------+--------+-----+
|Utilization SLR (%)  |        0|     1|       ~0|       3|    0|
+---------------------+---------+------+---------+--------+-----+
|Available            |     2688|  5952|  1743360|  871680|  640|
+---------------------+---------+------+---------+--------+-----+
|Utilization (%)      |        0|    ~0|       ~0|       1|    0|
+---------------------+---------+------+---------+--------+-----+

+ Detail: 
    * Instance: 
    N/A

    * DSP: 
    +-------------------------------+--------------------------+-----------+
    |            Instance           |          Module          | Expression|
    +-------------------------------+--------------------------+-----------+
    |mul_mul_13ns_14ns_27_4_1_U160  |mul_mul_13ns_14ns_27_4_1  |    i0 * i1|
    |mul_mul_13ns_14ns_27_4_1_U161  |mul_mul_13ns_14ns_27_4_1  |    i0 * i1|
    |mul_mul_13ns_14ns_27_4_1_U162  |mul_mul_13ns_14ns_27_4_1  |    i0 * i1|
    |mul_mul_13ns_14ns_27_4_1_U163  |mul_mul_13ns_14ns_27_4_1  |    i0 * i1|
    |mul_mul_13ns_14ns_27_4_1_U164  |mul_mul_13ns_14ns_27_4_1  |    i0 * i1|
    |mul_mul_13ns_14ns_27_4_1_U165  |mul_mul_13ns_14ns_27_4_1  |    i0 * i1|
    |mul_mul_13ns_14ns_27_4_1_U166  |mul_mul_13ns_14ns_27_4_1  |    i0 * i1|
    |mul_mul_13ns_14ns_27_4_1_U167  |mul_mul_13ns_14ns_27_4_1  |    i0 * i1|
    |mul_mul_13ns_14ns_27_4_1_U168  |mul_mul_13ns_14ns_27_4_1  |    i0 * i1|
    |mul_mul_13ns_14ns_27_4_1_U169  |mul_mul_13ns_14ns_27_4_1  |    i0 * i1|
    |mul_mul_13ns_14ns_27_4_1_U170  |mul_mul_13ns_14ns_27_4_1  |    i0 * i1|
    |mul_mul_13ns_14ns_27_4_1_U171  |mul_mul_13ns_14ns_27_4_1  |    i0 * i1|
    |mul_mul_13ns_14ns_27_4_1_U172  |mul_mul_13ns_14ns_27_4_1  |    i0 * i1|
    |mul_mul_13ns_14ns_27_4_1_U173  |mul_mul_13ns_14ns_27_4_1  |    i0 * i1|
    |mul_mul_13ns_14ns_27_4_1_U174  |mul_mul_13ns_14ns_27_4_1  |    i0 * i1|
    |mul_mul_13ns_14ns_27_4_1_U175  |mul_mul_13ns_14ns_27_4_1  |    i0 * i1|
    |mul_mul_13ns_14ns_27_4_1_U176  |mul_mul_13ns_14ns_27_4_1  |    i0 * i1|
    |mul_mul_13ns_14ns_27_4_1_U177  |mul_mul_13ns_14ns_27_4_1  |    i0 * i1|
    |mul_mul_13ns_14ns_27_4_1_U178  |mul_mul_13ns_14ns_27_4_1  |    i0 * i1|
    |mul_mul_13ns_14ns_27_4_1_U179  |mul_mul_13ns_14ns_27_4_1  |    i0 * i1|
    |mul_mul_13ns_14ns_27_4_1_U180  |mul_mul_13ns_14ns_27_4_1  |    i0 * i1|
    |mul_mul_13ns_14ns_27_4_1_U181  |mul_mul_13ns_14ns_27_4_1  |    i0 * i1|
    |mul_mul_13ns_14ns_27_4_1_U182  |mul_mul_13ns_14ns_27_4_1  |    i0 * i1|
    |mul_mul_13ns_14ns_27_4_1_U183  |mul_mul_13ns_14ns_27_4_1  |    i0 * i1|
    |mul_mul_13ns_14ns_27_4_1_U184  |mul_mul_13ns_14ns_27_4_1  |    i0 * i1|
    |mul_mul_13ns_14ns_27_4_1_U185  |mul_mul_13ns_14ns_27_4_1  |    i0 * i1|
    |mul_mul_13ns_14ns_27_4_1_U186  |mul_mul_13ns_14ns_27_4_1  |    i0 * i1|
    |mul_mul_13ns_14ns_27_4_1_U187  |mul_mul_13ns_14ns_27_4_1  |    i0 * i1|
    |mul_mul_13ns_14ns_27_4_1_U188  |mul_mul_13ns_14ns_27_4_1  |    i0 * i1|
    |mul_mul_13ns_14ns_27_4_1_U189  |mul_mul_13ns_14ns_27_4_1  |    i0 * i1|
    |mul_mul_13ns_14ns_27_4_1_U190  |mul_mul_13ns_14ns_27_4_1  |    i0 * i1|
    |mul_mul_13ns_14ns_27_4_1_U191  |mul_mul_13ns_14ns_27_4_1  |    i0 * i1|
    |mul_mul_13ns_14ns_27_4_1_U192  |mul_mul_13ns_14ns_27_4_1  |    i0 * i1|
    |mul_mul_13ns_14ns_27_4_1_U193  |mul_mul_13ns_14ns_27_4_1  |    i0 * i1|
    |mul_mul_13ns_14ns_27_4_1_U194  |mul_mul_13ns_14ns_27_4_1  |    i0 * i1|
    |mul_mul_13ns_14ns_27_4_1_U195  |mul_mul_13ns_14ns_27_4_1  |    i0 * i1|
    |mul_mul_13ns_14ns_27_4_1_U196  |mul_mul_13ns_14ns_27_4_1  |    i0 * i1|
    |mul_mul_13ns_14ns_27_4_1_U197  |mul_mul_13ns_14ns_27_4_1  |    i0 * i1|
    +-------------------------------+--------------------------+-----------+

    * Memory: 
    N/A

    * FIFO: 
    N/A

    * Expression: 
    +------------------------+----------+----+---+------+------------+------------+
    |      Variable Name     | Operation| DSP| FF|  LUT | Bitwidth P0| Bitwidth P1|
    +------------------------+----------+----+---+------+------------+------------+
    |add_ln3_1_fu_545_p2     |         +|   0|  0|     9|           2|           1|
    |add_ln3_2_fu_521_p2     |         +|   0|  0|    16|           9|           8|
    |add_ln3_cast_fu_837_p2  |         +|   0|  0|    17|          10|           8|
    |add_ln3_fu_580_p2       |         +|   0|  0|    19|          12|          12|
    |add_ln89_1_fu_596_p2    |         +|   0|  0|    17|          10|           9|
    |add_ln89_3_fu_664_p2    |         +|   0|  0|    17|          11|          11|
    |add_ln89_fu_531_p2      |         +|   0|  0|    19|          12|          12|
    |add_ln90_1_fu_717_p2    |         +|   0|  0|    17|          10|           9|
    |add_ln90_3_fu_784_p2    |         +|   0|  0|    17|          11|          11|
    |add_ln90_fu_567_p2      |         +|   0|  0|    19|          12|          12|
    |empty_4912_fu_704_p2    |         +|   0|  0|    19|          12|          12|
    |empty_4915_fu_1000_p2   |         +|   0|  0|    16|          14|          14|
    |empty_4917_fu_824_p2    |         +|   0|  0|    19|          12|          12|
    |empty_4919_fu_1097_p2   |         +|   0|  0|    18|          11|          11|
    |empty_4921_fu_921_p2    |         +|   0|  0|    19|          12|          12|
    |empty_4923_fu_1191_p2   |         +|   0|  0|    18|          11|          11|
    |empty_4925_fu_1017_p2   |         +|   0|  0|    19|          12|          12|
    |empty_4927_fu_1284_p2   |         +|   0|  0|    17|          11|          11|
    |empty_4929_fu_1114_p2   |         +|   0|  0|    19|          12|          12|
    |empty_4931_fu_1377_p2   |         +|   0|  0|    17|          11|          11|
    |empty_4933_fu_1207_p2   |         +|   0|  0|    19|          12|          12|
    |empty_4935_fu_1470_p2   |         +|   0|  0|    18|          11|          11|
    |empty_4937_fu_1300_p2   |         +|   0|  0|    19|          12|          12|
    |empty_4939_fu_1563_p2   |         +|   0|  0|    18|          11|          11|
    |empty_4941_fu_1393_p2   |         +|   0|  0|    19|          12|          12|
    |empty_4943_fu_1656_p2   |         +|   0|  0|    18|          11|          11|
    |empty_4945_fu_1486_p2   |         +|   0|  0|    19|          12|          12|
    |empty_4947_fu_1749_p2   |         +|   0|  0|    18|          11|          11|
    |empty_4949_fu_1579_p2   |         +|   0|  0|    19|          12|          12|
    |empty_4951_fu_1842_p2   |         +|   0|  0|    18|          11|          11|
    |empty_4953_fu_1672_p2   |         +|   0|  0|    19|          12|          12|
    |empty_4955_fu_1935_p2   |         +|   0|  0|    18|          11|          11|
    |empty_4957_fu_1765_p2   |         +|   0|  0|    19|          12|          12|
    |empty_4959_fu_2028_p2   |         +|   0|  0|    18|          11|          11|
    |empty_4961_fu_1858_p2   |         +|   0|  0|    19|          12|          12|
    |empty_4963_fu_2121_p2   |         +|   0|  0|    18|          11|          11|
    |empty_4965_fu_1951_p2   |         +|   0|  0|    19|          12|          12|
    |empty_4967_fu_2214_p2   |         +|   0|  0|    18|          11|          11|
    |empty_4969_fu_2044_p2   |         +|   0|  0|    19|          12|          12|
    |empty_4971_fu_2307_p2   |         +|   0|  0|    18|          11|          11|
    |empty_4973_fu_2137_p2   |         +|   0|  0|    19|          12|          12|
    |empty_4975_fu_2400_p2   |         +|   0|  0|    18|          11|          11|
    |empty_4977_fu_2230_p2   |         +|   0|  0|    19|          12|          12|
    |empty_4979_fu_2493_p2   |         +|   0|  0|    18|          11|          11|
    |empty_4981_fu_2323_p2   |         +|   0|  0|    19|          12|          12|
    |empty_4983_fu_2586_p2   |         +|   0|  0|    17|          11|          11|
    |empty_4985_fu_2416_p2   |         +|   0|  0|    19|          12|          12|
    |empty_4987_fu_2679_p2   |         +|   0|  0|    17|          11|          11|
    |empty_4989_fu_2509_p2   |         +|   0|  0|    19|          12|          12|
    |empty_4991_fu_2772_p2   |         +|   0|  0|    18|          11|          11|
    |empty_4993_fu_2602_p2   |         +|   0|  0|    19|          12|          12|
    |empty_4995_fu_2865_p2   |         +|   0|  0|    18|          11|          11|
    |empty_4997_fu_2695_p2   |         +|   0|  0|    19|          12|          12|
    |empty_4999_fu_2958_p2   |         +|   0|  0|    18|          11|          11|
    |empty_5001_fu_2788_p2   |         +|   0|  0|    19|          12|          12|
    |empty_5003_fu_3051_p2   |         +|   0|  0|    18|          11|          11|
    |empty_5005_fu_2881_p2   |         +|   0|  0|    19|          12|          12|
    |empty_5007_fu_3144_p2   |         +|   0|  0|    18|          11|          11|
    |empty_5009_fu_2974_p2   |         +|   0|  0|    19|          12|          12|
    |empty_5011_fu_3237_p2   |         +|   0|  0|    18|          11|          11|
    |empty_5013_fu_3067_p2   |         +|   0|  0|    19|          12|          12|
    |empty_5015_fu_3330_p2   |         +|   0|  0|    18|          11|          11|
    |empty_5017_fu_3160_p2   |         +|   0|  0|    19|          12|          12|
    |empty_5019_fu_3423_p2   |         +|   0|  0|    18|          11|          11|
    |empty_5021_fu_3253_p2   |         +|   0|  0|    19|          12|          12|
    |empty_5023_fu_3516_p2   |         +|   0|  0|    18|          11|          11|
    |empty_5025_fu_3346_p2   |         +|   0|  0|    19|          12|          12|
    |empty_5027_fu_3609_p2   |         +|   0|  0|    18|          11|          11|
    |empty_5029_fu_3439_p2   |         +|   0|  0|    19|          12|          12|
    |empty_5031_fu_3702_p2   |         +|   0|  0|    18|          11|          11|
    |empty_5033_fu_3532_p2   |         +|   0|  0|    19|          12|          12|
    |empty_5035_fu_3795_p2   |         +|   0|  0|    18|          11|          11|
    |empty_5037_fu_3625_p2   |         +|   0|  0|    19|          12|          12|
    |empty_5039_fu_3888_p2   |         +|   0|  0|    17|          11|          11|
    |empty_5041_fu_3718_p2   |         +|   0|  0|    19|          12|          12|
    |empty_5043_fu_3981_p2   |         +|   0|  0|    17|          11|          11|
    |empty_5045_fu_3811_p2   |         +|   0|  0|    19|          12|          12|
    |empty_5047_fu_4061_p2   |         +|   0|  0|    18|          11|          11|
    |empty_5049_fu_3904_p2   |         +|   0|  0|    19|          12|          12|
    |empty_5051_fu_4141_p2   |         +|   0|  0|    18|          11|          11|
    |p_cast331_fu_904_p2     |         +|   0|  0|    17|          11|          11|
    |tmp23_cast_fu_1087_p2   |         +|   0|  0|    18|          10|           8|
    |tmp24_cast_fu_1181_p2   |         +|   0|  0|    18|          10|           8|
    |tmp25_fu_1278_p2        |         +|   0|  0|    17|          11|           8|
    |tmp26_fu_1371_p2        |         +|   0|  0|    17|          11|           8|
    |tmp27_cast_fu_1460_p2   |         +|   0|  0|    18|          10|           8|
    |tmp28_cast_fu_1553_p2   |         +|   0|  0|    18|          10|           8|
    |tmp29_cast_fu_1646_p2   |         +|   0|  0|    18|          10|           8|
    |tmp30_cast_fu_1739_p2   |         +|   0|  0|    18|          10|           8|
    |tmp31_cast_fu_1832_p2   |         +|   0|  0|    18|          10|           8|
    |tmp32_cast_fu_1925_p2   |         +|   0|  0|    18|          10|           8|
    |tmp33_cast_fu_2018_p2   |         +|   0|  0|    18|          10|           8|
    |tmp34_cast_fu_2111_p2   |         +|   0|  0|    18|          10|           8|
    |tmp35_cast_fu_2204_p2   |         +|   0|  0|    18|          10|           8|
    |tmp36_cast_fu_2297_p2   |         +|   0|  0|    18|          10|           8|
    |tmp37_cast_fu_2390_p2   |         +|   0|  0|    18|          10|           8|
    |tmp38_cast_fu_2483_p2   |         +|   0|  0|    18|          10|           8|
    |tmp39_fu_2580_p2        |         +|   0|  0|    17|          11|           8|
    |tmp40_fu_2673_p2        |         +|   0|  0|    17|          11|           8|
    |tmp41_cast_fu_2762_p2   |         +|   0|  0|    18|          10|           8|
    |tmp42_cast_fu_2855_p2   |         +|   0|  0|    18|          10|           8|
    |tmp43_cast_fu_2948_p2   |         +|   0|  0|    18|          10|           8|
    |tmp44_cast_fu_3041_p2   |         +|   0|  0|    18|          10|           8|
    |tmp45_cast_fu_3134_p2   |         +|   0|  0|    18|          10|           9|
    |tmp46_cast_fu_3227_p2   |         +|   0|  0|    18|          10|           9|
    |tmp47_cast_fu_3320_p2   |         +|   0|  0|    18|          10|           9|
    |tmp48_cast_fu_3413_p2   |         +|   0|  0|    18|          10|           9|
    |tmp49_cast_fu_3506_p2   |         +|   0|  0|    18|          10|           9|
    |tmp50_cast_fu_3599_p2   |         +|   0|  0|    18|          10|           9|
    |tmp51_cast_fu_3692_p2   |         +|   0|  0|    18|          10|           9|
    |tmp52_cast_fu_3785_p2   |         +|   0|  0|    18|          10|           9|
    |tmp53_fu_3882_p2        |         +|   0|  0|    17|          11|           9|
    |tmp54_fu_3975_p2        |         +|   0|  0|    17|          11|           9|
    |tmp55_cast_fu_4051_p2   |         +|   0|  0|    18|          10|           9|
    |tmp56_cast_fu_4131_p2   |         +|   0|  0|    18|          10|           9|
    |empty_4910_fu_898_p2    |         -|   0|  0|    17|          11|          11|
    |empty_4914_fu_994_p2    |         -|   0|  0|    16|          14|          14|
    |empty_4918_fu_1081_p2   |         -|   0|  0|    18|          10|          10|
    |empty_4922_fu_1175_p2   |         -|   0|  0|    18|          10|          10|
    |empty_4926_fu_1272_p2   |         -|   0|  0|    18|          11|          11|
    |empty_4930_fu_1365_p2   |         -|   0|  0|    18|          11|          11|
    |empty_4934_fu_1454_p2   |         -|   0|  0|    18|          10|          10|
    |empty_4938_fu_1547_p2   |         -|   0|  0|    18|          10|          10|
    |empty_4942_fu_1640_p2   |         -|   0|  0|    18|          10|          10|
    |empty_4946_fu_1733_p2   |         -|   0|  0|    18|          10|          10|
    |empty_4950_fu_1826_p2   |         -|   0|  0|    18|          10|          10|
    |empty_4954_fu_1919_p2   |         -|   0|  0|    18|          10|          10|
    |empty_4958_fu_2012_p2   |         -|   0|  0|    18|          10|          10|
    |empty_4962_fu_2105_p2   |         -|   0|  0|    18|          10|          10|
    |empty_4966_fu_2198_p2   |         -|   0|  0|    18|          10|          10|
    |empty_4970_fu_2291_p2   |         -|   0|  0|    18|          10|          10|
    |empty_4974_fu_2384_p2   |         -|   0|  0|    18|          10|          10|
    |empty_4978_fu_2477_p2   |         -|   0|  0|    18|          10|          10|
    |empty_4982_fu_2574_p2   |         -|   0|  0|    18|          11|          11|
    |empty_4986_fu_2667_p2   |         -|   0|  0|    18|          11|          11|
    |empty_4990_fu_2756_p2   |         -|   0|  0|    18|          10|          10|
    |empty_4994_fu_2849_p2   |         -|   0|  0|    18|          10|          10|
    |empty_4998_fu_2942_p2   |         -|   0|  0|    18|          10|          10|
    |empty_5002_fu_3035_p2   |         -|   0|  0|    18|          10|          10|
    |empty_5006_fu_3128_p2   |         -|   0|  0|    18|          10|          10|
    |empty_5010_fu_3221_p2   |         -|   0|  0|    18|          10|          10|
    |empty_5014_fu_3314_p2   |         -|   0|  0|    18|          10|          10|
    |empty_5018_fu_3407_p2   |         -|   0|  0|    18|          10|          10|
    |empty_5022_fu_3500_p2   |         -|   0|  0|    18|          10|          10|
    |empty_5026_fu_3593_p2   |         -|   0|  0|    18|          10|          10|
    |empty_5030_fu_3686_p2   |         -|   0|  0|    18|          10|          10|
    |empty_5034_fu_3779_p2   |         -|   0|  0|    18|          10|          10|
    |empty_5038_fu_3876_p2   |         -|   0|  0|    18|          11|          11|
    |empty_5042_fu_3969_p2   |         -|   0|  0|    18|          11|          11|
    |empty_5046_fu_4045_p2   |         -|   0|  0|    18|          10|          10|
    |empty_5050_fu_4125_p2   |         -|   0|  0|    18|          10|          10|
    |sub_ln89_fu_658_p2      |         -|   0|  0|    17|          11|          11|
    |sub_ln90_fu_778_p2      |         -|   0|  0|    17|          11|          11|
    |icmp_ln3_fu_551_p2      |      icmp|   0|  0|     8|           2|           2|
    |empty_4913_fu_981_p2    |        or|   0|  0|    12|           3|          12|
    |empty_4911_fu_914_p2    |       shl|   0|  0|   165|           4|          56|
    |empty_4916_fu_1010_p2   |       shl|   0|  0|   165|           4|          56|
    |empty_4920_fu_1107_p2   |       shl|   0|  0|   165|           4|          56|
    |empty_4924_fu_1200_p2   |       shl|   0|  0|   165|           4|          56|
    |empty_4928_fu_1293_p2   |       shl|   0|  0|   165|           4|          56|
    |empty_4932_fu_1386_p2   |       shl|   0|  0|   165|           4|          56|
    |empty_4936_fu_1479_p2   |       shl|   0|  0|   165|           4|          56|
    |empty_4940_fu_1572_p2   |       shl|   0|  0|   165|           4|          56|
    |empty_4944_fu_1665_p2   |       shl|   0|  0|   165|           4|          56|
    |empty_4948_fu_1758_p2   |       shl|   0|  0|   165|           4|          56|
    |empty_4952_fu_1851_p2   |       shl|   0|  0|   165|           4|          56|
    |empty_4956_fu_1944_p2   |       shl|   0|  0|   165|           4|          56|
    |empty_4960_fu_2037_p2   |       shl|   0|  0|   165|           4|          56|
    |empty_4964_fu_2130_p2   |       shl|   0|  0|   165|           4|          56|
    |empty_4968_fu_2223_p2   |       shl|   0|  0|   165|           4|          56|
    |empty_4972_fu_2316_p2   |       shl|   0|  0|   165|           4|          56|
    |empty_4976_fu_2409_p2   |       shl|   0|  0|   165|           4|          56|
    |empty_4980_fu_2502_p2   |       shl|   0|  0|   165|           4|          56|
    |empty_4984_fu_2595_p2   |       shl|   0|  0|   165|           4|          56|
    |empty_4988_fu_2688_p2   |       shl|   0|  0|   165|           4|          56|
    |empty_4992_fu_2781_p2   |       shl|   0|  0|   165|           4|          56|
    |empty_4996_fu_2874_p2   |       shl|   0|  0|   165|           4|          56|
    |empty_5000_fu_2967_p2   |       shl|   0|  0|   165|           4|          56|
    |empty_5004_fu_3060_p2   |       shl|   0|  0|   165|           4|          56|
    |empty_5008_fu_3153_p2   |       shl|   0|  0|   165|           4|          56|
    |empty_5012_fu_3246_p2   |       shl|   0|  0|   165|           4|          56|
    |empty_5016_fu_3339_p2   |       shl|   0|  0|   165|           4|          56|
    |empty_5020_fu_3432_p2   |       shl|   0|  0|   165|           4|          56|
    |empty_5024_fu_3525_p2   |       shl|   0|  0|   165|           4|          56|
    |empty_5028_fu_3618_p2   |       shl|   0|  0|   165|           4|          56|
    |empty_5032_fu_3711_p2   |       shl|   0|  0|   165|           4|          56|
    |empty_5036_fu_3804_p2   |       shl|   0|  0|   165|           4|          56|
    |empty_5040_fu_3897_p2   |       shl|   0|  0|   165|           4|          56|
    |empty_5044_fu_3990_p2   |       shl|   0|  0|   165|           4|          56|
    |empty_5048_fu_4070_p2   |       shl|   0|  0|   165|           4|          56|
    |empty_5052_fu_4150_p2   |       shl|   0|  0|   165|           4|          56|
    |shl_ln89_1_fu_697_p2    |       shl|   0|  0|  1865|           3|         448|
    |shl_ln89_fu_674_p2      |       shl|   0|  0|   165|           4|          56|
    |shl_ln90_1_fu_817_p2    |       shl|   0|  0|  1865|           2|         448|
    |shl_ln90_fu_794_p2      |       shl|   0|  0|   165|           4|          56|
    |ap_enable_pp0           |       xor|   0|  0|     2|           1|           2|
    +------------------------+----------+----+---+------+------------+------------+
    |Total                   |          |   0|  0| 12778|        1820|        4629|
    +------------------------+----------+----+---+------+------------+------------+

    * Multiplexer: 
    +-----------------------------------+-----+-----------+-----+-----------+
    |                Name               | LUT | Input Size| Bits| Total Bits|
    +-----------------------------------+-----+-----------+-----+-----------+
    |ap_NS_fsm                          |  173|         39|    1|         39|
    |ap_done_int                        |    9|          2|    1|          2|
    |ap_enable_reg_pp0_iter0            |    9|          2|    1|          2|
    |ap_enable_reg_pp0_iter1            |    9|          2|    1|          2|
    |ap_loop_exit_ready_pp0_iter1_reg   |    9|          2|    1|          2|
    |ap_sig_allocacmp_indvars_iv1_load  |    9|          2|    2|          4|
    |ap_sig_allocacmp_phi_mul_load      |    9|          2|    9|         18|
    |epnp_address0                      |  173|         39|    8|        312|
    |epnp_d0                            |   20|          4|  448|       1792|
    |epnp_we0                           |  173|         39|   56|       2184|
    |indvars_iv1_fu_230                 |    9|          2|    2|          4|
    |phi_mul_fu_226                     |    9|          2|    9|         18|
    +-----------------------------------+-----+-----------+-----+-----------+
    |Total                              |  611|        137|  539|       4379|
    +-----------------------------------+-----+-----------+-----+-----------+

    * Register: 
    +----------------------------------+----+----+-----+-----------+
    |               Name               | FF | LUT| Bits| Const Bits|
    +----------------------------------+----+----+-----+-----------+
    |add_ln3_reg_4573                  |  12|   0|   12|          0|
    |ap_CS_fsm                         |  38|   0|   38|          0|
    |ap_done_reg                       |   1|   0|    1|          0|
    |ap_enable_reg_pp0_iter0_reg       |   1|   0|    1|          0|
    |ap_enable_reg_pp0_iter1           |   1|   0|    1|          0|
    |ap_loop_exit_ready_pp0_iter1_reg  |   1|   0|    1|          0|
    |icmp_ln3_reg_4564                 |   1|   0|    1|          0|
    |icmp_ln3_reg_4564_pp0_iter1_reg   |   1|   0|    1|          0|
    |indvars_iv1_fu_230                |   2|   0|    2|          0|
    |phi_mul_fu_226                    |   9|   0|    9|          0|
    |phi_mul_load_reg_4512             |   9|   0|    9|          0|
    |zext_ln3_reg_4609                 |   9|   0|   11|          2|
    |zext_ln89_6_reg_4583              |   9|   0|   10|          1|
    |zext_ln89_reg_4518                |   9|   0|   12|          3|
    +----------------------------------+----+----+-----+-----------+
    |Total                             | 103|   0|  109|          6|
    +----------------------------------+----+----+-----+-----------+



================================================================
== Interface
================================================================
* Summary: 
+---------------+-----+-----+------------+------------------------+--------------+
|   RTL Ports   | Dir | Bits|  Protocol  |      Source Object     |    C Type    |
+---------------+-----+-----+------------+------------------------+--------------+
|ap_clk         |   in|    1|  ap_ctrl_hs|  RANSAC_PnP_Pipeline_20|  return value|
|ap_rst         |   in|    1|  ap_ctrl_hs|  RANSAC_PnP_Pipeline_20|  return value|
|ap_start       |   in|    1|  ap_ctrl_hs|  RANSAC_PnP_Pipeline_20|  return value|
|ap_done        |  out|    1|  ap_ctrl_hs|  RANSAC_PnP_Pipeline_20|  return value|
|ap_idle        |  out|    1|  ap_ctrl_hs|  RANSAC_PnP_Pipeline_20|  return value|
|ap_ready       |  out|    1|  ap_ctrl_hs|  RANSAC_PnP_Pipeline_20|  return value|
|epnp_address0  |  out|    8|   ap_memory|                    epnp|         array|
|epnp_ce0       |  out|    1|   ap_memory|                    epnp|         array|
|epnp_we0       |  out|   56|   ap_memory|                    epnp|         array|
|epnp_d0        |  out|  448|   ap_memory|                    epnp|         array|
+---------------+-----+-----+------------+------------------------+--------------+

