

================================================================
== Vitis HLS Report for 'RANSAC_PnP_Pipeline_23'
================================================================
* Date:           Sun Feb  5 16:52:29 2023

* Version:        2022.1 (Build 3526262 on Mon Apr 18 15:47:01 MDT 2022)
* Project:        hls_EstimateMotion
* Solution:       solution1 (Vivado IP Flow Target)
* Product family: virtexuplus
* Target device:  xcu50-fsvh2104-2L-e


================================================================
== Performance Estimates
================================================================
+ Timing: 
    * Summary: 
    +--------+----------+----------+------------+
    |  Clock |  Target  | Estimated| Uncertainty|
    +--------+----------+----------+------------+
    |ap_clk  |  60.00 ns|  3.466 ns|    16.20 ns|
    +--------+----------+----------+------------+

+ Latency: 
    * Summary: 
    +---------+---------+----------+----------+-----+-----+---------+
    |  Latency (cycles) |  Latency (absolute) |  Interval | Pipeline|
    |   min   |   max   |    min   |    max   | min | max |   Type  |
    +---------+---------+----------+----------+-----+-----+---------+
    |       29|       29|  1.740 us|  1.740 us|   29|   29|       no|
    +---------+---------+----------+----------+-----+-----+---------+

    + Detail: 
        * Instance: 
        N/A

        * Loop: 
        +----------+---------+---------+----------+-----------+-----------+------+----------+
        |          |  Latency (cycles) | Iteration|  Initiation Interval  | Trip |          |
        | Loop Name|   min   |   max   |  Latency |  achieved |   target  | Count| Pipelined|
        +----------+---------+---------+----------+-----------+-----------+------+----------+
        |- Loop 1  |       27|       27|         4|          1|          1|    24|       yes|
        +----------+---------+---------+----------+-----------+-----------+------+----------+



================================================================
== Utilization Estimates
================================================================
* Summary: 
+---------------------+---------+------+---------+--------+-----+
|         Name        | BRAM_18K|  DSP |    FF   |   LUT  | URAM|
+---------------------+---------+------+---------+--------+-----+
|DSP                  |        -|     1|        -|       -|    -|
|Expression           |        -|     -|        0|     260|    -|
|FIFO                 |        -|     -|        -|       -|    -|
|Instance             |        -|     -|        -|       -|    -|
|Memory               |        -|     -|        -|       -|    -|
|Multiplexer          |        -|     -|        -|      45|    -|
|Register             |        -|     -|       82|      32|    -|
+---------------------+---------+------+---------+--------+-----+
|Total                |        0|     1|       82|     337|    0|
+---------------------+---------+------+---------+--------+-----+
|Available SLR        |     1344|  2976|   871680|  435840|  320|
+---------------------+---------+------+---------+--------+-----+
|Utilization SLR (%)  |        0|    ~0|       ~0|      ~0|    0|
+---------------------+---------+------+---------+--------+-----+
|Available            |     2688|  5952|  1743360|  871680|  640|
+---------------------+---------+------+---------+--------+-----+
|Utilization (%)      |        0|    ~0|       ~0|      ~0|    0|
+---------------------+---------+------+---------+--------+-----+

+ Detail: 
    * Instance: 
    N/A

    * DSP: 
    +-------------------------------+--------------------------+-----------+
    |            Instance           |          Module          | Expression|
    +-------------------------------+--------------------------+-----------+
    |mul_mul_13ns_14ns_27_4_1_U222  |mul_mul_13ns_14ns_27_4_1  |    i0 * i1|
    +-------------------------------+--------------------------+-----------+

    * Memory: 
    N/A

    * FIFO: 
    N/A

    * Expression: 
    +-----------------------+----------+----+---+-----+------------+------------+
    |     Variable Name     | Operation| DSP| FF| LUT | Bitwidth P0| Bitwidth P1|
    +-----------------------+----------+----+---+-----+------------+------------+
    |empty_4831_fu_198_p2   |         +|   0|  0|   16|           9|           9|
    |empty_4833_fu_114_p2   |         +|   0|  0|   12|           5|           1|
    |empty_fu_100_p2        |         +|   0|  0|   18|          11|          11|
    |tmp78_cast_fu_188_p2   |         +|   0|  0|   19|           8|           7|
    |empty_4830_fu_182_p2   |         -|   0|  0|   19|           8|           8|
    |exitcond466_fu_120_p2  |      icmp|   0|  0|    9|           5|           5|
    |empty_4832_fu_208_p2   |       shl|   0|  0|  165|           4|          56|
    |ap_enable_pp0          |       xor|   0|  0|    2|           1|           2|
    +-----------------------+----------+----+---+-----+------------+------------+
    |Total                  |          |   0|  0|  260|          51|          99|
    +-----------------------+----------+----+---+-----+------------+------------+

    * Multiplexer: 
    +----------------------------------------+----+-----------+-----+-----------+
    |                  Name                  | LUT| Input Size| Bits| Total Bits|
    +----------------------------------------+----+-----------+-----+-----------+
    |ap_done_int                             |   9|          2|    1|          2|
    |ap_loop_exit_ready_pp0_iter3_reg        |   9|          2|    1|          2|
    |ap_sig_allocacmp_loop_index_i96_i_load  |   9|          2|    5|         10|
    |epnp_we0                                |   9|          2|   56|        112|
    |loop_index_i96_i_fu_64                  |   9|          2|    5|         10|
    +----------------------------------------+----+-----------+-----+-----------+
    |Total                                   |  45|         10|   68|        136|
    +----------------------------------------+----+-----------+-----+-----------+

    * Register: 
    +----------------------------------+----+----+-----+-----------+
    |               Name               | FF | LUT| Bits| Const Bits|
    +----------------------------------+----+----+-----+-----------+
    |ap_CS_fsm                         |   1|   0|    1|          0|
    |ap_done_reg                       |   1|   0|    1|          0|
    |ap_enable_reg_pp0_iter1           |   1|   0|    1|          0|
    |ap_enable_reg_pp0_iter2           |   1|   0|    1|          0|
    |ap_enable_reg_pp0_iter3           |   1|   0|    1|          0|
    |ap_loop_exit_ready_pp0_iter1_reg  |   1|   0|    1|          0|
    |ap_loop_exit_ready_pp0_iter2_reg  |   1|   0|    1|          0|
    |ap_loop_exit_ready_pp0_iter3_reg  |   1|   0|    1|          0|
    |loop_index_i96_i_fu_64            |   5|   0|    5|          0|
    |tmp_s_reg_231                     |   5|   0|    7|          2|
    |tmp_s_reg_231                     |  64|  32|    7|          2|
    +----------------------------------+----+----+-----+-----------+
    |Total                             |  82|  32|   27|          4|
    +----------------------------------+----+----+-----+-----------+



================================================================
== Interface
================================================================
* Summary: 
+---------------+-----+-----+------------+------------------------+--------------+
|   RTL Ports   | Dir | Bits|  Protocol  |      Source Object     |    C Type    |
+---------------+-----+-----+------------+------------------------+--------------+
|ap_clk         |   in|    1|  ap_ctrl_hs|  RANSAC_PnP_Pipeline_23|  return value|
|ap_rst         |   in|    1|  ap_ctrl_hs|  RANSAC_PnP_Pipeline_23|  return value|
|ap_start       |   in|    1|  ap_ctrl_hs|  RANSAC_PnP_Pipeline_23|  return value|
|ap_done        |  out|    1|  ap_ctrl_hs|  RANSAC_PnP_Pipeline_23|  return value|
|ap_idle        |  out|    1|  ap_ctrl_hs|  RANSAC_PnP_Pipeline_23|  return value|
|ap_ready       |  out|    1|  ap_ctrl_hs|  RANSAC_PnP_Pipeline_23|  return value|
|epnp_address0  |  out|    8|   ap_memory|                    epnp|         array|
|epnp_ce0       |  out|    1|   ap_memory|                    epnp|         array|
|epnp_we0       |  out|   56|   ap_memory|                    epnp|         array|
|epnp_d0        |  out|  448|   ap_memory|                    epnp|         array|
+---------------+-----+-----+------------+------------------------+--------------+

