

================================================================
== Vitis HLS Report for 'RANSAC_PnP_Pipeline_66'
================================================================
* Date:           Sun Feb  5 17:00:01 2023

* Version:        2022.1 (Build 3526262 on Mon Apr 18 15:47:01 MDT 2022)
* Project:        hls_EstimateMotion
* Solution:       solution1 (Vivado IP Flow Target)
* Product family: virtexuplus
* Target device:  xcu50-fsvh2104-2L-e


================================================================
== Performance Estimates
================================================================
+ Timing: 
    * Summary: 
    +--------+----------+----------+------------+
    |  Clock |  Target  | Estimated| Uncertainty|
    +--------+----------+----------+------------+
    |ap_clk  |  60.00 ns|  5.556 ns|    16.20 ns|
    +--------+----------+----------+------------+

+ Latency: 
    * Summary: 
    +---------+---------+----------+----------+------+------+---------+
    |  Latency (cycles) |  Latency (absolute) |   Interval  | Pipeline|
    |   min   |   max   |    min   |    max   |  min |  max |   Type  |
    +---------+---------+----------+----------+------+------+---------+
    |     2005|     2005|  0.120 ms|  0.120 ms|  2005|  2005|       no|
    +---------+---------+----------+----------+------+------+---------+

    + Detail: 
        * Instance: 
        N/A

        * Loop: 
        +----------+---------+---------+----------+-----------+-----------+------+----------+
        |          |  Latency (cycles) | Iteration|  Initiation Interval  | Trip |          |
        | Loop Name|   min   |   max   |  Latency |  achieved |   target  | Count| Pipelined|
        +----------+---------+---------+----------+-----------+-----------+------+----------+
        |- Loop 1  |     2003|     2003|         4|          1|          1|  2000|       yes|
        +----------+---------+---------+----------+-----------+-----------+------+----------+



================================================================
== Utilization Estimates
================================================================
* Summary: 
+---------------------+---------+------+---------+--------+-----+
|         Name        | BRAM_18K|  DSP |    FF   |   LUT  | URAM|
+---------------------+---------+------+---------+--------+-----+
|DSP                  |        -|     1|        -|       -|    -|
|Expression           |        -|     -|        0|    2172|    -|
|FIFO                 |        -|     -|        -|       -|    -|
|Instance             |        -|     -|        -|       -|    -|
|Memory               |        -|     -|        -|       -|    -|
|Multiplexer          |        -|     -|        -|      45|    -|
|Register             |        -|     -|      116|      32|    -|
+---------------------+---------+------+---------+--------+-----+
|Total                |        0|     1|      116|    2249|    0|
+---------------------+---------+------+---------+--------+-----+
|Available SLR        |     1344|  2976|   871680|  435840|  320|
+---------------------+---------+------+---------+--------+-----+
|Utilization SLR (%)  |        0|    ~0|       ~0|      ~0|    0|
+---------------------+---------+------+---------+--------+-----+
|Available            |     2688|  5952|  1743360|  871680|  640|
+---------------------+---------+------+---------+--------+-----+
|Utilization (%)      |        0|    ~0|       ~0|      ~0|    0|
+---------------------+---------+------+---------+--------+-----+

+ Detail: 
    * Instance: 
    N/A

    * DSP: 
    +--------------------------------+--------------------------+-----------+
    |            Instance            |          Module          | Expression|
    +--------------------------------+--------------------------+-----------+
    |mul_mul_18ns_19ns_37_4_1_U2932  |mul_mul_18ns_19ns_37_4_1  |    i0 * i1|
    +--------------------------------+--------------------------+-----------+

    * Memory: 
    N/A

    * FIFO: 
    N/A

    * Expression: 
    +-----------------------+----------+----+---+------+------------+------------+
    |     Variable Name     | Operation| DSP| FF|  LUT | Bitwidth P0| Bitwidth P1|
    +-----------------------+----------+----+---+------+------------+------------+
    |empty_4578_fu_225_p2   |         +|   0|  0|    16|          15|          15|
    |empty_4581_fu_125_p2   |         +|   0|  0|    18|          11|           1|
    |empty_fu_115_p2        |         +|   0|  0|    25|          18|          18|
    |p_cast1020_fu_149_p2   |         +|   0|  0|    16|          15|          14|
    |p_cast472_fu_213_p2    |         +|   0|  0|    16|          15|          15|
    |tmp118_fu_219_p2       |         +|   0|  0|    16|          15|          14|
    |empty_4577_fu_207_p2   |         -|   0|  0|    22|          15|          15|
    |exitcond410_fu_131_p2  |      icmp|   0|  0|    11|          11|           7|
    |empty_4579_fu_235_p2   |       shl|   0|  0|   165|           4|          56|
    |pnp_iter_d0            |       shl|   0|  0|  1865|         448|         448|
    |ap_enable_pp0          |       xor|   0|  0|     2|           1|           2|
    +-----------------------+----------+----+---+------+------------+------------+
    |Total                  |          |   0|  0|  2172|         568|         605|
    +-----------------------+----------+----+---+------+------------+------------+

    * Multiplexer: 
    +----------------------------------------+----+-----------+-----+-----------+
    |                  Name                  | LUT| Input Size| Bits| Total Bits|
    +----------------------------------------+----+-----------+-----+-----------+
    |ap_done_int                             |   9|          2|    1|          2|
    |ap_loop_exit_ready_pp0_iter3_reg        |   9|          2|    1|          2|
    |ap_sig_allocacmp_loop_index_i90_i_load  |   9|          2|   11|         22|
    |loop_index_i90_i_fu_66                  |   9|          2|   11|         22|
    |pnp_iter_we0                            |   9|          2|   56|        112|
    +----------------------------------------+----+-----------+-----+-----------+
    |Total                                   |  45|         10|   80|        160|
    +----------------------------------------+----+-----------+-----+-----------+

    * Register: 
    +---------------------------------------------+----+----+-----+-----------+
    |                     Name                    | FF | LUT| Bits| Const Bits|
    +---------------------------------------------+----+----+-----+-----------+
    |ap_CS_fsm                                    |   1|   0|    1|          0|
    |ap_done_reg                                  |   1|   0|    1|          0|
    |ap_enable_reg_pp0_iter1                      |   1|   0|    1|          0|
    |ap_enable_reg_pp0_iter2                      |   1|   0|    1|          0|
    |ap_enable_reg_pp0_iter3                      |   1|   0|    1|          0|
    |ap_loop_exit_ready_pp0_iter1_reg             |   1|   0|    1|          0|
    |ap_loop_exit_ready_pp0_iter2_reg             |   1|   0|    1|          0|
    |ap_loop_exit_ready_pp0_iter3_reg             |   1|   0|    1|          0|
    |loop_index_i90_i_fu_66                       |  11|   0|   11|          0|
    |loop_index_i90_i_load_reg_281                |  11|   0|   11|          0|
    |loop_index_i90_i_load_reg_281_pp0_iter1_reg  |  11|   0|   11|          0|
    |tmp_s_reg_286                                |  11|   0|   13|          2|
    |tmp_s_reg_286                                |  64|  32|   13|          2|
    +---------------------------------------------+----+----+-----+-----------+
    |Total                                        | 116|  32|   67|          4|
    +---------------------------------------------+----+----+-----+-----------+



================================================================
== Interface
================================================================
* Summary: 
+-------------------+-----+-----+------------+------------------------+--------------+
|     RTL Ports     | Dir | Bits|  Protocol  |      Source Object     |    C Type    |
+-------------------+-----+-----+------------+------------------------+--------------+
|ap_clk             |   in|    1|  ap_ctrl_hs|  RANSAC_PnP_Pipeline_66|  return value|
|ap_rst             |   in|    1|  ap_ctrl_hs|  RANSAC_PnP_Pipeline_66|  return value|
|ap_start           |   in|    1|  ap_ctrl_hs|  RANSAC_PnP_Pipeline_66|  return value|
|ap_done            |  out|    1|  ap_ctrl_hs|  RANSAC_PnP_Pipeline_66|  return value|
|ap_idle            |  out|    1|  ap_ctrl_hs|  RANSAC_PnP_Pipeline_66|  return value|
|ap_ready           |  out|    1|  ap_ctrl_hs|  RANSAC_PnP_Pipeline_66|  return value|
|pnp_iter_address0  |  out|   13|   ap_memory|                pnp_iter|         array|
|pnp_iter_ce0       |  out|    1|   ap_memory|                pnp_iter|         array|
|pnp_iter_we0       |  out|   56|   ap_memory|                pnp_iter|         array|
|pnp_iter_d0        |  out|  448|   ap_memory|                pnp_iter|         array|
|tmpArray_address0  |  out|   19|   ap_memory|                tmpArray|         array|
|tmpArray_ce0       |  out|    1|   ap_memory|                tmpArray|         array|
|tmpArray_q0        |   in|    1|   ap_memory|                tmpArray|         array|
+-------------------+-----+-----+------------+------------------------+--------------+

