

================================================================
== Vitis HLS Report for 'RANSAC_PnP_Pipeline_VITIS_LOOP_159_2'
================================================================
* Date:           Sun Feb  5 16:59:30 2023

* Version:        2022.1 (Build 3526262 on Mon Apr 18 15:47:01 MDT 2022)
* Project:        hls_EstimateMotion
* Solution:       solution1 (Vivado IP Flow Target)
* Product family: virtexuplus
* Target device:  xcu50-fsvh2104-2L-e


================================================================
== Performance Estimates
================================================================
+ Timing: 
    * Summary: 
    +--------+----------+-----------+------------+
    |  Clock |  Target  | Estimated | Uncertainty|
    +--------+----------+-----------+------------+
    |ap_clk  |  60.00 ns|  40.386 ns|    16.20 ns|
    +--------+----------+-----------+------------+

+ Latency: 
    * Summary: 
    +---------+---------+----------+----------+-----+-----+---------+
    |  Latency (cycles) |  Latency (absolute) |  Interval | Pipeline|
    |   min   |   max   |    min   |    max   | min | max |   Type  |
    +---------+---------+----------+----------+-----+-----+---------+
    |        7|        ?|  0.420 us|         ?|    7|    ?|       no|
    +---------+---------+----------+----------+-----+-----+---------+

    + Detail: 
        * Instance: 
        N/A

        * Loop: 
        +--------------------+---------+---------+----------+-----------+-----------+-------+----------+
        |                    |  Latency (cycles) | Iteration|  Initiation Interval  |  Trip |          |
        |      Loop Name     |   min   |   max   |  Latency |  achieved |   target  | Count | Pipelined|
        +--------------------+---------+---------+----------+-----------+-----------+-------+----------+
        |- VITIS_LOOP_159_2  |        5|        ?|         5|          5|          1|  1 ~ ?|       yes|
        +--------------------+---------+---------+----------+-----------+-----------+-------+----------+



================================================================
== Utilization Estimates
================================================================
* Summary: 
+---------------------+---------+------+---------+--------+-----+
|         Name        | BRAM_18K|  DSP |    FF   |   LUT  | URAM|
+---------------------+---------+------+---------+--------+-----+
|DSP                  |        -|     -|        -|       -|    -|
|Expression           |        -|     -|        0|    5248|    -|
|FIFO                 |        -|     -|        -|       -|    -|
|Instance             |        -|    11|        0|     814|    -|
|Memory               |        -|     -|        -|       -|    -|
|Multiplexer          |        -|     -|        -|     155|    -|
|Register             |        -|     -|      288|       -|    -|
+---------------------+---------+------+---------+--------+-----+
|Total                |        0|    11|      288|    6217|    0|
+---------------------+---------+------+---------+--------+-----+
|Available SLR        |     1344|  2976|   871680|  435840|  320|
+---------------------+---------+------+---------+--------+-----+
|Utilization SLR (%)  |        0|    ~0|       ~0|       1|    0|
+---------------------+---------+------+---------+--------+-----+
|Available            |     2688|  5952|  1743360|  871680|  640|
+---------------------+---------+------+---------+--------+-----+
|Utilization (%)      |        0|    ~0|       ~0|      ~0|    0|
+---------------------+---------+------+---------+--------+-----+

+ Detail: 
    * Instance: 
    +------------------------------------------+------------------------------------+---------+----+---+-----+-----+
    |                 Instance                 |               Module               | BRAM_18K| DSP| FF| LUT | URAM|
    +------------------------------------------+------------------------------------+---------+----+---+-----+-----+
    |dadddsub_64ns_64ns_64_1_full_dsp_1_U2813  |dadddsub_64ns_64ns_64_1_full_dsp_1  |        0|   3|  0|  708|    0|
    |dcmp_64ns_64ns_1_1_no_dsp_1_U2815         |dcmp_64ns_64ns_1_1_no_dsp_1         |        0|   0|  0|    0|    0|
    |dmul_64ns_64ns_64_1_max_dsp_1_U2814       |dmul_64ns_64ns_64_1_max_dsp_1       |        0|   8|  0|  106|    0|
    +------------------------------------------+------------------------------------+---------+----+---+-----+-----+
    |Total                                     |                                    |        0|  11|  0|  814|    0|
    +------------------------------------------+------------------------------------+---------+----+---+-----+-----+

    * DSP: 
    N/A

    * Memory: 
    N/A

    * FIFO: 
    N/A

    * Expression: 
    +------------------------+----------+----+---+-----+------------+------------+
    |      Variable Name     | Operation| DSP| FF| LUT | Bitwidth P0| Bitwidth P1|
    +------------------------+----------+----+---+-----+------------+------------+
    |add_ln159_fu_176_p2     |         +|   0|  0|   38|          31|           1|
    |add_ln161_1_fu_219_p2   |         +|   0|  0|   23|          16|          15|
    |add_ln161_2_fu_264_p2   |         +|   0|  0|   23|          16|          15|
    |add_ln161_3_fu_270_p2   |         +|   0|  0|   12|           5|           5|
    |add_ln161_fu_198_p2     |         +|   0|  0|   23|          16|          14|
    |add_ln162_1_fu_446_p2   |         +|   0|  0|   12|           5|           5|
    |add_ln162_2_fu_376_p2   |         +|   0|  0|   23|          16|          15|
    |add_ln162_fu_356_p2     |         +|   0|  0|   23|          16|          14|
    |and_ln161_fu_432_p2     |       and|   0|  0|    2|           1|           1|
    |and_ln162_fu_529_p2     |       and|   0|  0|    2|           1|           1|
    |icmp_ln159_fu_170_p2    |      icmp|   0|  0|   19|          31|          31|
    |icmp_ln161_1_fu_420_p2  |      icmp|   0|  0|   24|          52|           1|
    |icmp_ln161_fu_414_p2    |      icmp|   0|  0|   11|          11|           2|
    |icmp_ln162_1_fu_517_p2  |      icmp|   0|  0|   24|          52|           1|
    |icmp_ln162_fu_511_p2    |      icmp|   0|  0|   11|          11|           2|
    |lshr_ln161_1_fu_341_p2  |      lshr|   0|  0|  950|         256|         256|
    |lshr_ln161_fu_326_p2    |      lshr|   0|  0|  950|         256|         256|
    |lshr_ln162_1_fu_478_p2  |      lshr|   0|  0|  950|         256|         256|
    |lshr_ln162_fu_463_p2    |      lshr|   0|  0|  950|         256|         256|
    |or_ln161_fu_426_p2      |        or|   0|  0|    2|           1|           1|
    |or_ln162_fu_523_p2      |        or|   0|  0|    2|           1|           1|
    |select_ln161_fu_438_p3  |    select|   0|  0|   63|           1|           1|
    |select_ln162_fu_535_p3  |    select|   0|  0|   63|           1|           1|
    |em_d0                   |       shl|   0|  0|  950|         256|         256|
    |shl_ln161_fu_280_p2     |       shl|   0|  0|   92|           8|          32|
    |xor_ln161_fu_308_p2     |       xor|   0|  0|    6|           5|           6|
    +------------------------+----------+----+---+-----+------------+------------+
    |Total                   |          |   0|  0| 5248|        1577|        1445|
    +------------------------+----------+----+---+-----+------------+------------+

    * Multiplexer: 
    +--------------------+----+-----------+-----+-----------+
    |        Name        | LUT| Input Size| Bits| Total Bits|
    +--------------------+----+-----------+-----+-----------+
    |ap_NS_fsm           |  31|          6|    1|          6|
    |ap_done_int         |   9|          2|    1|          2|
    |ap_sig_allocacmp_i  |   9|          2|   31|         62|
    |em_address0         |  20|          4|   11|         44|
    |em_address1         |  14|          3|   11|         33|
    |em_we0              |   9|          2|   32|         64|
    |grp_fu_142_opcode   |  14|          3|    2|          6|
    |grp_fu_142_p0       |  20|          4|   64|        256|
    |grp_fu_142_p1       |  20|          4|   64|        256|
    |i_209_fu_84         |   9|          2|   31|         62|
    +--------------------+----+-----------+-----+-----------+
    |Total               | 155|         32|  248|        791|
    +--------------------+----+-----------+-----+-----------+

    * Register: 
    +-----------------------+----+----+-----+-----------+
    |          Name         | FF | LUT| Bits| Const Bits|
    +-----------------------+----+----+-----+-----------+
    |add_ln161_3_reg_604    |   2|   0|    5|          3|
    |ap_CS_fsm              |   5|   0|    5|          0|
    |ap_done_reg            |   1|   0|    1|          0|
    |i_209_fu_84            |  31|   0|   31|          0|
    |lshr_ln161_4_reg_614   |  11|   0|   11|          0|
    |reg_155                |  64|   0|   64|          0|
    |select_ln161_reg_634   |  64|   0|   64|          0|
    |select_ln162_reg_639   |  64|   0|   64|          0|
    |shl_ln161_reg_609      |  32|   0|   32|          0|
    |shl_ln_reg_583         |  12|   0|   16|          4|
    |trunc_ln161_2_reg_619  |   1|   0|    5|          4|
    |trunc_ln161_4_reg_589  |   1|   0|    1|          0|
    +-----------------------+----+----+-----+-----------+
    |Total                  | 288|   0|  299|         11|
    +-----------------------+----+----+-----+-----------+



================================================================
== Interface
================================================================
* Summary: 
+-------------+-----+-----+------------+--------------------------------------+--------------+
|  RTL Ports  | Dir | Bits|  Protocol  |             Source Object            |    C Type    |
+-------------+-----+-----+------------+--------------------------------------+--------------+
|ap_clk       |   in|    1|  ap_ctrl_hs|  RANSAC_PnP_Pipeline_VITIS_LOOP_159_2|  return value|
|ap_rst       |   in|    1|  ap_ctrl_hs|  RANSAC_PnP_Pipeline_VITIS_LOOP_159_2|  return value|
|ap_start     |   in|    1|  ap_ctrl_hs|  RANSAC_PnP_Pipeline_VITIS_LOOP_159_2|  return value|
|ap_done      |  out|    1|  ap_ctrl_hs|  RANSAC_PnP_Pipeline_VITIS_LOOP_159_2|  return value|
|ap_idle      |  out|    1|  ap_ctrl_hs|  RANSAC_PnP_Pipeline_VITIS_LOOP_159_2|  return value|
|ap_ready     |  out|    1|  ap_ctrl_hs|  RANSAC_PnP_Pipeline_VITIS_LOOP_159_2|  return value|
|count        |   in|   31|     ap_none|                                 count|        scalar|
|em_address0  |  out|   11|   ap_memory|                                    em|         array|
|em_ce0       |  out|    1|   ap_memory|                                    em|         array|
|em_we0       |  out|   32|   ap_memory|                                    em|         array|
|em_d0        |  out|  256|   ap_memory|                                    em|         array|
|em_q0        |   in|  256|   ap_memory|                                    em|         array|
|em_address1  |  out|   11|   ap_memory|                                    em|         array|
|em_ce1       |  out|    1|   ap_memory|                                    em|         array|
|em_q1        |   in|  256|   ap_memory|                                    em|         array|
+-------------+-----+-----+------------+--------------------------------------+--------------+

