

================================================================
== Vitis HLS Report for 'RANSAC_PnP_Pipeline_68'
================================================================
* Date:           Sun Feb  5 17:00:03 2023

* Version:        2022.1 (Build 3526262 on Mon Apr 18 15:47:01 MDT 2022)
* Project:        hls_EstimateMotion
* Solution:       solution1 (Vivado IP Flow Target)
* Product family: virtexuplus
* Target device:  xcu50-fsvh2104-2L-e


================================================================
== Performance Estimates
================================================================
+ Timing: 
    * Summary: 
    +--------+----------+----------+------------+
    |  Clock |  Target  | Estimated| Uncertainty|
    +--------+----------+----------+------------+
    |ap_clk  |  60.00 ns|  5.287 ns|    16.20 ns|
    +--------+----------+----------+------------+

+ Latency: 
    * Summary: 
    +---------+---------+----------+----------+------+------+---------+
    |  Latency (cycles) |  Latency (absolute) |   Interval  | Pipeline|
    |   min   |   max   |    min   |    max   |  min |  max |   Type  |
    +---------+---------+----------+----------+------+------+---------+
    |     6005|     6005|  0.360 ms|  0.360 ms|  6005|  6005|       no|
    +---------+---------+----------+----------+------+------+---------+

    + Detail: 
        * Instance: 
        N/A

        * Loop: 
        +----------+---------+---------+----------+-----------+-----------+------+----------+
        |          |  Latency (cycles) | Iteration|  Initiation Interval  | Trip |          |
        | Loop Name|   min   |   max   |  Latency |  achieved |   target  | Count| Pipelined|
        +----------+---------+---------+----------+-----------+-----------+------+----------+
        |- Loop 1  |     6003|     6003|         4|          1|          1|  6000|       yes|
        +----------+---------+---------+----------+-----------+-----------+------+----------+



================================================================
== Utilization Estimates
================================================================
* Summary: 
+---------------------+---------+------+---------+--------+-----+
|         Name        | BRAM_18K|  DSP |    FF   |   LUT  | URAM|
+---------------------+---------+------+---------+--------+-----+
|DSP                  |        -|     1|        -|       -|    -|
|Expression           |        -|     -|        0|     279|    -|
|FIFO                 |        -|     -|        -|       -|    -|
|Instance             |        -|     -|        -|       -|    -|
|Memory               |        -|     -|        -|       -|    -|
|Multiplexer          |        -|     -|        -|      45|    -|
|Register             |        -|     -|       98|      32|    -|
+---------------------+---------+------+---------+--------+-----+
|Total                |        0|     1|       98|     356|    0|
+---------------------+---------+------+---------+--------+-----+
|Available SLR        |     1344|  2976|   871680|  435840|  320|
+---------------------+---------+------+---------+--------+-----+
|Utilization SLR (%)  |        0|    ~0|       ~0|      ~0|    0|
+---------------------+---------+------+---------+--------+-----+
|Available            |     2688|  5952|  1743360|  871680|  640|
+---------------------+---------+------+---------+--------+-----+
|Utilization (%)      |        0|    ~0|       ~0|      ~0|    0|
+---------------------+---------+------+---------+--------+-----+

+ Detail: 
    * Instance: 
    N/A

    * DSP: 
    +--------------------------------+--------------------------+-----------+
    |            Instance            |          Module          | Expression|
    +--------------------------------+--------------------------+-----------+
    |mul_mul_18ns_19ns_37_4_1_U2937  |mul_mul_18ns_19ns_37_4_1  |    i0 * i1|
    +--------------------------------+--------------------------+-----------+

    * Memory: 
    N/A

    * FIFO: 
    N/A

    * Expression: 
    +-----------------------+----------+----+---+-----+------------+------------+
    |     Variable Name     | Operation| DSP| FF| LUT | Bitwidth P0| Bitwidth P1|
    +-----------------------+----------+----+---+-----+------------+------------+
    |empty_4568_fu_194_p2   |         +|   0|  0|   16|          16|          16|
    |empty_4570_fu_110_p2   |         +|   0|  0|   20|          13|           1|
    |empty_fu_100_p2        |         +|   0|  0|   25|          18|          18|
    |tmp120_fu_188_p2       |         +|   0|  0|   16|          16|          15|
    |empty_4567_fu_182_p2   |         -|   0|  0|   23|          16|          16|
    |exitcond408_fu_116_p2  |      icmp|   0|  0|   12|          13|          13|
    |empty_4569_fu_204_p2   |       shl|   0|  0|  165|           4|          56|
    |ap_enable_pp0          |       xor|   0|  0|    2|           1|           2|
    +-----------------------+----------+----+---+-----+------------+------------+
    |Total                  |          |   0|  0|  279|          97|         137|
    +-----------------------+----------+----+---+-----+------------+------------+

    * Multiplexer: 
    +----------------------------------------+----+-----------+-----+-----------+
    |                  Name                  | LUT| Input Size| Bits| Total Bits|
    +----------------------------------------+----+-----------+-----+-----------+
    |ap_done_int                             |   9|          2|    1|          2|
    |ap_loop_exit_ready_pp0_iter3_reg        |   9|          2|    1|          2|
    |ap_sig_allocacmp_loop_index_i99_i_load  |   9|          2|   13|         26|
    |loop_index_i99_i_fu_64                  |   9|          2|   13|         26|
    |pnp_iter_we0                            |   9|          2|   56|        112|
    +----------------------------------------+----+-----------+-----+-----------+
    |Total                                   |  45|         10|   84|        168|
    +----------------------------------------+----+-----------+-----+-----------+

    * Register: 
    +----------------------------------+----+----+-----+-----------+
    |               Name               | FF | LUT| Bits| Const Bits|
    +----------------------------------+----+----+-----+-----------+
    |ap_CS_fsm                         |   1|   0|    1|          0|
    |ap_done_reg                       |   1|   0|    1|          0|
    |ap_enable_reg_pp0_iter1           |   1|   0|    1|          0|
    |ap_enable_reg_pp0_iter2           |   1|   0|    1|          0|
    |ap_enable_reg_pp0_iter3           |   1|   0|    1|          0|
    |ap_loop_exit_ready_pp0_iter1_reg  |   1|   0|    1|          0|
    |ap_loop_exit_ready_pp0_iter2_reg  |   1|   0|    1|          0|
    |ap_loop_exit_ready_pp0_iter3_reg  |   1|   0|    1|          0|
    |loop_index_i99_i_fu_64            |  13|   0|   13|          0|
    |tmp_s_reg_227                     |  13|   0|   15|          2|
    |tmp_s_reg_227                     |  64|  32|   15|          2|
    +----------------------------------+----+----+-----+-----------+
    |Total                             |  98|  32|   51|          4|
    +----------------------------------+----+----+-----+-----------+



================================================================
== Interface
================================================================
* Summary: 
+-------------------+-----+-----+------------+------------------------+--------------+
|     RTL Ports     | Dir | Bits|  Protocol  |      Source Object     |    C Type    |
+-------------------+-----+-----+------------+------------------------+--------------+
|ap_clk             |   in|    1|  ap_ctrl_hs|  RANSAC_PnP_Pipeline_68|  return value|
|ap_rst             |   in|    1|  ap_ctrl_hs|  RANSAC_PnP_Pipeline_68|  return value|
|ap_start           |   in|    1|  ap_ctrl_hs|  RANSAC_PnP_Pipeline_68|  return value|
|ap_done            |  out|    1|  ap_ctrl_hs|  RANSAC_PnP_Pipeline_68|  return value|
|ap_idle            |  out|    1|  ap_ctrl_hs|  RANSAC_PnP_Pipeline_68|  return value|
|ap_ready           |  out|    1|  ap_ctrl_hs|  RANSAC_PnP_Pipeline_68|  return value|
|pnp_iter_address0  |  out|   13|   ap_memory|                pnp_iter|         array|
|pnp_iter_ce0       |  out|    1|   ap_memory|                pnp_iter|         array|
|pnp_iter_we0       |  out|   56|   ap_memory|                pnp_iter|         array|
|pnp_iter_d0        |  out|  448|   ap_memory|                pnp_iter|         array|
+-------------------+-----+-----+------------+------------------------+--------------+

