

================================================================
== Vitis HLS Report for 'RANSAC_PnP_Pipeline_22'
================================================================
* Date:           Sun Feb  5 16:52:28 2023

* Version:        2022.1 (Build 3526262 on Mon Apr 18 15:47:01 MDT 2022)
* Project:        hls_EstimateMotion
* Solution:       solution1 (Vivado IP Flow Target)
* Product family: virtexuplus
* Target device:  xcu50-fsvh2104-2L-e


================================================================
== Performance Estimates
================================================================
+ Timing: 
    * Summary: 
    +--------+----------+----------+------------+
    |  Clock |  Target  | Estimated| Uncertainty|
    +--------+----------+----------+------------+
    |ap_clk  |  60.00 ns|  3.805 ns|    16.20 ns|
    +--------+----------+----------+------------+

+ Latency: 
    * Summary: 
    +---------+---------+----------+----------+-----+-----+---------+
    |  Latency (cycles) |  Latency (absolute) |  Interval | Pipeline|
    |   min   |   max   |    min   |    max   | min | max |   Type  |
    +---------+---------+----------+----------+-----+-----+---------+
    |      104|      104|  6.240 us|  6.240 us|  104|  104|       no|
    +---------+---------+----------+----------+-----+-----+---------+

    + Detail: 
        * Instance: 
        N/A

        * Loop: 
        +----------+---------+---------+----------+-----------+-----------+------+----------+
        |          |  Latency (cycles) | Iteration|  Initiation Interval  | Trip |          |
        | Loop Name|   min   |   max   |  Latency |  achieved |   target  | Count| Pipelined|
        +----------+---------+---------+----------+-----------+-----------+------+----------+
        |- Loop 1  |      102|      102|        23|         20|          1|     4|       yes|
        +----------+---------+---------+----------+-----------+-----------+------+----------+



================================================================
== Utilization Estimates
================================================================
* Summary: 
+---------------------+---------+------+---------+--------+-----+
|         Name        | BRAM_18K|  DSP |    FF   |   LUT  | URAM|
+---------------------+---------+------+---------+--------+-----+
|DSP                  |        -|    20|        -|       -|    -|
|Expression           |        -|     -|        0|    8593|    -|
|FIFO                 |        -|     -|        -|       -|    -|
|Instance             |        -|     -|        -|       -|    -|
|Memory               |        -|     -|        -|       -|    -|
|Multiplexer          |        -|     -|        -|     380|    -|
|Register             |        -|     -|       44|       -|    -|
+---------------------+---------+------+---------+--------+-----+
|Total                |        0|    20|       44|    8973|    0|
+---------------------+---------+------+---------+--------+-----+
|Available SLR        |     1344|  2976|   871680|  435840|  320|
+---------------------+---------+------+---------+--------+-----+
|Utilization SLR (%)  |        0|    ~0|       ~0|       2|    0|
+---------------------+---------+------+---------+--------+-----+
|Available            |     2688|  5952|  1743360|  871680|  640|
+---------------------+---------+------+---------+--------+-----+
|Utilization (%)      |        0|    ~0|       ~0|       1|    0|
+---------------------+---------+------+---------+--------+-----+

+ Detail: 
    * Instance: 
    N/A

    * DSP: 
    +-------------------------------+--------------------------+-----------+
    |            Instance           |          Module          | Expression|
    +-------------------------------+--------------------------+-----------+
    |mul_mul_13ns_14ns_27_4_1_U201  |mul_mul_13ns_14ns_27_4_1  |    i0 * i1|
    |mul_mul_13ns_14ns_27_4_1_U202  |mul_mul_13ns_14ns_27_4_1  |    i0 * i1|
    |mul_mul_13ns_14ns_27_4_1_U203  |mul_mul_13ns_14ns_27_4_1  |    i0 * i1|
    |mul_mul_13ns_14ns_27_4_1_U204  |mul_mul_13ns_14ns_27_4_1  |    i0 * i1|
    |mul_mul_13ns_14ns_27_4_1_U205  |mul_mul_13ns_14ns_27_4_1  |    i0 * i1|
    |mul_mul_13ns_14ns_27_4_1_U206  |mul_mul_13ns_14ns_27_4_1  |    i0 * i1|
    |mul_mul_13ns_14ns_27_4_1_U207  |mul_mul_13ns_14ns_27_4_1  |    i0 * i1|
    |mul_mul_13ns_14ns_27_4_1_U208  |mul_mul_13ns_14ns_27_4_1  |    i0 * i1|
    |mul_mul_13ns_14ns_27_4_1_U209  |mul_mul_13ns_14ns_27_4_1  |    i0 * i1|
    |mul_mul_13ns_14ns_27_4_1_U210  |mul_mul_13ns_14ns_27_4_1  |    i0 * i1|
    |mul_mul_13ns_14ns_27_4_1_U211  |mul_mul_13ns_14ns_27_4_1  |    i0 * i1|
    |mul_mul_13ns_14ns_27_4_1_U212  |mul_mul_13ns_14ns_27_4_1  |    i0 * i1|
    |mul_mul_13ns_14ns_27_4_1_U213  |mul_mul_13ns_14ns_27_4_1  |    i0 * i1|
    |mul_mul_13ns_14ns_27_4_1_U214  |mul_mul_13ns_14ns_27_4_1  |    i0 * i1|
    |mul_mul_13ns_14ns_27_4_1_U215  |mul_mul_13ns_14ns_27_4_1  |    i0 * i1|
    |mul_mul_13ns_14ns_27_4_1_U216  |mul_mul_13ns_14ns_27_4_1  |    i0 * i1|
    |mul_mul_13ns_14ns_27_4_1_U217  |mul_mul_13ns_14ns_27_4_1  |    i0 * i1|
    |mul_mul_13ns_14ns_27_4_1_U218  |mul_mul_13ns_14ns_27_4_1  |    i0 * i1|
    |mul_mul_13ns_14ns_27_4_1_U219  |mul_mul_13ns_14ns_27_4_1  |    i0 * i1|
    |mul_mul_13ns_14ns_27_4_1_U220  |mul_mul_13ns_14ns_27_4_1  |    i0 * i1|
    +-------------------------------+--------------------------+-----------+

    * Memory: 
    N/A

    * FIFO: 
    N/A

    * Expression: 
    +-----------------------+----------+----+---+------+------------+------------+
    |     Variable Name     | Operation| DSP| FF|  LUT | Bitwidth P0| Bitwidth P1|
    +-----------------------+----------+----+---+------+------------+------------+
    |add_ln3_fu_341_p2      |         +|   0|  0|     9|           2|           1|
    |add_ln89_1_fu_390_p2   |         +|   0|  0|    16|           9|           7|
    |add_ln89_2_fu_494_p2   |         +|   0|  0|    18|          10|          10|
    |add_ln89_3_fu_500_p2   |         +|   0|  0|    18|           9|           7|
    |add_ln89_4_fu_510_p2   |         +|   0|  0|    17|          10|          10|
    |add_ln89_fu_327_p2     |         +|   0|  0|    19|          12|          12|
    |add_ln90_1_fu_563_p2   |         +|   0|  0|    16|           9|           7|
    |add_ln90_2_fu_666_p2   |         +|   0|  0|    18|          10|          10|
    |add_ln90_3_fu_672_p2   |         +|   0|  0|    18|           9|           7|
    |add_ln90_4_fu_682_p2   |         +|   0|  0|    17|          10|          10|
    |add_ln90_fu_358_p2     |         +|   0|  0|    19|          12|          12|
    |empty_4835_fu_371_p2   |         +|   0|  0|    19|          12|          12|
    |empty_4837_fu_794_p2   |         +|   0|  0|    18|          10|          10|
    |empty_4839_fu_550_p2   |         +|   0|  0|    19|          12|          12|
    |empty_4841_fu_883_p2   |         +|   0|  0|    18|          10|          10|
    |empty_4843_fu_721_p2   |         +|   0|  0|    19|          12|          12|
    |empty_4845_fu_976_p2   |         +|   0|  0|    17|          10|          10|
    |empty_4847_fu_810_p2   |         +|   0|  0|    19|          12|          12|
    |empty_4849_fu_1069_p2  |         +|   0|  0|    17|          10|          10|
    |empty_4851_fu_899_p2   |         +|   0|  0|    19|          12|          12|
    |empty_4853_fu_1162_p2  |         +|   0|  0|    17|          10|          10|
    |empty_4855_fu_992_p2   |         +|   0|  0|    19|          12|          12|
    |empty_4857_fu_1255_p2  |         +|   0|  0|    17|          10|          10|
    |empty_4859_fu_1085_p2  |         +|   0|  0|    19|          12|          12|
    |empty_4861_fu_1348_p2  |         +|   0|  0|    17|          10|          10|
    |empty_4863_fu_1178_p2  |         +|   0|  0|    19|          12|          12|
    |empty_4865_fu_1441_p2  |         +|   0|  0|    17|          10|          10|
    |empty_4867_fu_1271_p2  |         +|   0|  0|    19|          12|          12|
    |empty_4869_fu_1534_p2  |         +|   0|  0|    17|          10|          10|
    |empty_4871_fu_1364_p2  |         +|   0|  0|    19|          12|          12|
    |empty_4873_fu_1627_p2  |         +|   0|  0|    17|          10|          10|
    |empty_4875_fu_1457_p2  |         +|   0|  0|    19|          12|          12|
    |empty_4877_fu_1720_p2  |         +|   0|  0|    17|          10|          10|
    |empty_4879_fu_1550_p2  |         +|   0|  0|    19|          12|          12|
    |empty_4881_fu_1813_p2  |         +|   0|  0|    17|          10|          10|
    |empty_4883_fu_1643_p2  |         +|   0|  0|    19|          12|          12|
    |empty_4885_fu_1902_p2  |         +|   0|  0|    18|          10|          10|
    |empty_4887_fu_1736_p2  |         +|   0|  0|    19|          12|          12|
    |empty_4889_fu_1991_p2  |         +|   0|  0|    18|          10|          10|
    |empty_4891_fu_1829_p2  |         +|   0|  0|    19|          12|          12|
    |empty_4893_fu_2080_p2  |         +|   0|  0|    18|          10|          10|
    |empty_4895_fu_1918_p2  |         +|   0|  0|    19|          12|          12|
    |empty_4897_fu_2169_p2  |         +|   0|  0|    18|          10|          10|
    |empty_4899_fu_2007_p2  |         +|   0|  0|    19|          12|          12|
    |empty_4901_fu_2249_p2  |         +|   0|  0|    17|          10|          10|
    |empty_4903_fu_2096_p2  |         +|   0|  0|    19|          12|          12|
    |empty_4905_fu_2329_p2  |         +|   0|  0|    17|          10|          10|
    |tmp60_fu_788_p2        |         +|   0|  0|    18|          10|           8|
    |tmp61_fu_877_p2        |         +|   0|  0|    18|          10|           8|
    |tmp62_cast_fu_966_p2   |         +|   0|  0|    18|           9|           8|
    |tmp63_cast_fu_1059_p2  |         +|   0|  0|    18|           9|           8|
    |tmp64_cast_fu_1152_p2  |         +|   0|  0|    18|           9|           8|
    |tmp65_cast_fu_1245_p2  |         +|   0|  0|    18|           9|           8|
    |tmp66_cast_fu_1338_p2  |         +|   0|  0|    18|           9|           8|
    |tmp67_cast_fu_1431_p2  |         +|   0|  0|    18|           9|           8|
    |tmp68_cast_fu_1524_p2  |         +|   0|  0|    18|           9|           8|
    |tmp69_cast_fu_1617_p2  |         +|   0|  0|    18|           9|           8|
    |tmp70_cast_fu_1710_p2  |         +|   0|  0|    18|           9|           8|
    |tmp71_cast_fu_1803_p2  |         +|   0|  0|    18|           9|           8|
    |tmp72_fu_1896_p2       |         +|   0|  0|    18|          10|           8|
    |tmp73_fu_1985_p2       |         +|   0|  0|    18|          10|           8|
    |tmp74_fu_2074_p2       |         +|   0|  0|    18|          10|           8|
    |tmp75_fu_2163_p2       |         +|   0|  0|    18|          10|           7|
    |tmp76_cast_fu_2239_p2  |         +|   0|  0|    18|           9|           7|
    |tmp77_cast_fu_2319_p2  |         +|   0|  0|    18|           9|           7|
    |empty_4836_fu_782_p2   |         -|   0|  0|    17|          10|          10|
    |empty_4840_fu_871_p2   |         -|   0|  0|    17|          10|          10|
    |empty_4844_fu_960_p2   |         -|   0|  0|    18|           9|           9|
    |empty_4848_fu_1053_p2  |         -|   0|  0|    18|           9|           9|
    |empty_4852_fu_1146_p2  |         -|   0|  0|    18|           9|           9|
    |empty_4856_fu_1239_p2  |         -|   0|  0|    18|           9|           9|
    |empty_4860_fu_1332_p2  |         -|   0|  0|    18|           9|           9|
    |empty_4864_fu_1425_p2  |         -|   0|  0|    18|           9|           9|
    |empty_4868_fu_1518_p2  |         -|   0|  0|    18|           9|           9|
    |empty_4872_fu_1611_p2  |         -|   0|  0|    18|           9|           9|
    |empty_4876_fu_1704_p2  |         -|   0|  0|    18|           9|           9|
    |empty_4880_fu_1797_p2  |         -|   0|  0|    18|           9|           9|
    |empty_4884_fu_1890_p2  |         -|   0|  0|    17|          10|          10|
    |empty_4888_fu_1979_p2  |         -|   0|  0|    17|          10|          10|
    |empty_4892_fu_2068_p2  |         -|   0|  0|    17|          10|          10|
    |empty_4896_fu_2157_p2  |         -|   0|  0|    17|          10|          10|
    |empty_4900_fu_2233_p2  |         -|   0|  0|    18|           9|           9|
    |empty_4904_fu_2313_p2  |         -|   0|  0|    18|           9|           9|
    |sub_ln89_1_fu_488_p2   |         -|   0|  0|    18|           9|           9|
    |sub_ln89_fu_482_p2     |         -|   0|  0|    18|          10|          10|
    |sub_ln90_1_fu_660_p2   |         -|   0|  0|    18|           9|           9|
    |sub_ln90_fu_654_p2     |         -|   0|  0|    18|          10|          10|
    |icmp_ln3_fu_347_p2     |      icmp|   0|  0|     8|           2|           2|
    |empty_4838_fu_803_p2   |       shl|   0|  0|   165|           4|          56|
    |empty_4842_fu_892_p2   |       shl|   0|  0|   165|           4|          56|
    |empty_4846_fu_985_p2   |       shl|   0|  0|   165|           4|          56|
    |empty_4850_fu_1078_p2  |       shl|   0|  0|   165|           4|          56|
    |empty_4854_fu_1171_p2  |       shl|   0|  0|   165|           4|          56|
    |empty_4858_fu_1264_p2  |       shl|   0|  0|   165|           4|          56|
    |empty_4862_fu_1357_p2  |       shl|   0|  0|   165|           4|          56|
    |empty_4866_fu_1450_p2  |       shl|   0|  0|   165|           4|          56|
    |empty_4870_fu_1543_p2  |       shl|   0|  0|   165|           4|          56|
    |empty_4874_fu_1636_p2  |       shl|   0|  0|   165|           4|          56|
    |empty_4878_fu_1729_p2  |       shl|   0|  0|   165|           4|          56|
    |empty_4882_fu_1822_p2  |       shl|   0|  0|   165|           4|          56|
    |empty_4886_fu_1911_p2  |       shl|   0|  0|   165|           4|          56|
    |empty_4890_fu_2000_p2  |       shl|   0|  0|   165|           4|          56|
    |empty_4894_fu_2089_p2  |       shl|   0|  0|   165|           4|          56|
    |empty_4898_fu_2178_p2  |       shl|   0|  0|   165|           4|          56|
    |empty_4902_fu_2258_p2  |       shl|   0|  0|   165|           4|          56|
    |empty_4906_fu_2338_p2  |       shl|   0|  0|   165|           4|          56|
    |shl_ln89_1_fu_543_p2   |       shl|   0|  0|  1865|           2|         448|
    |shl_ln89_fu_520_p2     |       shl|   0|  0|   165|           4|          56|
    |shl_ln90_1_fu_714_p2   |       shl|   0|  0|  1865|           2|         448|
    |shl_ln90_fu_691_p2     |       shl|   0|  0|   165|           4|          56|
    |ap_enable_pp0          |       xor|   0|  0|     2|           1|           2|
    +-----------------------+----------+----+---+------+------------+------------+
    |Total                  |          |   0|  0|  8593|         959|        2856|
    +-----------------------+----------+----+---+------+------------+------------+

    * Multiplexer: 
    +-----------------------------------+-----+-----------+-----+-----------+
    |                Name               | LUT | Input Size| Bits| Total Bits|
    +-----------------------------------+-----+-----------+-----+-----------+
    |ap_NS_fsm                          |  102|         21|    1|         21|
    |ap_done_int                        |    9|          2|    1|          2|
    |ap_enable_reg_pp0_iter0            |    9|          2|    1|          2|
    |ap_enable_reg_pp0_iter1            |    9|          2|    1|          2|
    |ap_loop_exit_ready_pp0_iter1_reg   |    9|          2|    1|          2|
    |ap_sig_allocacmp_indvars_iv3_load  |    9|          2|    2|          4|
    |epnp_address0                      |  102|         21|    8|        168|
    |epnp_d0                            |   20|          4|  448|       1792|
    |epnp_we0                           |  102|         21|   56|       1176|
    |indvars_iv3_fu_156                 |    9|          2|    2|          4|
    +-----------------------------------+-----+-----------+-----+-----------+
    |Total                              |  380|         79|  521|       3173|
    +-----------------------------------+-----+-----------+-----+-----------+

    * Register: 
    +----------------------------------+----+----+-----+-----------+
    |               Name               | FF | LUT| Bits| Const Bits|
    +----------------------------------+----+----+-----+-----------+
    |add_ln3_2_reg_2536                |   4|   0|    8|          4|
    |ap_CS_fsm                         |  20|   0|   20|          0|
    |ap_done_reg                       |   1|   0|    1|          0|
    |ap_enable_reg_pp0_iter0_reg       |   1|   0|    1|          0|
    |ap_enable_reg_pp0_iter1           |   1|   0|    1|          0|
    |ap_loop_exit_ready_pp0_iter1_reg  |   1|   0|    1|          0|
    |icmp_ln3_reg_2570                 |   1|   0|    1|          0|
    |icmp_ln3_reg_2570_pp0_iter1_reg   |   1|   0|    1|          0|
    |indvars_iv3_fu_156                |   2|   0|    2|          0|
    |zext_ln89_1_reg_2584              |   4|   0|   10|          6|
    |zext_ln89_2_reg_2607              |   4|   0|    9|          5|
    |zext_ln89_reg_2542                |   4|   0|   12|          8|
    +----------------------------------+----+----+-----+-----------+
    |Total                             |  44|   0|   67|         23|
    +----------------------------------+----+----+-----+-----------+



================================================================
== Interface
================================================================
* Summary: 
+---------------+-----+-----+------------+------------------------+--------------+
|   RTL Ports   | Dir | Bits|  Protocol  |      Source Object     |    C Type    |
+---------------+-----+-----+------------+------------------------+--------------+
|ap_clk         |   in|    1|  ap_ctrl_hs|  RANSAC_PnP_Pipeline_22|  return value|
|ap_rst         |   in|    1|  ap_ctrl_hs|  RANSAC_PnP_Pipeline_22|  return value|
|ap_start       |   in|    1|  ap_ctrl_hs|  RANSAC_PnP_Pipeline_22|  return value|
|ap_done        |  out|    1|  ap_ctrl_hs|  RANSAC_PnP_Pipeline_22|  return value|
|ap_idle        |  out|    1|  ap_ctrl_hs|  RANSAC_PnP_Pipeline_22|  return value|
|ap_ready       |  out|    1|  ap_ctrl_hs|  RANSAC_PnP_Pipeline_22|  return value|
|epnp_address0  |  out|    8|   ap_memory|                    epnp|         array|
|epnp_ce0       |  out|    1|   ap_memory|                    epnp|         array|
|epnp_we0       |  out|   56|   ap_memory|                    epnp|         array|
|epnp_d0        |  out|  448|   ap_memory|                    epnp|         array|
+---------------+-----+-----+------------+------------------------+--------------+

