

================================================================
== Vitis HLS Report for 'Rodrigues_5_Pipeline_VITIS_LOOP_163_2'
================================================================
* Date:           Sun Feb  5 17:05:17 2023

* Version:        2022.1 (Build 3526262 on Mon Apr 18 15:47:01 MDT 2022)
* Project:        hls_EstimateMotion
* Solution:       solution1 (Vivado IP Flow Target)
* Product family: virtexuplus
* Target device:  xcu50-fsvh2104-2L-e


================================================================
== Performance Estimates
================================================================
+ Timing: 
    * Summary: 
    +--------+----------+----------+------------+
    |  Clock |  Target  | Estimated| Uncertainty|
    +--------+----------+----------+------------+
    |ap_clk  |  60.00 ns|  3.668 ns|    16.20 ns|
    +--------+----------+----------+------------+

+ Latency: 
    * Summary: 
    +---------+---------+----------+----------+-----+-----+---------+
    |  Latency (cycles) |  Latency (absolute) |  Interval | Pipeline|
    |   min   |   max   |    min   |    max   | min | max |   Type  |
    +---------+---------+----------+----------+-----+-----+---------+
    |        ?|        ?|         ?|         ?|    ?|    ?|       no|
    +---------+---------+----------+----------+-----+-----+---------+

    + Detail: 
        * Instance: 
        N/A

        * Loop: 
        +--------------------+---------+---------+----------+-----------+-----------+------+----------+
        |                    |  Latency (cycles) | Iteration|  Initiation Interval  | Trip |          |
        |      Loop Name     |   min   |   max   |  Latency |  achieved |   target  | Count| Pipelined|
        +--------------------+---------+---------+----------+-----------+-----------+------+----------+
        |- VITIS_LOOP_163_2  |        ?|        ?|         1|          1|          1|     ?|       yes|
        +--------------------+---------+---------+----------+-----------+-----------+------+----------+



================================================================
== Utilization Estimates
================================================================
* Summary: 
+---------------------+---------+------+---------+--------+-----+
|         Name        | BRAM_18K|  DSP |    FF   |   LUT  | URAM|
+---------------------+---------+------+---------+--------+-----+
|DSP                  |        -|     -|        -|       -|    -|
|Expression           |        -|     -|        0|    1489|    -|
|FIFO                 |        -|     -|        -|       -|    -|
|Instance             |        -|     -|        0|      14|    -|
|Memory               |        -|     -|        -|       -|    -|
|Multiplexer          |        -|     -|        -|      36|    -|
|Register             |        -|     -|      326|       -|    -|
+---------------------+---------+------+---------+--------+-----+
|Total                |        0|     0|      326|    1539|    0|
+---------------------+---------+------+---------+--------+-----+
|Available SLR        |     1344|  2976|   871680|  435840|  320|
+---------------------+---------+------+---------+--------+-----+
|Utilization SLR (%)  |        0|     0|       ~0|      ~0|    0|
+---------------------+---------+------+---------+--------+-----+
|Available            |     2688|  5952|  1743360|  871680|  640|
+---------------------+---------+------+---------+--------+-----+
|Utilization (%)      |        0|     0|       ~0|      ~0|    0|
+---------------------+---------+------+---------+--------+-----+

+ Detail: 
    * Instance: 
    +---------------------+---------------+---------+----+---+----+-----+
    |       Instance      |     Module    | BRAM_18K| DSP| FF| LUT| URAM|
    +---------------------+---------------+---------+----+---+----+-----+
    |mux_32_64_1_1_U4486  |mux_32_64_1_1  |        0|   0|  0|  14|    0|
    +---------------------+---------------+---------+----+---+----+-----+
    |Total                |               |        0|   0|  0|  14|    0|
    +---------------------+---------------+---------+----+---+----+-----+

    * DSP: 
    N/A

    * Memory: 
    N/A

    * FIFO: 
    N/A

    * Expression: 
    +----------------------------+----------+----+---+-----+------------+------------+
    |        Variable Name       | Operation| DSP| FF| LUT | Bitwidth P0| Bitwidth P1|
    +----------------------------+----------+----+---+-----+------------+------------+
    |add_ln163_fu_319_p2         |         +|   0|  0|   39|          32|           1|
    |add_ln164_14_fu_387_p2      |         +|   0|  0|   39|          32|          32|
    |add_ln164_fu_374_p2         |         +|   0|  0|   46|          39|          39|
    |sub_ln164_fu_360_p2         |         -|   0|  0|   45|          38|          38|
    |icmp_ln163_fu_314_p2        |      icmp|   0|  0|   20|          32|          32|
    |select_ln164_10_fu_792_p3   |    select|   0|  0|    8|           1|           8|
    |select_ln164_11_fu_828_p3   |    select|   0|  0|    8|           1|           8|
    |select_ln164_12_fu_864_p3   |    select|   0|  0|    8|           1|           8|
    |select_ln164_13_fu_900_p3   |    select|   0|  0|    8|           1|           8|
    |select_ln164_14_fu_936_p3   |    select|   0|  0|    8|           1|           8|
    |select_ln164_15_fu_972_p3   |    select|   0|  0|    8|           1|           8|
    |select_ln164_16_fu_1008_p3  |    select|   0|  0|    8|           1|           8|
    |select_ln164_17_fu_1044_p3  |    select|   0|  0|    8|           1|           8|
    |select_ln164_18_fu_1080_p3  |    select|   0|  0|    8|           1|           8|
    |select_ln164_19_fu_1116_p3  |    select|   0|  0|    8|           1|           8|
    |select_ln164_1_fu_468_p3    |    select|   0|  0|    8|           1|           8|
    |select_ln164_20_fu_1152_p3  |    select|   0|  0|    8|           1|           8|
    |select_ln164_21_fu_1188_p3  |    select|   0|  0|    8|           1|           8|
    |select_ln164_22_fu_1224_p3  |    select|   0|  0|    8|           1|           8|
    |select_ln164_23_fu_1260_p3  |    select|   0|  0|    8|           1|           8|
    |select_ln164_24_fu_1296_p3  |    select|   0|  0|    8|           1|           8|
    |select_ln164_25_fu_1332_p3  |    select|   0|  0|    8|           1|           8|
    |select_ln164_26_fu_1368_p3  |    select|   0|  0|    8|           1|           8|
    |select_ln164_27_fu_1404_p3  |    select|   0|  0|    8|           1|           8|
    |select_ln164_28_fu_1440_p3  |    select|   0|  0|    8|           1|           8|
    |select_ln164_29_fu_1476_p3  |    select|   0|  0|    8|           1|           8|
    |select_ln164_2_fu_504_p3    |    select|   0|  0|    8|           1|           8|
    |select_ln164_30_fu_1512_p3  |    select|   0|  0|    8|           1|           8|
    |select_ln164_31_fu_1548_p3  |    select|   0|  0|    8|           1|           8|
    |select_ln164_3_fu_540_p3    |    select|   0|  0|    8|           1|           8|
    |select_ln164_4_fu_576_p3    |    select|   0|  0|    8|           1|           8|
    |select_ln164_5_fu_612_p3    |    select|   0|  0|    8|           1|           8|
    |select_ln164_6_fu_648_p3    |    select|   0|  0|    8|           1|           8|
    |select_ln164_7_fu_684_p3    |    select|   0|  0|    8|           1|           8|
    |select_ln164_8_fu_720_p3    |    select|   0|  0|    8|           1|           8|
    |select_ln164_9_fu_756_p3    |    select|   0|  0|    8|           1|           8|
    |select_ln164_fu_432_p3      |    select|   0|  0|    8|           1|           8|
    |shl_ln164_1_fu_392_p2       |       shl|   0|  0|   92|           8|          32|
    |shl_ln164_fu_414_p2         |       shl|   0|  0|  950|         256|         256|
    |ap_enable_pp0               |       xor|   0|  0|    2|           1|           2|
    +----------------------------+----------+----+---+-----+------------+------------+
    |Total                       |          |   0|  0| 1489|         470|         688|
    +----------------------------+----------+----+---+-----+------------+------------+

    * Multiplexer: 
    +-------------------------+----+-----------+-----+-----------+
    |           Name          | LUT| Input Size| Bits| Total Bits|
    +-------------------------+----+-----------+-----+-----------+
    |C_1_fu_238               |   9|          2|  256|        512|
    |ap_done_int              |   9|          2|    1|          2|
    |ap_enable_reg_pp0_iter1  |   9|          2|    1|          2|
    |j_fu_234                 |   9|          2|   32|         64|
    +-------------------------+----+-----------+-----+-----------+
    |Total                    |  36|          8|  290|        580|
    +-------------------------+----+-----------+-----+-----------+

    * Register: 
    +-----------------------------+-----+----+-----+-----------+
    |             Name            |  FF | LUT| Bits| Const Bits|
    +-----------------------------+-----+----+-----+-----------+
    |C_1_fu_238                   |  256|   0|  256|          0|
    |ap_CS_fsm                    |    1|   0|    1|          0|
    |ap_done_reg                  |    1|   0|    1|          0|
    |ap_enable_reg_pp0_iter1      |    1|   0|    1|          0|
    |j_fu_234                     |   32|   0|   32|          0|
    |zext_ln164_38_cast_reg_1683  |   35|   0|   39|          4|
    +-----------------------------+-----+----+-----+-----------+
    |Total                        |  326|   0|  330|          4|
    +-----------------------------+-----+----+-----+-----------+



================================================================
== Interface
================================================================
* Summary: 
+----------------+-----+-----+------------+---------------------------------------+--------------+
|    RTL Ports   | Dir | Bits|  Protocol  |             Source Object             |    C Type    |
+----------------+-----+-----+------------+---------------------------------------+--------------+
|ap_clk          |   in|    1|  ap_ctrl_hs|  Rodrigues.5_Pipeline_VITIS_LOOP_163_2|  return value|
|ap_rst          |   in|    1|  ap_ctrl_hs|  Rodrigues.5_Pipeline_VITIS_LOOP_163_2|  return value|
|ap_start        |   in|    1|  ap_ctrl_hs|  Rodrigues.5_Pipeline_VITIS_LOOP_163_2|  return value|
|ap_done         |  out|    1|  ap_ctrl_hs|  Rodrigues.5_Pipeline_VITIS_LOOP_163_2|  return value|
|ap_idle         |  out|    1|  ap_ctrl_hs|  Rodrigues.5_Pipeline_VITIS_LOOP_163_2|  return value|
|ap_ready        |  out|    1|  ap_ctrl_hs|  Rodrigues.5_Pipeline_VITIS_LOOP_163_2|  return value|
|C               |   in|  256|     ap_none|                                      C|        scalar|
|p_read14        |   in|   32|     ap_none|                               p_read14|        scalar|
|p_read          |   in|   64|     ap_none|                                 p_read|        scalar|
|p_read1         |   in|   64|     ap_none|                                p_read1|        scalar|
|p_read2         |   in|   64|     ap_none|                                p_read2|        scalar|
|trunc_ln164     |   in|    2|     ap_none|                            trunc_ln164|        scalar|
|zext_ln164_38   |   in|   35|     ap_none|                          zext_ln164_38|        scalar|
|trunc_ln164_s   |   in|   32|     ap_none|                          trunc_ln164_s|        scalar|
|C_1_out         |  out|  256|      ap_vld|                                C_1_out|       pointer|
|C_1_out_ap_vld  |  out|    1|      ap_vld|                                C_1_out|       pointer|
+----------------+-----+-----+------------+---------------------------------------+--------------+

