

================================================================
== Vitis HLS Report for 'Rodrigues_Pipeline_VITIS_LOOP_81_3'
================================================================
* Date:           Sun Feb  5 17:04:55 2023

* Version:        2022.1 (Build 3526262 on Mon Apr 18 15:47:01 MDT 2022)
* Project:        hls_EstimateMotion
* Solution:       solution1 (Vivado IP Flow Target)
* Product family: virtexuplus
* Target device:  xcu50-fsvh2104-2L-e


================================================================
== Performance Estimates
================================================================
+ Timing: 
    * Summary: 
    +--------+----------+-----------+------------+
    |  Clock |  Target  | Estimated | Uncertainty|
    +--------+----------+-----------+------------+
    |ap_clk  |  60.00 ns|  39.975 ns|    16.20 ns|
    +--------+----------+-----------+------------+

+ Latency: 
    * Summary: 
    +---------+---------+----------+----------+-----+-----+---------+
    |  Latency (cycles) |  Latency (absolute) |  Interval | Pipeline|
    |   min   |   max   |    min   |    max   | min | max |   Type  |
    +---------+---------+----------+----------+-----+-----+---------+
    |        ?|        ?|         ?|         ?|    ?|    ?|       no|
    +---------+---------+----------+----------+-----+-----+---------+

    + Detail: 
        * Instance: 
        N/A

        * Loop: 
        +-------------------+---------+---------+----------+-----------+-----------+------+----------+
        |                   |  Latency (cycles) | Iteration|  Initiation Interval  | Trip |          |
        |     Loop Name     |   min   |   max   |  Latency |  achieved |   target  | Count| Pipelined|
        +-------------------+---------+---------+----------+-----------+-----------+------+----------+
        |- VITIS_LOOP_81_3  |        ?|        ?|         4|          1|          1|     ?|       yes|
        +-------------------+---------+---------+----------+-----------+-----------+------+----------+



================================================================
== Utilization Estimates
================================================================
* Summary: 
+---------------------+---------+------+---------+--------+-----+
|         Name        | BRAM_18K|  DSP |    FF   |   LUT  | URAM|
+---------------------+---------+------+---------+--------+-----+
|DSP                  |        -|     -|        -|       -|    -|
|Expression           |        -|     -|        0|    3130|    -|
|FIFO                 |        -|     -|        -|       -|    -|
|Instance             |        -|    15|        0|     841|    -|
|Memory               |        -|     -|        -|       -|    -|
|Multiplexer          |        -|     -|        -|      45|    -|
|Register             |        -|     -|      399|       -|    -|
+---------------------+---------+------+---------+--------+-----+
|Total                |        0|    15|      399|    4016|    0|
+---------------------+---------+------+---------+--------+-----+
|Available SLR        |     1344|  2976|   871680|  435840|  320|
+---------------------+---------+------+---------+--------+-----+
|Utilization SLR (%)  |        0|    ~0|       ~0|      ~0|    0|
+---------------------+---------+------+---------+--------+-----+
|Available            |     2688|  5952|  1743360|  871680|  640|
+---------------------+---------+------+---------+--------+-----+
|Utilization (%)      |        0|    ~0|       ~0|      ~0|    0|
+---------------------+---------+------+---------+--------+-----+

+ Detail: 
    * Instance: 
    +--------------------------------------+--------------------------------+---------+----+---+-----+-----+
    |               Instance               |             Module             | BRAM_18K| DSP| FF| LUT | URAM|
    +--------------------------------------+--------------------------------+---------+----+---+-----+-----+
    |dadd_64ns_64ns_64_1_full_dsp_1_U4384  |dadd_64ns_64ns_64_1_full_dsp_1  |        0|   3|  0|  708|    0|
    |dmul_64ns_64ns_64_1_max_dsp_1_U4385   |dmul_64ns_64ns_64_1_max_dsp_1   |        0|   8|  0|  106|    0|
    |mul_37ns_39ns_74_1_1_U4386            |mul_37ns_39ns_74_1_1            |        0|   4|  0|   27|    0|
    +--------------------------------------+--------------------------------+---------+----+---+-----+-----+
    |Total                                 |                                |        0|  15|  0|  841|    0|
    +--------------------------------------+--------------------------------+---------+----+---+-----+-----+

    * DSP: 
    N/A

    * Memory: 
    N/A

    * FIFO: 
    N/A

    * Expression: 
    +-----------------------+----------+----+---+------+------------+------------+
    |     Variable Name     | Operation| DSP| FF|  LUT | Bitwidth P0| Bitwidth P1|
    +-----------------------+----------+----+---+------+------------+------------+
    |add_ln81_fu_163_p2     |         +|   0|  0|    39|          32|           1|
    |add_ln82_3_fu_195_p2   |         +|   0|  0|    44|          37|          37|
    |add_ln82_5_fu_288_p2   |         +|   0|  0|    46|          39|          39|
    |add_ln82_fu_185_p2     |         +|   0|  0|    43|          36|          17|
    |newSecond_fu_260_p2    |         +|   0|  0|    38|          38|          38|
    |newFirst_fu_254_p2     |         -|   0|  0|    38|          38|          38|
    |sub_ln82_1_fu_278_p2   |         -|   0|  0|    45|          38|          38|
    |icmp_ln81_fu_157_p2    |      icmp|   0|  0|    20|          32|          32|
    |lshr_ln82_1_fu_340_p2  |      lshr|   0|  0|  1865|         448|         448|
    |lshr_ln82_fu_310_p2    |      lshr|   0|  0|   950|         256|         256|
    |ap_enable_pp0          |       xor|   0|  0|     2|           1|           2|
    +-----------------------+----------+----+---+------+------------+------------+
    |Total                  |          |   0|  0|  3130|         995|         946|
    +-----------------------+----------+----+---+------+------------+------------+

    * Multiplexer: 
    +-------------------------+----+-----------+-----+-----------+
    |           Name          | LUT| Input Size| Bits| Total Bits|
    +-------------------------+----+-----------+-----+-----------+
    |ap_done_int              |   9|          2|    1|          2|
    |ap_enable_reg_pp0_iter1  |   9|          2|    1|          2|
    |ap_sig_allocacmp_k_161   |   9|          2|   32|         64|
    |empty_fu_70              |   9|          2|   64|        128|
    |k_fu_74                  |   9|          2|   32|         64|
    +-------------------------+----+-----------+-----+-----------+
    |Total                    |  45|         10|  130|        260|
    +-------------------------+----+-----------+-----+-----------+

    * Register: 
    +-------------------------------------+----+----+-----+-----------+
    |                 Name                | FF | LUT| Bits| Const Bits|
    +-------------------------------------+----+----+-----+-----------+
    |ap_CS_fsm                            |   1|   0|    1|          0|
    |ap_done_reg                          |   1|   0|    1|          0|
    |ap_enable_reg_pp0_iter1              |   1|   0|    1|          0|
    |ap_enable_reg_pp0_iter2              |   1|   0|    1|          0|
    |ap_enable_reg_pp0_iter3              |   1|   0|    1|          0|
    |ap_loop_exit_ready_pp0_iter1_reg     |   1|   0|    1|          0|
    |ap_loop_exit_ready_pp0_iter2_reg     |   1|   0|    1|          0|
    |empty_fu_70                          |  64|   0|   64|          0|
    |icmp_ln81_reg_386                    |   1|   0|    1|          0|
    |icmp_ln81_reg_386_pp0_iter1_reg      |   1|   0|    1|          0|
    |k_fu_74                              |  32|   0|   32|          0|
    |mul_i_reg_410                        |  64|   0|   64|          0|
    |newSecond_reg_395                    |  38|   0|   38|          0|
    |trunc_ln82_12_reg_400                |  64|   0|   64|          0|
    |trunc_ln82_12_reg_400_pp0_iter1_reg  |  64|   0|   64|          0|
    |trunc_ln82_reg_405                   |  64|   0|   64|          0|
    +-------------------------------------+----+----+-----+-----------+
    |Total                                | 399|   0|  399|          0|
    +-------------------------------------+----+----+-----+-----------+



================================================================
== Interface
================================================================
* Summary: 
+-------------------+-----+-----+------------+------------------------------------+--------------+
|     RTL Ports     | Dir | Bits|  Protocol  |            Source Object           |    C Type    |
+-------------------+-----+-----+------------+------------------------------------+--------------+
|ap_clk             |   in|    1|  ap_ctrl_hs|  Rodrigues_Pipeline_VITIS_LOOP_81_3|  return value|
|ap_rst             |   in|    1|  ap_ctrl_hs|  Rodrigues_Pipeline_VITIS_LOOP_81_3|  return value|
|ap_start           |   in|    1|  ap_ctrl_hs|  Rodrigues_Pipeline_VITIS_LOOP_81_3|  return value|
|ap_done            |  out|    1|  ap_ctrl_hs|  Rodrigues_Pipeline_VITIS_LOOP_81_3|  return value|
|ap_idle            |  out|    1|  ap_ctrl_hs|  Rodrigues_Pipeline_VITIS_LOOP_81_3|  return value|
|ap_ready           |  out|    1|  ap_ctrl_hs|  Rodrigues_Pipeline_VITIS_LOOP_81_3|  return value|
|bitcast_ln82       |   in|   64|     ap_none|                        bitcast_ln82|        scalar|
|p_cast36           |   in|   32|     ap_none|                            p_cast36|        scalar|
|zext_ln79_18       |   in|   35|     ap_none|                        zext_ln79_18|        scalar|
|pnp_iter_address0  |  out|   13|   ap_memory|                            pnp_iter|         array|
|pnp_iter_ce0       |  out|    1|   ap_memory|                            pnp_iter|         array|
|pnp_iter_q0        |   in|  448|   ap_memory|                            pnp_iter|         array|
|p_cast134          |   in|   35|     ap_none|                           p_cast134|        scalar|
|C                  |   in|  256|     ap_none|                                   C|        scalar|
|p_out              |  out|   64|      ap_vld|                               p_out|       pointer|
|p_out_ap_vld       |  out|    1|      ap_vld|                               p_out|       pointer|
+-------------------+-----+-----+------------+------------------------------------+--------------+

