

================================================================
== Vitis HLS Report for 'solve_double_6u_5u_Pipeline_VITIS_LOOP_162_1_VITIS_LOOP_163_2'
================================================================
* Date:           Sun Feb  5 16:58:10 2023

* Version:        2022.1 (Build 3526262 on Mon Apr 18 15:47:01 MDT 2022)
* Project:        hls_EstimateMotion
* Solution:       solution1 (Vivado IP Flow Target)
* Product family: virtexuplus
* Target device:  xcu50-fsvh2104-2L-e


================================================================
== Performance Estimates
================================================================
+ Timing: 
    * Summary: 
    +--------+----------+----------+------------+
    |  Clock |  Target  | Estimated| Uncertainty|
    +--------+----------+----------+------------+
    |ap_clk  |  60.00 ns|  7.520 ns|    16.20 ns|
    +--------+----------+----------+------------+

+ Latency: 
    * Summary: 
    +---------+---------+----------+----------+-----+-----+---------+
    |  Latency (cycles) |  Latency (absolute) |  Interval | Pipeline|
    |   min   |   max   |    min   |    max   | min | max |   Type  |
    +---------+---------+----------+----------+-----+-----+---------+
    |        ?|        ?|         ?|         ?|    ?|    ?|       no|
    +---------+---------+----------+----------+-----+-----+---------+

    + Detail: 
        * Instance: 
        N/A

        * Loop: 
        +-------------------------------------+---------+---------+----------+-----------+-----------+------+----------+
        |                                     |  Latency (cycles) | Iteration|  Initiation Interval  | Trip |          |
        |              Loop Name              |   min   |   max   |  Latency |  achieved |   target  | Count| Pipelined|
        +-------------------------------------+---------+---------+----------+-----------+-----------+------+----------+
        |- VITIS_LOOP_162_1_VITIS_LOOP_163_2  |        ?|        ?|         2|          1|          1|     ?|       yes|
        +-------------------------------------+---------+---------+----------+-----------+-----------+------+----------+



================================================================
== Utilization Estimates
================================================================
* Summary: 
+---------------------+---------+------+---------+--------+-----+
|         Name        | BRAM_18K|  DSP |    FF   |   LUT  | URAM|
+---------------------+---------+------+---------+--------+-----+
|DSP                  |        -|     -|        -|       -|    -|
|Expression           |        -|     -|        0|    2469|    -|
|FIFO                 |        -|     -|        -|       -|    -|
|Instance             |        -|     4|        0|      28|    -|
|Memory               |        -|     -|        -|       -|    -|
|Multiplexer          |        -|     -|        -|      63|    -|
|Register             |        -|     -|      173|       -|    -|
+---------------------+---------+------+---------+--------+-----+
|Total                |        0|     4|      173|    2560|    0|
+---------------------+---------+------+---------+--------+-----+
|Available SLR        |     1344|  2976|   871680|  435840|  320|
+---------------------+---------+------+---------+--------+-----+
|Utilization SLR (%)  |        0|    ~0|       ~0|      ~0|    0|
+---------------------+---------+------+---------+--------+-----+
|Available            |     2688|  5952|  1743360|  871680|  640|
+---------------------+---------+------+---------+--------+-----+
|Utilization (%)      |        0|    ~0|       ~0|      ~0|    0|
+---------------------+---------+------+---------+--------+-----+

+ Detail: 
    * Instance: 
    +----------------------------+----------------------+---------+----+---+----+-----+
    |          Instance          |        Module        | BRAM_18K| DSP| FF| LUT| URAM|
    +----------------------------+----------------------+---------+----+---+----+-----+
    |mul_38ns_40ns_77_1_1_U2407  |mul_38ns_40ns_77_1_1  |        0|   4|  0|  28|    0|
    +----------------------------+----------------------+---------+----+---+----+-----+
    |Total                       |                      |        0|   4|  0|  28|    0|
    +----------------------------+----------------------+---------+----+---+----+-----+

    * DSP: 
    N/A

    * Memory: 
    N/A

    * FIFO: 
    N/A

    * Expression: 
    +--------------------------+----------+----+---+------+------------+------------+
    |       Variable Name      | Operation| DSP| FF|  LUT | Bitwidth P0| Bitwidth P1|
    +--------------------------+----------+----+---+------+------------+------------+
    |add_ln162_3_fu_185_p2     |         +|   0|  0|    71|          64|           1|
    |add_ln162_fu_194_p2       |         +|   0|  0|    39|          32|           1|
    |add_ln163_fu_440_p2       |         +|   0|  0|    39|          32|           1|
    |add_ln164_4_fu_313_p2     |         +|   0|  0|    45|          38|          38|
    |add_ln164_5_fu_388_p2     |         +|   0|  0|    39|          39|          39|
    |add_ln164_6_fu_424_p2     |         +|   0|  0|    19|           8|           8|
    |add_ln164_7_fu_303_p2     |         +|   0|  0|    43|          36|          13|
    |add_ln164_8_fu_269_p2     |         +|   0|  0|    45|          38|          38|
    |add_ln164_fu_174_p2       |         +|   0|  0|    45|          38|          38|
    |sub_ln164_3_fu_418_p2     |         -|   0|  0|    19|           8|           8|
    |sub_ln164_fu_382_p2       |         -|   0|  0|    39|          39|          39|
    |icmp_ln162_fu_180_p2      |      icmp|   0|  0|    29|          64|          64|
    |icmp_ln163_fu_200_p2      |      icmp|   0|  0|    20|          32|          32|
    |lshr_ln164_fu_476_p2      |      lshr|   0|  0|  1865|         448|         448|
    |select_ln162_5_fu_257_p3  |    select|   0|  0|     8|           1|           8|
    |select_ln162_6_fu_275_p3  |    select|   0|  0|    38|           1|          38|
    |select_ln162_7_fu_283_p3  |    select|   0|  0|    32|           1|          32|
    |select_ln162_fu_205_p3    |    select|   0|  0|    32|           1|           1|
    |ap_enable_pp0             |       xor|   0|  0|     2|           1|           2|
    +--------------------------+----------+----+---+------+------------+------------+
    |Total                     |          |   0|  0|  2469|         921|         849|
    +--------------------------+----------+----+---+------+------------+------------+

    * Multiplexer: 
    +-------------------------+----+-----------+-----+-----------+
    |           Name          | LUT| Input Size| Bits| Total Bits|
    +-------------------------+----+-----------+-----+-----------+
    |ap_done_int              |   9|          2|    1|          2|
    |ap_enable_reg_pp0_iter1  |   9|          2|    1|          2|
    |ap_enable_reg_pp0_iter2  |   9|          2|    1|          2|
    |i_fu_84                  |   9|          2|   32|         64|
    |indvar_flatten_fu_88     |   9|          2|   64|        128|
    |j_fu_80                  |   9|          2|   32|         64|
    |ref_tmp_we0              |   9|          2|    8|         16|
    +-------------------------+----+-----------+-----+-----------+
    |Total                    |  63|         14|  139|        278|
    +-------------------------+----+-----------+-----+-----------+

    * Register: 
    +-------------------------+----+----+-----+-----------+
    |           Name          | FF | LUT| Bits| Const Bits|
    +-------------------------+----+----+-----+-----------+
    |add_ln164_5_reg_530      |  36|   0|   39|          3|
    |ap_CS_fsm                |   1|   0|    1|          0|
    |ap_done_reg              |   1|   0|    1|          0|
    |ap_enable_reg_pp0_iter1  |   1|   0|    1|          0|
    |ap_enable_reg_pp0_iter2  |   1|   0|    1|          0|
    |i_fu_84                  |  32|   0|   32|          0|
    |indvar_flatten_fu_88     |  64|   0|   64|          0|
    |j_fu_80                  |  32|   0|   32|          0|
    |lshr_ln164_2_reg_535     |   5|   0|    5|          0|
    +-------------------------+----+----+-----+-----------+
    |Total                    | 173|   0|  176|          3|
    +-------------------------+----+----+-----+-----------+



================================================================
== Interface
================================================================
* Summary: 
+------------------+-----+-----+------------+------------------------------------------------------------------+--------------+
|     RTL Ports    | Dir | Bits|  Protocol  |                           Source Object                          |    C Type    |
+------------------+-----+-----+------------+------------------------------------------------------------------+--------------+
|ap_clk            |   in|    1|  ap_ctrl_hs|  solve<double, 6u, 5u>_Pipeline_VITIS_LOOP_162_1_VITIS_LOOP_163_2|  return value|
|ap_rst            |   in|    1|  ap_ctrl_hs|  solve<double, 6u, 5u>_Pipeline_VITIS_LOOP_162_1_VITIS_LOOP_163_2|  return value|
|ap_start          |   in|    1|  ap_ctrl_hs|  solve<double, 6u, 5u>_Pipeline_VITIS_LOOP_162_1_VITIS_LOOP_163_2|  return value|
|ap_done           |  out|    1|  ap_ctrl_hs|  solve<double, 6u, 5u>_Pipeline_VITIS_LOOP_162_1_VITIS_LOOP_163_2|  return value|
|ap_idle           |  out|    1|  ap_ctrl_hs|  solve<double, 6u, 5u>_Pipeline_VITIS_LOOP_162_1_VITIS_LOOP_163_2|  return value|
|ap_ready          |  out|    1|  ap_ctrl_hs|  solve<double, 6u, 5u>_Pipeline_VITIS_LOOP_162_1_VITIS_LOOP_163_2|  return value|
|bound             |   in|   64|     ap_none|                                                             bound|        scalar|
|p_cast7           |   in|   32|     ap_none|                                                           p_cast7|        scalar|
|epnp_address0     |  out|    8|   ap_memory|                                                              epnp|         array|
|epnp_ce0          |  out|    1|   ap_memory|                                                              epnp|         array|
|epnp_q0           |   in|  448|   ap_memory|                                                              epnp|         array|
|ref_tmp_address0  |  out|    5|   ap_memory|                                                           ref_tmp|         array|
|ref_tmp_ce0       |  out|    1|   ap_memory|                                                           ref_tmp|         array|
|ref_tmp_we0       |  out|    8|   ap_memory|                                                           ref_tmp|         array|
|ref_tmp_d0        |  out|   64|   ap_memory|                                                           ref_tmp|         array|
+------------------+-----+-----+------------+------------------------------------------------------------------+--------------+

