

================================================================
== Vitis HLS Report for 'solve'
================================================================
* Date:           Sun Feb  5 16:53:51 2023

* Version:        2022.1 (Build 3526262 on Mon Apr 18 15:47:01 MDT 2022)
* Project:        hls_EstimateMotion
* Solution:       solution1 (Vivado IP Flow Target)
* Product family: virtexuplus
* Target device:  xcu50-fsvh2104-2L-e


================================================================
== Performance Estimates
================================================================
+ Timing: 
    * Summary: 
    +--------+----------+-----------+------------+
    |  Clock |  Target  | Estimated | Uncertainty|
    +--------+----------+-----------+------------+
    |ap_clk  |  60.00 ns|  41.403 ns|    16.20 ns|
    +--------+----------+-----------+------------+

+ Latency: 
    * Summary: 
    +---------+---------+----------+----------+-----+-----+---------+
    |  Latency (cycles) |  Latency (absolute) |  Interval | Pipeline|
    |   min   |   max   |    min   |    max   | min | max |   Type  |
    +---------+---------+----------+----------+-----+-----+---------+
    |        ?|        ?|         ?|         ?|    ?|    ?|       no|
    +---------+---------+----------+----------+-----+-----+---------+

    + Detail: 
        * Instance: 
        +---------------------------------------------+----------------------------------+---------+---------+----------+----------+-----+-----+---------+
        |                                             |                                  |  Latency (cycles) |  Latency (absolute) |  Interval | Pipeline|
        |                   Instance                  |              Module              |   min   |   max   |    min   |    max   | min | max |   Type  |
        +---------------------------------------------+----------------------------------+---------+---------+----------+----------+-----+-----+---------+
        |grp_solve_Pipeline_VITIS_LOOP_214_1_fu_413   |solve_Pipeline_VITIS_LOOP_214_1   |        ?|        ?|         ?|         ?|    ?|    ?|       no|
        |grp_solve_Pipeline_VITIS_LOOP_226_4_fu_419   |solve_Pipeline_VITIS_LOOP_226_4   |        ?|        ?|         ?|         ?|    ?|    ?|       no|
        |grp_solve_Pipeline_VITIS_LOOP_240_5_fu_434   |solve_Pipeline_VITIS_LOOP_240_5   |        ?|        ?|         ?|         ?|    ?|    ?|       no|
        |grp_solve_Pipeline_VITIS_LOOP_242_6_fu_442   |solve_Pipeline_VITIS_LOOP_242_6   |        ?|        ?|         ?|         ?|    ?|    ?|       no|
        |grp_solve_Pipeline_9_fu_450                  |solve_Pipeline_9                  |        5|        5|  0.300 us|  0.300 us|    5|    5|       no|
        |grp_solve_Pipeline_10_fu_455                 |solve_Pipeline_10                 |        5|        5|  0.300 us|  0.300 us|    5|    5|       no|
        |grp_solve_Pipeline_11_fu_460                 |solve_Pipeline_11                 |        5|        5|  0.300 us|  0.300 us|    5|    5|       no|
        |grp_solve_Pipeline_VITIS_LOOP_263_7_fu_465   |solve_Pipeline_VITIS_LOOP_263_7   |        ?|        ?|         ?|         ?|    ?|    ?|       no|
        |grp_solve_Pipeline_VITIS_LOOP_265_8_fu_473   |solve_Pipeline_VITIS_LOOP_265_8   |        ?|        ?|         ?|         ?|    ?|    ?|       no|
        |grp_solve_Pipeline_VITIS_LOOP_274_10_fu_481  |solve_Pipeline_VITIS_LOOP_274_10  |        ?|        ?|         ?|         ?|    ?|    ?|       no|
        |grp_solve_Pipeline_VITIS_LOOP_276_11_fu_491  |solve_Pipeline_VITIS_LOOP_276_11  |        ?|        ?|         ?|         ?|    ?|    ?|       no|
        |grp_solve_Pipeline_VITIS_LOOP_287_13_fu_501  |solve_Pipeline_VITIS_LOOP_287_13  |        2|        9|  0.120 us|  0.540 us|    2|    9|       no|
        +---------------------------------------------+----------------------------------+---------+---------+----------+----------+-----+-----+---------+

        * Loop: 
        +---------------------+---------+---------+----------+-----------+-----------+------+----------+
        |                     |  Latency (cycles) | Iteration|  Initiation Interval  | Trip |          |
        |      Loop Name      |   min   |   max   |  Latency |  achieved |   target  | Count| Pipelined|
        +---------------------+---------+---------+----------+-----------+-----------+------+----------+
        |- VITIS_LOOP_218_2   |        ?|        ?|         ?|          -|          -|     ?|        no|
        | + VITIS_LOOP_224_3  |        ?|        ?|         ?|          -|          -|     ?|        no|
        | + VITIS_LOOP_269_9  |        ?|        ?|         ?|          -|          -|     ?|        no|
        |- VITIS_LOOP_284_12  |        ?|        ?|    3 ~ 12|          -|          -|     ?|        no|
        +---------------------+---------+---------+----------+-----------+-----------+------+----------+



================================================================
== Utilization Estimates
================================================================
* Summary: 
+---------------------+---------+------+---------+--------+-----+
|         Name        | BRAM_18K|  DSP |    FF   |   LUT  | URAM|
+---------------------+---------+------+---------+--------+-----+
|DSP                  |        -|     -|        -|       -|    -|
|Expression           |        -|     -|        0|     534|    -|
|FIFO                 |        -|     -|        -|       -|    -|
|Instance             |        -|    38|      728|    3459|    -|
|Memory               |        0|     -|      160|     164|    0|
|Multiplexer          |        -|     -|        -|     929|    -|
|Register             |        -|     -|     1106|       -|    -|
+---------------------+---------+------+---------+--------+-----+
|Total                |        0|    38|     1994|    5086|    0|
+---------------------+---------+------+---------+--------+-----+
|Available SLR        |     1344|  2976|   871680|  435840|  320|
+---------------------+---------+------+---------+--------+-----+
|Utilization SLR (%)  |        0|     1|       ~0|       1|    0|
+---------------------+---------+------+---------+--------+-----+
|Available            |     2688|  5952|  1743360|  871680|  640|
+---------------------+---------+------+---------+--------+-----+
|Utilization (%)      |        0|    ~0|       ~0|      ~0|    0|
+---------------------+---------+------+---------+--------+-----+

+ Detail: 
    * Instance: 
    +---------------------------------------------+----------------------------------+---------+----+-----+-----+-----+
    |                   Instance                  |              Module              | BRAM_18K| DSP|  FF | LUT | URAM|
    +---------------------------------------------+----------------------------------+---------+----+-----+-----+-----+
    |dcmp_64ns_64ns_1_1_no_dsp_1_U762             |dcmp_64ns_64ns_1_1_no_dsp_1       |        0|   0|    0|    0|    0|
    |grp_solve_Pipeline_10_fu_455                 |solve_Pipeline_10                 |        0|   0|    4|   62|    0|
    |grp_solve_Pipeline_11_fu_460                 |solve_Pipeline_11                 |        0|   0|    4|   62|    0|
    |grp_solve_Pipeline_9_fu_450                  |solve_Pipeline_9                  |        0|   0|    4|   62|    0|
    |grp_solve_Pipeline_VITIS_LOOP_214_1_fu_413   |solve_Pipeline_VITIS_LOOP_214_1   |        0|   0|    4|   65|    0|
    |grp_solve_Pipeline_VITIS_LOOP_226_4_fu_419   |solve_Pipeline_VITIS_LOOP_226_4   |        0|   0|  131|  365|    0|
    |grp_solve_Pipeline_VITIS_LOOP_240_5_fu_434   |solve_Pipeline_VITIS_LOOP_240_5   |        0|   0|   86|  145|    0|
    |grp_solve_Pipeline_VITIS_LOOP_242_6_fu_442   |solve_Pipeline_VITIS_LOOP_242_6   |        0|   0|  109|  183|    0|
    |grp_solve_Pipeline_VITIS_LOOP_263_7_fu_465   |solve_Pipeline_VITIS_LOOP_263_7   |        0|   8|   11|  188|    0|
    |grp_solve_Pipeline_VITIS_LOOP_265_8_fu_473   |solve_Pipeline_VITIS_LOOP_265_8   |        0|   8|   40|  246|    0|
    |grp_solve_Pipeline_VITIS_LOOP_274_10_fu_481  |solve_Pipeline_VITIS_LOOP_274_10  |        0|  11|   82|  945|    0|
    |grp_solve_Pipeline_VITIS_LOOP_276_11_fu_491  |solve_Pipeline_VITIS_LOOP_276_11  |        0|  11|  169|  982|    0|
    |grp_solve_Pipeline_VITIS_LOOP_287_13_fu_501  |solve_Pipeline_VITIS_LOOP_287_13  |        0|   0|   84|  154|    0|
    +---------------------------------------------+----------------------------------+---------+----+-----+-----+-----+
    |Total                                        |                                  |        0|  38|  728| 3459|    0|
    +---------------------------------------------+----------------------------------+---------+----+-----+-----+-----+

    * DSP: 
    N/A

    * Memory: 
    +---------+-----------------------------+---------+----+----+-----+------+-----+------+-------------+
    |  Memory |            Module           | BRAM_18K| FF | LUT| URAM| Words| Bits| Banks| W*Bits*Banks|
    +---------+-----------------------------+---------+----+----+-----+------+-----+------+-------------+
    |indxc_U  |solve_indxc_RAM_AUTO_1R1W    |        0|  32|  33|    0|     3|   32|     1|           96|
    |indxr_U  |solve_indxc_RAM_AUTO_1R1W    |        0|  32|  33|    0|     3|   32|     1|           96|
    |ipiv_U   |solve_indxc_RAM_AUTO_1R1W    |        0|  32|  33|    0|     3|   32|     1|           96|
    |A_val_U  |svd_3_1_U_val_RAM_AUTO_1R1W  |        0|  64|  65|    0|     9|   64|     1|          576|
    +---------+-----------------------------+---------+----+----+-----+------+-----+------+-------------+
    |Total    |                             |        0| 160| 164|    0|    18|  160|     4|          864|
    +---------+-----------------------------+---------+----+----+-----+------+-----+------+-------------+

    * FIFO: 
    N/A

    * Expression: 
    +----------------------------------+----------+----+---+----+------------+------------+
    |           Variable Name          | Operation| DSP| FF| LUT| Bitwidth P0| Bitwidth P1|
    +----------------------------------+----------+----+---+----+------------+------------+
    |add_ln218_fu_653_p2               |         +|   0|  0|   9|           2|           1|
    |add_ln224_fu_711_p2               |         +|   0|  0|  39|          32|           1|
    |add_ln234_fu_780_p2               |         +|   0|  0|  39|          32|           1|
    |add_ln269_fu_953_p2               |         +|   0|  0|  39|          32|           1|
    |add_ln272_fu_977_p2               |         +|   0|  0|  12|           4|           4|
    |add_ln284_fu_1054_p2              |         +|   0|  0|  71|          64|           2|
    |l_fu_673_p2                       |         +|   0|  0|  10|           3|           2|
    |sub_ln228_fu_738_p2               |         -|   0|  0|  12|           4|           4|
    |sub_ln241_1_fu_801_p2             |         -|   0|  0|  12|           4|           4|
    |sub_ln241_fu_773_p2               |         -|   0|  0|  12|           4|           4|
    |sub_ln243_1_fu_848_p2             |         -|   0|  0|  14|           7|           7|
    |sub_ln243_fu_823_p2               |         -|   0|  0|  14|           7|           7|
    |sub_ln266_fu_932_p2               |         -|   0|  0|  14|           7|           7|
    |sub_ln272_fu_971_p2               |         -|   0|  0|  12|           4|           4|
    |sub_ln277_fu_1010_p2              |         -|   0|  0|  14|           7|           7|
    |and_ln250_fu_908_p2               |       and|   0|  0|   2|           1|           1|
    |ap_block_state31_on_subcall_done  |       and|   0|  0|   2|           1|           1|
    |icmp_ln218_fu_647_p2              |      icmp|   0|  0|  20|          32|          32|
    |icmp_ln224_fu_706_p2              |      icmp|   0|  0|  20|          32|          32|
    |icmp_ln225_fu_744_p2              |      icmp|   0|  0|  20|          32|           1|
    |icmp_ln226_fu_663_p2              |      icmp|   0|  0|  20|          32|           1|
    |icmp_ln238_fu_787_p2              |      icmp|   0|  0|  20|          32|          32|
    |icmp_ln250_1_fu_896_p2            |      icmp|   0|  0|  24|          52|           1|
    |icmp_ln250_fu_890_p2              |      icmp|   0|  0|  11|          11|           2|
    |icmp_ln269_fu_947_p2              |      icmp|   0|  0|  20|          32|          32|
    |icmp_ln270_fu_987_p2              |      icmp|   0|  0|  20|          32|          32|
    |icmp_ln286_fu_1038_p2             |      icmp|   0|  0|  20|          32|          32|
    |ap_block_state16_on_subcall_done  |        or|   0|  0|   2|           1|           1|
    |ap_block_state23_on_subcall_done  |        or|   0|  0|   2|           1|           1|
    |ap_block_state27_on_subcall_done  |        or|   0|  0|   2|           1|           1|
    |ap_block_state28_on_subcall_done  |        or|   0|  0|   2|           1|           1|
    |or_ln225_fu_750_p2                |        or|   0|  0|   2|           1|           1|
    |or_ln250_fu_902_p2                |        or|   0|  0|   2|           1|           1|
    +----------------------------------+----------+----+---+----+------------+------------+
    |Total                             |          |   0|  0| 534|         540|         261|
    +----------------------------------+----------+----+---+----+------------+------------+

    * Multiplexer: 
    +---------------------+-----+-----------+-----+-----------+
    |         Name        | LUT | Input Size| Bits| Total Bits|
    +---------------------+-----+-----------+-----+-----------+
    |A_val_address0       |   65|         12|    4|         48|
    |A_val_address1       |   59|         11|    4|         44|
    |A_val_ce0            |   37|          7|    1|          7|
    |A_val_ce1            |   31|          6|    1|          6|
    |A_val_d0             |   59|         11|   64|        704|
    |A_val_d1             |   43|          8|   64|        512|
    |A_val_we0            |   31|          6|    1|          6|
    |A_val_we1            |   20|          4|    1|          4|
    |ap_NS_fsm            |  148|         32|    1|         32|
    |big_2_reg_390        |    9|          2|   64|        128|
    |big_reg_378          |    9|          2|   64|        128|
    |epnp_address0        |   14|          3|    8|         24|
    |i_fu_142             |    9|          2|    2|          4|
    |indxc_address0       |   20|          4|    2|          8|
    |indxc_ce0            |   14|          3|    1|          3|
    |indxc_d0             |   14|          3|   32|         96|
    |indxc_we0            |   14|          3|    4|         12|
    |indxr_address0       |   20|          4|    2|          8|
    |indxr_ce0            |   14|          3|    1|          3|
    |indxr_d0             |   14|          3|   32|         96|
    |indxr_we0            |   14|          3|    4|         12|
    |ipiv_address0        |   37|          7|    2|         14|
    |ipiv_ce0             |   26|          5|    1|          5|
    |ipiv_d0              |   20|          4|   32|        128|
    |ipiv_we0             |   20|          4|    4|         16|
    |j_reg_366            |    9|          2|   32|         64|
    |l_29_fu_174          |    9|          2|   64|        128|
    |ll_reg_402           |    9|          2|   32|         64|
    |ref_tmp168_address0  |   31|          6|    4|         24|
    |ref_tmp168_address1  |   14|          3|    4|         12|
    |ref_tmp168_ce0       |   26|          5|    1|          5|
    |ref_tmp168_ce1       |   14|          3|    1|          3|
    |ref_tmp168_d0        |   14|          3|   64|        192|
    |ref_tmp168_d1        |   14|          3|   64|        192|
    |ref_tmp168_we0       |   14|          3|    8|         24|
    |ref_tmp168_we1       |   14|          3|    8|         24|
    +---------------------+-----+-----------+-----+-----------+
    |Total                |  929|        187|  678|       2780|
    +---------------------+-----+-----------+-----+-----------+

    * Register: 
    +----------------------------------------------------------+----+----+-----+-----------+
    |                           Name                           | FF | LUT| Bits| Const Bits|
    +----------------------------------------------------------+----+----+-----+-----------+
    |A_val_addr_9_reg_1246                                     |   2|   0|    4|          2|
    |add_ln218_reg_1147                                        |   2|   0|    2|          0|
    |add_ln224_reg_1208                                        |  32|   0|   32|          0|
    |add_ln269_reg_1304                                        |  32|   0|   32|          0|
    |ap_CS_fsm                                                 |  31|   0|   31|          0|
    |big_2_reg_390                                             |  64|   0|   64|          0|
    |big_reg_378                                               |  64|   0|   64|          0|
    |dum_reg_1328                                              |  64|   0|   64|          0|
    |empty_1194_reg_1359                                       |   4|   0|    4|          0|
    |empty_reg_1129                                            |  32|   0|   32|          0|
    |grp_solve_Pipeline_10_fu_455_ap_start_reg                 |   1|   0|    1|          0|
    |grp_solve_Pipeline_11_fu_460_ap_start_reg                 |   1|   0|    1|          0|
    |grp_solve_Pipeline_9_fu_450_ap_start_reg                  |   1|   0|    1|          0|
    |grp_solve_Pipeline_VITIS_LOOP_214_1_fu_413_ap_start_reg   |   1|   0|    1|          0|
    |grp_solve_Pipeline_VITIS_LOOP_226_4_fu_419_ap_start_reg   |   1|   0|    1|          0|
    |grp_solve_Pipeline_VITIS_LOOP_240_5_fu_434_ap_start_reg   |   1|   0|    1|          0|
    |grp_solve_Pipeline_VITIS_LOOP_242_6_fu_442_ap_start_reg   |   1|   0|    1|          0|
    |grp_solve_Pipeline_VITIS_LOOP_263_7_fu_465_ap_start_reg   |   1|   0|    1|          0|
    |grp_solve_Pipeline_VITIS_LOOP_265_8_fu_473_ap_start_reg   |   1|   0|    1|          0|
    |grp_solve_Pipeline_VITIS_LOOP_274_10_fu_481_ap_start_reg  |   1|   0|    1|          0|
    |grp_solve_Pipeline_VITIS_LOOP_276_11_fu_491_ap_start_reg  |   1|   0|    1|          0|
    |grp_solve_Pipeline_VITIS_LOOP_287_13_fu_501_ap_start_reg  |   1|   0|    1|          0|
    |i_fu_142                                                  |   2|   0|    2|          0|
    |icmp_ln218_reg_1143                                       |   1|   0|    1|          0|
    |icmp_ln226_reg_1158                                       |   1|   0|    1|          0|
    |icmp_ln238_reg_1252                                       |   1|   0|    1|          0|
    |icmp_ln270_reg_1324                                       |   1|   0|    1|          0|
    |icmp_ln286_reg_1355                                       |   1|   0|    1|          0|
    |icol_3_reg_1170                                           |  32|   0|   32|          0|
    |icol_fu_146                                               |  32|   0|   32|          0|
    |ipiv_addr_reg_1218                                        |   2|   0|    2|          0|
    |irow_1_reg_1178                                           |  32|   0|   32|          0|
    |irow_fu_150                                               |  32|   0|   32|          0|
    |j_reg_366                                                 |  32|   0|   32|          0|
    |l_29_fu_174                                               |  64|   0|   64|          0|
    |ll_reg_402                                                |  32|   0|   32|          0|
    |pivinv_reg_1279                                           |  64|   0|   64|          0|
    |sub_ln228_reg_1223                                        |   4|   0|    4|          0|
    |sub_ln241_1_reg_1256                                      |   4|   0|    4|          0|
    |sub_ln241_reg_1239                                        |   4|   0|    4|          0|
    |sub_ln243_1_reg_1266                                      |   4|   0|    7|          3|
    |sub_ln243_reg_1261                                        |   4|   0|    7|          3|
    |sub_ln266_reg_1285                                        |   4|   0|    7|          3|
    |sub_ln272_reg_1314                                        |   4|   0|    4|          0|
    |sub_ln277_reg_1334                                        |   4|   0|    7|          3|
    |trunc_ln201_4_reg_1099                                    |  64|   0|   64|          0|
    |trunc_ln201_5_reg_1104                                    |  64|   0|   64|          0|
    |trunc_ln201_6_reg_1109                                    |  64|   0|   64|          0|
    |trunc_ln201_7_reg_1114                                    |  64|   0|   64|          0|
    |trunc_ln201_8_reg_1119                                    |  64|   0|   64|          0|
    |trunc_ln218_reg_1134                                      |  32|   0|   32|          0|
    |trunc_ln224_1_reg_1191                                    |   2|   0|    2|          0|
    |trunc_ln224_2_reg_1196                                    |   2|   0|    2|          0|
    |trunc_ln224_reg_1185                                      |   2|   0|    2|          0|
    |trunc_ln241_reg_1234                                      |   4|   0|    4|          0|
    |trunc_ln269_1_reg_1296                                    |  32|   0|   32|          0|
    |trunc_ln269_reg_1291                                      |   2|   0|    2|          0|
    |trunc_ln272_reg_1309                                      |   4|   0|    4|          0|
    |trunc_ln287_reg_1364                                      |   4|   0|    4|          0|
    |zext_ln210_reg_1152                                       |   2|   0|   64|         62|
    +----------------------------------------------------------+----+----+-----+-----------+
    |Total                                                     |1106|   0| 1182|         76|
    +----------------------------------------------------------+----+----+-----+-----------+



================================================================
== Interface
================================================================
* Summary: 
+---------------------+-----+-----+------------+--------------+--------------+
|      RTL Ports      | Dir | Bits|  Protocol  | Source Object|    C Type    |
+---------------------+-----+-----+------------+--------------+--------------+
|ap_clk               |   in|    1|  ap_ctrl_hs|         solve|  return value|
|ap_rst               |   in|    1|  ap_ctrl_hs|         solve|  return value|
|ap_start             |   in|    1|  ap_ctrl_hs|         solve|  return value|
|ap_done              |  out|    1|  ap_ctrl_hs|         solve|  return value|
|ap_idle              |  out|    1|  ap_ctrl_hs|         solve|  return value|
|ap_ready             |  out|    1|  ap_ctrl_hs|         solve|  return value|
|grp_fu_1641_p_din0   |  out|   64|  ap_ctrl_hs|         solve|  return value|
|grp_fu_1641_p_din1   |  out|   64|  ap_ctrl_hs|         solve|  return value|
|grp_fu_1641_p_dout0  |   in|   64|  ap_ctrl_hs|         solve|  return value|
|grp_fu_1641_p_ce     |  out|    1|  ap_ctrl_hs|         solve|  return value|
|ref_tmp168_address0  |  out|    4|   ap_memory|    ref_tmp168|         array|
|ref_tmp168_ce0       |  out|    1|   ap_memory|    ref_tmp168|         array|
|ref_tmp168_we0       |  out|    8|   ap_memory|    ref_tmp168|         array|
|ref_tmp168_d0        |  out|   64|   ap_memory|    ref_tmp168|         array|
|ref_tmp168_q0        |   in|   64|   ap_memory|    ref_tmp168|         array|
|ref_tmp168_address1  |  out|    4|   ap_memory|    ref_tmp168|         array|
|ref_tmp168_ce1       |  out|    1|   ap_memory|    ref_tmp168|         array|
|ref_tmp168_we1       |  out|    8|   ap_memory|    ref_tmp168|         array|
|ref_tmp168_d1        |  out|   64|   ap_memory|    ref_tmp168|         array|
|ref_tmp168_q1        |   in|   64|   ap_memory|    ref_tmp168|         array|
|epnp_address0        |  out|    8|   ap_memory|          epnp|         array|
|epnp_ce0             |  out|    1|   ap_memory|          epnp|         array|
|epnp_q0              |   in|  448|   ap_memory|          epnp|         array|
+---------------------+-----+-----+------------+--------------+--------------+

