

================================================================
== Vitis HLS Report for 'solve_Pipeline_VITIS_LOOP_287_13'
================================================================
* Date:           Sun Feb  5 16:53:50 2023

* Version:        2022.1 (Build 3526262 on Mon Apr 18 15:47:01 MDT 2022)
* Project:        hls_EstimateMotion
* Solution:       solution1 (Vivado IP Flow Target)
* Product family: virtexuplus
* Target device:  xcu50-fsvh2104-2L-e


================================================================
== Performance Estimates
================================================================
+ Timing: 
    * Summary: 
    +--------+----------+----------+------------+
    |  Clock |  Target  | Estimated| Uncertainty|
    +--------+----------+----------+------------+
    |ap_clk  |  60.00 ns|  2.130 ns|    16.20 ns|
    +--------+----------+----------+------------+

+ Latency: 
    * Summary: 
    +---------+---------+----------+----------+-----+-----+---------+
    |  Latency (cycles) |  Latency (absolute) |  Interval | Pipeline|
    |   min   |   max   |    min   |    max   | min | max |   Type  |
    +---------+---------+----------+----------+-----+-----+---------+
    |        2|        9|  0.120 us|  0.540 us|    2|    9|       no|
    +---------+---------+----------+----------+-----+-----+---------+

    + Detail: 
        * Instance: 
        N/A

        * Loop: 
        +---------------------+---------+---------+----------+-----------+-----------+-------+----------+
        |                     |  Latency (cycles) | Iteration|  Initiation Interval  |  Trip |          |
        |      Loop Name      |   min   |   max   |  Latency |  achieved |   target  | Count | Pipelined|
        +---------------------+---------+---------+----------+-----------+-----------+-------+----------+
        |- VITIS_LOOP_287_13  |        0|        7|         4|          2|          1|  0 ~ 3|       yes|
        +---------------------+---------+---------+----------+-----------+-----------+-------+----------+



================================================================
== Utilization Estimates
================================================================
* Summary: 
+---------------------+---------+------+---------+--------+-----+
|         Name        | BRAM_18K|  DSP |    FF   |   LUT  | URAM|
+---------------------+---------+------+---------+--------+-----+
|DSP                  |        -|     -|        -|       -|    -|
|Expression           |        -|     -|        0|      67|    -|
|FIFO                 |        -|     -|        -|       -|    -|
|Instance             |        -|     -|        -|       -|    -|
|Memory               |        -|     -|        -|       -|    -|
|Multiplexer          |        -|     -|        -|      87|    -|
|Register             |        -|     -|       84|       -|    -|
+---------------------+---------+------+---------+--------+-----+
|Total                |        0|     0|       84|     154|    0|
+---------------------+---------+------+---------+--------+-----+
|Available SLR        |     1344|  2976|   871680|  435840|  320|
+---------------------+---------+------+---------+--------+-----+
|Utilization SLR (%)  |        0|     0|       ~0|      ~0|    0|
+---------------------+---------+------+---------+--------+-----+
|Available            |     2688|  5952|  1743360|  871680|  640|
+---------------------+---------+------+---------+--------+-----+
|Utilization (%)      |        0|     0|       ~0|      ~0|    0|
+---------------------+---------+------+---------+--------+-----+

+ Detail: 
    * Instance: 
    N/A

    * DSP: 
    N/A

    * Memory: 
    N/A

    * FIFO: 
    N/A

    * Expression: 
    +-----------------------+----------+----+---+----+------------+------------+
    |     Variable Name     | Operation| DSP| FF| LUT| Bitwidth P0| Bitwidth P1|
    +-----------------------+----------+----+---+----+------------+------------+
    |add_ln287_fu_104_p2    |         +|   0|  0|   9|           2|           1|
    |add_ln288_1_fu_139_p2  |         +|   0|  0|  12|           4|           4|
    |add_ln288_fu_128_p2    |         +|   0|  0|  12|           4|           4|
    |sub_ln288_fu_122_p2    |         -|   0|  0|  12|           4|           4|
    |icmp_ln287_fu_98_p2    |      icmp|   0|  0|  20|          32|          32|
    |ap_enable_pp0          |       xor|   0|  0|   2|           1|           2|
    +-----------------------+----------+----+---+----+------------+------------+
    |Total                  |          |   0|  0|  67|          47|          47|
    +-----------------------+----------+----+---+----+------------+------------+

    * Multiplexer: 
    +-------------------------+----+-----------+-----+-----------+
    |           Name          | LUT| Input Size| Bits| Total Bits|
    +-------------------------+----+-----------+-----+-----------+
    |A_val_address0           |  14|          3|    4|         12|
    |A_val_address1           |  14|          3|    4|         12|
    |ap_NS_fsm                |  14|          3|    1|          3|
    |ap_done_int              |   9|          2|    1|          2|
    |ap_enable_reg_pp0_iter0  |   9|          2|    1|          2|
    |ap_enable_reg_pp0_iter1  |   9|          2|    1|          2|
    |ap_sig_allocacmp_k_159   |   9|          2|    2|          4|
    |k_fu_38                  |   9|          2|    2|          4|
    +-------------------------+----+-----------+-----+-----------+
    |Total                    |  87|         19|   16|         41|
    +-------------------------+----+-----------+-----+-----------+

    * Register: 
    +------------------------------------+----+----+-----+-----------+
    |                Name                | FF | LUT| Bits| Const Bits|
    +------------------------------------+----+----+-----+-----------+
    |A_val_addr_1_reg_171                |   4|   0|    4|          0|
    |A_val_addr_1_reg_171_pp0_iter1_reg  |   4|   0|    4|          0|
    |A_val_addr_reg_166                  |   4|   0|    4|          0|
    |ap_CS_fsm                           |   2|   0|    2|          0|
    |ap_done_reg                         |   1|   0|    1|          0|
    |ap_enable_reg_pp0_iter0_reg         |   1|   0|    1|          0|
    |ap_enable_reg_pp0_iter1             |   1|   0|    1|          0|
    |icmp_ln287_reg_162                  |   1|   0|    1|          0|
    |k_fu_38                             |   2|   0|    2|          0|
    |temp_reg_176                        |  64|   0|   64|          0|
    +------------------------------------+----+----+-----+-----------+
    |Total                               |  84|   0|   84|          0|
    +------------------------------------+----+----+-----+-----------+



================================================================
== Interface
================================================================
* Summary: 
+----------------+-----+-----+------------+----------------------------------+--------------+
|    RTL Ports   | Dir | Bits|  Protocol  |           Source Object          |    C Type    |
+----------------+-----+-----+------------+----------------------------------+--------------+
|ap_clk          |   in|    1|  ap_ctrl_hs|  solve_Pipeline_VITIS_LOOP_287_13|  return value|
|ap_rst          |   in|    1|  ap_ctrl_hs|  solve_Pipeline_VITIS_LOOP_287_13|  return value|
|ap_start        |   in|    1|  ap_ctrl_hs|  solve_Pipeline_VITIS_LOOP_287_13|  return value|
|ap_done         |  out|    1|  ap_ctrl_hs|  solve_Pipeline_VITIS_LOOP_287_13|  return value|
|ap_idle         |  out|    1|  ap_ctrl_hs|  solve_Pipeline_VITIS_LOOP_287_13|  return value|
|ap_ready        |  out|    1|  ap_ctrl_hs|  solve_Pipeline_VITIS_LOOP_287_13|  return value|
|trunc_ln218     |   in|   32|     ap_none|                       trunc_ln218|        scalar|
|idxprom208      |   in|    4|     ap_none|                        idxprom208|        scalar|
|A_val_address0  |  out|    4|   ap_memory|                             A_val|         array|
|A_val_ce0       |  out|    1|   ap_memory|                             A_val|         array|
|A_val_we0       |  out|    1|   ap_memory|                             A_val|         array|
|A_val_d0        |  out|   64|   ap_memory|                             A_val|         array|
|A_val_q0        |   in|   64|   ap_memory|                             A_val|         array|
|A_val_address1  |  out|    4|   ap_memory|                             A_val|         array|
|A_val_ce1       |  out|    1|   ap_memory|                             A_val|         array|
|A_val_we1       |  out|    1|   ap_memory|                             A_val|         array|
|A_val_d1        |  out|   64|   ap_memory|                             A_val|         array|
|A_val_q1        |   in|   64|   ap_memory|                             A_val|         array|
|idxprom215      |   in|    4|     ap_none|                        idxprom215|        scalar|
+----------------+-----+-----+------------+----------------------------------+--------------+

