

================================================================
== Vitis HLS Report for 'solve_double_6u_5u_Pipeline_VITIS_LOOP_114_1'
================================================================
* Date:           Sun Feb  5 16:58:57 2023

* Version:        2022.1 (Build 3526262 on Mon Apr 18 15:47:01 MDT 2022)
* Project:        hls_EstimateMotion
* Solution:       solution1 (Vivado IP Flow Target)
* Product family: virtexuplus
* Target device:  xcu50-fsvh2104-2L-e


================================================================
== Performance Estimates
================================================================
+ Timing: 
    * Summary: 
    +--------+----------+----------+------------+
    |  Clock |  Target  | Estimated| Uncertainty|
    +--------+----------+----------+------------+
    |ap_clk  |  60.00 ns|  3.352 ns|    16.20 ns|
    +--------+----------+----------+------------+

+ Latency: 
    * Summary: 
    +---------+---------+----------+----------+-----+-----+---------+
    |  Latency (cycles) |  Latency (absolute) |  Interval | Pipeline|
    |   min   |   max   |    min   |    max   | min | max |   Type  |
    +---------+---------+----------+----------+-----+-----+---------+
    |        9|        9|  0.540 us|  0.540 us|    9|    9|       no|
    +---------+---------+----------+----------+-----+-----+---------+

    + Detail: 
        * Instance: 
        N/A

        * Loop: 
        +--------------------+---------+---------+----------+-----------+-----------+------+----------+
        |                    |  Latency (cycles) | Iteration|  Initiation Interval  | Trip |          |
        |      Loop Name     |   min   |   max   |  Latency |  achieved |   target  | Count| Pipelined|
        +--------------------+---------+---------+----------+-----------+-----------+------+----------+
        |- VITIS_LOOP_114_1  |        7|        7|         4|          1|          1|     5|       yes|
        +--------------------+---------+---------+----------+-----------+-----------+------+----------+



================================================================
== Utilization Estimates
================================================================
* Summary: 
+---------------------+---------+------+---------+--------+-----+
|         Name        | BRAM_18K|  DSP |    FF   |   LUT  | URAM|
+---------------------+---------+------+---------+--------+-----+
|DSP                  |        -|     1|        -|       -|    -|
|Expression           |        -|     -|        0|    3709|    -|
|FIFO                 |        -|     -|        -|       -|    -|
|Instance             |        -|     -|        -|       -|    -|
|Memory               |        -|     -|        -|       -|    -|
|Multiplexer          |        -|     -|        -|      45|    -|
|Register             |        -|     -|      212|      96|    -|
+---------------------+---------+------+---------+--------+-----+
|Total                |        0|     1|      212|    3850|    0|
+---------------------+---------+------+---------+--------+-----+
|Available SLR        |     1344|  2976|   871680|  435840|  320|
+---------------------+---------+------+---------+--------+-----+
|Utilization SLR (%)  |        0|    ~0|       ~0|      ~0|    0|
+---------------------+---------+------+---------+--------+-----+
|Available            |     2688|  5952|  1743360|  871680|  640|
+---------------------+---------+------+---------+--------+-----+
|Utilization (%)      |        0|    ~0|       ~0|      ~0|    0|
+---------------------+---------+------+---------+--------+-----+

+ Detail: 
    * Instance: 
    N/A

    * DSP: 
    +--------------------------------+--------------------------+-----------+
    |            Instance            |          Module          | Expression|
    +--------------------------------+--------------------------+-----------+
    |mul_mul_13ns_14ns_27_4_1_U2669  |mul_mul_13ns_14ns_27_4_1  |    i0 * i1|
    +--------------------------------+--------------------------+-----------+

    * Memory: 
    N/A

    * FIFO: 
    N/A

    * Expression: 
    +----------------------+----------+----+---+------+------------+------------+
    |     Variable Name    | Operation| DSP| FF|  LUT | Bitwidth P0| Bitwidth P1|
    +----------------------+----------+----+---+------+------------+------------+
    |add_ln114_fu_106_p2   |         +|   0|  0|    10|           3|           1|
    |empty_1100_fu_124_p2  |         +|   0|  0|    14|           7|           7|
    |empty_1103_fu_282_p2  |         +|   0|  0|    15|           8|           8|
    |p_cast15_fu_266_p2    |         +|   0|  0|    19|           8|           8|
    |tmp3_cast_fu_272_p2   |         +|   0|  0|    16|           7|           7|
    |empty_1101_fu_254_p2  |         -|   0|  0|    19|           8|           8|
    |empty_1102_fu_260_p2  |         -|   0|  0|    16|           7|           7|
    |icmp_ln114_fu_100_p2  |      icmp|   0|  0|     8|           3|           3|
    |empty_1098_fu_154_p2  |      lshr|   0|  0|  1560|         353|         384|
    |empty_1104_fu_292_p2  |       shl|   0|  0|   165|           8|          56|
    |epnp_d0               |       shl|   0|  0|  1865|         448|         448|
    |ap_enable_pp0         |       xor|   0|  0|     2|           1|           2|
    +----------------------+----------+----+---+------+------------+------------+
    |Total                 |          |   0|  0|  3709|         861|         939|
    +----------------------+----------+----+---+------+------------+------------+

    * Multiplexer: 
    +-------------------------+----+-----------+-----+-----------+
    |           Name          | LUT| Input Size| Bits| Total Bits|
    +-------------------------+----+-----------+-----+-----------+
    |ap_done_int              |   9|          2|    1|          2|
    |ap_enable_reg_pp0_iter1  |   9|          2|    1|          2|
    |ap_sig_allocacmp_i       |   9|          2|    3|          6|
    |epnp_we0                 |   9|          2|   56|        112|
    |i_3_fu_76                |   9|          2|    3|          6|
    +-------------------------+----+-----------+-----+-----------+
    |Total                    |  45|         10|   64|        128|
    +-------------------------+----+-----------+-----+-----------+

    * Register: 
    +----------------------------------+----+----+-----+-----------+
    |               Name               | FF | LUT| Bits| Const Bits|
    +----------------------------------+----+----+-----+-----------+
    |ap_CS_fsm                         |   1|   0|    1|          0|
    |ap_done_reg                       |   1|   0|    1|          0|
    |ap_enable_reg_pp0_iter1           |   1|   0|    1|          0|
    |ap_enable_reg_pp0_iter2           |   1|   0|    1|          0|
    |ap_enable_reg_pp0_iter3           |   1|   0|    1|          0|
    |ap_loop_exit_ready_pp0_iter1_reg  |   1|   0|    1|          0|
    |ap_loop_exit_ready_pp0_iter2_reg  |   1|   0|    1|          0|
    |empty_1100_reg_354                |   4|   0|    7|          3|
    |i_3_fu_76                         |   3|   0|    3|          0|
    |i_reg_340                         |   3|   0|    3|          0|
    |tmp_s_reg_349                     |   3|   0|    6|          3|
    |empty_1100_reg_354                |  64|  32|    7|          3|
    |i_reg_340                         |  64|  32|    3|          0|
    |tmp_s_reg_349                     |  64|  32|    6|          3|
    +----------------------------------+----+----+-----+-----------+
    |Total                             | 212|  96|   42|         12|
    +----------------------------------+----+----+-----+-----------+



================================================================
== Interface
================================================================
* Summary: 
+---------------+-----+-----+------------+-------------------------------------------------+--------------+
|   RTL Ports   | Dir | Bits|  Protocol  |                  Source Object                  |    C Type    |
+---------------+-----+-----+------------+-------------------------------------------------+--------------+
|ap_clk         |   in|    1|  ap_ctrl_hs|  solve<double, 6u, 5u>_Pipeline_VITIS_LOOP_114_1|  return value|
|ap_rst         |   in|    1|  ap_ctrl_hs|  solve<double, 6u, 5u>_Pipeline_VITIS_LOOP_114_1|  return value|
|ap_start       |   in|    1|  ap_ctrl_hs|  solve<double, 6u, 5u>_Pipeline_VITIS_LOOP_114_1|  return value|
|ap_done        |  out|    1|  ap_ctrl_hs|  solve<double, 6u, 5u>_Pipeline_VITIS_LOOP_114_1|  return value|
|ap_idle        |  out|    1|  ap_ctrl_hs|  solve<double, 6u, 5u>_Pipeline_VITIS_LOOP_114_1|  return value|
|ap_ready       |  out|    1|  ap_ctrl_hs|  solve<double, 6u, 5u>_Pipeline_VITIS_LOOP_114_1|  return value|
|epnp_address0  |  out|    8|   ap_memory|                                             epnp|         array|
|epnp_ce0       |  out|    1|   ap_memory|                                             epnp|         array|
|epnp_we0       |  out|   56|   ap_memory|                                             epnp|         array|
|epnp_d0        |  out|  448|   ap_memory|                                             epnp|         array|
+---------------+-----+-----+------------+-------------------------------------------------+--------------+

