

================================================================
== Vitis HLS Report for 'solve_double_6u_4u_s'
================================================================
* Date:           Sun Feb  5 16:55:51 2023

* Version:        2022.1 (Build 3526262 on Mon Apr 18 15:47:01 MDT 2022)
* Project:        hls_EstimateMotion
* Solution:       solution1 (Vivado IP Flow Target)
* Product family: virtexuplus
* Target device:  xcu50-fsvh2104-2L-e


================================================================
== Performance Estimates
================================================================
+ Timing: 
    * Summary: 
    +--------+----------+-----------+------------+
    |  Clock |  Target  | Estimated | Uncertainty|
    +--------+----------+-----------+------------+
    |ap_clk  |  60.00 ns|  42.557 ns|    16.20 ns|
    +--------+----------+-----------+------------+

+ Latency: 
    * Summary: 
    +---------+---------+----------+----------+-----+-----+---------+
    |  Latency (cycles) |  Latency (absolute) |  Interval | Pipeline|
    |   min   |   max   |    min   |    max   | min | max |   Type  |
    +---------+---------+----------+----------+-----+-----+---------+
    |        ?|        ?|         ?|         ?|    ?|    ?|       no|
    +---------+---------+----------+----------+-----+-----+---------+

    + Detail: 
        * Instance: 
        +--------------------------------------------------------------------------+---------------------------------------------------------------+---------+---------+----------+----------+-----+-----+---------+
        |                                                                          |                                                               |  Latency (cycles) |  Latency (absolute) |  Interval | Pipeline|
        |                                 Instance                                 |                             Module                            |   min   |   max   |    min   |    max   | min | max |   Type  |
        +--------------------------------------------------------------------------+---------------------------------------------------------------+---------+---------+----------+----------+-----+-----+---------+
        |grp_solve_double_6u_4u_Pipeline_1_fu_173                                  |solve_double_6u_4u_Pipeline_1                                  |       74|       74|  4.440 us|  4.440 us|   74|   74|       no|
        |grp_solve_double_6u_4u_Pipeline_2_fu_178                                  |solve_double_6u_4u_Pipeline_2                                  |       50|       50|  3.000 us|  3.000 us|   50|   50|       no|
        |grp_solve_double_6u_4u_Pipeline_VITIS_LOOP_162_1_VITIS_LOOP_163_2_fu_183  |solve_double_6u_4u_Pipeline_VITIS_LOOP_162_1_VITIS_LOOP_163_2  |        ?|        ?|         ?|         ?|    ?|    ?|       no|
        |grp_svd_2_fu_192                                                          |svd_2                                                          |        ?|        ?|         ?|         ?|    ?|    ?|       no|
        |grp_solve_double_6u_4u_Pipeline_VITIS_LOOP_114_1_fu_199                   |solve_double_6u_4u_Pipeline_VITIS_LOOP_114_1                   |        8|        8|  0.480 us|  0.480 us|    8|    8|       no|
        |grp_solve_double_6u_4u_Pipeline_VITIS_LOOP_314_2_fu_205                   |solve_double_6u_4u_Pipeline_VITIS_LOOP_314_2                   |        ?|        ?|         ?|         ?|    ?|    ?|       no|
        |grp_solve_double_6u_4u_Pipeline_VITIS_LOOP_320_3_fu_215                   |solve_double_6u_4u_Pipeline_VITIS_LOOP_320_3                   |        ?|        ?|         ?|         ?|    ?|    ?|       no|
        +--------------------------------------------------------------------------+---------------------------------------------------------------+---------+---------+----------+----------+-----+-----+---------+

        * Loop: 
        +--------------------+---------+---------+----------+-----------+-----------+------+----------+
        |                    |  Latency (cycles) | Iteration|  Initiation Interval  | Trip |          |
        |      Loop Name     |   min   |   max   |  Latency |  achieved |   target  | Count| Pipelined|
        +--------------------+---------+---------+----------+-----------+-----------+------+----------+
        |- Loop 1            |       32|       32|         1|          -|          -|    32|        no|
        |- VITIS_LOOP_309_1  |        ?|        ?|         ?|          -|          -|     ?|        no|
        +--------------------+---------+---------+----------+-----------+-----------+------+----------+



================================================================
== Utilization Estimates
================================================================
* Summary: 
+---------------------+---------+------+---------+--------+-----+
|         Name        | BRAM_18K|  DSP |    FF   |   LUT  | URAM|
+---------------------+---------+------+---------+--------+-----+
|DSP                  |        -|     -|        -|       -|    -|
|Expression           |        -|     -|        0|    1355|    -|
|FIFO                 |        -|     -|        -|       -|    -|
|Instance             |        0|   307|    16055|   48835|    0|
|Memory               |        0|     -|      192|     195|    0|
|Multiplexer          |        -|     -|        -|     486|    -|
|Register             |        -|     -|      652|       -|    -|
+---------------------+---------+------+---------+--------+-----+
|Total                |        0|   307|    16899|   50871|    0|
+---------------------+---------+------+---------+--------+-----+
|Available SLR        |     1344|  2976|   871680|  435840|  320|
+---------------------+---------+------+---------+--------+-----+
|Utilization SLR (%)  |        0|    10|        1|      11|    0|
+---------------------+---------+------+---------+--------+-----+
|Available            |     2688|  5952|  1743360|  871680|  640|
+---------------------+---------+------+---------+--------+-----+
|Utilization (%)      |        0|     5|       ~0|       5|    0|
+---------------------+---------+------+---------+--------+-----+

+ Detail: 
    * Instance: 
    +--------------------------------------------------------------------------+---------------------------------------------------------------+---------+-----+-------+-------+-----+
    |                                 Instance                                 |                             Module                            | BRAM_18K| DSP |   FF  |  LUT  | URAM|
    +--------------------------------------------------------------------------+---------------------------------------------------------------+---------+-----+-------+-------+-----+
    |dmul_64ns_64ns_64_1_max_dsp_1_U1528                                       |dmul_64ns_64ns_64_1_max_dsp_1                                  |        0|    8|      0|    106|    0|
    |mul_32ns_32ns_64_1_1_U1530                                                |mul_32ns_32ns_64_1_1                                           |        0|    3|      0|     20|    0|
    |grp_solve_double_6u_4u_Pipeline_1_fu_173                                  |solve_double_6u_4u_Pipeline_1                                  |        0|    0|      9|     76|    0|
    |grp_solve_double_6u_4u_Pipeline_2_fu_178                                  |solve_double_6u_4u_Pipeline_2                                  |        0|    0|      8|     75|    0|
    |grp_solve_double_6u_4u_Pipeline_VITIS_LOOP_114_1_fu_199                   |solve_double_6u_4u_Pipeline_VITIS_LOOP_114_1                   |        0|    1|    142|   2465|    0|
    |grp_solve_double_6u_4u_Pipeline_VITIS_LOOP_162_1_VITIS_LOOP_163_2_fu_183  |solve_double_6u_4u_Pipeline_VITIS_LOOP_162_1_VITIS_LOOP_163_2  |        0|    4|    173|   2424|    0|
    |grp_solve_double_6u_4u_Pipeline_VITIS_LOOP_314_2_fu_205                   |solve_double_6u_4u_Pipeline_VITIS_LOOP_314_2                   |        0|   15|    200|   2964|    0|
    |grp_solve_double_6u_4u_Pipeline_VITIS_LOOP_320_3_fu_215                   |solve_double_6u_4u_Pipeline_VITIS_LOOP_320_3                   |        0|   15|    210|   5107|    0|
    |grp_svd_2_fu_192                                                          |svd_2                                                          |        0|  261|  15313|  35598|    0|
    +--------------------------------------------------------------------------+---------------------------------------------------------------+---------+-----+-------+-------+-----+
    |Total                                                                     |                                                               |        0|  307|  16055|  48835|    0|
    +--------------------------------------------------------------------------+---------------------------------------------------------------+---------+-----+-------+-------+-----+

    * DSP: 
    N/A

    * Memory: 
    +-----------+--------------------------------------------+---------+----+----+-----+------+-----+------+-------------+
    |   Memory  |                   Module                   | BRAM_18K| FF | LUT| URAM| Words| Bits| Banks| W*Bits*Banks|
    +-----------+--------------------------------------------+---------+----+----+-----+------+-----+------+-------------+
    |V_U        |solve_double_6u_4u_s_V_RAM_AUTO_1R1W        |        0|  64|  65|    0|    37|   64|     1|         2368|
    |ref_tmp_U  |solve_double_6u_4u_s_ref_tmp_RAM_AUTO_1R1W  |        0|  64|  65|    0|    25|   64|     1|         1600|
    |U_U        |svd_2_ref_tmp3_RAM_AUTO_1R1W                |        0|  64|  65|    0|    17|   64|     1|         1088|
    +-----------+--------------------------------------------+---------+----+----+-----+------+-----+------+-------------+
    |Total      |                                            |        0| 192| 195|    0|    79|  192|     3|         5056|
    +-----------+--------------------------------------------+---------+----+----+-----+------+-----+------+-------------+

    * FIFO: 
    N/A

    * Expression: 
    +---------------------------------+----------+----+---+------+------------+------------+
    |          Variable Name          | Operation| DSP| FF|  LUT | Bitwidth P0| Bitwidth P1|
    +---------------------------------+----------+----+---+------+------------+------------+
    |add_ln309_fu_344_p2              |         +|   0|  0|    39|          32|           1|
    |p_cast26_fu_280_p2               |         +|   0|  0|    12|           5|           1|
    |exitcond60_fu_286_p2             |      icmp|   0|  0|     9|           5|           2|
    |icmp_ln309_fu_339_p2             |      icmp|   0|  0|    20|          32|          32|
    |lshr_ln311_fu_379_p2             |      lshr|   0|  0|  1255|         320|         320|
    |ap_block_state4_on_subcall_done  |        or|   0|  0|     2|           1|           1|
    |ap_block_state8_on_subcall_done  |        or|   0|  0|     2|           1|           1|
    |empty_1176_fu_258_p2             |       shl|   0|  0|    16|           4|           8|
    +---------------------------------+----------+----+---+------+------------+------------+
    |Total                            |          |   0|  0|  1355|         400|         366|
    +---------------------------------+----------+----+---+------+------------+------------+

    * Multiplexer: 
    +--------------------+----+-----------+-----+-----------+
    |        Name        | LUT| Input Size| Bits| Total Bits|
    +--------------------+----+-----------+-----+-----------+
    |U_address0          |  26|          5|    5|         25|
    |U_ce0               |  20|          4|    1|          4|
    |U_d0                |  20|          4|   64|        256|
    |U_we0               |  20|          4|    8|         32|
    |V_address0          |  26|          5|    6|         30|
    |V_ce0               |  26|          5|    1|          5|
    |V_ce1               |   9|          2|    1|          2|
    |V_d0                |  20|          4|   64|        256|
    |V_we0               |  20|          4|    8|         32|
    |V_we1               |   9|          2|    8|         16|
    |ap_NS_fsm           |  81|         17|    1|         17|
    |epnp_address0       |  31|          6|    8|         48|
    |epnp_ce0            |  31|          6|    1|          6|
    |epnp_d0             |  14|          3|  448|       1344|
    |epnp_we0            |  14|          3|   56|        168|
    |i_8_fu_112          |   9|          2|   32|         64|
    |loop_index_i_fu_92  |   9|          2|    5|         10|
    |ref_tmp_address0    |  26|          5|    5|         25|
    |ref_tmp_ce0         |  26|          5|    1|          5|
    |ref_tmp_ce1         |   9|          2|    1|          2|
    |ref_tmp_d0          |  20|          4|   64|        256|
    |ref_tmp_we0         |  20|          4|    8|         32|
    +--------------------+----+-----------+-----+-----------+
    |Total               | 486|         98|  796|       2635|
    +--------------------+----+-----------+-----+-----------+

    * Register: 
    +---------------------------------------------------------------------------------------+-----+----+-----+-----------+
    |                                          Name                                         |  FF | LUT| Bits| Const Bits|
    +---------------------------------------------------------------------------------------+-----+----+-----+-----------+
    |W_reg_455                                                                              |  320|   0|  320|          0|
    |ap_CS_fsm                                                                              |   16|   0|   16|          0|
    |bound_reg_450                                                                          |   64|   0|   64|          0|
    |grp_solve_double_6u_4u_Pipeline_1_fu_173_ap_start_reg                                  |    1|   0|    1|          0|
    |grp_solve_double_6u_4u_Pipeline_2_fu_178_ap_start_reg                                  |    1|   0|    1|          0|
    |grp_solve_double_6u_4u_Pipeline_VITIS_LOOP_114_1_fu_199_ap_start_reg                   |    1|   0|    1|          0|
    |grp_solve_double_6u_4u_Pipeline_VITIS_LOOP_162_1_VITIS_LOOP_163_2_fu_183_ap_start_reg  |    1|   0|    1|          0|
    |grp_solve_double_6u_4u_Pipeline_VITIS_LOOP_314_2_fu_205_ap_start_reg                   |    1|   0|    1|          0|
    |grp_solve_double_6u_4u_Pipeline_VITIS_LOOP_320_3_fu_215_ap_start_reg                   |    1|   0|    1|          0|
    |grp_svd_2_fu_192_ap_start_reg                                                          |    1|   0|    1|          0|
    |i_8_fu_112                                                                             |   32|   0|   32|          0|
    |loop_index_i_fu_92                                                                     |    5|   0|    5|          0|
    |p_cast_reg_438                                                                         |   32|   0|   32|          0|
    |s_reg_483                                                                              |   64|   0|   64|          0|
    |trunc_ln311_6_reg_488                                                                  |    5|   0|    8|          3|
    |trunc_ln311_7_reg_468                                                                  |    6|   0|    9|          3|
    |trunc_ln311_reg_463                                                                    |    5|   0|    5|          0|
    |trunc_ln_reg_443                                                                       |   32|   0|   32|          0|
    |wi_reg_478                                                                             |   64|   0|   64|          0|
    +---------------------------------------------------------------------------------------+-----+----+-----+-----------+
    |Total                                                                                  |  652|   0|  658|          6|
    +---------------------------------------------------------------------------------------+-----+----+-----+-----------+



================================================================
== Interface
================================================================
* Summary: 
+---------------------+-----+-----+------------+-----------------------+--------------+
|      RTL Ports      | Dir | Bits|  Protocol  |     Source Object     |    C Type    |
+---------------------+-----+-----+------------+-----------------------+--------------+
|ap_clk               |   in|    1|  ap_ctrl_hs|  solve<double, 6u, 4u>|  return value|
|ap_rst               |   in|    1|  ap_ctrl_hs|  solve<double, 6u, 4u>|  return value|
|ap_start             |   in|    1|  ap_ctrl_hs|  solve<double, 6u, 4u>|  return value|
|ap_done              |  out|    1|  ap_ctrl_hs|  solve<double, 6u, 4u>|  return value|
|ap_idle              |  out|    1|  ap_ctrl_hs|  solve<double, 6u, 4u>|  return value|
|ap_ready             |  out|    1|  ap_ctrl_hs|  solve<double, 6u, 4u>|  return value|
|grp_fu_1641_p_din0   |  out|   64|  ap_ctrl_hs|  solve<double, 6u, 4u>|  return value|
|grp_fu_1641_p_din1   |  out|   64|  ap_ctrl_hs|  solve<double, 6u, 4u>|  return value|
|grp_fu_1641_p_dout0  |   in|   64|  ap_ctrl_hs|  solve<double, 6u, 4u>|  return value|
|grp_fu_1641_p_ce     |  out|    1|  ap_ctrl_hs|  solve<double, 6u, 4u>|  return value|
|epnp_address0        |  out|    8|   ap_memory|                   epnp|         array|
|epnp_ce0             |  out|    1|   ap_memory|                   epnp|         array|
|epnp_we0             |  out|   56|   ap_memory|                   epnp|         array|
|epnp_d0              |  out|  448|   ap_memory|                   epnp|         array|
|epnp_q0              |   in|  448|   ap_memory|                   epnp|         array|
+---------------------+-----+-----+------------+-----------------------+--------------+

