

================================================================
== Vitis HLS Report for 'solve_Pipeline_VITIS_LOOP_242_6'
================================================================
* Date:           Sun Feb  5 16:53:44 2023

* Version:        2022.1 (Build 3526262 on Mon Apr 18 15:47:01 MDT 2022)
* Project:        hls_EstimateMotion
* Solution:       solution1 (Vivado IP Flow Target)
* Product family: virtexuplus
* Target device:  xcu50-fsvh2104-2L-e


================================================================
== Performance Estimates
================================================================
+ Timing: 
    * Summary: 
    +--------+----------+----------+------------+
    |  Clock |  Target  | Estimated| Uncertainty|
    +--------+----------+----------+------------+
    |ap_clk  |  60.00 ns|  1.960 ns|    16.20 ns|
    +--------+----------+----------+------------+

+ Latency: 
    * Summary: 
    +---------+---------+----------+----------+-----+-----+---------+
    |  Latency (cycles) |  Latency (absolute) |  Interval | Pipeline|
    |   min   |   max   |    min   |    max   | min | max |   Type  |
    +---------+---------+----------+----------+-----+-----+---------+
    |        ?|        ?|         ?|         ?|    ?|    ?|       no|
    +---------+---------+----------+----------+-----+-----+---------+

    + Detail: 
        * Instance: 
        N/A

        * Loop: 
        +--------------------+---------+---------+----------+-----------+-----------+------+----------+
        |                    |  Latency (cycles) | Iteration|  Initiation Interval  | Trip |          |
        |      Loop Name     |   min   |   max   |  Latency |  achieved |   target  | Count| Pipelined|
        +--------------------+---------+---------+----------+-----------+-----------+------+----------+
        |- VITIS_LOOP_242_6  |        ?|        ?|         4|          4|          1|     ?|       yes|
        +--------------------+---------+---------+----------+-----------+-----------+------+----------+



================================================================
== Utilization Estimates
================================================================
* Summary: 
+---------------------+---------+------+---------+--------+-----+
|         Name        | BRAM_18K|  DSP |    FF   |   LUT  | URAM|
+---------------------+---------+------+---------+--------+-----+
|DSP                  |        -|     -|        -|       -|    -|
|Expression           |        -|     -|        0|      87|    -|
|FIFO                 |        -|     -|        -|       -|    -|
|Instance             |        -|     -|        -|       -|    -|
|Memory               |        -|     -|        -|       -|    -|
|Multiplexer          |        -|     -|        -|      96|    -|
|Register             |        -|     -|      109|       -|    -|
+---------------------+---------+------+---------+--------+-----+
|Total                |        0|     0|      109|     183|    0|
+---------------------+---------+------+---------+--------+-----+
|Available SLR        |     1344|  2976|   871680|  435840|  320|
+---------------------+---------+------+---------+--------+-----+
|Utilization SLR (%)  |        0|     0|       ~0|      ~0|    0|
+---------------------+---------+------+---------+--------+-----+
|Available            |     2688|  5952|  1743360|  871680|  640|
+---------------------+---------+------+---------+--------+-----+
|Utilization (%)      |        0|     0|       ~0|      ~0|    0|
+---------------------+---------+------+---------+--------+-----+

+ Detail: 
    * Instance: 
    N/A

    * DSP: 
    N/A

    * Memory: 
    N/A

    * FIFO: 
    N/A

    * Expression: 
    +-----------------------+----------+----+---+----+------------+------------+
    |     Variable Name     | Operation| DSP| FF| LUT| Bitwidth P0| Bitwidth P1|
    +-----------------------+----------+----+---+----+------------+------------+
    |add_ln242_fu_122_p2    |         +|   0|  0|  39|          32|           1|
    |add_ln243_1_fu_145_p2  |         +|   0|  0|  14|           7|           7|
    |add_ln243_fu_140_p2    |         +|   0|  0|  14|           7|           7|
    |icmp_ln242_fu_116_p2   |      icmp|   0|  0|  20|          32|          32|
    +-----------------------+----------+----+---+----+------------+------------+
    |Total                  |          |   0|  0|  87|          78|          47|
    +-----------------------+----------+----+---+----+------------+------------+

    * Multiplexer: 
    +---------------------+----+-----------+-----+-----------+
    |         Name        | LUT| Input Size| Bits| Total Bits|
    +---------------------+----+-----------+-----+-----------+
    |ap_NS_fsm            |  26|          5|    1|          5|
    |ap_done_int          |   9|          2|    1|          2|
    |l_31_fu_48           |   9|          2|   32|         64|
    |ref_tmp168_address0  |  20|          4|    4|         16|
    |ref_tmp168_address1  |  14|          3|    4|         12|
    |ref_tmp168_we0       |   9|          2|    8|         16|
    |ref_tmp168_we1       |   9|          2|    8|         16|
    +---------------------+----+-----------+-----+-----------+
    |Total                |  96|         20|   58|        131|
    +---------------------+----+-----------+-----+-----------+

    * Register: 
    +---------------------------+----+----+-----+-----------+
    |            Name           | FF | LUT| Bits| Const Bits|
    +---------------------------+----+----+-----+-----------+
    |ap_CS_fsm                  |   4|   0|    4|          0|
    |ap_done_reg                |   1|   0|    1|          0|
    |l_31_fu_48                 |  32|   0|   32|          0|
    |ref_tmp168_addr_1_reg_210  |   4|   0|    4|          0|
    |ref_tmp168_addr_2_reg_216  |   4|   0|    4|          0|
    |temp_reg_221               |  64|   0|   64|          0|
    +---------------------------+----+----+-----+-----------+
    |Total                      | 109|   0|  109|          0|
    +---------------------------+----+----+-----+-----------+



================================================================
== Interface
================================================================
* Summary: 
+---------------------+-----+-----+------------+---------------------------------+--------------+
|      RTL Ports      | Dir | Bits|  Protocol  |          Source Object          |    C Type    |
+---------------------+-----+-----+------------+---------------------------------+--------------+
|ap_clk               |   in|    1|  ap_ctrl_hs|  solve_Pipeline_VITIS_LOOP_242_6|  return value|
|ap_rst               |   in|    1|  ap_ctrl_hs|  solve_Pipeline_VITIS_LOOP_242_6|  return value|
|ap_start             |   in|    1|  ap_ctrl_hs|  solve_Pipeline_VITIS_LOOP_242_6|  return value|
|ap_done              |  out|    1|  ap_ctrl_hs|  solve_Pipeline_VITIS_LOOP_242_6|  return value|
|ap_idle              |  out|    1|  ap_ctrl_hs|  solve_Pipeline_VITIS_LOOP_242_6|  return value|
|ap_ready             |  out|    1|  ap_ctrl_hs|  solve_Pipeline_VITIS_LOOP_242_6|  return value|
|ref_tmp168_address0  |  out|    4|   ap_memory|                       ref_tmp168|         array|
|ref_tmp168_ce0       |  out|    1|   ap_memory|                       ref_tmp168|         array|
|ref_tmp168_we0       |  out|    8|   ap_memory|                       ref_tmp168|         array|
|ref_tmp168_d0        |  out|   64|   ap_memory|                       ref_tmp168|         array|
|ref_tmp168_q0        |   in|   64|   ap_memory|                       ref_tmp168|         array|
|ref_tmp168_address1  |  out|    4|   ap_memory|                       ref_tmp168|         array|
|ref_tmp168_ce1       |  out|    1|   ap_memory|                       ref_tmp168|         array|
|ref_tmp168_we1       |  out|    8|   ap_memory|                       ref_tmp168|         array|
|ref_tmp168_d1        |  out|   64|   ap_memory|                       ref_tmp168|         array|
|ref_tmp168_q1        |   in|   64|   ap_memory|                       ref_tmp168|         array|
|sub_ln243            |   in|    7|     ap_none|                        sub_ln243|        scalar|
|sub_ln243_1          |   in|    7|     ap_none|                      sub_ln243_1|        scalar|
+---------------------+-----+-----+------------+---------------------------------+--------------+

