

================================================================
== Vitis HLS Report for 'solve_double_6u_6u_Pipeline_VITIS_LOOP_320_3'
================================================================
* Date:           Sun Feb  5 17:04:12 2023

* Version:        2022.1 (Build 3526262 on Mon Apr 18 15:47:01 MDT 2022)
* Project:        hls_EstimateMotion
* Solution:       solution1 (Vivado IP Flow Target)
* Product family: virtexuplus
* Target device:  xcu50-fsvh2104-2L-e


================================================================
== Performance Estimates
================================================================
+ Timing: 
    * Summary: 
    +--------+----------+-----------+------------+
    |  Clock |  Target  | Estimated | Uncertainty|
    +--------+----------+-----------+------------+
    |ap_clk  |  60.00 ns|  40.689 ns|    16.20 ns|
    +--------+----------+-----------+------------+

+ Latency: 
    * Summary: 
    +---------+---------+----------+----------+-----+-----+---------+
    |  Latency (cycles) |  Latency (absolute) |  Interval | Pipeline|
    |   min   |   max   |    min   |    max   | min | max |   Type  |
    +---------+---------+----------+----------+-----+-----+---------+
    |        ?|        ?|         ?|         ?|    ?|    ?|       no|
    +---------+---------+----------+----------+-----+-----+---------+

    + Detail: 
        * Instance: 
        N/A

        * Loop: 
        +--------------------+---------+---------+----------+-----------+-----------+------+----------+
        |                    |  Latency (cycles) | Iteration|  Initiation Interval  | Trip |          |
        |      Loop Name     |   min   |   max   |  Latency |  achieved |   target  | Count| Pipelined|
        +--------------------+---------+---------+----------+-----------+-----------+------+----------+
        |- VITIS_LOOP_320_3  |        ?|        ?|         3|          2|          1|     ?|       yes|
        +--------------------+---------+---------+----------+-----------+-----------+------+----------+



================================================================
== Utilization Estimates
================================================================
* Summary: 
+---------------------+---------+------+---------+--------+-----+
|         Name        | BRAM_18K|  DSP |    FF   |   LUT  | URAM|
+---------------------+---------+------+---------+--------+-----+
|DSP                  |        -|     -|        -|       -|    -|
|Expression           |        -|     -|        0|    4197|    -|
|FIFO                 |        -|     -|        -|       -|    -|
|Instance             |        -|    15|        0|     840|    -|
|Memory               |        -|     -|        -|       -|    -|
|Multiplexer          |        -|     -|        -|      91|    -|
|Register             |        -|     -|      212|       -|    -|
+---------------------+---------+------+---------+--------+-----+
|Total                |        0|    15|      212|    5128|    0|
+---------------------+---------+------+---------+--------+-----+
|Available SLR        |     1344|  2976|   871680|  435840|  320|
+---------------------+---------+------+---------+--------+-----+
|Utilization SLR (%)  |        0|    ~0|       ~0|       1|    0|
+---------------------+---------+------+---------+--------+-----+
|Available            |     2688|  5952|  1743360|  871680|  640|
+---------------------+---------+------+---------+--------+-----+
|Utilization (%)      |        0|    ~0|       ~0|      ~0|    0|
+---------------------+---------+------+---------+--------+-----+

+ Detail: 
    * Instance: 
    +--------------------------------------+--------------------------------+---------+----+---+-----+-----+
    |               Instance               |             Module             | BRAM_18K| DSP| FF| LUT | URAM|
    +--------------------------------------+--------------------------------+---------+----+---+-----+-----+
    |dadd_64ns_64ns_64_1_full_dsp_1_U4179  |dadd_64ns_64ns_64_1_full_dsp_1  |        0|   3|  0|  708|    0|
    |dmul_64ns_64ns_64_1_max_dsp_1_U4180   |dmul_64ns_64ns_64_1_max_dsp_1   |        0|   8|  0|  106|    0|
    |mul_36ns_38ns_72_1_1_U4181            |mul_36ns_38ns_72_1_1            |        0|   4|  0|   26|    0|
    +--------------------------------------+--------------------------------+---------+----+---+-----+-----+
    |Total                                 |                                |        0|  15|  0|  840|    0|
    +--------------------------------------+--------------------------------+---------+----+---+-----+-----+

    * DSP: 
    N/A

    * Memory: 
    N/A

    * FIFO: 
    N/A

    * Expression: 
    +-----------------------+----------+----+---+------+------------+------------+
    |     Variable Name     | Operation| DSP| FF|  LUT | Bitwidth P0| Bitwidth P1|
    +-----------------------+----------+----+---+------+------------+------------+
    |add_ln320_fu_144_p2    |         +|   0|  0|    39|          32|           1|
    |add_ln322_1_fu_286_p2  |         +|   0|  0|    44|          37|          37|
    |add_ln322_2_fu_180_p2  |         +|   0|  0|    18|           9|           9|
    |add_ln322_3_fu_297_p2  |         +|   0|  0|    37|          37|          16|
    |add_ln322_4_fu_303_p2  |         +|   0|  0|    37|          37|          37|
    |add_ln322_fu_221_p2    |         +|   0|  0|    43|          36|          16|
    |sub_ln322_1_fu_174_p2  |         -|   0|  0|    18|           9|           9|
    |sub_ln322_fu_280_p2    |         -|   0|  0|    44|          37|          37|
    |icmp_ln320_fu_138_p2   |      icmp|   0|  0|    20|          32|          32|
    |lshr_ln322_fu_324_p2   |      lshr|   0|  0|  1865|         448|         448|
    |shl_ln322_fu_350_p2    |       shl|   0|  0|   165|           8|          56|
    |solver_d0              |       shl|   0|  0|  1865|         448|         448|
    |ap_enable_pp0          |       xor|   0|  0|     2|           1|           2|
    +-----------------------+----------+----+---+------+------------+------------+
    |Total                  |          |   0|  0|  4197|        1171|        1148|
    +-----------------------+----------+----+---+------+------------+------------+

    * Multiplexer: 
    +-----------------------------+----+-----------+-----+-----------+
    |             Name            | LUT| Input Size| Bits| Total Bits|
    +-----------------------------+----+-----------+-----+-----------+
    |ap_NS_fsm                    |  14|          3|    1|          3|
    |ap_done_int                  |   9|          2|    1|          2|
    |ap_enable_reg_pp0_iter0      |   9|          2|    1|          2|
    |ap_enable_reg_pp0_iter0_reg  |   9|          2|    1|          2|
    |ap_enable_reg_pp0_iter1      |   9|          2|    1|          2|
    |ap_sig_allocacmp_j           |   9|          2|   32|         64|
    |j_2_fu_74                    |   9|          2|   32|         64|
    |solver_address0              |  14|          3|   10|         30|
    |solver_we0                   |   9|          2|   56|        112|
    +-----------------------------+----+-----------+-----+-----------+
    |Total                        |  91|         20|  135|        281|
    +-----------------------------+----+-----------+-----+-----------+

    * Register: 
    +-----------------------------+----+----+-----+-----------+
    |             Name            | FF | LUT| Bits| Const Bits|
    +-----------------------------+----+----+-----+-----------+
    |add_ln322_1_reg_395          |  34|   0|   37|          3|
    |add_ln322_4_reg_405          |  34|   0|   37|          3|
    |ap_CS_fsm                    |   2|   0|    2|          0|
    |ap_done_reg                  |   1|   0|    1|          0|
    |ap_enable_reg_pp0_iter0_reg  |   1|   0|    1|          0|
    |ap_enable_reg_pp0_iter1      |   1|   0|    1|          0|
    |icmp_ln320_reg_381           |   1|   0|    1|          0|
    |j_2_fu_74                    |  32|   0|   32|          0|
    |j_reg_376                    |  32|   0|   32|          0|
    |mul2_reg_400                 |  64|   0|   64|          0|
    |solver_addr_4_reg_390        |  10|   0|   10|          0|
    +-----------------------------+----+----+-----+-----------+
    |Total                        | 212|   0|  218|          6|
    +-----------------------------+----+----+-----+-----------+



================================================================
== Interface
================================================================
* Summary: 
+-----------------+-----+-----+------------+-------------------------------------------------+--------------+
|    RTL Ports    | Dir | Bits|  Protocol  |                  Source Object                  |    C Type    |
+-----------------+-----+-----+------------+-------------------------------------------------+--------------+
|ap_clk           |   in|    1|  ap_ctrl_hs|  solve<double, 6u, 6u>_Pipeline_VITIS_LOOP_320_3|  return value|
|ap_rst           |   in|    1|  ap_ctrl_hs|  solve<double, 6u, 6u>_Pipeline_VITIS_LOOP_320_3|  return value|
|ap_start         |   in|    1|  ap_ctrl_hs|  solve<double, 6u, 6u>_Pipeline_VITIS_LOOP_320_3|  return value|
|ap_done          |  out|    1|  ap_ctrl_hs|  solve<double, 6u, 6u>_Pipeline_VITIS_LOOP_320_3|  return value|
|ap_idle          |  out|    1|  ap_ctrl_hs|  solve<double, 6u, 6u>_Pipeline_VITIS_LOOP_320_3|  return value|
|ap_ready         |  out|    1|  ap_ctrl_hs|  solve<double, 6u, 6u>_Pipeline_VITIS_LOOP_320_3|  return value|
|p_cast4          |   in|   32|     ap_none|                                          p_cast4|        scalar|
|solver_address0  |  out|   10|   ap_memory|                                           solver|         array|
|solver_ce0       |  out|    1|   ap_memory|                                           solver|         array|
|solver_we0       |  out|   56|   ap_memory|                                           solver|         array|
|solver_d0        |  out|  448|   ap_memory|                                           solver|         array|
|solver_q0        |   in|  448|   ap_memory|                                           solver|         array|
|trunc_ln311_1    |   in|    9|     ap_none|                                    trunc_ln311_1|        scalar|
|U_address0       |  out|    6|   ap_memory|                                                U|         array|
|U_ce0            |  out|    1|   ap_memory|                                                U|         array|
|U_q0             |   in|   64|   ap_memory|                                                U|         array|
|s                |   in|   64|     ap_none|                                                s|        scalar|
+-----------------+-----+-----+------------+-------------------------------------------------+--------------+

