

================================================================
== Vitis HLS Report for 'solve_Pipeline_VITIS_LOOP_265_8'
================================================================
* Date:           Sun Feb  5 16:53:45 2023

* Version:        2022.1 (Build 3526262 on Mon Apr 18 15:47:01 MDT 2022)
* Project:        hls_EstimateMotion
* Solution:       solution1 (Vivado IP Flow Target)
* Product family: virtexuplus
* Target device:  xcu50-fsvh2104-2L-e


================================================================
== Performance Estimates
================================================================
+ Timing: 
    * Summary: 
    +--------+----------+-----------+------------+
    |  Clock |  Target  | Estimated | Uncertainty|
    +--------+----------+-----------+------------+
    |ap_clk  |  60.00 ns|  41.403 ns|    16.20 ns|
    +--------+----------+-----------+------------+

+ Latency: 
    * Summary: 
    +---------+---------+----------+----------+-----+-----+---------+
    |  Latency (cycles) |  Latency (absolute) |  Interval | Pipeline|
    |   min   |   max   |    min   |    max   | min | max |   Type  |
    +---------+---------+----------+----------+-----+-----+---------+
    |        ?|        ?|         ?|         ?|    ?|    ?|       no|
    +---------+---------+----------+----------+-----+-----+---------+

    + Detail: 
        * Instance: 
        N/A

        * Loop: 
        +--------------------+---------+---------+----------+-----------+-----------+------+----------+
        |                    |  Latency (cycles) | Iteration|  Initiation Interval  | Trip |          |
        |      Loop Name     |   min   |   max   |  Latency |  achieved |   target  | Count| Pipelined|
        +--------------------+---------+---------+----------+-----------+-----------+------+----------+
        |- VITIS_LOOP_265_8  |        ?|        ?|         3|          3|          1|     ?|       yes|
        +--------------------+---------+---------+----------+-----------+-----------+------+----------+



================================================================
== Utilization Estimates
================================================================
* Summary: 
+---------------------+---------+------+---------+--------+-----+
|         Name        | BRAM_18K|  DSP |    FF   |   LUT  | URAM|
+---------------------+---------+------+---------+--------+-----+
|DSP                  |        -|     -|        -|       -|    -|
|Expression           |        -|     -|        0|      73|    -|
|FIFO                 |        -|     -|        -|       -|    -|
|Instance             |        -|     8|        0|     106|    -|
|Memory               |        -|     -|        -|       -|    -|
|Multiplexer          |        -|     -|        -|      67|    -|
|Register             |        -|     -|       40|       -|    -|
+---------------------+---------+------+---------+--------+-----+
|Total                |        0|     8|       40|     246|    0|
+---------------------+---------+------+---------+--------+-----+
|Available SLR        |     1344|  2976|   871680|  435840|  320|
+---------------------+---------+------+---------+--------+-----+
|Utilization SLR (%)  |        0|    ~0|       ~0|      ~0|    0|
+---------------------+---------+------+---------+--------+-----+
|Available            |     2688|  5952|  1743360|  871680|  640|
+---------------------+---------+------+---------+--------+-----+
|Utilization (%)      |        0|    ~0|       ~0|      ~0|    0|
+---------------------+---------+------+---------+--------+-----+

+ Detail: 
    * Instance: 
    +------------------------------------+-------------------------------+---------+----+---+-----+-----+
    |              Instance              |             Module            | BRAM_18K| DSP| FF| LUT | URAM|
    +------------------------------------+-------------------------------+---------+----+---+-----+-----+
    |dmul_64ns_64ns_64_1_max_dsp_1_U737  |dmul_64ns_64ns_64_1_max_dsp_1  |        0|   8|  0|  106|    0|
    +------------------------------------+-------------------------------+---------+----+---+-----+-----+
    |Total                               |                               |        0|   8|  0|  106|    0|
    +------------------------------------+-------------------------------+---------+----+---+-----+-----+

    * DSP: 
    N/A

    * Memory: 
    N/A

    * FIFO: 
    N/A

    * Expression: 
    +----------------------+----------+----+---+----+------------+------------+
    |     Variable Name    | Operation| DSP| FF| LUT| Bitwidth P0| Bitwidth P1|
    +----------------------+----------+----+---+----+------------+------------+
    |add_ln265_fu_116_p2   |         +|   0|  0|  39|          32|           1|
    |add_ln266_fu_134_p2   |         +|   0|  0|  14|           7|           7|
    |icmp_ln265_fu_110_p2  |      icmp|   0|  0|  20|          32|          32|
    +----------------------+----------+----+---+----+------------+------------+
    |Total                 |          |   0|  0|  73|          71|          40|
    +----------------------+----------+----+---+----+------------+------------+

    * Multiplexer: 
    +---------------------+----+-----------+-----+-----------+
    |         Name        | LUT| Input Size| Bits| Total Bits|
    +---------------------+----+-----------+-----+-----------+
    |ap_NS_fsm            |  20|          4|    1|          4|
    |ap_done_int          |   9|          2|    1|          2|
    |l_33_fu_50           |   9|          2|   32|         64|
    |ref_tmp168_address0  |  20|          4|    4|         16|
    |ref_tmp168_we0       |   9|          2|    8|         16|
    +---------------------+----+-----------+-----+-----------+
    |Total                |  67|         14|   46|        102|
    +---------------------+----+-----------+-----+-----------+

    * Register: 
    +---------------------------+----+----+-----+-----------+
    |            Name           | FF | LUT| Bits| Const Bits|
    +---------------------------+----+----+-----+-----------+
    |ap_CS_fsm                  |   3|   0|    3|          0|
    |ap_done_reg                |   1|   0|    1|          0|
    |l_33_fu_50                 |  32|   0|   32|          0|
    |ref_tmp168_addr_3_reg_194  |   4|   0|    4|          0|
    +---------------------------+----+----+-----+-----------+
    |Total                      |  40|   0|   40|          0|
    +---------------------------+----+----+-----+-----------+



================================================================
== Interface
================================================================
* Summary: 
+---------------------+-----+-----+------------+---------------------------------+--------------+
|      RTL Ports      | Dir | Bits|  Protocol  |          Source Object          |    C Type    |
+---------------------+-----+-----+------------+---------------------------------+--------------+
|ap_clk               |   in|    1|  ap_ctrl_hs|  solve_Pipeline_VITIS_LOOP_265_8|  return value|
|ap_rst               |   in|    1|  ap_ctrl_hs|  solve_Pipeline_VITIS_LOOP_265_8|  return value|
|ap_start             |   in|    1|  ap_ctrl_hs|  solve_Pipeline_VITIS_LOOP_265_8|  return value|
|ap_done              |  out|    1|  ap_ctrl_hs|  solve_Pipeline_VITIS_LOOP_265_8|  return value|
|ap_idle              |  out|    1|  ap_ctrl_hs|  solve_Pipeline_VITIS_LOOP_265_8|  return value|
|ap_ready             |  out|    1|  ap_ctrl_hs|  solve_Pipeline_VITIS_LOOP_265_8|  return value|
|ref_tmp168_address0  |  out|    4|   ap_memory|                       ref_tmp168|         array|
|ref_tmp168_ce0       |  out|    1|   ap_memory|                       ref_tmp168|         array|
|ref_tmp168_we0       |  out|    8|   ap_memory|                       ref_tmp168|         array|
|ref_tmp168_d0        |  out|   64|   ap_memory|                       ref_tmp168|         array|
|ref_tmp168_q0        |   in|   64|   ap_memory|                       ref_tmp168|         array|
|sub_ln266            |   in|    7|     ap_none|                        sub_ln266|        scalar|
|pivinv               |   in|   64|     ap_none|                           pivinv|        scalar|
+---------------------+-----+-----+------------+---------------------------------+--------------+

