

================================================================
== Vitis HLS Report for 'solve_Pipeline_VITIS_LOOP_276_11'
================================================================
* Date:           Sun Feb  5 16:53:47 2023

* Version:        2022.1 (Build 3526262 on Mon Apr 18 15:47:01 MDT 2022)
* Project:        hls_EstimateMotion
* Solution:       solution1 (Vivado IP Flow Target)
* Product family: virtexuplus
* Target device:  xcu50-fsvh2104-2L-e


================================================================
== Performance Estimates
================================================================
+ Timing: 
    * Summary: 
    +--------+----------+-----------+------------+
    |  Clock |  Target  | Estimated | Uncertainty|
    +--------+----------+-----------+------------+
    |ap_clk  |  60.00 ns|  40.689 ns|    16.20 ns|
    +--------+----------+-----------+------------+

+ Latency: 
    * Summary: 
    +---------+---------+----------+----------+-----+-----+---------+
    |  Latency (cycles) |  Latency (absolute) |  Interval | Pipeline|
    |   min   |   max   |    min   |    max   | min | max |   Type  |
    +---------+---------+----------+----------+-----+-----+---------+
    |        ?|        ?|         ?|         ?|    ?|    ?|       no|
    +---------+---------+----------+----------+-----+-----+---------+

    + Detail: 
        * Instance: 
        N/A

        * Loop: 
        +---------------------+---------+---------+----------+-----------+-----------+------+----------+
        |                     |  Latency (cycles) | Iteration|  Initiation Interval  | Trip |          |
        |      Loop Name      |   min   |   max   |  Latency |  achieved |   target  | Count| Pipelined|
        +---------------------+---------+---------+----------+-----------+-----------+------+----------+
        |- VITIS_LOOP_276_11  |        ?|        ?|         4|          4|          1|     ?|       yes|
        +---------------------+---------+---------+----------+-----------+-----------+------+----------+



================================================================
== Utilization Estimates
================================================================
* Summary: 
+---------------------+---------+------+---------+--------+-----+
|         Name        | BRAM_18K|  DSP |    FF   |   LUT  | URAM|
+---------------------+---------+------+---------+--------+-----+
|DSP                  |        -|     -|        -|       -|    -|
|Expression           |        -|     -|        0|      87|    -|
|FIFO                 |        -|     -|        -|       -|    -|
|Instance             |        -|    11|        0|     814|    -|
|Memory               |        -|     -|        -|       -|    -|
|Multiplexer          |        -|     -|        -|      81|    -|
|Register             |        -|     -|      169|       -|    -|
+---------------------+---------+------+---------+--------+-----+
|Total                |        0|    11|      169|     982|    0|
+---------------------+---------+------+---------+--------+-----+
|Available SLR        |     1344|  2976|   871680|  435840|  320|
+---------------------+---------+------+---------+--------+-----+
|Utilization SLR (%)  |        0|    ~0|       ~0|      ~0|    0|
+---------------------+---------+------+---------+--------+-----+
|Available            |     2688|  5952|  1743360|  871680|  640|
+---------------------+---------+------+---------+--------+-----+
|Utilization (%)      |        0|    ~0|       ~0|      ~0|    0|
+---------------------+---------+------+---------+--------+-----+

+ Detail: 
    * Instance: 
    +-------------------------------------+--------------------------------+---------+----+---+-----+-----+
    |               Instance              |             Module             | BRAM_18K| DSP| FF| LUT | URAM|
    +-------------------------------------+--------------------------------+---------+----+---+-----+-----+
    |dmul_64ns_64ns_64_1_max_dsp_1_U749   |dmul_64ns_64ns_64_1_max_dsp_1   |        0|   8|  0|  106|    0|
    |dsub_64ns_64ns_64_1_full_dsp_1_U748  |dsub_64ns_64ns_64_1_full_dsp_1  |        0|   3|  0|  708|    0|
    +-------------------------------------+--------------------------------+---------+----+---+-----+-----+
    |Total                                |                                |        0|  11|  0|  814|    0|
    +-------------------------------------+--------------------------------+---------+----+---+-----+-----+

    * DSP: 
    N/A

    * Memory: 
    N/A

    * FIFO: 
    N/A

    * Expression: 
    +-----------------------+----------+----+---+----+------------+------------+
    |     Variable Name     | Operation| DSP| FF| LUT| Bitwidth P0| Bitwidth P1|
    +-----------------------+----------+----+---+----+------------+------------+
    |add_ln276_fu_140_p2    |         +|   0|  0|  39|          32|           1|
    |add_ln277_1_fu_178_p2  |         +|   0|  0|  14|           7|           7|
    |add_ln277_fu_158_p2    |         +|   0|  0|  14|           7|           7|
    |icmp_ln276_fu_134_p2   |      icmp|   0|  0|  20|          32|          32|
    +-----------------------+----------+----+---+----+------------+------------+
    |Total                  |          |   0|  0|  87|          78|          47|
    +-----------------------+----------+----+---+----+------------+------------+

    * Multiplexer: 
    +---------------------+----+-----------+-----+-----------+
    |         Name        | LUT| Input Size| Bits| Total Bits|
    +---------------------+----+-----------+-----+-----------+
    |ap_NS_fsm            |  26|          5|    1|          5|
    |ap_done_int          |   9|          2|    1|          2|
    |l_35_fu_52           |   9|          2|   32|         64|
    |ref_tmp168_address0  |  14|          3|    4|         12|
    |ref_tmp168_address1  |  14|          3|    4|         12|
    |ref_tmp168_we1       |   9|          2|    8|         16|
    +---------------------+----+-----------+-----+-----------+
    |Total                |  81|         17|   50|        111|
    +---------------------+----+-----------+-----+-----------+

    * Register: 
    +---------------------------+----+----+-----+-----------+
    |            Name           | FF | LUT| Bits| Const Bits|
    +---------------------------+----+----+-----+-----------+
    |ap_CS_fsm                  |   4|   0|    4|          0|
    |ap_done_reg                |   1|   0|    1|          0|
    |l_35_fu_52                 |  32|   0|   32|          0|
    |mul_reg_258                |  64|   0|   64|          0|
    |ref_tmp168_addr_2_reg_252  |   4|   0|    4|          0|
    |ref_tmp168_load_2_reg_263  |  64|   0|   64|          0|
    +---------------------------+----+----+-----+-----------+
    |Total                      | 169|   0|  169|          0|
    +---------------------------+----+----+-----+-----------+



================================================================
== Interface
================================================================
* Summary: 
+---------------------+-----+-----+------------+----------------------------------+--------------+
|      RTL Ports      | Dir | Bits|  Protocol  |           Source Object          |    C Type    |
+---------------------+-----+-----+------------+----------------------------------+--------------+
|ap_clk               |   in|    1|  ap_ctrl_hs|  solve_Pipeline_VITIS_LOOP_276_11|  return value|
|ap_rst               |   in|    1|  ap_ctrl_hs|  solve_Pipeline_VITIS_LOOP_276_11|  return value|
|ap_start             |   in|    1|  ap_ctrl_hs|  solve_Pipeline_VITIS_LOOP_276_11|  return value|
|ap_done              |  out|    1|  ap_ctrl_hs|  solve_Pipeline_VITIS_LOOP_276_11|  return value|
|ap_idle              |  out|    1|  ap_ctrl_hs|  solve_Pipeline_VITIS_LOOP_276_11|  return value|
|ap_ready             |  out|    1|  ap_ctrl_hs|  solve_Pipeline_VITIS_LOOP_276_11|  return value|
|ref_tmp168_address0  |  out|    4|   ap_memory|                        ref_tmp168|         array|
|ref_tmp168_ce0       |  out|    1|   ap_memory|                        ref_tmp168|         array|
|ref_tmp168_q0        |   in|   64|   ap_memory|                        ref_tmp168|         array|
|ref_tmp168_address1  |  out|    4|   ap_memory|                        ref_tmp168|         array|
|ref_tmp168_ce1       |  out|    1|   ap_memory|                        ref_tmp168|         array|
|ref_tmp168_we1       |  out|    8|   ap_memory|                        ref_tmp168|         array|
|ref_tmp168_d1        |  out|   64|   ap_memory|                        ref_tmp168|         array|
|ref_tmp168_q1        |   in|   64|   ap_memory|                        ref_tmp168|         array|
|sub_ln266            |   in|    7|     ap_none|                         sub_ln266|        scalar|
|dum                  |   in|   64|     ap_none|                               dum|        scalar|
|sub_ln277            |   in|    7|     ap_none|                         sub_ln277|        scalar|
+---------------------+-----+-----+------------+----------------------------------+--------------+

