

================================================================
== Vitis HLS Report for 'solve_double_6u_4u_Pipeline_VITIS_LOOP_320_3'
================================================================
* Date:           Sun Feb  5 16:55:50 2023

* Version:        2022.1 (Build 3526262 on Mon Apr 18 15:47:01 MDT 2022)
* Project:        hls_EstimateMotion
* Solution:       solution1 (Vivado IP Flow Target)
* Product family: virtexuplus
* Target device:  xcu50-fsvh2104-2L-e


================================================================
== Performance Estimates
================================================================
+ Timing: 
    * Summary: 
    +--------+----------+-----------+------------+
    |  Clock |  Target  | Estimated | Uncertainty|
    +--------+----------+-----------+------------+
    |ap_clk  |  60.00 ns|  40.689 ns|    16.20 ns|
    +--------+----------+-----------+------------+

+ Latency: 
    * Summary: 
    +---------+---------+----------+----------+-----+-----+---------+
    |  Latency (cycles) |  Latency (absolute) |  Interval | Pipeline|
    |   min   |   max   |    min   |    max   | min | max |   Type  |
    +---------+---------+----------+----------+-----+-----+---------+
    |        ?|        ?|         ?|         ?|    ?|    ?|       no|
    +---------+---------+----------+----------+-----+-----+---------+

    + Detail: 
        * Instance: 
        N/A

        * Loop: 
        +--------------------+---------+---------+----------+-----------+-----------+------+----------+
        |                    |  Latency (cycles) | Iteration|  Initiation Interval  | Trip |          |
        |      Loop Name     |   min   |   max   |  Latency |  achieved |   target  | Count| Pipelined|
        +--------------------+---------+---------+----------+-----------+-----------+------+----------+
        |- VITIS_LOOP_320_3  |        ?|        ?|         3|          2|          1|     ?|       yes|
        +--------------------+---------+---------+----------+-----------+-----------+------+----------+



================================================================
== Utilization Estimates
================================================================
* Summary: 
+---------------------+---------+------+---------+--------+-----+
|         Name        | BRAM_18K|  DSP |    FF   |   LUT  | URAM|
+---------------------+---------+------+---------+--------+-----+
|DSP                  |        -|     -|        -|       -|    -|
|Expression           |        -|     -|        0|    4176|    -|
|FIFO                 |        -|     -|        -|       -|    -|
|Instance             |        -|    15|        0|     840|    -|
|Memory               |        -|     -|        -|       -|    -|
|Multiplexer          |        -|     -|        -|      91|    -|
|Register             |        -|     -|      210|       -|    -|
+---------------------+---------+------+---------+--------+-----+
|Total                |        0|    15|      210|    5107|    0|
+---------------------+---------+------+---------+--------+-----+
|Available SLR        |     1344|  2976|   871680|  435840|  320|
+---------------------+---------+------+---------+--------+-----+
|Utilization SLR (%)  |        0|    ~0|       ~0|       1|    0|
+---------------------+---------+------+---------+--------+-----+
|Available            |     2688|  5952|  1743360|  871680|  640|
+---------------------+---------+------+---------+--------+-----+
|Utilization (%)      |        0|    ~0|       ~0|      ~0|    0|
+---------------------+---------+------+---------+--------+-----+

+ Detail: 
    * Instance: 
    +--------------------------------------+--------------------------------+---------+----+---+-----+-----+
    |               Instance               |             Module             | BRAM_18K| DSP| FF| LUT | URAM|
    +--------------------------------------+--------------------------------+---------+----+---+-----+-----+
    |dadd_64ns_64ns_64_1_full_dsp_1_U1520  |dadd_64ns_64ns_64_1_full_dsp_1  |        0|   3|  0|  708|    0|
    |dmul_64ns_64ns_64_1_max_dsp_1_U1521   |dmul_64ns_64ns_64_1_max_dsp_1   |        0|   8|  0|  106|    0|
    |mul_36ns_38ns_72_1_1_U1522            |mul_36ns_38ns_72_1_1            |        0|   4|  0|   26|    0|
    +--------------------------------------+--------------------------------+---------+----+---+-----+-----+
    |Total                                 |                                |        0|  15|  0|  840|    0|
    +--------------------------------------+--------------------------------+---------+----+---+-----+-----+

    * DSP: 
    N/A

    * Memory: 
    N/A

    * FIFO: 
    N/A

    * Expression: 
    +-----------------------+----------+----+---+------+------------+------------+
    |     Variable Name     | Operation| DSP| FF|  LUT | Bitwidth P0| Bitwidth P1|
    +-----------------------+----------+----+---+------+------------+------------+
    |add_ln320_fu_142_p2    |         +|   0|  0|    39|          32|           1|
    |add_ln322_5_fu_266_p2  |         +|   0|  0|    44|          37|          37|
    |add_ln322_6_fu_160_p2  |         +|   0|  0|    15|           8|           8|
    |add_ln322_8_fu_277_p2  |         +|   0|  0|    37|          37|          13|
    |add_ln322_9_fu_283_p2  |         +|   0|  0|    37|          37|          37|
    |add_ln322_fu_201_p2    |         +|   0|  0|    43|          36|          13|
    |sub_ln322_fu_260_p2    |         -|   0|  0|    44|          37|          37|
    |icmp_ln320_fu_136_p2   |      icmp|   0|  0|    20|          32|          32|
    |lshr_ln322_fu_304_p2   |      lshr|   0|  0|  1865|         448|         448|
    |epnp_d0                |       shl|   0|  0|  1865|         448|         448|
    |shl_ln322_fu_330_p2    |       shl|   0|  0|   165|           8|          56|
    |ap_enable_pp0          |       xor|   0|  0|     2|           1|           2|
    +-----------------------+----------+----+---+------+------------+------------+
    |Total                  |          |   0|  0|  4176|        1161|        1132|
    +-----------------------+----------+----+---+------+------------+------------+

    * Multiplexer: 
    +-----------------------------+----+-----------+-----+-----------+
    |             Name            | LUT| Input Size| Bits| Total Bits|
    +-----------------------------+----+-----------+-----+-----------+
    |ap_NS_fsm                    |  14|          3|    1|          3|
    |ap_done_int                  |   9|          2|    1|          2|
    |ap_enable_reg_pp0_iter0      |   9|          2|    1|          2|
    |ap_enable_reg_pp0_iter0_reg  |   9|          2|    1|          2|
    |ap_enable_reg_pp0_iter1      |   9|          2|    1|          2|
    |ap_sig_allocacmp_j           |   9|          2|   32|         64|
    |epnp_address0                |  14|          3|    8|         24|
    |epnp_we0                     |   9|          2|   56|        112|
    |j_8_fu_72                    |   9|          2|   32|         64|
    +-----------------------------+----+-----------+-----+-----------+
    |Total                        |  91|         20|  133|        275|
    +-----------------------------+----+-----------+-----+-----------+

    * Register: 
    +-----------------------------+----+----+-----+-----------+
    |             Name            | FF | LUT| Bits| Const Bits|
    +-----------------------------+----+----+-----+-----------+
    |add_ln322_5_reg_375          |  34|   0|   37|          3|
    |add_ln322_9_reg_385          |  34|   0|   37|          3|
    |ap_CS_fsm                    |   2|   0|    2|          0|
    |ap_done_reg                  |   1|   0|    1|          0|
    |ap_enable_reg_pp0_iter0_reg  |   1|   0|    1|          0|
    |ap_enable_reg_pp0_iter1      |   1|   0|    1|          0|
    |epnp_addr_8_reg_370          |   8|   0|    8|          0|
    |icmp_ln320_reg_361           |   1|   0|    1|          0|
    |j_8_fu_72                    |  32|   0|   32|          0|
    |j_reg_356                    |  32|   0|   32|          0|
    |mul8_reg_380                 |  64|   0|   64|          0|
    +-----------------------------+----+----+-----+-----------+
    |Total                        | 210|   0|  216|          6|
    +-----------------------------+----+----+-----+-----------+



================================================================
== Interface
================================================================
* Summary: 
+---------------+-----+-----+------------+-------------------------------------------------+--------------+
|   RTL Ports   | Dir | Bits|  Protocol  |                  Source Object                  |    C Type    |
+---------------+-----+-----+------------+-------------------------------------------------+--------------+
|ap_clk         |   in|    1|  ap_ctrl_hs|  solve<double, 6u, 4u>_Pipeline_VITIS_LOOP_320_3|  return value|
|ap_rst         |   in|    1|  ap_ctrl_hs|  solve<double, 6u, 4u>_Pipeline_VITIS_LOOP_320_3|  return value|
|ap_start       |   in|    1|  ap_ctrl_hs|  solve<double, 6u, 4u>_Pipeline_VITIS_LOOP_320_3|  return value|
|ap_done        |  out|    1|  ap_ctrl_hs|  solve<double, 6u, 4u>_Pipeline_VITIS_LOOP_320_3|  return value|
|ap_idle        |  out|    1|  ap_ctrl_hs|  solve<double, 6u, 4u>_Pipeline_VITIS_LOOP_320_3|  return value|
|ap_ready       |  out|    1|  ap_ctrl_hs|  solve<double, 6u, 4u>_Pipeline_VITIS_LOOP_320_3|  return value|
|trunc_ln162    |   in|   32|     ap_none|                                      trunc_ln162|        scalar|
|epnp_address0  |  out|    8|   ap_memory|                                             epnp|         array|
|epnp_ce0       |  out|    1|   ap_memory|                                             epnp|         array|
|epnp_we0       |  out|   56|   ap_memory|                                             epnp|         array|
|epnp_d0        |  out|  448|   ap_memory|                                             epnp|         array|
|epnp_q0        |   in|  448|   ap_memory|                                             epnp|         array|
|trunc_ln311_6  |   in|    8|     ap_none|                                    trunc_ln311_6|        scalar|
|U_address0     |  out|    5|   ap_memory|                                                U|         array|
|U_ce0          |  out|    1|   ap_memory|                                                U|         array|
|U_q0           |   in|   64|   ap_memory|                                                U|         array|
|s              |   in|   64|     ap_none|                                                s|        scalar|
+---------------+-----+-----+------------+-------------------------------------------------+--------------+

