

================================================================
== Vitis HLS Report for 'solve_double_6u_4u_Pipeline_VITIS_LOOP_114_1'
================================================================
* Date:           Sun Feb  5 16:55:47 2023

* Version:        2022.1 (Build 3526262 on Mon Apr 18 15:47:01 MDT 2022)
* Project:        hls_EstimateMotion
* Solution:       solution1 (Vivado IP Flow Target)
* Product family: virtexuplus
* Target device:  xcu50-fsvh2104-2L-e


================================================================
== Performance Estimates
================================================================
+ Timing: 
    * Summary: 
    +--------+----------+----------+------------+
    |  Clock |  Target  | Estimated| Uncertainty|
    +--------+----------+----------+------------+
    |ap_clk  |  60.00 ns|  2.925 ns|    16.20 ns|
    +--------+----------+----------+------------+

+ Latency: 
    * Summary: 
    +---------+---------+----------+----------+-----+-----+---------+
    |  Latency (cycles) |  Latency (absolute) |  Interval | Pipeline|
    |   min   |   max   |    min   |    max   | min | max |   Type  |
    +---------+---------+----------+----------+-----+-----+---------+
    |        8|        8|  0.480 us|  0.480 us|    8|    8|       no|
    +---------+---------+----------+----------+-----+-----+---------+

    + Detail: 
        * Instance: 
        N/A

        * Loop: 
        +--------------------+---------+---------+----------+-----------+-----------+------+----------+
        |                    |  Latency (cycles) | Iteration|  Initiation Interval  | Trip |          |
        |      Loop Name     |   min   |   max   |  Latency |  achieved |   target  | Count| Pipelined|
        +--------------------+---------+---------+----------+-----------+-----------+------+----------+
        |- VITIS_LOOP_114_1  |        6|        6|         4|          1|          1|     4|       yes|
        +--------------------+---------+---------+----------+-----------+-----------+------+----------+



================================================================
== Utilization Estimates
================================================================
* Summary: 
+---------------------+---------+------+---------+--------+-----+
|         Name        | BRAM_18K|  DSP |    FF   |   LUT  | URAM|
+---------------------+---------+------+---------+--------+-----+
|DSP                  |        -|     1|        -|       -|    -|
|Expression           |        -|     -|        0|    2356|    -|
|FIFO                 |        -|     -|        -|       -|    -|
|Instance             |        -|     -|        -|       -|    -|
|Memory               |        -|     -|        -|       -|    -|
|Multiplexer          |        -|     -|        -|      45|    -|
|Register             |        -|     -|      142|      64|    -|
+---------------------+---------+------+---------+--------+-----+
|Total                |        0|     1|      142|    2465|    0|
+---------------------+---------+------+---------+--------+-----+
|Available SLR        |     1344|  2976|   871680|  435840|  320|
+---------------------+---------+------+---------+--------+-----+
|Utilization SLR (%)  |        0|    ~0|       ~0|      ~0|    0|
+---------------------+---------+------+---------+--------+-----+
|Available            |     2688|  5952|  1743360|  871680|  640|
+---------------------+---------+------+---------+--------+-----+
|Utilization (%)      |        0|    ~0|       ~0|      ~0|    0|
+---------------------+---------+------+---------+--------+-----+

+ Detail: 
    * Instance: 
    N/A

    * DSP: 
    +--------------------------------+--------------------------+-----------+
    |            Instance            |          Module          | Expression|
    +--------------------------------+--------------------------+-----------+
    |mul_mul_13ns_14ns_27_4_1_U1510  |mul_mul_13ns_14ns_27_4_1  |    i0 * i1|
    +--------------------------------+--------------------------+-----------+

    * Memory: 
    N/A

    * FIFO: 
    N/A

    * Expression: 
    +----------------------+----------+----+---+------+------------+------------+
    |     Variable Name    | Operation| DSP| FF|  LUT | Bitwidth P0| Bitwidth P1|
    +----------------------+----------+----+---+------+------------+------------+
    |add_ln114_fu_90_p2    |         +|   0|  0|    10|           3|           1|
    |empty_1118_fu_112_p2  |         +|   0|  0|    18|          11|          11|
    |empty_1119_fu_192_p2  |         +|   0|  0|    10|           5|           5|
    |p_cast13_fu_152_p2    |         +|   0|  0|    10|           5|           5|
    |icmp_ln114_fu_84_p2   |      icmp|   0|  0|     9|           3|           4|
    |empty_1116_fu_142_p2  |      lshr|   0|  0|  1255|         289|         320|
    |empty_1120_fu_201_p2  |       shl|   0|  0|    92|           8|          32|
    |empty_1121_fu_224_p2  |       shl|   0|  0|   950|         256|         256|
    |ap_enable_pp0         |       xor|   0|  0|     2|           1|           2|
    +----------------------+----------+----+---+------+------------+------------+
    |Total                 |          |   0|  0|  2356|         581|         636|
    +----------------------+----------+----+---+------+------------+------------+

    * Multiplexer: 
    +-------------------------+----+-----------+-----+-----------+
    |           Name          | LUT| Input Size| Bits| Total Bits|
    +-------------------------+----+-----------+-----+-----------+
    |ap_done_int              |   9|          2|    1|          2|
    |ap_enable_reg_pp0_iter1  |   9|          2|    1|          2|
    |ap_sig_allocacmp_i       |   9|          2|    3|          6|
    |epnp_we0                 |   9|          2|   32|         64|
    |i_7_fu_60                |   9|          2|    3|          6|
    +-------------------------+----+-----------+-----+-----------+
    |Total                    |  45|         10|   40|         80|
    +-------------------------+----+-----------+-----+-----------+

    * Register: 
    +----------------------------------+----+----+-----+-----------+
    |               Name               | FF | LUT| Bits| Const Bits|
    +----------------------------------+----+----+-----+-----------+
    |ap_CS_fsm                         |   1|   0|    1|          0|
    |ap_done_reg                       |   1|   0|    1|          0|
    |ap_enable_reg_pp0_iter1           |   1|   0|    1|          0|
    |ap_enable_reg_pp0_iter2           |   1|   0|    1|          0|
    |ap_enable_reg_pp0_iter3           |   1|   0|    1|          0|
    |ap_loop_exit_ready_pp0_iter1_reg  |   1|   0|    1|          0|
    |ap_loop_exit_ready_pp0_iter2_reg  |   1|   0|    1|          0|
    |empty_1115_reg_254                |   2|   0|    2|          0|
    |i_7_fu_60                         |   3|   0|    3|          0|
    |tmp_s_reg_259                     |   2|   0|    5|          3|
    |empty_1115_reg_254                |  64|  32|    2|          0|
    |tmp_s_reg_259                     |  64|  32|    5|          3|
    +----------------------------------+----+----+-----+-----------+
    |Total                             | 142|  64|   24|          6|
    +----------------------------------+----+----+-----+-----------+



================================================================
== Interface
================================================================
* Summary: 
+---------------+-----+-----+------------+-------------------------------------------------+--------------+
|   RTL Ports   | Dir | Bits|  Protocol  |                  Source Object                  |    C Type    |
+---------------+-----+-----+------------+-------------------------------------------------+--------------+
|ap_clk         |   in|    1|  ap_ctrl_hs|  solve<double, 6u, 4u>_Pipeline_VITIS_LOOP_114_1|  return value|
|ap_rst         |   in|    1|  ap_ctrl_hs|  solve<double, 6u, 4u>_Pipeline_VITIS_LOOP_114_1|  return value|
|ap_start       |   in|    1|  ap_ctrl_hs|  solve<double, 6u, 4u>_Pipeline_VITIS_LOOP_114_1|  return value|
|ap_done        |  out|    1|  ap_ctrl_hs|  solve<double, 6u, 4u>_Pipeline_VITIS_LOOP_114_1|  return value|
|ap_idle        |  out|    1|  ap_ctrl_hs|  solve<double, 6u, 4u>_Pipeline_VITIS_LOOP_114_1|  return value|
|ap_ready       |  out|    1|  ap_ctrl_hs|  solve<double, 6u, 4u>_Pipeline_VITIS_LOOP_114_1|  return value|
|epnp_address0  |  out|    8|   ap_memory|                                             epnp|         array|
|epnp_ce0       |  out|    1|   ap_memory|                                             epnp|         array|
|epnp_we0       |  out|   56|   ap_memory|                                             epnp|         array|
|epnp_d0        |  out|  448|   ap_memory|                                             epnp|         array|
+---------------+-----+-----+------------+-------------------------------------------------+--------------+

