

================================================================
== Vitis HLS Report for 'step_Pipeline_VITIS_LOOP_459_1'
================================================================
* Date:           Sun Feb  5 17:03:10 2023

* Version:        2022.1 (Build 3526262 on Mon Apr 18 15:47:01 MDT 2022)
* Project:        hls_EstimateMotion
* Solution:       solution1 (Vivado IP Flow Target)
* Product family: virtexuplus
* Target device:  xcu50-fsvh2104-2L-e


================================================================
== Performance Estimates
================================================================
+ Timing: 
    * Summary: 
    +--------+----------+-----------+------------+
    |  Clock |  Target  | Estimated | Uncertainty|
    +--------+----------+-----------+------------+
    |ap_clk  |  60.00 ns|  42.375 ns|    16.20 ns|
    +--------+----------+-----------+------------+

+ Latency: 
    * Summary: 
    +---------+---------+----------+----------+-----+-----+---------+
    |  Latency (cycles) |  Latency (absolute) |  Interval | Pipeline|
    |   min   |   max   |    min   |    max   | min | max |   Type  |
    +---------+---------+----------+----------+-----+-----+---------+
    |        ?|        ?|         ?|         ?|    ?|    ?|       no|
    +---------+---------+----------+----------+-----+-----+---------+

    + Detail: 
        * Instance: 
        N/A

        * Loop: 
        +--------------------+---------+---------+----------+-----------+-----------+------+----------+
        |                    |  Latency (cycles) | Iteration|  Initiation Interval  | Trip |          |
        |      Loop Name     |   min   |   max   |  Latency |  achieved |   target  | Count| Pipelined|
        +--------------------+---------+---------+----------+-----------+-----------+------+----------+
        |- VITIS_LOOP_459_1  |        ?|        ?|         2|          1|          1|     ?|       yes|
        +--------------------+---------+---------+----------+-----------+-----------+------+----------+



================================================================
== Utilization Estimates
================================================================
* Summary: 
+---------------------+---------+------+---------+--------+-----+
|         Name        | BRAM_18K|  DSP |    FF   |   LUT  | URAM|
+---------------------+---------+------+---------+--------+-----+
|DSP                  |        -|     -|        -|       -|    -|
|Expression           |        -|     -|        0|     154|    -|
|FIFO                 |        -|     -|        -|       -|    -|
|Instance             |        -|    23|        0|     156|    -|
|Memory               |        -|     -|        -|       -|    -|
|Multiplexer          |        -|     -|        -|      45|    -|
|Register             |        -|     -|       45|       -|    -|
+---------------------+---------+------+---------+--------+-----+
|Total                |        0|    23|       45|     355|    0|
+---------------------+---------+------+---------+--------+-----+
|Available SLR        |     1344|  2976|   871680|  435840|  320|
+---------------------+---------+------+---------+--------+-----+
|Utilization SLR (%)  |        0|    ~0|       ~0|      ~0|    0|
+---------------------+---------+------+---------+--------+-----+
|Available            |     2688|  5952|  1743360|  871680|  640|
+---------------------+---------+------+---------+--------+-----+
|Utilization (%)      |        0|    ~0|       ~0|      ~0|    0|
+---------------------+---------+------+---------+--------+-----+

+ Detail: 
    * Instance: 
    +-------------------------------------+-------------------------------+---------+----+---+-----+-----+
    |               Instance              |             Module            | BRAM_18K| DSP| FF| LUT | URAM|
    +-------------------------------------+-------------------------------+---------+----+---+-----+-----+
    |dmul_64ns_64ns_64_1_max_dsp_1_U3894  |dmul_64ns_64ns_64_1_max_dsp_1  |        0|   8|  0|  106|    0|
    |mul_64ns_66ns_129_1_1_U3895          |mul_64ns_66ns_129_1_1          |        0|  15|  0|   50|    0|
    +-------------------------------------+-------------------------------+---------+----+---+-----+-----+
    |Total                                |                               |        0|  23|  0|  156|    0|
    +-------------------------------------+-------------------------------+---------+----+---+-----+-----+

    * DSP: 
    N/A

    * Memory: 
    N/A

    * FIFO: 
    N/A

    * Expression: 
    +----------------------+----------+----+---+----+------------+------------+
    |     Variable Name    | Operation| DSP| FF| LUT| Bitwidth P0| Bitwidth P1|
    +----------------------+----------+----+---+----+------------+------------+
    |add_ln459_fu_111_p2   |         +|   0|  0|  39|          32|           1|
    |add_ln460_fu_151_p2   |         +|   0|  0|  47|          40|          16|
    |tmp1_fu_141_p2        |         -|   0|  0|  46|          39|          39|
    |icmp_ln459_fu_105_p2  |      icmp|   0|  0|  20|          32|          32|
    |ap_enable_pp0         |       xor|   0|  0|   2|           1|           2|
    +----------------------+----------+----+---+----+------------+------------+
    |Total                 |          |   0|  0| 154|         144|          90|
    +----------------------+----------+----+---+----+------------+------------+

    * Multiplexer: 
    +-------------------------+----+-----------+-----+-----------+
    |           Name          | LUT| Input Size| Bits| Total Bits|
    +-------------------------+----+-----------+-----+-----------+
    |ap_done_int              |   9|          2|    1|          2|
    |ap_enable_reg_pp0_iter1  |   9|          2|    1|          2|
    |ap_sig_allocacmp_i       |   9|          2|   32|         64|
    |i_134_fu_60              |   9|          2|   32|         64|
    |solver_we0               |   9|          2|    8|         16|
    +-------------------------+----+-----------+-----+-----------+
    |Total                    |  45|         10|   74|        148|
    +-------------------------+----+-----------+-----+-----------+

    * Register: 
    +-------------------------+----+----+-----+-----------+
    |           Name          | FF | LUT| Bits| Const Bits|
    +-------------------------+----+----+-----+-----------+
    |ap_CS_fsm                |   1|   0|    1|          0|
    |ap_done_reg              |   1|   0|    1|          0|
    |ap_enable_reg_pp0_iter1  |   1|   0|    1|          0|
    |i_134_fu_60              |  32|   0|   32|          0|
    |solver_addr_reg_238      |  10|   0|   10|          0|
    +-------------------------+----+----+-----+-----------+
    |Total                    |  45|   0|   45|          0|
    +-------------------------+----+----+-----+-----------+



================================================================
== Interface
================================================================
* Summary: 
+-----------------+-----+-----+------------+--------------------------------+--------------+
|    RTL Ports    | Dir | Bits|  Protocol  |          Source Object         |    C Type    |
+-----------------+-----+-----+------------+--------------------------------+--------------+
|ap_clk           |   in|    1|  ap_ctrl_hs|  step_Pipeline_VITIS_LOOP_459_1|  return value|
|ap_rst           |   in|    1|  ap_ctrl_hs|  step_Pipeline_VITIS_LOOP_459_1|  return value|
|ap_start         |   in|    1|  ap_ctrl_hs|  step_Pipeline_VITIS_LOOP_459_1|  return value|
|ap_done          |  out|    1|  ap_ctrl_hs|  step_Pipeline_VITIS_LOOP_459_1|  return value|
|ap_idle          |  out|    1|  ap_ctrl_hs|  step_Pipeline_VITIS_LOOP_459_1|  return value|
|ap_ready         |  out|    1|  ap_ctrl_hs|  step_Pipeline_VITIS_LOOP_459_1|  return value|
|lshr_ln459_cast  |   in|   32|     ap_none|                 lshr_ln459_cast|        scalar|
|solver_address0  |  out|   10|   ap_memory|                          solver|         array|
|solver_ce0       |  out|    1|   ap_memory|                          solver|         array|
|solver_we0       |  out|   56|   ap_memory|                          solver|         array|
|solver_d0        |  out|  448|   ap_memory|                          solver|         array|
|solver_address1  |  out|   10|   ap_memory|                          solver|         array|
|solver_ce1       |  out|    1|   ap_memory|                          solver|         array|
|solver_q1        |   in|  448|   ap_memory|                          solver|         array|
|add              |   in|   64|     ap_none|                             add|        scalar|
+-----------------+-----+-----+------------+--------------------------------+--------------+

