

================================================================
== Vitis HLS Report for 'step_Pipeline_1'
================================================================
* Date:           Sun Feb  5 17:03:09 2023

* Version:        2022.1 (Build 3526262 on Mon Apr 18 15:47:01 MDT 2022)
* Project:        hls_EstimateMotion
* Solution:       solution1 (Vivado IP Flow Target)
* Product family: virtexuplus
* Target device:  xcu50-fsvh2104-2L-e


================================================================
== Performance Estimates
================================================================
+ Timing: 
    * Summary: 
    +--------+----------+----------+------------+
    |  Clock |  Target  | Estimated| Uncertainty|
    +--------+----------+----------+------------+
    |ap_clk  |  60.00 ns|  8.454 ns|    16.20 ns|
    +--------+----------+----------+------------+

+ Latency: 
    * Summary: 
    +---------+---------+----------+----------+-----+-----+---------+
    |  Latency (cycles) |  Latency (absolute) |  Interval | Pipeline|
    |   min   |   max   |    min   |    max   | min | max |   Type  |
    +---------+---------+----------+----------+-----+-----+---------+
    |        5|        ?|  0.300 us|         ?|    5|    ?|       no|
    +---------+---------+----------+----------+-----+-----+---------+

    + Detail: 
        * Instance: 
        N/A

        * Loop: 
        +----------+---------+---------+----------+-----------+-----------+-------+----------+
        |          |  Latency (cycles) | Iteration|  Initiation Interval  |  Trip |          |
        | Loop Name|   min   |   max   |  Latency |  achieved |   target  | Count | Pipelined|
        +----------+---------+---------+----------+-----------+-----------+-------+----------+
        |- Loop 1  |        3|        ?|         2|          2|          1|  1 ~ ?|       yes|
        +----------+---------+---------+----------+-----------+-----------+-------+----------+



================================================================
== Utilization Estimates
================================================================
* Summary: 
+---------------------+---------+------+---------+--------+-----+
|         Name        | BRAM_18K|  DSP |    FF   |   LUT  | URAM|
+---------------------+---------+------+---------+--------+-----+
|DSP                  |        -|     -|        -|       -|    -|
|Expression           |        -|     -|        0|    4733|    -|
|FIFO                 |        -|     -|        -|       -|    -|
|Instance             |        -|    30|        0|     100|    -|
|Memory               |        -|     -|        -|       -|    -|
|Multiplexer          |        -|     -|        -|      82|    -|
|Register             |        -|     -|      468|       -|    -|
+---------------------+---------+------+---------+--------+-----+
|Total                |        0|    30|      468|    4915|    0|
+---------------------+---------+------+---------+--------+-----+
|Available SLR        |     1344|  2976|   871680|  435840|  320|
+---------------------+---------+------+---------+--------+-----+
|Utilization SLR (%)  |        0|     1|       ~0|       1|    0|
+---------------------+---------+------+---------+--------+-----+
|Available            |     2688|  5952|  1743360|  871680|  640|
+---------------------+---------+------+---------+--------+-----+
|Utilization (%)      |        0|    ~0|       ~0|      ~0|    0|
+---------------------+---------+------+---------+--------+-----+

+ Detail: 
    * Instance: 
    +-----------------------------+-----------------------+---------+----+---+----+-----+
    |           Instance          |         Module        | BRAM_18K| DSP| FF| LUT| URAM|
    +-----------------------------+-----------------------+---------+----+---+----+-----+
    |mul_64ns_66ns_129_1_1_U3888  |mul_64ns_66ns_129_1_1  |        0|  15|  0|  50|    0|
    |mul_64ns_66ns_129_1_1_U3889  |mul_64ns_66ns_129_1_1  |        0|  15|  0|  50|    0|
    +-----------------------------+-----------------------+---------+----+---+----+-----+
    |Total                        |                       |        0|  30|  0| 100|    0|
    +-----------------------------+-----------------------+---------+----+---+----+-----+

    * DSP: 
    N/A

    * Memory: 
    N/A

    * FIFO: 
    N/A

    * Expression: 
    +----------------------+----------+----+---+------+------------+------------+
    |     Variable Name    | Operation| DSP| FF|  LUT | Bitwidth P0| Bitwidth P1|
    +----------------------+----------+----+---+------+------------+------------+
    |empty_1058_fu_152_p2  |         +|   0|  0|    64|          64|          64|
    |empty_1060_fu_218_p2  |         +|   0|  0|    64|          64|          64|
    |empty_1064_fu_234_p2  |         +|   0|  0|    64|          64|          64|
    |empty_1067_fu_384_p2  |         +|   0|  0|    64|          64|          64|
    |empty_1068_fu_400_p2  |         +|   0|  0|    56|          56|          56|
    |empty_1071_fu_239_p2  |         +|   0|  0|    71|          64|           1|
    |tmp2_fu_228_p2        |         +|   0|  0|    64|          64|          16|
    |tmp3_fu_389_p2        |         +|   0|  0|    56|          56|          56|
    |tmp4_fu_394_p2        |         +|   0|  0|    56|          56|          16|
    |tmp_fu_146_p2         |         +|   0|  0|    64|          64|          16|
    |empty_1059_fu_212_p2  |         -|   0|  0|    64|          64|          64|
    |empty_1065_fu_372_p2  |         -|   0|  0|    64|          64|          64|
    |empty_1066_fu_378_p2  |         -|   0|  0|    56|          56|          56|
    |exitcond_fu_245_p2    |      icmp|   0|  0|    29|          64|          64|
    |empty_1061_fu_261_p2  |      lshr|   0|  0|  1865|         448|         448|
    |empty_1069_fu_406_p2  |       shl|   0|  0|   165|           8|          56|
    |solver_d0             |       shl|   0|  0|  1865|         448|         448|
    |ap_enable_pp0         |       xor|   0|  0|     2|           1|           2|
    +----------------------+----------+----+---+------+------------+------------+
    |Total                 |          |   0|  0|  4733|        1769|        1619|
    +----------------------+----------+----+---+------+------------+------------+

    * Multiplexer: 
    +----------------------------------+----+-----------+-----+-----------+
    |               Name               | LUT| Input Size| Bits| Total Bits|
    +----------------------------------+----+-----------+-----+-----------+
    |ap_NS_fsm                         |  14|          3|    1|          3|
    |ap_done_int                       |   9|          2|    1|          2|
    |ap_enable_reg_pp0_iter0           |   9|          2|    1|          2|
    |ap_enable_reg_pp0_iter1           |   9|          2|    1|          2|
    |ap_loop_exit_ready_pp0_iter1_reg  |   9|          2|    1|          2|
    |loop_index_i_fu_78                |   9|          2|   64|        128|
    |solver_address0                   |  14|          3|   10|         30|
    |solver_we0                        |   9|          2|   56|        112|
    +----------------------------------+----+-----------+-----+-----------+
    |Total                             |  82|         18|  135|        281|
    +----------------------------------+----+-----------+-----+-----------+

    * Register: 
    +----------------------------------+----+----+-----+-----------+
    |               Name               | FF | LUT| Bits| Const Bits|
    +----------------------------------+----+----+-----+-----------+
    |ap_CS_fsm                         |   2|   0|    2|          0|
    |ap_done_reg                       |   1|   0|    1|          0|
    |ap_enable_reg_pp0_iter0_reg       |   1|   0|    1|          0|
    |ap_enable_reg_pp0_iter1           |   1|   0|    1|          0|
    |ap_loop_exit_ready_pp0_iter1_reg  |   1|   0|    1|          0|
    |empty_1060_reg_464                |  64|   0|   64|          0|
    |empty_1063_reg_469                |  53|   0|   53|          0|
    |empty_1064_reg_474                |  64|   0|   64|          0|
    |empty_1071_reg_480                |  64|   0|   64|          0|
    |exitcond_reg_485                  |   1|   0|    1|          0|
    |loop_index_i_fu_78                |  64|   0|   64|          0|
    |p_cast20_cast_reg_453             |  64|   0|   64|          0|
    |p_cast21_cast_reg_448             |  56|   0|   56|          0|
    |zext_ln115_cast_reg_443           |  32|   0|   64|         32|
    +----------------------------------+----+----+-----+-----------+
    |Total                             | 468|   0|  500|         32|
    +----------------------------------+----+----+-----+-----------+



================================================================
== Interface
================================================================
* Summary: 
+-----------------+-----+-----+------------+-----------------+--------------+
|    RTL Ports    | Dir | Bits|  Protocol  |  Source Object  |    C Type    |
+-----------------+-----+-----+------------+-----------------+--------------+
|ap_clk           |   in|    1|  ap_ctrl_hs|  step_Pipeline_1|  return value|
|ap_rst           |   in|    1|  ap_ctrl_hs|  step_Pipeline_1|  return value|
|ap_start         |   in|    1|  ap_ctrl_hs|  step_Pipeline_1|  return value|
|ap_done          |  out|    1|  ap_ctrl_hs|  step_Pipeline_1|  return value|
|ap_idle          |  out|    1|  ap_ctrl_hs|  step_Pipeline_1|  return value|
|ap_ready         |  out|    1|  ap_ctrl_hs|  step_Pipeline_1|  return value|
|p_cast20         |   in|   39|     ap_none|         p_cast20|        scalar|
|solver_address0  |  out|   10|   ap_memory|           solver|         array|
|solver_ce0       |  out|    1|   ap_memory|           solver|         array|
|solver_we0       |  out|   56|   ap_memory|           solver|         array|
|solver_d0        |  out|  448|   ap_memory|           solver|         array|
|solver_q0        |   in|  448|   ap_memory|           solver|         array|
|p_cast21         |   in|   39|     ap_none|         p_cast21|        scalar|
|zext_ln115       |   in|   32|     ap_none|       zext_ln115|        scalar|
+-----------------+-----+-----+------------+-----------------+--------------+

