

================================================================
== Vitis HLS Report for 'svd_2_Pipeline_VITIS_LOOP_463_30'
================================================================
* Date:           Sun Feb  5 16:55:28 2023

* Version:        2022.1 (Build 3526262 on Mon Apr 18 15:47:01 MDT 2022)
* Project:        hls_EstimateMotion
* Solution:       solution1 (Vivado IP Flow Target)
* Product family: virtexuplus
* Target device:  xcu50-fsvh2104-2L-e


================================================================
== Performance Estimates
================================================================
+ Timing: 
    * Summary: 
    +--------+----------+-----------+------------+
    |  Clock |  Target  | Estimated | Uncertainty|
    +--------+----------+-----------+------------+
    |ap_clk  |  60.00 ns|  36.154 ns|    16.20 ns|
    +--------+----------+-----------+------------+

+ Latency: 
    * Summary: 
    +---------+---------+----------+----------+-----+-----+---------+
    |  Latency (cycles) |  Latency (absolute) |  Interval | Pipeline|
    |   min   |   max   |    min   |    max   | min | max |   Type  |
    +---------+---------+----------+----------+-----+-----+---------+
    |        ?|        ?|         ?|         ?|    ?|    ?|       no|
    +---------+---------+----------+----------+-----+-----+---------+

    + Detail: 
        * Instance: 
        N/A

        * Loop: 
        +---------------------+---------+---------+----------+-----------+-----------+------+----------+
        |                     |  Latency (cycles) | Iteration|  Initiation Interval  | Trip |          |
        |      Loop Name      |   min   |   max   |  Latency |  achieved |   target  | Count| Pipelined|
        +---------------------+---------+---------+----------+-----------+-----------+------+----------+
        |- VITIS_LOOP_463_30  |        ?|        ?|         5|          5|          1|     ?|       yes|
        +---------------------+---------+---------+----------+-----------+-----------+------+----------+



================================================================
== Utilization Estimates
================================================================
* Summary: 
+---------------------+---------+------+---------+--------+-----+
|         Name        | BRAM_18K|  DSP |    FF   |   LUT  | URAM|
+---------------------+---------+------+---------+--------+-----+
|DSP                  |        -|     -|        -|       -|    -|
|Expression           |        -|     -|        0|     166|    -|
|FIFO                 |        -|     -|        -|       -|    -|
|Instance             |        -|     3|        0|     708|    -|
|Memory               |        -|     -|        -|       -|    -|
|Multiplexer          |        -|     -|        -|     109|    -|
|Register             |        -|     -|      309|       -|    -|
+---------------------+---------+------+---------+--------+-----+
|Total                |        0|     3|      309|     983|    0|
+---------------------+---------+------+---------+--------+-----+
|Available SLR        |     1344|  2976|   871680|  435840|  320|
+---------------------+---------+------+---------+--------+-----+
|Utilization SLR (%)  |        0|    ~0|       ~0|      ~0|    0|
+---------------------+---------+------+---------+--------+-----+
|Available            |     2688|  5952|  1743360|  871680|  640|
+---------------------+---------+------+---------+--------+-----+
|Utilization (%)      |        0|    ~0|       ~0|      ~0|    0|
+---------------------+---------+------+---------+--------+-----+

+ Detail: 
    * Instance: 
    +--------------------------------------+--------------------------------+---------+----+---+-----+-----+
    |               Instance               |             Module             | BRAM_18K| DSP| FF| LUT | URAM|
    +--------------------------------------+--------------------------------+---------+----+---+-----+-----+
    |dadd_64ns_64ns_64_1_full_dsp_1_U1388  |dadd_64ns_64ns_64_1_full_dsp_1  |        0|   3|  0|  708|    0|
    |dcmp_64ns_64ns_1_1_no_dsp_1_U1389     |dcmp_64ns_64ns_1_1_no_dsp_1     |        0|   0|  0|    0|    0|
    +--------------------------------------+--------------------------------+---------+----+---+-----+-----+
    |Total                                 |                                |        0|   3|  0|  708|    0|
    +--------------------------------------+--------------------------------+---------+----+---+-----+-----+

    * DSP: 
    N/A

    * Memory: 
    N/A

    * FIFO: 
    N/A

    * Expression: 
    +------------------------+----------+----+---+----+------------+------------+
    |      Variable Name     | Operation| DSP| FF| LUT| Bitwidth P0| Bitwidth P1|
    +------------------------+----------+----+---+----+------------+------------+
    |add_ln463_fu_231_p2     |         +|   0|  0|  71|          64|           2|
    |and_ln466_3_fu_282_p2   |       and|   0|  0|   2|           1|           1|
    |and_ln466_fu_277_p2     |       and|   0|  0|   2|           1|           1|
    |and_ln471_3_fu_350_p2   |       and|   0|  0|   2|           1|           1|
    |and_ln471_fu_345_p2     |       and|   0|  0|   2|           1|           1|
    |icmp_ln466_7_fu_265_p2  |      icmp|   0|  0|  24|          52|           1|
    |icmp_ln466_8_fu_199_p2  |      icmp|   0|  0|  11|          11|           2|
    |icmp_ln466_fu_259_p2    |      icmp|   0|  0|  11|          11|           2|
    |icmp_ln471_6_fu_333_p2  |      icmp|   0|  0|  24|          52|           1|
    |icmp_ln471_fu_327_p2    |      icmp|   0|  0|  11|          11|           2|
    |or_ln466_3_fu_205_p2    |        or|   0|  0|   2|           1|           1|
    |or_ln466_fu_271_p2      |        or|   0|  0|   2|           1|           1|
    |or_ln471_fu_339_p2      |        or|   0|  0|   2|           1|           1|
    +------------------------+----------+----+---+----+------------+------------+
    |Total                   |          |   0|  0| 166|         208|          17|
    +------------------------+----------+----+---+----+------------+------------+

    * Multiplexer: 
    +----------------------------------------+----+-----------+-----+-----------+
    |                  Name                  | LUT| Input Size| Bits| Total Bits|
    +----------------------------------------+----+-----------+-----+-----------+
    |UnifiedRetVal_reg_140                   |  14|          3|    2|          6|
    |ap_NS_fsm                               |  54|         10|    1|         10|
    |ap_phi_mux_UnifiedRetVal_phi_fu_145_p6  |   9|          2|    2|          4|
    |ap_return                               |   9|          2|    2|          4|
    |grp_fu_156_p0                           |  14|          3|   64|        192|
    |l_11_fu_72                              |   9|          2|   64|        128|
    +----------------------------------------+----+-----------+-----+-----------+
    |Total                                   | 109|         22|  135|        344|
    +----------------------------------------+----+-----------+-----+-----------+

    * Register: 
    +-----------------------+----+----+-----+-----------+
    |          Name         | FF | LUT| Bits| Const Bits|
    +-----------------------+----+----+-----+-----------+
    |UnifiedRetVal_reg_140  |   2|   0|    2|          0|
    |add_ln463_reg_408      |  64|   0|   64|          0|
    |and_ln466_3_reg_418    |   1|   0|    1|          0|
    |ap_CS_fsm              |   9|   0|    9|          0|
    |ap_return_preg         |   2|   0|    2|          0|
    |empty_reg_388          |  32|   0|   32|          0|
    |l_11_fu_72             |  64|   0|   64|          0|
    |l_reg_383              |  64|   0|   64|          0|
    |or_ln466_3_reg_402     |   1|   0|    1|          0|
    |reg_164                |  64|   0|   64|          0|
    |tmp_reg_393            |   1|   0|    1|          0|
    |trunc_ln466_reg_413    |   5|   0|    5|          0|
    +-----------------------+----+----+-----+-----------+
    |Total                  | 309|   0|  309|          0|
    +-----------------------+----+----+-----+-----------+



================================================================
== Interface
================================================================
* Summary: 
+----------------------+-----+-----+------------+----------------------------------+--------------+
|       RTL Ports      | Dir | Bits|  Protocol  |           Source Object          |    C Type    |
+----------------------+-----+-----+------------+----------------------------------+--------------+
|ap_clk                |   in|    1|  ap_ctrl_hs|  svd.2_Pipeline_VITIS_LOOP_463_30|  return value|
|ap_rst                |   in|    1|  ap_ctrl_hs|  svd.2_Pipeline_VITIS_LOOP_463_30|  return value|
|ap_start              |   in|    1|  ap_ctrl_hs|  svd.2_Pipeline_VITIS_LOOP_463_30|  return value|
|ap_done               |  out|    1|  ap_ctrl_hs|  svd.2_Pipeline_VITIS_LOOP_463_30|  return value|
|ap_idle               |  out|    1|  ap_ctrl_hs|  svd.2_Pipeline_VITIS_LOOP_463_30|  return value|
|ap_ready              |  out|    1|  ap_ctrl_hs|  svd.2_Pipeline_VITIS_LOOP_463_30|  return value|
|ap_return             |  out|    2|  ap_ctrl_hs|  svd.2_Pipeline_VITIS_LOOP_463_30|  return value|
|k_157                 |   in|   64|     ap_none|                             k_157|        scalar|
|w_address0            |  out|    3|   ap_memory|                                 w|         array|
|w_ce0                 |  out|    1|   ap_memory|                                 w|         array|
|w_q0                  |   in|   64|   ap_memory|                                 w|         array|
|anorm_0_lcssa         |   in|   64|     ap_none|                     anorm_0_lcssa|        scalar|
|rv1_address0          |  out|    3|   ap_memory|                               rv1|         array|
|rv1_ce0               |  out|    1|   ap_memory|                               rv1|         array|
|rv1_q0                |   in|   64|   ap_memory|                               rv1|         array|
|bitcast_ln466_3       |   in|   63|     ap_none|                   bitcast_ln466_3|        scalar|
|icmp_ln466_9          |   in|    1|     ap_none|                      icmp_ln466_9|        scalar|
|l_11_out              |  out|   32|      ap_vld|                          l_11_out|       pointer|
|l_11_out_ap_vld       |  out|    1|      ap_vld|                          l_11_out|       pointer|
|add_ln463_out         |  out|    5|      ap_vld|                     add_ln463_out|       pointer|
|add_ln463_out_ap_vld  |  out|    1|      ap_vld|                     add_ln463_out|       pointer|
+----------------------+-----+-----+------------+----------------------------------+--------------+

