

================================================================
== Vitis HLS Report for 'svd_5_Pipeline_VITIS_LOOP_588_41'
================================================================
* Date:           Sun Feb  5 17:00:58 2023

* Version:        2022.1 (Build 3526262 on Mon Apr 18 15:47:01 MDT 2022)
* Project:        hls_EstimateMotion
* Solution:       solution1 (Vivado IP Flow Target)
* Product family: virtexuplus
* Target device:  xcu50-fsvh2104-2L-e


================================================================
== Performance Estimates
================================================================
+ Timing: 
    * Summary: 
    +--------+----------+-----------+------------+
    |  Clock |  Target  | Estimated | Uncertainty|
    +--------+----------+-----------+------------+
    |ap_clk  |  60.00 ns|  10.143 ns|    16.20 ns|
    +--------+----------+-----------+------------+

+ Latency: 
    * Summary: 
    +---------+---------+----------+----------+-----+-----+---------+
    |  Latency (cycles) |  Latency (absolute) |  Interval | Pipeline|
    |   min   |   max   |    min   |    max   | min | max |   Type  |
    +---------+---------+----------+----------+-----+-----+---------+
    |        ?|        ?|         ?|         ?|    ?|    ?|       no|
    +---------+---------+----------+----------+-----+-----+---------+

    + Detail: 
        * Instance: 
        N/A

        * Loop: 
        +---------------------+---------+---------+----------+-----------+-----------+------+----------+
        |                     |  Latency (cycles) | Iteration|  Initiation Interval  | Trip |          |
        |      Loop Name      |   min   |   max   |  Latency |  achieved |   target  | Count| Pipelined|
        +---------------------+---------+---------+----------+-----------+-----------+------+----------+
        |- VITIS_LOOP_588_41  |        ?|        ?|         2|          1|          1|     ?|       yes|
        +---------------------+---------+---------+----------+-----------+-----------+------+----------+



================================================================
== Utilization Estimates
================================================================
* Summary: 
+---------------------+---------+------+---------+--------+-----+
|         Name        | BRAM_18K|  DSP |    FF   |   LUT  | URAM|
+---------------------+---------+------+---------+--------+-----+
|DSP                  |        -|     -|        -|       -|    -|
|Expression           |        -|     -|        0|    2138|    -|
|FIFO                 |        -|     -|        -|       -|    -|
|Instance             |        -|    15|        0|      50|    -|
|Memory               |        -|     -|        -|       -|    -|
|Multiplexer          |        -|     -|        -|      36|    -|
|Register             |        -|     -|       75|       -|    -|
+---------------------+---------+------+---------+--------+-----+
|Total                |        0|    15|       75|    2224|    0|
+---------------------+---------+------+---------+--------+-----+
|Available SLR        |     1344|  2976|   871680|  435840|  320|
+---------------------+---------+------+---------+--------+-----+
|Utilization SLR (%)  |        0|    ~0|       ~0|      ~0|    0|
+---------------------+---------+------+---------+--------+-----+
|Available            |     2688|  5952|  1743360|  871680|  640|
+---------------------+---------+------+---------+--------+-----+
|Utilization (%)      |        0|    ~0|       ~0|      ~0|    0|
+---------------------+---------+------+---------+--------+-----+

+ Detail: 
    * Instance: 
    +-----------------------------+-----------------------+---------+----+---+----+-----+
    |           Instance          |         Module        | BRAM_18K| DSP| FF| LUT| URAM|
    +-----------------------------+-----------------------+---------+----+---+----+-----+
    |mul_64ns_66ns_129_1_1_U3265  |mul_64ns_66ns_129_1_1  |        0|  15|  0|  50|    0|
    +-----------------------------+-----------------------+---------+----+---+----+-----+
    |Total                        |                       |        0|  15|  0|  50|    0|
    +-----------------------------+-----------------------+---------+----+---+----+-----+

    * DSP: 
    N/A

    * Memory: 
    N/A

    * FIFO: 
    N/A

    * Expression: 
    +-----------------------+----------+----+---+------+------------+------------+
    |     Variable Name     | Operation| DSP| FF|  LUT | Bitwidth P0| Bitwidth P1|
    +-----------------------+----------+----+---+------+------------+------------+
    |add_ln588_fu_126_p2    |         +|   0|  0|    12|           4|           1|
    |add_ln589_1_fu_180_p2  |         +|   0|  0|    71|          64|          64|
    |add_ln589_2_fu_247_p2  |         +|   0|  0|    64|          64|          64|
    |add_ln589_fu_166_p2    |         +|   0|  0|    21|          14|          14|
    |sub_ln589_1_fu_241_p2  |         -|   0|  0|    64|          64|          64|
    |sub_ln589_fu_156_p2    |         -|   0|  0|    19|          12|          12|
    |icmp_ln588_fu_120_p2   |      icmp|   0|  0|    20|          32|          32|
    |lshr_ln589_fu_273_p2   |      lshr|   0|  0|  1865|         448|         448|
    |ap_enable_pp0          |       xor|   0|  0|     2|           1|           2|
    +-----------------------+----------+----+---+------+------------+------------+
    |Total                  |          |   0|  0|  2138|         703|         701|
    +-----------------------+----------+----+---+------+------------+------------+

    * Multiplexer: 
    +-------------------------+----+-----------+-----+-----------+
    |           Name          | LUT| Input Size| Bits| Total Bits|
    +-------------------------+----+-----------+-----+-----------+
    |ap_done_int              |   9|          2|    1|          2|
    |ap_enable_reg_pp0_iter1  |   9|          2|    1|          2|
    |ap_sig_allocacmp_k_35    |   9|          2|    4|          8|
    |k_fu_66                  |   9|          2|    4|          8|
    +-------------------------+----+-----------+-----+-----------+
    |Total                    |  36|          8|   10|         20|
    +-------------------------+----+-----------+-----+-----------+

    * Register: 
    +-------------------------+----+----+-----+-----------+
    |           Name          | FF | LUT| Bits| Const Bits|
    +-------------------------+----+----+-----+-----------+
    |add_ln589_2_reg_308      |  64|   0|   64|          0|
    |ap_CS_fsm                |   1|   0|    1|          0|
    |ap_done_reg              |   1|   0|    1|          0|
    |ap_enable_reg_pp0_iter1  |   1|   0|    1|          0|
    |k_35_reg_295             |   4|   0|    4|          0|
    |k_fu_66                  |   4|   0|    4|          0|
    +-------------------------+----+----+-----+-----------+
    |Total                    |  75|   0|   75|          0|
    +-------------------------+----+----+-----+-----------+



================================================================
== Interface
================================================================
* Summary: 
+-------------------+-----+-----+------------+----------------------------------+--------------+
|     RTL Ports     | Dir | Bits|  Protocol  |           Source Object          |    C Type    |
+-------------------+-----+-----+------------+----------------------------------+--------------+
|ap_clk             |   in|    1|  ap_ctrl_hs|  svd.5_Pipeline_VITIS_LOOP_588_41|  return value|
|ap_rst             |   in|    1|  ap_ctrl_hs|  svd.5_Pipeline_VITIS_LOOP_588_41|  return value|
|ap_start           |   in|    1|  ap_ctrl_hs|  svd.5_Pipeline_VITIS_LOOP_588_41|  return value|
|ap_done            |  out|    1|  ap_ctrl_hs|  svd.5_Pipeline_VITIS_LOOP_588_41|  return value|
|ap_idle            |  out|    1|  ap_ctrl_hs|  svd.5_Pipeline_VITIS_LOOP_588_41|  return value|
|ap_ready           |  out|    1|  ap_ctrl_hs|  svd.5_Pipeline_VITIS_LOOP_588_41|  return value|
|l                  |   in|   32|     ap_none|                                 l|        scalar|
|shl_ln589_s        |   in|   64|     ap_none|                       shl_ln589_s|        scalar|
|pnp_iter_address0  |  out|   13|   ap_memory|                          pnp_iter|         array|
|pnp_iter_ce0       |  out|    1|   ap_memory|                          pnp_iter|         array|
|pnp_iter_q0        |   in|  448|   ap_memory|                          pnp_iter|         array|
|sv_address0        |  out|    4|   ap_memory|                                sv|         array|
|sv_ce0             |  out|    1|   ap_memory|                                sv|         array|
|sv_we0             |  out|    1|   ap_memory|                                sv|         array|
|sv_d0              |  out|   64|   ap_memory|                                sv|         array|
+-------------------+-----+-----+------------+----------------------------------+--------------+

