

================================================================
== Vitis HLS Report for 'svd_3_Pipeline_VITIS_LOOP_603_45'
================================================================
* Date:           Sun Feb  5 16:57:48 2023

* Version:        2022.1 (Build 3526262 on Mon Apr 18 15:47:01 MDT 2022)
* Project:        hls_EstimateMotion
* Solution:       solution1 (Vivado IP Flow Target)
* Product family: virtexuplus
* Target device:  xcu50-fsvh2104-2L-e


================================================================
== Performance Estimates
================================================================
+ Timing: 
    * Summary: 
    +--------+----------+----------+------------+
    |  Clock |  Target  | Estimated| Uncertainty|
    +--------+----------+----------+------------+
    |ap_clk  |  60.00 ns|  1.573 ns|    16.20 ns|
    +--------+----------+----------+------------+

+ Latency: 
    * Summary: 
    +---------+---------+----------+----------+-----+-----+---------+
    |  Latency (cycles) |  Latency (absolute) |  Interval | Pipeline|
    |   min   |   max   |    min   |    max   | min | max |   Type  |
    +---------+---------+----------+----------+-----+-----+---------+
    |        ?|        ?|         ?|         ?|    ?|    ?|       no|
    +---------+---------+----------+----------+-----+-----+---------+

    + Detail: 
        * Instance: 
        N/A

        * Loop: 
        +---------------------+---------+---------+----------+-----------+-----------+------+----------+
        |                     |  Latency (cycles) | Iteration|  Initiation Interval  | Trip |          |
        |      Loop Name      |   min   |   max   |  Latency |  achieved |   target  | Count| Pipelined|
        +---------------------+---------+---------+----------+-----------+-----------+------+----------+
        |- VITIS_LOOP_603_45  |        ?|        ?|         1|          1|          1|     ?|       yes|
        +---------------------+---------+---------+----------+-----------+-----------+------+----------+



================================================================
== Utilization Estimates
================================================================
* Summary: 
+---------------------+---------+------+---------+--------+-----+
|         Name        | BRAM_18K|  DSP |    FF   |   LUT  | URAM|
+---------------------+---------+------+---------+--------+-----+
|DSP                  |        -|     -|        -|       -|    -|
|Expression           |        -|     -|        0|      52|    -|
|FIFO                 |        -|     -|        -|       -|    -|
|Instance             |        -|     -|        0|      14|    -|
|Memory               |        -|     -|        -|       -|    -|
|Multiplexer          |        -|     -|        -|      27|    -|
|Register             |        -|     -|        7|       -|    -|
+---------------------+---------+------+---------+--------+-----+
|Total                |        0|     0|        7|      93|    0|
+---------------------+---------+------+---------+--------+-----+
|Available SLR        |     1344|  2976|   871680|  435840|  320|
+---------------------+---------+------+---------+--------+-----+
|Utilization SLR (%)  |        0|     0|       ~0|      ~0|    0|
+---------------------+---------+------+---------+--------+-----+
|Available            |     2688|  5952|  1743360|  871680|  640|
+---------------------+---------+------+---------+--------+-----+
|Utilization (%)      |        0|     0|       ~0|      ~0|    0|
+---------------------+---------+------+---------+--------+-----+

+ Detail: 
    * Instance: 
    +---------------------+---------------+---------+----+---+----+-----+
    |       Instance      |     Module    | BRAM_18K| DSP| FF| LUT| URAM|
    +---------------------+---------------+---------+----+---+----+-----+
    |mux_32_64_1_1_U2309  |mux_32_64_1_1  |        0|   0|  0|  14|    0|
    +---------------------+---------------+---------+----+---+----+-----+
    |Total                |               |        0|   0|  0|  14|    0|
    +---------------------+---------------+---------+----+---+----+-----+

    * DSP: 
    N/A

    * Memory: 
    N/A

    * FIFO: 
    N/A

    * Expression: 
    +----------------------+----------+----+---+----+------------+------------+
    |     Variable Name    | Operation| DSP| FF| LUT| Bitwidth P0| Bitwidth P1|
    +----------------------+----------+----+---+----+------------+------------+
    |add_ln603_fu_115_p2   |         +|   0|  0|  12|           5|           1|
    |add_ln604_fu_139_p2   |         +|   0|  0|  10|           5|           5|
    |sub_ln604_fu_133_p2   |         -|   0|  0|  10|           5|           5|
    |icmp_ln603_fu_109_p2  |      icmp|   0|  0|  20|          32|          32|
    +----------------------+----------+----+---+----+------------+------------+
    |Total                 |          |   0|  0|  52|          47|          43|
    +----------------------+----------+----+---+----+------------+------------+

    * Multiplexer: 
    +-----------------------+----+-----------+-----+-----------+
    |          Name         | LUT| Input Size| Bits| Total Bits|
    +-----------------------+----+-----------+-----+-----------+
    |ap_done_int            |   9|          2|    1|          2|
    |ap_sig_allocacmp_k_97  |   9|          2|    5|         10|
    |k_fu_42                |   9|          2|    5|         10|
    +-----------------------+----+-----------+-----+-----------+
    |Total                  |  27|          6|   11|         22|
    +-----------------------+----+-----------+-----+-----------+

    * Register: 
    +-------------+---+----+-----+-----------+
    |     Name    | FF| LUT| Bits| Const Bits|
    +-------------+---+----+-----+-----------+
    |ap_CS_fsm    |  1|   0|    1|          0|
    |ap_done_reg  |  1|   0|    1|          0|
    |k_fu_42      |  5|   0|    5|          0|
    +-------------+---+----+-----+-----------+
    |Total        |  7|   0|    7|          0|
    +-------------+---+----+-----+-----------+



================================================================
== Interface
================================================================
* Summary: 
+----------------+-----+-----+------------+----------------------------------+--------------+
|    RTL Ports   | Dir | Bits|  Protocol  |           Source Object          |    C Type    |
+----------------+-----+-----+------------+----------------------------------+--------------+
|ap_clk          |   in|    1|  ap_ctrl_hs|  svd.3_Pipeline_VITIS_LOOP_603_45|  return value|
|ap_rst          |   in|    1|  ap_ctrl_hs|  svd.3_Pipeline_VITIS_LOOP_603_45|  return value|
|ap_start        |   in|    1|  ap_ctrl_hs|  svd.3_Pipeline_VITIS_LOOP_603_45|  return value|
|ap_done         |  out|    1|  ap_ctrl_hs|  svd.3_Pipeline_VITIS_LOOP_603_45|  return value|
|ap_idle         |  out|    1|  ap_ctrl_hs|  svd.3_Pipeline_VITIS_LOOP_603_45|  return value|
|ap_ready        |  out|    1|  ap_ctrl_hs|  svd.3_Pipeline_VITIS_LOOP_603_45|  return value|
|trunc_ln409_4   |   in|   32|     ap_none|                     trunc_ln409_4|        scalar|
|zext_ln602      |   in|    3|     ap_none|                        zext_ln602|        scalar|
|U_val_address0  |  out|    5|   ap_memory|                             U_val|         array|
|U_val_ce0       |  out|    1|   ap_memory|                             U_val|         array|
|U_val_we0       |  out|    1|   ap_memory|                             U_val|         array|
|U_val_d0        |  out|   64|   ap_memory|                             U_val|         array|
|su_0_2_reload   |   in|   64|     ap_none|                     su_0_2_reload|        scalar|
|su_1_2_reload   |   in|   64|     ap_none|                     su_1_2_reload|        scalar|
|su_2_2_reload   |   in|   64|     ap_none|                     su_2_2_reload|        scalar|
+----------------+-----+-----+------------+----------------------------------+--------------+

