

================================================================
== Vitis HLS Report for 'svd_4_1'
================================================================
* Date:           Sun Feb  5 16:54:44 2023

* Version:        2022.1 (Build 3526262 on Mon Apr 18 15:47:01 MDT 2022)
* Project:        hls_EstimateMotion
* Solution:       solution1 (Vivado IP Flow Target)
* Product family: virtexuplus
* Target device:  xcu50-fsvh2104-2L-e


================================================================
== Performance Estimates
================================================================
+ Timing: 
    * Summary: 
    +--------+----------+-----------+------------+
    |  Clock |  Target  | Estimated | Uncertainty|
    +--------+----------+-----------+------------+
    |ap_clk  |  60.00 ns|  42.786 ns|    16.20 ns|
    +--------+----------+-----------+------------+

+ Latency: 
    * Summary: 
    +---------+---------+----------+----------+-----+-----+---------+
    |  Latency (cycles) |  Latency (absolute) |  Interval | Pipeline|
    |   min   |   max   |    min   |    max   | min | max |   Type  |
    +---------+---------+----------+----------+-----+-----+---------+
    |        ?|        ?|         ?|         ?|    ?|    ?|       no|
    +---------+---------+----------+----------+-----+-----+---------+

    + Detail: 
        * Instance: 
        +------------------------------------------------------------------+------------------------------------------------------+---------+---------+-----------+-----------+-----+-----+---------+
        |                                                                  |                                                      |  Latency (cycles) |   Latency (absolute)  |  Interval | Pipeline|
        |                             Instance                             |                        Module                        |   min   |   max   |    min    |    max    | min | max |   Type  |
        +------------------------------------------------------------------+------------------------------------------------------+---------+---------+-----------+-----------+-----+-----+---------+
        |grp_svd_4_1_Pipeline_1_fu_2633                                    |svd_4_1_Pipeline_1                                    |      290|      290|  17.400 us|  17.400 us|  290|  290|       no|
        |grp_svd_4_1_Pipeline_2_fu_2638                                    |svd_4_1_Pipeline_2                                    |        4|        ?|   0.240 us|          ?|    4|    ?|       no|
        |grp_svd_4_1_Pipeline_3_fu_2649                                    |svd_4_1_Pipeline_3                                    |      290|      290|  17.400 us|  17.400 us|  290|  290|       no|
        |grp_svd_4_1_Pipeline_4_fu_2654                                    |svd_4_1_Pipeline_4                                    |        4|        ?|   0.240 us|          ?|    4|    ?|       no|
        |grp_svd_4_1_Pipeline_VITIS_LOOP_349_2_fu_2665                     |svd_4_1_Pipeline_VITIS_LOOP_349_2                     |        ?|        ?|          ?|          ?|    ?|    ?|       no|
        |grp_svd_4_1_Pipeline_VITIS_LOOP_355_3_fu_2674                     |svd_4_1_Pipeline_VITIS_LOOP_355_3                     |        ?|        ?|          ?|          ?|    ?|    ?|       no|
        |grp_svd_4_1_Pipeline_VITIS_LOOP_366_5_fu_2684                     |svd_4_1_Pipeline_VITIS_LOOP_366_5                     |        ?|        ?|          ?|          ?|    ?|    ?|       no|
        |grp_svd_4_1_Pipeline_VITIS_LOOP_372_7_fu_2694                     |svd_4_1_Pipeline_VITIS_LOOP_372_7                     |        ?|        ?|          ?|          ?|    ?|    ?|       no|
        |grp_svd_4_1_Pipeline_VITIS_LOOP_369_6_fu_2703                     |svd_4_1_Pipeline_VITIS_LOOP_369_6                     |        ?|        ?|          ?|          ?|    ?|    ?|       no|
        |grp_svd_4_1_Pipeline_VITIS_LOOP_380_8_fu_2713                     |svd_4_1_Pipeline_VITIS_LOOP_380_8                     |        ?|        ?|          ?|          ?|    ?|    ?|       no|
        |grp_svd_4_1_Pipeline_VITIS_LOOP_384_9_fu_2722                     |svd_4_1_Pipeline_VITIS_LOOP_384_9                     |        ?|        ?|          ?|          ?|    ?|    ?|       no|
        |grp_svd_4_1_Pipeline_VITIS_LOOP_393_10_fu_2732                    |svd_4_1_Pipeline_VITIS_LOOP_393_10                    |        ?|        ?|          ?|          ?|    ?|    ?|       no|
        |grp_svd_4_1_Pipeline_VITIS_LOOP_397_12_fu_2742                    |svd_4_1_Pipeline_VITIS_LOOP_397_12                    |        ?|        ?|          ?|          ?|    ?|    ?|       no|
        |grp_svd_4_1_Pipeline_VITIS_LOOP_402_14_fu_2752                    |svd_4_1_Pipeline_VITIS_LOOP_402_14                    |        ?|        ?|          ?|          ?|    ?|    ?|       no|
        |grp_svd_4_1_Pipeline_VITIS_LOOP_399_13_fu_2761                    |svd_4_1_Pipeline_VITIS_LOOP_399_13                    |        ?|        ?|          ?|          ?|    ?|    ?|       no|
        |grp_svd_4_1_Pipeline_VITIS_LOOP_415_16_fu_2771                    |svd_4_1_Pipeline_VITIS_LOOP_415_16                    |        ?|        ?|          ?|          ?|    ?|    ?|       no|
        |grp_svd_4_1_Pipeline_VITIS_LOOP_419_18_fu_2785                    |svd_4_1_Pipeline_VITIS_LOOP_419_18                    |        ?|        ?|          ?|          ?|    ?|    ?|       no|
        |grp_svd_4_1_Pipeline_VITIS_LOOP_425_20_fu_2797                    |svd_4_1_Pipeline_VITIS_LOOP_425_20                    |        ?|        ?|          ?|          ?|    ?|    ?|       no|
        |grp_svd_4_1_Pipeline_VITIS_LOOP_421_19_fu_2809                    |svd_4_1_Pipeline_VITIS_LOOP_421_19                    |        ?|        ?|          ?|          ?|    ?|    ?|       no|
        |grp_svd_4_1_Pipeline_VITIS_LOOP_436_22_fu_2821                    |svd_4_1_Pipeline_VITIS_LOOP_436_22                    |        ?|        ?|          ?|          ?|    ?|    ?|       no|
        |grp_svd_4_1_Pipeline_VITIS_LOOP_443_24_fu_2829                    |svd_4_1_Pipeline_VITIS_LOOP_443_24                    |        ?|        ?|          ?|          ?|    ?|    ?|       no|
        |grp_svd_4_1_Pipeline_VITIS_LOOP_449_26_fu_2839                    |svd_4_1_Pipeline_VITIS_LOOP_449_26                    |        ?|        ?|          ?|          ?|    ?|    ?|       no|
        |grp_svd_4_1_Pipeline_VITIS_LOOP_446_25_fu_2847                    |svd_4_1_Pipeline_VITIS_LOOP_446_25                    |        ?|        ?|          ?|          ?|    ?|    ?|       no|
        |grp_svd_4_1_Pipeline_VITIS_LOOP_453_27_fu_2856                    |svd_4_1_Pipeline_VITIS_LOOP_453_27                    |        ?|        ?|          ?|          ?|    ?|    ?|       no|
        |grp_svd_4_1_Pipeline_VITIS_LOOP_575_37_fu_2863                    |svd_4_1_Pipeline_VITIS_LOOP_575_37                    |        ?|        ?|          ?|          ?|    ?|    ?|       no|
        |grp_svd_4_1_Pipeline_VITIS_LOOP_463_30_fu_2869                    |svd_4_1_Pipeline_VITIS_LOOP_463_30                    |        ?|        ?|          ?|          ?|    ?|    ?|       no|
        |grp_pythag_fu_2882                                                |pythag                                                |        1|       10|  60.000 ns|   0.600 us|    1|   10|       no|
        |grp_svd_4_1_Pipeline_VITIS_LOOP_492_32_fu_2893                    |svd_4_1_Pipeline_VITIS_LOOP_492_32                    |        ?|        ?|          ?|          ?|    ?|    ?|       no|
        |grp_svd_4_1_Pipeline_VITIS_LOOP_507_33_fu_2904                    |svd_4_1_Pipeline_VITIS_LOOP_507_33                    |        ?|        ?|          ?|          ?|    ?|    ?|       no|
        |grp_svd_4_1_Pipeline_VITIS_LOOP_537_35_fu_2913                    |svd_4_1_Pipeline_VITIS_LOOP_537_35                    |        ?|        ?|          ?|          ?|    ?|    ?|       no|
        |grp_svd_4_1_Pipeline_VITIS_LOOP_554_36_fu_2924                    |svd_4_1_Pipeline_VITIS_LOOP_554_36                    |        ?|        ?|          ?|          ?|    ?|    ?|       no|
        |grp_svd_4_1_Pipeline_VITIS_LOOP_586_40_fu_2936                    |svd_4_1_Pipeline_VITIS_LOOP_586_40                    |        ?|        ?|          ?|          ?|    ?|    ?|       no|
        |grp_svd_4_1_Pipeline_VITIS_LOOP_588_41_fu_2944                    |svd_4_1_Pipeline_VITIS_LOOP_588_41                    |        ?|        ?|          ?|          ?|    ?|    ?|       no|
        |grp_svd_4_1_Pipeline_VITIS_LOOP_594_43_fu_2953                    |svd_4_1_Pipeline_VITIS_LOOP_594_43                    |        2|       17|   0.120 us|   1.020 us|    2|   17|       no|
        |grp_svd_4_1_Pipeline_VITIS_LOOP_596_44_fu_2961                    |svd_4_1_Pipeline_VITIS_LOOP_596_44                    |        2|       33|   0.120 us|   1.980 us|    2|   33|       no|
        |grp_svd_4_1_Pipeline_VITIS_LOOP_603_45_fu_2971                    |svd_4_1_Pipeline_VITIS_LOOP_603_45                    |        2|       17|   0.120 us|   1.020 us|    2|   17|       no|
        |grp_svd_4_1_Pipeline_VITIS_LOOP_605_46_fu_2979                    |svd_4_1_Pipeline_VITIS_LOOP_605_46                    |        2|       19|   0.120 us|   1.140 us|    2|   19|       no|
        |grp_svd_4_1_Pipeline_VITIS_LOOP_612_48_fu_2989                    |svd_4_1_Pipeline_VITIS_LOOP_612_48                    |        ?|        ?|          ?|          ?|    ?|    ?|       no|
        |grp_svd_4_1_Pipeline_VITIS_LOOP_615_49_fu_2997                    |svd_4_1_Pipeline_VITIS_LOOP_615_49                    |        ?|        ?|          ?|          ?|    ?|    ?|       no|
        |grp_svd_4_1_Pipeline_VITIS_LOOP_620_50_fu_3007                    |svd_4_1_Pipeline_VITIS_LOOP_620_50                    |        ?|        ?|          ?|          ?|    ?|    ?|       no|
        |grp_svd_4_1_Pipeline_VITIS_LOOP_622_51_fu_3014                    |svd_4_1_Pipeline_VITIS_LOOP_622_51                    |        ?|        ?|          ?|          ?|    ?|    ?|       no|
        |grp_svd_4_1_Pipeline_41_fu_3023                                   |svd_4_1_Pipeline_41                                   |       26|       26|   1.560 us|   1.560 us|   26|   26|       no|
        |grp_svd_4_1_Pipeline_42_fu_3028                                   |svd_4_1_Pipeline_42                                   |        4|        ?|   0.240 us|          ?|    4|    ?|       no|
        |grp_svd_4_1_Pipeline_VITIS_LOOP_629_52_fu_3039                    |svd_4_1_Pipeline_VITIS_LOOP_629_52                    |        ?|        ?|          ?|          ?|    ?|    ?|       no|
        |grp_svd_4_1_Pipeline_VITIS_LOOP_633_53_VITIS_LOOP_634_54_fu_3047  |svd_4_1_Pipeline_VITIS_LOOP_633_53_VITIS_LOOP_634_54  |        ?|        ?|          ?|          ?|    ?|    ?|       no|
        +------------------------------------------------------------------+------------------------------------------------------+---------+---------+-----------+-----------+-----+-----+---------+

        * Loop: 
        +------------------------+---------+---------+----------+-----------+-----------+--------+----------+
        |                        |  Latency (cycles) | Iteration|  Initiation Interval  |  Trip  |          |
        |        Loop Name       |   min   |   max   |  Latency |  achieved |   target  |  Count | Pipelined|
        +------------------------+---------+---------+----------+-----------+-----------+--------+----------+
        |- VITIS_LOOP_114_1      |        ?|        ?|     2 ~ ?|          -|          -|       ?|        no|
        |- VITIS_LOOP_114_1      |        ?|        ?|     2 ~ ?|          -|          -|       ?|        no|
        |- VITIS_LOOP_341_1      |        ?|        ?|         ?|          -|          -|       ?|        no|
        | + VITIS_LOOP_364_4     |        ?|        ?|         ?|          -|          -|       ?|        no|
        | + VITIS_LOOP_395_11    |        ?|        ?|         ?|          -|          -|       ?|        no|
        |- VITIS_LOOP_409_15     |        ?|        ?|         ?|          -|          -|       ?|        no|
        | + VITIS_LOOP_417_17    |        ?|        ?|         ?|          -|          -|       ?|        no|
        |- VITIS_LOOP_432_21     |        ?|        ?|         ?|          -|          -|       ?|        no|
        | + VITIS_LOOP_441_23    |        ?|        ?|         ?|          -|          -|       ?|        no|
        |- VITIS_LOOP_458_28     |        ?|        ?|         ?|          -|          -|       ?|        no|
        | + VITIS_LOOP_460_29    |        ?|        ?|         ?|          -|          -|  1 ~ 30|        no|
        |  ++ VITIS_LOOP_480_31  |        ?|        ?|         ?|          -|          -|       ?|        no|
        |  ++ VITIS_LOOP_522_34  |        ?|        ?|         ?|          -|          -|       ?|        no|
        |- VITIS_LOOP_580_38     |        ?|        ?|         ?|          -|          -|       ?|        no|
        | + VITIS_LOOP_583_39    |        ?|        ?|         ?|          -|          -|       ?|        no|
        |  ++ VITIS_LOOP_591_42  |        ?|        ?|    5 ~ 36|          -|          -|       ?|        no|
        |- VITIS_LOOP_609_47     |        ?|        ?|         ?|          -|          -|       ?|        no|
        |- VITIS_LOOP_114_1      |        ?|        ?|     2 ~ ?|          -|          -|       ?|        no|
        +------------------------+---------+---------+----------+-----------+-----------+--------+----------+



================================================================
== Utilization Estimates
================================================================
* Summary: 
+---------------------+---------+------+---------+--------+-----+
|         Name        | BRAM_18K|  DSP |    FF   |   LUT  | URAM|
+---------------------+---------+------+---------+--------+-----+
|DSP                  |        -|     -|        -|       -|    -|
|Expression           |        -|     -|        0|    6223|    -|
|FIFO                 |        -|     -|        -|       -|    -|
|Instance             |        -|   529|     8258|   78020|    -|
|Memory               |        6|     -|      320|     325|    0|
|Multiplexer          |        -|     -|        -|    5703|    -|
|Register             |        -|     -|     8591|       -|    -|
+---------------------+---------+------+---------+--------+-----+
|Total                |        6|   529|    17169|   90271|    0|
+---------------------+---------+------+---------+--------+-----+
|Available SLR        |     1344|  2976|   871680|  435840|  320|
+---------------------+---------+------+---------+--------+-----+
|Utilization SLR (%)  |       ~0|    17|        1|      20|    0|
+---------------------+---------+------+---------+--------+-----+
|Available            |     2688|  5952|  1743360|  871680|  640|
+---------------------+---------+------+---------+--------+-----+
|Utilization (%)      |       ~0|     8|       ~0|      10|    0|
+---------------------+---------+------+---------+--------+-----+

+ Detail: 
    * Instance: 
    +------------------------------------------------------------------+------------------------------------------------------+---------+----+-----+------+-----+
    |                             Instance                             |                        Module                        | BRAM_18K| DSP|  FF |  LUT | URAM|
    +------------------------------------------------------------------+------------------------------------------------------+---------+----+-----+------+-----+
    |dadd_64ns_64ns_64_1_full_dsp_1_U1118                              |dadd_64ns_64ns_64_1_full_dsp_1                        |        0|   3|    0|   708|    0|
    |dadddsub_64ns_64ns_64_1_full_dsp_1_U1115                          |dadddsub_64ns_64ns_64_1_full_dsp_1                    |        0|   3|    0|   708|    0|
    |dadddsub_64ns_64ns_64_1_full_dsp_1_U1116                          |dadddsub_64ns_64ns_64_1_full_dsp_1                    |        0|   3|    0|   708|    0|
    |dcmp_64ns_64ns_1_1_no_dsp_1_U1125                                 |dcmp_64ns_64ns_1_1_no_dsp_1                           |        0|   0|    0|     0|    0|
    |dmul_64ns_64ns_64_1_max_dsp_1_U1119                               |dmul_64ns_64ns_64_1_max_dsp_1                         |        0|   8|    0|   106|    0|
    |dmul_64ns_64ns_64_1_max_dsp_1_U1120                               |dmul_64ns_64ns_64_1_max_dsp_1                         |        0|   8|    0|   106|    0|
    |dmul_64ns_64ns_64_1_max_dsp_1_U1121                               |dmul_64ns_64ns_64_1_max_dsp_1                         |        0|   8|    0|   106|    0|
    |dmul_64ns_64ns_64_1_max_dsp_1_U1122                               |dmul_64ns_64ns_64_1_max_dsp_1                         |        0|   8|    0|   106|    0|
    |dsub_64ns_64ns_64_1_full_dsp_1_U1117                              |dsub_64ns_64ns_64_1_full_dsp_1                        |        0|   3|    0|   708|    0|
    |mul_32ns_32ns_64_1_1_U1130                                        |mul_32ns_32ns_64_1_1                                  |        0|   3|    0|    20|    0|
    |mul_32s_34ns_65_1_1_U1129                                         |mul_32s_34ns_65_1_1                                   |        0|   3|    0|    22|    0|
    |mul_64ns_66ns_129_1_1_U1128                                       |mul_64ns_66ns_129_1_1                                 |        0|  15|    0|    50|    0|
    |mul_64s_8ns_64_1_1_U1127                                          |mul_64s_8ns_64_1_1                                    |        0|   3|    0|    45|    0|
    |grp_svd_4_1_Pipeline_1_fu_2633                                    |svd_4_1_Pipeline_1                                    |        0|   0|   11|    79|    0|
    |grp_svd_4_1_Pipeline_2_fu_2638                                    |svd_4_1_Pipeline_2                                    |        0|  15|  338|  2725|    0|
    |grp_svd_4_1_Pipeline_3_fu_2649                                    |svd_4_1_Pipeline_3                                    |        0|   0|   11|    79|    0|
    |grp_svd_4_1_Pipeline_4_fu_2654                                    |svd_4_1_Pipeline_4                                    |        0|  15|  338|  2725|    0|
    |grp_svd_4_1_Pipeline_41_fu_3023                                   |svd_4_1_Pipeline_41                                   |        0|   0|    7|    73|    0|
    |grp_svd_4_1_Pipeline_42_fu_3028                                   |svd_4_1_Pipeline_42                                   |        0|  15|  288|  2721|    0|
    |grp_svd_4_1_Pipeline_VITIS_LOOP_349_2_fu_2665                     |svd_4_1_Pipeline_VITIS_LOOP_349_2                     |        0|   3|   99|   852|    0|
    |grp_svd_4_1_Pipeline_VITIS_LOOP_355_3_fu_2674                     |svd_4_1_Pipeline_VITIS_LOOP_355_3                     |        0|  11|  352|   998|    0|
    |grp_svd_4_1_Pipeline_VITIS_LOOP_366_5_fu_2684                     |svd_4_1_Pipeline_VITIS_LOOP_366_5                     |        0|  11|  166|   965|    0|
    |grp_svd_4_1_Pipeline_VITIS_LOOP_369_6_fu_2703                     |svd_4_1_Pipeline_VITIS_LOOP_369_6                     |        0|  11|  290|  1166|    0|
    |grp_svd_4_1_Pipeline_VITIS_LOOP_372_7_fu_2694                     |svd_4_1_Pipeline_VITIS_LOOP_372_7                     |        0|   8|   19|   217|    0|
    |grp_svd_4_1_Pipeline_VITIS_LOOP_380_8_fu_2713                     |svd_4_1_Pipeline_VITIS_LOOP_380_8                     |        0|   3|  164|   870|    0|
    |grp_svd_4_1_Pipeline_VITIS_LOOP_384_9_fu_2722                     |svd_4_1_Pipeline_VITIS_LOOP_384_9                     |        0|  11|  376|   999|    0|
    |grp_svd_4_1_Pipeline_VITIS_LOOP_393_10_fu_2732                    |svd_4_1_Pipeline_VITIS_LOOP_393_10                    |        0|   0|  139|   144|    0|
    |grp_svd_4_1_Pipeline_VITIS_LOOP_397_12_fu_2742                    |svd_4_1_Pipeline_VITIS_LOOP_397_12                    |        0|  11|  231|   991|    0|
    |grp_svd_4_1_Pipeline_VITIS_LOOP_399_13_fu_2761                    |svd_4_1_Pipeline_VITIS_LOOP_399_13                    |        0|  11|  246|  1036|    0|
    |grp_svd_4_1_Pipeline_VITIS_LOOP_402_14_fu_2752                    |svd_4_1_Pipeline_VITIS_LOOP_402_14                    |        0|   8|   43|   218|    0|
    |grp_svd_4_1_Pipeline_VITIS_LOOP_415_16_fu_2771                    |svd_4_1_Pipeline_VITIS_LOOP_415_16                    |        0|  15|  286|  2816|    0|
    |grp_svd_4_1_Pipeline_VITIS_LOOP_419_18_fu_2785                    |svd_4_1_Pipeline_VITIS_LOOP_419_18                    |        0|  26|  263|  3209|    0|
    |grp_svd_4_1_Pipeline_VITIS_LOOP_421_19_fu_2809                    |svd_4_1_Pipeline_VITIS_LOOP_421_19                    |        0|  41|  441|  7625|    0|
    |grp_svd_4_1_Pipeline_VITIS_LOOP_425_20_fu_2797                    |svd_4_1_Pipeline_VITIS_LOOP_425_20                    |        0|  30|  133|  1376|    0|
    |grp_svd_4_1_Pipeline_VITIS_LOOP_436_22_fu_2821                    |svd_4_1_Pipeline_VITIS_LOOP_436_22                    |        0|   0|   34|   101|    0|
    |grp_svd_4_1_Pipeline_VITIS_LOOP_443_24_fu_2829                    |svd_4_1_Pipeline_VITIS_LOOP_443_24                    |        0|  11|  199|   997|    0|
    |grp_svd_4_1_Pipeline_VITIS_LOOP_446_25_fu_2847                    |svd_4_1_Pipeline_VITIS_LOOP_446_25                    |        0|  11|  354|  1222|    0|
    |grp_svd_4_1_Pipeline_VITIS_LOOP_449_26_fu_2839                    |svd_4_1_Pipeline_VITIS_LOOP_449_26                    |        0|   8|  213|   383|    0|
    |grp_svd_4_1_Pipeline_VITIS_LOOP_453_27_fu_2856                    |svd_4_1_Pipeline_VITIS_LOOP_453_27                    |        0|   0|   75|   158|    0|
    |grp_svd_4_1_Pipeline_VITIS_LOOP_463_30_fu_2869                    |svd_4_1_Pipeline_VITIS_LOOP_463_30                    |        0|   3|  312|   983|    0|
    |grp_svd_4_1_Pipeline_VITIS_LOOP_492_32_fu_2893                    |svd_4_1_Pipeline_VITIS_LOOP_492_32                    |        0|  19|  488|  1163|    0|
    |grp_svd_4_1_Pipeline_VITIS_LOOP_507_33_fu_2904                    |svd_4_1_Pipeline_VITIS_LOOP_507_33                    |        0|  15|  163|  4612|    0|
    |grp_svd_4_1_Pipeline_VITIS_LOOP_537_35_fu_2913                    |svd_4_1_Pipeline_VITIS_LOOP_537_35                    |        0|  49|  677|  9874|    0|
    |grp_svd_4_1_Pipeline_VITIS_LOOP_554_36_fu_2924                    |svd_4_1_Pipeline_VITIS_LOOP_554_36                    |        0|  19|  366|  1131|    0|
    |grp_svd_4_1_Pipeline_VITIS_LOOP_575_37_fu_2863                    |svd_4_1_Pipeline_VITIS_LOOP_575_37                    |        0|   0|   34|   111|    0|
    |grp_svd_4_1_Pipeline_VITIS_LOOP_586_40_fu_2936                    |svd_4_1_Pipeline_VITIS_LOOP_586_40                    |        0|   0|   11|   108|    0|
    |grp_svd_4_1_Pipeline_VITIS_LOOP_588_41_fu_2944                    |svd_4_1_Pipeline_VITIS_LOOP_588_41                    |        0|  15|   75|  2223|    0|
    |grp_svd_4_1_Pipeline_VITIS_LOOP_594_43_fu_2953                    |svd_4_1_Pipeline_VITIS_LOOP_594_43                    |        0|   0|   15|   115|    0|
    |grp_svd_4_1_Pipeline_VITIS_LOOP_596_44_fu_2961                    |svd_4_1_Pipeline_VITIS_LOOP_596_44                    |        0|  16|  168|  4384|    0|
    |grp_svd_4_1_Pipeline_VITIS_LOOP_603_45_fu_2971                    |svd_4_1_Pipeline_VITIS_LOOP_603_45                    |        0|   0|   15|   108|    0|
    |grp_svd_4_1_Pipeline_VITIS_LOOP_605_46_fu_2979                    |svd_4_1_Pipeline_VITIS_LOOP_605_46                    |        0|   1|  172|  2319|    0|
    |grp_svd_4_1_Pipeline_VITIS_LOOP_612_48_fu_2989                    |svd_4_1_Pipeline_VITIS_LOOP_612_48                    |        0|   0|   67|   254|    0|
    |grp_svd_4_1_Pipeline_VITIS_LOOP_615_49_fu_2997                    |svd_4_1_Pipeline_VITIS_LOOP_615_49                    |        0|  15|  131|  2354|    0|
    |grp_svd_4_1_Pipeline_VITIS_LOOP_620_50_fu_3007                    |svd_4_1_Pipeline_VITIS_LOOP_620_50                    |        0|   0|   19|   176|    0|
    |grp_svd_4_1_Pipeline_VITIS_LOOP_622_51_fu_3014                    |svd_4_1_Pipeline_VITIS_LOOP_622_51                    |        0|  15|  163|  4579|    0|
    |grp_svd_4_1_Pipeline_VITIS_LOOP_629_52_fu_3039                    |svd_4_1_Pipeline_VITIS_LOOP_629_52                    |        0|   4|   67|  2367|    0|
    |grp_svd_4_1_Pipeline_VITIS_LOOP_633_53_VITIS_LOOP_634_54_fu_3047  |svd_4_1_Pipeline_VITIS_LOOP_633_53_VITIS_LOOP_634_54  |        0|  15|  199|  3021|    0|
    +------------------------------------------------------------------+------------------------------------------------------+---------+----+-----+------+-----+
    |Total                                                             |                                                      |        0| 529| 8258| 78020|    0|
    +------------------------------------------------------------------+------------------------------------------------------+---------+----+-----+------+-----+

    * DSP: 
    N/A

    * Memory: 
    +--------------+----------------------------------+---------+----+----+-----+------+-----+------+-------------+
    |    Memory    |              Module              | BRAM_18K| FF | LUT| URAM| Words| Bits| Banks| W*Bits*Banks|
    +--------------+----------------------------------+---------+----+----+-----+------+-----+------+-------------+
    |U_val_U       |svd_4_1_U_val_RAM_AUTO_1R1W       |        2|   0|   0|    0|   144|   64|     1|         9216|
    |ref_tmp980_U  |svd_4_1_ref_tmp980_RAM_AUTO_1R1W  |        0|  64|  65|    0|    13|   64|     1|          832|
    |ref_tmp_U     |svd_4_1_ref_tmp_RAM_AUTO_1R1W     |        2|   0|   0|    0|   145|   64|     1|         9280|
    |ref_tmp2_U    |svd_4_1_ref_tmp_RAM_AUTO_1R1W     |        2|   0|   0|    0|   145|   64|     1|         9280|
    |rv1_U         |svd_4_1_rv1_RAM_AUTO_1R1W         |        0|  64|  65|    0|    12|   64|     1|          768|
    |w_U           |svd_4_1_w_RAM_AUTO_1R1W           |        0|  64|  65|    0|    12|   64|     1|          768|
    |su_U          |svd_4_1_w_RAM_AUTO_1R1W           |        0|  64|  65|    0|    12|   64|     1|          768|
    |sv_U          |svd_4_1_w_RAM_AUTO_1R1W           |        0|  64|  65|    0|    12|   64|     1|          768|
    +--------------+----------------------------------+---------+----+----+-----+------+-----+------+-------------+
    |Total         |                                  |        6| 320| 325|    0|   495|  512|     8|        31680|
    +--------------+----------------------------------+---------+----+----+-----+------+-----+------+-------------+

    * FIFO: 
    N/A

    * Expression: 
    +-----------------------------------+----------+----+---+------+------------+------------+
    |           Variable Name           | Operation| DSP| FF|  LUT | Bitwidth P0| Bitwidth P1|
    +-----------------------------------+----------+----+---+------+------------+------------+
    |add_ln114_14_fu_4418_p2            |         +|   0|  0|    39|          32|           1|
    |add_ln114_15_fu_6595_p2            |         +|   0|  0|    39|          32|           1|
    |add_ln114_fu_4338_p2               |         +|   0|  0|    39|          32|           1|
    |add_ln341_fu_5002_p2               |         +|   0|  0|    40|          33|           1|
    |add_ln343_fu_4541_p2               |         +|   0|  0|    39|          32|           1|
    |add_ln360_fu_4582_p2               |         +|   0|  0|    15|           8|           8|
    |add_ln364_fu_4791_p2               |         +|   0|  0|    71|          64|           1|
    |add_ln389_fu_4605_p2               |         +|   0|  0|    15|           8|           8|
    |add_ln395_fu_4984_p2               |         +|   0|  0|    71|          64|           1|
    |add_ln409_fu_5389_p2               |         +|   0|  0|    71|          64|           2|
    |add_ln417_fu_5331_p2               |         +|   0|  0|    71|          64|           1|
    |add_ln428_3_fu_5525_p2             |         +|   0|  0|    64|          64|          64|
    |add_ln428_4_fu_5531_p2             |         +|   0|  0|    56|          56|          56|
    |add_ln428_fu_5412_p2               |         +|   0|  0|    71|          64|          13|
    |add_ln441_3_fu_5729_p2             |         +|   0|  0|    40|          33|           2|
    |add_ln441_fu_5753_p2               |         +|   0|  0|    71|          64|           1|
    |add_ln446_fu_5300_p2               |         +|   0|  0|    40|          33|           1|
    |add_ln453_3_fu_5782_p2             |         +|   0|  0|    40|          33|           2|
    |add_ln458_fu_5802_p2               |         +|   0|  0|    71|          64|           2|
    |add_ln480_fu_5946_p2               |         +|   0|  0|    39|          32|           1|
    |add_ln524_fu_6137_p2               |         +|   0|  0|    71|          64|           1|
    |add_ln583_fu_6483_p2               |         +|   0|  0|    71|          64|           1|
    |add_ln609_fu_6517_p2               |         +|   0|  0|    39|          32|           1|
    |add_ln616_fu_6548_p2               |         +|   0|  0|    43|          36|          13|
    |add_ln618_fu_6326_p2               |         +|   0|  0|    39|          32|          32|
    |empty_805_fu_5257_p2               |         +|   0|  0|    15|           8|           8|
    |empty_806_fu_5655_p2               |         +|   0|  0|    15|           8|           8|
    |grp_fu_3276_p2                     |         +|   0|  0|    39|          32|           2|
    |grp_fu_3294_p2                     |         +|   0|  0|    39|          32|           1|
    |i_80_fu_5572_p2                    |         +|   0|  0|    39|          32|           2|
    |its_3_fu_5816_p2                   |         +|   0|  0|    12|           5|           1|
    |empty_795_fu_4368_p2               |         -|   0|  0|    47|          40|          40|
    |empty_799_fu_4448_p2               |         -|   0|  0|    47|          40|          40|
    |empty_803_fu_5182_p2               |         -|   0|  0|    15|           8|           8|
    |j_76_fu_6390_p2                    |         -|   0|  0|    39|          32|          32|
    |sub_ln360_fu_4576_p2               |         -|   0|  0|    15|           8|           8|
    |sub_ln398_fu_4972_p2               |         -|   0|  0|    15|           8|           8|
    |sub_ln426_fu_5353_p2               |         -|   0|  0|    71|          64|          64|
    |sub_ln428_2_fu_5519_p2             |         -|   0|  0|    56|          56|          56|
    |sub_ln428_fu_5509_p2               |         -|   0|  0|    64|          64|          64|
    |sub_ln437_fu_5615_p2               |         -|   0|  0|    15|           8|           8|
    |sub_ln582_3_fu_6278_p2             |         -|   0|  0|    39|           1|          32|
    |sub_ln582_fu_6228_p2               |         -|   0|  0|    72|           1|          65|
    |and_ln353_fu_4685_p2               |       and|   0|  0|     2|           1|           1|
    |and_ln361_fu_4739_p2               |       and|   0|  0|     2|           1|           1|
    |and_ln378_fu_4806_p2               |       and|   0|  0|     2|           1|           1|
    |and_ln382_fu_4852_p2               |       and|   0|  0|     2|           1|           1|
    |and_ln390_fu_4906_p2               |       and|   0|  0|     2|           1|           1|
    |and_ln406_3_fu_5137_p2             |       and|   0|  0|     2|           1|           1|
    |and_ln406_fu_5131_p2               |       and|   0|  0|     2|           1|           1|
    |and_ln413_fu_5243_p2               |       and|   0|  0|     2|           1|           1|
    |and_ln438_fu_5704_p2               |       and|   0|  0|     2|           1|           1|
    |and_ln484_3_fu_5940_p2             |       and|   0|  0|     2|           1|           1|
    |and_ln484_fu_5934_p2               |       and|   0|  0|     2|           1|           1|
    |and_ln504_fu_6007_p2               |       and|   0|  0|     2|           1|           1|
    |and_ln520_fu_6092_p2               |       and|   0|  0|     2|           1|           1|
    |and_ln546_fu_6205_p2               |       and|   0|  0|     2|           1|           1|
    |and_ln591_3_fu_6445_p2             |       and|   0|  0|     2|           1|           1|
    |and_ln591_fu_6440_p2               |       and|   0|  0|     2|           1|           1|
    |ap_block_state115_on_subcall_done  |       and|   0|  0|     2|           1|           1|
    |ap_block_state124_on_subcall_done  |       and|   0|  0|     2|           1|           1|
    |ap_block_state142_on_subcall_done  |       and|   0|  0|     2|           1|           1|
    |ap_block_state143_on_subcall_done  |       and|   0|  0|     2|           1|           1|
    |ap_block_state145_on_subcall_done  |       and|   0|  0|     2|           1|           1|
    |ap_block_state213_on_subcall_done  |       and|   0|  0|     2|           1|           1|
    |ap_block_state234_on_subcall_done  |       and|   0|  0|     2|           1|           1|
    |ap_block_state75_on_subcall_done   |       and|   0|  0|     2|           1|           1|
    |ap_block_state81_on_subcall_done   |       and|   0|  0|     2|           1|           1|
    |ap_block_state99_on_subcall_done   |       and|   0|  0|     2|           1|           1|
    |ap_predicate_op1088_call_state99   |       and|   0|  0|     2|           1|           1|
    |ap_predicate_op1158_call_state115  |       and|   0|  0|     2|           1|           1|
    |ap_predicate_op1377_call_state143  |       and|   0|  0|     2|           1|           1|
    |ap_predicate_op1647_call_state213  |       and|   0|  0|     2|           1|           1|
    |empty_794_fu_4324_p2               |      icmp|   0|  0|    20|          32|           1|
    |empty_798_fu_4404_p2               |      icmp|   0|  0|    20|          32|           1|
    |empty_810_fu_6581_p2               |      icmp|   0|  0|    20|          32|           1|
    |empty_811_fu_6649_p2               |      icmp|   0|  0|    20|          32|          32|
    |grp_fu_3290_p2                     |      icmp|   0|  0|    20|          32|          32|
    |icmp_ln114_16_fu_4413_p2           |      icmp|   0|  0|    20|          32|          32|
    |icmp_ln114_17_fu_6590_p2           |      icmp|   0|  0|    20|          32|          32|
    |icmp_ln114_fu_4333_p2              |      icmp|   0|  0|    20|          32|          32|
    |icmp_ln341_3_fu_4536_p2            |      icmp|   0|  0|    20|          32|          32|
    |icmp_ln341_fu_4471_p2              |      icmp|   0|  0|    20|          32|           1|
    |icmp_ln353_3_fu_4673_p2            |      icmp|   0|  0|    24|          52|           1|
    |icmp_ln353_fu_4667_p2              |      icmp|   0|  0|    11|          11|           2|
    |icmp_ln361_3_fu_4727_p2            |      icmp|   0|  0|    24|          52|           1|
    |icmp_ln361_fu_4721_p2              |      icmp|   0|  0|    11|          11|           2|
    |icmp_ln364_fu_4786_p2              |      icmp|   0|  0|    29|          64|          64|
    |icmp_ln378_2_fu_4616_p2            |      icmp|   0|  0|    20|          32|          32|
    |icmp_ln378_fu_4801_p2              |      icmp|   0|  0|    20|          32|          32|
    |icmp_ln382_3_fu_4840_p2            |      icmp|   0|  0|    24|          52|           1|
    |icmp_ln382_fu_4834_p2              |      icmp|   0|  0|    11|          11|           2|
    |icmp_ln390_3_fu_4894_p2            |      icmp|   0|  0|    24|          52|           1|
    |icmp_ln390_fu_4888_p2              |      icmp|   0|  0|    11|          11|           2|
    |icmp_ln395_fu_4979_p2              |      icmp|   0|  0|    29|          64|          64|
    |icmp_ln406_7_fu_5101_p2            |      icmp|   0|  0|    24|          52|           1|
    |icmp_ln406_8_fu_5113_p2            |      icmp|   0|  0|    11|          11|           2|
    |icmp_ln406_9_fu_5119_p2            |      icmp|   0|  0|    24|          52|           1|
    |icmp_ln406_fu_5095_p2              |      icmp|   0|  0|    11|          11|           2|
    |icmp_ln411_fu_5197_p2              |      icmp|   0|  0|    29|          64|          64|
    |icmp_ln413_3_fu_5231_p2            |      icmp|   0|  0|    24|          52|           1|
    |icmp_ln413_fu_5225_p2              |      icmp|   0|  0|    11|          11|           2|
    |icmp_ln417_fu_5315_p2              |      icmp|   0|  0|    20|          32|          32|
    |icmp_ln432_fu_5284_p2              |      icmp|   0|  0|    20|          32|          32|
    |icmp_ln438_3_fu_5692_p2            |      icmp|   0|  0|    24|          52|           1|
    |icmp_ln438_fu_5686_p2              |      icmp|   0|  0|    11|          11|           2|
    |icmp_ln441_fu_5744_p2              |      icmp|   0|  0|    20|          32|          32|
    |icmp_ln446_fu_5713_p2              |      icmp|   0|  0|    20|          33|          33|
    |icmp_ln453_3_fu_5766_p2            |      icmp|   0|  0|    20|          33|          33|
    |icmp_ln460_fu_5810_p2              |      icmp|   0|  0|     9|           5|           3|
    |icmp_ln466_7_fu_5638_p2            |      icmp|   0|  0|    24|          52|           1|
    |icmp_ln480_3_fu_5853_p2            |      icmp|   0|  0|    29|          64|          64|
    |icmp_ln480_fu_5839_p2              |      icmp|   0|  0|    29|          64|          64|
    |icmp_ln484_5_fu_5918_p2            |      icmp|   0|  0|    24|          52|           1|
    |icmp_ln484_6_fu_5867_p2            |      icmp|   0|  0|    11|          11|           2|
    |icmp_ln484_fu_5912_p2              |      icmp|   0|  0|    11|          11|           2|
    |icmp_ln502_fu_5966_p2              |      icmp|   0|  0|    29|          64|          64|
    |icmp_ln504_3_fu_5995_p2            |      icmp|   0|  0|    24|          52|           1|
    |icmp_ln504_fu_5989_p2              |      icmp|   0|  0|    11|          11|           2|
    |icmp_ln520_3_fu_6080_p2            |      icmp|   0|  0|    24|          52|           1|
    |icmp_ln520_fu_6074_p2              |      icmp|   0|  0|    11|          11|           2|
    |icmp_ln522_fu_6132_p2              |      icmp|   0|  0|    29|          64|          64|
    |icmp_ln546_3_fu_6193_p2            |      icmp|   0|  0|    24|          52|           1|
    |icmp_ln546_fu_6187_p2              |      icmp|   0|  0|    11|          11|           2|
    |icmp_ln583_fu_6305_p2              |      icmp|   0|  0|    20|          32|          32|
    |icmp_ln591_7_fu_6368_p2            |      icmp|   0|  0|    11|          11|           2|
    |icmp_ln591_8_fu_6374_p2            |      icmp|   0|  0|    24|          52|           1|
    |icmp_ln591_9_fu_6428_p2            |      icmp|   0|  0|    24|          52|           1|
    |icmp_ln591_fu_6422_p2              |      icmp|   0|  0|    11|          11|           2|
    |icmp_ln599_fu_6479_p2              |      icmp|   0|  0|    20|          32|          32|
    |icmp_ln608_fu_6317_p2              |      icmp|   0|  0|    20|          32|           3|
    |icmp_ln609_fu_6512_p2              |      icmp|   0|  0|    20|          32|          32|
    |icmp_ln618_fu_6558_p2              |      icmp|   0|  0|    20|          32|          32|
    |ap_block_state203_on_subcall_done  |        or|   0|  0|     2|           1|           1|
    |ap_block_state217_on_subcall_done  |        or|   0|  0|     2|           1|           1|
    |ap_block_state220_on_subcall_done  |        or|   0|  0|     2|           1|           1|
    |ap_block_state222_on_subcall_done  |        or|   0|  0|     2|           1|           1|
    |ap_block_state228_on_subcall_done  |        or|   0|  0|     2|           1|           1|
    |or_ln353_fu_4679_p2                |        or|   0|  0|     2|           1|           1|
    |or_ln361_3_fu_4733_p2              |        or|   0|  0|     2|           1|           1|
    |or_ln361_fu_4751_p2                |        or|   0|  0|    65|          64|          65|
    |or_ln382_fu_4846_p2                |        or|   0|  0|     2|           1|           1|
    |or_ln390_3_fu_4900_p2              |        or|   0|  0|     2|           1|           1|
    |or_ln390_fu_4918_p2                |        or|   0|  0|    65|          64|          65|
    |or_ln406_3_fu_5125_p2              |        or|   0|  0|     2|           1|           1|
    |or_ln406_fu_5107_p2                |        or|   0|  0|     2|           1|           1|
    |or_ln413_fu_5237_p2                |        or|   0|  0|     2|           1|           1|
    |or_ln438_fu_5698_p2                |        or|   0|  0|     2|           1|           1|
    |or_ln484_3_fu_5930_p2              |        or|   0|  0|     2|           1|           1|
    |or_ln484_fu_5924_p2                |        or|   0|  0|     2|           1|           1|
    |or_ln504_fu_6001_p2                |        or|   0|  0|     2|           1|           1|
    |or_ln520_3_fu_6086_p2              |        or|   0|  0|     2|           1|           1|
    |or_ln520_fu_6104_p2                |        or|   0|  0|    65|          64|          65|
    |or_ln546_fu_6199_p2                |        or|   0|  0|     2|           1|           1|
    |or_ln591_3_fu_6380_p2              |        or|   0|  0|     2|           1|           1|
    |or_ln591_fu_6434_p2                |        or|   0|  0|     2|           1|           1|
    |anorm_7_fu_5143_p3                 |    select|   0|  0|    63|           1|          64|
    |inc_21_fu_6284_p3                  |    select|   0|  0|    32|           1|          32|
    |select_ln361_fu_4757_p3            |    select|   0|  0|    63|           1|          64|
    |select_ln390_fu_4924_p3            |    select|   0|  0|    63|           1|          64|
    |select_ln432_fu_5289_p3            |    select|   0|  0|    32|           1|          32|
    |select_ln446_fu_5722_p3            |    select|   0|  0|    33|           1|          33|
    |select_ln453_fu_5775_p3            |    select|   0|  0|    33|           1|          33|
    |select_ln520_fu_6110_p3            |    select|   0|  0|    63|           1|          64|
    |select_ln582_fu_6270_p3            |    select|   0|  0|    32|           1|          32|
    |umax_fu_6655_p3                    |    select|   0|  0|    32|           1|          32|
    |shl_ln428_3_fu_5556_p2             |       shl|   0|  0|  1865|          62|         448|
    |shl_ln428_fu_5537_p2               |       shl|   0|  0|   165|           8|          56|
    |xor_ln361_fu_4770_p2               |       xor|   0|  0|    65|          64|          65|
    |xor_ln390_fu_4937_p2               |       xor|   0|  0|    65|          64|          65|
    |xor_ln491_fu_5952_p2               |       xor|   0|  0|    65|          64|          65|
    |xor_ln506_fu_6013_p2               |       xor|   0|  0|    65|          64|          65|
    |xor_ln633_5_fu_6643_p2             |       xor|   0|  0|    32|          32|           2|
    |xor_ln633_6_fu_6663_p2             |       xor|   0|  0|    32|          32|           2|
    |xor_ln633_fu_6638_p2               |       xor|   0|  0|    32|          32|           2|
    +-----------------------------------+----------+----+---+------+------------+------------+
    |Total                              |          |   0|  0|  6223|        4329|        3177|
    +-----------------------------------+----------+----+---+------+------------+------------+

    * Multiplexer: 
    +----------------------------------------+------+-----------+-----+-----------+
    |                  Name                  |  LUT | Input Size| Bits| Total Bits|
    +----------------------------------------+------+-----------+-----+-----------+
    |U_val_address0                          |   508|        102|    8|        816|
    |U_val_address1                          |   455|         92|    8|        736|
    |U_val_ce0                               |   139|         28|    1|         28|
    |U_val_ce1                               |    86|         18|    1|         18|
    |U_val_d0                                |   435|         89|   64|       5696|
    |U_val_d1                                |   351|         76|   64|       4864|
    |U_val_we0                               |    81|         17|    1|         17|
    |U_val_we1                               |    20|          4|    1|          4|
    |anorm_0_lcssa_reg_2342                  |     9|          2|   64|        128|
    |anorm_fu_694                            |     9|          2|   64|        128|
    |ap_NS_fsm                               |  1275|        240|    1|        240|
    |ap_phi_mux_g_32_phi_fu_2335_p4          |     9|          2|   64|        128|
    |ap_phi_mux_i_73_phi_fu_2324_p4          |     9|          2|   32|         64|
    |ap_phi_mux_l_2148_ph_ph_phi_fu_2469_p4  |    14|          3|   32|         96|
    |c_11_reg_2535                           |     9|          2|   64|        128|
    |c_2_reg_2592                            |     9|          2|   64|        128|
    |c_reg_2488                              |     9|          2|   64|        128|
    |epnp_address0                           |   145|         29|    8|        232|
    |epnp_address1                           |    65|         14|    8|        112|
    |epnp_ce0                                |    86|         18|    1|         18|
    |epnp_ce1                                |    14|          3|    1|          3|
    |epnp_d0                                 |    65|         15|  448|       6720|
    |epnp_we0                                |    65|         15|   56|        840|
    |epnp_we1                                |     9|          2|   56|        112|
    |f_44_reg_2547                           |     9|          2|   64|        128|
    |g_2_reg_2376                            |     9|          2|   64|        128|
    |g_32_reg_2331                           |     9|          2|   64|        128|
    |g_33_fu_698                             |     9|          2|   64|        128|
    |g_4_reg_2412                            |     9|          2|   64|        128|
    |g_fu_690                                |     9|          2|   64|        128|
    |grp_fu_3056_opcode                      |    14|          3|    2|          6|
    |grp_fu_3056_p0                          |    59|         11|   64|        704|
    |grp_fu_3056_p1                          |    65|         12|   64|        768|
    |grp_fu_3067_opcode                      |    14|          3|    2|          6|
    |grp_fu_3067_p0                          |    20|          4|   64|        256|
    |grp_fu_3067_p1                          |    20|          4|   64|        256|
    |grp_fu_3072_p0                          |    14|          3|   64|        192|
    |grp_fu_3072_p1                          |    14|          3|   64|        192|
    |grp_fu_3084_p0                          |    65|         14|   64|        896|
    |grp_fu_3084_p1                          |    65|         12|   64|        768|
    |grp_fu_3094_p0                          |    49|          9|   64|        576|
    |grp_fu_3094_p1                          |    49|          9|   64|        576|
    |grp_fu_3101_p0                          |    20|          4|   64|        256|
    |grp_fu_3101_p1                          |    20|          4|   64|        256|
    |grp_fu_3112_p0                          |    14|          3|   64|        192|
    |grp_fu_3112_p1                          |    14|          3|   64|        192|
    |grp_fu_3121_ce                          |    31|          6|    1|          6|
    |grp_fu_3121_p0                          |    59|         11|   64|        704|
    |grp_fu_3121_p1                          |    65|         12|   64|        768|
    |grp_fu_3130_ce                          |     9|          2|    1|          2|
    |grp_fu_3130_p0                          |    14|          3|   64|        192|
    |grp_fu_3130_p1                          |    14|          3|   64|        192|
    |grp_fu_3134_opcode                      |    26|          5|    5|         25|
    |grp_fu_3134_p0                          |    54|         10|   64|        640|
    |grp_fu_3134_p1                          |    26|          5|   64|        320|
    |grp_fu_3142_p1                          |    14|          3|   64|        192|
    |grp_fu_3276_p0                          |    14|          3|   32|         96|
    |grp_fu_3294_p0                          |    14|          3|   32|         96|
    |grp_pythag_fu_2882_a                    |    26|          5|   64|        320|
    |grp_pythag_fu_2882_b                    |    20|          4|   64|        256|
    |i_54_fu_674                             |     9|          2|   32|         64|
    |i_61_reg_2477                           |     9|          2|   32|         64|
    |i_63_fu_726                             |     9|          2|   32|         64|
    |i_73_reg_2320                           |     9|          2|   32|         64|
    |i_fu_590                                |     9|          2|   32|         64|
    |inc_15_fu_718                           |     9|          2|   32|         64|
    |indvars_iv457_fu_686                    |     9|          2|   33|         66|
    |its_reg_2445                            |     9|          2|    5|         10|
    |j_12_reg_2614                           |     9|          2|   32|         64|
    |j_63_reg_2354                           |     9|          2|   64|        128|
    |j_64_reg_2426                           |     9|          2|   64|        128|
    |j_66_reg_2435                           |     9|          2|   64|        128|
    |j_69_fu_710                             |     9|          2|   32|         64|
    |j_72_reg_2390                           |     9|          2|   64|        128|
    |j_74_reg_2523                           |     9|          2|   64|        128|
    |j_77_reg_2624                           |     9|          2|    8|         16|
    |j_78_reg_2603                           |     9|          2|   64|        128|
    |j_fu_702                                |     9|          2|   32|         64|
    |k_65_fu_682                             |     9|          2|   32|         64|
    |k_77_fu_722                             |     9|          2|   32|         64|
    |l_13_fu_706                             |     9|          2|   64|        128|
    |l_14_fu_714                             |     9|          2|   64|        128|
    |l_2148_ph512_reg_2512                   |     9|          2|   32|         64|
    |l_2148_ph_ph_reg_2466                   |     9|          2|   32|         64|
    |phi_ln466_reg_2456                      |     9|          2|    8|         16|
    |ref_tmp2_address0                       |    26|          5|    8|         40|
    |ref_tmp2_ce0                            |    20|          4|    1|          4|
    |ref_tmp2_d0                             |    14|          3|   64|        192|
    |ref_tmp2_we0                            |    14|          3|    8|         24|
    |ref_tmp980_address0                     |    26|          5|    4|         20|
    |ref_tmp980_ce0                          |    20|          4|    1|          4|
    |ref_tmp980_d0                           |    14|          3|   64|        192|
    |ref_tmp980_we0                          |    14|          3|    8|         24|
    |ref_tmp_address0                        |    26|          5|    8|         40|
    |ref_tmp_ce0                             |    20|          4|    1|          4|
    |ref_tmp_d0                              |    14|          3|   64|        192|
    |ref_tmp_we0                             |    14|          3|    8|         24|
    |rv1_address0                            |    54|         10|    4|         40|
    |rv1_address1                            |    31|          6|    4|         24|
    |rv1_ce0                                 |    26|          5|    1|          5|
    |rv1_d0                                  |    20|          4|   64|        256|
    |rv1_d1                                  |    20|          4|   64|        256|
    |rv1_we0                                 |    14|          3|    1|          3|
    |s_34_reg_2558                           |     9|          2|   64|        128|
    |s_8_reg_2581                            |     9|          2|   64|        128|
    |s_reg_2500                              |     9|          2|   64|        128|
    |scale_2_reg_2363                        |     9|          2|   64|        128|
    |scale_4_reg_2399                        |     9|          2|   64|        128|
    |scale_fu_678                            |     9|          2|   64|        128|
    |su_address0                             |    14|          3|    4|         12|
    |su_ce0                                  |    14|          3|    1|          3|
    |su_we0                                  |     9|          2|    1|          2|
    |sv_address0                             |    14|          3|    4|         12|
    |sv_ce0                                  |    14|          3|    1|          3|
    |sv_we0                                  |     9|          2|    1|          2|
    |w_address0                              |    65|         16|    4|         64|
    |w_ce0                                   |    20|          4|    1|          4|
    |w_d0                                    |    37|          7|   64|        448|
    |x_6_reg_2570                            |     9|          2|   64|        128|
    +----------------------------------------+------+-----------+-----+-----------+
    |Total                                   |  5703|       1151| 4994|      36807|
    +----------------------------------------+------+-----------+-----+-----------+

    * Register: 
    +-------------------------------------------------------------------------------+-----+----+-----+-----------+
    |                                      Name                                     |  FF | LUT| Bits| Const Bits|
    +-------------------------------------------------------------------------------+-----+----+-----+-----------+
    |U_val_addr_333_reg_7093                                                        |    8|   0|    8|          0|
    |U_val_addr_334_reg_7115                                                        |    8|   0|    8|          0|
    |U_val_addr_335_reg_7426                                                        |    8|   0|    8|          0|
    |add16_reg_7608                                                                 |   64|   0|   64|          0|
    |add_ln114_14_reg_6950                                                          |   32|   0|   32|          0|
    |add_ln114_15_reg_7902                                                          |   32|   0|   32|          0|
    |add_ln114_reg_6905                                                             |   32|   0|   32|          0|
    |add_ln343_reg_7064                                                             |   32|   0|   32|          0|
    |add_ln364_reg_7191                                                             |   64|   0|   64|          0|
    |add_ln395_reg_7237                                                             |   64|   0|   64|          0|
    |add_ln417_reg_7325                                                             |   64|   0|   64|          0|
    |add_ln441_3_reg_7445                                                           |   33|   0|   33|          0|
    |add_ln446_reg_7303                                                             |   33|   0|   33|          0|
    |add_ln453_3_reg_7472                                                           |   33|   0|   33|          0|
    |add_ln458_reg_7488                                                             |   64|   0|   64|          0|
    |add_ln463_loc_fu_602                                                           |    8|   0|    8|          0|
    |add_ln480_reg_7573                                                             |   32|   0|   32|          0|
    |add_ln524_reg_7643                                                             |   64|   0|   64|          0|
    |add_ln583_reg_7822                                                             |   64|   0|   64|          0|
    |add_ln609_reg_7844                                                             |   32|   0|   32|          0|
    |add_ln616_reg_7875                                                             |   33|   0|   36|          3|
    |and_ln353_reg_7160                                                             |    1|   0|    1|          0|
    |and_ln378_reg_7199                                                             |    1|   0|    1|          0|
    |and_ln382_reg_7206                                                             |    1|   0|    1|          0|
    |and_ln413_reg_7271                                                             |    1|   0|    1|          0|
    |and_ln438_reg_7437                                                             |    1|   0|    1|          0|
    |and_ln504_reg_7587                                                             |    1|   0|    1|          0|
    |and_ln591_3_reg_7798                                                           |    1|   0|    1|          0|
    |anorm_0_lcssa_reg_2342                                                         |   64|   0|   64|          0|
    |anorm_fu_694                                                                   |   64|   0|   64|          0|
    |ap_CS_fsm                                                                      |  239|   0|  239|          0|
    |bitcast_ln466_reg_7398                                                         |   64|   0|   64|          0|
    |c_11_reg_2535                                                                  |   64|   0|   64|          0|
    |c_2_reg_2592                                                                   |   64|   0|   64|          0|
    |c_reg_2488                                                                     |   64|   0|   64|          0|
    |cmp444204_reg_7451                                                             |    1|   0|    1|          0|
    |data_V_19_reg_7560                                                             |   64|   0|   64|          0|
    |empty_794_reg_6898                                                             |    1|   0|    1|          0|
    |empty_795_reg_6910                                                             |   35|   0|   40|          5|
    |empty_796_reg_6916                                                             |    6|   0|   11|          5|
    |empty_797_reg_6933                                                             |   32|   0|   32|          0|
    |empty_798_reg_6943                                                             |    1|   0|    1|          0|
    |empty_799_reg_6955                                                             |   35|   0|   40|          5|
    |empty_800_reg_6961                                                             |    6|   0|   11|          5|
    |empty_803_reg_7255                                                             |    6|   0|    8|          2|
    |empty_805_reg_7280                                                             |    8|   0|    8|          0|
    |empty_809_reg_7885                                                             |   32|   0|   32|          0|
    |empty_810_reg_7895                                                             |    1|   0|    1|          0|
    |empty_reg_6888                                                                 |   32|   0|   32|          0|
    |epnp_load_21_reg_6882                                                          |  448|   0|  448|          0|
    |f_44_reg_2547                                                                  |   64|   0|   64|          0|
    |g_2_reg_2376                                                                   |   64|   0|   64|          0|
    |g_32_reg_2331                                                                  |   64|   0|   64|          0|
    |g_33_fu_698                                                                    |   64|   0|   64|          0|
    |g_46_reg_7177                                                                  |   64|   0|   64|          0|
    |g_49_reg_7223                                                                  |   64|   0|   64|          0|
    |g_4_reg_2412                                                                   |   64|   0|   64|          0|
    |g_fu_690                                                                       |   64|   0|   64|          0|
    |grp_pythag_fu_2882_ap_start_reg                                                |    1|   0|    1|          0|
    |grp_svd_4_1_Pipeline_1_fu_2633_ap_start_reg                                    |    1|   0|    1|          0|
    |grp_svd_4_1_Pipeline_2_fu_2638_ap_start_reg                                    |    1|   0|    1|          0|
    |grp_svd_4_1_Pipeline_3_fu_2649_ap_start_reg                                    |    1|   0|    1|          0|
    |grp_svd_4_1_Pipeline_41_fu_3023_ap_start_reg                                   |    1|   0|    1|          0|
    |grp_svd_4_1_Pipeline_42_fu_3028_ap_start_reg                                   |    1|   0|    1|          0|
    |grp_svd_4_1_Pipeline_4_fu_2654_ap_start_reg                                    |    1|   0|    1|          0|
    |grp_svd_4_1_Pipeline_VITIS_LOOP_349_2_fu_2665_ap_start_reg                     |    1|   0|    1|          0|
    |grp_svd_4_1_Pipeline_VITIS_LOOP_355_3_fu_2674_ap_start_reg                     |    1|   0|    1|          0|
    |grp_svd_4_1_Pipeline_VITIS_LOOP_366_5_fu_2684_ap_start_reg                     |    1|   0|    1|          0|
    |grp_svd_4_1_Pipeline_VITIS_LOOP_369_6_fu_2703_ap_start_reg                     |    1|   0|    1|          0|
    |grp_svd_4_1_Pipeline_VITIS_LOOP_372_7_fu_2694_ap_start_reg                     |    1|   0|    1|          0|
    |grp_svd_4_1_Pipeline_VITIS_LOOP_380_8_fu_2713_ap_start_reg                     |    1|   0|    1|          0|
    |grp_svd_4_1_Pipeline_VITIS_LOOP_384_9_fu_2722_ap_start_reg                     |    1|   0|    1|          0|
    |grp_svd_4_1_Pipeline_VITIS_LOOP_393_10_fu_2732_ap_start_reg                    |    1|   0|    1|          0|
    |grp_svd_4_1_Pipeline_VITIS_LOOP_397_12_fu_2742_ap_start_reg                    |    1|   0|    1|          0|
    |grp_svd_4_1_Pipeline_VITIS_LOOP_399_13_fu_2761_ap_start_reg                    |    1|   0|    1|          0|
    |grp_svd_4_1_Pipeline_VITIS_LOOP_402_14_fu_2752_ap_start_reg                    |    1|   0|    1|          0|
    |grp_svd_4_1_Pipeline_VITIS_LOOP_415_16_fu_2771_ap_start_reg                    |    1|   0|    1|          0|
    |grp_svd_4_1_Pipeline_VITIS_LOOP_419_18_fu_2785_ap_start_reg                    |    1|   0|    1|          0|
    |grp_svd_4_1_Pipeline_VITIS_LOOP_421_19_fu_2809_ap_start_reg                    |    1|   0|    1|          0|
    |grp_svd_4_1_Pipeline_VITIS_LOOP_425_20_fu_2797_ap_start_reg                    |    1|   0|    1|          0|
    |grp_svd_4_1_Pipeline_VITIS_LOOP_436_22_fu_2821_ap_start_reg                    |    1|   0|    1|          0|
    |grp_svd_4_1_Pipeline_VITIS_LOOP_443_24_fu_2829_ap_start_reg                    |    1|   0|    1|          0|
    |grp_svd_4_1_Pipeline_VITIS_LOOP_446_25_fu_2847_ap_start_reg                    |    1|   0|    1|          0|
    |grp_svd_4_1_Pipeline_VITIS_LOOP_449_26_fu_2839_ap_start_reg                    |    1|   0|    1|          0|
    |grp_svd_4_1_Pipeline_VITIS_LOOP_453_27_fu_2856_ap_start_reg                    |    1|   0|    1|          0|
    |grp_svd_4_1_Pipeline_VITIS_LOOP_463_30_fu_2869_ap_start_reg                    |    1|   0|    1|          0|
    |grp_svd_4_1_Pipeline_VITIS_LOOP_492_32_fu_2893_ap_start_reg                    |    1|   0|    1|          0|
    |grp_svd_4_1_Pipeline_VITIS_LOOP_507_33_fu_2904_ap_start_reg                    |    1|   0|    1|          0|
    |grp_svd_4_1_Pipeline_VITIS_LOOP_537_35_fu_2913_ap_start_reg                    |    1|   0|    1|          0|
    |grp_svd_4_1_Pipeline_VITIS_LOOP_554_36_fu_2924_ap_start_reg                    |    1|   0|    1|          0|
    |grp_svd_4_1_Pipeline_VITIS_LOOP_575_37_fu_2863_ap_start_reg                    |    1|   0|    1|          0|
    |grp_svd_4_1_Pipeline_VITIS_LOOP_586_40_fu_2936_ap_start_reg                    |    1|   0|    1|          0|
    |grp_svd_4_1_Pipeline_VITIS_LOOP_588_41_fu_2944_ap_start_reg                    |    1|   0|    1|          0|
    |grp_svd_4_1_Pipeline_VITIS_LOOP_594_43_fu_2953_ap_start_reg                    |    1|   0|    1|          0|
    |grp_svd_4_1_Pipeline_VITIS_LOOP_596_44_fu_2961_ap_start_reg                    |    1|   0|    1|          0|
    |grp_svd_4_1_Pipeline_VITIS_LOOP_603_45_fu_2971_ap_start_reg                    |    1|   0|    1|          0|
    |grp_svd_4_1_Pipeline_VITIS_LOOP_605_46_fu_2979_ap_start_reg                    |    1|   0|    1|          0|
    |grp_svd_4_1_Pipeline_VITIS_LOOP_612_48_fu_2989_ap_start_reg                    |    1|   0|    1|          0|
    |grp_svd_4_1_Pipeline_VITIS_LOOP_615_49_fu_2997_ap_start_reg                    |    1|   0|    1|          0|
    |grp_svd_4_1_Pipeline_VITIS_LOOP_620_50_fu_3007_ap_start_reg                    |    1|   0|    1|          0|
    |grp_svd_4_1_Pipeline_VITIS_LOOP_622_51_fu_3014_ap_start_reg                    |    1|   0|    1|          0|
    |grp_svd_4_1_Pipeline_VITIS_LOOP_629_52_fu_3039_ap_start_reg                    |    1|   0|    1|          0|
    |grp_svd_4_1_Pipeline_VITIS_LOOP_633_53_VITIS_LOOP_634_54_fu_3047_ap_start_reg  |    1|   0|    1|          0|
    |h_18_reg_7601                                                                  |   64|   0|   64|          0|
    |i_54_fu_674                                                                    |   32|   0|   32|          0|
    |i_61_reg_2477                                                                  |   32|   0|   32|          0|
    |i_63_fu_726                                                                    |   32|   0|   32|          0|
    |i_73_reg_2320                                                                  |   32|   0|   32|          0|
    |i_79_reg_7250                                                                  |   64|   0|   64|          0|
    |i_80_reg_7369                                                                  |   32|   0|   32|          0|
    |i_fu_590                                                                       |   32|   0|   32|          0|
    |icmp_ln341_reg_7000                                                            |    1|   0|    1|          0|
    |icmp_ln378_2_reg_7126                                                          |    1|   0|    1|          0|
    |icmp_ln411_reg_7264                                                            |    1|   0|    1|          0|
    |icmp_ln453_reg_7441                                                            |    1|   0|    1|          0|
    |icmp_ln460_reg_7516                                                            |    1|   0|    1|          0|
    |icmp_ln466_7_reg_7408                                                          |    1|   0|    1|          0|
    |icmp_ln480_3_reg_7546                                                          |    1|   0|    1|          0|
    |icmp_ln480_reg_7532                                                            |    1|   0|    1|          0|
    |icmp_ln484_6_reg_7555                                                          |    1|   0|    1|          0|
    |icmp_ln599_reg_7818                                                            |    1|   0|    1|          0|
    |icmp_ln618_reg_7881                                                            |    1|   0|    1|          0|
    |inc_15_fu_718                                                                  |   32|   0|   32|          0|
    |inc_21_reg_7720                                                                |   32|   0|   32|          0|
    |indvars_iv457_fu_686                                                           |   33|   0|   33|          0|
    |its_3_reg_7520                                                                 |    5|   0|    5|          0|
    |its_reg_2445                                                                   |    5|   0|    5|          0|
    |j_12_reg_2614                                                                  |   32|   0|   32|          0|
    |j_63_reg_2354                                                                  |   64|   0|   64|          0|
    |j_64_reg_2426                                                                  |   64|   0|   64|          0|
    |j_66_reg_2435                                                                  |   64|   0|   64|          0|
    |j_69_fu_710                                                                    |   32|   0|   32|          0|
    |j_69_load_reg_7363                                                             |   32|   0|   32|          0|
    |j_72_reg_2390                                                                  |   64|   0|   64|          0|
    |j_74_reg_2523                                                                  |   64|   0|   64|          0|
    |j_76_reg_7780                                                                  |   32|   0|   32|          0|
    |j_77_reg_2624                                                                  |    8|   0|    8|          0|
    |j_78_reg_2603                                                                  |   64|   0|   64|          0|
    |j_fu_702                                                                       |   32|   0|   32|          0|
    |k_65_fu_682                                                                    |   32|   0|   32|          0|
    |k_77_fu_722                                                                    |   32|   0|   32|          0|
    |l_11_loc_fu_606                                                                |   32|   0|   32|          0|
    |l_13_fu_706                                                                    |   64|   0|   64|          0|
    |l_14_fu_714                                                                    |   64|   0|   64|          0|
    |l_2148_ph512_reg_2512                                                          |   32|   0|   32|          0|
    |l_2148_ph_ph_reg_2466                                                          |   32|   0|   32|          0|
    |l_reg_6966                                                                     |   32|   0|   32|          0|
    |lshr_ln629_cast_reg_7923                                                       |   32|   0|   32|          0|
    |mul_ln633_reg_7933                                                             |   64|   0|   64|          0|
    |or_ln591_3_reg_7770                                                            |    1|   0|    1|          0|
    |p_cast48_reg_6938                                                              |   32|   0|   32|          0|
    |p_cast50_reg_7890                                                              |   32|   0|   32|          0|
    |p_cast51_reg_7913                                                              |    4|   0|    7|          3|
    |p_cast_reg_6893                                                                |   32|   0|   32|          0|
    |phi_ln466_reg_2456                                                             |    8|   0|    8|          0|
    |reg_3299                                                                       |   64|   0|   64|          0|
    |reg_3303                                                                       |   64|   0|   64|          0|
    |reg_3307                                                                       |   64|   0|   64|          0|
    |reg_3311                                                                       |   64|   0|   64|          0|
    |reg_3315                                                                       |   64|   0|   64|          0|
    |reg_3319                                                                       |   64|   0|   64|          0|
    |reg_3323                                                                       |   64|   0|   64|          0|
    |reg_3327                                                                       |   64|   0|   64|          0|
    |reg_3331                                                                       |   64|   0|   64|          0|
    |reg_3335                                                                       |   64|   0|   64|          0|
    |reg_3339                                                                       |   64|   0|   64|          0|
    |reg_3343                                                                       |   32|   0|   32|          0|
    |reg_3361                                                                       |   32|   0|   32|          0|
    |reg_3366                                                                       |   64|   0|   64|          0|
    |reg_3373                                                                       |   64|   0|   64|          0|
    |reg_3380                                                                       |   64|   0|   64|          0|
    |reg_3388                                                                       |   64|   0|   64|          0|
    |reg_3404                                                                       |   64|   0|   64|          0|
    |reg_3411                                                                       |   32|   0|   32|          0|
    |reg_3419                                                                       |   64|   0|   64|          0|
    |reg_3431                                                                       |   64|   0|   64|          0|
    |reg_3437                                                                       |   64|   0|   64|          0|
    |reg_3444                                                                       |   64|   0|   64|          0|
    |reg_3451                                                                       |   64|   0|   64|          0|
    |reg_3459                                                                       |   64|   0|   64|          0|
    |reg_3465                                                                       |   64|   0|   64|          0|
    |reg_3471                                                                       |   64|   0|   64|          0|
    |reg_3481                                                                       |   64|   0|   64|          0|
    |reg_3489                                                                       |   64|   0|   64|          0|
    |reg_3496                                                                       |   64|   0|   64|          0|
    |rv1_addr_11_reg_7550                                                           |    4|   0|    4|          0|
    |rv1_addr_8_reg_7498                                                            |    4|   0|    4|          0|
    |rv1_addr_9_reg_7503                                                            |    4|   0|    4|          0|
    |rv1_addr_reg_7121                                                              |    4|   0|    4|          0|
    |s_33_reg_7578                                                                  |   64|   0|   64|          0|
    |s_34_reg_2558                                                                  |   64|   0|   64|          0|
    |s_35_reg_7659                                                                  |   64|   0|   64|          0|
    |s_8_reg_2581                                                                   |   64|   0|   64|          0|
    |s_reg_2500                                                                     |   64|   0|   64|          0|
    |scale_2_reg_2363                                                               |   64|   0|   64|          0|
    |scale_4_reg_2399                                                               |   64|   0|   64|          0|
    |scale_fu_678                                                                   |   64|   0|   64|          0|
    |sext_ln425_reg_7275                                                            |   64|   0|   64|          0|
    |sext_ln434_reg_7432                                                            |   64|   0|   64|          0|
    |sext_ln480_2_reg_7536                                                          |   64|   0|   64|          0|
    |sext_ln513_reg_7623                                                            |   64|   0|   64|          0|
    |shl_ln26_reg_7870                                                              |   32|   0|   35|          3|
    |shl_ln416_reg_7285                                                             |   61|   0|   64|          3|
    |shl_ln420_reg_7319                                                             |   61|   0|   64|          3|
    |shl_ln426_reg_7330                                                             |   61|   0|   64|          3|
    |shl_ln589_reg_7750                                                             |   61|   0|   64|          3|
    |shl_ln597_s_reg_7812                                                           |    4|   0|    7|          3|
    |shl_ln606_s_reg_7832                                                           |    4|   0|    7|          3|
    |shl_ln_reg_7807                                                                |   32|   0|   35|          3|
    |sub_ln360_reg_7084                                                             |    6|   0|    8|          2|
    |sub_ln398_reg_7228                                                             |    6|   0|    8|          2|
    |sub_ln426_reg_7335                                                             |   59|   0|   64|          5|
    |sub_ln437_reg_7380                                                             |    6|   0|    8|          2|
    |targetBlock_reg_7525                                                           |    2|   0|    2|          0|
    |tmp_289_reg_7167                                                               |    1|   0|    1|          0|
    |tmp_308_reg_7213                                                               |    1|   0|    1|          0|
    |tmp_314_reg_7613                                                               |    1|   0|    1|          0|
    |tmp_696_reg_7907                                                               |   32|   0|   35|          3|
    |trunc_ln20_reg_7291                                                            |   53|   0|   56|          3|
    |trunc_ln22_reg_7596                                                            |   37|   0|   40|          3|
    |trunc_ln23_reg_7677                                                            |   37|   0|   40|          3|
    |trunc_ln330_19_reg_6772                                                        |   64|   0|   64|          0|
    |trunc_ln337_3_reg_7849                                                         |    8|   0|    8|          0|
    |trunc_ln337_reg_7105                                                           |   32|   0|   32|          0|
    |trunc_ln341_2_reg_7055                                                         |    4|   0|    4|          0|
    |trunc_ln360_reg_7074                                                           |    8|   0|    8|          0|
    |trunc_ln364_reg_7182                                                           |    8|   0|    8|          0|
    |trunc_ln368_16_reg_7218                                                        |   63|   0|   63|          0|
    |trunc_ln368_17_reg_7245                                                        |   63|   0|   63|          0|
    |trunc_ln368_20_reg_7618                                                        |   63|   0|   63|          0|
    |trunc_ln368_reg_7172                                                           |   63|   0|   63|          0|
    |trunc_ln420_reg_7314                                                           |   53|   0|   53|          0|
    |trunc_ln422_s_reg_7353                                                         |   53|   0|   56|          3|
    |trunc_ln426_9_reg_7345                                                         |   51|   0|   56|          5|
    |trunc_ln426_s_reg_7340                                                         |   53|   0|   56|          3|
    |trunc_ln437_3_reg_7421                                                         |    8|   0|    8|          0|
    |trunc_ln437_reg_7414                                                           |   31|   0|   31|          0|
    |trunc_ln441_reg_7455                                                           |    8|   0|    8|          0|
    |trunc_ln466_reg_7403                                                           |   63|   0|   63|          0|
    |trunc_ln480_reg_7541                                                           |    4|   0|    4|          0|
    |trunc_ln508_9_reg_7591                                                         |    4|   0|    7|          3|
    |trunc_ln522_reg_7634                                                           |    4|   0|    4|          0|
    |trunc_ln525_reg_7649                                                           |    8|   0|    8|          0|
    |trunc_ln539_s_reg_7672                                                         |    4|   0|    7|          3|
    |trunc_ln583_3_reg_7737                                                         |   32|   0|   32|          0|
    |trunc_ln583_reg_7732                                                           |    8|   0|    8|          0|
    |trunc_ln591_8_reg_7775                                                         |    8|   0|    8|          0|
    |trunc_ln591_9_reg_7787                                                         |    8|   0|    8|          0|
    |trunc_ln593_reg_7802                                                           |    4|   0|    4|          0|
    |trunc_ln602_reg_7827                                                           |    4|   0|    4|          0|
    |w_addr_13_reg_7483                                                             |    4|   0|    4|          0|
    |w_addr_14_reg_7493                                                             |    4|   0|    4|          0|
    |w_addr_19_reg_7568                                                             |    4|   0|    4|          0|
    |x_6_reg_2570                                                                   |   64|   0|   64|          0|
    |xor_ln633_6_reg_7928                                                           |   32|   0|   32|          0|
    |y_6_reg_7682                                                                   |   64|   0|   64|          0|
    |z_11_reg_7691                                                                  |   64|   0|   64|          0|
    |zext_ln337_2_reg_7099                                                          |   33|   0|   64|         31|
    |zext_ln337_reg_7069                                                            |   32|   0|   64|         32|
    |zext_ln341_2_reg_7044                                                          |   32|   0|   64|         32|
    |zext_ln341_reg_7039                                                            |   32|   0|   64|         32|
    |zext_ln411_reg_7152                                                            |   32|   0|   64|         32|
    |zext_ln618_reg_7765                                                            |   31|   0|   32|          1|
    +-------------------------------------------------------------------------------+-----+----+-----+-----------+
    |Total                                                                          | 8591|   0| 8843|        252|
    +-------------------------------------------------------------------------------+-----+----+-----+-----------+



================================================================
== Interface
================================================================
* Summary: 
+----------------------------+-----+-----+------------+--------------+--------------+
|          RTL Ports         | Dir | Bits|  Protocol  | Source Object|    C Type    |
+----------------------------+-----+-----+------------+--------------+--------------+
|ap_clk                      |   in|    1|  ap_ctrl_hs|       svd.4.1|  return value|
|ap_rst                      |   in|    1|  ap_ctrl_hs|       svd.4.1|  return value|
|ap_start                    |   in|    1|  ap_ctrl_hs|       svd.4.1|  return value|
|ap_done                     |  out|    1|  ap_ctrl_hs|       svd.4.1|  return value|
|ap_idle                     |  out|    1|  ap_ctrl_hs|       svd.4.1|  return value|
|ap_ready                    |  out|    1|  ap_ctrl_hs|       svd.4.1|  return value|
|grp_fu_1641_p_din0          |  out|   64|  ap_ctrl_hs|       svd.4.1|  return value|
|grp_fu_1641_p_din1          |  out|   64|  ap_ctrl_hs|       svd.4.1|  return value|
|grp_fu_1641_p_dout0         |   in|   64|  ap_ctrl_hs|       svd.4.1|  return value|
|grp_fu_1641_p_ce            |  out|    1|  ap_ctrl_hs|       svd.4.1|  return value|
|grp_fu_6351_p_din0          |  out|   64|  ap_ctrl_hs|       svd.4.1|  return value|
|grp_fu_6351_p_din1          |  out|   64|  ap_ctrl_hs|       svd.4.1|  return value|
|grp_fu_6351_p_dout0         |   in|   64|  ap_ctrl_hs|       svd.4.1|  return value|
|grp_fu_6351_p_ce            |  out|    1|  ap_ctrl_hs|       svd.4.1|  return value|
|grp_fu_1656_p_din0          |  out|   64|  ap_ctrl_hs|       svd.4.1|  return value|
|grp_fu_1656_p_din1          |  out|   64|  ap_ctrl_hs|       svd.4.1|  return value|
|grp_fu_1656_p_dout0         |   in|   64|  ap_ctrl_hs|       svd.4.1|  return value|
|grp_fu_1656_p_ce            |  out|    1|  ap_ctrl_hs|       svd.4.1|  return value|
|grp_pythag_fu_6355_p_din1   |  out|   64|  ap_ctrl_hs|       svd.4.1|  return value|
|grp_pythag_fu_6355_p_din2   |  out|   64|  ap_ctrl_hs|       svd.4.1|  return value|
|grp_pythag_fu_6355_p_dout0  |   in|   64|  ap_ctrl_hs|       svd.4.1|  return value|
|grp_pythag_fu_6355_p_start  |  out|    1|  ap_ctrl_hs|       svd.4.1|  return value|
|grp_pythag_fu_6355_p_ready  |   in|    1|  ap_ctrl_hs|       svd.4.1|  return value|
|grp_pythag_fu_6355_p_done   |   in|    1|  ap_ctrl_hs|       svd.4.1|  return value|
|grp_pythag_fu_6355_p_idle   |   in|    1|  ap_ctrl_hs|       svd.4.1|  return value|
|epnp_address0               |  out|    8|   ap_memory|          epnp|         array|
|epnp_ce0                    |  out|    1|   ap_memory|          epnp|         array|
|epnp_we0                    |  out|   56|   ap_memory|          epnp|         array|
|epnp_d0                     |  out|  448|   ap_memory|          epnp|         array|
|epnp_q0                     |   in|  448|   ap_memory|          epnp|         array|
|epnp_address1               |  out|    8|   ap_memory|          epnp|         array|
|epnp_ce1                    |  out|    1|   ap_memory|          epnp|         array|
|epnp_we1                    |  out|   56|   ap_memory|          epnp|         array|
|epnp_d1                     |  out|  448|   ap_memory|          epnp|         array|
|epnp_q1                     |   in|  448|   ap_memory|          epnp|         array|
+----------------------------+-----+-----+------------+--------------+--------------+

