

================================================================
== Vitis HLS Report for 'svd_4_1_Pipeline_VITIS_LOOP_554_36'
================================================================
* Date:           Sun Feb  5 16:54:28 2023

* Version:        2022.1 (Build 3526262 on Mon Apr 18 15:47:01 MDT 2022)
* Project:        hls_EstimateMotion
* Solution:       solution1 (Vivado IP Flow Target)
* Product family: virtexuplus
* Target device:  xcu50-fsvh2104-2L-e


================================================================
== Performance Estimates
================================================================
+ Timing: 
    * Summary: 
    +--------+----------+-----------+------------+
    |  Clock |  Target  | Estimated | Uncertainty|
    +--------+----------+-----------+------------+
    |ap_clk  |  60.00 ns|  41.175 ns|    16.20 ns|
    +--------+----------+-----------+------------+

+ Latency: 
    * Summary: 
    +---------+---------+----------+----------+-----+-----+---------+
    |  Latency (cycles) |  Latency (absolute) |  Interval | Pipeline|
    |   min   |   max   |    min   |    max   | min | max |   Type  |
    +---------+---------+----------+----------+-----+-----+---------+
    |        ?|        ?|         ?|         ?|    ?|    ?|       no|
    +---------+---------+----------+----------+-----+-----+---------+

    + Detail: 
        * Instance: 
        N/A

        * Loop: 
        +---------------------+---------+---------+----------+-----------+-----------+------+----------+
        |                     |  Latency (cycles) | Iteration|  Initiation Interval  | Trip |          |
        |      Loop Name      |   min   |   max   |  Latency |  achieved |   target  | Count| Pipelined|
        +---------------------+---------+---------+----------+-----------+-----------+------+----------+
        |- VITIS_LOOP_554_36  |        ?|        ?|         4|          2|          1|     ?|       yes|
        +---------------------+---------+---------+----------+-----------+-----------+------+----------+



================================================================
== Utilization Estimates
================================================================
* Summary: 
+---------------------+---------+------+---------+--------+-----+
|         Name        | BRAM_18K|  DSP |    FF   |   LUT  | URAM|
+---------------------+---------+------+---------+--------+-----+
|DSP                  |        -|     -|        -|       -|    -|
|Expression           |        -|     -|        0|      82|    -|
|FIFO                 |        -|     -|        -|       -|    -|
|Instance             |        -|    19|        0|     920|    -|
|Memory               |        -|     -|        -|       -|    -|
|Multiplexer          |        -|     -|        -|     129|    -|
|Register             |        -|     -|      366|       -|    -|
+---------------------+---------+------+---------+--------+-----+
|Total                |        0|    19|      366|    1131|    0|
+---------------------+---------+------+---------+--------+-----+
|Available SLR        |     1344|  2976|   871680|  435840|  320|
+---------------------+---------+------+---------+--------+-----+
|Utilization SLR (%)  |        0|    ~0|       ~0|      ~0|    0|
+---------------------+---------+------+---------+--------+-----+
|Available            |     2688|  5952|  1743360|  871680|  640|
+---------------------+---------+------+---------+--------+-----+
|Utilization (%)      |        0|    ~0|       ~0|      ~0|    0|
+---------------------+---------+------+---------+--------+-----+

+ Detail: 
    * Instance: 
    +------------------------------------------+------------------------------------+---------+----+---+-----+-----+
    |                 Instance                 |               Module               | BRAM_18K| DSP| FF| LUT | URAM|
    +------------------------------------------+------------------------------------+---------+----+---+-----+-----+
    |dadddsub_64ns_64ns_64_1_full_dsp_1_U1032  |dadddsub_64ns_64ns_64_1_full_dsp_1  |        0|   3|  0|  708|    0|
    |dmul_64ns_64ns_64_1_max_dsp_1_U1033       |dmul_64ns_64ns_64_1_max_dsp_1       |        0|   8|  0|  106|    0|
    |dmul_64ns_64ns_64_1_max_dsp_1_U1034       |dmul_64ns_64ns_64_1_max_dsp_1       |        0|   8|  0|  106|    0|
    +------------------------------------------+------------------------------------+---------+----+---+-----+-----+
    |Total                                     |                                    |        0|  19|  0|  920|    0|
    +------------------------------------------+------------------------------------+---------+----+---+-----+-----+

    * DSP: 
    N/A

    * Memory: 
    N/A

    * FIFO: 
    N/A

    * Expression: 
    +----------------------+----------+----+---+----+------------+------------+
    |     Variable Name    | Operation| DSP| FF| LUT| Bitwidth P0| Bitwidth P1|
    +----------------------+----------+----+---+----+------------+------------+
    |add_ln554_fu_150_p2   |         +|   0|  0|  15|           8|           1|
    |add_ln556_fu_174_p2   |         +|   0|  0|  15|           8|           8|
    |add_ln557_fu_185_p2   |         +|   0|  0|  15|           8|           8|
    |sub_ln556_fu_168_p2   |         -|   0|  0|  15|           8|           8|
    |icmp_ln554_fu_144_p2  |      icmp|   0|  0|  20|          32|          32|
    |ap_enable_pp0         |       xor|   0|  0|   2|           1|           2|
    +----------------------+----------+----+---+----+------------+------------+
    |Total                 |          |   0|  0|  82|          65|          59|
    +----------------------+----------+----+---+----+------------+------------+

    * Multiplexer: 
    +-------------------------+----+-----------+-----+-----------+
    |           Name          | LUT| Input Size| Bits| Total Bits|
    +-------------------------+----+-----------+-----+-----------+
    |U_val_address0           |  14|          3|    8|         24|
    |U_val_address1           |  14|          3|    8|         24|
    |ap_NS_fsm                |  14|          3|    1|          3|
    |ap_done_int              |   9|          2|    1|          2|
    |ap_enable_reg_pp0_iter0  |   9|          2|    1|          2|
    |ap_enable_reg_pp0_iter1  |   9|          2|    1|          2|
    |ap_sig_allocacmp_jj      |   9|          2|    8|         16|
    |grp_fu_103_opcode        |  14|          3|    2|          6|
    |grp_fu_108_p0            |  14|          3|   64|        192|
    |grp_fu_113_p0            |  14|          3|   64|        192|
    |jj_3_fu_44               |   9|          2|    8|         16|
    +-------------------------+----+-----------+-----+-----------+
    |Total                    | 129|         28|  166|        479|
    +-------------------------+----+-----------+-----+-----------+

    * Register: 
    +--------------------------------------+----+----+-----+-----------+
    |                 Name                 | FF | LUT| Bits| Const Bits|
    +--------------------------------------+----+----+-----+-----------+
    |U_val_addr_182_reg_227                |   8|   0|    8|          0|
    |U_val_addr_182_reg_227_pp0_iter1_reg  |   8|   0|    8|          0|
    |U_val_addr_reg_222                    |   8|   0|    8|          0|
    |U_val_addr_reg_222_pp0_iter1_reg      |   8|   0|    8|          0|
    |add_reg_242                           |  64|   0|   64|          0|
    |ap_CS_fsm                             |   2|   0|    2|          0|
    |ap_done_reg                           |   1|   0|    1|          0|
    |ap_enable_reg_pp0_iter0_reg           |   1|   0|    1|          0|
    |ap_enable_reg_pp0_iter1               |   1|   0|    1|          0|
    |icmp_ln554_reg_218                    |   1|   0|    1|          0|
    |jj_3_fu_44                            |   8|   0|    8|          0|
    |reg_118                               |  64|   0|   64|          0|
    |reg_123                               |  64|   0|   64|          0|
    |y_reg_232                             |  64|   0|   64|          0|
    |z_reg_237                             |  64|   0|   64|          0|
    +--------------------------------------+----+----+-----+-----------+
    |Total                                 | 366|   0|  366|          0|
    +--------------------------------------+----+----+-----+-----------+



================================================================
== Interface
================================================================
* Summary: 
+----------------+-----+-----+------------+------------------------------------+--------------+
|    RTL Ports   | Dir | Bits|  Protocol  |            Source Object           |    C Type    |
+----------------+-----+-----+------------+------------------------------------+--------------+
|ap_clk          |   in|    1|  ap_ctrl_hs|  svd.4.1_Pipeline_VITIS_LOOP_554_36|  return value|
|ap_rst          |   in|    1|  ap_ctrl_hs|  svd.4.1_Pipeline_VITIS_LOOP_554_36|  return value|
|ap_start        |   in|    1|  ap_ctrl_hs|  svd.4.1_Pipeline_VITIS_LOOP_554_36|  return value|
|ap_done         |  out|    1|  ap_ctrl_hs|  svd.4.1_Pipeline_VITIS_LOOP_554_36|  return value|
|ap_idle         |  out|    1|  ap_ctrl_hs|  svd.4.1_Pipeline_VITIS_LOOP_554_36|  return value|
|ap_ready        |  out|    1|  ap_ctrl_hs|  svd.4.1_Pipeline_VITIS_LOOP_554_36|  return value|
|trunc_ln109     |   in|   32|     ap_none|                         trunc_ln109|        scalar|
|j_74            |   in|    4|     ap_none|                                j_74|        scalar|
|U_val_address0  |  out|    8|   ap_memory|                               U_val|         array|
|U_val_ce0       |  out|    1|   ap_memory|                               U_val|         array|
|U_val_we0       |  out|    1|   ap_memory|                               U_val|         array|
|U_val_d0        |  out|   64|   ap_memory|                               U_val|         array|
|U_val_q0        |   in|   64|   ap_memory|                               U_val|         array|
|U_val_address1  |  out|    8|   ap_memory|                               U_val|         array|
|U_val_ce1       |  out|    1|   ap_memory|                               U_val|         array|
|U_val_we1       |  out|    1|   ap_memory|                               U_val|         array|
|U_val_d1        |  out|   64|   ap_memory|                               U_val|         array|
|U_val_q1        |   in|   64|   ap_memory|                               U_val|         array|
|add_ln524       |   in|    8|     ap_none|                           add_ln524|        scalar|
|c_2             |   in|   64|     ap_none|                                 c_2|        scalar|
|s_8             |   in|   64|     ap_none|                                 s_8|        scalar|
+----------------+-----+-----+------------+------------------------------------+--------------+

