

================================================================
== Vitis HLS Report for 'svd_1_Pipeline_VITIS_LOOP_372_7'
================================================================
* Date:           Sun Feb  5 16:58:19 2023

* Version:        2022.1 (Build 3526262 on Mon Apr 18 15:47:01 MDT 2022)
* Project:        hls_EstimateMotion
* Solution:       solution1 (Vivado IP Flow Target)
* Product family: virtexuplus
* Target device:  xcu50-fsvh2104-2L-e


================================================================
== Performance Estimates
================================================================
+ Timing: 
    * Summary: 
    +--------+----------+-----------+------------+
    |  Clock |  Target  | Estimated | Uncertainty|
    +--------+----------+-----------+------------+
    |ap_clk  |  60.00 ns|  41.403 ns|    16.20 ns|
    +--------+----------+-----------+------------+

+ Latency: 
    * Summary: 
    +---------+---------+----------+----------+-----+-----+---------+
    |  Latency (cycles) |  Latency (absolute) |  Interval | Pipeline|
    |   min   |   max   |    min   |    max   | min | max |   Type  |
    +---------+---------+----------+----------+-----+-----+---------+
    |        ?|        ?|         ?|         ?|    ?|    ?|       no|
    +---------+---------+----------+----------+-----+-----+---------+

    + Detail: 
        * Instance: 
        N/A

        * Loop: 
        +--------------------+---------+---------+----------+-----------+-----------+------+----------+
        |                    |  Latency (cycles) | Iteration|  Initiation Interval  | Trip |          |
        |      Loop Name     |   min   |   max   |  Latency |  achieved |   target  | Count| Pipelined|
        +--------------------+---------+---------+----------+-----------+-----------+------+----------+
        |- VITIS_LOOP_372_7  |        ?|        ?|         2|          1|          1|     ?|       yes|
        +--------------------+---------+---------+----------+-----------+-----------+------+----------+



================================================================
== Utilization Estimates
================================================================
* Summary: 
+---------------------+---------+------+---------+--------+-----+
|         Name        | BRAM_18K|  DSP |    FF   |   LUT  | URAM|
+---------------------+---------+------+---------+--------+-----+
|DSP                  |        -|     -|        -|       -|    -|
|Expression           |        -|     -|        0|      54|    -|
|FIFO                 |        -|     -|        -|       -|    -|
|Instance             |        -|     8|        0|     106|    -|
|Memory               |        -|     -|        -|       -|    -|
|Multiplexer          |        -|     -|        -|      36|    -|
|Register             |        -|     -|       13|       -|    -|
+---------------------+---------+------+---------+--------+-----+
|Total                |        0|     8|       13|     196|    0|
+---------------------+---------+------+---------+--------+-----+
|Available SLR        |     1344|  2976|   871680|  435840|  320|
+---------------------+---------+------+---------+--------+-----+
|Utilization SLR (%)  |        0|    ~0|       ~0|      ~0|    0|
+---------------------+---------+------+---------+--------+-----+
|Available            |     2688|  5952|  1743360|  871680|  640|
+---------------------+---------+------+---------+--------+-----+
|Utilization (%)      |        0|    ~0|       ~0|      ~0|    0|
+---------------------+---------+------+---------+--------+-----+

+ Detail: 
    * Instance: 
    +-------------------------------------+-------------------------------+---------+----+---+-----+-----+
    |               Instance              |             Module            | BRAM_18K| DSP| FF| LUT | URAM|
    +-------------------------------------+-------------------------------+---------+----+---+-----+-----+
    |dmul_64ns_64ns_64_1_max_dsp_1_U2452  |dmul_64ns_64ns_64_1_max_dsp_1  |        0|   8|  0|  106|    0|
    +-------------------------------------+-------------------------------+---------+----+---+-----+-----+
    |Total                                |                               |        0|   8|  0|  106|    0|
    +-------------------------------------+-------------------------------+---------+----+---+-----+-----+

    * DSP: 
    N/A

    * Memory: 
    N/A

    * FIFO: 
    N/A

    * Expression: 
    +---------------------+----------+----+---+----+------------+------------+
    |    Variable Name    | Operation| DSP| FF| LUT| Bitwidth P0| Bitwidth P1|
    +---------------------+----------+----+---+----+------------+------------+
    |add_ln372_fu_134_p2  |         +|   0|  0|  12|           5|           1|
    |add_ln373_fu_123_p2  |         +|   0|  0|  10|           5|           5|
    |sub_ln373_fu_117_p2  |         -|   0|  0|  10|           5|           5|
    |icmp_ln372_fu_99_p2  |      icmp|   0|  0|  20|          32|          32|
    |ap_enable_pp0        |       xor|   0|  0|   2|           1|           2|
    +---------------------+----------+----+---+----+------------+------------+
    |Total                |          |   0|  0|  54|          48|          45|
    +---------------------+----------+----+---+----+------------+------------+

    * Multiplexer: 
    +-------------------------+----+-----------+-----+-----------+
    |           Name          | LUT| Input Size| Bits| Total Bits|
    +-------------------------+----+-----------+-----+-----------+
    |ap_done_int              |   9|          2|    1|          2|
    |ap_enable_reg_pp0_iter1  |   9|          2|    1|          2|
    |ap_sig_allocacmp_k       |   9|          2|    5|         10|
    |k_35_fu_36               |   9|          2|    5|         10|
    +-------------------------+----+-----------+-----+-----------+
    |Total                    |  36|          8|   12|         24|
    +-------------------------+----+-----------+-----+-----------+

    * Register: 
    +-------------------------+---+----+-----+-----------+
    |           Name          | FF| LUT| Bits| Const Bits|
    +-------------------------+---+----+-----+-----------+
    |U_val_addr_113_reg_160   |  5|   0|    5|          0|
    |ap_CS_fsm                |  1|   0|    1|          0|
    |ap_done_reg              |  1|   0|    1|          0|
    |ap_enable_reg_pp0_iter1  |  1|   0|    1|          0|
    |k_35_fu_36               |  5|   0|    5|          0|
    +-------------------------+---+----+-----+-----------+
    |Total                    | 13|   0|   13|          0|
    +-------------------------+---+----+-----+-----------+



================================================================
== Interface
================================================================
* Summary: 
+----------------------+-----+-----+------------+---------------------------------+--------------+
|       RTL Ports      | Dir | Bits|  Protocol  |          Source Object          |    C Type    |
+----------------------+-----+-----+------------+---------------------------------+--------------+
|ap_clk                |   in|    1|  ap_ctrl_hs|  svd.1_Pipeline_VITIS_LOOP_372_7|  return value|
|ap_rst                |   in|    1|  ap_ctrl_hs|  svd.1_Pipeline_VITIS_LOOP_372_7|  return value|
|ap_start              |   in|    1|  ap_ctrl_hs|  svd.1_Pipeline_VITIS_LOOP_372_7|  return value|
|ap_done               |  out|    1|  ap_ctrl_hs|  svd.1_Pipeline_VITIS_LOOP_372_7|  return value|
|ap_idle               |  out|    1|  ap_ctrl_hs|  svd.1_Pipeline_VITIS_LOOP_372_7|  return value|
|ap_ready              |  out|    1|  ap_ctrl_hs|  svd.1_Pipeline_VITIS_LOOP_372_7|  return value|
|trunc_ln337_5         |   in|    5|     ap_none|                    trunc_ln337_5|        scalar|
|ref_tmp_load_72_cast  |   in|   32|     ap_none|             ref_tmp_load_72_cast|        scalar|
|zext_ln337            |   in|    5|     ap_none|                       zext_ln337|        scalar|
|U_val_address0        |  out|    5|   ap_memory|                            U_val|         array|
|U_val_ce0             |  out|    1|   ap_memory|                            U_val|         array|
|U_val_we0             |  out|    1|   ap_memory|                            U_val|         array|
|U_val_d0              |  out|   64|   ap_memory|                            U_val|         array|
|U_val_address1        |  out|    5|   ap_memory|                            U_val|         array|
|U_val_ce1             |  out|    1|   ap_memory|                            U_val|         array|
|U_val_q1              |   in|   64|   ap_memory|                            U_val|         array|
|scale_7_reload        |   in|   64|     ap_none|                   scale_7_reload|        scalar|
+----------------------+-----+-----+------------+---------------------------------+--------------+

