

================================================================
== Vitis HLS Report for 'svd_4_Pipeline_VITIS_LOOP_554_36'
================================================================
* Date:           Sun Feb  5 17:02:00 2023

* Version:        2022.1 (Build 3526262 on Mon Apr 18 15:47:01 MDT 2022)
* Project:        hls_EstimateMotion
* Solution:       solution1 (Vivado IP Flow Target)
* Product family: virtexuplus
* Target device:  xcu50-fsvh2104-2L-e


================================================================
== Performance Estimates
================================================================
+ Timing: 
    * Summary: 
    +--------+----------+-----------+------------+
    |  Clock |  Target  | Estimated | Uncertainty|
    +--------+----------+-----------+------------+
    |ap_clk  |  60.00 ns|  40.689 ns|    16.20 ns|
    +--------+----------+-----------+------------+

+ Latency: 
    * Summary: 
    +---------+---------+----------+----------+-----+-----+---------+
    |  Latency (cycles) |  Latency (absolute) |  Interval | Pipeline|
    |   min   |   max   |    min   |    max   | min | max |   Type  |
    +---------+---------+----------+----------+-----+-----+---------+
    |        ?|        ?|         ?|         ?|    ?|    ?|       no|
    +---------+---------+----------+----------+-----+-----+---------+

    + Detail: 
        * Instance: 
        N/A

        * Loop: 
        +---------------------+---------+---------+----------+-----------+-----------+------+----------+
        |                     |  Latency (cycles) | Iteration|  Initiation Interval  | Trip |          |
        |      Loop Name      |   min   |   max   |  Latency |  achieved |   target  | Count| Pipelined|
        +---------------------+---------+---------+----------+-----------+-----------+------+----------+
        |- VITIS_LOOP_554_36  |        ?|        ?|         4|          2|          1|     ?|       yes|
        +---------------------+---------+---------+----------+-----------+-----------+------+----------+



================================================================
== Utilization Estimates
================================================================
* Summary: 
+---------------------+---------+------+---------+--------+-----+
|         Name        | BRAM_18K|  DSP |    FF   |   LUT  | URAM|
+---------------------+---------+------+---------+--------+-----+
|DSP                  |        -|     -|        -|       -|    -|
|Expression           |        -|     -|        0|      70|    -|
|FIFO                 |        -|     -|        -|       -|    -|
|Instance             |        -|    19|        0|     920|    -|
|Memory               |        -|     -|        -|       -|    -|
|Multiplexer          |        -|     -|        -|     129|    -|
|Register             |        -|     -|      346|       -|    -|
+---------------------+---------+------+---------+--------+-----+
|Total                |        0|    19|      346|    1119|    0|
+---------------------+---------+------+---------+--------+-----+
|Available SLR        |     1344|  2976|   871680|  435840|  320|
+---------------------+---------+------+---------+--------+-----+
|Utilization SLR (%)  |        0|    ~0|       ~0|      ~0|    0|
+---------------------+---------+------+---------+--------+-----+
|Available            |     2688|  5952|  1743360|  871680|  640|
+---------------------+---------+------+---------+--------+-----+
|Utilization (%)      |        0|    ~0|       ~0|      ~0|    0|
+---------------------+---------+------+---------+--------+-----+

+ Detail: 
    * Instance: 
    +------------------------------------------+------------------------------------+---------+----+---+-----+-----+
    |                 Instance                 |               Module               | BRAM_18K| DSP| FF| LUT | URAM|
    +------------------------------------------+------------------------------------+---------+----+---+-----+-----+
    |dadddsub_64ns_64ns_64_1_full_dsp_1_U3599  |dadddsub_64ns_64ns_64_1_full_dsp_1  |        0|   3|  0|  708|    0|
    |dmul_64ns_64ns_64_1_max_dsp_1_U3600       |dmul_64ns_64ns_64_1_max_dsp_1       |        0|   8|  0|  106|    0|
    |dmul_64ns_64ns_64_1_max_dsp_1_U3601       |dmul_64ns_64ns_64_1_max_dsp_1       |        0|   8|  0|  106|    0|
    +------------------------------------------+------------------------------------+---------+----+---+-----+-----+
    |Total                                     |                                    |        0|  19|  0|  920|    0|
    +------------------------------------------+------------------------------------+---------+----+---+-----+-----+

    * DSP: 
    N/A

    * Memory: 
    N/A

    * FIFO: 
    N/A

    * Expression: 
    +----------------------+----------+----+---+----+------------+------------+
    |     Variable Name    | Operation| DSP| FF| LUT| Bitwidth P0| Bitwidth P1|
    +----------------------+----------+----+---+----+------------+------------+
    |add_ln554_fu_142_p2   |         +|   0|  0|  12|           4|           1|
    |add_ln556_fu_160_p2   |         +|   0|  0|  12|           4|           4|
    |add_ln557_fu_171_p2   |         +|   0|  0|  12|           4|           4|
    |sub_ln556_fu_154_p2   |         -|   0|  0|  12|           4|           4|
    |icmp_ln554_fu_136_p2  |      icmp|   0|  0|  20|          32|          32|
    |ap_enable_pp0         |       xor|   0|  0|   2|           1|           2|
    +----------------------+----------+----+---+----+------------+------------+
    |Total                 |          |   0|  0|  70|          49|          47|
    +----------------------+----------+----+---+----+------------+------------+

    * Multiplexer: 
    +-------------------------+----+-----------+-----+-----------+
    |           Name          | LUT| Input Size| Bits| Total Bits|
    +-------------------------+----+-----------+-----+-----------+
    |U_val_address0           |  14|          3|    4|         12|
    |U_val_address1           |  14|          3|    4|         12|
    |ap_NS_fsm                |  14|          3|    1|          3|
    |ap_done_int              |   9|          2|    1|          2|
    |ap_enable_reg_pp0_iter0  |   9|          2|    1|          2|
    |ap_enable_reg_pp0_iter1  |   9|          2|    1|          2|
    |ap_sig_allocacmp_jj      |   9|          2|    4|          8|
    |grp_fu_104_p0            |  14|          3|   64|        192|
    |grp_fu_109_p0            |  14|          3|   64|        192|
    |grp_fu_99_opcode         |  14|          3|    2|          6|
    |jj_4_fu_40               |   9|          2|    4|          8|
    +-------------------------+----+-----------+-----+-----------+
    |Total                    | 129|         28|  150|        439|
    +-------------------------+----+-----------+-----+-----------+

    * Register: 
    +--------------------------------------+----+----+-----+-----------+
    |                 Name                 | FF | LUT| Bits| Const Bits|
    +--------------------------------------+----+----+-----+-----------+
    |U_val_addr_173_reg_213                |   4|   0|    4|          0|
    |U_val_addr_173_reg_213_pp0_iter1_reg  |   4|   0|    4|          0|
    |U_val_addr_reg_208                    |   4|   0|    4|          0|
    |U_val_addr_reg_208_pp0_iter1_reg      |   4|   0|    4|          0|
    |add_reg_228                           |  64|   0|   64|          0|
    |ap_CS_fsm                             |   2|   0|    2|          0|
    |ap_done_reg                           |   1|   0|    1|          0|
    |ap_enable_reg_pp0_iter0_reg           |   1|   0|    1|          0|
    |ap_enable_reg_pp0_iter1               |   1|   0|    1|          0|
    |icmp_ln554_reg_204                    |   1|   0|    1|          0|
    |jj_4_fu_40                            |   4|   0|    4|          0|
    |reg_114                               |  64|   0|   64|          0|
    |reg_119                               |  64|   0|   64|          0|
    |y_reg_218                             |  64|   0|   64|          0|
    |z_reg_223                             |  64|   0|   64|          0|
    +--------------------------------------+----+----+-----+-----------+
    |Total                                 | 346|   0|  346|          0|
    +--------------------------------------+----+----+-----+-----------+



================================================================
== Interface
================================================================
* Summary: 
+----------------+-----+-----+------------+----------------------------------+--------------+
|    RTL Ports   | Dir | Bits|  Protocol  |           Source Object          |    C Type    |
+----------------+-----+-----+------------+----------------------------------+--------------+
|ap_clk          |   in|    1|  ap_ctrl_hs|  svd.4_Pipeline_VITIS_LOOP_554_36|  return value|
|ap_rst          |   in|    1|  ap_ctrl_hs|  svd.4_Pipeline_VITIS_LOOP_554_36|  return value|
|ap_start        |   in|    1|  ap_ctrl_hs|  svd.4_Pipeline_VITIS_LOOP_554_36|  return value|
|ap_done         |  out|    1|  ap_ctrl_hs|  svd.4_Pipeline_VITIS_LOOP_554_36|  return value|
|ap_idle         |  out|    1|  ap_ctrl_hs|  svd.4_Pipeline_VITIS_LOOP_554_36|  return value|
|ap_ready        |  out|    1|  ap_ctrl_hs|  svd.4_Pipeline_VITIS_LOOP_554_36|  return value|
|trunc_ln150     |   in|   32|     ap_none|                       trunc_ln150|        scalar|
|j_97            |   in|    4|     ap_none|                              j_97|        scalar|
|U_val_address0  |  out|    4|   ap_memory|                             U_val|         array|
|U_val_ce0       |  out|    1|   ap_memory|                             U_val|         array|
|U_val_we0       |  out|    1|   ap_memory|                             U_val|         array|
|U_val_d0        |  out|   64|   ap_memory|                             U_val|         array|
|U_val_q0        |   in|   64|   ap_memory|                             U_val|         array|
|U_val_address1  |  out|    4|   ap_memory|                             U_val|         array|
|U_val_ce1       |  out|    1|   ap_memory|                             U_val|         array|
|U_val_we1       |  out|    1|   ap_memory|                             U_val|         array|
|U_val_d1        |  out|   64|   ap_memory|                             U_val|         array|
|U_val_q1        |   in|   64|   ap_memory|                             U_val|         array|
|add_ln524       |   in|    4|     ap_none|                         add_ln524|        scalar|
|c_2             |   in|   64|     ap_none|                               c_2|        scalar|
|s_8             |   in|   64|     ap_none|                               s_8|        scalar|
+----------------+-----+-----+------------+----------------------------------+--------------+

