

================================================================
== Vitis HLS Report for 'svd_4_Pipeline_VITIS_LOOP_415_16'
================================================================
* Date:           Sun Feb  5 17:01:45 2023

* Version:        2022.1 (Build 3526262 on Mon Apr 18 15:47:01 MDT 2022)
* Project:        hls_EstimateMotion
* Solution:       solution1 (Vivado IP Flow Target)
* Product family: virtexuplus
* Target device:  xcu50-fsvh2104-2L-e


================================================================
== Performance Estimates
================================================================
+ Timing: 
    * Summary: 
    +--------+----------+-----------+------------+
    |  Clock |  Target  | Estimated | Uncertainty|
    +--------+----------+-----------+------------+
    |ap_clk  |  60.00 ns|  30.313 ns|    16.20 ns|
    +--------+----------+-----------+------------+

+ Latency: 
    * Summary: 
    +---------+---------+----------+----------+-----+-----+---------+
    |  Latency (cycles) |  Latency (absolute) |  Interval | Pipeline|
    |   min   |   max   |    min   |    max   | min | max |   Type  |
    +---------+---------+----------+----------+-----+-----+---------+
    |        ?|        ?|         ?|         ?|    ?|    ?|       no|
    +---------+---------+----------+----------+-----+-----+---------+

    + Detail: 
        * Instance: 
        N/A

        * Loop: 
        +---------------------+---------+---------+----------+-----------+-----------+------+----------+
        |                     |  Latency (cycles) | Iteration|  Initiation Interval  | Trip |          |
        |      Loop Name      |   min   |   max   |  Latency |  achieved |   target  | Count| Pipelined|
        +---------------------+---------+---------+----------+-----------+-----------+------+----------+
        |- VITIS_LOOP_415_16  |        ?|        ?|        11|          1|          1|     ?|       yes|
        +---------------------+---------+---------+----------+-----------+-----------+------+----------+



================================================================
== Utilization Estimates
================================================================
* Summary: 
+---------------------+---------+------+---------+--------+-----+
|         Name        | BRAM_18K|  DSP |    FF   |   LUT  | URAM|
+---------------------+---------+------+---------+--------+-----+
|DSP                  |        -|     -|        -|       -|    -|
|Expression           |        -|     -|        0|    2686|    -|
|FIFO                 |        -|     -|        -|       -|    -|
|Instance             |        -|    15|        0|      50|    -|
|Memory               |        -|     -|        -|       -|    -|
|Multiplexer          |        -|     -|        -|      45|    -|
|Register             |        -|     -|      282|      32|    -|
+---------------------+---------+------+---------+--------+-----+
|Total                |        0|    15|      282|    2813|    0|
+---------------------+---------+------+---------+--------+-----+
|Available SLR        |     1344|  2976|   871680|  435840|  320|
+---------------------+---------+------+---------+--------+-----+
|Utilization SLR (%)  |        0|    ~0|       ~0|      ~0|    0|
+---------------------+---------+------+---------+--------+-----+
|Available            |     2688|  5952|  1743360|  871680|  640|
+---------------------+---------+------+---------+--------+-----+
|Utilization (%)      |        0|    ~0|       ~0|      ~0|    0|
+---------------------+---------+------+---------+--------+-----+

+ Detail: 
    * Instance: 
    +-----------------------------+-----------------------+---------+----+---+----+-----+
    |           Instance          |         Module        | BRAM_18K| DSP| FF| LUT| URAM|
    +-----------------------------+-----------------------+---------+----+---+----+-----+
    |mul_64ns_66ns_129_1_1_U3496  |mul_64ns_66ns_129_1_1  |        0|  15|  0|  50|    0|
    +-----------------------------+-----------------------+---------+----+---+----+-----+
    |Total                        |                       |        0|  15|  0|  50|    0|
    +-----------------------------+-----------------------+---------+----+---+----+-----+

    * DSP: 
    N/A

    * Memory: 
    N/A

    * FIFO: 
    N/A

    * Expression: 
    +-----------------------+----------+----+---+------+------------+------------+
    |     Variable Name     | Operation| DSP| FF|  LUT | Bitwidth P0| Bitwidth P1|
    +-----------------------+----------+----+---+------+------------+------------+
    |add_ln415_fu_226_p2    |         +|   0|  0|    71|          64|           1|
    |add_ln416_3_fu_263_p2  |         +|   0|  0|    64|          64|          64|
    |add_ln416_4_fu_379_p2  |         +|   0|  0|    64|          64|          64|
    |add_ln416_6_fu_385_p2  |         +|   0|  0|    56|          56|          56|
    |add_ln416_7_fu_390_p2  |         +|   0|  0|    56|          56|          17|
    |add_ln416_8_fu_396_p2  |         +|   0|  0|    56|          56|          56|
    |add_ln416_9_fu_207_p2  |         +|   0|  0|    12|           4|           4|
    |add_ln416_fu_257_p2    |         +|   0|  0|    64|          64|          17|
    |sub_ln416_3_fu_367_p2  |         -|   0|  0|    64|          64|          64|
    |sub_ln416_4_fu_373_p2  |         -|   0|  0|    56|          56|          56|
    |sub_ln416_fu_247_p2    |         -|   0|  0|    71|          64|          64|
    |icmp_ln415_fu_221_p2   |      icmp|   0|  0|    20|          32|          32|
    |pnp_iter_d0            |       shl|   0|  0|  1865|         448|         448|
    |shl_ln416_4_fu_402_p2  |       shl|   0|  0|   165|           8|          56|
    |ap_enable_pp0          |       xor|   0|  0|     2|           1|           2|
    +-----------------------+----------+----+---+------+------------+------------+
    |Total                  |          |   0|  0|  2686|        1101|        1001|
    +-----------------------+----------+----+---+------+------------+------------+

    * Multiplexer: 
    +-------------------------+----+-----------+-----+-----------+
    |           Name          | LUT| Input Size| Bits| Total Bits|
    +-------------------------+----+-----------+-----+-----------+
    |ap_done_int              |   9|          2|    1|          2|
    |ap_enable_reg_pp0_iter1  |   9|          2|    1|          2|
    |ap_enable_reg_pp0_iter2  |   9|          2|    1|          2|
    |j_fu_94                  |   9|          2|   64|        128|
    |pnp_iter_we0             |   9|          2|   56|        112|
    +-------------------------+----+-----------+-----+-----------+
    |Total                    |  45|         10|  123|        246|
    +-------------------------+----+-----------+-----+-----------+

    * Register: 
    +-----------------------------------+----+----+-----+-----------+
    |                Name               | FF | LUT| Bits| Const Bits|
    +-----------------------------------+----+----+-----+-----------+
    |ap_CS_fsm                          |   1|   0|    1|          0|
    |ap_done_reg                        |   1|   0|    1|          0|
    |ap_enable_reg_pp0_iter1            |   1|   0|    1|          0|
    |ap_enable_reg_pp0_iter10           |   1|   0|    1|          0|
    |ap_enable_reg_pp0_iter11           |   1|   0|    1|          0|
    |ap_enable_reg_pp0_iter2            |   1|   0|    1|          0|
    |ap_enable_reg_pp0_iter3            |   1|   0|    1|          0|
    |ap_enable_reg_pp0_iter4            |   1|   0|    1|          0|
    |ap_enable_reg_pp0_iter5            |   1|   0|    1|          0|
    |ap_enable_reg_pp0_iter6            |   1|   0|    1|          0|
    |ap_enable_reg_pp0_iter7            |   1|   0|    1|          0|
    |ap_enable_reg_pp0_iter8            |   1|   0|    1|          0|
    |ap_enable_reg_pp0_iter9            |   1|   0|    1|          0|
    |ap_loop_exit_ready_pp0_iter10_reg  |   1|   0|    1|          0|
    |ap_loop_exit_ready_pp0_iter2_reg   |   1|   0|    1|          0|
    |ap_loop_exit_ready_pp0_iter3_reg   |   1|   0|    1|          0|
    |ap_loop_exit_ready_pp0_iter4_reg   |   1|   0|    1|          0|
    |ap_loop_exit_ready_pp0_iter5_reg   |   1|   0|    1|          0|
    |ap_loop_exit_ready_pp0_iter6_reg   |   1|   0|    1|          0|
    |ap_loop_exit_ready_pp0_iter7_reg   |   1|   0|    1|          0|
    |ap_loop_exit_ready_pp0_iter8_reg   |   1|   0|    1|          0|
    |ap_loop_exit_ready_pp0_iter9_reg   |   1|   0|    1|          0|
    |div6_reg_495                       |  64|   0|   64|          0|
    |j_61_reg_465                       |  64|   0|   64|          0|
    |j_fu_94                            |  64|   0|   64|          0|
    |p_cast_reg_460                     |   4|   0|   64|         60|
    |j_61_reg_465                       |  64|  32|   64|          0|
    +-----------------------------------+----+----+-----+-----------+
    |Total                              | 282|  32|  342|         60|
    +-----------------------------------+----+----+-----+-----------+



================================================================
== Interface
================================================================
* Summary: 
+---------------------+-----+-----+------------+----------------------------------+--------------+
|      RTL Ports      | Dir | Bits|  Protocol  |           Source Object          |    C Type    |
+---------------------+-----+-----+------------+----------------------------------+--------------+
|ap_clk               |   in|    1|  ap_ctrl_hs|  svd.4_Pipeline_VITIS_LOOP_415_16|  return value|
|ap_rst               |   in|    1|  ap_ctrl_hs|  svd.4_Pipeline_VITIS_LOOP_415_16|  return value|
|ap_start             |   in|    1|  ap_ctrl_hs|  svd.4_Pipeline_VITIS_LOOP_415_16|  return value|
|ap_done              |  out|    1|  ap_ctrl_hs|  svd.4_Pipeline_VITIS_LOOP_415_16|  return value|
|ap_idle              |  out|    1|  ap_ctrl_hs|  svd.4_Pipeline_VITIS_LOOP_415_16|  return value|
|ap_ready             |  out|    1|  ap_ctrl_hs|  svd.4_Pipeline_VITIS_LOOP_415_16|  return value|
|grp_fu_2093_p_din0   |  out|   64|  ap_ctrl_hs|  svd.4_Pipeline_VITIS_LOOP_415_16|  return value|
|grp_fu_2093_p_din1   |  out|   64|  ap_ctrl_hs|  svd.4_Pipeline_VITIS_LOOP_415_16|  return value|
|grp_fu_2093_p_dout0  |   in|   64|  ap_ctrl_hs|  svd.4_Pipeline_VITIS_LOOP_415_16|  return value|
|grp_fu_2093_p_ce     |  out|    1|  ap_ctrl_hs|  svd.4_Pipeline_VITIS_LOOP_415_16|  return value|
|grp_fu_2101_p_din0   |  out|   64|  ap_ctrl_hs|  svd.4_Pipeline_VITIS_LOOP_415_16|  return value|
|grp_fu_2101_p_din1   |  out|   64|  ap_ctrl_hs|  svd.4_Pipeline_VITIS_LOOP_415_16|  return value|
|grp_fu_2101_p_dout0  |   in|   64|  ap_ctrl_hs|  svd.4_Pipeline_VITIS_LOOP_415_16|  return value|
|grp_fu_2101_p_ce     |  out|    1|  ap_ctrl_hs|  svd.4_Pipeline_VITIS_LOOP_415_16|  return value|
|sext_ln425           |   in|   32|     ap_none|                        sext_ln425|        scalar|
|U_val_address0       |  out|    4|   ap_memory|                             U_val|         array|
|U_val_ce0            |  out|    1|   ap_memory|                             U_val|         array|
|U_val_q0             |   in|   64|   ap_memory|                             U_val|         array|
|U_val_address1       |  out|    4|   ap_memory|                             U_val|         array|
|U_val_ce1            |  out|    1|   ap_memory|                             U_val|         array|
|U_val_q1             |   in|   64|   ap_memory|                             U_val|         array|
|empty_170            |   in|    4|     ap_none|                         empty_170|        scalar|
|empty                |   in|    4|     ap_none|                             empty|        scalar|
|l                    |   in|   32|     ap_none|                                 l|        scalar|
|g_47                 |   in|   64|     ap_none|                              g_47|        scalar|
|shl_ln               |   in|   64|     ap_none|                            shl_ln|        scalar|
|trunc_ln153          |   in|   56|     ap_none|                       trunc_ln153|        scalar|
|pnp_iter_address0    |  out|   13|   ap_memory|                          pnp_iter|         array|
|pnp_iter_ce0         |  out|    1|   ap_memory|                          pnp_iter|         array|
|pnp_iter_we0         |  out|   56|   ap_memory|                          pnp_iter|         array|
|pnp_iter_d0          |  out|  448|   ap_memory|                          pnp_iter|         array|
+---------------------+-----+-----+------------+----------------------------------+--------------+

