

================================================================
== Vitis HLS Report for 'svd_7_Pipeline_VITIS_LOOP_615_49'
================================================================
* Date:           Sun Feb  5 16:56:51 2023

* Version:        2022.1 (Build 3526262 on Mon Apr 18 15:47:01 MDT 2022)
* Project:        hls_EstimateMotion
* Solution:       solution1 (Vivado IP Flow Target)
* Product family: virtexuplus
* Target device:  xcu50-fsvh2104-2L-e


================================================================
== Performance Estimates
================================================================
+ Timing: 
    * Summary: 
    +--------+----------+----------+------------+
    |  Clock |  Target  | Estimated| Uncertainty|
    +--------+----------+----------+------------+
    |ap_clk  |  60.00 ns|  9.708 ns|    16.20 ns|
    +--------+----------+----------+------------+

+ Latency: 
    * Summary: 
    +---------+---------+----------+----------+-----+-----+---------+
    |  Latency (cycles) |  Latency (absolute) |  Interval | Pipeline|
    |   min   |   max   |    min   |    max   | min | max |   Type  |
    +---------+---------+----------+----------+-----+-----+---------+
    |        ?|        ?|         ?|         ?|    ?|    ?|       no|
    +---------+---------+----------+----------+-----+-----+---------+

    + Detail: 
        * Instance: 
        N/A

        * Loop: 
        +---------------------+---------+---------+----------+-----------+-----------+------+----------+
        |                     |  Latency (cycles) | Iteration|  Initiation Interval  | Trip |          |
        |      Loop Name      |   min   |   max   |  Latency |  achieved |   target  | Count| Pipelined|
        +---------------------+---------+---------+----------+-----------+-----------+------+----------+
        |- VITIS_LOOP_615_49  |        ?|        ?|         2|          1|          1|     ?|       yes|
        +---------------------+---------+---------+----------+-----------+-----------+------+----------+



================================================================
== Utilization Estimates
================================================================
* Summary: 
+---------------------+---------+------+---------+--------+-----+
|         Name        | BRAM_18K|  DSP |    FF   |   LUT  | URAM|
+---------------------+---------+------+---------+--------+-----+
|DSP                  |        -|     -|        -|       -|    -|
|Expression           |        -|     -|        0|     203|    -|
|FIFO                 |        -|     -|        -|       -|    -|
|Instance             |        -|     -|        -|       -|    -|
|Memory               |        -|     -|        -|       -|    -|
|Multiplexer          |        -|     -|        -|      45|    -|
|Register             |        -|     -|       67|       -|    -|
+---------------------+---------+------+---------+--------+-----+
|Total                |        0|     0|       67|     248|    0|
+---------------------+---------+------+---------+--------+-----+
|Available SLR        |     1344|  2976|   871680|  435840|  320|
+---------------------+---------+------+---------+--------+-----+
|Utilization SLR (%)  |        0|     0|       ~0|      ~0|    0|
+---------------------+---------+------+---------+--------+-----+
|Available            |     2688|  5952|  1743360|  871680|  640|
+---------------------+---------+------+---------+--------+-----+
|Utilization (%)      |        0|     0|       ~0|      ~0|    0|
+---------------------+---------+------+---------+--------+-----+

+ Detail: 
    * Instance: 
    +-----------------------------------+-----------------------------+---------+----+---+----+-----+
    |              Instance             |            Module           | BRAM_18K| DSP| FF| LUT| URAM|
    +-----------------------------------+-----------------------------+---------+----+---+----+-----+
    |dcmp_64ns_64ns_1_1_no_dsp_1_U1953  |dcmp_64ns_64ns_1_1_no_dsp_1  |        0|   0|  0|   0|    0|
    +-----------------------------------+-----------------------------+---------+----+---+----+-----+
    |Total                              |                             |        0|   0|  0|   0|    0|
    +-----------------------------------+-----------------------------+---------+----+---+----+-----+

    * DSP: 
    N/A

    * Memory: 
    N/A

    * FIFO: 
    N/A

    * Expression: 
    +------------------------+----------+----+---+----+------------+------------+
    |      Variable Name     | Operation| DSP| FF| LUT| Bitwidth P0| Bitwidth P1|
    +------------------------+----------+----+---+----+------------+------------+
    |add_ln615_fu_130_p2     |         +|   0|  0|  39|          32|           1|
    |newSecond_fu_166_p2     |         +|   0|  0|  16|           7|           7|
    |s2_fu_238_p2            |         +|   0|  0|  39|          32|           1|
    |newFirst_fu_160_p2      |         -|   0|  0|  16|           7|           7|
    |and_ln616_fu_232_p2     |       and|   0|  0|   2|           1|           1|
    |icmp_ln615_fu_124_p2    |      icmp|   0|  0|  20|          32|          32|
    |icmp_ln616_1_fu_220_p2  |      icmp|   0|  0|  24|          52|           1|
    |icmp_ln616_fu_214_p2    |      icmp|   0|  0|  11|          11|           2|
    |or_ln616_fu_226_p2      |        or|   0|  0|   2|           1|           1|
    |s2_5_fu_244_p3          |    select|   0|  0|  32|           1|          32|
    |ap_enable_pp0           |       xor|   0|  0|   2|           1|           2|
    +------------------------+----------+----+---+----+------------+------------+
    |Total                   |          |   0|  0| 203|         177|          87|
    +------------------------+----------+----+---+----+------------+------------+

    * Multiplexer: 
    +-------------------------+----+-----------+-----+-----------+
    |           Name          | LUT| Input Size| Bits| Total Bits|
    +-------------------------+----+-----------+-----+-----------+
    |ap_done_int              |   9|          2|    1|          2|
    |ap_enable_reg_pp0_iter1  |   9|          2|    1|          2|
    |ap_sig_allocacmp_j_18    |   9|          2|   32|         64|
    |j_fu_64                  |   9|          2|   32|         64|
    |s2_3_fu_60               |   9|          2|   32|         64|
    +-------------------------+----+-----------+-----+-----------+
    |Total                    |  45|         10|   98|        196|
    +-------------------------+----+-----------+-----+-----------+

    * Register: 
    +-------------------------+----+----+-----+-----------+
    |           Name          | FF | LUT| Bits| Const Bits|
    +-------------------------+----+----+-----+-----------+
    |ap_CS_fsm                |   1|   0|    1|          0|
    |ap_done_reg              |   1|   0|    1|          0|
    |ap_enable_reg_pp0_iter1  |   1|   0|    1|          0|
    |j_fu_64                  |  32|   0|   32|          0|
    |s2_3_fu_60               |  32|   0|   32|          0|
    +-------------------------+----+----+-----+-----------+
    |Total                    |  67|   0|   67|          0|
    +-------------------------+----+----+-----+-----------+



================================================================
== Interface
================================================================
* Summary: 
+-----------------+-----+-----+------------+----------------------------------+--------------+
|    RTL Ports    | Dir | Bits|  Protocol  |           Source Object          |    C Type    |
+-----------------+-----+-----+------------+----------------------------------+--------------+
|ap_clk           |   in|    1|  ap_ctrl_hs|  svd.7_Pipeline_VITIS_LOOP_615_49|  return value|
|ap_rst           |   in|    1|  ap_ctrl_hs|  svd.7_Pipeline_VITIS_LOOP_615_49|  return value|
|ap_start         |   in|    1|  ap_ctrl_hs|  svd.7_Pipeline_VITIS_LOOP_615_49|  return value|
|ap_done          |  out|    1|  ap_ctrl_hs|  svd.7_Pipeline_VITIS_LOOP_615_49|  return value|
|ap_idle          |  out|    1|  ap_ctrl_hs|  svd.7_Pipeline_VITIS_LOOP_615_49|  return value|
|ap_ready         |  out|    1|  ap_ctrl_hs|  svd.7_Pipeline_VITIS_LOOP_615_49|  return value|
|s2_reload        |   in|   32|     ap_none|                         s2_reload|        scalar|
|trunc_ln411_1    |   in|   32|     ap_none|                     trunc_ln411_1|        scalar|
|shl_ln21         |   in|    7|     ap_none|                          shl_ln21|        scalar|
|ABt_V_address0   |  out|    4|   ap_memory|                             ABt_V|         array|
|ABt_V_ce0        |  out|    1|   ap_memory|                             ABt_V|         array|
|ABt_V_q0         |   in|   64|   ap_memory|                             ABt_V|         array|
|s2_3_out         |  out|   32|      ap_vld|                          s2_3_out|       pointer|
|s2_3_out_ap_vld  |  out|    1|      ap_vld|                          s2_3_out|       pointer|
+-----------------+-----+-----+------------+----------------------------------+--------------+

