

================================================================
== Vitis HLS Report for 'svd_5_Pipeline_VITIS_LOOP_419_18'
================================================================
* Date:           Sun Feb  5 17:00:41 2023

* Version:        2022.1 (Build 3526262 on Mon Apr 18 15:47:01 MDT 2022)
* Project:        hls_EstimateMotion
* Solution:       solution1 (Vivado IP Flow Target)
* Product family: virtexuplus
* Target device:  xcu50-fsvh2104-2L-e


================================================================
== Performance Estimates
================================================================
+ Timing: 
    * Summary: 
    +--------+----------+-----------+------------+
    |  Clock |  Target  | Estimated | Uncertainty|
    +--------+----------+-----------+------------+
    |ap_clk  |  60.00 ns|  41.175 ns|    16.20 ns|
    +--------+----------+-----------+------------+

+ Latency: 
    * Summary: 
    +---------+---------+----------+----------+-----+-----+---------+
    |  Latency (cycles) |  Latency (absolute) |  Interval | Pipeline|
    |   min   |   max   |    min   |    max   | min | max |   Type  |
    +---------+---------+----------+----------+-----+-----+---------+
    |        ?|        ?|         ?|         ?|    ?|    ?|       no|
    +---------+---------+----------+----------+-----+-----+---------+

    + Detail: 
        * Instance: 
        N/A

        * Loop: 
        +---------------------+---------+---------+----------+-----------+-----------+------+----------+
        |                     |  Latency (cycles) | Iteration|  Initiation Interval  | Trip |          |
        |      Loop Name      |   min   |   max   |  Latency |  achieved |   target  | Count| Pipelined|
        +---------------------+---------+---------+----------+-----------+-----------+------+----------+
        |- VITIS_LOOP_419_18  |        ?|        ?|         4|          1|          1|     ?|       yes|
        +---------------------+---------+---------+----------+-----------+-----------+------+----------+



================================================================
== Utilization Estimates
================================================================
* Summary: 
+---------------------+---------+------+---------+--------+-----+
|         Name        | BRAM_18K|  DSP |    FF   |   LUT  | URAM|
+---------------------+---------+------+---------+--------+-----+
|DSP                  |        -|     -|        -|       -|    -|
|Expression           |        -|     -|        0|    2300|    -|
|FIFO                 |        -|     -|        -|       -|    -|
|Instance             |        -|    26|        0|     864|    -|
|Memory               |        -|     -|        -|       -|    -|
|Multiplexer          |        -|     -|        -|      45|    -|
|Register             |        -|     -|      338|       -|    -|
+---------------------+---------+------+---------+--------+-----+
|Total                |        0|    26|      338|    3209|    0|
+---------------------+---------+------+---------+--------+-----+
|Available SLR        |     1344|  2976|   871680|  435840|  320|
+---------------------+---------+------+---------+--------+-----+
|Utilization SLR (%)  |        0|    ~0|       ~0|      ~0|    0|
+---------------------+---------+------+---------+--------+-----+
|Available            |     2688|  5952|  1743360|  871680|  640|
+---------------------+---------+------+---------+--------+-----+
|Utilization (%)      |        0|    ~0|       ~0|      ~0|    0|
+---------------------+---------+------+---------+--------+-----+

+ Detail: 
    * Instance: 
    +--------------------------------------+--------------------------------+---------+----+---+-----+-----+
    |               Instance               |             Module             | BRAM_18K| DSP| FF| LUT | URAM|
    +--------------------------------------+--------------------------------+---------+----+---+-----+-----+
    |dadd_64ns_64ns_64_1_full_dsp_1_U3158  |dadd_64ns_64ns_64_1_full_dsp_1  |        0|   3|  0|  708|    0|
    |dmul_64ns_64ns_64_1_max_dsp_1_U3159   |dmul_64ns_64ns_64_1_max_dsp_1   |        0|   8|  0|  106|    0|
    |mul_64ns_66ns_129_1_1_U3160           |mul_64ns_66ns_129_1_1           |        0|  15|  0|   50|    0|
    +--------------------------------------+--------------------------------+---------+----+---+-----+-----+
    |Total                                 |                                |        0|  26|  0|  864|    0|
    +--------------------------------------+--------------------------------+---------+----+---+-----+-----+

    * DSP: 
    N/A

    * Memory: 
    N/A

    * FIFO: 
    N/A

    * Expression: 
    +-----------------------+----------+----+---+------+------------+------------+
    |     Variable Name     | Operation| DSP| FF|  LUT | Bitwidth P0| Bitwidth P1|
    +-----------------------+----------+----+---+------+------------+------------+
    |add_ln419_fu_281_p2    |         +|   0|  0|    71|          64|           1|
    |add_ln420_1_fu_208_p2  |         +|   0|  0|    64|          64|          64|
    |add_ln420_2_fu_275_p2  |         +|   0|  0|    64|          64|          64|
    |add_ln420_fu_166_p2    |         +|   0|  0|    15|           8|           8|
    |newSecond_fu_203_p2    |         +|   0|  0|    64|          64|          64|
    |newFirst_fu_197_p2     |         -|   0|  0|    71|          17|          64|
    |sub_ln420_fu_269_p2    |         -|   0|  0|    64|          64|          64|
    |icmp_ln419_fu_180_p2   |      icmp|   0|  0|    20|          32|          32|
    |lshr_ln420_fu_303_p2   |      lshr|   0|  0|  1865|         448|         448|
    |ap_enable_pp0          |       xor|   0|  0|     2|           1|           2|
    +-----------------------+----------+----+---+------+------------+------------+
    |Total                  |          |   0|  0|  2300|         826|         811|
    +-----------------------+----------+----+---+------+------------+------------+

    * Multiplexer: 
    +-------------------------+----+-----------+-----+-----------+
    |           Name          | LUT| Input Size| Bits| Total Bits|
    +-------------------------+----+-----------+-----+-----------+
    |ap_done_int              |   9|          2|    1|          2|
    |ap_enable_reg_pp0_iter1  |   9|          2|    1|          2|
    |ap_enable_reg_pp0_iter2  |   9|          2|    1|          2|
    |k_fu_76                  |   9|          2|   64|        128|
    |s_fu_72                  |   9|          2|   64|        128|
    +-------------------------+----+-----------+-----+-----------+
    |Total                    |  45|         10|  131|        262|
    +-------------------------+----+-----------+-----+-----------+

    * Register: 
    +----------------------------------+----+----+-----+-----------+
    |               Name               | FF | LUT| Bits| Const Bits|
    +----------------------------------+----+----+-----+-----------+
    |U_val_addr_reg_360                |   8|   0|    8|          0|
    |add_ln420_2_reg_374               |  64|   0|   64|          0|
    |ap_CS_fsm                         |   1|   0|    1|          0|
    |ap_done_reg                       |   1|   0|    1|          0|
    |ap_enable_reg_pp0_iter1           |   1|   0|    1|          0|
    |ap_enable_reg_pp0_iter2           |   1|   0|    1|          0|
    |ap_enable_reg_pp0_iter3           |   1|   0|    1|          0|
    |ap_enable_reg_pp0_iter4           |   1|   0|    1|          0|
    |ap_loop_exit_ready_pp0_iter2_reg  |   1|   0|    1|          0|
    |ap_loop_exit_ready_pp0_iter3_reg  |   1|   0|    1|          0|
    |icmp_ln419_reg_365                |   1|   0|    1|          0|
    |icmp_ln419_reg_365_pp0_iter2_reg  |   1|   0|    1|          0|
    |k_fu_76                           |  64|   0|   64|          0|
    |mul_reg_384                       |  64|   0|   64|          0|
    |s_fu_72                           |  64|   0|   64|          0|
    |trunc_ln420_4_reg_379             |  64|   0|   64|          0|
    +----------------------------------+----+----+-----+-----------+
    |Total                             | 338|   0|  338|          0|
    +----------------------------------+----+----+-----+-----------+



================================================================
== Interface
================================================================
* Summary: 
+-------------------+-----+-----+------------+----------------------------------+--------------+
|     RTL Ports     | Dir | Bits|  Protocol  |           Source Object          |    C Type    |
+-------------------+-----+-----+------------+----------------------------------+--------------+
|ap_clk             |   in|    1|  ap_ctrl_hs|  svd.5_Pipeline_VITIS_LOOP_419_18|  return value|
|ap_rst             |   in|    1|  ap_ctrl_hs|  svd.5_Pipeline_VITIS_LOOP_419_18|  return value|
|ap_start           |   in|    1|  ap_ctrl_hs|  svd.5_Pipeline_VITIS_LOOP_419_18|  return value|
|ap_done            |  out|    1|  ap_ctrl_hs|  svd.5_Pipeline_VITIS_LOOP_419_18|  return value|
|ap_idle            |  out|    1|  ap_ctrl_hs|  svd.5_Pipeline_VITIS_LOOP_419_18|  return value|
|ap_ready           |  out|    1|  ap_ctrl_hs|  svd.5_Pipeline_VITIS_LOOP_419_18|  return value|
|sext_ln425         |   in|   32|     ap_none|                        sext_ln425|        scalar|
|empty              |   in|    8|     ap_none|                             empty|        scalar|
|U_val_address0     |  out|    8|   ap_memory|                             U_val|         array|
|U_val_ce0          |  out|    1|   ap_memory|                             U_val|         array|
|U_val_q0           |   in|   64|   ap_memory|                             U_val|         array|
|l                  |   in|   32|     ap_none|                                 l|        scalar|
|shl_ln29           |   in|   64|     ap_none|                          shl_ln29|        scalar|
|pnp_iter_address0  |  out|   13|   ap_memory|                          pnp_iter|         array|
|pnp_iter_ce0       |  out|    1|   ap_memory|                          pnp_iter|         array|
|pnp_iter_q0        |   in|  448|   ap_memory|                          pnp_iter|         array|
|s_21_out           |  out|   64|      ap_vld|                          s_21_out|       pointer|
|s_21_out_ap_vld    |  out|    1|      ap_vld|                          s_21_out|       pointer|
+-------------------+-----+-----+------------+----------------------------------+--------------+

