

================================================================
== Vitis HLS Report for 'svd_3_Pipeline_VITIS_LOOP_399_13'
================================================================
* Date:           Sun Feb  5 16:57:27 2023

* Version:        2022.1 (Build 3526262 on Mon Apr 18 15:47:01 MDT 2022)
* Project:        hls_EstimateMotion
* Solution:       solution1 (Vivado IP Flow Target)
* Product family: virtexuplus
* Target device:  xcu50-fsvh2104-2L-e


================================================================
== Performance Estimates
================================================================
+ Timing: 
    * Summary: 
    +--------+----------+-----------+------------+
    |  Clock |  Target  | Estimated | Uncertainty|
    +--------+----------+-----------+------------+
    |ap_clk  |  60.00 ns|  40.689 ns|    16.20 ns|
    +--------+----------+-----------+------------+

+ Latency: 
    * Summary: 
    +---------+---------+----------+----------+-----+-----+---------+
    |  Latency (cycles) |  Latency (absolute) |  Interval | Pipeline|
    |   min   |   max   |    min   |    max   | min | max |   Type  |
    +---------+---------+----------+----------+-----+-----+---------+
    |        ?|        ?|         ?|         ?|    ?|    ?|       no|
    +---------+---------+----------+----------+-----+-----+---------+

    + Detail: 
        * Instance: 
        N/A

        * Loop: 
        +---------------------+---------+---------+----------+-----------+-----------+------+----------+
        |                     |  Latency (cycles) | Iteration|  Initiation Interval  | Trip |          |
        |      Loop Name      |   min   |   max   |  Latency |  achieved |   target  | Count| Pipelined|
        +---------------------+---------+---------+----------+-----------+-----------+------+----------+
        |- VITIS_LOOP_399_13  |        ?|        ?|         3|          1|          1|     ?|       yes|
        +---------------------+---------+---------+----------+-----------+-----------+------+----------+



================================================================
== Utilization Estimates
================================================================
* Summary: 
+---------------------+---------+------+---------+--------+-----+
|         Name        | BRAM_18K|  DSP |    FF   |   LUT  | URAM|
+---------------------+---------+------+---------+--------+-----+
|DSP                  |        -|     -|        -|       -|    -|
|Expression           |        -|     -|        0|     165|    -|
|FIFO                 |        -|     -|        -|       -|    -|
|Instance             |        -|    11|        0|     814|    -|
|Memory               |        -|     -|        -|       -|    -|
|Multiplexer          |        -|     -|        -|      54|    -|
|Register             |        -|     -|      240|       -|    -|
+---------------------+---------+------+---------+--------+-----+
|Total                |        0|    11|      240|    1033|    0|
+---------------------+---------+------+---------+--------+-----+
|Available SLR        |     1344|  2976|   871680|  435840|  320|
+---------------------+---------+------+---------+--------+-----+
|Utilization SLR (%)  |        0|    ~0|       ~0|      ~0|    0|
+---------------------+---------+------+---------+--------+-----+
|Available            |     2688|  5952|  1743360|  871680|  640|
+---------------------+---------+------+---------+--------+-----+
|Utilization (%)      |        0|    ~0|       ~0|      ~0|    0|
+---------------------+---------+------+---------+--------+-----+

+ Detail: 
    * Instance: 
    +--------------------------------------+--------------------------------+---------+----+---+-----+-----+
    |               Instance               |             Module             | BRAM_18K| DSP| FF| LUT | URAM|
    +--------------------------------------+--------------------------------+---------+----+---+-----+-----+
    |dadd_64ns_64ns_64_1_full_dsp_1_U2174  |dadd_64ns_64ns_64_1_full_dsp_1  |        0|   3|  0|  708|    0|
    |dmul_64ns_64ns_64_1_max_dsp_1_U2175   |dmul_64ns_64ns_64_1_max_dsp_1   |        0|   8|  0|  106|    0|
    +--------------------------------------+--------------------------------+---------+----+---+-----+-----+
    |Total                                 |                                |        0|  11|  0|  814|    0|
    +--------------------------------------+--------------------------------+---------+----+---+-----+-----+

    * DSP: 
    N/A

    * Memory: 
    N/A

    * FIFO: 
    N/A

    * Expression: 
    +----------------------+----------+----+---+----+------------+------------+
    |     Variable Name    | Operation| DSP| FF| LUT| Bitwidth P0| Bitwidth P1|
    +----------------------+----------+----+---+----+------------+------------+
    |add_ln399_fu_153_p2   |         +|   0|  0|  39|          32|           1|
    |add_ln400_fu_147_p2   |         +|   0|  0|  12|           5|           5|
    |addr_cmp_fu_171_p2    |      icmp|   0|  0|  29|          64|          64|
    |icmp_ln399_fu_132_p2  |      icmp|   0|  0|  20|          32|          32|
    |add_fu_104_p0         |    select|   0|  0|  63|           1|          64|
    |ap_enable_pp0         |       xor|   0|  0|   2|           1|           2|
    +----------------------+----------+----+---+----+------------+------------+
    |Total                 |          |   0|  0| 165|         135|         168|
    +----------------------+----------+----+---+----+------------+------------+

    * Multiplexer: 
    +-------------------------+----+-----------+-----+-----------+
    |           Name          | LUT| Input Size| Bits| Total Bits|
    +-------------------------+----+-----------+-----+-----------+
    |ap_done_int              |   9|          2|    1|          2|
    |ap_enable_reg_pp0_iter1  |   9|          2|    1|          2|
    |ap_sig_allocacmp_k_102   |   9|          2|   32|         64|
    |k_fu_46                  |   9|          2|   32|         64|
    |reuse_addr_reg_fu_38     |   9|          2|   64|        128|
    |reuse_reg_fu_42          |   9|          2|   64|        128|
    +-------------------------+----+-----------+-----+-----------+
    |Total                    |  54|         12|  194|        388|
    +-------------------------+----+-----------+-----+-----------+

    * Register: 
    +----------------------------------+----+----+-----+-----------+
    |               Name               | FF | LUT| Bits| Const Bits|
    +----------------------------------+----+----+-----+-----------+
    |U_val_addr_257_reg_238            |   5|   0|    5|          0|
    |add_ln400_reg_228                 |   5|   0|    5|          0|
    |addr_cmp_reg_249                  |   1|   0|    1|          0|
    |ap_CS_fsm                         |   1|   0|    1|          0|
    |ap_done_reg                       |   1|   0|    1|          0|
    |ap_enable_reg_pp0_iter1           |   1|   0|    1|          0|
    |ap_enable_reg_pp0_iter2           |   1|   0|    1|          0|
    |ap_loop_exit_ready_pp0_iter1_reg  |   1|   0|    1|          0|
    |k_fu_46                           |  32|   0|   32|          0|
    |mul_reg_244                       |  64|   0|   64|          0|
    |reuse_addr_reg_fu_38              |  64|   0|   64|          0|
    |reuse_reg_fu_42                   |  64|   0|   64|          0|
    +----------------------------------+----+----+-----+-----------+
    |Total                             | 240|   0|  240|          0|
    +----------------------------------+----+----+-----+-----------+



================================================================
== Interface
================================================================
* Summary: 
+----------------+-----+-----+------------+----------------------------------+--------------+
|    RTL Ports   | Dir | Bits|  Protocol  |           Source Object          |    C Type    |
+----------------+-----+-----+------------+----------------------------------+--------------+
|ap_clk          |   in|    1|  ap_ctrl_hs|  svd.3_Pipeline_VITIS_LOOP_399_13|  return value|
|ap_rst          |   in|    1|  ap_ctrl_hs|  svd.3_Pipeline_VITIS_LOOP_399_13|  return value|
|ap_start        |   in|    1|  ap_ctrl_hs|  svd.3_Pipeline_VITIS_LOOP_399_13|  return value|
|ap_done         |  out|    1|  ap_ctrl_hs|  svd.3_Pipeline_VITIS_LOOP_399_13|  return value|
|ap_idle         |  out|    1|  ap_ctrl_hs|  svd.3_Pipeline_VITIS_LOOP_399_13|  return value|
|ap_ready        |  out|    1|  ap_ctrl_hs|  svd.3_Pipeline_VITIS_LOOP_399_13|  return value|
|trunc_ln        |   in|   32|     ap_none|                          trunc_ln|        scalar|
|trunc_ln268     |   in|   32|     ap_none|                       trunc_ln268|        scalar|
|sub_ln398       |   in|    5|     ap_none|                         sub_ln398|        scalar|
|U_val_address0  |  out|    5|   ap_memory|                             U_val|         array|
|U_val_ce0       |  out|    1|   ap_memory|                             U_val|         array|
|U_val_we0       |  out|    1|   ap_memory|                             U_val|         array|
|U_val_d0        |  out|   64|   ap_memory|                             U_val|         array|
|U_val_address1  |  out|    5|   ap_memory|                             U_val|         array|
|U_val_ce1       |  out|    1|   ap_memory|                             U_val|         array|
|U_val_q1        |   in|   64|   ap_memory|                             U_val|         array|
|rv1_address0    |  out|    3|   ap_memory|                               rv1|         array|
|rv1_ce0         |  out|    1|   ap_memory|                               rv1|         array|
|rv1_q0          |   in|   64|   ap_memory|                               rv1|         array|
|s_68_reload     |   in|   64|     ap_none|                       s_68_reload|        scalar|
+----------------+-----+-----+------------+----------------------------------+--------------+

