

================================================================
== Vitis HLS Report for 'svd_4_1_Pipeline_VITIS_LOOP_421_19'
================================================================
* Date:           Sun Feb  5 16:54:19 2023

* Version:        2022.1 (Build 3526262 on Mon Apr 18 15:47:01 MDT 2022)
* Project:        hls_EstimateMotion
* Solution:       solution1 (Vivado IP Flow Target)
* Product family: virtexuplus
* Target device:  xcu50-fsvh2104-2L-e


================================================================
== Performance Estimates
================================================================
+ Timing: 
    * Summary: 
    +--------+----------+-----------+------------+
    |  Clock |  Target  | Estimated | Uncertainty|
    +--------+----------+-----------+------------+
    |ap_clk  |  60.00 ns|  42.557 ns|    16.20 ns|
    +--------+----------+-----------+------------+

+ Latency: 
    * Summary: 
    +---------+---------+----------+----------+-----+-----+---------+
    |  Latency (cycles) |  Latency (absolute) |  Interval | Pipeline|
    |   min   |   max   |    min   |    max   | min | max |   Type  |
    +---------+---------+----------+----------+-----+-----+---------+
    |        ?|        ?|         ?|         ?|    ?|    ?|       no|
    +---------+---------+----------+----------+-----+-----+---------+

    + Detail: 
        * Instance: 
        N/A

        * Loop: 
        +---------------------+---------+---------+----------+-----------+-----------+------+----------+
        |                     |  Latency (cycles) | Iteration|  Initiation Interval  | Trip |          |
        |      Loop Name      |   min   |   max   |  Latency |  achieved |   target  | Count| Pipelined|
        +---------------------+---------+---------+----------+-----------+-----------+------+----------+
        |- VITIS_LOOP_421_19  |        ?|        ?|         3|          3|          1|     ?|       yes|
        +---------------------+---------+---------+----------+-----------+-----------+------+----------+



================================================================
== Utilization Estimates
================================================================
* Summary: 
+---------------------+---------+------+---------+--------+-----+
|         Name        | BRAM_18K|  DSP |    FF   |   LUT  | URAM|
+---------------------+---------+------+---------+--------+-----+
|DSP                  |        -|     -|        -|       -|    -|
|Expression           |        -|     -|        0|    6617|    -|
|FIFO                 |        -|     -|        -|       -|    -|
|Instance             |        -|    41|        0|     914|    -|
|Memory               |        -|     -|        -|       -|    -|
|Multiplexer          |        -|     -|        -|      94|    -|
|Register             |        -|     -|      441|       -|    -|
+---------------------+---------+------+---------+--------+-----+
|Total                |        0|    41|      441|    7625|    0|
+---------------------+---------+------+---------+--------+-----+
|Available SLR        |     1344|  2976|   871680|  435840|  320|
+---------------------+---------+------+---------+--------+-----+
|Utilization SLR (%)  |        0|     1|       ~0|       1|    0|
+---------------------+---------+------+---------+--------+-----+
|Available            |     2688|  5952|  1743360|  871680|  640|
+---------------------+---------+------+---------+--------+-----+
|Utilization (%)      |        0|    ~0|       ~0|      ~0|    0|
+---------------------+---------+------+---------+--------+-----+

+ Detail: 
    * Instance: 
    +-------------------------------------+--------------------------------+---------+----+---+-----+-----+
    |               Instance              |             Module             | BRAM_18K| DSP| FF| LUT | URAM|
    +-------------------------------------+--------------------------------+---------+----+---+-----+-----+
    |dadd_64ns_64ns_64_1_full_dsp_1_U955  |dadd_64ns_64ns_64_1_full_dsp_1  |        0|   3|  0|  708|    0|
    |dmul_64ns_64ns_64_1_max_dsp_1_U956   |dmul_64ns_64ns_64_1_max_dsp_1   |        0|   8|  0|  106|    0|
    |mul_64ns_66ns_129_1_1_U957           |mul_64ns_66ns_129_1_1           |        0|  15|  0|   50|    0|
    |mul_64ns_66ns_129_1_1_U958           |mul_64ns_66ns_129_1_1           |        0|  15|  0|   50|    0|
    +-------------------------------------+--------------------------------+---------+----+---+-----+-----+
    |Total                                |                                |        0|  41|  0|  914|    0|
    +-------------------------------------+--------------------------------+---------+----+---+-----+-----+

    * DSP: 
    N/A

    * Memory: 
    N/A

    * FIFO: 
    N/A

    * Expression: 
    +------------------------+----------+----+---+------+------------+------------+
    |      Variable Name     | Operation| DSP| FF|  LUT | Bitwidth P0| Bitwidth P1|
    +------------------------+----------+----+---+------+------------+------------+
    |add_ln421_fu_283_p2     |         +|   0|  0|    71|          64|           1|
    |add_ln422_10_fu_272_p2  |         +|   0|  0|    64|          64|          64|
    |add_ln422_11_fu_278_p2  |         +|   0|  0|    71|          64|          64|
    |add_ln422_12_fu_422_p2  |         +|   0|  0|    64|          64|          64|
    |add_ln422_13_fu_427_p2  |         +|   0|  0|    56|          56|          56|
    |add_ln422_14_fu_431_p2  |         +|   0|  0|    56|          56|          13|
    |add_ln422_15_fu_437_p2  |         +|   0|  0|    56|          56|          56|
    |add_ln422_9_fu_206_p2   |         +|   0|  0|    71|          64|          64|
    |add_ln422_fu_200_p2     |         +|   0|  0|    71|          64|          13|
    |sub_ln422_4_fu_266_p2   |         -|   0|  0|    64|          64|          64|
    |sub_ln422_5_fu_410_p2   |         -|   0|  0|    64|          64|          64|
    |sub_ln422_6_fu_416_p2   |         -|   0|  0|    56|          56|          56|
    |sub_ln422_fu_190_p2     |         -|   0|  0|    71|          64|          64|
    |icmp_ln421_fu_173_p2    |      icmp|   0|  0|    20|          32|          32|
    |lshr_ln422_2_fu_460_p2  |      lshr|   0|  0|  1865|         448|         448|
    |lshr_ln422_fu_305_p2    |      lshr|   0|  0|  1865|         448|         448|
    |epnp_d0                 |       shl|   0|  0|  1865|         448|         448|
    |shl_ln422_fu_443_p2     |       shl|   0|  0|   165|           8|          56|
    |ap_enable_pp0           |       xor|   0|  0|     2|           1|           2|
    +------------------------+----------+----+---+------+------------+------------+
    |Total                   |          |   0|  0|  6617|        2185|        2077|
    +------------------------+----------+----+---+------+------------+------------+

    * Multiplexer: 
    +-----------------------------+----+-----------+-----+-----------+
    |             Name            | LUT| Input Size| Bits| Total Bits|
    +-----------------------------+----+-----------+-----+-----------+
    |ap_NS_fsm                    |  20|          4|    1|          4|
    |ap_done_int                  |   9|          2|    1|          2|
    |ap_enable_reg_pp0_iter0      |   9|          2|    1|          2|
    |ap_enable_reg_pp0_iter0_reg  |   9|          2|    1|          2|
    |ap_enable_reg_pp0_iter1      |   9|          2|    1|          2|
    |epnp_address0                |  20|          4|    8|         32|
    |epnp_we0                     |   9|          2|   56|        112|
    |k_73_fu_88                   |   9|          2|   64|        128|
    +-----------------------------+----+-----------+-----+-----------+
    |Total                        |  94|         20|  133|        284|
    +-----------------------------+----+-----------+-----+-----------+

    * Register: 
    +-----------------------------+----+----+-----+-----------+
    |             Name            | FF | LUT| Bits| Const Bits|
    +-----------------------------+----+----+-----+-----------+
    |add_ln422_10_reg_535         |  64|   0|   64|          0|
    |add_ln422_11_reg_540         |  64|   0|   64|          0|
    |add_ln422_12_reg_556         |  64|   0|   64|          0|
    |ap_CS_fsm                    |   3|   0|    3|          0|
    |ap_done_reg                  |   1|   0|    1|          0|
    |ap_enable_reg_pp0_iter0_reg  |   1|   0|    1|          0|
    |ap_enable_reg_pp0_iter1      |   1|   0|    1|          0|
    |epnp_addr_4_reg_551          |   8|   0|    8|          0|
    |k_73_fu_88                   |  64|   0|   64|          0|
    |mul_reg_546                  |  64|   0|   64|          0|
    |shl_ln422_reg_561            |  56|   0|   56|          0|
    |trunc_ln422_reg_525          |  51|   0|   56|          5|
    +-----------------------------+----+----+-----+-----------+
    |Total                        | 441|   0|  446|          5|
    +-----------------------------+----+----+-----+-----------+



================================================================
== Interface
================================================================
* Summary: 
+---------------+-----+-----+------------+------------------------------------+--------------+
|   RTL Ports   | Dir | Bits|  Protocol  |            Source Object           |    C Type    |
+---------------+-----+-----+------------+------------------------------------+--------------+
|ap_clk         |   in|    1|  ap_ctrl_hs|  svd.4.1_Pipeline_VITIS_LOOP_421_19|  return value|
|ap_rst         |   in|    1|  ap_ctrl_hs|  svd.4.1_Pipeline_VITIS_LOOP_421_19|  return value|
|ap_start       |   in|    1|  ap_ctrl_hs|  svd.4.1_Pipeline_VITIS_LOOP_421_19|  return value|
|ap_done        |  out|    1|  ap_ctrl_hs|  svd.4.1_Pipeline_VITIS_LOOP_421_19|  return value|
|ap_idle        |  out|    1|  ap_ctrl_hs|  svd.4.1_Pipeline_VITIS_LOOP_421_19|  return value|
|ap_ready       |  out|    1|  ap_ctrl_hs|  svd.4.1_Pipeline_VITIS_LOOP_421_19|  return value|
|sext_ln425     |   in|   32|     ap_none|                          sext_ln425|        scalar|
|l              |   in|   32|     ap_none|                                   l|        scalar|
|shl_ln         |   in|   64|     ap_none|                              shl_ln|        scalar|
|epnp_address0  |  out|    8|   ap_memory|                                epnp|         array|
|epnp_ce0       |  out|    1|   ap_memory|                                epnp|         array|
|epnp_we0       |  out|   56|   ap_memory|                                epnp|         array|
|epnp_d0        |  out|  448|   ap_memory|                                epnp|         array|
|epnp_q0        |   in|  448|   ap_memory|                                epnp|         array|
|s_37_reload    |   in|   64|     ap_none|                         s_37_reload|        scalar|
|shl_ln40       |   in|   64|     ap_none|                            shl_ln40|        scalar|
|trunc_ln422_s  |   in|   56|     ap_none|                       trunc_ln422_s|        scalar|
+---------------+-----+-----+------------+------------------------------------+--------------+

