

================================================================
== Vitis HLS Report for 'svd_4_Pipeline_VITIS_LOOP_596_44'
================================================================
* Date:           Sun Feb  5 17:02:06 2023

* Version:        2022.1 (Build 3526262 on Mon Apr 18 15:47:01 MDT 2022)
* Project:        hls_EstimateMotion
* Solution:       solution1 (Vivado IP Flow Target)
* Product family: virtexuplus
* Target device:  xcu50-fsvh2104-2L-e


================================================================
== Performance Estimates
================================================================
+ Timing: 
    * Summary: 
    +--------+----------+-----------+------------+
    |  Clock |  Target  | Estimated | Uncertainty|
    +--------+----------+-----------+------------+
    |ap_clk  |  60.00 ns|  10.466 ns|    16.20 ns|
    +--------+----------+-----------+------------+

+ Latency: 
    * Summary: 
    +---------+---------+----------+----------+-----+-----+---------+
    |  Latency (cycles) |  Latency (absolute) |  Interval | Pipeline|
    |   min   |   max   |    min   |    max   | min | max |   Type  |
    +---------+---------+----------+----------+-----+-----+---------+
    |        ?|        ?|         ?|         ?|    ?|    ?|       no|
    +---------+---------+----------+----------+-----+-----+---------+

    + Detail: 
        * Instance: 
        N/A

        * Loop: 
        +---------------------+---------+---------+----------+-----------+-----------+------+----------+
        |                     |  Latency (cycles) | Iteration|  Initiation Interval  | Trip |          |
        |      Loop Name      |   min   |   max   |  Latency |  achieved |   target  | Count| Pipelined|
        +---------------------+---------+---------+----------+-----------+-----------+------+----------+
        |- VITIS_LOOP_596_44  |        ?|        ?|         2|          2|          1|     ?|       yes|
        +---------------------+---------+---------+----------+-----------+-----------+------+----------+



================================================================
== Utilization Estimates
================================================================
* Summary: 
+---------------------+---------+------+---------+--------+-----+
|         Name        | BRAM_18K|  DSP |    FF   |   LUT  | URAM|
+---------------------+---------+------+---------+--------+-----+
|DSP                  |        -|     -|        -|       -|    -|
|Expression           |        -|     -|        0|    4614|    -|
|FIFO                 |        -|     -|        -|       -|    -|
|Instance             |        -|    30|        0|     100|    -|
|Memory               |        -|     -|        -|       -|    -|
|Multiplexer          |        -|     -|        -|      64|    -|
|Register             |        -|     -|      177|       -|    -|
+---------------------+---------+------+---------+--------+-----+
|Total                |        0|    30|      177|    4778|    0|
+---------------------+---------+------+---------+--------+-----+
|Available SLR        |     1344|  2976|   871680|  435840|  320|
+---------------------+---------+------+---------+--------+-----+
|Utilization SLR (%)  |        0|     1|       ~0|       1|    0|
+---------------------+---------+------+---------+--------+-----+
|Available            |     2688|  5952|  1743360|  871680|  640|
+---------------------+---------+------+---------+--------+-----+
|Utilization (%)      |        0|    ~0|       ~0|      ~0|    0|
+---------------------+---------+------+---------+--------+-----+

+ Detail: 
    * Instance: 
    +-----------------------------+-----------------------+---------+----+---+----+-----+
    |           Instance          |         Module        | BRAM_18K| DSP| FF| LUT| URAM|
    +-----------------------------+-----------------------+---------+----+---+----+-----+
    |mul_64ns_66ns_129_1_1_U3638  |mul_64ns_66ns_129_1_1  |        0|  15|  0|  50|    0|
    |mul_64ns_66ns_129_1_1_U3639  |mul_64ns_66ns_129_1_1  |        0|  15|  0|  50|    0|
    +-----------------------------+-----------------------+---------+----+---+----+-----+
    |Total                        |                       |        0|  30|  0| 100|    0|
    +-----------------------------+-----------------------+---------+----+---+----+-----+

    * DSP: 
    N/A

    * Memory: 
    N/A

    * FIFO: 
    N/A

    * Expression: 
    +------------------------+----------+----+---+------+------------+------------+
    |      Variable Name     | Operation| DSP| FF|  LUT | Bitwidth P0| Bitwidth P1|
    +------------------------+----------+----+---+------+------------+------------+
    |add_ln596_fu_142_p2     |         +|   0|  0|    39|          32|           1|
    |add_ln597_10_fu_188_p2  |         +|   0|  0|    46|          39|          39|
    |add_ln597_11_fu_259_p2  |         +|   0|  0|    64|          64|          64|
    |add_ln597_12_fu_265_p2  |         +|   0|  0|    46|          39|          39|
    |add_ln597_13_fu_413_p2  |         +|   0|  0|    64|          64|          64|
    |add_ln597_14_fu_271_p2  |         +|   0|  0|    46|          39|          39|
    |add_ln597_15_fu_422_p2  |         +|   0|  0|    56|          56|          17|
    |add_ln597_16_fu_428_p2  |         +|   0|  0|    56|          56|          56|
    |add_ln597_fu_182_p2     |         +|   0|  0|    46|          39|          17|
    |sub_ln597_3_fu_253_p2   |         -|   0|  0|    64|          64|          64|
    |sub_ln597_4_fu_401_p2   |         -|   0|  0|    64|          64|          64|
    |sub_ln597_5_fu_407_p2   |         -|   0|  0|    63|          56|          56|
    |sub_ln597_fu_172_p2     |         -|   0|  0|    45|          38|          38|
    |icmp_ln596_fu_136_p2    |      icmp|   0|  0|    20|          32|          32|
    |lshr_ln597_fu_293_p2    |      lshr|   0|  0|  1865|         448|         448|
    |pnp_iter_d0             |       shl|   0|  0|  1865|         448|         448|
    |shl_ln597_fu_434_p2     |       shl|   0|  0|   165|           8|          56|
    +------------------------+----------+----+---+------+------------+------------+
    |Total                   |          |   0|  0|  4614|        1586|        1542|
    +------------------------+----------+----+---+------+------------+------------+

    * Multiplexer: 
    +-----------------------+----+-----------+-----+-----------+
    |          Name         | LUT| Input Size| Bits| Total Bits|
    +-----------------------+----+-----------+-----+-----------+
    |ap_NS_fsm              |  14|          3|    1|          3|
    |ap_done_int            |   9|          2|    1|          2|
    |ap_sig_allocacmp_k_56  |   9|          2|   32|         64|
    |k_fu_78                |   9|          2|   32|         64|
    |pnp_iter_address0      |  14|          3|   13|         39|
    |pnp_iter_we0           |   9|          2|   56|        112|
    +-----------------------+----+-----------+-----+-----------+
    |Total                  |  64|         14|  135|        284|
    +-----------------------+----+-----------+-----+-----------+

    * Register: 
    +----------------------+----+----+-----+-----------+
    |         Name         | FF | LUT| Bits| Const Bits|
    +----------------------+----+----+-----+-----------+
    |add_ln597_11_reg_475  |  64|   0|   64|          0|
    |add_ln597_12_reg_480  |  39|   0|   39|          0|
    |add_ln597_14_reg_485  |  39|   0|   39|          0|
    |ap_CS_fsm             |   2|   0|    2|          0|
    |ap_done_reg           |   1|   0|    1|          0|
    |k_fu_78               |  32|   0|   32|          0|
    +----------------------+----+----+-----+-----------+
    |Total                 | 177|   0|  177|          0|
    +----------------------+----+----+-----+-----------+



================================================================
== Interface
================================================================
* Summary: 
+-------------------+-----+-----+------------+----------------------------------+--------------+
|     RTL Ports     | Dir | Bits|  Protocol  |           Source Object          |    C Type    |
+-------------------+-----+-----+------------+----------------------------------+--------------+
|ap_clk             |   in|    1|  ap_ctrl_hs|  svd.4_Pipeline_VITIS_LOOP_596_44|  return value|
|ap_rst             |   in|    1|  ap_ctrl_hs|  svd.4_Pipeline_VITIS_LOOP_596_44|  return value|
|ap_start           |   in|    1|  ap_ctrl_hs|  svd.4_Pipeline_VITIS_LOOP_596_44|  return value|
|ap_done            |  out|    1|  ap_ctrl_hs|  svd.4_Pipeline_VITIS_LOOP_596_44|  return value|
|ap_idle            |  out|    1|  ap_ctrl_hs|  svd.4_Pipeline_VITIS_LOOP_596_44|  return value|
|ap_ready           |  out|    1|  ap_ctrl_hs|  svd.4_Pipeline_VITIS_LOOP_596_44|  return value|
|l                  |   in|   32|     ap_none|                                 l|        scalar|
|sext_ln597         |   in|   35|     ap_none|                        sext_ln597|        scalar|
|pnp_iter_address0  |  out|   13|   ap_memory|                          pnp_iter|         array|
|pnp_iter_ce0       |  out|    1|   ap_memory|                          pnp_iter|         array|
|pnp_iter_we0       |  out|   56|   ap_memory|                          pnp_iter|         array|
|pnp_iter_d0        |  out|  448|   ap_memory|                          pnp_iter|         array|
|pnp_iter_q0        |   in|  448|   ap_memory|                          pnp_iter|         array|
|sext_ln597_7       |   in|   35|     ap_none|                      sext_ln597_7|        scalar|
+-------------------+-----+-----+------------+----------------------------------+--------------+

