

================================================================
== Vitis HLS Report for 'svd_4_Pipeline_VITIS_LOOP_633_53_VITIS_LOOP_634_54'
================================================================
* Date:           Sun Feb  5 17:02:16 2023

* Version:        2022.1 (Build 3526262 on Mon Apr 18 15:47:01 MDT 2022)
* Project:        hls_EstimateMotion
* Solution:       solution1 (Vivado IP Flow Target)
* Product family: virtexuplus
* Target device:  xcu50-fsvh2104-2L-e


================================================================
== Performance Estimates
================================================================
+ Timing: 
    * Summary: 
    +--------+----------+-----------+------------+
    |  Clock |  Target  | Estimated | Uncertainty|
    +--------+----------+-----------+------------+
    |ap_clk  |  60.00 ns|  12.321 ns|    16.20 ns|
    +--------+----------+-----------+------------+

+ Latency: 
    * Summary: 
    +---------+---------+----------+----------+-----+-----+---------+
    |  Latency (cycles) |  Latency (absolute) |  Interval | Pipeline|
    |   min   |   max   |    min   |    max   | min | max |   Type  |
    +---------+---------+----------+----------+-----+-----+---------+
    |        ?|        ?|         ?|         ?|    ?|    ?|       no|
    +---------+---------+----------+----------+-----+-----+---------+

    + Detail: 
        * Instance: 
        N/A

        * Loop: 
        +---------------------------------------+---------+---------+----------+-----------+-----------+------+----------+
        |                                       |  Latency (cycles) | Iteration|  Initiation Interval  | Trip |          |
        |               Loop Name               |   min   |   max   |  Latency |  achieved |   target  | Count| Pipelined|
        +---------------------------------------+---------+---------+----------+-----------+-----------+------+----------+
        |- VITIS_LOOP_633_53_VITIS_LOOP_634_54  |        ?|        ?|         2|          1|          1|     ?|       yes|
        +---------------------------------------+---------+---------+----------+-----------+-----------+------+----------+



================================================================
== Utilization Estimates
================================================================
* Summary: 
+---------------------+---------+------+---------+--------+-----+
|         Name        | BRAM_18K|  DSP |    FF   |   LUT  | URAM|
+---------------------+---------+------+---------+--------+-----+
|DSP                  |        -|     -|        -|       -|    -|
|Expression           |        -|     -|        0|    2874|    -|
|FIFO                 |        -|     -|        -|       -|    -|
|Instance             |        -|    15|        0|      50|    -|
|Memory               |        -|     -|        -|       -|    -|
|Multiplexer          |        -|     -|        -|      63|    -|
|Register             |        -|     -|      199|       -|    -|
+---------------------+---------+------+---------+--------+-----+
|Total                |        0|    15|      199|    2987|    0|
+---------------------+---------+------+---------+--------+-----+
|Available SLR        |     1344|  2976|   871680|  435840|  320|
+---------------------+---------+------+---------+--------+-----+
|Utilization SLR (%)  |        0|    ~0|       ~0|      ~0|    0|
+---------------------+---------+------+---------+--------+-----+
|Available            |     2688|  5952|  1743360|  871680|  640|
+---------------------+---------+------+---------+--------+-----+
|Utilization (%)      |        0|    ~0|       ~0|      ~0|    0|
+---------------------+---------+------+---------+--------+-----+

+ Detail: 
    * Instance: 
    +-----------------------------+-----------------------+---------+----+---+----+-----+
    |           Instance          |         Module        | BRAM_18K| DSP| FF| LUT| URAM|
    +-----------------------------+-----------------------+---------+----+---+----+-----+
    |mul_64ns_66ns_129_1_1_U3688  |mul_64ns_66ns_129_1_1  |        0|  15|  0|  50|    0|
    +-----------------------------+-----------------------+---------+----+---+----+-----+
    |Total                        |                       |        0|  15|  0|  50|    0|
    +-----------------------------+-----------------------+---------+----+---+----+-----+

    * DSP: 
    N/A

    * Memory: 
    N/A

    * FIFO: 
    N/A

    * Expression: 
    +--------------------------+----------+----+---+------+------------+------------+
    |       Variable Name      | Operation| DSP| FF|  LUT | Bitwidth P0| Bitwidth P1|
    +--------------------------+----------+----+---+------+------------+------------+
    |add_ln633_3_fu_191_p2     |         +|   0|  0|    71|          64|           1|
    |add_ln633_fu_200_p2       |         +|   0|  0|    39|          32|           1|
    |add_ln634_fu_302_p2       |         +|   0|  0|    39|          32|           1|
    |add_ln635_3_fu_351_p2     |         +|   0|  0|    46|          39|          39|
    |add_ln635_4_fu_472_p2     |         +|   0|  0|    64|          64|          64|
    |add_ln635_6_fu_478_p2     |         +|   0|  0|    46|          39|          39|
    |add_ln635_7_fu_488_p2     |         +|   0|  0|    56|          56|          17|
    |add_ln635_8_fu_494_p2     |         +|   0|  0|    56|          56|          56|
    |add_ln635_9_fu_291_p2     |         +|   0|  0|     7|           4|           4|
    |add_ln635_fu_341_p2       |         +|   0|  0|    43|          36|          17|
    |sub_ln635_3_fu_460_p2     |         -|   0|  0|    64|          64|          64|
    |sub_ln635_4_fu_466_p2     |         -|   0|  0|    63|          56|          56|
    |sub_ln635_7_fu_243_p2     |         -|   0|  0|     7|           4|           4|
    |sub_ln635_8_fu_273_p2     |         -|   0|  0|    45|          38|          38|
    |sub_ln635_fu_180_p2       |         -|   0|  0|    45|          38|          38|
    |icmp_ln633_fu_186_p2      |      icmp|   0|  0|    29|          64|          64|
    |icmp_ln634_fu_206_p2      |      icmp|   0|  0|    20|          32|          32|
    |select_ln633_5_fu_219_p3  |    select|   0|  0|    32|           1|          32|
    |select_ln633_6_fu_279_p3  |    select|   0|  0|    38|           1|          38|
    |select_ln633_fu_211_p3    |    select|   0|  0|    32|           1|           1|
    |pnp_iter_d0               |       shl|   0|  0|  1865|         448|         448|
    |shl_ln635_4_fu_500_p2     |       shl|   0|  0|   165|           8|          56|
    |ap_enable_pp0             |       xor|   0|  0|     2|           1|           2|
    +--------------------------+----------+----+---+------+------------+------------+
    |Total                     |          |   0|  0|  2874|        1178|        1112|
    +--------------------------+----------+----+---+------+------------+------------+

    * Multiplexer: 
    +-------------------------+----+-----------+-----+-----------+
    |           Name          | LUT| Input Size| Bits| Total Bits|
    +-------------------------+----+-----------+-----+-----------+
    |ap_done_int              |   9|          2|    1|          2|
    |ap_enable_reg_pp0_iter1  |   9|          2|    1|          2|
    |ap_enable_reg_pp0_iter2  |   9|          2|    1|          2|
    |i_fu_90                  |   9|          2|   32|         64|
    |indvar_flatten_fu_94     |   9|          2|   64|        128|
    |j_fu_86                  |   9|          2|   32|         64|
    |pnp_iter_we0             |   9|          2|   56|        112|
    +-------------------------+----+-----------+-----+-----------+
    |Total                    |  63|         14|  187|        374|
    +-------------------------+----+-----------+-----+-----------+

    * Register: 
    +-------------------------+----+----+-----+-----------+
    |           Name          | FF | LUT| Bits| Const Bits|
    +-------------------------+----+----+-----+-----------+
    |ap_CS_fsm                |   1|   0|    1|          0|
    |ap_done_reg              |   1|   0|    1|          0|
    |ap_enable_reg_pp0_iter1  |   1|   0|    1|          0|
    |ap_enable_reg_pp0_iter2  |   1|   0|    1|          0|
    |i_fu_90                  |  32|   0|   32|          0|
    |indvar_flatten_fu_94     |  64|   0|   64|          0|
    |j_fu_86                  |  32|   0|   32|          0|
    |select_ln633_6_reg_565   |  35|   0|   38|          3|
    |select_ln633_reg_560     |  32|   0|   32|          0|
    +-------------------------+----+----+-----+-----------+
    |Total                    | 199|   0|  202|          3|
    +-------------------------+----+----+-----+-----------+



================================================================
== Interface
================================================================
* Summary: 
+-------------------+-----+-----+------------+----------------------------------------------------+--------------+
|     RTL Ports     | Dir | Bits|  Protocol  |                    Source Object                   |    C Type    |
+-------------------+-----+-----+------------+----------------------------------------------------+--------------+
|ap_clk             |   in|    1|  ap_ctrl_hs|  svd.4_Pipeline_VITIS_LOOP_633_53_VITIS_LOOP_634_54|  return value|
|ap_rst             |   in|    1|  ap_ctrl_hs|  svd.4_Pipeline_VITIS_LOOP_633_53_VITIS_LOOP_634_54|  return value|
|ap_start           |   in|    1|  ap_ctrl_hs|  svd.4_Pipeline_VITIS_LOOP_633_53_VITIS_LOOP_634_54|  return value|
|ap_done            |  out|    1|  ap_ctrl_hs|  svd.4_Pipeline_VITIS_LOOP_633_53_VITIS_LOOP_634_54|  return value|
|ap_idle            |  out|    1|  ap_ctrl_hs|  svd.4_Pipeline_VITIS_LOOP_633_53_VITIS_LOOP_634_54|  return value|
|ap_ready           |  out|    1|  ap_ctrl_hs|  svd.4_Pipeline_VITIS_LOOP_633_53_VITIS_LOOP_634_54|  return value|
|mul_ln633          |   in|   64|     ap_none|                                           mul_ln633|        scalar|
|xor_ln633_6        |   in|   32|     ap_none|                                         xor_ln633_6|        scalar|
|U_val_address0     |  out|    4|   ap_memory|                                               U_val|         array|
|U_val_ce0          |  out|    1|   ap_memory|                                               U_val|         array|
|U_val_q0           |   in|   64|   ap_memory|                                               U_val|         array|
|pnp_iter_address0  |  out|   13|   ap_memory|                                            pnp_iter|         array|
|pnp_iter_ce0       |  out|    1|   ap_memory|                                            pnp_iter|         array|
|pnp_iter_we0       |  out|   56|   ap_memory|                                            pnp_iter|         array|
|pnp_iter_d0        |  out|  448|   ap_memory|                                            pnp_iter|         array|
+-------------------+-----+-----+------------+----------------------------------------------------+--------------+

