

================================================================
== Vitis HLS Report for 'svd_4_Pipeline_VITIS_LOOP_615_49'
================================================================
* Date:           Sun Feb  5 17:02:11 2023

* Version:        2022.1 (Build 3526262 on Mon Apr 18 15:47:01 MDT 2022)
* Project:        hls_EstimateMotion
* Solution:       solution1 (Vivado IP Flow Target)
* Product family: virtexuplus
* Target device:  xcu50-fsvh2104-2L-e


================================================================
== Performance Estimates
================================================================
+ Timing: 
    * Summary: 
    +--------+----------+-----------+------------+
    |  Clock |  Target  | Estimated | Uncertainty|
    +--------+----------+-----------+------------+
    |ap_clk  |  60.00 ns|  13.359 ns|    16.20 ns|
    +--------+----------+-----------+------------+

+ Latency: 
    * Summary: 
    +---------+---------+----------+----------+-----+-----+---------+
    |  Latency (cycles) |  Latency (absolute) |  Interval | Pipeline|
    |   min   |   max   |    min   |    max   | min | max |   Type  |
    +---------+---------+----------+----------+-----+-----+---------+
    |        ?|        ?|         ?|         ?|    ?|    ?|       no|
    +---------+---------+----------+----------+-----+-----+---------+

    + Detail: 
        * Instance: 
        N/A

        * Loop: 
        +---------------------+---------+---------+----------+-----------+-----------+------+----------+
        |                     |  Latency (cycles) | Iteration|  Initiation Interval  | Trip |          |
        |      Loop Name      |   min   |   max   |  Latency |  achieved |   target  | Count| Pipelined|
        +---------------------+---------+---------+----------+-----------+-----------+------+----------+
        |- VITIS_LOOP_615_49  |        ?|        ?|         2|          1|          1|     ?|       yes|
        +---------------------+---------+---------+----------+-----------+-----------+------+----------+



================================================================
== Utilization Estimates
================================================================
* Summary: 
+---------------------+---------+------+---------+--------+-----+
|         Name        | BRAM_18K|  DSP |    FF   |   LUT  | URAM|
+---------------------+---------+------+---------+--------+-----+
|DSP                  |        -|     -|        -|       -|    -|
|Expression           |        -|     -|        0|    2255|    -|
|FIFO                 |        -|     -|        -|       -|    -|
|Instance             |        -|    15|        0|      50|    -|
|Memory               |        -|     -|        -|       -|    -|
|Multiplexer          |        -|     -|        -|      45|    -|
|Register             |        -|     -|      131|       -|    -|
+---------------------+---------+------+---------+--------+-----+
|Total                |        0|    15|      131|    2350|    0|
+---------------------+---------+------+---------+--------+-----+
|Available SLR        |     1344|  2976|   871680|  435840|  320|
+---------------------+---------+------+---------+--------+-----+
|Utilization SLR (%)  |        0|    ~0|       ~0|      ~0|    0|
+---------------------+---------+------+---------+--------+-----+
|Available            |     2688|  5952|  1743360|  871680|  640|
+---------------------+---------+------+---------+--------+-----+
|Utilization (%)      |        0|    ~0|       ~0|      ~0|    0|
+---------------------+---------+------+---------+--------+-----+

+ Detail: 
    * Instance: 
    +-----------------------------------+-----------------------------+---------+----+---+----+-----+
    |              Instance             |            Module           | BRAM_18K| DSP| FF| LUT| URAM|
    +-----------------------------------+-----------------------------+---------+----+---+----+-----+
    |dcmp_64ns_64ns_1_1_no_dsp_1_U3664  |dcmp_64ns_64ns_1_1_no_dsp_1  |        0|   0|  0|   0|    0|
    |mul_64ns_66ns_129_1_1_U3665        |mul_64ns_66ns_129_1_1        |        0|  15|  0|  50|    0|
    +-----------------------------------+-----------------------------+---------+----+---+----+-----+
    |Total                              |                             |        0|  15|  0|  50|    0|
    +-----------------------------------+-----------------------------+---------+----+---+----+-----+

    * DSP: 
    N/A

    * Memory: 
    N/A

    * FIFO: 
    N/A

    * Expression: 
    +------------------------+----------+----+---+------+------------+------------+
    |      Variable Name     | Operation| DSP| FF|  LUT | Bitwidth P0| Bitwidth P1|
    +------------------------+----------+----+---+------+------------+------------+
    |add_ln615_fu_148_p2     |         +|   0|  0|    39|          32|           1|
    |add_ln616_2_fu_259_p2   |         +|   0|  0|    64|          64|          64|
    |add_ln616_fu_188_p2     |         +|   0|  0|    46|          39|          39|
    |s2_12_fu_337_p2         |         +|   0|  0|    39|          32|           1|
    |sub_ln616_2_fu_253_p2   |         -|   0|  0|    64|          64|          64|
    |sub_ln616_fu_178_p2     |         -|   0|  0|    45|          38|          38|
    |and_ln616_fu_331_p2     |       and|   0|  0|     2|           1|           1|
    |icmp_ln615_fu_142_p2    |      icmp|   0|  0|    20|          32|          32|
    |icmp_ln616_3_fu_319_p2  |      icmp|   0|  0|    24|          52|           1|
    |icmp_ln616_fu_313_p2    |      icmp|   0|  0|    11|          11|           2|
    |lshr_ln616_fu_284_p2    |      lshr|   0|  0|  1865|         448|         448|
    |or_ln616_fu_325_p2      |        or|   0|  0|     2|           1|           1|
    |s2_13_fu_343_p3         |    select|   0|  0|    32|           1|          32|
    |ap_enable_pp0           |       xor|   0|  0|     2|           1|           2|
    +------------------------+----------+----+---+------+------------+------------+
    |Total                   |          |   0|  0|  2255|         816|         726|
    +------------------------+----------+----+---+------+------------+------------+

    * Multiplexer: 
    +-------------------------+----+-----------+-----+-----------+
    |           Name          | LUT| Input Size| Bits| Total Bits|
    +-------------------------+----+-----------+-----+-----------+
    |ap_done_int              |   9|          2|    1|          2|
    |ap_enable_reg_pp0_iter1  |   9|          2|    1|          2|
    |ap_sig_allocacmp_j_54    |   9|          2|   32|         64|
    |j_fu_78                  |   9|          2|   32|         64|
    |s2_fu_74                 |   9|          2|   32|         64|
    +-------------------------+----+-----------+-----+-----------+
    |Total                    |  45|         10|   98|        196|
    +-------------------------+----+-----------+-----+-----------+

    * Register: 
    +-------------------------+----+----+-----+-----------+
    |           Name          | FF | LUT| Bits| Const Bits|
    +-------------------------+----+----+-----+-----------+
    |add_ln616_2_reg_383      |  64|   0|   64|          0|
    |ap_CS_fsm                |   1|   0|    1|          0|
    |ap_done_reg              |   1|   0|    1|          0|
    |ap_enable_reg_pp0_iter1  |   1|   0|    1|          0|
    |j_fu_78                  |  32|   0|   32|          0|
    |s2_fu_74                 |  32|   0|   32|          0|
    +-------------------------+----+----+-----+-----------+
    |Total                    | 131|   0|  131|          0|
    +-------------------------+----+----+-----+-----------+



================================================================
== Interface
================================================================
* Summary: 
+-------------------+-----+-----+------------+----------------------------------+--------------+
|     RTL Ports     | Dir | Bits|  Protocol  |           Source Object          |    C Type    |
+-------------------+-----+-----+------------+----------------------------------+--------------+
|ap_clk             |   in|    1|  ap_ctrl_hs|  svd.4_Pipeline_VITIS_LOOP_615_49|  return value|
|ap_rst             |   in|    1|  ap_ctrl_hs|  svd.4_Pipeline_VITIS_LOOP_615_49|  return value|
|ap_start           |   in|    1|  ap_ctrl_hs|  svd.4_Pipeline_VITIS_LOOP_615_49|  return value|
|ap_done            |  out|    1|  ap_ctrl_hs|  svd.4_Pipeline_VITIS_LOOP_615_49|  return value|
|ap_idle            |  out|    1|  ap_ctrl_hs|  svd.4_Pipeline_VITIS_LOOP_615_49|  return value|
|ap_ready           |  out|    1|  ap_ctrl_hs|  svd.4_Pipeline_VITIS_LOOP_615_49|  return value|
|s2_reload          |   in|   32|     ap_none|                         s2_reload|        scalar|
|l                  |   in|   32|     ap_none|                                 l|        scalar|
|zext_ln615         |   in|   36|     ap_none|                        zext_ln615|        scalar|
|pnp_iter_address0  |  out|   13|   ap_memory|                          pnp_iter|         array|
|pnp_iter_ce0       |  out|    1|   ap_memory|                          pnp_iter|         array|
|pnp_iter_q0        |   in|  448|   ap_memory|                          pnp_iter|         array|
|s2_18_out          |  out|   32|      ap_vld|                         s2_18_out|       pointer|
|s2_18_out_ap_vld   |  out|    1|      ap_vld|                         s2_18_out|       pointer|
+-------------------+-----+-----+------------+----------------------------------+--------------+

