

================================================================
== Vitis HLS Report for 'svd_2_Pipeline_VITIS_LOOP_633_53_VITIS_LOOP_634_54'
================================================================
* Date:           Sun Feb  5 16:55:42 2023

* Version:        2022.1 (Build 3526262 on Mon Apr 18 15:47:01 MDT 2022)
* Project:        hls_EstimateMotion
* Solution:       solution1 (Vivado IP Flow Target)
* Product family: virtexuplus
* Target device:  xcu50-fsvh2104-2L-e


================================================================
== Performance Estimates
================================================================
+ Timing: 
    * Summary: 
    +--------+----------+----------+------------+
    |  Clock |  Target  | Estimated| Uncertainty|
    +--------+----------+----------+------------+
    |ap_clk  |  60.00 ns|  2.353 ns|    16.20 ns|
    +--------+----------+----------+------------+

+ Latency: 
    * Summary: 
    +---------+---------+----------+----------+-----+-----+---------+
    |  Latency (cycles) |  Latency (absolute) |  Interval | Pipeline|
    |   min   |   max   |    min   |    max   | min | max |   Type  |
    +---------+---------+----------+----------+-----+-----+---------+
    |        ?|        ?|         ?|         ?|    ?|    ?|       no|
    +---------+---------+----------+----------+-----+-----+---------+

    + Detail: 
        * Instance: 
        N/A

        * Loop: 
        +---------------------------------------+---------+---------+----------+-----------+-----------+------+----------+
        |                                       |  Latency (cycles) | Iteration|  Initiation Interval  | Trip |          |
        |               Loop Name               |   min   |   max   |  Latency |  achieved |   target  | Count| Pipelined|
        +---------------------------------------+---------+---------+----------+-----------+-----------+------+----------+
        |- VITIS_LOOP_633_53_VITIS_LOOP_634_54  |        ?|        ?|         2|          1|          1|     ?|       yes|
        +---------------------------------------+---------+---------+----------+-----------+-----------+------+----------+



================================================================
== Utilization Estimates
================================================================
* Summary: 
+---------------------+---------+------+---------+--------+-----+
|         Name        | BRAM_18K|  DSP |    FF   |   LUT  | URAM|
+---------------------+---------+------+---------+--------+-----+
|DSP                  |        -|     -|        -|       -|    -|
|Expression           |        -|     -|        0|     299|    -|
|FIFO                 |        -|     -|        -|       -|    -|
|Instance             |        -|     -|        -|       -|    -|
|Memory               |        -|     -|        -|       -|    -|
|Multiplexer          |        -|     -|        -|      63|    -|
|Register             |        -|     -|      137|       -|    -|
+---------------------+---------+------+---------+--------+-----+
|Total                |        0|     0|      137|     362|    0|
+---------------------+---------+------+---------+--------+-----+
|Available SLR        |     1344|  2976|   871680|  435840|  320|
+---------------------+---------+------+---------+--------+-----+
|Utilization SLR (%)  |        0|     0|       ~0|      ~0|    0|
+---------------------+---------+------+---------+--------+-----+
|Available            |     2688|  5952|  1743360|  871680|  640|
+---------------------+---------+------+---------+--------+-----+
|Utilization (%)      |        0|     0|       ~0|      ~0|    0|
+---------------------+---------+------+---------+--------+-----+

+ Detail: 
    * Instance: 
    N/A

    * DSP: 
    N/A

    * Memory: 
    N/A

    * FIFO: 
    N/A

    * Expression: 
    +---------------------------+----------+----+---+----+------------+------------+
    |       Variable Name       | Operation| DSP| FF| LUT| Bitwidth P0| Bitwidth P1|
    +---------------------------+----------+----+---+----+------------+------------+
    |add_ln633_6_fu_128_p2      |         +|   0|  0|  71|          64|           1|
    |add_ln633_fu_140_p2        |         +|   0|  0|  39|          32|           1|
    |add_ln634_fu_248_p2        |         +|   0|  0|  39|          32|           1|
    |add_ln635_14_fu_213_p2     |         +|   0|  0|  10|           5|           5|
    |add_ln635_fu_232_p2        |         +|   0|  0|  15|           8|           8|
    |sub_ln635_fu_191_p2        |         -|   0|  0|  10|           5|           5|
    |icmp_ln633_fu_123_p2       |      icmp|   0|  0|  29|          64|          64|
    |icmp_ln634_fu_146_p2       |      icmp|   0|  0|  20|          32|          32|
    |select_ln633_11_fu_159_p3  |    select|   0|  0|  32|           1|          32|
    |select_ln633_fu_151_p3     |    select|   0|  0|  32|           1|           1|
    |ap_enable_pp0              |       xor|   0|  0|   2|           1|           2|
    +---------------------------+----------+----+---+----+------------+------------+
    |Total                      |          |   0|  0| 299|         245|         152|
    +---------------------------+----------+----+---+----+------------+------------+

    * Multiplexer: 
    +-------------------------+----+-----------+-----+-----------+
    |           Name          | LUT| Input Size| Bits| Total Bits|
    +-------------------------+----+-----------+-----+-----------+
    |U_we0                    |   9|          2|    8|         16|
    |ap_done_int              |   9|          2|    1|          2|
    |ap_enable_reg_pp0_iter1  |   9|          2|    1|          2|
    |ap_enable_reg_pp0_iter2  |   9|          2|    1|          2|
    |i_107_fu_60              |   9|          2|   32|         64|
    |indvar_flatten_fu_64     |   9|          2|   64|        128|
    |j_84_fu_56               |   9|          2|   32|         64|
    +-------------------------+----+-----------+-----+-----------+
    |Total                    |  63|         14|  139|        278|
    +-------------------------+----+-----------+-----+-----------+

    * Register: 
    +-------------------------+----+----+-----+-----------+
    |           Name          | FF | LUT| Bits| Const Bits|
    +-------------------------+----+----+-----+-----------+
    |ap_CS_fsm                |   1|   0|    1|          0|
    |ap_done_reg              |   1|   0|    1|          0|
    |ap_enable_reg_pp0_iter1  |   1|   0|    1|          0|
    |ap_enable_reg_pp0_iter2  |   1|   0|    1|          0|
    |i_107_fu_60              |  32|   0|   32|          0|
    |indvar_flatten_fu_64     |  64|   0|   64|          0|
    |j_84_fu_56               |  32|   0|   32|          0|
    |lshr_ln_reg_317          |   5|   0|    5|          0|
    +-------------------------+----+----+-----+-----------+
    |Total                    | 137|   0|  137|          0|
    +-------------------------+----+----+-----+-----------+



================================================================
== Interface
================================================================
* Summary: 
+----------------+-----+-----+------------+----------------------------------------------------+--------------+
|    RTL Ports   | Dir | Bits|  Protocol  |                    Source Object                   |    C Type    |
+----------------+-----+-----+------------+----------------------------------------------------+--------------+
|ap_clk          |   in|    1|  ap_ctrl_hs|  svd.2_Pipeline_VITIS_LOOP_633_53_VITIS_LOOP_634_54|  return value|
|ap_rst          |   in|    1|  ap_ctrl_hs|  svd.2_Pipeline_VITIS_LOOP_633_53_VITIS_LOOP_634_54|  return value|
|ap_start        |   in|    1|  ap_ctrl_hs|  svd.2_Pipeline_VITIS_LOOP_633_53_VITIS_LOOP_634_54|  return value|
|ap_done         |  out|    1|  ap_ctrl_hs|  svd.2_Pipeline_VITIS_LOOP_633_53_VITIS_LOOP_634_54|  return value|
|ap_idle         |  out|    1|  ap_ctrl_hs|  svd.2_Pipeline_VITIS_LOOP_633_53_VITIS_LOOP_634_54|  return value|
|ap_ready        |  out|    1|  ap_ctrl_hs|  svd.2_Pipeline_VITIS_LOOP_633_53_VITIS_LOOP_634_54|  return value|
|bound           |   in|   64|     ap_none|                                               bound|        scalar|
|select_ln634    |   in|   32|     ap_none|                                        select_ln634|        scalar|
|U_val_address0  |  out|    5|   ap_memory|                                               U_val|         array|
|U_val_ce0       |  out|    1|   ap_memory|                                               U_val|         array|
|U_val_q0        |   in|   64|   ap_memory|                                               U_val|         array|
|U_address0      |  out|    5|   ap_memory|                                                   U|         array|
|U_ce0           |  out|    1|   ap_memory|                                                   U|         array|
|U_we0           |  out|    8|   ap_memory|                                                   U|         array|
|U_d0            |  out|   64|   ap_memory|                                                   U|         array|
+----------------+-----+-----+------------+----------------------------------------------------+--------------+

