

================================================================
== Vitis HLS Report for 'svd_Pipeline_VITIS_LOOP_393_10'
================================================================
* Date:           Sun Feb  5 17:03:28 2023

* Version:        2022.1 (Build 3526262 on Mon Apr 18 15:47:01 MDT 2022)
* Project:        hls_EstimateMotion
* Solution:       solution1 (Vivado IP Flow Target)
* Product family: virtexuplus
* Target device:  xcu50-fsvh2104-2L-e


================================================================
== Performance Estimates
================================================================
+ Timing: 
    * Summary: 
    +--------+----------+-----------+------------+
    |  Clock |  Target  | Estimated | Uncertainty|
    +--------+----------+-----------+------------+
    |ap_clk  |  60.00 ns|  26.941 ns|    16.20 ns|
    +--------+----------+-----------+------------+

+ Latency: 
    * Summary: 
    +---------+---------+----------+----------+-----+-----+---------+
    |  Latency (cycles) |  Latency (absolute) |  Interval | Pipeline|
    |   min   |   max   |    min   |    max   | min | max |   Type  |
    +---------+---------+----------+----------+-----+-----+---------+
    |        ?|        ?|         ?|         ?|    ?|    ?|       no|
    +---------+---------+----------+----------+-----+-----+---------+

    + Detail: 
        * Instance: 
        N/A

        * Loop: 
        +---------------------+---------+---------+----------+-----------+-----------+------+----------+
        |                     |  Latency (cycles) | Iteration|  Initiation Interval  | Trip |          |
        |      Loop Name      |   min   |   max   |  Latency |  achieved |   target  | Count| Pipelined|
        +---------------------+---------+---------+----------+-----------+-----------+------+----------+
        |- VITIS_LOOP_393_10  |        ?|        ?|         6|          1|          1|     ?|       yes|
        +---------------------+---------+---------+----------+-----------+-----------+------+----------+



================================================================
== Utilization Estimates
================================================================
* Summary: 
+---------------------+---------+------+---------+--------+-----+
|         Name        | BRAM_18K|  DSP |    FF   |   LUT  | URAM|
+---------------------+---------+------+---------+--------+-----+
|DSP                  |        -|     -|        -|       -|    -|
|Expression           |        -|     -|        0|      74|    -|
|FIFO                 |        -|     -|        -|       -|    -|
|Instance             |        -|     -|        -|       -|    -|
|Memory               |        -|     -|        -|       -|    -|
|Multiplexer          |        -|     -|        -|      36|    -|
|Register             |        -|     -|      139|      32|    -|
+---------------------+---------+------+---------+--------+-----+
|Total                |        0|     0|      139|     142|    0|
+---------------------+---------+------+---------+--------+-----+
|Available SLR        |     1344|  2976|   871680|  435840|  320|
+---------------------+---------+------+---------+--------+-----+
|Utilization SLR (%)  |        0|     0|       ~0|      ~0|    0|
+---------------------+---------+------+---------+--------+-----+
|Available            |     2688|  5952|  1743360|  871680|  640|
+---------------------+---------+------+---------+--------+-----+
|Utilization (%)      |        0|     0|       ~0|      ~0|    0|
+---------------------+---------+------+---------+--------+-----+

+ Detail: 
    * Instance: 
    N/A

    * DSP: 
    N/A

    * Memory: 
    N/A

    * FIFO: 
    N/A

    * Expression: 
    +----------------------+----------+----+---+----+------------+------------+
    |     Variable Name    | Operation| DSP| FF| LUT| Bitwidth P0| Bitwidth P1|
    +----------------------+----------+----+---+----+------------+------------+
    |add_ln393_fu_123_p2   |         +|   0|  0|  39|          32|           1|
    |add_ln394_fu_112_p2   |         +|   0|  0|  13|           6|           6|
    |icmp_ln393_fu_102_p2  |      icmp|   0|  0|  20|          32|          32|
    |ap_enable_pp0         |       xor|   0|  0|   2|           1|           2|
    +----------------------+----------+----+---+----+------------+------------+
    |Total                 |          |   0|  0|  74|          71|          41|
    +----------------------+----------+----+---+----+------------+------------+

    * Multiplexer: 
    +-------------------------+----+-----------+-----+-----------+
    |           Name          | LUT| Input Size| Bits| Total Bits|
    +-------------------------+----+-----------+-----+-----------+
    |ap_done_int              |   9|          2|    1|          2|
    |ap_enable_reg_pp0_iter1  |   9|          2|    1|          2|
    |ap_sig_allocacmp_k_14    |   9|          2|   32|         64|
    |k_fu_34                  |   9|          2|   32|         64|
    +-------------------------+----+-----------+-----+-----------+
    |Total                    |  36|          8|   66|        132|
    +-------------------------+----+-----------+-----+-----------+

    * Register: 
    +----------------------------------+----+----+-----+-----------+
    |               Name               | FF | LUT| Bits| Const Bits|
    +----------------------------------+----+----+-----+-----------+
    |ap_CS_fsm                         |   1|   0|    1|          0|
    |ap_done_reg                       |   1|   0|    1|          0|
    |ap_enable_reg_pp0_iter1           |   1|   0|    1|          0|
    |ap_enable_reg_pp0_iter2           |   1|   0|    1|          0|
    |ap_enable_reg_pp0_iter3           |   1|   0|    1|          0|
    |ap_enable_reg_pp0_iter4           |   1|   0|    1|          0|
    |ap_enable_reg_pp0_iter5           |   1|   0|    1|          0|
    |ap_loop_exit_ready_pp0_iter1_reg  |   1|   0|    1|          0|
    |ap_loop_exit_ready_pp0_iter2_reg  |   1|   0|    1|          0|
    |ap_loop_exit_ready_pp0_iter3_reg  |   1|   0|    1|          0|
    |ap_loop_exit_ready_pp0_iter4_reg  |   1|   0|    1|          0|
    |k_14_reg_150                      |  32|   0|   32|          0|
    |k_fu_34                           |  32|   0|   32|          0|
    |k_14_reg_150                      |  64|  32|   32|          0|
    +----------------------------------+----+----+-----+-----------+
    |Total                             | 139|  32|  107|          0|
    +----------------------------------+----+----+-----+-----------+



================================================================
== Interface
================================================================
* Summary: 
+---------------------+-----+-----+------------+--------------------------------+--------------+
|      RTL Ports      | Dir | Bits|  Protocol  |          Source Object         |    C Type    |
+---------------------+-----+-----+------------+--------------------------------+--------------+
|ap_clk               |   in|    1|  ap_ctrl_hs|  svd_Pipeline_VITIS_LOOP_393_10|  return value|
|ap_rst               |   in|    1|  ap_ctrl_hs|  svd_Pipeline_VITIS_LOOP_393_10|  return value|
|ap_start             |   in|    1|  ap_ctrl_hs|  svd_Pipeline_VITIS_LOOP_393_10|  return value|
|ap_done              |  out|    1|  ap_ctrl_hs|  svd_Pipeline_VITIS_LOOP_393_10|  return value|
|ap_idle              |  out|    1|  ap_ctrl_hs|  svd_Pipeline_VITIS_LOOP_393_10|  return value|
|ap_ready             |  out|    1|  ap_ctrl_hs|  svd_Pipeline_VITIS_LOOP_393_10|  return value|
|grp_fu_2160_p_din0   |  out|   64|  ap_ctrl_hs|  svd_Pipeline_VITIS_LOOP_393_10|  return value|
|grp_fu_2160_p_din1   |  out|   64|  ap_ctrl_hs|  svd_Pipeline_VITIS_LOOP_393_10|  return value|
|grp_fu_2160_p_dout0  |   in|   64|  ap_ctrl_hs|  svd_Pipeline_VITIS_LOOP_393_10|  return value|
|grp_fu_2160_p_ce     |  out|    1|  ap_ctrl_hs|  svd_Pipeline_VITIS_LOOP_393_10|  return value|
|trunc_ln337          |   in|   32|     ap_none|                     trunc_ln337|        scalar|
|trunc_ln350          |   in|   32|     ap_none|                     trunc_ln350|        scalar|
|sub_ln360            |   in|    6|     ap_none|                       sub_ln360|        scalar|
|U_val_address0       |  out|    6|   ap_memory|                           U_val|         array|
|U_val_ce0            |  out|    1|   ap_memory|                           U_val|         array|
|U_val_q0             |   in|   64|   ap_memory|                           U_val|         array|
|h_3                  |   in|   64|     ap_none|                             h_3|        scalar|
|rv1_address0         |  out|    3|   ap_memory|                             rv1|         array|
|rv1_ce0              |  out|    1|   ap_memory|                             rv1|         array|
|rv1_we0              |  out|    1|   ap_memory|                             rv1|         array|
|rv1_d0               |  out|   64|   ap_memory|                             rv1|         array|
+---------------------+-----+-----+------------+--------------------------------+--------------+

