

================================================================
== Vitis HLS Report for 'svd_Pipeline_VITIS_LOOP_397_12'
================================================================
* Date:           Sun Feb  5 17:03:30 2023

* Version:        2022.1 (Build 3526262 on Mon Apr 18 15:47:01 MDT 2022)
* Project:        hls_EstimateMotion
* Solution:       solution1 (Vivado IP Flow Target)
* Product family: virtexuplus
* Target device:  xcu50-fsvh2104-2L-e


================================================================
== Performance Estimates
================================================================
+ Timing: 
    * Summary: 
    +--------+----------+-----------+------------+
    |  Clock |  Target  | Estimated | Uncertainty|
    +--------+----------+-----------+------------+
    |ap_clk  |  60.00 ns|  40.689 ns|    16.20 ns|
    +--------+----------+-----------+------------+

+ Latency: 
    * Summary: 
    +---------+---------+----------+----------+-----+-----+---------+
    |  Latency (cycles) |  Latency (absolute) |  Interval | Pipeline|
    |   min   |   max   |    min   |    max   | min | max |   Type  |
    +---------+---------+----------+----------+-----+-----+---------+
    |        ?|        ?|         ?|         ?|    ?|    ?|       no|
    +---------+---------+----------+----------+-----+-----+---------+

    + Detail: 
        * Instance: 
        N/A

        * Loop: 
        +---------------------+---------+---------+----------+-----------+-----------+------+----------+
        |                     |  Latency (cycles) | Iteration|  Initiation Interval  | Trip |          |
        |      Loop Name      |   min   |   max   |  Latency |  achieved |   target  | Count| Pipelined|
        +---------------------+---------+---------+----------+-----------+-----------+------+----------+
        |- VITIS_LOOP_397_12  |        ?|        ?|         3|          1|          1|     ?|       yes|
        +---------------------+---------+---------+----------+-----------+-----------+------+----------+



================================================================
== Utilization Estimates
================================================================
* Summary: 
+---------------------+---------+------+---------+--------+-----+
|         Name        | BRAM_18K|  DSP |    FF   |   LUT  | URAM|
+---------------------+---------+------+---------+--------+-----+
|DSP                  |        -|     -|        -|       -|    -|
|Expression           |        -|     -|        0|     128|    -|
|FIFO                 |        -|     -|        -|       -|    -|
|Instance             |        -|    11|        0|     814|    -|
|Memory               |        -|     -|        -|       -|    -|
|Multiplexer          |        -|     -|        -|      45|    -|
|Register             |        -|     -|      231|       -|    -|
+---------------------+---------+------+---------+--------+-----+
|Total                |        0|    11|      231|     987|    0|
+---------------------+---------+------+---------+--------+-----+
|Available SLR        |     1344|  2976|   871680|  435840|  320|
+---------------------+---------+------+---------+--------+-----+
|Utilization SLR (%)  |        0|    ~0|       ~0|      ~0|    0|
+---------------------+---------+------+---------+--------+-----+
|Available            |     2688|  5952|  1743360|  871680|  640|
+---------------------+---------+------+---------+--------+-----+
|Utilization (%)      |        0|    ~0|       ~0|      ~0|    0|
+---------------------+---------+------+---------+--------+-----+

+ Detail: 
    * Instance: 
    +--------------------------------------+--------------------------------+---------+----+---+-----+-----+
    |               Instance               |             Module             | BRAM_18K| DSP| FF| LUT | URAM|
    +--------------------------------------+--------------------------------+---------+----+---+-----+-----+
    |dadd_64ns_64ns_64_1_full_dsp_1_U3974  |dadd_64ns_64ns_64_1_full_dsp_1  |        0|   3|  0|  708|    0|
    |dmul_64ns_64ns_64_1_max_dsp_1_U3975   |dmul_64ns_64ns_64_1_max_dsp_1   |        0|   8|  0|  106|    0|
    +--------------------------------------+--------------------------------+---------+----+---+-----+-----+
    |Total                                 |                                |        0|  11|  0|  814|    0|
    +--------------------------------------+--------------------------------+---------+----+---+-----+-----+

    * DSP: 
    N/A

    * Memory: 
    N/A

    * FIFO: 
    N/A

    * Expression: 
    +-----------------------+----------+----+---+----+------------+------------+
    |     Variable Name     | Operation| DSP| FF| LUT| Bitwidth P0| Bitwidth P1|
    +-----------------------+----------+----+---+----+------------+------------+
    |add_ln397_fu_162_p2    |         +|   0|  0|  71|          64|           1|
    |add_ln398_1_fu_147_p2  |         +|   0|  0|  13|           6|           6|
    |add_ln398_fu_137_p2    |         +|   0|  0|  13|           6|           6|
    |icmp_ln397_fu_157_p2   |      icmp|   0|  0|  29|          64|          64|
    |ap_enable_pp0          |       xor|   0|  0|   2|           1|           2|
    +-----------------------+----------+----+---+----+------------+------------+
    |Total                  |          |   0|  0| 128|         141|          79|
    +-----------------------+----------+----+---+----+------------+------------+

    * Multiplexer: 
    +-------------------------+----+-----------+-----+-----------+
    |           Name          | LUT| Input Size| Bits| Total Bits|
    +-------------------------+----+-----------+-----+-----------+
    |ap_done_int              |   9|          2|    1|          2|
    |ap_enable_reg_pp0_iter1  |   9|          2|    1|          2|
    |ap_enable_reg_pp0_iter2  |   9|          2|    1|          2|
    |k_fu_42                  |   9|          2|   64|        128|
    |s_fu_38                  |   9|          2|   64|        128|
    +-------------------------+----+-----------+-----+-----------+
    |Total                    |  45|         10|  131|        262|
    +-------------------------+----+-----------+-----+-----------+

    * Register: 
    +----------------------------------+----+----+-----+-----------+
    |               Name               | FF | LUT| Bits| Const Bits|
    +----------------------------------+----+----+-----+-----------+
    |ap_CS_fsm                         |   1|   0|    1|          0|
    |ap_done_reg                       |   1|   0|    1|          0|
    |ap_enable_reg_pp0_iter1           |   1|   0|    1|          0|
    |ap_enable_reg_pp0_iter2           |   1|   0|    1|          0|
    |ap_enable_reg_pp0_iter3           |   1|   0|    1|          0|
    |ap_loop_exit_ready_pp0_iter2_reg  |   1|   0|    1|          0|
    |icmp_ln397_reg_226                |   1|   0|    1|          0|
    |k_fu_42                           |  64|   0|   64|          0|
    |mul_reg_230                       |  64|   0|   64|          0|
    |s_fu_38                           |  64|   0|   64|          0|
    |zext_ln380_cast_reg_211           |  32|   0|   64|         32|
    +----------------------------------+----+----+-----+-----------+
    |Total                             | 231|   0|  263|         32|
    +----------------------------------+----+----+-----+-----------+



================================================================
== Interface
================================================================
* Summary: 
+-----------------+-----+-----+------------+--------------------------------+--------------+
|    RTL Ports    | Dir | Bits|  Protocol  |          Source Object         |    C Type    |
+-----------------+-----+-----+------------+--------------------------------+--------------+
|ap_clk           |   in|    1|  ap_ctrl_hs|  svd_Pipeline_VITIS_LOOP_397_12|  return value|
|ap_rst           |   in|    1|  ap_ctrl_hs|  svd_Pipeline_VITIS_LOOP_397_12|  return value|
|ap_start         |   in|    1|  ap_ctrl_hs|  svd_Pipeline_VITIS_LOOP_397_12|  return value|
|ap_done          |  out|    1|  ap_ctrl_hs|  svd_Pipeline_VITIS_LOOP_397_12|  return value|
|ap_idle          |  out|    1|  ap_ctrl_hs|  svd_Pipeline_VITIS_LOOP_397_12|  return value|
|ap_ready         |  out|    1|  ap_ctrl_hs|  svd_Pipeline_VITIS_LOOP_397_12|  return value|
|zext_ln337_1     |   in|   32|     ap_none|                    zext_ln337_1|        scalar|
|sub_ln398        |   in|    6|     ap_none|                       sub_ln398|        scalar|
|U_val_address0   |  out|    6|   ap_memory|                           U_val|         array|
|U_val_ce0        |  out|    1|   ap_memory|                           U_val|         array|
|U_val_q0         |   in|   64|   ap_memory|                           U_val|         array|
|U_val_address1   |  out|    6|   ap_memory|                           U_val|         array|
|U_val_ce1        |  out|    1|   ap_memory|                           U_val|         array|
|U_val_q1         |   in|   64|   ap_memory|                           U_val|         array|
|sub_ln360        |   in|    6|     ap_none|                       sub_ln360|        scalar|
|zext_ln380       |   in|   32|     ap_none|                      zext_ln380|        scalar|
|s_23_out         |  out|   64|      ap_vld|                        s_23_out|       pointer|
|s_23_out_ap_vld  |  out|    1|      ap_vld|                        s_23_out|       pointer|
+-----------------+-----+-----+------------+--------------------------------+--------------+

