

================================================================
== Vitis HLS Report for 'svd_4_1_Pipeline_VITIS_LOOP_605_46'
================================================================
* Date:           Sun Feb  5 16:54:35 2023

* Version:        2022.1 (Build 3526262 on Mon Apr 18 15:47:01 MDT 2022)
* Project:        hls_EstimateMotion
* Solution:       solution1 (Vivado IP Flow Target)
* Product family: virtexuplus
* Target device:  xcu50-fsvh2104-2L-e


================================================================
== Performance Estimates
================================================================
+ Timing: 
    * Summary: 
    +--------+----------+----------+------------+
    |  Clock |  Target  | Estimated| Uncertainty|
    +--------+----------+----------+------------+
    |ap_clk  |  60.00 ns|  3.813 ns|    16.20 ns|
    +--------+----------+----------+------------+

+ Latency: 
    * Summary: 
    +---------+---------+----------+----------+-----+-----+---------+
    |  Latency (cycles) |  Latency (absolute) |  Interval | Pipeline|
    |   min   |   max   |    min   |    max   | min | max |   Type  |
    +---------+---------+----------+----------+-----+-----+---------+
    |        2|       19|  0.120 us|  1.140 us|    2|   19|       no|
    +---------+---------+----------+----------+-----+-----+---------+

    + Detail: 
        * Instance: 
        N/A

        * Loop: 
        +---------------------+---------+---------+----------+-----------+-----------+--------+----------+
        |                     |  Latency (cycles) | Iteration|  Initiation Interval  |  Trip  |          |
        |      Loop Name      |   min   |   max   |  Latency |  achieved |   target  |  Count | Pipelined|
        +---------------------+---------+---------+----------+-----------+-----------+--------+----------+
        |- VITIS_LOOP_605_46  |        0|       17|         4|          1|          1|  0 ~ 15|       yes|
        +---------------------+---------+---------+----------+-----------+-----------+--------+----------+



================================================================
== Utilization Estimates
================================================================
* Summary: 
+---------------------+---------+------+---------+--------+-----+
|         Name        | BRAM_18K|  DSP |    FF   |   LUT  | URAM|
+---------------------+---------+------+---------+--------+-----+
|DSP                  |        -|     1|        -|       -|    -|
|Expression           |        -|     -|        0|    2210|    -|
|FIFO                 |        -|     -|        -|       -|    -|
|Instance             |        -|     -|        -|       -|    -|
|Memory               |        -|     -|        -|       -|    -|
|Multiplexer          |        -|     -|        -|      45|    -|
|Register             |        -|     -|      172|      64|    -|
+---------------------+---------+------+---------+--------+-----+
|Total                |        0|     1|      172|    2319|    0|
+---------------------+---------+------+---------+--------+-----+
|Available SLR        |     1344|  2976|   871680|  435840|  320|
+---------------------+---------+------+---------+--------+-----+
|Utilization SLR (%)  |        0|    ~0|       ~0|      ~0|    0|
+---------------------+---------+------+---------+--------+-----+
|Available            |     2688|  5952|  1743360|  871680|  640|
+---------------------+---------+------+---------+--------+-----+
|Utilization (%)      |        0|    ~0|       ~0|      ~0|    0|
+---------------------+---------+------+---------+--------+-----+

+ Detail: 
    * Instance: 
    N/A

    * DSP: 
    +--------------------------------+--------------------------+-----------+
    |            Instance            |          Module          | Expression|
    +--------------------------------+--------------------------+-----------+
    |mul_mul_13ns_14ns_27_4_1_U1072  |mul_mul_13ns_14ns_27_4_1  |    i0 * i1|
    +--------------------------------+--------------------------+-----------+

    * Memory: 
    N/A

    * FIFO: 
    N/A

    * Expression: 
    +------------------------+----------+----+---+------+------------+------------+
    |      Variable Name     | Operation| DSP| FF|  LUT | Bitwidth P0| Bitwidth P1|
    +------------------------+----------+----+---+------+------------+------------+
    |add_ln605_fu_149_p2     |         +|   0|  0|    12|           4|           1|
    |add_ln606_10_fu_285_p2  |         +|   0|  0|    17|          13|          13|
    |add_ln606_11_fu_291_p2  |         +|   0|  0|    17|          13|          13|
    |add_ln606_6_fu_277_p2   |         +|   0|  0|    20|          13|          13|
    |add_ln606_8_fu_195_p2   |         +|   0|  0|    17|          13|          13|
    |add_ln606_9_fu_205_p2   |         +|   0|  0|    19|          12|          12|
    |add_ln606_fu_189_p2     |         +|   0|  0|    17|          13|          13|
    |sub_ln606_2_fu_271_p2   |         -|   0|  0|    20|          13|          13|
    |sub_ln606_fu_179_p2     |         -|   0|  0|    19|          12|          12|
    |icmp_ln605_fu_143_p2    |      icmp|   0|  0|    20|          32|          32|
    |epnp_d0                 |       shl|   0|  0|  1865|         448|         448|
    |shl_ln606_fu_301_p2     |       shl|   0|  0|   165|           8|          56|
    |ap_enable_pp0           |       xor|   0|  0|     2|           1|           2|
    +------------------------+----------+----+---+------+------------+------------+
    |Total                   |          |   0|  0|  2210|         595|         641|
    +------------------------+----------+----+---+------+------------+------------+

    * Multiplexer: 
    +-------------------------+----+-----------+-----+-----------+
    |           Name          | LUT| Input Size| Bits| Total Bits|
    +-------------------------+----+-----------+-----+-----------+
    |ap_done_int              |   9|          2|    1|          2|
    |ap_enable_reg_pp0_iter1  |   9|          2|    1|          2|
    |ap_sig_allocacmp_k_75    |   9|          2|    4|          8|
    |epnp_we0                 |   9|          2|   56|        112|
    |k_fu_76                  |   9|          2|    4|          8|
    +-------------------------+----+-----------+-----+-----------+
    |Total                    |  45|         10|   66|        132|
    +-------------------------+----+-----------+-----+-----------+

    * Register: 
    +----------------------------------+----+----+-----+-----------+
    |               Name               | FF | LUT| Bits| Const Bits|
    +----------------------------------+----+----+-----+-----------+
    |add_ln606_8_reg_355               |  13|   0|   13|          0|
    |add_ln606_9_reg_365               |  12|   0|   12|          0|
    |ap_CS_fsm                         |   1|   0|    1|          0|
    |ap_done_reg                       |   1|   0|    1|          0|
    |ap_enable_reg_pp0_iter1           |   1|   0|    1|          0|
    |ap_enable_reg_pp0_iter2           |   1|   0|    1|          0|
    |ap_enable_reg_pp0_iter3           |   1|   0|    1|          0|
    |ap_loop_exit_ready_pp0_iter1_reg  |   1|   0|    1|          0|
    |ap_loop_exit_ready_pp0_iter2_reg  |   1|   0|    1|          0|
    |k_75_reg_346                      |   4|   0|    4|          0|
    |k_75_reg_346_pp0_iter1_reg        |   4|   0|    4|          0|
    |k_fu_76                           |   4|   0|    4|          0|
    |add_ln606_8_reg_355               |  64|  32|   13|          0|
    |add_ln606_9_reg_365               |  64|  32|   12|          0|
    +----------------------------------+----+----+-----+-----------+
    |Total                             | 172|  64|   69|          0|
    +----------------------------------+----+----+-----+-----------+



================================================================
== Interface
================================================================
* Summary: 
+---------------+-----+-----+------------+------------------------------------+--------------+
|   RTL Ports   | Dir | Bits|  Protocol  |            Source Object           |    C Type    |
+---------------+-----+-----+------------+------------------------------------+--------------+
|ap_clk         |   in|    1|  ap_ctrl_hs|  svd.4.1_Pipeline_VITIS_LOOP_605_46|  return value|
|ap_rst         |   in|    1|  ap_ctrl_hs|  svd.4.1_Pipeline_VITIS_LOOP_605_46|  return value|
|ap_start       |   in|    1|  ap_ctrl_hs|  svd.4.1_Pipeline_VITIS_LOOP_605_46|  return value|
|ap_done        |  out|    1|  ap_ctrl_hs|  svd.4.1_Pipeline_VITIS_LOOP_605_46|  return value|
|ap_idle        |  out|    1|  ap_ctrl_hs|  svd.4.1_Pipeline_VITIS_LOOP_605_46|  return value|
|ap_ready       |  out|    1|  ap_ctrl_hs|  svd.4.1_Pipeline_VITIS_LOOP_605_46|  return value|
|l              |   in|   32|     ap_none|                                   l|        scalar|
|sv_address0    |  out|    4|   ap_memory|                                  sv|         array|
|sv_ce0         |  out|    1|   ap_memory|                                  sv|         array|
|sv_q0          |   in|   64|   ap_memory|                                  sv|         array|
|zext_ln337_13  |   in|    7|     ap_none|                       zext_ln337_13|        scalar|
|zext_ln337_14  |   in|    7|     ap_none|                       zext_ln337_14|        scalar|
|epnp_address0  |  out|    8|   ap_memory|                                epnp|         array|
|epnp_ce0       |  out|    1|   ap_memory|                                epnp|         array|
|epnp_we0       |  out|   56|   ap_memory|                                epnp|         array|
|epnp_d0        |  out|  448|   ap_memory|                                epnp|         array|
+---------------+-----+-----+------------+------------------------------------+--------------+

