

================================================================
== Vitis HLS Report for 'svd_3_1_Pipeline_VITIS_LOOP_629_52'
================================================================
* Date:           Sun Feb  5 16:53:30 2023

* Version:        2022.1 (Build 3526262 on Mon Apr 18 15:47:01 MDT 2022)
* Project:        hls_EstimateMotion
* Solution:       solution1 (Vivado IP Flow Target)
* Product family: virtexuplus
* Target device:  xcu50-fsvh2104-2L-e


================================================================
== Performance Estimates
================================================================
+ Timing: 
    * Summary: 
    +--------+----------+----------+------------+
    |  Clock |  Target  | Estimated| Uncertainty|
    +--------+----------+----------+------------+
    |ap_clk  |  60.00 ns|  8.309 ns|    16.20 ns|
    +--------+----------+----------+------------+

+ Latency: 
    * Summary: 
    +---------+---------+----------+----------+-----+-----+---------+
    |  Latency (cycles) |  Latency (absolute) |  Interval | Pipeline|
    |   min   |   max   |    min   |    max   | min | max |   Type  |
    +---------+---------+----------+----------+-----+-----+---------+
    |        ?|        ?|         ?|         ?|    ?|    ?|       no|
    +---------+---------+----------+----------+-----+-----+---------+

    + Detail: 
        * Instance: 
        N/A

        * Loop: 
        +---------------------+---------+---------+----------+-----------+-----------+------+----------+
        |                     |  Latency (cycles) | Iteration|  Initiation Interval  | Trip |          |
        |      Loop Name      |   min   |   max   |  Latency |  achieved |   target  | Count| Pipelined|
        +---------------------+---------+---------+----------+-----------+-----------+------+----------+
        |- VITIS_LOOP_629_52  |        ?|        ?|         1|          1|          1|     ?|       yes|
        +---------------------+---------+---------+----------+-----------+-----------+------+----------+



================================================================
== Utilization Estimates
================================================================
* Summary: 
+---------------------+---------+------+---------+--------+-----+
|         Name        | BRAM_18K|  DSP |    FF   |   LUT  | URAM|
+---------------------+---------+------+---------+--------+-----+
|DSP                  |        -|     -|        -|       -|    -|
|Expression           |        -|     -|        0|    2294|    -|
|FIFO                 |        -|     -|        -|       -|    -|
|Instance             |        -|     4|        0|      40|    -|
|Memory               |        -|     -|        -|       -|    -|
|Multiplexer          |        -|     -|        -|      36|    -|
|Register             |        -|     -|       34|       -|    -|
+---------------------+---------+------+---------+--------+-----+
|Total                |        0|     4|       34|    2370|    0|
+---------------------+---------+------+---------+--------+-----+
|Available SLR        |     1344|  2976|   871680|  435840|  320|
+---------------------+---------+------+---------+--------+-----+
|Utilization SLR (%)  |        0|    ~0|       ~0|      ~0|    0|
+---------------------+---------+------+---------+--------+-----+
|Available            |     2688|  5952|  1743360|  871680|  640|
+---------------------+---------+------+---------+--------+-----+
|Utilization (%)      |        0|    ~0|       ~0|      ~0|    0|
+---------------------+---------+------+---------+--------+-----+

+ Detail: 
    * Instance: 
    +---------------------------+----------------------+---------+----+---+----+-----+
    |          Instance         |        Module        | BRAM_18K| DSP| FF| LUT| URAM|
    +---------------------------+----------------------+---------+----+---+----+-----+
    |mul_36ns_38ns_72_1_1_U639  |mul_36ns_38ns_72_1_1  |        0|   4|  0|  26|    0|
    |mux_32_64_1_1_U638         |mux_32_64_1_1         |        0|   0|  0|  14|    0|
    +---------------------------+----------------------+---------+----+---+----+-----+
    |Total                      |                      |        0|   4|  0|  40|    0|
    +---------------------------+----------------------+---------+----+---+----+-----+

    * DSP: 
    N/A

    * Memory: 
    N/A

    * FIFO: 
    N/A

    * Expression: 
    +-----------------------+----------+----+---+------+------------+------------+
    |     Variable Name     | Operation| DSP| FF|  LUT | Bitwidth P0| Bitwidth P1|
    +-----------------------+----------+----+---+------+------------+------------+
    |add_ln629_fu_116_p2    |         +|   0|  0|    39|          32|           1|
    |add_ln630_1_fu_227_p2  |         +|   0|  0|    44|          37|          37|
    |add_ln630_2_fu_233_p2  |         +|   0|  0|    37|          37|          10|
    |add_ln630_3_fu_239_p2  |         +|   0|  0|    37|          37|          37|
    |add_ln630_fu_154_p2    |         +|   0|  0|    43|          36|          10|
    |sub_ln630_fu_221_p2    |         -|   0|  0|    44|          37|          37|
    |icmp_ln629_fu_110_p2   |      icmp|   0|  0|    20|          32|          32|
    |epnp_d0                |       shl|   0|  0|  1865|         448|         448|
    |shl_ln630_fu_249_p2    |       shl|   0|  0|   165|           8|          56|
    +-----------------------+----------+----+---+------+------------+------------+
    |Total                  |          |   0|  0|  2294|         704|         668|
    +-----------------------+----------+----+---+------+------------+------------+

    * Multiplexer: 
    +--------------------+----+-----------+-----+-----------+
    |        Name        | LUT| Input Size| Bits| Total Bits|
    +--------------------+----+-----------+-----+-----------+
    |ap_done_int         |   9|          2|    1|          2|
    |ap_sig_allocacmp_i  |   9|          2|   32|         64|
    |epnp_we0            |   9|          2|   56|        112|
    |i_94_fu_62          |   9|          2|   32|         64|
    +--------------------+----+-----------+-----+-----------+
    |Total               |  36|          8|  121|        242|
    +--------------------+----+-----------+-----+-----------+

    * Register: 
    +-------------+----+----+-----+-----------+
    |     Name    | FF | LUT| Bits| Const Bits|
    +-------------+----+----+-----+-----------+
    |ap_CS_fsm    |   1|   0|    1|          0|
    |ap_done_reg  |   1|   0|    1|          0|
    |i_94_fu_62   |  32|   0|   32|          0|
    +-------------+----+----+-----+-----------+
    |Total        |  34|   0|   34|          0|
    +-------------+----+----+-----+-----------+



================================================================
== Interface
================================================================
* Summary: 
+-----------------+-----+-----+------------+------------------------------------+--------------+
|    RTL Ports    | Dir | Bits|  Protocol  |            Source Object           |    C Type    |
+-----------------+-----+-----+------------+------------------------------------+--------------+
|ap_clk           |   in|    1|  ap_ctrl_hs|  svd.3.1_Pipeline_VITIS_LOOP_629_52|  return value|
|ap_rst           |   in|    1|  ap_ctrl_hs|  svd.3.1_Pipeline_VITIS_LOOP_629_52|  return value|
|ap_start         |   in|    1|  ap_ctrl_hs|  svd.3.1_Pipeline_VITIS_LOOP_629_52|  return value|
|ap_done          |  out|    1|  ap_ctrl_hs|  svd.3.1_Pipeline_VITIS_LOOP_629_52|  return value|
|ap_idle          |  out|    1|  ap_ctrl_hs|  svd.3.1_Pipeline_VITIS_LOOP_629_52|  return value|
|ap_ready         |  out|    1|  ap_ctrl_hs|  svd.3.1_Pipeline_VITIS_LOOP_629_52|  return value|
|lshr_ln629_cast  |   in|   32|     ap_none|                     lshr_ln629_cast|        scalar|
|w_0_16           |   in|   64|     ap_none|                              w_0_16|        scalar|
|w_1_16           |   in|   64|     ap_none|                              w_1_16|        scalar|
|w_2_16           |   in|   64|     ap_none|                              w_2_16|        scalar|
|epnp_address0    |  out|    8|   ap_memory|                                epnp|         array|
|epnp_ce0         |  out|    1|   ap_memory|                                epnp|         array|
|epnp_we0         |  out|   56|   ap_memory|                                epnp|         array|
|epnp_d0          |  out|  448|   ap_memory|                                epnp|         array|
+-----------------+-----+-----+------------+------------------------------------+--------------+

