

================================================================
== Vitis HLS Report for 'svd_7_Pipeline_1'
================================================================
* Date:           Sun Feb  5 16:56:16 2023

* Version:        2022.1 (Build 3526262 on Mon Apr 18 15:47:01 MDT 2022)
* Project:        hls_EstimateMotion
* Solution:       solution1 (Vivado IP Flow Target)
* Product family: virtexuplus
* Target device:  xcu50-fsvh2104-2L-e


================================================================
== Performance Estimates
================================================================
+ Timing: 
    * Summary: 
    +--------+----------+----------+------------+
    |  Clock |  Target  | Estimated| Uncertainty|
    +--------+----------+----------+------------+
    |ap_clk  |  60.00 ns|  2.599 ns|    16.20 ns|
    +--------+----------+----------+------------+

+ Latency: 
    * Summary: 
    +---------+---------+----------+----------+-----+-----+---------+
    |  Latency (cycles) |  Latency (absolute) |  Interval | Pipeline|
    |   min   |   max   |    min   |    max   | min | max |   Type  |
    +---------+---------+----------+----------+-----+-----+---------+
    |        4|        ?|  0.240 us|         ?|    4|    ?|       no|
    +---------+---------+----------+----------+-----+-----+---------+

    + Detail: 
        * Instance: 
        N/A

        * Loop: 
        +----------+---------+---------+----------+-----------+-----------+-------+----------+
        |          |  Latency (cycles) | Iteration|  Initiation Interval  |  Trip |          |
        | Loop Name|   min   |   max   |  Latency |  achieved |   target  | Count | Pipelined|
        +----------+---------+---------+----------+-----------+-----------+-------+----------+
        |- Loop 1  |        2|        ?|         2|          1|          1|  1 ~ ?|       yes|
        +----------+---------+---------+----------+-----------+-----------+-------+----------+



================================================================
== Utilization Estimates
================================================================
* Summary: 
+---------------------+---------+------+---------+--------+-----+
|         Name        | BRAM_18K|  DSP |    FF   |   LUT  | URAM|
+---------------------+---------+------+---------+--------+-----+
|DSP                  |        -|     -|        -|       -|    -|
|Expression           |        -|     -|        0|     116|    -|
|FIFO                 |        -|     -|        -|       -|    -|
|Instance             |        -|     -|        -|       -|    -|
|Memory               |        -|     -|        -|       -|    -|
|Multiplexer          |        -|     -|        -|      45|    -|
|Register             |        -|     -|      105|       -|    -|
+---------------------+---------+------+---------+--------+-----+
|Total                |        0|     0|      105|     161|    0|
+---------------------+---------+------+---------+--------+-----+
|Available SLR        |     1344|  2976|   871680|  435840|  320|
+---------------------+---------+------+---------+--------+-----+
|Utilization SLR (%)  |        0|     0|       ~0|      ~0|    0|
+---------------------+---------+------+---------+--------+-----+
|Available            |     2688|  5952|  1743360|  871680|  640|
+---------------------+---------+------+---------+--------+-----+
|Utilization (%)      |        0|     0|       ~0|      ~0|    0|
+---------------------+---------+------+---------+--------+-----+

+ Detail: 
    * Instance: 
    N/A

    * DSP: 
    N/A

    * Memory: 
    N/A

    * FIFO: 
    N/A

    * Expression: 
    +-----------------------+----------+----+---+----+------------+------------+
    |     Variable Name     | Operation| DSP| FF| LUT| Bitwidth P0| Bitwidth P1|
    +-----------------------+----------+----+---+----+------------+------------+
    |empty_603_fu_111_p2    |         +|   0|  0|  14|           7|           7|
    |empty_604_fu_131_p2    |         +|   0|  0|  71|          64|           1|
    |exitcond503_fu_137_p2  |      icmp|   0|  0|  29|          64|          64|
    |ap_enable_pp0          |       xor|   0|  0|   2|           1|           2|
    +-----------------------+----------+----+---+----+------------+------------+
    |Total                  |          |   0|  0| 116|         136|          74|
    +-----------------------+----------+----+---+----+------------+------------+

    * Multiplexer: 
    +----------------------------------+----+-----------+-----+-----------+
    |               Name               | LUT| Input Size| Bits| Total Bits|
    +----------------------------------+----+-----------+-----+-----------+
    |ABt_U_we0                         |   9|          2|    8|         16|
    |ap_done_int                       |   9|          2|    1|          2|
    |ap_enable_reg_pp0_iter1           |   9|          2|    1|          2|
    |ap_loop_exit_ready_pp0_iter2_reg  |   9|          2|    1|          2|
    |loop_index_i279_fu_46             |   9|          2|   64|        128|
    +----------------------------------+----+-----------+-----+-----------+
    |Total                             |  45|         10|   75|        150|
    +----------------------------------+----+-----------+-----+-----------+

    * Register: 
    +----------------------------------+----+----+-----+-----------+
    |               Name               | FF | LUT| Bits| Const Bits|
    +----------------------------------+----+----+-----+-----------+
    |ap_CS_fsm                         |   1|   0|    1|          0|
    |ap_done_reg                       |   1|   0|    1|          0|
    |ap_enable_reg_pp0_iter1           |   1|   0|    1|          0|
    |ap_enable_reg_pp0_iter2           |   1|   0|    1|          0|
    |ap_loop_exit_ready_pp0_iter2_reg  |   1|   0|    1|          0|
    |conv_i_cast_reg_159               |  32|   0|   64|         32|
    |loop_index_i279_fu_46             |  64|   0|   64|          0|
    |p_cast221_reg_164                 |   4|   0|   64|         60|
    +----------------------------------+----+----+-----+-----------+
    |Total                             | 105|   0|  197|         92|
    +----------------------------------+----+----+-----+-----------+



================================================================
== Interface
================================================================
* Summary: 
+------------------+-----+-----+------------+------------------+--------------+
|     RTL Ports    | Dir | Bits|  Protocol  |   Source Object  |    C Type    |
+------------------+-----+-----+------------+------------------+--------------+
|ap_clk            |   in|    1|  ap_ctrl_hs|  svd.7_Pipeline_1|  return value|
|ap_rst            |   in|    1|  ap_ctrl_hs|  svd.7_Pipeline_1|  return value|
|ap_start          |   in|    1|  ap_ctrl_hs|  svd.7_Pipeline_1|  return value|
|ap_done           |  out|    1|  ap_ctrl_hs|  svd.7_Pipeline_1|  return value|
|ap_idle           |  out|    1|  ap_ctrl_hs|  svd.7_Pipeline_1|  return value|
|ap_ready          |  out|    1|  ap_ctrl_hs|  svd.7_Pipeline_1|  return value|
|empty             |   in|    7|     ap_none|             empty|        scalar|
|ref_tmp_address0  |  out|    4|   ap_memory|           ref_tmp|         array|
|ref_tmp_ce0       |  out|    1|   ap_memory|           ref_tmp|         array|
|ref_tmp_q0        |   in|   64|   ap_memory|           ref_tmp|         array|
|ABt_U_address0    |  out|    4|   ap_memory|             ABt_U|         array|
|ABt_U_ce0         |  out|    1|   ap_memory|             ABt_U|         array|
|ABt_U_we0         |  out|    8|   ap_memory|             ABt_U|         array|
|ABt_U_d0          |  out|   64|   ap_memory|             ABt_U|         array|
|conv_i            |   in|   32|     ap_none|            conv_i|        scalar|
+------------------+-----+-----+------------+------------------+--------------+

