

================================================================
== Vitis HLS Report for 'svd_3_1_Pipeline_VITIS_LOOP_507_33'
================================================================
* Date:           Sun Feb  5 16:53:20 2023

* Version:        2022.1 (Build 3526262 on Mon Apr 18 15:47:01 MDT 2022)
* Project:        hls_EstimateMotion
* Solution:       solution1 (Vivado IP Flow Target)
* Product family: virtexuplus
* Target device:  xcu50-fsvh2104-2L-e


================================================================
== Performance Estimates
================================================================
+ Timing: 
    * Summary: 
    +--------+----------+----------+------------+
    |  Clock |  Target  | Estimated| Uncertainty|
    +--------+----------+----------+------------+
    |ap_clk  |  60.00 ns|  9.172 ns|    16.20 ns|
    +--------+----------+----------+------------+

+ Latency: 
    * Summary: 
    +---------+---------+----------+----------+-----+-----+---------+
    |  Latency (cycles) |  Latency (absolute) |  Interval | Pipeline|
    |   min   |   max   |    min   |    max   | min | max |   Type  |
    +---------+---------+----------+----------+-----+-----+---------+
    |        ?|        ?|         ?|         ?|    ?|    ?|       no|
    +---------+---------+----------+----------+-----+-----+---------+

    + Detail: 
        * Instance: 
        N/A

        * Loop: 
        +---------------------+---------+---------+----------+-----------+-----------+------+----------+
        |                     |  Latency (cycles) | Iteration|  Initiation Interval  | Trip |          |
        |      Loop Name      |   min   |   max   |  Latency |  achieved |   target  | Count| Pipelined|
        +---------------------+---------+---------+----------+-----------+-----------+------+----------+
        |- VITIS_LOOP_507_33  |        ?|        ?|         2|          2|          1|     ?|       yes|
        +---------------------+---------+---------+----------+-----------+-----------+------+----------+



================================================================
== Utilization Estimates
================================================================
* Summary: 
+---------------------+---------+------+---------+--------+-----+
|         Name        | BRAM_18K|  DSP |    FF   |   LUT  | URAM|
+---------------------+---------+------+---------+--------+-----+
|DSP                  |        -|     -|        -|       -|    -|
|Expression           |        -|     -|        0|    4491|    -|
|FIFO                 |        -|     -|        -|       -|    -|
|Instance             |        -|    15|        0|      50|    -|
|Memory               |        -|     -|        -|       -|    -|
|Multiplexer          |        -|     -|        -|      64|    -|
|Register             |        -|     -|      163|       -|    -|
+---------------------+---------+------+---------+--------+-----+
|Total                |        0|    15|      163|    4605|    0|
+---------------------+---------+------+---------+--------+-----+
|Available SLR        |     1344|  2976|   871680|  435840|  320|
+---------------------+---------+------+---------+--------+-----+
|Utilization SLR (%)  |        0|    ~0|       ~0|       1|    0|
+---------------------+---------+------+---------+--------+-----+
|Available            |     2688|  5952|  1743360|  871680|  640|
+---------------------+---------+------+---------+--------+-----+
|Utilization (%)      |        0|    ~0|       ~0|      ~0|    0|
+---------------------+---------+------+---------+--------+-----+

+ Detail: 
    * Instance: 
    +----------------------------+-----------------------+---------+----+---+----+-----+
    |          Instance          |         Module        | BRAM_18K| DSP| FF| LUT| URAM|
    +----------------------------+-----------------------+---------+----+---+----+-----+
    |mul_64ns_66ns_129_1_1_U565  |mul_64ns_66ns_129_1_1  |        0|  15|  0|  50|    0|
    +----------------------------+-----------------------+---------+----+---+----+-----+
    |Total                       |                       |        0|  15|  0|  50|    0|
    +----------------------------+-----------------------+---------+----+---+----+-----+

    * DSP: 
    N/A

    * Memory: 
    N/A

    * FIFO: 
    N/A

    * Expression: 
    +-----------------------+----------+----+---+------+------------+------------+
    |     Variable Name     | Operation| DSP| FF|  LUT | Bitwidth P0| Bitwidth P1|
    +-----------------------+----------+----+---+------+------------+------------+
    |add_ln507_fu_135_p2    |         +|   0|  0|    39|          32|           1|
    |add_ln508_1_fu_181_p2  |         +|   0|  0|    39|          39|          39|
    |add_ln508_2_fu_294_p2  |         +|   0|  0|    64|          64|          64|
    |add_ln508_3_fu_300_p2  |         +|   0|  0|    46|          39|          39|
    |add_ln508_4_fu_310_p2  |         +|   0|  0|    56|          56|          10|
    |add_ln508_5_fu_316_p2  |         +|   0|  0|    56|          56|          56|
    |add_ln508_fu_175_p2    |         +|   0|  0|    39|          39|          10|
    |sub_ln508_1_fu_282_p2  |         -|   0|  0|    64|          64|          64|
    |sub_ln508_2_fu_288_p2  |         -|   0|  0|    63|          56|          56|
    |sub_ln508_fu_165_p2    |         -|   0|  0|    45|          38|          38|
    |icmp_ln507_fu_129_p2   |      icmp|   0|  0|    20|          32|          32|
    |lshr_ln508_fu_344_p2   |      lshr|   0|  0|  1865|         448|         448|
    |epnp_d0                |       shl|   0|  0|  1865|         448|         448|
    |shl_ln508_1_fu_322_p2  |       shl|   0|  0|   165|           8|          56|
    |xor_ln508_fu_354_p2    |       xor|   0|  0|    65|          64|          65|
    +-----------------------+----------+----+---+------+------------+------------+
    |Total                  |          |   0|  0|  4491|        1483|        1426|
    +-----------------------+----------+----+---+------+------------+------------+

    * Multiplexer: 
    +-----------------------+----+-----------+-----+-----------+
    |          Name         | LUT| Input Size| Bits| Total Bits|
    +-----------------------+----+-----------+-----+-----------+
    |ap_NS_fsm              |  14|          3|    1|          3|
    |ap_done_int            |   9|          2|    1|          2|
    |ap_sig_allocacmp_j_99  |   9|          2|   32|         64|
    |epnp_address0          |  14|          3|    8|         24|
    |epnp_we0               |   9|          2|   56|        112|
    |j_fu_82                |   9|          2|   32|         64|
    +-----------------------+----+-----------+-----+-----------+
    |Total                  |  64|         14|  130|        269|
    +-----------------------+----+-----------+-----+-----------+

    * Register: 
    +---------------------+----+----+-----+-----------+
    |         Name        | FF | LUT| Bits| Const Bits|
    +---------------------+----+----+-----+-----------+
    |add_ln508_2_reg_386  |  64|   0|   64|          0|
    |ap_CS_fsm            |   2|   0|    2|          0|
    |ap_done_reg          |   1|   0|    1|          0|
    |epnp_addr_reg_381    |   8|   0|    8|          0|
    |j_fu_82              |  32|   0|   32|          0|
    |shl_ln508_1_reg_391  |  56|   0|   56|          0|
    +---------------------+----+----+-----+-----------+
    |Total                | 163|   0|  163|          0|
    +---------------------+----+----+-----+-----------+



================================================================
== Interface
================================================================
* Summary: 
+---------------+-----+-----+------------+------------------------------------+--------------+
|   RTL Ports   | Dir | Bits|  Protocol  |            Source Object           |    C Type    |
+---------------+-----+-----+------------+------------------------------------+--------------+
|ap_clk         |   in|    1|  ap_ctrl_hs|  svd.3.1_Pipeline_VITIS_LOOP_507_33|  return value|
|ap_rst         |   in|    1|  ap_ctrl_hs|  svd.3.1_Pipeline_VITIS_LOOP_507_33|  return value|
|ap_start       |   in|    1|  ap_ctrl_hs|  svd.3.1_Pipeline_VITIS_LOOP_507_33|  return value|
|ap_done        |  out|    1|  ap_ctrl_hs|  svd.3.1_Pipeline_VITIS_LOOP_507_33|  return value|
|ap_idle        |  out|    1|  ap_ctrl_hs|  svd.3.1_Pipeline_VITIS_LOOP_507_33|  return value|
|ap_ready       |  out|    1|  ap_ctrl_hs|  svd.3.1_Pipeline_VITIS_LOOP_507_33|  return value|
|l              |   in|   32|     ap_none|                                   l|        scalar|
|zext_ln508     |   in|   35|     ap_none|                          zext_ln508|        scalar|
|epnp_address0  |  out|    8|   ap_memory|                                epnp|         array|
|epnp_ce0       |  out|    1|   ap_memory|                                epnp|         array|
|epnp_we0       |  out|   56|   ap_memory|                                epnp|         array|
|epnp_d0        |  out|  448|   ap_memory|                                epnp|         array|
|epnp_q0        |   in|  448|   ap_memory|                                epnp|         array|
|trunc_ln244    |   in|   39|     ap_none|                         trunc_ln244|        scalar|
+---------------+-----+-----+------------+------------------------------------+--------------+

