

================================================================
== Vitis HLS Report for 'svd_4_1_Pipeline_VITIS_LOOP_453_27'
================================================================
* Date:           Sun Feb  5 16:54:24 2023

* Version:        2022.1 (Build 3526262 on Mon Apr 18 15:47:01 MDT 2022)
* Project:        hls_EstimateMotion
* Solution:       solution1 (Vivado IP Flow Target)
* Product family: virtexuplus
* Target device:  xcu50-fsvh2104-2L-e


================================================================
== Performance Estimates
================================================================
+ Timing: 
    * Summary: 
    +--------+----------+----------+------------+
    |  Clock |  Target  | Estimated| Uncertainty|
    +--------+----------+----------+------------+
    |ap_clk  |  60.00 ns|  2.084 ns|    16.20 ns|
    +--------+----------+----------+------------+

+ Latency: 
    * Summary: 
    +---------+---------+----------+----------+-----+-----+---------+
    |  Latency (cycles) |  Latency (absolute) |  Interval | Pipeline|
    |   min   |   max   |    min   |    max   | min | max |   Type  |
    +---------+---------+----------+----------+-----+-----+---------+
    |        ?|        ?|         ?|         ?|    ?|    ?|       no|
    +---------+---------+----------+----------+-----+-----+---------+

    + Detail: 
        * Instance: 
        N/A

        * Loop: 
        +---------------------+---------+---------+----------+-----------+-----------+------+----------+
        |                     |  Latency (cycles) | Iteration|  Initiation Interval  | Trip |          |
        |      Loop Name      |   min   |   max   |  Latency |  achieved |   target  | Count| Pipelined|
        +---------------------+---------+---------+----------+-----------+-----------+------+----------+
        |- VITIS_LOOP_453_27  |        ?|        ?|         1|          1|          1|     ?|       yes|
        +---------------------+---------+---------+----------+-----------+-----------+------+----------+



================================================================
== Utilization Estimates
================================================================
* Summary: 
+---------------------+---------+------+---------+--------+-----+
|         Name        | BRAM_18K|  DSP |    FF   |   LUT  | URAM|
+---------------------+---------+------+---------+--------+-----+
|DSP                  |        -|     -|        -|       -|    -|
|Expression           |        -|     -|        0|     131|    -|
|FIFO                 |        -|     -|        -|       -|    -|
|Instance             |        -|     -|        -|       -|    -|
|Memory               |        -|     -|        -|       -|    -|
|Multiplexer          |        -|     -|        -|      27|    -|
|Register             |        -|     -|       75|       -|    -|
+---------------------+---------+------+---------+--------+-----+
|Total                |        0|     0|       75|     158|    0|
+---------------------+---------+------+---------+--------+-----+
|Available SLR        |     1344|  2976|   871680|  435840|  320|
+---------------------+---------+------+---------+--------+-----+
|Utilization SLR (%)  |        0|     0|       ~0|      ~0|    0|
+---------------------+---------+------+---------+--------+-----+
|Available            |     2688|  5952|  1743360|  871680|  640|
+---------------------+---------+------+---------+--------+-----+
|Utilization (%)      |        0|     0|       ~0|      ~0|    0|
+---------------------+---------+------+---------+--------+-----+

+ Detail: 
    * Instance: 
    N/A

    * DSP: 
    N/A

    * Memory: 
    N/A

    * FIFO: 
    N/A

    * Expression: 
    +----------------------+----------+----+---+----+------------+------------+
    |     Variable Name    | Operation| DSP| FF| LUT| Bitwidth P0| Bitwidth P1|
    +----------------------+----------+----+---+----+------------+------------+
    |add_ln453_fu_133_p2   |         +|   0|  0|  71|          64|           1|
    |add_ln454_fu_114_p2   |         +|   0|  0|  19|           8|           8|
    |sub_ln454_fu_108_p2   |         -|   0|  0|  19|           8|           8|
    |icmp_ln453_fu_128_p2  |      icmp|   0|  0|  20|          33|          33|
    |ap_enable_pp0         |       xor|   0|  0|   2|           1|           2|
    +----------------------+----------+----+---+----+------------+------------+
    |Total                 |          |   0|  0| 131|         114|          52|
    +----------------------+----------+----+---+----+------------+------------+

    * Multiplexer: 
    +-------------------------+----+-----------+-----+-----------+
    |           Name          | LUT| Input Size| Bits| Total Bits|
    +-------------------------+----+-----------+-----+-----------+
    |ap_done_int              |   9|          2|    1|          2|
    |ap_enable_reg_pp0_iter1  |   9|          2|    1|          2|
    |j_fu_38                  |   9|          2|   64|        128|
    +-------------------------+----+-----------+-----+-----------+
    |Total                    |  27|          6|   66|        132|
    +-------------------------+----+-----------+-----+-----------+

    * Register: 
    +-------------------------+----+----+-----+-----------+
    |           Name          | FF | LUT| Bits| Const Bits|
    +-------------------------+----+----+-----+-----------+
    |ap_CS_fsm                |   1|   0|    1|          0|
    |ap_done_reg              |   1|   0|    1|          0|
    |ap_enable_reg_pp0_iter1  |   1|   0|    1|          0|
    |empty_reg_156            |   8|   0|    8|          0|
    |j_fu_38                  |  64|   0|   64|          0|
    +-------------------------+----+----+-----+-----------+
    |Total                    |  75|   0|   75|          0|
    +-------------------------+----+----+-----+-----------+



================================================================
== Interface
================================================================
* Summary: 
+----------------+-----+-----+------------+------------------------------------+--------------+
|    RTL Ports   | Dir | Bits|  Protocol  |            Source Object           |    C Type    |
+----------------+-----+-----+------------+------------------------------------+--------------+
|ap_clk          |   in|    1|  ap_ctrl_hs|  svd.4.1_Pipeline_VITIS_LOOP_453_27|  return value|
|ap_rst          |   in|    1|  ap_ctrl_hs|  svd.4.1_Pipeline_VITIS_LOOP_453_27|  return value|
|ap_start        |   in|    1|  ap_ctrl_hs|  svd.4.1_Pipeline_VITIS_LOOP_453_27|  return value|
|ap_done         |  out|    1|  ap_ctrl_hs|  svd.4.1_Pipeline_VITIS_LOOP_453_27|  return value|
|ap_idle         |  out|    1|  ap_ctrl_hs|  svd.4.1_Pipeline_VITIS_LOOP_453_27|  return value|
|ap_ready        |  out|    1|  ap_ctrl_hs|  svd.4.1_Pipeline_VITIS_LOOP_453_27|  return value|
|zext_ln432      |   in|   31|     ap_none|                          zext_ln432|        scalar|
|U_val_address0  |  out|    8|   ap_memory|                               U_val|         array|
|U_val_ce0       |  out|    1|   ap_memory|                               U_val|         array|
|U_val_we0       |  out|    1|   ap_memory|                               U_val|         array|
|U_val_d0        |  out|   64|   ap_memory|                               U_val|         array|
|add_ln453_5     |   in|   33|     ap_none|                         add_ln453_5|        scalar|
+----------------+-----+-----+------------+------------------------------------+--------------+

