

================================================================
== Vitis HLS Report for 'svd_7_Pipeline_VITIS_LOOP_425_20'
================================================================
* Date:           Sun Feb  5 16:56:33 2023

* Version:        2022.1 (Build 3526262 on Mon Apr 18 15:47:01 MDT 2022)
* Project:        hls_EstimateMotion
* Solution:       solution1 (Vivado IP Flow Target)
* Product family: virtexuplus
* Target device:  xcu50-fsvh2104-2L-e


================================================================
== Performance Estimates
================================================================
+ Timing: 
    * Summary: 
    +--------+----------+----------+------------+
    |  Clock |  Target  | Estimated| Uncertainty|
    +--------+----------+----------+------------+
    |ap_clk  |  60.00 ns|  1.573 ns|    16.20 ns|
    +--------+----------+----------+------------+

+ Latency: 
    * Summary: 
    +---------+---------+----------+----------+-----+-----+---------+
    |  Latency (cycles) |  Latency (absolute) |  Interval | Pipeline|
    |   min   |   max   |    min   |    max   | min | max |   Type  |
    +---------+---------+----------+----------+-----+-----+---------+
    |        ?|        ?|         ?|         ?|    ?|    ?|       no|
    +---------+---------+----------+----------+-----+-----+---------+

    + Detail: 
        * Instance: 
        N/A

        * Loop: 
        +---------------------+---------+---------+----------+-----------+-----------+------+----------+
        |                     |  Latency (cycles) | Iteration|  Initiation Interval  | Trip |          |
        |      Loop Name      |   min   |   max   |  Latency |  achieved |   target  | Count| Pipelined|
        +---------------------+---------+---------+----------+-----------+-----------+------+----------+
        |- VITIS_LOOP_425_20  |        ?|        ?|         2|          2|          1|     ?|       yes|
        +---------------------+---------+---------+----------+-----------+-----------+------+----------+



================================================================
== Utilization Estimates
================================================================
* Summary: 
+---------------------+---------+------+---------+--------+-----+
|         Name        | BRAM_18K|  DSP |    FF   |   LUT  | URAM|
+---------------------+---------+------+---------+--------+-----+
|DSP                  |        -|     -|        -|       -|    -|
|Expression           |        -|     -|        0|     139|    -|
|FIFO                 |        -|     -|        -|       -|    -|
|Instance             |        -|     -|        -|       -|    -|
|Memory               |        -|     -|        -|       -|    -|
|Multiplexer          |        -|     -|        -|      73|    -|
|Register             |        -|     -|       73|       -|    -|
+---------------------+---------+------+---------+--------+-----+
|Total                |        0|     0|       73|     212|    0|
+---------------------+---------+------+---------+--------+-----+
|Available SLR        |     1344|  2976|   871680|  435840|  320|
+---------------------+---------+------+---------+--------+-----+
|Utilization SLR (%)  |        0|     0|       ~0|      ~0|    0|
+---------------------+---------+------+---------+--------+-----+
|Available            |     2688|  5952|  1743360|  871680|  640|
+---------------------+---------+------+---------+--------+-----+
|Utilization (%)      |        0|     0|       ~0|      ~0|    0|
+---------------------+---------+------+---------+--------+-----+

+ Detail: 
    * Instance: 
    N/A

    * DSP: 
    N/A

    * Memory: 
    N/A

    * FIFO: 
    N/A

    * Expression: 
    +-----------------------+----------+----+---+----+------------+------------+
    |     Variable Name     | Operation| DSP| FF| LUT| Bitwidth P0| Bitwidth P1|
    +-----------------------+----------+----+---+----+------------+------------+
    |add_ln425_fu_185_p2    |         +|   0|  0|  71|          64|           1|
    |add_ln426_1_fu_170_p2  |         +|   0|  0|  14|           7|           7|
    |add_ln426_fu_150_p2    |         +|   0|  0|  16|           7|           7|
    |sub_ln426_1_fu_144_p2  |         -|   0|  0|  16|           7|           7|
    |icmp_ln425_fu_115_p2   |      icmp|   0|  0|  20|          32|          32|
    |ap_enable_pp0          |       xor|   0|  0|   2|           1|           2|
    +-----------------------+----------+----+---+----+------------+------------+
    |Total                  |          |   0|  0| 139|         118|          56|
    +-----------------------+----------+----+---+----+------------+------------+

    * Multiplexer: 
    +-------------------------+----+-----------+-----+-----------+
    |           Name          | LUT| Input Size| Bits| Total Bits|
    +-------------------------+----+-----------+-----+-----------+
    |ABt_V_address0           |  14|          3|    4|         12|
    |ABt_V_we0                |   9|          2|    8|         16|
    |ap_NS_fsm                |  14|          3|    1|          3|
    |ap_done_int              |   9|          2|    1|          2|
    |ap_enable_reg_pp0_iter0  |   9|          2|    1|          2|
    |ap_enable_reg_pp0_iter1  |   9|          2|    1|          2|
    |j_fu_52                  |   9|          2|   64|        128|
    +-------------------------+----+-----------+-----+-----------+
    |Total                    |  73|         16|   80|        165|
    +-------------------------+----+-----------+-----+-----------+

    * Register: 
    +-----------------------------+----+----+-----+-----------+
    |             Name            | FF | LUT| Bits| Const Bits|
    +-----------------------------+----+----+-----+-----------+
    |ap_CS_fsm                    |   2|   0|    2|          0|
    |ap_done_reg                  |   1|   0|    1|          0|
    |ap_enable_reg_pp0_iter0_reg  |   1|   0|    1|          0|
    |ap_enable_reg_pp0_iter1      |   1|   0|    1|          0|
    |j_fu_52                      |  64|   0|   64|          0|
    |lshr_ln426_5_reg_225         |   4|   0|    4|          0|
    +-----------------------------+----+----+-----+-----------+
    |Total                        |  73|   0|   73|          0|
    +-----------------------------+----+----+-----+-----------+



================================================================
== Interface
================================================================
* Summary: 
+----------------+-----+-----+------------+----------------------------------+--------------+
|    RTL Ports   | Dir | Bits|  Protocol  |           Source Object          |    C Type    |
+----------------+-----+-----+------------+----------------------------------+--------------+
|ap_clk          |   in|    1|  ap_ctrl_hs|  svd.7_Pipeline_VITIS_LOOP_425_20|  return value|
|ap_rst          |   in|    1|  ap_ctrl_hs|  svd.7_Pipeline_VITIS_LOOP_425_20|  return value|
|ap_start        |   in|    1|  ap_ctrl_hs|  svd.7_Pipeline_VITIS_LOOP_425_20|  return value|
|ap_done         |  out|    1|  ap_ctrl_hs|  svd.7_Pipeline_VITIS_LOOP_425_20|  return value|
|ap_idle         |  out|    1|  ap_ctrl_hs|  svd.7_Pipeline_VITIS_LOOP_425_20|  return value|
|ap_ready        |  out|    1|  ap_ctrl_hs|  svd.7_Pipeline_VITIS_LOOP_425_20|  return value|
|sext_ln425      |   in|   32|     ap_none|                        sext_ln425|        scalar|
|trunc_ln411_1   |   in|   32|     ap_none|                     trunc_ln411_1|        scalar|
|shl_ln17        |   in|    7|     ap_none|                          shl_ln17|        scalar|
|ABt_V_address0  |  out|    4|   ap_memory|                             ABt_V|         array|
|ABt_V_ce0       |  out|    1|   ap_memory|                             ABt_V|         array|
|ABt_V_we0       |  out|    8|   ap_memory|                             ABt_V|         array|
|ABt_V_d0        |  out|   64|   ap_memory|                             ABt_V|         array|
|sub_ln426       |   in|    7|     ap_none|                         sub_ln426|        scalar|
+----------------+-----+-----+------------+----------------------------------+--------------+

