

================================================================
== Vitis HLS Report for 'svd_5_Pipeline_VITIS_LOOP_603_45'
================================================================
* Date:           Sun Feb  5 17:01:02 2023

* Version:        2022.1 (Build 3526262 on Mon Apr 18 15:47:01 MDT 2022)
* Project:        hls_EstimateMotion
* Solution:       solution1 (Vivado IP Flow Target)
* Product family: virtexuplus
* Target device:  xcu50-fsvh2104-2L-e


================================================================
== Performance Estimates
================================================================
+ Timing: 
    * Summary: 
    +--------+----------+----------+------------+
    |  Clock |  Target  | Estimated| Uncertainty|
    +--------+----------+----------+------------+
    |ap_clk  |  60.00 ns|  2.038 ns|    16.20 ns|
    +--------+----------+----------+------------+

+ Latency: 
    * Summary: 
    +---------+---------+----------+----------+-----+-----+---------+
    |  Latency (cycles) |  Latency (absolute) |  Interval | Pipeline|
    |   min   |   max   |    min   |    max   | min | max |   Type  |
    +---------+---------+----------+----------+-----+-----+---------+
    |        2|       17|  0.120 us|  1.020 us|    2|   17|       no|
    +---------+---------+----------+----------+-----+-----+---------+

    + Detail: 
        * Instance: 
        N/A

        * Loop: 
        +---------------------+---------+---------+----------+-----------+-----------+--------+----------+
        |                     |  Latency (cycles) | Iteration|  Initiation Interval  |  Trip  |          |
        |      Loop Name      |   min   |   max   |  Latency |  achieved |   target  |  Count | Pipelined|
        +---------------------+---------+---------+----------+-----------+-----------+--------+----------+
        |- VITIS_LOOP_603_45  |        0|       15|         2|          1|          1|  0 ~ 15|       yes|
        +---------------------+---------+---------+----------+-----------+-----------+--------+----------+



================================================================
== Utilization Estimates
================================================================
* Summary: 
+---------------------+---------+------+---------+--------+-----+
|         Name        | BRAM_18K|  DSP |    FF   |   LUT  | URAM|
+---------------------+---------+------+---------+--------+-----+
|DSP                  |        -|     -|        -|       -|    -|
|Expression           |        -|     -|        0|      72|    -|
|FIFO                 |        -|     -|        -|       -|    -|
|Instance             |        -|     -|        -|       -|    -|
|Memory               |        -|     -|        -|       -|    -|
|Multiplexer          |        -|     -|        -|      36|    -|
|Register             |        -|     -|       15|       -|    -|
+---------------------+---------+------+---------+--------+-----+
|Total                |        0|     0|       15|     108|    0|
+---------------------+---------+------+---------+--------+-----+
|Available SLR        |     1344|  2976|   871680|  435840|  320|
+---------------------+---------+------+---------+--------+-----+
|Utilization SLR (%)  |        0|     0|       ~0|      ~0|    0|
+---------------------+---------+------+---------+--------+-----+
|Available            |     2688|  5952|  1743360|  871680|  640|
+---------------------+---------+------+---------+--------+-----+
|Utilization (%)      |        0|     0|       ~0|      ~0|    0|
+---------------------+---------+------+---------+--------+-----+

+ Detail: 
    * Instance: 
    N/A

    * DSP: 
    N/A

    * Memory: 
    N/A

    * FIFO: 
    N/A

    * Expression: 
    +----------------------+----------+----+---+----+------------+------------+
    |     Variable Name    | Operation| DSP| FF| LUT| Bitwidth P0| Bitwidth P1|
    +----------------------+----------+----+---+----+------------+------------+
    |add_ln603_fu_107_p2   |         +|   0|  0|  12|           4|           1|
    |add_ln604_fu_147_p2   |         +|   0|  0|  19|           8|           8|
    |sub_ln604_fu_141_p2   |         -|   0|  0|  19|           8|           8|
    |icmp_ln603_fu_101_p2  |      icmp|   0|  0|  20|          32|          32|
    |ap_enable_pp0         |       xor|   0|  0|   2|           1|           2|
    +----------------------+----------+----+---+----+------------+------------+
    |Total                 |          |   0|  0|  72|          53|          51|
    +----------------------+----------+----+---+----+------------+------------+

    * Multiplexer: 
    +-------------------------+----+-----------+-----+-----------+
    |           Name          | LUT| Input Size| Bits| Total Bits|
    +-------------------------+----+-----------+-----+-----------+
    |ap_done_int              |   9|          2|    1|          2|
    |ap_enable_reg_pp0_iter1  |   9|          2|    1|          2|
    |ap_sig_allocacmp_k_32    |   9|          2|    4|          8|
    |k_fu_42                  |   9|          2|    4|          8|
    +-------------------------+----+-----------+-----+-----------+
    |Total                    |  36|          8|   10|         20|
    +-------------------------+----+-----------+-----+-----------+

    * Register: 
    +-------------------------+---+----+-----+-----------+
    |           Name          | FF| LUT| Bits| Const Bits|
    +-------------------------+---+----+-----+-----------+
    |ap_CS_fsm                |  1|   0|    1|          0|
    |ap_done_reg              |  1|   0|    1|          0|
    |ap_enable_reg_pp0_iter1  |  1|   0|    1|          0|
    |k_32_reg_169             |  4|   0|    4|          0|
    |k_fu_42                  |  4|   0|    4|          0|
    |zext_ln602_cast_reg_164  |  4|   0|    8|          4|
    +-------------------------+---+----+-----+-----------+
    |Total                    | 15|   0|   19|          4|
    +-------------------------+---+----+-----+-----------+



================================================================
== Interface
================================================================
* Summary: 
+----------------+-----+-----+------------+----------------------------------+--------------+
|    RTL Ports   | Dir | Bits|  Protocol  |           Source Object          |    C Type    |
+----------------+-----+-----+------------+----------------------------------+--------------+
|ap_clk          |   in|    1|  ap_ctrl_hs|  svd.5_Pipeline_VITIS_LOOP_603_45|  return value|
|ap_rst          |   in|    1|  ap_ctrl_hs|  svd.5_Pipeline_VITIS_LOOP_603_45|  return value|
|ap_start        |   in|    1|  ap_ctrl_hs|  svd.5_Pipeline_VITIS_LOOP_603_45|  return value|
|ap_done         |  out|    1|  ap_ctrl_hs|  svd.5_Pipeline_VITIS_LOOP_603_45|  return value|
|ap_idle         |  out|    1|  ap_ctrl_hs|  svd.5_Pipeline_VITIS_LOOP_603_45|  return value|
|ap_ready        |  out|    1|  ap_ctrl_hs|  svd.5_Pipeline_VITIS_LOOP_603_45|  return value|
|trunc_ln69      |   in|   32|     ap_none|                        trunc_ln69|        scalar|
|zext_ln602      |   in|    4|     ap_none|                        zext_ln602|        scalar|
|U_val_address0  |  out|    8|   ap_memory|                             U_val|         array|
|U_val_ce0       |  out|    1|   ap_memory|                             U_val|         array|
|U_val_we0       |  out|    1|   ap_memory|                             U_val|         array|
|U_val_d0        |  out|   64|   ap_memory|                             U_val|         array|
|su_address0     |  out|    4|   ap_memory|                                su|         array|
|su_ce0          |  out|    1|   ap_memory|                                su|         array|
|su_q0           |   in|   64|   ap_memory|                                su|         array|
+----------------+-----+-----+------------+----------------------------------+--------------+

