

================================================================
== Vitis HLS Report for 'svd_3_1_Pipeline_VITIS_LOOP_463_30'
================================================================
* Date:           Sun Feb  5 16:53:14 2023

* Version:        2022.1 (Build 3526262 on Mon Apr 18 15:47:01 MDT 2022)
* Project:        hls_EstimateMotion
* Solution:       solution1 (Vivado IP Flow Target)
* Product family: virtexuplus
* Target device:  xcu50-fsvh2104-2L-e


================================================================
== Performance Estimates
================================================================
+ Timing: 
    * Summary: 
    +--------+----------+-----------+------------+
    |  Clock |  Target  | Estimated | Uncertainty|
    +--------+----------+-----------+------------+
    |ap_clk  |  60.00 ns|  36.296 ns|    16.20 ns|
    +--------+----------+-----------+------------+

+ Latency: 
    * Summary: 
    +---------+---------+----------+----------+-----+-----+---------+
    |  Latency (cycles) |  Latency (absolute) |  Interval | Pipeline|
    |   min   |   max   |    min   |    max   | min | max |   Type  |
    +---------+---------+----------+----------+-----+-----+---------+
    |        ?|        ?|         ?|         ?|    ?|    ?|       no|
    +---------+---------+----------+----------+-----+-----+---------+

    + Detail: 
        * Instance: 
        N/A

        * Loop: 
        +---------------------+---------+---------+----------+-----------+-----------+------+----------+
        |                     |  Latency (cycles) | Iteration|  Initiation Interval  | Trip |          |
        |      Loop Name      |   min   |   max   |  Latency |  achieved |   target  | Count| Pipelined|
        +---------------------+---------+---------+----------+-----------+-----------+------+----------+
        |- VITIS_LOOP_463_30  |        ?|        ?|         3|          3|          1|     ?|       yes|
        +---------------------+---------+---------+----------+-----------+-----------+------+----------+



================================================================
== Utilization Estimates
================================================================
* Summary: 
+---------------------+---------+------+---------+--------+-----+
|         Name        | BRAM_18K|  DSP |    FF   |   LUT  | URAM|
+---------------------+---------+------+---------+--------+-----+
|DSP                  |        -|     -|        -|       -|    -|
|Expression           |        -|     -|        0|     175|    -|
|FIFO                 |        -|     -|        -|       -|    -|
|Instance             |        -|     3|        0|     736|    -|
|Memory               |        -|     -|        -|       -|    -|
|Multiplexer          |        -|     -|        -|      98|    -|
|Register             |        -|     -|      308|       -|    -|
+---------------------+---------+------+---------+--------+-----+
|Total                |        0|     3|      308|    1009|    0|
+---------------------+---------+------+---------+--------+-----+
|Available SLR        |     1344|  2976|   871680|  435840|  320|
+---------------------+---------+------+---------+--------+-----+
|Utilization SLR (%)  |        0|    ~0|       ~0|      ~0|    0|
+---------------------+---------+------+---------+--------+-----+
|Available            |     2688|  5952|  1743360|  871680|  640|
+---------------------+---------+------+---------+--------+-----+
|Utilization (%)      |        0|    ~0|       ~0|      ~0|    0|
+---------------------+---------+------+---------+--------+-----+

+ Detail: 
    * Instance: 
    +-------------------------------------+--------------------------------+---------+----+---+-----+-----+
    |               Instance              |             Module             | BRAM_18K| DSP| FF| LUT | URAM|
    +-------------------------------------+--------------------------------+---------+----+---+-----+-----+
    |dadd_64ns_64ns_64_1_full_dsp_1_U510  |dadd_64ns_64ns_64_1_full_dsp_1  |        0|   3|  0|  708|    0|
    |dcmp_64ns_64ns_1_1_no_dsp_1_U511     |dcmp_64ns_64ns_1_1_no_dsp_1     |        0|   0|  0|    0|    0|
    |mux_32_64_1_1_U512                   |mux_32_64_1_1                   |        0|   0|  0|   14|    0|
    |mux_32_64_1_1_U513                   |mux_32_64_1_1                   |        0|   0|  0|   14|    0|
    +-------------------------------------+--------------------------------+---------+----+---+-----+-----+
    |Total                                |                                |        0|   3|  0|  736|    0|
    +-------------------------------------+--------------------------------+---------+----+---+-----+-----+

    * DSP: 
    N/A

    * Memory: 
    N/A

    * FIFO: 
    N/A

    * Expression: 
    +-------------------------+----------+----+---+----+------------+------------+
    |      Variable Name      | Operation| DSP| FF| LUT| Bitwidth P0| Bitwidth P1|
    +-------------------------+----------+----+---+----+------------+------------+
    |add_ln463_fu_263_p2      |         +|   0|  0|  71|          64|           2|
    |dc_27_fu_324_p4          |         +|   0|  0|   9|           2|           2|
    |and_ln466_5_fu_313_p2    |       and|   0|  0|   2|           1|           1|
    |and_ln466_fu_308_p2      |       and|   0|  0|   2|           1|           1|
    |and_ln471_5_fu_395_p2    |       and|   0|  0|   2|           1|           1|
    |and_ln471_fu_390_p2      |       and|   0|  0|   2|           1|           1|
    |icmp_ln466_12_fu_296_p2  |      icmp|   0|  0|  24|          52|           1|
    |icmp_ln466_14_fu_252_p2  |      icmp|   0|  0|  11|          11|           2|
    |icmp_ln466_fu_290_p2     |      icmp|   0|  0|  11|          11|           2|
    |icmp_ln471_5_fu_378_p2   |      icmp|   0|  0|  24|          52|           1|
    |icmp_ln471_fu_372_p2     |      icmp|   0|  0|  11|          11|           2|
    |or_ln466_5_fu_258_p2     |        or|   0|  0|   2|           1|           1|
    |or_ln466_fu_302_p2       |        or|   0|  0|   2|           1|           1|
    |or_ln471_fu_384_p2       |        or|   0|  0|   2|           1|           1|
    +-------------------------+----------+----+---+----+------------+------------+
    |Total                    |          |   0|  0| 175|         210|          19|
    +-------------------------+----------+----+---+----+------------+------------+

    * Multiplexer: 
    +----------------------------------------+----+-----------+-----+-----------+
    |                  Name                  | LUT| Input Size| Bits| Total Bits|
    +----------------------------------------+----+-----------+-----+-----------+
    |UnifiedRetVal_reg_160                   |  14|          3|    2|          6|
    |ap_NS_fsm                               |  43|          8|    1|          8|
    |ap_phi_mux_UnifiedRetVal_phi_fu_165_p6  |   9|          2|    2|          4|
    |ap_return                               |   9|          2|    2|          4|
    |grp_fu_176_p0                           |  14|          3|   64|        192|
    |l_19_fu_82                              |   9|          2|   64|        128|
    +----------------------------------------+----+-----------+-----+-----------+
    |Total                                   |  98|         20|  135|        342|
    +----------------------------------------+----+-----------+-----+-----------+

    * Register: 
    +-----------------------+----+----+-----+-----------+
    |          Name         | FF | LUT| Bits| Const Bits|
    +-----------------------+----+----+-----+-----------+
    |UnifiedRetVal_reg_160  |   2|   0|    2|          0|
    |add_ln463_reg_483      |  64|   0|   64|          0|
    |and_ln466_5_reg_493    |   1|   0|    1|          0|
    |ap_CS_fsm              |   7|   0|    7|          0|
    |ap_return_preg         |   2|   0|    2|          0|
    |empty_reg_463          |  32|   0|   32|          0|
    |l_19_fu_82             |  64|   0|   64|          0|
    |l_reg_458              |  64|   0|   64|          0|
    |or_ln466_5_reg_477     |   1|   0|    1|          0|
    |reg_184                |  64|   0|   64|          0|
    |tmp_reg_468            |   1|   0|    1|          0|
    |trunc_ln463_reg_472    |   2|   0|    2|          0|
    |trunc_ln466_reg_488    |   4|   0|    4|          0|
    +-----------------------+----+----+-----+-----------+
    |Total                  | 308|   0|  308|          0|
    +-----------------------+----+----+-----+-----------+



================================================================
== Interface
================================================================
* Summary: 
+----------------------+-----+-----+------------+------------------------------------+--------------+
|       RTL Ports      | Dir | Bits|  Protocol  |            Source Object           |    C Type    |
+----------------------+-----+-----+------------+------------------------------------+--------------+
|ap_clk                |   in|    1|  ap_ctrl_hs|  svd.3.1_Pipeline_VITIS_LOOP_463_30|  return value|
|ap_rst                |   in|    1|  ap_ctrl_hs|  svd.3.1_Pipeline_VITIS_LOOP_463_30|  return value|
|ap_start              |   in|    1|  ap_ctrl_hs|  svd.3.1_Pipeline_VITIS_LOOP_463_30|  return value|
|ap_done               |  out|    1|  ap_ctrl_hs|  svd.3.1_Pipeline_VITIS_LOOP_463_30|  return value|
|ap_idle               |  out|    1|  ap_ctrl_hs|  svd.3.1_Pipeline_VITIS_LOOP_463_30|  return value|
|ap_ready              |  out|    1|  ap_ctrl_hs|  svd.3.1_Pipeline_VITIS_LOOP_463_30|  return value|
|ap_return             |  out|    2|  ap_ctrl_hs|  svd.3.1_Pipeline_VITIS_LOOP_463_30|  return value|
|k_147                 |   in|   64|     ap_none|                               k_147|        scalar|
|w_0_4                 |   in|   64|     ap_none|                               w_0_4|        scalar|
|w_1_4                 |   in|   64|     ap_none|                               w_1_4|        scalar|
|w_2_4                 |   in|   64|     ap_none|                               w_2_4|        scalar|
|anorm_0_lcssa         |   in|   64|     ap_none|                       anorm_0_lcssa|        scalar|
|rv1_0_7               |   in|   64|     ap_none|                             rv1_0_7|        scalar|
|rv1_1_7               |   in|   64|     ap_none|                             rv1_1_7|        scalar|
|rv1_2_7               |   in|   64|     ap_none|                             rv1_2_7|        scalar|
|bitcast_ln466_5       |   in|   63|     ap_none|                     bitcast_ln466_5|        scalar|
|icmp_ln466_13         |   in|    1|     ap_none|                       icmp_ln466_13|        scalar|
|l_19_out              |  out|   32|      ap_vld|                            l_19_out|       pointer|
|l_19_out_ap_vld       |  out|    1|      ap_vld|                            l_19_out|       pointer|
|add_ln463_out         |  out|    4|      ap_vld|                       add_ln463_out|       pointer|
|add_ln463_out_ap_vld  |  out|    1|      ap_vld|                       add_ln463_out|       pointer|
+----------------------+-----+-----+------------+------------------------------------+--------------+

