

================================================================
== Vitis HLS Report for 'svd_Pipeline_VITIS_LOOP_419_18'
================================================================
* Date:           Sun Feb  5 17:03:35 2023

* Version:        2022.1 (Build 3526262 on Mon Apr 18 15:47:01 MDT 2022)
* Project:        hls_EstimateMotion
* Solution:       solution1 (Vivado IP Flow Target)
* Product family: virtexuplus
* Target device:  xcu50-fsvh2104-2L-e


================================================================
== Performance Estimates
================================================================
+ Timing: 
    * Summary: 
    +--------+----------+-----------+------------+
    |  Clock |  Target  | Estimated | Uncertainty|
    +--------+----------+-----------+------------+
    |ap_clk  |  60.00 ns|  40.689 ns|    16.20 ns|
    +--------+----------+-----------+------------+

+ Latency: 
    * Summary: 
    +---------+---------+----------+----------+-----+-----+---------+
    |  Latency (cycles) |  Latency (absolute) |  Interval | Pipeline|
    |   min   |   max   |    min   |    max   | min | max |   Type  |
    +---------+---------+----------+----------+-----+-----+---------+
    |        ?|        ?|         ?|         ?|    ?|    ?|       no|
    +---------+---------+----------+----------+-----+-----+---------+

    + Detail: 
        * Instance: 
        N/A

        * Loop: 
        +---------------------+---------+---------+----------+-----------+-----------+------+----------+
        |                     |  Latency (cycles) | Iteration|  Initiation Interval  | Trip |          |
        |      Loop Name      |   min   |   max   |  Latency |  achieved |   target  | Count| Pipelined|
        +---------------------+---------+---------+----------+-----------+-----------+------+----------+
        |- VITIS_LOOP_419_18  |        ?|        ?|         3|          1|          1|     ?|       yes|
        +---------------------+---------+---------+----------+-----------+-----------+------+----------+



================================================================
== Utilization Estimates
================================================================
* Summary: 
+---------------------+---------+------+---------+--------+-----+
|         Name        | BRAM_18K|  DSP |    FF   |   LUT  | URAM|
+---------------------+---------+------+---------+--------+-----+
|DSP                  |        -|     -|        -|       -|    -|
|Expression           |        -|     -|        0|     142|    -|
|FIFO                 |        -|     -|        -|       -|    -|
|Instance             |        -|    11|        0|     814|    -|
|Memory               |        -|     -|        -|       -|    -|
|Multiplexer          |        -|     -|        -|      45|    -|
|Register             |        -|     -|      199|       -|    -|
+---------------------+---------+------+---------+--------+-----+
|Total                |        0|    11|      199|    1001|    0|
+---------------------+---------+------+---------+--------+-----+
|Available SLR        |     1344|  2976|   871680|  435840|  320|
+---------------------+---------+------+---------+--------+-----+
|Utilization SLR (%)  |        0|    ~0|       ~0|      ~0|    0|
+---------------------+---------+------+---------+--------+-----+
|Available            |     2688|  5952|  1743360|  871680|  640|
+---------------------+---------+------+---------+--------+-----+
|Utilization (%)      |        0|    ~0|       ~0|      ~0|    0|
+---------------------+---------+------+---------+--------+-----+

+ Detail: 
    * Instance: 
    +--------------------------------------+--------------------------------+---------+----+---+-----+-----+
    |               Instance               |             Module             | BRAM_18K| DSP| FF| LUT | URAM|
    +--------------------------------------+--------------------------------+---------+----+---+-----+-----+
    |dadd_64ns_64ns_64_1_full_dsp_1_U4006  |dadd_64ns_64ns_64_1_full_dsp_1  |        0|   3|  0|  708|    0|
    |dmul_64ns_64ns_64_1_max_dsp_1_U4007   |dmul_64ns_64ns_64_1_max_dsp_1   |        0|   8|  0|  106|    0|
    +--------------------------------------+--------------------------------+---------+----+---+-----+-----+
    |Total                                 |                                |        0|  11|  0|  814|    0|
    +--------------------------------------+--------------------------------+---------+----+---+-----+-----+

    * DSP: 
    N/A

    * Memory: 
    N/A

    * FIFO: 
    N/A

    * Expression: 
    +----------------------+----------+----+---+----+------------+------------+
    |     Variable Name    | Operation| DSP| FF| LUT| Bitwidth P0| Bitwidth P1|
    +----------------------+----------+----+---+----+------------+------------+
    |add_ln419_fu_222_p2   |         +|   0|  0|  71|          64|           1|
    |add_ln420_fu_153_p2   |         +|   0|  0|  13|           6|           6|
    |newSecond_fu_201_p2   |         +|   0|  0|  18|           9|           9|
    |newFirst_fu_196_p2    |         -|   0|  0|  18|           9|           9|
    |icmp_ln419_fu_167_p2  |      icmp|   0|  0|  20|          32|          32|
    |ap_enable_pp0         |       xor|   0|  0|   2|           1|           2|
    +----------------------+----------+----+---+----+------------+------------+
    |Total                 |          |   0|  0| 142|         121|          59|
    +----------------------+----------+----+---+----+------------+------------+

    * Multiplexer: 
    +-------------------------+----+-----------+-----+-----------+
    |           Name          | LUT| Input Size| Bits| Total Bits|
    +-------------------------+----+-----------+-----+-----------+
    |ap_done_int              |   9|          2|    1|          2|
    |ap_enable_reg_pp0_iter1  |   9|          2|    1|          2|
    |ap_enable_reg_pp0_iter2  |   9|          2|    1|          2|
    |k_9_fu_62                |   9|          2|   64|        128|
    |s_fu_58                  |   9|          2|   64|        128|
    +-------------------------+----+-----------+-----+-----------+
    |Total                    |  45|         10|  131|        262|
    +-------------------------+----+-----------+-----+-----------+

    * Register: 
    +----------------------------------+----+----+-----+-----------+
    |               Name               | FF | LUT| Bits| Const Bits|
    +----------------------------------+----+----+-----+-----------+
    |ap_CS_fsm                         |   1|   0|    1|          0|
    |ap_done_reg                       |   1|   0|    1|          0|
    |ap_enable_reg_pp0_iter1           |   1|   0|    1|          0|
    |ap_enable_reg_pp0_iter2           |   1|   0|    1|          0|
    |ap_enable_reg_pp0_iter3           |   1|   0|    1|          0|
    |ap_loop_exit_ready_pp0_iter2_reg  |   1|   0|    1|          0|
    |icmp_ln419_reg_286                |   1|   0|    1|          0|
    |k_9_fu_62                         |  64|   0|   64|          0|
    |mul_reg_295                       |  64|   0|   64|          0|
    |s_fu_58                           |  64|   0|   64|          0|
    +----------------------------------+----+----+-----+-----------+
    |Total                             | 199|   0|  199|          0|
    +----------------------------------+----+----+-----+-----------+



================================================================
== Interface
================================================================
* Summary: 
+-----------------+-----+-----+------------+--------------------------------+--------------+
|    RTL Ports    | Dir | Bits|  Protocol  |          Source Object         |    C Type    |
+-----------------+-----+-----+------------+--------------------------------+--------------+
|ap_clk           |   in|    1|  ap_ctrl_hs|  svd_Pipeline_VITIS_LOOP_419_18|  return value|
|ap_rst           |   in|    1|  ap_ctrl_hs|  svd_Pipeline_VITIS_LOOP_419_18|  return value|
|ap_start         |   in|    1|  ap_ctrl_hs|  svd_Pipeline_VITIS_LOOP_419_18|  return value|
|ap_done          |  out|    1|  ap_ctrl_hs|  svd_Pipeline_VITIS_LOOP_419_18|  return value|
|ap_idle          |  out|    1|  ap_ctrl_hs|  svd_Pipeline_VITIS_LOOP_419_18|  return value|
|ap_ready         |  out|    1|  ap_ctrl_hs|  svd_Pipeline_VITIS_LOOP_419_18|  return value|
|idxprom296       |   in|   32|     ap_none|                      idxprom296|        scalar|
|empty            |   in|    6|     ap_none|                           empty|        scalar|
|U_val_address0   |  out|    6|   ap_memory|                           U_val|         array|
|U_val_ce0        |  out|    1|   ap_memory|                           U_val|         array|
|U_val_q0         |   in|   64|   ap_memory|                           U_val|         array|
|p_cast93         |   in|   32|     ap_none|                        p_cast93|        scalar|
|shl_ln120        |   in|    9|     ap_none|                       shl_ln120|        scalar|
|V_address0       |  out|    6|   ap_memory|                               V|         array|
|V_ce0            |  out|    1|   ap_memory|                               V|         array|
|V_q0             |   in|   64|   ap_memory|                               V|         array|
|s_14_out         |  out|   64|      ap_vld|                        s_14_out|       pointer|
|s_14_out_ap_vld  |  out|    1|      ap_vld|                        s_14_out|       pointer|
+-----------------+-----+-----+------------+--------------------------------+--------------+

