

================================================================
== Vitis HLS Report for 'svd_3_1_Pipeline_VITIS_LOOP_446_25'
================================================================
* Date:           Sun Feb  5 16:53:12 2023

* Version:        2022.1 (Build 3526262 on Mon Apr 18 15:47:01 MDT 2022)
* Project:        hls_EstimateMotion
* Solution:       solution1 (Vivado IP Flow Target)
* Product family: virtexuplus
* Target device:  xcu50-fsvh2104-2L-e


================================================================
== Performance Estimates
================================================================
+ Timing: 
    * Summary: 
    +--------+----------+-----------+------------+
    |  Clock |  Target  | Estimated | Uncertainty|
    +--------+----------+-----------+------------+
    |ap_clk  |  60.00 ns|  40.386 ns|    16.20 ns|
    +--------+----------+-----------+------------+

+ Latency: 
    * Summary: 
    +---------+---------+----------+----------+-----+-----+---------+
    |  Latency (cycles) |  Latency (absolute) |  Interval | Pipeline|
    |   min   |   max   |    min   |    max   | min | max |   Type  |
    +---------+---------+----------+----------+-----+-----+---------+
    |        ?|        ?|         ?|         ?|    ?|    ?|       no|
    +---------+---------+----------+----------+-----+-----+---------+

    + Detail: 
        * Instance: 
        N/A

        * Loop: 
        +---------------------+---------+---------+----------+-----------+-----------+------+----------+
        |                     |  Latency (cycles) | Iteration|  Initiation Interval  | Trip |          |
        |      Loop Name      |   min   |   max   |  Latency |  achieved |   target  | Count| Pipelined|
        +---------------------+---------+---------+----------+-----------+-----------+------+----------+
        |- VITIS_LOOP_446_25  |        ?|        ?|         4|          2|          1|     ?|       yes|
        +---------------------+---------+---------+----------+-----------+-----------+------+----------+



================================================================
== Utilization Estimates
================================================================
* Summary: 
+---------------------+---------+------+---------+--------+-----+
|         Name        | BRAM_18K|  DSP |    FF   |   LUT  | URAM|
+---------------------+---------+------+---------+--------+-----+
|DSP                  |        -|     -|        -|       -|    -|
|Expression           |        -|     -|        0|     313|    -|
|FIFO                 |        -|     -|        -|       -|    -|
|Instance             |        -|    11|        0|     814|    -|
|Memory               |        -|     -|        -|       -|    -|
|Multiplexer          |        -|     -|        -|      86|    -|
|Register             |        -|     -|      342|       -|    -|
+---------------------+---------+------+---------+--------+-----+
|Total                |        0|    11|      342|    1213|    0|
+---------------------+---------+------+---------+--------+-----+
|Available SLR        |     1344|  2976|   871680|  435840|  320|
+---------------------+---------+------+---------+--------+-----+
|Utilization SLR (%)  |        0|    ~0|       ~0|      ~0|    0|
+---------------------+---------+------+---------+--------+-----+
|Available            |     2688|  5952|  1743360|  871680|  640|
+---------------------+---------+------+---------+--------+-----+
|Utilization (%)      |        0|    ~0|       ~0|      ~0|    0|
+---------------------+---------+------+---------+--------+-----+

+ Detail: 
    * Instance: 
    +-------------------------------------+--------------------------------+---------+----+---+-----+-----+
    |               Instance              |             Module             | BRAM_18K| DSP| FF| LUT | URAM|
    +-------------------------------------+--------------------------------+---------+----+---+-----+-----+
    |dadd_64ns_64ns_64_1_full_dsp_1_U495  |dadd_64ns_64ns_64_1_full_dsp_1  |        0|   3|  0|  708|    0|
    |dmul_64ns_64ns_64_1_max_dsp_1_U496   |dmul_64ns_64ns_64_1_max_dsp_1   |        0|   8|  0|  106|    0|
    +-------------------------------------+--------------------------------+---------+----+---+-----+-----+
    |Total                                |                                |        0|  11|  0|  814|    0|
    +-------------------------------------+--------------------------------+---------+----+---+-----+-----+

    * DSP: 
    N/A

    * Memory: 
    N/A

    * FIFO: 
    N/A

    * Expression: 
    +-----------------------+----------+----+---+----+------------+------------+
    |     Variable Name     | Operation| DSP| FF| LUT| Bitwidth P0| Bitwidth P1|
    +-----------------------+----------+----+---+----+------------+------------+
    |add_ln446_fu_191_p2    |         +|   0|  0|  71|          64|           1|
    |add_ln447_5_fu_177_p2  |         +|   0|  0|  12|           4|           4|
    |add_ln447_fu_167_p2    |         +|   0|  0|  12|           4|           4|
    |sub_ln447_fu_161_p2    |         -|   0|  0|  12|           4|           4|
    |addr_cmp14_fu_212_p2   |      icmp|   0|  0|  29|          64|          64|
    |addr_cmp_fu_197_p2     |      icmp|   0|  0|  29|          64|          64|
    |icmp_ln446_fu_186_p2   |      icmp|   0|  0|  20|          33|          33|
    |add_fu_104_p0          |    select|   0|  0|  63|           1|          64|
    |mul_fu_109_p1          |    select|   0|  0|  63|           1|          64|
    |ap_enable_pp0          |       xor|   0|  0|   2|           1|           2|
    +-----------------------+----------+----+---+----+------------+------------+
    |Total                  |          |   0|  0| 313|         240|         304|
    +-----------------------+----------+----+---+----+------------+------------+

    * Multiplexer: 
    +----------------------------------+----+-----------+-----+-----------+
    |               Name               | LUT| Input Size| Bits| Total Bits|
    +----------------------------------+----+-----------+-----+-----------+
    |ap_NS_fsm                         |  14|          3|    1|          3|
    |ap_done_int                       |   9|          2|    1|          2|
    |ap_enable_reg_pp0_iter0           |   9|          2|    1|          2|
    |ap_enable_reg_pp0_iter1           |   9|          2|    1|          2|
    |ap_enable_reg_pp0_iter2           |   9|          2|    1|          2|
    |ap_loop_exit_ready_pp0_iter1_reg  |   9|          2|    1|          2|
    |k_fu_52                           |   9|          2|   64|        128|
    |reuse_addr_reg_fu_44              |   9|          2|   64|        128|
    |reuse_reg_fu_48                   |   9|          2|   64|        128|
    +----------------------------------+----+-----------+-----+-----------+
    |Total                             |  86|         19|  198|        397|
    +----------------------------------+----+-----------+-----+-----------+

    * Register: 
    +----------------------------------+----+----+-----+-----------+
    |               Name               | FF | LUT| Bits| Const Bits|
    +----------------------------------+----+----+-----+-----------+
    |U_val_addr_335_reg_303            |   4|   0|    4|          0|
    |U_val_load_reg_308                |  64|   0|   64|          0|
    |add_ln447_5_reg_289               |   4|   0|    4|          0|
    |addr_cmp14_reg_313                |   1|   0|    1|          0|
    |addr_cmp_reg_298                  |   1|   0|    1|          0|
    |ap_CS_fsm                         |   2|   0|    2|          0|
    |ap_done_reg                       |   1|   0|    1|          0|
    |ap_enable_reg_pp0_iter0_reg       |   1|   0|    1|          0|
    |ap_enable_reg_pp0_iter1           |   1|   0|    1|          0|
    |ap_enable_reg_pp0_iter2           |   1|   0|    1|          0|
    |ap_loop_exit_ready_pp0_iter1_reg  |   1|   0|    1|          0|
    |empty_reg_279                     |   4|   0|    4|          0|
    |icmp_ln446_reg_294                |   1|   0|    1|          0|
    |k_fu_52                           |  64|   0|   64|          0|
    |mul_reg_318                       |  64|   0|   64|          0|
    |reuse_addr_reg_fu_44              |  64|   0|   64|          0|
    |reuse_reg_fu_48                   |  64|   0|   64|          0|
    +----------------------------------+----+----+-----+-----------+
    |Total                             | 342|   0|  342|          0|
    +----------------------------------+----+----+-----+-----------+



================================================================
== Interface
================================================================
* Summary: 
+----------------+-----+-----+------------+------------------------------------+--------------+
|    RTL Ports   | Dir | Bits|  Protocol  |            Source Object           |    C Type    |
+----------------+-----+-----+------------+------------------------------------+--------------+
|ap_clk          |   in|    1|  ap_ctrl_hs|  svd.3.1_Pipeline_VITIS_LOOP_446_25|  return value|
|ap_rst          |   in|    1|  ap_ctrl_hs|  svd.3.1_Pipeline_VITIS_LOOP_446_25|  return value|
|ap_start        |   in|    1|  ap_ctrl_hs|  svd.3.1_Pipeline_VITIS_LOOP_446_25|  return value|
|ap_done         |  out|    1|  ap_ctrl_hs|  svd.3.1_Pipeline_VITIS_LOOP_446_25|  return value|
|ap_idle         |  out|    1|  ap_ctrl_hs|  svd.3.1_Pipeline_VITIS_LOOP_446_25|  return value|
|ap_ready        |  out|    1|  ap_ctrl_hs|  svd.3.1_Pipeline_VITIS_LOOP_446_25|  return value|
|zext_ln432      |   in|   31|     ap_none|                          zext_ln432|        scalar|
|U_val_address0  |  out|    4|   ap_memory|                               U_val|         array|
|U_val_ce0       |  out|    1|   ap_memory|                               U_val|         array|
|U_val_we0       |  out|    1|   ap_memory|                               U_val|         array|
|U_val_d0        |  out|   64|   ap_memory|                               U_val|         array|
|U_val_q0        |   in|   64|   ap_memory|                               U_val|         array|
|U_val_address1  |  out|    4|   ap_memory|                               U_val|         array|
|U_val_ce1       |  out|    1|   ap_memory|                               U_val|         array|
|U_val_q1        |   in|   64|   ap_memory|                               U_val|         array|
|j_109           |   in|    4|     ap_none|                               j_109|        scalar|
|add_ln441_5     |   in|   33|     ap_none|                         add_ln441_5|        scalar|
|f_84            |   in|   64|     ap_none|                                f_84|        scalar|
+----------------+-----+-----+------------+------------------------------------+--------------+

