

================================================================
== Vitis HLS Report for 'svd_4_1_Pipeline_VITIS_LOOP_620_50'
================================================================
* Date:           Sun Feb  5 16:54:38 2023

* Version:        2022.1 (Build 3526262 on Mon Apr 18 15:47:01 MDT 2022)
* Project:        hls_EstimateMotion
* Solution:       solution1 (Vivado IP Flow Target)
* Product family: virtexuplus
* Target device:  xcu50-fsvh2104-2L-e


================================================================
== Performance Estimates
================================================================
+ Timing: 
    * Summary: 
    +--------+----------+----------+------------+
    |  Clock |  Target  | Estimated| Uncertainty|
    +--------+----------+----------+------------+
    |ap_clk  |  60.00 ns|  2.689 ns|    16.20 ns|
    +--------+----------+----------+------------+

+ Latency: 
    * Summary: 
    +---------+---------+----------+----------+-----+-----+---------+
    |  Latency (cycles) |  Latency (absolute) |  Interval | Pipeline|
    |   min   |   max   |    min   |    max   | min | max |   Type  |
    +---------+---------+----------+----------+-----+-----+---------+
    |        ?|        ?|         ?|         ?|    ?|    ?|       no|
    +---------+---------+----------+----------+-----+-----+---------+

    + Detail: 
        * Instance: 
        N/A

        * Loop: 
        +---------------------+---------+---------+----------+-----------+-----------+------+----------+
        |                     |  Latency (cycles) | Iteration|  Initiation Interval  | Trip |          |
        |      Loop Name      |   min   |   max   |  Latency |  achieved |   target  | Count| Pipelined|
        +---------------------+---------+---------+----------+-----------+-----------+------+----------+
        |- VITIS_LOOP_620_50  |        ?|        ?|         2|          1|          1|     ?|       yes|
        +---------------------+---------+---------+----------+-----------+-----------+------+----------+



================================================================
== Utilization Estimates
================================================================
* Summary: 
+---------------------+---------+------+---------+--------+-----+
|         Name        | BRAM_18K|  DSP |    FF   |   LUT  | URAM|
+---------------------+---------+------+---------+--------+-----+
|DSP                  |        -|     -|        -|       -|    -|
|Expression           |        -|     -|        0|     140|    -|
|FIFO                 |        -|     -|        -|       -|    -|
|Instance             |        -|     -|        -|       -|    -|
|Memory               |        -|     -|        -|       -|    -|
|Multiplexer          |        -|     -|        -|      36|    -|
|Register             |        -|     -|       19|       -|    -|
+---------------------+---------+------+---------+--------+-----+
|Total                |        0|     0|       19|     176|    0|
+---------------------+---------+------+---------+--------+-----+
|Available SLR        |     1344|  2976|   871680|  435840|  320|
+---------------------+---------+------+---------+--------+-----+
|Utilization SLR (%)  |        0|     0|       ~0|      ~0|    0|
+---------------------+---------+------+---------+--------+-----+
|Available            |     2688|  5952|  1743360|  871680|  640|
+---------------------+---------+------+---------+--------+-----+
|Utilization (%)      |        0|     0|       ~0|      ~0|    0|
+---------------------+---------+------+---------+--------+-----+

+ Detail: 
    * Instance: 
    N/A

    * DSP: 
    N/A

    * Memory: 
    N/A

    * FIFO: 
    N/A

    * Expression: 
    +---------------------+----------+----+---+----+------------+------------+
    |    Variable Name    | Operation| DSP| FF| LUT| Bitwidth P0| Bitwidth P1|
    +---------------------+----------+----+---+----+------------+------------+
    |add_ln620_fu_87_p2   |         +|   0|  0|  15|           8|           1|
    |add_ln621_fu_111_p2  |         +|   0|  0|  19|           8|           8|
    |sub_ln621_fu_105_p2  |         -|   0|  0|  19|           8|           8|
    |icmp_ln620_fu_81_p2  |      icmp|   0|  0|  20|          32|          32|
    |ap_enable_pp0        |       xor|   0|  0|   2|           1|           2|
    |xor_ln621_fu_131_p2  |       xor|   0|  0|  65|          64|          65|
    +---------------------+----------+----+---+----+------------+------------+
    |Total                |          |   0|  0| 140|         121|         116|
    +---------------------+----------+----+---+----+------------+------------+

    * Multiplexer: 
    +-------------------------+----+-----------+-----+-----------+
    |           Name          | LUT| Input Size| Bits| Total Bits|
    +-------------------------+----+-----------+-----+-----------+
    |ap_done_int              |   9|          2|    1|          2|
    |ap_enable_reg_pp0_iter1  |   9|          2|    1|          2|
    |ap_sig_allocacmp_i       |   9|          2|    8|         16|
    |i_66_fu_36               |   9|          2|    8|         16|
    +-------------------------+----+-----------+-----+-----------+
    |Total                    |  36|          8|   18|         36|
    +-------------------------+----+-----------+-----+-----------+

    * Register: 
    +-------------------------+---+----+-----+-----------+
    |           Name          | FF| LUT| Bits| Const Bits|
    +-------------------------+---+----+-----+-----------+
    |U_val_addr_reg_152       |  8|   0|    8|          0|
    |ap_CS_fsm                |  1|   0|    1|          0|
    |ap_done_reg              |  1|   0|    1|          0|
    |ap_enable_reg_pp0_iter1  |  1|   0|    1|          0|
    |i_66_fu_36               |  8|   0|    8|          0|
    +-------------------------+---+----+-----+-----------+
    |Total                    | 19|   0|   19|          0|
    +-------------------------+---+----+-----+-----------+



================================================================
== Interface
================================================================
* Summary: 
+----------------+-----+-----+------------+------------------------------------+--------------+
|    RTL Ports   | Dir | Bits|  Protocol  |            Source Object           |    C Type    |
+----------------+-----+-----+------------+------------------------------------+--------------+
|ap_clk          |   in|    1|  ap_ctrl_hs|  svd.4.1_Pipeline_VITIS_LOOP_620_50|  return value|
|ap_rst          |   in|    1|  ap_ctrl_hs|  svd.4.1_Pipeline_VITIS_LOOP_620_50|  return value|
|ap_start        |   in|    1|  ap_ctrl_hs|  svd.4.1_Pipeline_VITIS_LOOP_620_50|  return value|
|ap_done         |  out|    1|  ap_ctrl_hs|  svd.4.1_Pipeline_VITIS_LOOP_620_50|  return value|
|ap_idle         |  out|    1|  ap_ctrl_hs|  svd.4.1_Pipeline_VITIS_LOOP_620_50|  return value|
|ap_ready        |  out|    1|  ap_ctrl_hs|  svd.4.1_Pipeline_VITIS_LOOP_620_50|  return value|
|trunc_ln109     |   in|   32|     ap_none|                         trunc_ln109|        scalar|
|zext_ln337_10   |   in|    8|     ap_none|                       zext_ln337_10|        scalar|
|U_val_address0  |  out|    8|   ap_memory|                               U_val|         array|
|U_val_ce0       |  out|    1|   ap_memory|                               U_val|         array|
|U_val_we0       |  out|    1|   ap_memory|                               U_val|         array|
|U_val_d0        |  out|   64|   ap_memory|                               U_val|         array|
|U_val_address1  |  out|    8|   ap_memory|                               U_val|         array|
|U_val_ce1       |  out|    1|   ap_memory|                               U_val|         array|
|U_val_q1        |   in|   64|   ap_memory|                               U_val|         array|
+----------------+-----+-----+------------+------------------------------------+--------------+

