

================================================================
== Vitis HLS Report for 'svd_1_Pipeline_VITIS_LOOP_586_40'
================================================================
* Date:           Sun Feb  5 16:58:41 2023

* Version:        2022.1 (Build 3526262 on Mon Apr 18 15:47:01 MDT 2022)
* Project:        hls_EstimateMotion
* Solution:       solution1 (Vivado IP Flow Target)
* Product family: virtexuplus
* Target device:  xcu50-fsvh2104-2L-e


================================================================
== Performance Estimates
================================================================
+ Timing: 
    * Summary: 
    +--------+----------+----------+------------+
    |  Clock |  Target  | Estimated| Uncertainty|
    +--------+----------+----------+------------+
    |ap_clk  |  60.00 ns|  1.428 ns|    16.20 ns|
    +--------+----------+----------+------------+

+ Latency: 
    * Summary: 
    +---------+---------+----------+----------+-----+-----+---------+
    |  Latency (cycles) |  Latency (absolute) |  Interval | Pipeline|
    |   min   |   max   |    min   |    max   | min | max |   Type  |
    +---------+---------+----------+----------+-----+-----+---------+
    |        ?|        ?|         ?|         ?|    ?|    ?|       no|
    +---------+---------+----------+----------+-----+-----+---------+

    + Detail: 
        * Instance: 
        N/A

        * Loop: 
        +---------------------+---------+---------+----------+-----------+-----------+------+----------+
        |                     |  Latency (cycles) | Iteration|  Initiation Interval  | Trip |          |
        |      Loop Name      |   min   |   max   |  Latency |  achieved |   target  | Count| Pipelined|
        +---------------------+---------+---------+----------+-----------+-----------+------+----------+
        |- VITIS_LOOP_586_40  |        ?|        ?|         2|          1|          1|     ?|       yes|
        +---------------------+---------+---------+----------+-----------+-----------+------+----------+



================================================================
== Utilization Estimates
================================================================
* Summary: 
+---------------------+---------+------+---------+--------+-----+
|         Name        | BRAM_18K|  DSP |    FF   |   LUT  | URAM|
+---------------------+---------+------+---------+--------+-----+
|DSP                  |        -|     -|        -|       -|    -|
|Expression           |        -|     -|        0|      52|    -|
|FIFO                 |        -|     -|        -|       -|    -|
|Instance             |        -|     -|        -|       -|    -|
|Memory               |        -|     -|        -|       -|    -|
|Multiplexer          |        -|     -|        -|      36|    -|
|Register             |        -|     -|        9|       -|    -|
+---------------------+---------+------+---------+--------+-----+
|Total                |        0|     0|        9|      88|    0|
+---------------------+---------+------+---------+--------+-----+
|Available SLR        |     1344|  2976|   871680|  435840|  320|
+---------------------+---------+------+---------+--------+-----+
|Utilization SLR (%)  |        0|     0|       ~0|      ~0|    0|
+---------------------+---------+------+---------+--------+-----+
|Available            |     2688|  5952|  1743360|  871680|  640|
+---------------------+---------+------+---------+--------+-----+
|Utilization (%)      |        0|     0|       ~0|      ~0|    0|
+---------------------+---------+------+---------+--------+-----+

+ Detail: 
    * Instance: 
    N/A

    * DSP: 
    N/A

    * Memory: 
    N/A

    * FIFO: 
    N/A

    * Expression: 
    +---------------------+----------+----+---+----+------------+------------+
    |    Variable Name    | Operation| DSP| FF| LUT| Bitwidth P0| Bitwidth P1|
    +---------------------+----------+----+---+----+------------+------------+
    |add_ln586_fu_103_p2  |         +|   0|  0|  10|           3|           1|
    |add_ln587_fu_135_p2  |         +|   0|  0|  10|           5|           5|
    |sub_ln587_fu_129_p2  |         -|   0|  0|  10|           5|           5|
    |icmp_ln586_fu_97_p2  |      icmp|   0|  0|  20|          32|          32|
    |ap_enable_pp0        |       xor|   0|  0|   2|           1|           2|
    +---------------------+----------+----+---+----+------------+------------+
    |Total                |          |   0|  0|  52|          46|          45|
    +---------------------+----------+----+---+----+------------+------------+

    * Multiplexer: 
    +-------------------------+----+-----------+-----+-----------+
    |           Name          | LUT| Input Size| Bits| Total Bits|
    +-------------------------+----+-----------+-----+-----------+
    |ap_done_int              |   9|          2|    1|          2|
    |ap_enable_reg_pp0_iter1  |   9|          2|    1|          2|
    |ap_sig_allocacmp_k       |   9|          2|    3|          6|
    |k_42_fu_38               |   9|          2|    3|          6|
    +-------------------------+----+-----------+-----+-----------+
    |Total                    |  36|          8|    8|         16|
    +-------------------------+----+-----------+-----+-----------+

    * Register: 
    +-------------------------+---+----+-----+-----------+
    |           Name          | FF| LUT| Bits| Const Bits|
    +-------------------------+---+----+-----+-----------+
    |ap_CS_fsm                |  1|   0|    1|          0|
    |ap_done_reg              |  1|   0|    1|          0|
    |ap_enable_reg_pp0_iter1  |  1|   0|    1|          0|
    |k_42_fu_38               |  3|   0|    3|          0|
    |k_reg_162                |  3|   0|    3|          0|
    +-------------------------+---+----+-----+-----------+
    |Total                    |  9|   0|    9|          0|
    +-------------------------+---+----+-----+-----------+



================================================================
== Interface
================================================================
* Summary: 
+----------------+-----+-----+------------+----------------------------------+--------------+
|    RTL Ports   | Dir | Bits|  Protocol  |           Source Object          |    C Type    |
+----------------+-----+-----+------------+----------------------------------+--------------+
|ap_clk          |   in|    1|  ap_ctrl_hs|  svd.1_Pipeline_VITIS_LOOP_586_40|  return value|
|ap_rst          |   in|    1|  ap_ctrl_hs|  svd.1_Pipeline_VITIS_LOOP_586_40|  return value|
|ap_start        |   in|    1|  ap_ctrl_hs|  svd.1_Pipeline_VITIS_LOOP_586_40|  return value|
|ap_done         |  out|    1|  ap_ctrl_hs|  svd.1_Pipeline_VITIS_LOOP_586_40|  return value|
|ap_idle         |  out|    1|  ap_ctrl_hs|  svd.1_Pipeline_VITIS_LOOP_586_40|  return value|
|ap_ready        |  out|    1|  ap_ctrl_hs|  svd.1_Pipeline_VITIS_LOOP_586_40|  return value|
|trunc_ln409_2   |   in|   32|     ap_none|                     trunc_ln409_2|        scalar|
|j_145           |   in|    5|     ap_none|                             j_145|        scalar|
|U_val_address0  |  out|    5|   ap_memory|                             U_val|         array|
|U_val_ce0       |  out|    1|   ap_memory|                             U_val|         array|
|U_val_q0        |   in|   64|   ap_memory|                             U_val|         array|
|su_address0     |  out|    3|   ap_memory|                                su|         array|
|su_ce0          |  out|    1|   ap_memory|                                su|         array|
|su_we0          |  out|    1|   ap_memory|                                su|         array|
|su_d0           |  out|   64|   ap_memory|                                su|         array|
+----------------+-----+-----+------------+----------------------------------+--------------+

