

================================================================
== Vitis HLS Report for 'svd_Pipeline_VITIS_LOOP_594_43'
================================================================
* Date:           Sun Feb  5 17:03:54 2023

* Version:        2022.1 (Build 3526262 on Mon Apr 18 15:47:01 MDT 2022)
* Project:        hls_EstimateMotion
* Solution:       solution1 (Vivado IP Flow Target)
* Product family: virtexuplus
* Target device:  xcu50-fsvh2104-2L-e


================================================================
== Performance Estimates
================================================================
+ Timing: 
    * Summary: 
    +--------+----------+----------+------------+
    |  Clock |  Target  | Estimated| Uncertainty|
    +--------+----------+----------+------------+
    |ap_clk  |  60.00 ns|  2.127 ns|    16.20 ns|
    +--------+----------+----------+------------+

+ Latency: 
    * Summary: 
    +---------+---------+----------+----------+-----+-----+---------+
    |  Latency (cycles) |  Latency (absolute) |  Interval | Pipeline|
    |   min   |   max   |    min   |    max   | min | max |   Type  |
    +---------+---------+----------+----------+-----+-----+---------+
    |        2|        9|  0.120 us|  0.540 us|    2|    9|       no|
    +---------+---------+----------+----------+-----+-----+---------+

    + Detail: 
        * Instance: 
        N/A

        * Loop: 
        +---------------------+---------+---------+----------+-----------+-----------+-------+----------+
        |                     |  Latency (cycles) | Iteration|  Initiation Interval  |  Trip |          |
        |      Loop Name      |   min   |   max   |  Latency |  achieved |   target  | Count | Pipelined|
        +---------------------+---------+---------+----------+-----------+-----------+-------+----------+
        |- VITIS_LOOP_594_43  |        0|        7|         2|          1|          1|  0 ~ 7|       yes|
        +---------------------+---------+---------+----------+-----------+-----------+-------+----------+



================================================================
== Utilization Estimates
================================================================
* Summary: 
+---------------------+---------+------+---------+--------+-----+
|         Name        | BRAM_18K|  DSP |    FF   |   LUT  | URAM|
+---------------------+---------+------+---------+--------+-----+
|DSP                  |        -|     -|        -|       -|    -|
|Expression           |        -|     -|        0|      71|    -|
|FIFO                 |        -|     -|        -|       -|    -|
|Instance             |        -|     -|        -|       -|    -|
|Memory               |        -|     -|        -|       -|    -|
|Multiplexer          |        -|     -|        -|      36|    -|
|Register             |        -|     -|       12|       -|    -|
+---------------------+---------+------+---------+--------+-----+
|Total                |        0|     0|       12|     107|    0|
+---------------------+---------+------+---------+--------+-----+
|Available SLR        |     1344|  2976|   871680|  435840|  320|
+---------------------+---------+------+---------+--------+-----+
|Utilization SLR (%)  |        0|     0|       ~0|      ~0|    0|
+---------------------+---------+------+---------+--------+-----+
|Available            |     2688|  5952|  1743360|  871680|  640|
+---------------------+---------+------+---------+--------+-----+
|Utilization (%)      |        0|     0|       ~0|      ~0|    0|
+---------------------+---------+------+---------+--------+-----+

+ Detail: 
    * Instance: 
    N/A

    * DSP: 
    N/A

    * Memory: 
    N/A

    * FIFO: 
    N/A

    * Expression: 
    +-----------------------+----------+----+---+----+------------+------------+
    |     Variable Name     | Operation| DSP| FF| LUT| Bitwidth P0| Bitwidth P1|
    +-----------------------+----------+----+---+----+------------+------------+
    |add_ln594_fu_114_p2    |         +|   0|  0|  10|           3|           1|
    |add_ln595_1_fu_157_p2  |         +|   0|  0|  13|           6|           6|
    |add_ln595_fu_146_p2    |         +|   0|  0|  13|           6|           6|
    |sub_ln595_fu_140_p2    |         -|   0|  0|  13|           6|           6|
    |icmp_ln594_fu_108_p2   |      icmp|   0|  0|  20|          32|          32|
    |ap_enable_pp0          |       xor|   0|  0|   2|           1|           2|
    +-----------------------+----------+----+---+----+------------+------------+
    |Total                  |          |   0|  0|  71|          54|          53|
    +-----------------------+----------+----+---+----+------------+------------+

    * Multiplexer: 
    +-------------------------+----+-----------+-----+-----------+
    |           Name          | LUT| Input Size| Bits| Total Bits|
    +-------------------------+----+-----------+-----+-----------+
    |ap_done_int              |   9|          2|    1|          2|
    |ap_enable_reg_pp0_iter1  |   9|          2|    1|          2|
    |ap_sig_allocacmp_k_5     |   9|          2|    3|          6|
    |k_fu_44                  |   9|          2|    3|          6|
    +-------------------------+----+-----------+-----+-----------+
    |Total                    |  36|          8|    8|         16|
    +-------------------------+----+-----------+-----+-----------+

    * Register: 
    +-------------------------+---+----+-----+-----------+
    |           Name          | FF| LUT| Bits| Const Bits|
    +-------------------------+---+----+-----+-----------+
    |add_ln595_1_reg_187      |  6|   0|    6|          0|
    |ap_CS_fsm                |  1|   0|    1|          0|
    |ap_done_reg              |  1|   0|    1|          0|
    |ap_enable_reg_pp0_iter1  |  1|   0|    1|          0|
    |k_fu_44                  |  3|   0|    3|          0|
    +-------------------------+---+----+-----+-----------+
    |Total                    | 12|   0|   12|          0|
    +-------------------------+---+----+-----+-----------+



================================================================
== Interface
================================================================
* Summary: 
+----------------+-----+-----+------------+--------------------------------+--------------+
|    RTL Ports   | Dir | Bits|  Protocol  |          Source Object         |    C Type    |
+----------------+-----+-----+------------+--------------------------------+--------------+
|ap_clk          |   in|    1|  ap_ctrl_hs|  svd_Pipeline_VITIS_LOOP_594_43|  return value|
|ap_rst          |   in|    1|  ap_ctrl_hs|  svd_Pipeline_VITIS_LOOP_594_43|  return value|
|ap_start        |   in|    1|  ap_ctrl_hs|  svd_Pipeline_VITIS_LOOP_594_43|  return value|
|ap_done         |  out|    1|  ap_ctrl_hs|  svd_Pipeline_VITIS_LOOP_594_43|  return value|
|ap_idle         |  out|    1|  ap_ctrl_hs|  svd_Pipeline_VITIS_LOOP_594_43|  return value|
|ap_ready        |  out|    1|  ap_ctrl_hs|  svd_Pipeline_VITIS_LOOP_594_43|  return value|
|trunc_ln409_1   |   in|   32|     ap_none|                   trunc_ln409_1|        scalar|
|zext_ln591      |   in|    6|     ap_none|                      zext_ln591|        scalar|
|U_val_address0  |  out|    6|   ap_memory|                           U_val|         array|
|U_val_ce0       |  out|    1|   ap_memory|                           U_val|         array|
|U_val_we0       |  out|    1|   ap_memory|                           U_val|         array|
|U_val_d0        |  out|   64|   ap_memory|                           U_val|         array|
|U_val_address1  |  out|    6|   ap_memory|                           U_val|         array|
|U_val_ce1       |  out|    1|   ap_memory|                           U_val|         array|
|U_val_q1        |   in|   64|   ap_memory|                           U_val|         array|
|zext_ln593      |   in|    3|     ap_none|                      zext_ln593|        scalar|
+----------------+-----+-----+------------+--------------------------------+--------------+

