

================================================================
== Vitis HLS Report for 'svd_7_Pipeline_VITIS_LOOP_349_2'
================================================================
* Date:           Sun Feb  5 16:56:18 2023

* Version:        2022.1 (Build 3526262 on Mon Apr 18 15:47:01 MDT 2022)
* Project:        hls_EstimateMotion
* Solution:       solution1 (Vivado IP Flow Target)
* Product family: virtexuplus
* Target device:  xcu50-fsvh2104-2L-e


================================================================
== Performance Estimates
================================================================
+ Timing: 
    * Summary: 
    +--------+----------+-----------+------------+
    |  Clock |  Target  | Estimated | Uncertainty|
    +--------+----------+-----------+------------+
    |ap_clk  |  60.00 ns|  36.541 ns|    16.20 ns|
    +--------+----------+-----------+------------+

+ Latency: 
    * Summary: 
    +---------+---------+----------+----------+-----+-----+---------+
    |  Latency (cycles) |  Latency (absolute) |  Interval | Pipeline|
    |   min   |   max   |    min   |    max   | min | max |   Type  |
    +---------+---------+----------+----------+-----+-----+---------+
    |        ?|        ?|         ?|         ?|    ?|    ?|       no|
    +---------+---------+----------+----------+-----+-----+---------+

    + Detail: 
        * Instance: 
        N/A

        * Loop: 
        +--------------------+---------+---------+----------+-----------+-----------+------+----------+
        |                    |  Latency (cycles) | Iteration|  Initiation Interval  | Trip |          |
        |      Loop Name     |   min   |   max   |  Latency |  achieved |   target  | Count| Pipelined|
        +--------------------+---------+---------+----------+-----------+-----------+------+----------+
        |- VITIS_LOOP_349_2  |        ?|        ?|         2|          1|          1|     ?|       yes|
        +--------------------+---------+---------+----------+-----------+-----------+------+----------+



================================================================
== Utilization Estimates
================================================================
* Summary: 
+---------------------+---------+------+---------+--------+-----+
|         Name        | BRAM_18K|  DSP |    FF   |   LUT  | URAM|
+---------------------+---------+------+---------+--------+-----+
|DSP                  |        -|     -|        -|       -|    -|
|Expression           |        -|     -|        0|     116|    -|
|FIFO                 |        -|     -|        -|       -|    -|
|Instance             |        -|     3|        0|     708|    -|
|Memory               |        -|     -|        -|       -|    -|
|Multiplexer          |        -|     -|        -|      45|    -|
|Register             |        -|     -|      168|       -|    -|
+---------------------+---------+------+---------+--------+-----+
|Total                |        0|     3|      168|     869|    0|
+---------------------+---------+------+---------+--------+-----+
|Available SLR        |     1344|  2976|   871680|  435840|  320|
+---------------------+---------+------+---------+--------+-----+
|Utilization SLR (%)  |        0|    ~0|       ~0|      ~0|    0|
+---------------------+---------+------+---------+--------+-----+
|Available            |     2688|  5952|  1743360|  871680|  640|
+---------------------+---------+------+---------+--------+-----+
|Utilization (%)      |        0|    ~0|       ~0|      ~0|    0|
+---------------------+---------+------+---------+--------+-----+

+ Detail: 
    * Instance: 
    +--------------------------------------+--------------------------------+---------+----+---+-----+-----+
    |               Instance               |             Module             | BRAM_18K| DSP| FF| LUT | URAM|
    +--------------------------------------+--------------------------------+---------+----+---+-----+-----+
    |dadd_64ns_64ns_64_1_full_dsp_1_U1715  |dadd_64ns_64ns_64_1_full_dsp_1  |        0|   3|  0|  708|    0|
    +--------------------------------------+--------------------------------+---------+----+---+-----+-----+
    |Total                                 |                                |        0|   3|  0|  708|    0|
    +--------------------------------------+--------------------------------+---------+----+---+-----+-----+

    * DSP: 
    N/A

    * Memory: 
    N/A

    * FIFO: 
    N/A

    * Expression: 
    +----------------------+----------+----+---+----+------------+------------+
    |     Variable Name    | Operation| DSP| FF| LUT| Bitwidth P0| Bitwidth P1|
    +----------------------+----------+----+---+----+------------+------------+
    |add_ln349_fu_146_p2   |         +|   0|  0|  71|          64|           1|
    |newSecond_fu_130_p2   |         +|   0|  0|   7|           4|           4|
    |newFirst_fu_125_p2    |         -|   0|  0|   7|           4|           4|
    |icmp_ln349_fu_141_p2  |      icmp|   0|  0|  29|          64|          64|
    |ap_enable_pp0         |       xor|   0|  0|   2|           1|           2|
    +----------------------+----------+----+---+----+------------+------------+
    |Total                 |          |   0|  0| 116|         137|          75|
    +----------------------+----------+----+---+----+------------+------------+

    * Multiplexer: 
    +-------------------------+----+-----------+-----+-----------+
    |           Name          | LUT| Input Size| Bits| Total Bits|
    +-------------------------+----+-----------+-----+-----------+
    |ap_done_int              |   9|          2|    1|          2|
    |ap_enable_reg_pp0_iter1  |   9|          2|    1|          2|
    |ap_enable_reg_pp0_iter2  |   9|          2|    1|          2|
    |k_3_fu_44                |   9|          2|   64|        128|
    |scale_1_fu_40            |   9|          2|   64|        128|
    +-------------------------+----+-----------+-----+-----------+
    |Total                    |  45|         10|  131|        262|
    +-------------------------+----+-----------+-----+-----------+

    * Register: 
    +-------------------------+----+----+-----+-----------+
    |           Name          | FF | LUT| Bits| Const Bits|
    +-------------------------+----+----+-----+-----------+
    |ap_CS_fsm                |   1|   0|    1|          0|
    |ap_done_reg              |   1|   0|    1|          0|
    |ap_enable_reg_pp0_iter1  |   1|   0|    1|          0|
    |ap_enable_reg_pp0_iter2  |   1|   0|    1|          0|
    |empty_reg_211            |   4|   0|    4|          0|
    |k_3_fu_44                |  64|   0|   64|          0|
    |scale_1_fu_40            |  64|   0|   64|          0|
    |zext_ln349_cast_reg_206  |  32|   0|   64|         32|
    +-------------------------+----+----+-----+-----------+
    |Total                    | 168|   0|  200|         32|
    +-------------------------+----+----+-----+-----------+



================================================================
== Interface
================================================================
* Summary: 
+--------------------+-----+-----+------------+---------------------------------+--------------+
|      RTL Ports     | Dir | Bits|  Protocol  |          Source Object          |    C Type    |
+--------------------+-----+-----+------------+---------------------------------+--------------+
|ap_clk              |   in|    1|  ap_ctrl_hs|  svd.7_Pipeline_VITIS_LOOP_349_2|  return value|
|ap_rst              |   in|    1|  ap_ctrl_hs|  svd.7_Pipeline_VITIS_LOOP_349_2|  return value|
|ap_start            |   in|    1|  ap_ctrl_hs|  svd.7_Pipeline_VITIS_LOOP_349_2|  return value|
|ap_done             |  out|    1|  ap_ctrl_hs|  svd.7_Pipeline_VITIS_LOOP_349_2|  return value|
|ap_idle             |  out|    1|  ap_ctrl_hs|  svd.7_Pipeline_VITIS_LOOP_349_2|  return value|
|ap_ready            |  out|    1|  ap_ctrl_hs|  svd.7_Pipeline_VITIS_LOOP_349_2|  return value|
|zext_ln337          |   in|   32|     ap_none|                       zext_ln337|        scalar|
|U_val_address0      |  out|    4|   ap_memory|                            U_val|         array|
|U_val_ce0           |  out|    1|   ap_memory|                            U_val|         array|
|U_val_q0            |   in|   64|   ap_memory|                            U_val|         array|
|zext_ln349          |   in|   32|     ap_none|                       zext_ln349|        scalar|
|scale_1_out         |  out|   64|      ap_vld|                      scale_1_out|       pointer|
|scale_1_out_ap_vld  |  out|    1|      ap_vld|                      scale_1_out|       pointer|
+--------------------+-----+-----+------------+---------------------------------+--------------+

