

================================================================
== Vitis HLS Report for 'svd_5_Pipeline_VITIS_LOOP_537_35'
================================================================
* Date:           Sun Feb  5 17:00:53 2023

* Version:        2022.1 (Build 3526262 on Mon Apr 18 15:47:01 MDT 2022)
* Project:        hls_EstimateMotion
* Solution:       solution1 (Vivado IP Flow Target)
* Product family: virtexuplus
* Target device:  xcu50-fsvh2104-2L-e


================================================================
== Performance Estimates
================================================================
+ Timing: 
    * Summary: 
    +--------+----------+-----------+------------+
    |  Clock |  Target  | Estimated | Uncertainty|
    +--------+----------+-----------+------------+
    |ap_clk  |  60.00 ns|  39.975 ns|    16.20 ns|
    +--------+----------+-----------+------------+

+ Latency: 
    * Summary: 
    +---------+---------+----------+----------+-----+-----+---------+
    |  Latency (cycles) |  Latency (absolute) |  Interval | Pipeline|
    |   min   |   max   |    min   |    max   | min | max |   Type  |
    +---------+---------+----------+----------+-----+-----+---------+
    |        ?|        ?|         ?|         ?|    ?|    ?|       no|
    +---------+---------+----------+----------+-----+-----+---------+

    + Detail: 
        * Instance: 
        N/A

        * Loop: 
        +---------------------+---------+---------+----------+-----------+-----------+------+----------+
        |                     |  Latency (cycles) | Iteration|  Initiation Interval  | Trip |          |
        |      Loop Name      |   min   |   max   |  Latency |  achieved |   target  | Count| Pipelined|
        +---------------------+---------+---------+----------+-----------+-----------+------+----------+
        |- VITIS_LOOP_537_35  |        ?|        ?|         5|          5|          1|     ?|       yes|
        +---------------------+---------+---------+----------+-----------+-----------+------+----------+



================================================================
== Utilization Estimates
================================================================
* Summary: 
+---------------------+---------+------+---------+--------+-----+
|         Name        | BRAM_18K|  DSP |    FF   |   LUT  | URAM|
+---------------------+---------+------+---------+--------+-----+
|DSP                  |        -|     -|        -|       -|    -|
|Expression           |        -|     -|        0|    8713|    -|
|FIFO                 |        -|     -|        -|       -|    -|
|Instance             |        -|    49|        0|    1020|    -|
|Memory               |        -|     -|        -|       -|    -|
|Multiplexer          |        -|     -|        -|     146|    -|
|Register             |        -|     -|      816|       -|    -|
+---------------------+---------+------+---------+--------+-----+
|Total                |        0|    49|      816|    9879|    0|
+---------------------+---------+------+---------+--------+-----+
|Available SLR        |     1344|  2976|   871680|  435840|  320|
+---------------------+---------+------+---------+--------+-----+
|Utilization SLR (%)  |        0|     1|       ~0|       2|    0|
+---------------------+---------+------+---------+--------+-----+
|Available            |     2688|  5952|  1743360|  871680|  640|
+---------------------+---------+------+---------+--------+-----+
|Utilization (%)      |        0|    ~0|       ~0|       1|    0|
+---------------------+---------+------+---------+--------+-----+

+ Detail: 
    * Instance: 
    +------------------------------------------+------------------------------------+---------+----+---+-----+-----+
    |                 Instance                 |               Module               | BRAM_18K| DSP| FF| LUT | URAM|
    +------------------------------------------+------------------------------------+---------+----+---+-----+-----+
    |dadddsub_64ns_64ns_64_1_full_dsp_1_U3234  |dadddsub_64ns_64ns_64_1_full_dsp_1  |        0|   3|  0|  708|    0|
    |dmul_64ns_64ns_64_1_max_dsp_1_U3235       |dmul_64ns_64ns_64_1_max_dsp_1       |        0|   8|  0|  106|    0|
    |dmul_64ns_64ns_64_1_max_dsp_1_U3236       |dmul_64ns_64ns_64_1_max_dsp_1       |        0|   8|  0|  106|    0|
    |mul_64ns_66ns_129_1_1_U3237               |mul_64ns_66ns_129_1_1               |        0|  15|  0|   50|    0|
    |mul_64ns_66ns_129_1_1_U3238               |mul_64ns_66ns_129_1_1               |        0|  15|  0|   50|    0|
    +------------------------------------------+------------------------------------+---------+----+---+-----+-----+
    |Total                                     |                                    |        0|  49|  0| 1020|    0|
    +------------------------------------------+------------------------------------+---------+----+---+-----+-----+

    * DSP: 
    N/A

    * Memory: 
    N/A

    * FIFO: 
    N/A

    * Expression: 
    +-----------------------+----------+----+---+------+------------+------------+
    |     Variable Name     | Operation| DSP| FF|  LUT | Bitwidth P0| Bitwidth P1|
    +-----------------------+----------+----+---+------+------------+------------+
    |add_ln537_fu_191_p2    |         +|   0|  0|    39|          32|           1|
    |add_ln539_1_fu_237_p2  |         +|   0|  0|    41|          41|          41|
    |add_ln539_2_fu_350_p2  |         +|   0|  0|    64|          64|          64|
    |add_ln539_fu_231_p2    |         +|   0|  0|    41|          41|          17|
    |add_ln540_2_fu_362_p2  |         +|   0|  0|    41|          41|          41|
    |add_ln540_3_fu_475_p2  |         +|   0|  0|    64|          64|          64|
    |add_ln540_fu_356_p2    |         +|   0|  0|    41|          41|          17|
    |add_ln541_1_fu_481_p2  |         +|   0|  0|    47|          40|          40|
    |add_ln541_2_fu_491_p2  |         +|   0|  0|    56|          56|          17|
    |add_ln541_fu_497_p2    |         +|   0|  0|    56|          56|          56|
    |add_ln542_1_fu_509_p2  |         +|   0|  0|    56|          56|          17|
    |add_ln542_fu_515_p2    |         +|   0|  0|    56|          56|          56|
    |sub_ln539_1_fu_338_p2  |         -|   0|  0|    64|          64|          64|
    |sub_ln539_2_fu_344_p2  |         -|   0|  0|    63|          56|          56|
    |sub_ln539_fu_221_p2    |         -|   0|  0|    47|          40|          40|
    |sub_ln540_1_fu_469_p2  |         -|   0|  0|    63|          56|          56|
    |sub_ln540_fu_463_p2    |         -|   0|  0|    64|          64|          64|
    |icmp_ln537_fu_185_p2   |      icmp|   0|  0|    20|          32|          32|
    |lshr_ln539_fu_543_p2   |      lshr|   0|  0|  1865|         448|         448|
    |lshr_ln540_fu_564_p2   |      lshr|   0|  0|  1865|         448|         448|
    |pnp_iter_d0            |       shl|   0|  0|  1865|         448|         448|
    |pnp_iter_d1            |       shl|   0|  0|  1865|         448|         448|
    |shl_ln541_fu_503_p2    |       shl|   0|  0|   165|           8|          56|
    |shl_ln542_fu_521_p2    |       shl|   0|  0|   165|           8|          56|
    +-----------------------+----------+----+---+------+------------+------------+
    |Total                  |          |   0|  0|  8713|        2708|        2647|
    +-----------------------+----------+----+---+------+------------+------------+

    * Multiplexer: 
    +-----------------------+----+-----------+-----+-----------+
    |          Name         | LUT| Input Size| Bits| Total Bits|
    +-----------------------+----+-----------+-----+-----------+
    |ap_NS_fsm              |  31|          6|    1|          6|
    |ap_done_int            |   9|          2|    1|          2|
    |ap_sig_allocacmp_jj_4  |   9|          2|   32|         64|
    |grp_fu_151_opcode      |  14|          3|    2|          6|
    |grp_fu_155_p0          |  14|          3|   64|        192|
    |grp_fu_159_p0          |  14|          3|   64|        192|
    |jj_fu_92               |   9|          2|   32|         64|
    |pnp_iter_address0      |  14|          3|   13|         39|
    |pnp_iter_address1      |  14|          3|   13|         39|
    |pnp_iter_we0           |   9|          2|   56|        112|
    |pnp_iter_we1           |   9|          2|   56|        112|
    +-----------------------+----+-----------+-----+-----------+
    |Total                  | 146|         31|  334|        828|
    +-----------------------+----+-----------+-----+-----------+

    * Register: 
    +-------------------------+----+----+-----+-----------+
    |           Name          | FF | LUT| Bits| Const Bits|
    +-------------------------+----+----+-----+-----------+
    |add_ln539_2_reg_636      |  64|   0|   64|          0|
    |add_ln540_3_reg_647      |  64|   0|   64|          0|
    |ap_CS_fsm                |   5|   0|    5|          0|
    |ap_done_reg              |   1|   0|    1|          0|
    |jj_fu_92                 |  32|   0|   32|          0|
    |pnp_iter_addr_2_reg_641  |  13|   0|   13|          0|
    |pnp_iter_addr_reg_630    |  13|   0|   13|          0|
    |reg_163                  |  64|   0|   64|          0|
    |reg_168                  |  64|   0|   64|          0|
    |shl_ln541_reg_652        |  56|   0|   56|          0|
    |shl_ln542_reg_657        |  56|   0|   56|          0|
    |trunc_ln539_reg_667      |  64|   0|   64|          0|
    |trunc_ln540_reg_677      |  64|   0|   64|          0|
    |x_reg_682                |  64|   0|   64|          0|
    |z_reg_687                |  64|   0|   64|          0|
    |zext_ln539_5_reg_662     |  64|   0|  448|        384|
    |zext_ln540_2_reg_672     |  64|   0|  448|        384|
    +-------------------------+----+----+-----+-----------+
    |Total                    | 816|   0| 1584|        768|
    +-------------------------+----+----+-----+-----------+



================================================================
== Interface
================================================================
* Summary: 
+-------------------+-----+-----+------------+----------------------------------+--------------+
|     RTL Ports     | Dir | Bits|  Protocol  |           Source Object          |    C Type    |
+-------------------+-----+-----+------------+----------------------------------+--------------+
|ap_clk             |   in|    1|  ap_ctrl_hs|  svd.5_Pipeline_VITIS_LOOP_537_35|  return value|
|ap_rst             |   in|    1|  ap_ctrl_hs|  svd.5_Pipeline_VITIS_LOOP_537_35|  return value|
|ap_start           |   in|    1|  ap_ctrl_hs|  svd.5_Pipeline_VITIS_LOOP_537_35|  return value|
|ap_done            |  out|    1|  ap_ctrl_hs|  svd.5_Pipeline_VITIS_LOOP_537_35|  return value|
|ap_idle            |  out|    1|  ap_ctrl_hs|  svd.5_Pipeline_VITIS_LOOP_537_35|  return value|
|ap_ready           |  out|    1|  ap_ctrl_hs|  svd.5_Pipeline_VITIS_LOOP_537_35|  return value|
|l                  |   in|   32|     ap_none|                                 l|        scalar|
|zext_ln539         |   in|    7|     ap_none|                        zext_ln539|        scalar|
|pnp_iter_address0  |  out|   13|   ap_memory|                          pnp_iter|         array|
|pnp_iter_ce0       |  out|    1|   ap_memory|                          pnp_iter|         array|
|pnp_iter_we0       |  out|   56|   ap_memory|                          pnp_iter|         array|
|pnp_iter_d0        |  out|  448|   ap_memory|                          pnp_iter|         array|
|pnp_iter_q0        |   in|  448|   ap_memory|                          pnp_iter|         array|
|pnp_iter_address1  |  out|   13|   ap_memory|                          pnp_iter|         array|
|pnp_iter_ce1       |  out|    1|   ap_memory|                          pnp_iter|         array|
|pnp_iter_we1       |  out|   56|   ap_memory|                          pnp_iter|         array|
|pnp_iter_d1        |  out|  448|   ap_memory|                          pnp_iter|         array|
|pnp_iter_q1        |   in|  448|   ap_memory|                          pnp_iter|         array|
|c_8                |   in|   64|     ap_none|                               c_8|        scalar|
|s_30               |   in|   64|     ap_none|                              s_30|        scalar|
|trunc_ln101        |   in|   40|     ap_none|                       trunc_ln101|        scalar|
+-------------------+-----+-----+------------+----------------------------------+--------------+

