

================================================================
== Vitis HLS Report for 'svd_1_Pipeline_VITIS_LOOP_588_41'
================================================================
* Date:           Sun Feb  5 16:58:42 2023

* Version:        2022.1 (Build 3526262 on Mon Apr 18 15:47:01 MDT 2022)
* Project:        hls_EstimateMotion
* Solution:       solution1 (Vivado IP Flow Target)
* Product family: virtexuplus
* Target device:  xcu50-fsvh2104-2L-e


================================================================
== Performance Estimates
================================================================
+ Timing: 
    * Summary: 
    +--------+----------+----------+------------+
    |  Clock |  Target  | Estimated| Uncertainty|
    +--------+----------+----------+------------+
    |ap_clk  |  60.00 ns|  1.532 ns|    16.20 ns|
    +--------+----------+----------+------------+

+ Latency: 
    * Summary: 
    +---------+---------+----------+----------+-----+-----+---------+
    |  Latency (cycles) |  Latency (absolute) |  Interval | Pipeline|
    |   min   |   max   |    min   |    max   | min | max |   Type  |
    +---------+---------+----------+----------+-----+-----+---------+
    |        ?|        ?|         ?|         ?|    ?|    ?|       no|
    +---------+---------+----------+----------+-----+-----+---------+

    + Detail: 
        * Instance: 
        N/A

        * Loop: 
        +---------------------+---------+---------+----------+-----------+-----------+------+----------+
        |                     |  Latency (cycles) | Iteration|  Initiation Interval  | Trip |          |
        |      Loop Name      |   min   |   max   |  Latency |  achieved |   target  | Count| Pipelined|
        +---------------------+---------+---------+----------+-----------+-----------+------+----------+
        |- VITIS_LOOP_588_41  |        ?|        ?|         2|          1|          1|     ?|       yes|
        +---------------------+---------+---------+----------+-----------+-----------+------+----------+



================================================================
== Utilization Estimates
================================================================
* Summary: 
+---------------------+---------+------+---------+--------+-----+
|         Name        | BRAM_18K|  DSP |    FF   |   LUT  | URAM|
+---------------------+---------+------+---------+--------+-----+
|DSP                  |        -|     -|        -|       -|    -|
|Expression           |        -|     -|        0|      68|    -|
|FIFO                 |        -|     -|        -|       -|    -|
|Instance             |        -|     -|        -|       -|    -|
|Memory               |        -|     -|        -|       -|    -|
|Multiplexer          |        -|     -|        -|      36|    -|
|Register             |        -|     -|        9|       -|    -|
+---------------------+---------+------+---------+--------+-----+
|Total                |        0|     0|        9|     104|    0|
+---------------------+---------+------+---------+--------+-----+
|Available SLR        |     1344|  2976|   871680|  435840|  320|
+---------------------+---------+------+---------+--------+-----+
|Utilization SLR (%)  |        0|     0|       ~0|      ~0|    0|
+---------------------+---------+------+---------+--------+-----+
|Available            |     2688|  5952|  1743360|  871680|  640|
+---------------------+---------+------+---------+--------+-----+
|Utilization (%)      |        0|     0|       ~0|      ~0|    0|
+---------------------+---------+------+---------+--------+-----+

+ Detail: 
    * Instance: 
    N/A

    * DSP: 
    N/A

    * Memory: 
    N/A

    * FIFO: 
    N/A

    * Expression: 
    +----------------------+----------+----+---+----+------------+------------+
    |     Variable Name    | Operation| DSP| FF| LUT| Bitwidth P0| Bitwidth P1|
    +----------------------+----------+----+---+----+------------+------------+
    |add_ln588_fu_108_p2   |         +|   0|  0|  10|           3|           1|
    |add_ln589_fu_140_p2   |         +|   0|  0|  18|           9|           9|
    |sub_ln589_fu_134_p2   |         -|   0|  0|  18|           9|           9|
    |icmp_ln588_fu_102_p2  |      icmp|   0|  0|  20|          32|          32|
    |ap_enable_pp0         |       xor|   0|  0|   2|           1|           2|
    +----------------------+----------+----+---+----+------------+------------+
    |Total                 |          |   0|  0|  68|          54|          53|
    +----------------------+----------+----+---+----+------------+------------+

    * Multiplexer: 
    +-------------------------+----+-----------+-----+-----------+
    |           Name          | LUT| Input Size| Bits| Total Bits|
    +-------------------------+----+-----------+-----+-----------+
    |ap_done_int              |   9|          2|    1|          2|
    |ap_enable_reg_pp0_iter1  |   9|          2|    1|          2|
    |ap_sig_allocacmp_k       |   9|          2|    3|          6|
    |k_45_fu_48               |   9|          2|    3|          6|
    +-------------------------+----+-----------+-----+-----------+
    |Total                    |  36|          8|    8|         16|
    +-------------------------+----+-----------+-----+-----------+

    * Register: 
    +-------------------------+---+----+-----+-----------+
    |           Name          | FF| LUT| Bits| Const Bits|
    +-------------------------+---+----+-----+-----------+
    |ap_CS_fsm                |  1|   0|    1|          0|
    |ap_done_reg              |  1|   0|    1|          0|
    |ap_enable_reg_pp0_iter1  |  1|   0|    1|          0|
    |k_45_fu_48               |  3|   0|    3|          0|
    |k_reg_182                |  3|   0|    3|          0|
    +-------------------------+---+----+-----+-----------+
    |Total                    |  9|   0|    9|          0|
    +-------------------------+---+----+-----+-----------+



================================================================
== Interface
================================================================
* Summary: 
+-------------+-----+-----+------------+----------------------------------+--------------+
|  RTL Ports  | Dir | Bits|  Protocol  |           Source Object          |    C Type    |
+-------------+-----+-----+------------+----------------------------------+--------------+
|ap_clk       |   in|    1|  ap_ctrl_hs|  svd.1_Pipeline_VITIS_LOOP_588_41|  return value|
|ap_rst       |   in|    1|  ap_ctrl_hs|  svd.1_Pipeline_VITIS_LOOP_588_41|  return value|
|ap_start     |   in|    1|  ap_ctrl_hs|  svd.1_Pipeline_VITIS_LOOP_588_41|  return value|
|ap_done      |  out|    1|  ap_ctrl_hs|  svd.1_Pipeline_VITIS_LOOP_588_41|  return value|
|ap_idle      |  out|    1|  ap_ctrl_hs|  svd.1_Pipeline_VITIS_LOOP_588_41|  return value|
|ap_ready     |  out|    1|  ap_ctrl_hs|  svd.1_Pipeline_VITIS_LOOP_588_41|  return value|
|p_cast92     |   in|   32|     ap_none|                          p_cast92|        scalar|
|shl_ln109    |   in|    9|     ap_none|                         shl_ln109|        scalar|
|V_address0   |  out|    6|   ap_memory|                                 V|         array|
|V_ce0        |  out|    1|   ap_memory|                                 V|         array|
|V_q0         |   in|   64|   ap_memory|                                 V|         array|
|sv_address0  |  out|    3|   ap_memory|                                sv|         array|
|sv_ce0       |  out|    1|   ap_memory|                                sv|         array|
|sv_we0       |  out|    1|   ap_memory|                                sv|         array|
|sv_d0        |  out|   64|   ap_memory|                                sv|         array|
+-------------+-----+-----+------------+----------------------------------+--------------+

