

================================================================
== Vitis HLS Report for 'svd_3_1_Pipeline_VITIS_LOOP_425_20'
================================================================
* Date:           Sun Feb  5 16:53:09 2023

* Version:        2022.1 (Build 3526262 on Mon Apr 18 15:47:01 MDT 2022)
* Project:        hls_EstimateMotion
* Solution:       solution1 (Vivado IP Flow Target)
* Product family: virtexuplus
* Target device:  xcu50-fsvh2104-2L-e


================================================================
== Performance Estimates
================================================================
+ Timing: 
    * Summary: 
    +--------+----------+-----------+------------+
    |  Clock |  Target  | Estimated | Uncertainty|
    +--------+----------+-----------+------------+
    |ap_clk  |  60.00 ns|  10.444 ns|    16.20 ns|
    +--------+----------+-----------+------------+

+ Latency: 
    * Summary: 
    +---------+---------+----------+----------+-----+-----+---------+
    |  Latency (cycles) |  Latency (absolute) |  Interval | Pipeline|
    |   min   |   max   |    min   |    max   | min | max |   Type  |
    +---------+---------+----------+----------+-----+-----+---------+
    |        ?|        ?|         ?|         ?|    ?|    ?|       no|
    +---------+---------+----------+----------+-----+-----+---------+

    + Detail: 
        * Instance: 
        N/A

        * Loop: 
        +---------------------+---------+---------+----------+-----------+-----------+------+----------+
        |                     |  Latency (cycles) | Iteration|  Initiation Interval  | Trip |          |
        |      Loop Name      |   min   |   max   |  Latency |  achieved |   target  | Count| Pipelined|
        +---------------------+---------+---------+----------+-----------+-----------+------+----------+
        |- VITIS_LOOP_425_20  |        ?|        ?|         2|          2|          1|     ?|       yes|
        +---------------------+---------+---------+----------+-----------+-----------+------+----------+



================================================================
== Utilization Estimates
================================================================
* Summary: 
+---------------------+---------+------+---------+--------+-----+
|         Name        | BRAM_18K|  DSP |    FF   |   LUT  | URAM|
+---------------------+---------+------+---------+--------+-----+
|DSP                  |        -|     -|        -|       -|    -|
|Expression           |        -|     -|        0|    1198|    -|
|FIFO                 |        -|     -|        -|       -|    -|
|Instance             |        -|    30|        0|     100|    -|
|Memory               |        -|     -|        -|       -|    -|
|Multiplexer          |        -|     -|        -|      78|    -|
|Register             |        -|     -|      186|       -|    -|
+---------------------+---------+------+---------+--------+-----+
|Total                |        0|    30|      186|    1376|    0|
+---------------------+---------+------+---------+--------+-----+
|Available SLR        |     1344|  2976|   871680|  435840|  320|
+---------------------+---------+------+---------+--------+-----+
|Utilization SLR (%)  |        0|     1|       ~0|      ~0|    0|
+---------------------+---------+------+---------+--------+-----+
|Available            |     2688|  5952|  1743360|  871680|  640|
+---------------------+---------+------+---------+--------+-----+
|Utilization (%)      |        0|    ~0|       ~0|      ~0|    0|
+---------------------+---------+------+---------+--------+-----+

+ Detail: 
    * Instance: 
    +----------------------------+-----------------------+---------+----+---+----+-----+
    |          Instance          |         Module        | BRAM_18K| DSP| FF| LUT| URAM|
    +----------------------------+-----------------------+---------+----+---+----+-----+
    |mul_64ns_66ns_129_1_1_U474  |mul_64ns_66ns_129_1_1  |        0|  15|  0|  50|    0|
    |mul_64ns_66ns_129_1_1_U475  |mul_64ns_66ns_129_1_1  |        0|  15|  0|  50|    0|
    +----------------------------+-----------------------+---------+----+---+----+-----+
    |Total                       |                       |        0|  30|  0| 100|    0|
    +----------------------------+-----------------------+---------+----+---+----+-----+

    * DSP: 
    N/A

    * Memory: 
    N/A

    * FIFO: 
    N/A

    * Expression: 
    +------------------------+----------+----+---+-----+------------+------------+
    |      Variable Name     | Operation| DSP| FF| LUT | Bitwidth P0| Bitwidth P1|
    +------------------------+----------+----+---+-----+------------+------------+
    |add_ln425_fu_297_p2     |         +|   0|  0|   71|          64|           1|
    |add_ln426_10_fu_269_p2  |         +|   0|  0|   56|          56|          56|
    |add_ln426_11_fu_286_p2  |         +|   0|  0|   64|          64|          10|
    |add_ln426_12_fu_381_p2  |         +|   0|  0|   56|          56|          56|
    |add_ln426_13_fu_386_p2  |         +|   0|  0|   56|          56|          10|
    |add_ln426_14_fu_392_p2  |         +|   0|  0|   56|          56|          56|
    |add_ln426_6_fu_186_p2   |         +|   0|  0|   64|          64|          64|
    |add_ln426_7_fu_258_p2   |         +|   0|  0|   56|          56|          56|
    |add_ln426_8_fu_263_p2   |         +|   0|  0|   56|          56|          10|
    |add_ln426_9_fu_292_p2   |         +|   0|  0|   64|          64|          64|
    |add_ln426_fu_180_p2     |         +|   0|  0|   64|          64|          10|
    |sub_ln426_6_fu_170_p2   |         -|   0|  0|   71|          64|          64|
    |sub_ln426_7_fu_252_p2   |         -|   0|  0|   56|          56|          56|
    |sub_ln426_8_fu_375_p2   |         -|   0|  0|   56|          56|          56|
    |icmp_ln425_fu_153_p2    |      icmp|   0|  0|   20|          32|          32|
    |shl_ln426_2_fu_398_p2   |       shl|   0|  0|  165|           8|          56|
    |shl_ln426_fu_275_p2     |       shl|   0|  0|  165|           8|          56|
    |ap_enable_pp0           |       xor|   0|  0|    2|           1|           2|
    +------------------------+----------+----+---+-----+------------+------------+
    |Total                   |          |   0|  0| 1198|         881|         715|
    +------------------------+----------+----+---+-----+------------+------------+

    * Multiplexer: 
    +-------------------------+----+-----------+-----+-----------+
    |           Name          | LUT| Input Size| Bits| Total Bits|
    +-------------------------+----+-----------+-----+-----------+
    |ap_NS_fsm                |  14|          3|    1|          3|
    |ap_done_int              |   9|          2|    1|          2|
    |ap_enable_reg_pp0_iter0  |   9|          2|    1|          2|
    |ap_enable_reg_pp0_iter1  |   9|          2|    1|          2|
    |epnp_address0            |  14|          3|    8|         24|
    |epnp_we0                 |  14|          3|   56|        168|
    |j_fu_78                  |   9|          2|   64|        128|
    +-------------------------+----+-----------+-----+-----------+
    |Total                    |  78|         17|  132|        329|
    +-------------------------+----+-----------+-----+-----------+

    * Register: 
    +-----------------------------+----+----+-----+-----------+
    |             Name            | FF | LUT| Bits| Const Bits|
    +-----------------------------+----+----+-----+-----------+
    |add_ln426_9_reg_445          |  64|   0|   64|          0|
    |ap_CS_fsm                    |   2|   0|    2|          0|
    |ap_done_reg                  |   1|   0|    1|          0|
    |ap_enable_reg_pp0_iter0_reg  |   1|   0|    1|          0|
    |ap_enable_reg_pp0_iter1      |   1|   0|    1|          0|
    |j_fu_78                      |  64|   0|   64|          0|
    |trunc_ln426_13_reg_440       |  53|   0|   53|          0|
    +-----------------------------+----+----+-----+-----------+
    |Total                        | 186|   0|  186|          0|
    +-----------------------------+----+----+-----+-----------+



================================================================
== Interface
================================================================
* Summary: 
+---------------+-----+-----+------------+------------------------------------+--------------+
|   RTL Ports   | Dir | Bits|  Protocol  |            Source Object           |    C Type    |
+---------------+-----+-----+------------+------------------------------------+--------------+
|ap_clk         |   in|    1|  ap_ctrl_hs|  svd.3.1_Pipeline_VITIS_LOOP_425_20|  return value|
|ap_rst         |   in|    1|  ap_ctrl_hs|  svd.3.1_Pipeline_VITIS_LOOP_425_20|  return value|
|ap_start       |   in|    1|  ap_ctrl_hs|  svd.3.1_Pipeline_VITIS_LOOP_425_20|  return value|
|ap_done        |  out|    1|  ap_ctrl_hs|  svd.3.1_Pipeline_VITIS_LOOP_425_20|  return value|
|ap_idle        |  out|    1|  ap_ctrl_hs|  svd.3.1_Pipeline_VITIS_LOOP_425_20|  return value|
|ap_ready       |  out|    1|  ap_ctrl_hs|  svd.3.1_Pipeline_VITIS_LOOP_425_20|  return value|
|sext_ln425     |   in|   32|     ap_none|                          sext_ln425|        scalar|
|l              |   in|   32|     ap_none|                                   l|        scalar|
|shl_ln426_24   |   in|   64|     ap_none|                        shl_ln426_24|        scalar|
|trunc_ln426_1  |   in|   56|     ap_none|                       trunc_ln426_1|        scalar|
|epnp_address0  |  out|    8|   ap_memory|                                epnp|         array|
|epnp_ce0       |  out|    1|   ap_memory|                                epnp|         array|
|epnp_we0       |  out|   56|   ap_memory|                                epnp|         array|
|epnp_d0        |  out|  448|   ap_memory|                                epnp|         array|
|sub_ln426      |   in|   64|     ap_none|                           sub_ln426|        scalar|
|trunc_ln214    |   in|   56|     ap_none|                         trunc_ln214|        scalar|
+---------------+-----+-----+------------+------------------------------------+--------------+

