

================================================================
== Vitis HLS Report for 'svd_3_1_Pipeline_VITIS_LOOP_586_40'
================================================================
* Date:           Sun Feb  5 16:53:21 2023

* Version:        2022.1 (Build 3526262 on Mon Apr 18 15:47:01 MDT 2022)
* Project:        hls_EstimateMotion
* Solution:       solution1 (Vivado IP Flow Target)
* Product family: virtexuplus
* Target device:  xcu50-fsvh2104-2L-e


================================================================
== Performance Estimates
================================================================
+ Timing: 
    * Summary: 
    +--------+----------+----------+------------+
    |  Clock |  Target  | Estimated| Uncertainty|
    +--------+----------+----------+------------+
    |ap_clk  |  60.00 ns|  1.267 ns|    16.20 ns|
    +--------+----------+----------+------------+

+ Latency: 
    * Summary: 
    +---------+---------+----------+----------+-----+-----+---------+
    |  Latency (cycles) |  Latency (absolute) |  Interval | Pipeline|
    |   min   |   max   |    min   |    max   | min | max |   Type  |
    +---------+---------+----------+----------+-----+-----+---------+
    |        ?|        ?|         ?|         ?|    ?|    ?|       no|
    +---------+---------+----------+----------+-----+-----+---------+

    + Detail: 
        * Instance: 
        N/A

        * Loop: 
        +---------------------+---------+---------+----------+-----------+-----------+------+----------+
        |                     |  Latency (cycles) | Iteration|  Initiation Interval  | Trip |          |
        |      Loop Name      |   min   |   max   |  Latency |  achieved |   target  | Count| Pipelined|
        +---------------------+---------+---------+----------+-----------+-----------+------+----------+
        |- VITIS_LOOP_586_40  |        ?|        ?|         2|          1|          1|     ?|       yes|
        +---------------------+---------+---------+----------+-----------+-----------+------+----------+



================================================================
== Utilization Estimates
================================================================
* Summary: 
+---------------------+---------+------+---------+--------+-----+
|         Name        | BRAM_18K|  DSP |    FF   |   LUT  | URAM|
+---------------------+---------+------+---------+--------+-----+
|DSP                  |        -|     -|        -|       -|    -|
|Expression           |        -|     -|        0|      77|    -|
|FIFO                 |        -|     -|        -|       -|    -|
|Instance             |        -|     -|        -|       -|    -|
|Memory               |        -|     -|        -|       -|    -|
|Multiplexer          |        -|     -|        -|      63|    -|
|Register             |        -|     -|      229|       -|    -|
+---------------------+---------+------+---------+--------+-----+
|Total                |        0|     0|      229|     140|    0|
+---------------------+---------+------+---------+--------+-----+
|Available SLR        |     1344|  2976|   871680|  435840|  320|
+---------------------+---------+------+---------+--------+-----+
|Utilization SLR (%)  |        0|     0|       ~0|      ~0|    0|
+---------------------+---------+------+---------+--------+-----+
|Available            |     2688|  5952|  1743360|  871680|  640|
+---------------------+---------+------+---------+--------+-----+
|Utilization (%)      |        0|     0|       ~0|      ~0|    0|
+---------------------+---------+------+---------+--------+-----+

+ Detail: 
    * Instance: 
    N/A

    * DSP: 
    N/A

    * Memory: 
    N/A

    * FIFO: 
    N/A

    * Expression: 
    +----------------------+----------+----+---+----+------------+------------+
    |     Variable Name    | Operation| DSP| FF| LUT| Bitwidth P0| Bitwidth P1|
    +----------------------+----------+----+---+----+------------+------------+
    |add_ln586_fu_161_p2   |         +|   0|  0|  39|          32|           1|
    |add_ln587_fu_185_p2   |         +|   0|  0|   7|           4|           4|
    |sub_ln587_fu_179_p2   |         -|   0|  0|   7|           4|           4|
    |ap_condition_191      |       and|   0|  0|   2|           1|           1|
    |icmp_ln586_fu_155_p2  |      icmp|   0|  0|  20|          32|          32|
    |ap_enable_pp0         |       xor|   0|  0|   2|           1|           2|
    +----------------------+----------+----+---+----+------------+------------+
    |Total                 |          |   0|  0|  77|          74|          44|
    +----------------------+----------+----+---+----+------------+------------+

    * Multiplexer: 
    +-------------------------+----+-----------+-----+-----------+
    |           Name          | LUT| Input Size| Bits| Total Bits|
    +-------------------------+----+-----------+-----+-----------+
    |ap_done_int              |   9|          2|    1|          2|
    |ap_enable_reg_pp0_iter1  |   9|          2|    1|          2|
    |ap_sig_allocacmp_k_110   |   9|          2|   32|         64|
    |k_fu_48                  |   9|          2|   32|         64|
    |su_1_12_fu_60            |   9|          2|   64|        128|
    |su_1_2_fu_56             |   9|          2|   64|        128|
    |su_1_fu_52               |   9|          2|   64|        128|
    +-------------------------+----+-----------+-----+-----------+
    |Total                    |  63|         14|  258|        516|
    +-------------------------+----+-----------+-----+-----------+

    * Register: 
    +-------------------------+----+----+-----+-----------+
    |           Name          | FF | LUT| Bits| Const Bits|
    +-------------------------+----+----+-----+-----------+
    |ap_CS_fsm                |   1|   0|    1|          0|
    |ap_done_reg              |   1|   0|    1|          0|
    |ap_enable_reg_pp0_iter1  |   1|   0|    1|          0|
    |empty_reg_256            |   2|   0|    2|          0|
    |k_fu_48                  |  32|   0|   32|          0|
    |su_1_12_fu_60            |  64|   0|   64|          0|
    |su_1_2_fu_56             |  64|   0|   64|          0|
    |su_1_fu_52               |  64|   0|   64|          0|
    +-------------------------+----+----+-----+-----------+
    |Total                    | 229|   0|  229|          0|
    +-------------------------+----+----+-----+-----------+



================================================================
== Interface
================================================================
* Summary: 
+-------------------+-----+-----+------------+------------------------------------+--------------+
|     RTL Ports     | Dir | Bits|  Protocol  |            Source Object           |    C Type    |
+-------------------+-----+-----+------------+------------------------------------+--------------+
|ap_clk             |   in|    1|  ap_ctrl_hs|  svd.3.1_Pipeline_VITIS_LOOP_586_40|  return value|
|ap_rst             |   in|    1|  ap_ctrl_hs|  svd.3.1_Pipeline_VITIS_LOOP_586_40|  return value|
|ap_start           |   in|    1|  ap_ctrl_hs|  svd.3.1_Pipeline_VITIS_LOOP_586_40|  return value|
|ap_done            |  out|    1|  ap_ctrl_hs|  svd.3.1_Pipeline_VITIS_LOOP_586_40|  return value|
|ap_idle            |  out|    1|  ap_ctrl_hs|  svd.3.1_Pipeline_VITIS_LOOP_586_40|  return value|
|ap_ready           |  out|    1|  ap_ctrl_hs|  svd.3.1_Pipeline_VITIS_LOOP_586_40|  return value|
|su_2_1             |   in|   64|     ap_none|                              su_2_1|        scalar|
|su_1_1             |   in|   64|     ap_none|                              su_1_1|        scalar|
|su_0_1             |   in|   64|     ap_none|                              su_0_1|        scalar|
|trunc_ln204        |   in|   32|     ap_none|                         trunc_ln204|        scalar|
|j_121              |   in|    4|     ap_none|                               j_121|        scalar|
|U_val_address0     |  out|    4|   ap_memory|                               U_val|         array|
|U_val_ce0          |  out|    1|   ap_memory|                               U_val|         array|
|U_val_q0           |   in|   64|   ap_memory|                               U_val|         array|
|su_2_2_out         |  out|   64|      ap_vld|                          su_2_2_out|       pointer|
|su_2_2_out_ap_vld  |  out|    1|      ap_vld|                          su_2_2_out|       pointer|
|su_1_2_out         |  out|   64|      ap_vld|                          su_1_2_out|       pointer|
|su_1_2_out_ap_vld  |  out|    1|      ap_vld|                          su_1_2_out|       pointer|
|su_0_2_out         |  out|   64|      ap_vld|                          su_0_2_out|       pointer|
|su_0_2_out_ap_vld  |  out|    1|      ap_vld|                          su_0_2_out|       pointer|
+-------------------+-----+-----+------------+------------------------------------+--------------+

