

================================================================
== Vitis HLS Report for 'svd_7_Pipeline_VITIS_LOOP_537_35'
================================================================
* Date:           Sun Feb  5 16:56:41 2023

* Version:        2022.1 (Build 3526262 on Mon Apr 18 15:47:01 MDT 2022)
* Project:        hls_EstimateMotion
* Solution:       solution1 (Vivado IP Flow Target)
* Product family: virtexuplus
* Target device:  xcu50-fsvh2104-2L-e


================================================================
== Performance Estimates
================================================================
+ Timing: 
    * Summary: 
    +--------+----------+-----------+------------+
    |  Clock |  Target  | Estimated | Uncertainty|
    +--------+----------+-----------+------------+
    |ap_clk  |  60.00 ns|  40.689 ns|    16.20 ns|
    +--------+----------+-----------+------------+

+ Latency: 
    * Summary: 
    +---------+---------+----------+----------+-----+-----+---------+
    |  Latency (cycles) |  Latency (absolute) |  Interval | Pipeline|
    |   min   |   max   |    min   |    max   | min | max |   Type  |
    +---------+---------+----------+----------+-----+-----+---------+
    |        ?|        ?|         ?|         ?|    ?|    ?|       no|
    +---------+---------+----------+----------+-----+-----+---------+

    + Detail: 
        * Instance: 
        N/A

        * Loop: 
        +---------------------+---------+---------+----------+-----------+-----------+------+----------+
        |                     |  Latency (cycles) | Iteration|  Initiation Interval  | Trip |          |
        |      Loop Name      |   min   |   max   |  Latency |  achieved |   target  | Count| Pipelined|
        +---------------------+---------+---------+----------+-----------+-----------+------+----------+
        |- VITIS_LOOP_537_35  |        ?|        ?|         4|          4|          1|     ?|       yes|
        +---------------------+---------+---------+----------+-----------+-----------+------+----------+



================================================================
== Utilization Estimates
================================================================
* Summary: 
+---------------------+---------+------+---------+--------+-----+
|         Name        | BRAM_18K|  DSP |    FF   |   LUT  | URAM|
+---------------------+---------+------+---------+--------+-----+
|DSP                  |        -|     -|        -|       -|    -|
|Expression           |        -|     -|        0|     119|    -|
|FIFO                 |        -|     -|        -|       -|    -|
|Instance             |        -|    19|        0|     920|    -|
|Memory               |        -|     -|        -|       -|    -|
|Multiplexer          |        -|     -|        -|     141|    -|
|Register             |        -|     -|      301|       -|    -|
+---------------------+---------+------+---------+--------+-----+
|Total                |        0|    19|      301|    1180|    0|
+---------------------+---------+------+---------+--------+-----+
|Available SLR        |     1344|  2976|   871680|  435840|  320|
+---------------------+---------+------+---------+--------+-----+
|Utilization SLR (%)  |        0|    ~0|       ~0|      ~0|    0|
+---------------------+---------+------+---------+--------+-----+
|Available            |     2688|  5952|  1743360|  871680|  640|
+---------------------+---------+------+---------+--------+-----+
|Utilization (%)      |        0|    ~0|       ~0|      ~0|    0|
+---------------------+---------+------+---------+--------+-----+

+ Detail: 
    * Instance: 
    +------------------------------------------+------------------------------------+---------+----+---+-----+-----+
    |                 Instance                 |               Module               | BRAM_18K| DSP| FF| LUT | URAM|
    +------------------------------------------+------------------------------------+---------+----+---+-----+-----+
    |dadddsub_64ns_64ns_64_1_full_dsp_1_U1886  |dadddsub_64ns_64ns_64_1_full_dsp_1  |        0|   3|  0|  708|    0|
    |dmul_64ns_64ns_64_1_max_dsp_1_U1887       |dmul_64ns_64ns_64_1_max_dsp_1       |        0|   8|  0|  106|    0|
    |dmul_64ns_64ns_64_1_max_dsp_1_U1888       |dmul_64ns_64ns_64_1_max_dsp_1       |        0|   8|  0|  106|    0|
    +------------------------------------------+------------------------------------+---------+----+---+-----+-----+
    |Total                                     |                                    |        0|  19|  0|  920|    0|
    +------------------------------------------+------------------------------------+---------+----+---+-----+-----+

    * DSP: 
    N/A

    * Memory: 
    N/A

    * FIFO: 
    N/A

    * Expression: 
    +-----------------------+----------+----+---+----+------------+------------+
    |     Variable Name     | Operation| DSP| FF| LUT| Bitwidth P0| Bitwidth P1|
    +-----------------------+----------+----+---+----+------------+------------+
    |add_ln537_fu_143_p2    |         +|   0|  0|  39|          32|           1|
    |add_ln539_fu_179_p2    |         +|   0|  0|  14|           7|           7|
    |add_ln540_1_fu_206_p2  |         +|   0|  0|  16|           7|           7|
    |add_ln540_fu_200_p2    |         +|   0|  0|  16|           7|           4|
    |sub_ln539_fu_173_p2    |         -|   0|  0|  14|           7|           7|
    |icmp_ln537_fu_137_p2   |      icmp|   0|  0|  20|          32|          32|
    +-----------------------+----------+----+---+----+------------+------------+
    |Total                  |          |   0|  0| 119|          92|          58|
    +-----------------------+----------+----+---+----+------------+------------+

    * Multiplexer: 
    +-----------------------+----+-----------+-----+-----------+
    |          Name         | LUT| Input Size| Bits| Total Bits|
    +-----------------------+----+-----------+-----+-----------+
    |ABt_V_address0         |  14|          3|    4|         12|
    |ABt_V_address1         |  14|          3|    4|         12|
    |ABt_V_we0              |   9|          2|    8|         16|
    |ABt_V_we1              |   9|          2|    8|         16|
    |ap_NS_fsm              |  26|          5|    1|          5|
    |ap_done_int            |   9|          2|    1|          2|
    |ap_sig_allocacmp_jj_3  |   9|          2|   32|         64|
    |grp_fu_107_opcode      |  14|          3|    2|          6|
    |grp_fu_111_p0          |  14|          3|   64|        192|
    |grp_fu_115_p0          |  14|          3|   64|        192|
    |jj_fu_54               |   9|          2|   32|         64|
    +-----------------------+----+-----------+-----+-----------+
    |Total                  | 141|         30|  220|        581|
    +-----------------------+----+-----------+-----+-----------+

    * Register: 
    +----------------------+----+----+-----+-----------+
    |         Name         | FF | LUT| Bits| Const Bits|
    +----------------------+----+----+-----+-----------+
    |ABt_V_addr_2_reg_278  |   4|   0|    4|          0|
    |ABt_V_addr_reg_272    |   4|   0|    4|          0|
    |ap_CS_fsm             |   4|   0|    4|          0|
    |ap_done_reg           |   1|   0|    1|          0|
    |jj_fu_54              |  32|   0|   32|          0|
    |reg_119               |  64|   0|   64|          0|
    |reg_124               |  64|   0|   64|          0|
    |x_reg_284             |  64|   0|   64|          0|
    |z_reg_289             |  64|   0|   64|          0|
    +----------------------+----+----+-----+-----------+
    |Total                 | 301|   0|  301|          0|
    +----------------------+----+----+-----+-----------+



================================================================
== Interface
================================================================
* Summary: 
+----------------+-----+-----+------------+----------------------------------+--------------+
|    RTL Ports   | Dir | Bits|  Protocol  |           Source Object          |    C Type    |
+----------------+-----+-----+------------+----------------------------------+--------------+
|ap_clk          |   in|    1|  ap_ctrl_hs|  svd.7_Pipeline_VITIS_LOOP_537_35|  return value|
|ap_rst          |   in|    1|  ap_ctrl_hs|  svd.7_Pipeline_VITIS_LOOP_537_35|  return value|
|ap_start        |   in|    1|  ap_ctrl_hs|  svd.7_Pipeline_VITIS_LOOP_537_35|  return value|
|ap_done         |  out|    1|  ap_ctrl_hs|  svd.7_Pipeline_VITIS_LOOP_537_35|  return value|
|ap_idle         |  out|    1|  ap_ctrl_hs|  svd.7_Pipeline_VITIS_LOOP_537_35|  return value|
|ap_ready        |  out|    1|  ap_ctrl_hs|  svd.7_Pipeline_VITIS_LOOP_537_35|  return value|
|trunc_ln411_1   |   in|   32|     ap_none|                     trunc_ln411_1|        scalar|
|shl_ln25        |   in|    7|     ap_none|                          shl_ln25|        scalar|
|ABt_V_address0  |  out|    4|   ap_memory|                             ABt_V|         array|
|ABt_V_ce0       |  out|    1|   ap_memory|                             ABt_V|         array|
|ABt_V_we0       |  out|    8|   ap_memory|                             ABt_V|         array|
|ABt_V_d0        |  out|   64|   ap_memory|                             ABt_V|         array|
|ABt_V_q0        |   in|   64|   ap_memory|                             ABt_V|         array|
|ABt_V_address1  |  out|    4|   ap_memory|                             ABt_V|         array|
|ABt_V_ce1       |  out|    1|   ap_memory|                             ABt_V|         array|
|ABt_V_we1       |  out|    8|   ap_memory|                             ABt_V|         array|
|ABt_V_d1        |  out|   64|   ap_memory|                             ABt_V|         array|
|ABt_V_q1        |   in|   64|   ap_memory|                             ABt_V|         array|
|c_4             |   in|   64|     ap_none|                               c_4|        scalar|
|s_14            |   in|   64|     ap_none|                              s_14|        scalar|
+----------------+-----+-----+------------+----------------------------------+--------------+

