

================================================================
== Vitis HLS Report for 'update_Pipeline_VITIS_LOOP_81_3'
================================================================
* Date:           Sun Feb  5 17:03:05 2023

* Version:        2022.1 (Build 3526262 on Mon Apr 18 15:47:01 MDT 2022)
* Project:        hls_EstimateMotion
* Solution:       solution1 (Vivado IP Flow Target)
* Product family: virtexuplus
* Target device:  xcu50-fsvh2104-2L-e


================================================================
== Performance Estimates
================================================================
+ Timing: 
    * Summary: 
    +--------+----------+-----------+------------+
    |  Clock |  Target  | Estimated | Uncertainty|
    +--------+----------+-----------+------------+
    |ap_clk  |  60.00 ns|  42.958 ns|    16.20 ns|
    +--------+----------+-----------+------------+

+ Latency: 
    * Summary: 
    +---------+---------+----------+----------+-----+-----+---------+
    |  Latency (cycles) |  Latency (absolute) |  Interval | Pipeline|
    |   min   |   max   |    min   |    max   | min | max |   Type  |
    +---------+---------+----------+----------+-----+-----+---------+
    |        ?|        ?|         ?|         ?|    ?|    ?|       no|
    +---------+---------+----------+----------+-----+-----+---------+

    + Detail: 
        * Instance: 
        N/A

        * Loop: 
        +-------------------+---------+---------+----------+-----------+-----------+------+----------+
        |                   |  Latency (cycles) | Iteration|  Initiation Interval  | Trip |          |
        |     Loop Name     |   min   |   max   |  Latency |  achieved |   target  | Count| Pipelined|
        +-------------------+---------+---------+----------+-----------+-----------+------+----------+
        |- VITIS_LOOP_81_3  |        ?|        ?|         3|          1|          1|     ?|       yes|
        +-------------------+---------+---------+----------+-----------+-----------+------+----------+



================================================================
== Utilization Estimates
================================================================
* Summary: 
+---------------------+---------+------+---------+--------+-----+
|         Name        | BRAM_18K|  DSP |    FF   |   LUT  | URAM|
+---------------------+---------+------+---------+--------+-----+
|DSP                  |        -|     -|        -|       -|    -|
|Expression           |        -|     -|        0|    2112|    -|
|FIFO                 |        -|     -|        -|       -|    -|
|Instance             |        -|    15|        0|     841|    -|
|Memory               |        -|     -|        -|       -|    -|
|Multiplexer          |        -|     -|        -|      45|    -|
|Register             |        -|     -|      204|       -|    -|
+---------------------+---------+------+---------+--------+-----+
|Total                |        0|    15|      204|    2998|    0|
+---------------------+---------+------+---------+--------+-----+
|Available SLR        |     1344|  2976|   871680|  435840|  320|
+---------------------+---------+------+---------+--------+-----+
|Utilization SLR (%)  |        0|    ~0|       ~0|      ~0|    0|
+---------------------+---------+------+---------+--------+-----+
|Available            |     2688|  5952|  1743360|  871680|  640|
+---------------------+---------+------+---------+--------+-----+
|Utilization (%)      |        0|    ~0|       ~0|      ~0|    0|
+---------------------+---------+------+---------+--------+-----+

+ Detail: 
    * Instance: 
    +--------------------------------------+--------------------------------+---------+----+---+-----+-----+
    |               Instance               |             Module             | BRAM_18K| DSP| FF| LUT | URAM|
    +--------------------------------------+--------------------------------+---------+----+---+-----+-----+
    |dadd_64ns_64ns_64_1_full_dsp_1_U3866  |dadd_64ns_64ns_64_1_full_dsp_1  |        0|   3|  0|  708|    0|
    |dmul_64ns_64ns_64_1_max_dsp_1_U3867   |dmul_64ns_64ns_64_1_max_dsp_1   |        0|   8|  0|  106|    0|
    |mul_37ns_39ns_74_1_1_U3868            |mul_37ns_39ns_74_1_1            |        0|   4|  0|   27|    0|
    +--------------------------------------+--------------------------------+---------+----+---+-----+-----+
    |Total                                 |                                |        0|  15|  0|  841|    0|
    +--------------------------------------+--------------------------------+---------+----+---+-----+-----+

    * DSP: 
    N/A

    * Memory: 
    N/A

    * FIFO: 
    N/A

    * Expression: 
    +----------------------+----------+----+---+------+------------+------------+
    |     Variable Name    | Operation| DSP| FF|  LUT | Bitwidth P0| Bitwidth P1|
    +----------------------+----------+----+---+------+------------+------------+
    |add_ln81_fu_168_p2    |         +|   0|  0|    39|          32|           1|
    |add_ln82_1_fu_219_p2  |         +|   0|  0|    43|          36|          16|
    |add_ln82_2_fu_229_p2  |         +|   0|  0|    44|          37|          37|
    |add_ln82_fu_198_p2    |         +|   0|  0|    23|          16|          16|
    |newSecond_fu_294_p2   |         +|   0|  0|    38|          38|          38|
    |newFirst_fu_288_p2    |         -|   0|  0|    38|          38|          38|
    |icmp_ln81_fu_162_p2   |      icmp|   0|  0|    20|          32|          32|
    |lshr_ln82_fu_325_p2   |      lshr|   0|  0|  1865|         448|         448|
    |ap_enable_pp0         |       xor|   0|  0|     2|           1|           2|
    +----------------------+----------+----+---+------+------------+------------+
    |Total                 |          |   0|  0|  2112|         678|         628|
    +----------------------+----------+----+---+------+------------+------------+

    * Multiplexer: 
    +-------------------------+----+-----------+-----+-----------+
    |           Name          | LUT| Input Size| Bits| Total Bits|
    +-------------------------+----+-----------+-----+-----------+
    |ap_done_int              |   9|          2|    1|          2|
    |ap_enable_reg_pp0_iter1  |   9|          2|    1|          2|
    |ap_sig_allocacmp_k_1     |   9|          2|   32|         64|
    |empty_fu_72              |   9|          2|   64|        128|
    |k_fu_76                  |   9|          2|   32|         64|
    +-------------------------+----+-----------+-----+-----------+
    |Total                    |  45|         10|  130|        260|
    +-------------------------+----+-----------+-----+-----------+

    * Register: 
    +----------------------------------+----+----+-----+-----------+
    |               Name               | FF | LUT| Bits| Const Bits|
    +----------------------------------+----+----+-----+-----------+
    |ap_CS_fsm                         |   1|   0|    1|          0|
    |ap_done_reg                       |   1|   0|    1|          0|
    |ap_enable_reg_pp0_iter1           |   1|   0|    1|          0|
    |ap_enable_reg_pp0_iter2           |   1|   0|    1|          0|
    |ap_loop_exit_ready_pp0_iter1_reg  |   1|   0|    1|          0|
    |empty_fu_72                       |  64|   0|   64|          0|
    |icmp_ln81_reg_368                 |   1|   0|    1|          0|
    |k_fu_76                           |  32|   0|   32|          0|
    |mul_i2_reg_387                    |  64|   0|   64|          0|
    |newSecond_reg_382                 |  38|   0|   38|          0|
    +----------------------------------+----+----+-----+-----------+
    |Total                             | 204|   0|  204|          0|
    +----------------------------------+----+----+-----+-----------+



================================================================
== Interface
================================================================
* Summary: 
+-----------------+-----+-----+------------+---------------------------------+--------------+
|    RTL Ports    | Dir | Bits|  Protocol  |          Source Object          |    C Type    |
+-----------------+-----+-----+------------+---------------------------------+--------------+
|ap_clk           |   in|    1|  ap_ctrl_hs|  update_Pipeline_VITIS_LOOP_81_3|  return value|
|ap_rst           |   in|    1|  ap_ctrl_hs|  update_Pipeline_VITIS_LOOP_81_3|  return value|
|ap_start         |   in|    1|  ap_ctrl_hs|  update_Pipeline_VITIS_LOOP_81_3|  return value|
|ap_done          |  out|    1|  ap_ctrl_hs|  update_Pipeline_VITIS_LOOP_81_3|  return value|
|ap_idle          |  out|    1|  ap_ctrl_hs|  update_Pipeline_VITIS_LOOP_81_3|  return value|
|ap_ready         |  out|    1|  ap_ctrl_hs|  update_Pipeline_VITIS_LOOP_81_3|  return value|
|bitcast_ln82     |   in|   64|     ap_none|                     bitcast_ln82|        scalar|
|p_cast25         |   in|   32|     ap_none|                         p_cast25|        scalar|
|mul_ln79         |   in|   16|     ap_none|                         mul_ln79|        scalar|
|tmp_address0     |  out|   13|   ap_memory|                              tmp|         array|
|tmp_ce0          |  out|    1|   ap_memory|                              tmp|         array|
|tmp_q0           |   in|   64|   ap_memory|                              tmp|         array|
|p_cast653        |   in|   35|     ap_none|                        p_cast653|        scalar|
|solver_address0  |  out|   10|   ap_memory|                           solver|         array|
|solver_ce0       |  out|    1|   ap_memory|                           solver|         array|
|solver_q0        |   in|  448|   ap_memory|                           solver|         array|
|p_out            |  out|   64|      ap_vld|                            p_out|       pointer|
|p_out_ap_vld     |  out|    1|      ap_vld|                            p_out|       pointer|
+-----------------+-----+-----+------------+---------------------------------+--------------+

