

================================================================
== Vitis HLS Report for 'update_Pipeline_9'
================================================================
* Date:           Sun Feb  5 17:03:02 2023

* Version:        2022.1 (Build 3526262 on Mon Apr 18 15:47:01 MDT 2022)
* Project:        hls_EstimateMotion
* Solution:       solution1 (Vivado IP Flow Target)
* Product family: virtexuplus
* Target device:  xcu50-fsvh2104-2L-e


================================================================
== Performance Estimates
================================================================
+ Timing: 
    * Summary: 
    +--------+----------+----------+------------+
    |  Clock |  Target  | Estimated| Uncertainty|
    +--------+----------+----------+------------+
    |ap_clk  |  60.00 ns|  3.575 ns|    16.20 ns|
    +--------+----------+----------+------------+

+ Latency: 
    * Summary: 
    +---------+---------+----------+----------+-------+-------+---------+
    |  Latency (cycles) |  Latency (absolute) |    Interval   | Pipeline|
    |   min   |   max   |    min   |    max   |  min  |  max  |   Type  |
    +---------+---------+----------+----------+-------+-------+---------+
    |    12002|    12002|  0.720 ms|  0.720 ms|  12002|  12002|       no|
    +---------+---------+----------+----------+-------+-------+---------+

    + Detail: 
        * Instance: 
        N/A

        * Loop: 
        +----------+---------+---------+----------+-----------+-----------+-------+----------+
        |          |  Latency (cycles) | Iteration|  Initiation Interval  |  Trip |          |
        | Loop Name|   min   |   max   |  Latency |  achieved |   target  | Count | Pipelined|
        +----------+---------+---------+----------+-----------+-----------+-------+----------+
        |- Loop 1  |    12000|    12000|         1|          1|          1|  12000|       yes|
        +----------+---------+---------+----------+-----------+-----------+-------+----------+



================================================================
== Utilization Estimates
================================================================
* Summary: 
+---------------------+---------+------+---------+--------+-----+
|         Name        | BRAM_18K|  DSP |    FF   |   LUT  | URAM|
+---------------------+---------+------+---------+--------+-----+
|DSP                  |        -|     -|        -|       -|    -|
|Expression           |        -|     -|        0|      49|    -|
|FIFO                 |        -|     -|        -|       -|    -|
|Instance             |        -|     -|        -|       -|    -|
|Memory               |        -|     -|        -|       -|    -|
|Multiplexer          |        -|     -|        -|      36|    -|
|Register             |        -|     -|       16|       -|    -|
+---------------------+---------+------+---------+--------+-----+
|Total                |        0|     0|       16|      85|    0|
+---------------------+---------+------+---------+--------+-----+
|Available SLR        |     1344|  2976|   871680|  435840|  320|
+---------------------+---------+------+---------+--------+-----+
|Utilization SLR (%)  |        0|     0|       ~0|      ~0|    0|
+---------------------+---------+------+---------+--------+-----+
|Available            |     2688|  5952|  1743360|  871680|  640|
+---------------------+---------+------+---------+--------+-----+
|Utilization (%)      |        0|     0|       ~0|      ~0|    0|
+---------------------+---------+------+---------+--------+-----+

+ Detail: 
    * Instance: 
    N/A

    * DSP: 
    N/A

    * Memory: 
    N/A

    * FIFO: 
    N/A

    * Expression: 
    +-----------------------+----------+----+---+----+------------+------------+
    |     Variable Name     | Operation| DSP| FF| LUT| Bitwidth P0| Bitwidth P1|
    +-----------------------+----------+----+---+----+------------+------------+
    |empty_400_fu_100_p2    |         +|   0|  0|  21|          14|           1|
    |exitcond508_fu_106_p2  |      icmp|   0|  0|  12|          14|          14|
    |empty_399_fu_78_p2     |       shl|   0|  0|  16|           4|           8|
    +-----------------------+----------+----+---+----+------------+------------+
    |Total                  |          |   0|  0|  49|          32|          23|
    +-----------------------+----------+----+---+----+------------+------------+

    * Multiplexer: 
    +----------------------------------------+----+-----------+-----+-----------+
    |                  Name                  | LUT| Input Size| Bits| Total Bits|
    +----------------------------------------+----+-----------+-----+-----------+
    |ap_done_int                             |   9|          2|    1|          2|
    |ap_sig_allocacmp_loop_index_i_i79_load  |   9|          2|   14|         28|
    |loop_index_i_i79_fu_38                  |   9|          2|   14|         28|
    |tmp_we0                                 |   9|          2|    8|         16|
    +----------------------------------------+----+-----------+-----+-----------+
    |Total                                   |  36|          8|   37|         74|
    +----------------------------------------+----+-----------+-----+-----------+

    * Register: 
    +------------------------+----+----+-----+-----------+
    |          Name          | FF | LUT| Bits| Const Bits|
    +------------------------+----+----+-----+-----------+
    |ap_CS_fsm               |   1|   0|    1|          0|
    |ap_done_reg             |   1|   0|    1|          0|
    |loop_index_i_i79_fu_38  |  14|   0|   14|          0|
    +------------------------+----+----+-----+-----------+
    |Total                   |  16|   0|   16|          0|
    +------------------------+----+----+-----+-----------+



================================================================
== Interface
================================================================
* Summary: 
+--------------+-----+-----+------------+-------------------+--------------+
|   RTL Ports  | Dir | Bits|  Protocol  |   Source Object   |    C Type    |
+--------------+-----+-----+------------+-------------------+--------------+
|ap_clk        |   in|    1|  ap_ctrl_hs|  update_Pipeline_9|  return value|
|ap_rst        |   in|    1|  ap_ctrl_hs|  update_Pipeline_9|  return value|
|ap_start      |   in|    1|  ap_ctrl_hs|  update_Pipeline_9|  return value|
|ap_done       |  out|    1|  ap_ctrl_hs|  update_Pipeline_9|  return value|
|ap_idle       |  out|    1|  ap_ctrl_hs|  update_Pipeline_9|  return value|
|ap_ready      |  out|    1|  ap_ctrl_hs|  update_Pipeline_9|  return value|
|tmp_address0  |  out|   13|   ap_memory|                tmp|         array|
|tmp_ce0       |  out|    1|   ap_memory|                tmp|         array|
|tmp_we0       |  out|    8|   ap_memory|                tmp|         array|
|tmp_d0        |  out|   64|   ap_memory|                tmp|         array|
+--------------+-----+-----+------------+-------------------+--------------+

