

================================================================
== Vitis HLS Report for 'update_Pipeline_VITIS_LOOP_387_2'
================================================================
* Date:           Sun Feb  5 17:04:25 2023

* Version:        2022.1 (Build 3526262 on Mon Apr 18 15:47:01 MDT 2022)
* Project:        hls_EstimateMotion
* Solution:       solution1 (Vivado IP Flow Target)
* Product family: virtexuplus
* Target device:  xcu50-fsvh2104-2L-e


================================================================
== Performance Estimates
================================================================
+ Timing: 
    * Summary: 
    +--------+----------+-----------+------------+
    |  Clock |  Target  | Estimated | Uncertainty|
    +--------+----------+-----------+------------+
    |ap_clk  |  60.00 ns|  10.548 ns|    16.20 ns|
    +--------+----------+-----------+------------+

+ Latency: 
    * Summary: 
    +---------+---------+----------+----------+-----+-----+---------+
    |  Latency (cycles) |  Latency (absolute) |  Interval | Pipeline|
    |   min   |   max   |    min   |    max   | min | max |   Type  |
    +---------+---------+----------+----------+-----+-----+---------+
    |        ?|        ?|         ?|         ?|    ?|    ?|       no|
    +---------+---------+----------+----------+-----+-----+---------+

    + Detail: 
        * Instance: 
        N/A

        * Loop: 
        +--------------------+---------+---------+----------+-----------+-----------+------+----------+
        |                    |  Latency (cycles) | Iteration|  Initiation Interval  | Trip |          |
        |      Loop Name     |   min   |   max   |  Latency |  achieved |   target  | Count| Pipelined|
        +--------------------+---------+---------+----------+-----------+-----------+------+----------+
        |- VITIS_LOOP_387_2  |        ?|        ?|         2|          2|          1|     ?|       yes|
        +--------------------+---------+---------+----------+-----------+-----------+------+----------+



================================================================
== Utilization Estimates
================================================================
* Summary: 
+---------------------+---------+------+---------+--------+-----+
|         Name        | BRAM_18K|  DSP |    FF   |   LUT  | URAM|
+---------------------+---------+------+---------+--------+-----+
|DSP                  |        -|     -|        -|       -|    -|
|Expression           |        -|     -|        0|     536|    -|
|FIFO                 |        -|     -|        -|       -|    -|
|Instance             |        -|    15|        0|      50|    -|
|Memory               |        -|     -|        -|       -|    -|
|Multiplexer          |        -|     -|        -|      55|    -|
|Register             |        -|     -|       75|       -|    -|
+---------------------+---------+------+---------+--------+-----+
|Total                |        0|    15|       75|     641|    0|
+---------------------+---------+------+---------+--------+-----+
|Available SLR        |     1344|  2976|   871680|  435840|  320|
+---------------------+---------+------+---------+--------+-----+
|Utilization SLR (%)  |        0|    ~0|       ~0|      ~0|    0|
+---------------------+---------+------+---------+--------+-----+
|Available            |     2688|  5952|  1743360|  871680|  640|
+---------------------+---------+------+---------+--------+-----+
|Utilization (%)      |        0|    ~0|       ~0|      ~0|    0|
+---------------------+---------+------+---------+--------+-----+

+ Detail: 
    * Instance: 
    +-----------------------------+-----------------------+---------+----+---+----+-----+
    |           Instance          |         Module        | BRAM_18K| DSP| FF| LUT| URAM|
    +-----------------------------+-----------------------+---------+----+---+----+-----+
    |mul_64ns_66ns_129_1_1_U4230  |mul_64ns_66ns_129_1_1  |        0|  15|  0|  50|    0|
    +-----------------------------+-----------------------+---------+----+---+----+-----+
    |Total                        |                       |        0|  15|  0|  50|    0|
    +-----------------------------+-----------------------+---------+----+---+----+-----+

    * DSP: 
    N/A

    * Memory: 
    N/A

    * FIFO: 
    N/A

    * Expression: 
    +-----------------------+----------+----+---+-----+------------+------------+
    |     Variable Name     | Operation| DSP| FF| LUT | Bitwidth P0| Bitwidth P1|
    +-----------------------+----------+----+---+-----+------------+------------+
    |add_ln387_fu_127_p2    |         +|   0|  0|   39|          32|           1|
    |add_ln388_1_fu_159_p2  |         +|   0|  0|   47|          40|          40|
    |add_ln388_2_fu_235_p2  |         +|   0|  0|   47|          40|          40|
    |add_ln388_3_fu_244_p2  |         +|   0|  0|   56|          56|           7|
    |add_ln388_4_fu_250_p2  |         +|   0|  0|   56|          56|          56|
    |add_ln388_fu_149_p2    |         +|   0|  0|   43|          36|           7|
    |sub_ln388_fu_229_p2    |         -|   0|  0|   63|          56|          56|
    |icmp_ln387_fu_121_p2   |      icmp|   0|  0|   20|          32|          32|
    |shl_ln388_fu_256_p2    |       shl|   0|  0|  165|           8|          56|
    +-----------------------+----------+----+---+-----+------------+------------+
    |Total                  |          |   0|  0|  536|         356|         295|
    +-----------------------+----------+----+---+-----+------------+------------+

    * Multiplexer: 
    +-----------------+----+-----------+-----+-----------+
    |       Name      | LUT| Input Size| Bits| Total Bits|
    +-----------------+----+-----------+-----+-----------+
    |ap_NS_fsm        |  14|          3|    1|          3|
    |ap_done_int      |   9|          2|    1|          2|
    |j_3_fu_68        |   9|          2|   32|         64|
    |solver_address0  |  14|          3|   10|         30|
    |solver_we0       |   9|          2|   56|        112|
    +-----------------+----+-----------+-----+-----------+
    |Total            |  55|         12|  100|        211|
    +-----------------+----+-----------+-----+-----------+

    * Register: 
    +-------------------------+----+----+-----+-----------+
    |           Name          | FF | LUT| Bits| Const Bits|
    +-------------------------+----+----+-----+-----------+
    |ap_CS_fsm                |   2|   0|    2|          0|
    |ap_done_reg              |   1|   0|    1|          0|
    |j_3_fu_68                |  32|   0|   32|          0|
    |sext_ln388_cast_reg_275  |  40|   0|   40|          0|
    +-------------------------+----+----+-----+-----------+
    |Total                    |  75|   0|   75|          0|
    +-------------------------+----+----+-----+-----------+



================================================================
== Interface
================================================================
* Summary: 
+-----------------+-----+-----+------------+----------------------------------+--------------+
|    RTL Ports    | Dir | Bits|  Protocol  |           Source Object          |    C Type    |
+-----------------+-----+-----+------------+----------------------------------+--------------+
|ap_clk           |   in|    1|  ap_ctrl_hs|  update_Pipeline_VITIS_LOOP_387_2|  return value|
|ap_rst           |   in|    1|  ap_ctrl_hs|  update_Pipeline_VITIS_LOOP_387_2|  return value|
|ap_start         |   in|    1|  ap_ctrl_hs|  update_Pipeline_VITIS_LOOP_387_2|  return value|
|ap_done          |  out|    1|  ap_ctrl_hs|  update_Pipeline_VITIS_LOOP_387_2|  return value|
|ap_idle          |  out|    1|  ap_ctrl_hs|  update_Pipeline_VITIS_LOOP_387_2|  return value|
|ap_ready         |  out|    1|  ap_ctrl_hs|  update_Pipeline_VITIS_LOOP_387_2|  return value|
|solver_address0  |  out|   10|   ap_memory|                            solver|         array|
|solver_ce0       |  out|    1|   ap_memory|                            solver|         array|
|solver_we0       |  out|   56|   ap_memory|                            solver|         array|
|solver_d0        |  out|  448|   ap_memory|                            solver|         array|
|solver_q0        |   in|  448|   ap_memory|                            solver|         array|
|sext_ln388       |   in|   39|     ap_none|                        sext_ln388|        scalar|
+-----------------+-----+-----+------------+----------------------------------+--------------+

