

================================================================
== Vitis HLS Report for 'update_Pipeline_VITIS_LOOP_134_2'
================================================================
* Date:           Sun Feb  5 17:04:31 2023

* Version:        2022.1 (Build 3526262 on Mon Apr 18 15:47:01 MDT 2022)
* Project:        hls_EstimateMotion
* Solution:       solution1 (Vivado IP Flow Target)
* Product family: virtexuplus
* Target device:  xcu50-fsvh2104-2L-e


================================================================
== Performance Estimates
================================================================
+ Timing: 
    * Summary: 
    +--------+----------+-----------+------------+
    |  Clock |  Target  | Estimated | Uncertainty|
    +--------+----------+-----------+------------+
    |ap_clk  |  60.00 ns|  39.808 ns|    16.20 ns|
    +--------+----------+-----------+------------+

+ Latency: 
    * Summary: 
    +---------+---------+----------+----------+-----+-----+---------+
    |  Latency (cycles) |  Latency (absolute) |  Interval | Pipeline|
    |   min   |   max   |    min   |    max   | min | max |   Type  |
    +---------+---------+----------+----------+-----+-----+---------+
    |        ?|        ?|         ?|         ?|    ?|    ?|       no|
    +---------+---------+----------+----------+-----+-----+---------+

    + Detail: 
        * Instance: 
        N/A

        * Loop: 
        +--------------------+---------+---------+----------+-----------+-----------+------+----------+
        |                    |  Latency (cycles) | Iteration|  Initiation Interval  | Trip |          |
        |      Loop Name     |   min   |   max   |  Latency |  achieved |   target  | Count| Pipelined|
        +--------------------+---------+---------+----------+-----------+-----------+------+----------+
        |- VITIS_LOOP_134_2  |        ?|        ?|         2|          1|          1|     ?|       yes|
        +--------------------+---------+---------+----------+-----------+-----------+------+----------+



================================================================
== Utilization Estimates
================================================================
* Summary: 
+---------------------+---------+------+---------+--------+-----+
|         Name        | BRAM_18K|  DSP |    FF   |   LUT  | URAM|
+---------------------+---------+------+---------+--------+-----+
|DSP                  |        -|     -|        -|       -|    -|
|Expression           |        -|     -|        0|    6551|    -|
|FIFO                 |        -|     -|        -|       -|    -|
|Instance             |        -|    11|        0|     761|    -|
|Memory               |        -|     -|        -|       -|    -|
|Multiplexer          |        -|     -|        -|      45|    -|
|Register             |        -|     -|      588|       -|    -|
+---------------------+---------+------+---------+--------+-----+
|Total                |        0|    11|      588|    7357|    0|
+---------------------+---------+------+---------+--------+-----+
|Available SLR        |     1344|  2976|   871680|  435840|  320|
+---------------------+---------+------+---------+--------+-----+
|Utilization SLR (%)  |        0|    ~0|       ~0|       1|    0|
+---------------------+---------+------+---------+--------+-----+
|Available            |     2688|  5952|  1743360|  871680|  640|
+---------------------+---------+------+---------+--------+-----+
|Utilization (%)      |        0|    ~0|       ~0|      ~0|    0|
+---------------------+---------+------+---------+--------+-----+

+ Detail: 
    * Instance: 
    +--------------------------------------+--------------------------------+---------+----+---+-----+-----+
    |               Instance               |             Module             | BRAM_18K| DSP| FF| LUT | URAM|
    +--------------------------------------+--------------------------------+---------+----+---+-----+-----+
    |dsub_64ns_64ns_64_1_full_dsp_1_U4258  |dsub_64ns_64ns_64_1_full_dsp_1  |        0|   3|  0|  708|    0|
    |mul_36ns_38ns_73_1_1_U4260            |mul_36ns_38ns_73_1_1            |        0|   4|  0|   26|    0|
    |mul_37ns_39ns_74_1_1_U4259            |mul_37ns_39ns_74_1_1            |        0|   4|  0|   27|    0|
    +--------------------------------------+--------------------------------+---------+----+---+-----+-----+
    |Total                                 |                                |        0|  11|  0|  761|    0|
    +--------------------------------------+--------------------------------+---------+----+---+-----+-----+

    * DSP: 
    N/A

    * Memory: 
    N/A

    * FIFO: 
    N/A

    * Expression: 
    +----------------------------+----------+----+---+------+------------+------------+
    |        Variable Name       | Operation| DSP| FF|  LUT | Bitwidth P0| Bitwidth P1|
    +----------------------------+----------+----+---+------+------------+------------+
    |add_ln134_fu_471_p2         |         +|   0|  0|    39|          32|           1|
    |add_ln135_1_fu_499_p2       |         +|   0|  0|    44|          37|          37|
    |add_ln135_2_fu_570_p2       |         +|   0|  0|    43|          36|          36|
    |add_ln135_3_fu_670_p2       |         +|   0|  0|    38|          38|          38|
    |add_ln135_fu_489_p2         |         +|   0|  0|    43|          36|           6|
    |newSecond_fu_564_p2         |         +|   0|  0|    38|          38|          38|
    |newFirst_fu_558_p2          |         -|   0|  0|    38|          38|          38|
    |sub_ln135_fu_664_p2         |         -|   0|  0|    38|          38|          38|
    |icmp_ln134_fu_465_p2        |      icmp|   0|  0|    20|          32|          32|
    |lshr_ln135_1_fu_692_p2      |      lshr|   0|  0|  1865|         448|         448|
    |lshr_ln135_fu_624_p2        |      lshr|   0|  0|  1865|         448|         448|
    |select_ln135_10_fu_1113_p3  |    select|   0|  0|     8|           1|           8|
    |select_ln135_11_fu_1149_p3  |    select|   0|  0|     8|           1|           8|
    |select_ln135_12_fu_1185_p3  |    select|   0|  0|     8|           1|           8|
    |select_ln135_13_fu_1221_p3  |    select|   0|  0|     8|           1|           8|
    |select_ln135_14_fu_1257_p3  |    select|   0|  0|     8|           1|           8|
    |select_ln135_15_fu_1293_p3  |    select|   0|  0|     8|           1|           8|
    |select_ln135_16_fu_1329_p3  |    select|   0|  0|     8|           1|           8|
    |select_ln135_17_fu_1365_p3  |    select|   0|  0|     8|           1|           8|
    |select_ln135_18_fu_1401_p3  |    select|   0|  0|     8|           1|           8|
    |select_ln135_19_fu_1437_p3  |    select|   0|  0|     8|           1|           8|
    |select_ln135_1_fu_789_p3    |    select|   0|  0|     8|           1|           8|
    |select_ln135_20_fu_1473_p3  |    select|   0|  0|     8|           1|           8|
    |select_ln135_21_fu_1509_p3  |    select|   0|  0|     8|           1|           8|
    |select_ln135_22_fu_1545_p3  |    select|   0|  0|     8|           1|           8|
    |select_ln135_23_fu_1581_p3  |    select|   0|  0|     8|           1|           8|
    |select_ln135_24_fu_1617_p3  |    select|   0|  0|     8|           1|           8|
    |select_ln135_25_fu_1653_p3  |    select|   0|  0|     8|           1|           8|
    |select_ln135_26_fu_1689_p3  |    select|   0|  0|     8|           1|           8|
    |select_ln135_27_fu_1725_p3  |    select|   0|  0|     8|           1|           8|
    |select_ln135_28_fu_1761_p3  |    select|   0|  0|     8|           1|           8|
    |select_ln135_29_fu_1797_p3  |    select|   0|  0|     8|           1|           8|
    |select_ln135_2_fu_825_p3    |    select|   0|  0|     8|           1|           8|
    |select_ln135_30_fu_1833_p3  |    select|   0|  0|     8|           1|           8|
    |select_ln135_31_fu_1869_p3  |    select|   0|  0|     8|           1|           8|
    |select_ln135_32_fu_1905_p3  |    select|   0|  0|     8|           1|           8|
    |select_ln135_33_fu_1941_p3  |    select|   0|  0|     8|           1|           8|
    |select_ln135_34_fu_1977_p3  |    select|   0|  0|     8|           1|           8|
    |select_ln135_35_fu_2013_p3  |    select|   0|  0|     8|           1|           8|
    |select_ln135_36_fu_2049_p3  |    select|   0|  0|     8|           1|           8|
    |select_ln135_37_fu_2085_p3  |    select|   0|  0|     8|           1|           8|
    |select_ln135_38_fu_2121_p3  |    select|   0|  0|     8|           1|           8|
    |select_ln135_39_fu_2157_p3  |    select|   0|  0|     8|           1|           8|
    |select_ln135_3_fu_861_p3    |    select|   0|  0|     8|           1|           8|
    |select_ln135_40_fu_2193_p3  |    select|   0|  0|     8|           1|           8|
    |select_ln135_41_fu_2229_p3  |    select|   0|  0|     8|           1|           8|
    |select_ln135_42_fu_2265_p3  |    select|   0|  0|     8|           1|           8|
    |select_ln135_43_fu_2301_p3  |    select|   0|  0|     8|           1|           8|
    |select_ln135_44_fu_2337_p3  |    select|   0|  0|     8|           1|           8|
    |select_ln135_45_fu_2373_p3  |    select|   0|  0|     8|           1|           8|
    |select_ln135_46_fu_2409_p3  |    select|   0|  0|     8|           1|           8|
    |select_ln135_47_fu_2445_p3  |    select|   0|  0|     8|           1|           8|
    |select_ln135_48_fu_2481_p3  |    select|   0|  0|     8|           1|           8|
    |select_ln135_49_fu_2517_p3  |    select|   0|  0|     8|           1|           8|
    |select_ln135_4_fu_897_p3    |    select|   0|  0|     8|           1|           8|
    |select_ln135_50_fu_2553_p3  |    select|   0|  0|     8|           1|           8|
    |select_ln135_51_fu_2589_p3  |    select|   0|  0|     8|           1|           8|
    |select_ln135_52_fu_2625_p3  |    select|   0|  0|     8|           1|           8|
    |select_ln135_53_fu_2661_p3  |    select|   0|  0|     8|           1|           8|
    |select_ln135_54_fu_2697_p3  |    select|   0|  0|     8|           1|           8|
    |select_ln135_55_fu_2733_p3  |    select|   0|  0|     8|           1|           8|
    |select_ln135_5_fu_933_p3    |    select|   0|  0|     8|           1|           8|
    |select_ln135_6_fu_969_p3    |    select|   0|  0|     8|           1|           8|
    |select_ln135_7_fu_1005_p3   |    select|   0|  0|     8|           1|           8|
    |select_ln135_8_fu_1041_p3   |    select|   0|  0|     8|           1|           8|
    |select_ln135_9_fu_1077_p3   |    select|   0|  0|     8|           1|           8|
    |select_ln135_fu_753_p3      |    select|   0|  0|     8|           1|           8|
    |shl_ln135_2_fu_735_p2       |       shl|   0|  0|  1865|         448|         448|
    |shl_ln135_fu_718_p2         |       shl|   0|  0|   165|           8|          56|
    |ap_enable_pp0               |       xor|   0|  0|     2|           1|           2|
    +----------------------------+----------+----+---+------+------------+------------+
    |Total                       |          |   0|  0|  6551|        1734|        2114|
    +----------------------------+----------+----+---+------+------------+------------+

    * Multiplexer: 
    +-------------------------+----+-----------+-----+-----------+
    |           Name          | LUT| Input Size| Bits| Total Bits|
    +-------------------------+----+-----------+-----+-----------+
    |C_1_fu_380               |   9|          2|  448|        896|
    |ap_done_int              |   9|          2|    1|          2|
    |ap_enable_reg_pp0_iter1  |   9|          2|    1|          2|
    |ap_sig_allocacmp_j_5     |   9|          2|   32|         64|
    |j_fu_376                 |   9|          2|   32|         64|
    +-------------------------+----+-----------+-----+-----------+
    |Total                    |  45|         10|  514|       1028|
    +-------------------------+----+-----------+-----+-----------+

    * Register: 
    +-------------------------+-----+----+-----+-----------+
    |           Name          |  FF | LUT| Bits| Const Bits|
    +-------------------------+-----+----+-----+-----------+
    |C_1_fu_380               |  448|   0|  448|          0|
    |add_ln135_2_reg_2894     |   36|   0|   36|          0|
    |ap_CS_fsm                |    1|   0|    1|          0|
    |ap_done_reg              |    1|   0|    1|          0|
    |ap_enable_reg_pp0_iter1  |    1|   0|    1|          0|
    |j_fu_376                 |   32|   0|   32|          0|
    |newSecond_reg_2889       |   38|   0|   38|          0|
    |tmp_5_reg_2901           |   31|   0|   31|          0|
    +-------------------------+-----+----+-----+-----------+
    |Total                    |  588|   0|  588|          0|
    +-------------------------+-----+----+-----+-----------+



================================================================
== Interface
================================================================
* Summary: 
+-----------------+-----+-----+------------+----------------------------------+--------------+
|    RTL Ports    | Dir | Bits|  Protocol  |           Source Object          |    C Type    |
+-----------------+-----+-----+------------+----------------------------------+--------------+
|ap_clk           |   in|    1|  ap_ctrl_hs|  update_Pipeline_VITIS_LOOP_134_2|  return value|
|ap_rst           |   in|    1|  ap_ctrl_hs|  update_Pipeline_VITIS_LOOP_134_2|  return value|
|ap_start         |   in|    1|  ap_ctrl_hs|  update_Pipeline_VITIS_LOOP_134_2|  return value|
|ap_done          |  out|    1|  ap_ctrl_hs|  update_Pipeline_VITIS_LOOP_134_2|  return value|
|ap_idle          |  out|    1|  ap_ctrl_hs|  update_Pipeline_VITIS_LOOP_134_2|  return value|
|ap_ready         |  out|    1|  ap_ctrl_hs|  update_Pipeline_VITIS_LOOP_134_2|  return value|
|C                |   in|  448|     ap_none|                                 C|        scalar|
|p_cast7          |   in|   32|     ap_none|                           p_cast7|        scalar|
|zext_ln135_1     |   in|   35|     ap_none|                      zext_ln135_1|        scalar|
|solver_address0  |  out|   10|   ap_memory|                            solver|         array|
|solver_ce0       |  out|    1|   ap_memory|                            solver|         array|
|solver_q0        |   in|  448|   ap_memory|                            solver|         array|
|solver_address1  |  out|   10|   ap_memory|                            solver|         array|
|solver_ce1       |  out|    1|   ap_memory|                            solver|         array|
|solver_q1        |   in|  448|   ap_memory|                            solver|         array|
|zext_ln135       |   in|   35|     ap_none|                        zext_ln135|        scalar|
|C_1_out          |  out|  448|      ap_vld|                           C_1_out|       pointer|
|C_1_out_ap_vld   |  out|    1|      ap_vld|                           C_1_out|       pointer|
+-----------------+-----+-----+------------+----------------------------------+--------------+

