

================================================================
== Vitis HLS Report for 'update_Pipeline_VITIS_LOOP_105_1_VITIS_LOOP_106_216'
================================================================
* Date:           Sun Feb  5 17:04:34 2023

* Version:        2022.1 (Build 3526262 on Mon Apr 18 15:47:01 MDT 2022)
* Project:        hls_EstimateMotion
* Solution:       solution1 (Vivado IP Flow Target)
* Product family: virtexuplus
* Target device:  xcu50-fsvh2104-2L-e


================================================================
== Performance Estimates
================================================================
+ Timing: 
    * Summary: 
    +--------+----------+-----------+------------+
    |  Clock |  Target  | Estimated | Uncertainty|
    +--------+----------+-----------+------------+
    |ap_clk  |  60.00 ns|  42.557 ns|    16.20 ns|
    +--------+----------+-----------+------------+

+ Latency: 
    * Summary: 
    +---------+---------+----------+----------+-----+-----+---------+
    |  Latency (cycles) |  Latency (absolute) |  Interval | Pipeline|
    |   min   |   max   |    min   |    max   | min | max |   Type  |
    +---------+---------+----------+----------+-----+-----+---------+
    |        ?|        ?|         ?|         ?|    ?|    ?|       no|
    +---------+---------+----------+----------+-----+-----+---------+

    + Detail: 
        * Instance: 
        N/A

        * Loop: 
        +-------------------------------------+---------+---------+----------+-----------+-----------+------+----------+
        |                                     |  Latency (cycles) | Iteration|  Initiation Interval  | Trip |          |
        |              Loop Name              |   min   |   max   |  Latency |  achieved |   target  | Count| Pipelined|
        +-------------------------------------+---------+---------+----------+-----------+-----------+------+----------+
        |- VITIS_LOOP_105_1_VITIS_LOOP_106_2  |        ?|        ?|         3|          1|          1|     ?|       yes|
        +-------------------------------------+---------+---------+----------+-----------+-----------+------+----------+



================================================================
== Utilization Estimates
================================================================
* Summary: 
+---------------------+---------+------+---------+--------+-----+
|         Name        | BRAM_18K|  DSP |    FF   |   LUT  | URAM|
+---------------------+---------+------+---------+--------+-----+
|DSP                  |        -|     -|        -|       -|    -|
|Expression           |        -|     -|        0|    2248|    -|
|FIFO                 |        -|     -|        -|       -|    -|
|Instance             |        -|    15|        0|     840|    -|
|Memory               |        -|     -|        -|       -|    -|
|Multiplexer          |        -|     -|        -|      63|    -|
|Register             |        -|     -|      298|       -|    -|
+---------------------+---------+------+---------+--------+-----+
|Total                |        0|    15|      298|    3151|    0|
+---------------------+---------+------+---------+--------+-----+
|Available SLR        |     1344|  2976|   871680|  435840|  320|
+---------------------+---------+------+---------+--------+-----+
|Utilization SLR (%)  |        0|    ~0|       ~0|      ~0|    0|
+---------------------+---------+------+---------+--------+-----+
|Available            |     2688|  5952|  1743360|  871680|  640|
+---------------------+---------+------+---------+--------+-----+
|Utilization (%)      |        0|    ~0|       ~0|      ~0|    0|
+---------------------+---------+------+---------+--------+-----+

+ Detail: 
    * Instance: 
    +--------------------------------------+--------------------------------+---------+----+---+-----+-----+
    |               Instance               |             Module             | BRAM_18K| DSP| FF| LUT | URAM|
    +--------------------------------------+--------------------------------+---------+----+---+-----+-----+
    |dadd_64ns_64ns_64_1_full_dsp_1_U4273  |dadd_64ns_64ns_64_1_full_dsp_1  |        0|   3|  0|  708|    0|
    |dmul_64ns_64ns_64_1_max_dsp_1_U4274   |dmul_64ns_64ns_64_1_max_dsp_1   |        0|   8|  0|  106|    0|
    |mul_36ns_38ns_73_1_1_U4275            |mul_36ns_38ns_73_1_1            |        0|   4|  0|   26|    0|
    +--------------------------------------+--------------------------------+---------+----+---+-----+-----+
    |Total                                 |                                |        0|  15|  0|  840|    0|
    +--------------------------------------+--------------------------------+---------+----+---+-----+-----+

    * DSP: 
    N/A

    * Memory: 
    N/A

    * FIFO: 
    N/A

    * Expression: 
    +--------------------------+----------+----+---+------+------------+------------+
    |       Variable Name      | Operation| DSP| FF|  LUT | Bitwidth P0| Bitwidth P1|
    +--------------------------+----------+----+---+------+------------+------------+
    |add_ln105_1_fu_154_p2     |         +|   0|  0|    39|          32|           1|
    |add_ln105_fu_142_p2       |         +|   0|  0|    71|          64|           1|
    |add_ln106_fu_276_p2       |         +|   0|  0|    39|          32|           1|
    |add_ln107_fu_205_p2       |         +|   0|  0|    43|          36|          36|
    |newSecond_fu_270_p2       |         +|   0|  0|    38|          38|          38|
    |newFirst_fu_264_p2        |         -|   0|  0|    38|          38|          38|
    |icmp_ln105_fu_137_p2      |      icmp|   0|  0|    29|          64|          64|
    |icmp_ln106_fu_160_p2      |      icmp|   0|  0|    20|          32|          32|
    |lshr_ln107_fu_312_p2      |      lshr|   0|  0|  1865|         448|         448|
    |select_ln105_1_fu_173_p3  |    select|   0|  0|    32|           1|          32|
    |select_ln105_fu_165_p3    |    select|   0|  0|    32|           1|           1|
    |ap_enable_pp0             |       xor|   0|  0|     2|           1|           2|
    +--------------------------+----------+----+---+------+------------+------------+
    |Total                     |          |   0|  0|  2248|         787|         694|
    +--------------------------+----------+----+---+------+------------+------------+

    * Multiplexer: 
    +-------------------------+----+-----------+-----+-----------+
    |           Name          | LUT| Input Size| Bits| Total Bits|
    +-------------------------+----+-----------+-----+-----------+
    |ap_done_int              |   9|          2|    1|          2|
    |ap_enable_reg_pp0_iter1  |   9|          2|    1|          2|
    |ap_enable_reg_pp0_iter2  |   9|          2|    1|          2|
    |b_fu_58                  |   9|          2|   64|        128|
    |i_fu_66                  |   9|          2|   32|         64|
    |indvar_flatten64_fu_70   |   9|          2|   64|        128|
    |j_fu_62                  |   9|          2|   32|         64|
    +-------------------------+----+-----------+-----+-----------+
    |Total                    |  63|         14|  195|        390|
    +-------------------------+----+-----------+-----+-----------+

    * Register: 
    +----------------------------------+----+----+-----+-----------+
    |               Name               | FF | LUT| Bits| Const Bits|
    +----------------------------------+----+----+-----+-----------+
    |ap_CS_fsm                         |   1|   0|    1|          0|
    |ap_done_reg                       |   1|   0|    1|          0|
    |ap_enable_reg_pp0_iter1           |   1|   0|    1|          0|
    |ap_enable_reg_pp0_iter2           |   1|   0|    1|          0|
    |ap_enable_reg_pp0_iter3           |   1|   0|    1|          0|
    |ap_loop_exit_ready_pp0_iter2_reg  |   1|   0|    1|          0|
    |b_fu_58                           |  64|   0|   64|          0|
    |i_fu_66                           |  32|   0|   32|          0|
    |icmp_ln105_reg_380                |   1|   0|    1|          0|
    |indvar_flatten64_fu_70            |  64|   0|   64|          0|
    |j_fu_62                           |  32|   0|   32|          0|
    |mul_i1_reg_394                    |  64|   0|   64|          0|
    |newSecond_reg_389                 |  35|   0|   38|          3|
    +----------------------------------+----+----+-----+-----------+
    |Total                             | 298|   0|  301|          3|
    +----------------------------------+----+----+-----+-----------+



================================================================
== Interface
================================================================
* Summary: 
+-----------------+-----+-----+------------+-----------------------------------------------------+--------------+
|    RTL Ports    | Dir | Bits|  Protocol  |                    Source Object                    |    C Type    |
+-----------------+-----+-----+------------+-----------------------------------------------------+--------------+
|ap_clk           |   in|    1|  ap_ctrl_hs|  update_Pipeline_VITIS_LOOP_105_1_VITIS_LOOP_106_216|  return value|
|ap_rst           |   in|    1|  ap_ctrl_hs|  update_Pipeline_VITIS_LOOP_105_1_VITIS_LOOP_106_216|  return value|
|ap_start         |   in|    1|  ap_ctrl_hs|  update_Pipeline_VITIS_LOOP_105_1_VITIS_LOOP_106_216|  return value|
|ap_done          |  out|    1|  ap_ctrl_hs|  update_Pipeline_VITIS_LOOP_105_1_VITIS_LOOP_106_216|  return value|
|ap_idle          |  out|    1|  ap_ctrl_hs|  update_Pipeline_VITIS_LOOP_105_1_VITIS_LOOP_106_216|  return value|
|ap_ready         |  out|    1|  ap_ctrl_hs|  update_Pipeline_VITIS_LOOP_105_1_VITIS_LOOP_106_216|  return value|
|mul_ln108        |   in|   64|     ap_none|                                            mul_ln108|        scalar|
|p_cast19         |   in|   32|     ap_none|                                             p_cast19|        scalar|
|solver_address0  |  out|   10|   ap_memory|                                               solver|         array|
|solver_ce0       |  out|    1|   ap_memory|                                               solver|         array|
|solver_q0        |   in|  448|   ap_memory|                                               solver|         array|
|b_4_out          |  out|   64|      ap_vld|                                              b_4_out|       pointer|
|b_4_out_ap_vld   |  out|    1|      ap_vld|                                              b_4_out|       pointer|
+-----------------+-----+-----+------------+-----------------------------------------------------+--------------+

