

================================================================
== Vitis HLS Report for 'update_Pipeline_13'
================================================================
* Date:           Sun Feb  5 17:03:08 2023

* Version:        2022.1 (Build 3526262 on Mon Apr 18 15:47:01 MDT 2022)
* Project:        hls_EstimateMotion
* Solution:       solution1 (Vivado IP Flow Target)
* Product family: virtexuplus
* Target device:  xcu50-fsvh2104-2L-e


================================================================
== Performance Estimates
================================================================
+ Timing: 
    * Summary: 
    +--------+----------+----------+------------+
    |  Clock |  Target  | Estimated| Uncertainty|
    +--------+----------+----------+------------+
    |ap_clk  |  60.00 ns|  8.683 ns|    16.20 ns|
    +--------+----------+----------+------------+

+ Latency: 
    * Summary: 
    +---------+---------+----------+----------+-----+-----+---------+
    |  Latency (cycles) |  Latency (absolute) |  Interval | Pipeline|
    |   min   |   max   |    min   |    max   | min | max |   Type  |
    +---------+---------+----------+----------+-----+-----+---------+
    |        5|        ?|  0.300 us|         ?|    5|    ?|       no|
    +---------+---------+----------+----------+-----+-----+---------+

    + Detail: 
        * Instance: 
        N/A

        * Loop: 
        +----------+---------+---------+----------+-----------+-----------+-------+----------+
        |          |  Latency (cycles) | Iteration|  Initiation Interval  |  Trip |          |
        | Loop Name|   min   |   max   |  Latency |  achieved |   target  | Count | Pipelined|
        +----------+---------+---------+----------+-----------+-----------+-------+----------+
        |- Loop 1  |        3|        ?|         2|          2|          1|  1 ~ ?|       yes|
        +----------+---------+---------+----------+-----------+-----------+-------+----------+



================================================================
== Utilization Estimates
================================================================
* Summary: 
+---------------------+---------+------+---------+--------+-----+
|         Name        | BRAM_18K|  DSP |    FF   |   LUT  | URAM|
+---------------------+---------+------+---------+--------+-----+
|DSP                  |        -|     -|        -|       -|    -|
|Expression           |        -|     -|        0|    4627|    -|
|FIFO                 |        -|     -|        -|       -|    -|
|Instance             |        -|    30|        0|     100|    -|
|Memory               |        -|     -|        -|       -|    -|
|Multiplexer          |        -|     -|        -|      82|    -|
|Register             |        -|     -|      418|       -|    -|
+---------------------+---------+------+---------+--------+-----+
|Total                |        0|    30|      418|    4809|    0|
+---------------------+---------+------+---------+--------+-----+
|Available SLR        |     1344|  2976|   871680|  435840|  320|
+---------------------+---------+------+---------+--------+-----+
|Utilization SLR (%)  |        0|     1|       ~0|       1|    0|
+---------------------+---------+------+---------+--------+-----+
|Available            |     2688|  5952|  1743360|  871680|  640|
+---------------------+---------+------+---------+--------+-----+
|Utilization (%)      |        0|    ~0|       ~0|      ~0|    0|
+---------------------+---------+------+---------+--------+-----+

+ Detail: 
    * Instance: 
    +-----------------------------+-----------------------+---------+----+---+----+-----+
    |           Instance          |         Module        | BRAM_18K| DSP| FF| LUT| URAM|
    +-----------------------------+-----------------------+---------+----+---+----+-----+
    |mul_64ns_66ns_129_1_1_U3882  |mul_64ns_66ns_129_1_1  |        0|  15|  0|  50|    0|
    |mul_64ns_66ns_129_1_1_U3883  |mul_64ns_66ns_129_1_1  |        0|  15|  0|  50|    0|
    +-----------------------------+-----------------------+---------+----+---+----+-----+
    |Total                        |                       |        0|  30|  0| 100|    0|
    +-----------------------------+-----------------------+---------+----+---+----+-----+

    * DSP: 
    N/A

    * Memory: 
    N/A

    * FIFO: 
    N/A

    * Expression: 
    +-----------------------+----------+----+---+------+------------+------------+
    |     Variable Name     | Operation| DSP| FF|  LUT | Bitwidth P0| Bitwidth P1|
    +-----------------------+----------+----+---+------+------------+------------+
    |empty_522_fu_148_p2    |         +|   0|  0|    64|          64|          64|
    |empty_524_fu_214_p2    |         +|   0|  0|    64|          64|          64|
    |empty_528_fu_224_p2    |         +|   0|  0|    71|          64|          64|
    |empty_531_fu_374_p2    |         +|   0|  0|    64|          64|          64|
    |empty_532_fu_384_p2    |         +|   0|  0|    56|          56|          56|
    |empty_535_fu_229_p2    |         +|   0|  0|    71|          64|           1|
    |tmp134_fu_142_p2       |         +|   0|  0|    64|          64|           6|
    |tmp135_fu_379_p2       |         +|   0|  0|    56|          56|          56|
    |empty_523_fu_208_p2    |         -|   0|  0|    64|          64|          64|
    |empty_529_fu_362_p2    |         -|   0|  0|    64|          64|          64|
    |empty_530_fu_368_p2    |         -|   0|  0|    63|          56|          56|
    |exitcond479_fu_235_p2  |      icmp|   0|  0|    29|          64|          64|
    |empty_525_fu_251_p2    |      lshr|   0|  0|  1865|         448|         448|
    |empty_533_fu_390_p2    |       shl|   0|  0|   165|           8|          56|
    |solver_d0              |       shl|   0|  0|  1865|         448|         448|
    |ap_enable_pp0          |       xor|   0|  0|     2|           1|           2|
    +-----------------------+----------+----+---+------+------------+------------+
    |Total                  |          |   0|  0|  4627|        1649|        1577|
    +-----------------------+----------+----+---+------+------------+------------+

    * Multiplexer: 
    +----------------------------------+----+-----------+-----+-----------+
    |               Name               | LUT| Input Size| Bits| Total Bits|
    +----------------------------------+----+-----------+-----+-----------+
    |ap_NS_fsm                         |  14|          3|    1|          3|
    |ap_done_int                       |   9|          2|    1|          2|
    |ap_enable_reg_pp0_iter0           |   9|          2|    1|          2|
    |ap_enable_reg_pp0_iter1           |   9|          2|    1|          2|
    |ap_loop_exit_ready_pp0_iter1_reg  |   9|          2|    1|          2|
    |loop_index_i136_fu_74             |   9|          2|   64|        128|
    |solver_address0                   |  14|          3|   10|         30|
    |solver_we0                        |   9|          2|   56|        112|
    +----------------------------------+----+-----------+-----+-----------+
    |Total                             |  82|         18|  135|        281|
    +----------------------------------+----+-----------+-----+-----------+

    * Register: 
    +----------------------------------+----+----+-----+-----------+
    |               Name               | FF | LUT| Bits| Const Bits|
    +----------------------------------+----+----+-----+-----------+
    |ap_CS_fsm                         |   2|   0|    2|          0|
    |ap_done_reg                       |   1|   0|    1|          0|
    |ap_enable_reg_pp0_iter0_reg       |   1|   0|    1|          0|
    |ap_enable_reg_pp0_iter1           |   1|   0|    1|          0|
    |ap_loop_exit_ready_pp0_iter1_reg  |   1|   0|    1|          0|
    |empty_524_reg_448                 |  64|   0|   64|          0|
    |empty_527_reg_453                 |  53|   0|   53|          0|
    |empty_528_reg_458                 |  64|   0|   64|          0|
    |empty_535_reg_464                 |  64|   0|   64|          0|
    |exitcond479_reg_469               |   1|   0|    1|          0|
    |loop_index_i136_fu_74             |  64|   0|   64|          0|
    |p_cast726_cast_reg_437            |  35|   0|   64|         29|
    |p_cast727_cast_reg_432            |  35|   0|   56|         21|
    |zext_ln115_5_cast_reg_427         |  32|   0|   64|         32|
    +----------------------------------+----+----+-----+-----------+
    |Total                             | 418|   0|  500|         82|
    +----------------------------------+----+----+-----+-----------+



================================================================
== Interface
================================================================
* Summary: 
+-----------------+-----+-----+------------+--------------------+--------------+
|    RTL Ports    | Dir | Bits|  Protocol  |    Source Object   |    C Type    |
+-----------------+-----+-----+------------+--------------------+--------------+
|ap_clk           |   in|    1|  ap_ctrl_hs|  update_Pipeline_13|  return value|
|ap_rst           |   in|    1|  ap_ctrl_hs|  update_Pipeline_13|  return value|
|ap_start         |   in|    1|  ap_ctrl_hs|  update_Pipeline_13|  return value|
|ap_done          |  out|    1|  ap_ctrl_hs|  update_Pipeline_13|  return value|
|ap_idle          |  out|    1|  ap_ctrl_hs|  update_Pipeline_13|  return value|
|ap_ready         |  out|    1|  ap_ctrl_hs|  update_Pipeline_13|  return value|
|p_cast726        |   in|   35|     ap_none|           p_cast726|        scalar|
|solver_address0  |  out|   10|   ap_memory|              solver|         array|
|solver_ce0       |  out|    1|   ap_memory|              solver|         array|
|solver_we0       |  out|   56|   ap_memory|              solver|         array|
|solver_d0        |  out|  448|   ap_memory|              solver|         array|
|solver_q0        |   in|  448|   ap_memory|              solver|         array|
|p_cast727        |   in|   35|     ap_none|           p_cast727|        scalar|
|zext_ln115_5     |   in|   32|     ap_none|        zext_ln115_5|        scalar|
+-----------------+-----+-----+------------+--------------------+--------------+

